<?xml version="1.0" encoding="UTF-8"?>
<testsuite name="irods.test.test_resource_types.Test_Resource_Unixfilesystem-20240805213029" tests="87" file="irods/test/test_resource_types.py" time="920.530" timestamp="2024-08-05T21:45:49" failures="17" errors="0" skipped="15">
	<testcase classname="irods.test.test_resource_types.Test_Resource_Unixfilesystem" name="test_admin_local_iput_relative_physicalpath_into_server_bin" time="10.315" timestamp="2024-08-05T21:30:39" file="scripts/irods/test/test_resource_types.py" line="622">
		<system-out><![CDATA[ --- IrodsSession: icommand executed by [rods#tempZone] [iinit] --- 
Assert Command: iinit
Expecting STDOUT_SINGLELINE: ['']
  stdout:
    | WARNING: Error 25 disabling echo mode. Password will be displayed in plaintext.
    | Enter your current iRODS password:
  stderr:
    | 
Output found

 --- IrodsSession: icommand executed by [rods#tempZone] [iadmin modresc demoResc name origResc] --- 
Assert Command: iadmin modresc demoResc name origResc
Expecting STDOUT_SINGLELINE: ['rename']
  stdout:
    | If you modify a resource name, you and other users will need to
    | change your irods_environment.json files to use it, you may need to update
    | server_config.json and, if rules use the resource name, you'll need to
    | update the core rules (core.re).  This command will update various
    | tables with the new name.
    | Do you really want to modify the resource name? (enter y or yes to do so):OK, performing the resource rename
  stderr:
    | 
Output found

 --- IrodsSession: icommand executed by [rods#tempZone] [iadmin mkresc demoResc 'unixfilesystem' d7680432ccfd:/var/lib/irods/demoRescVault] --- 
Assert Command: iadmin mkresc demoResc 'unixfilesystem' d7680432ccfd:/var/lib/irods/demoRescVault
Expecting STDOUT_SINGLELINE: ['unixfilesystem']
  stdout:
    | Creating resource:
    | Name:		"demoResc"
    | Type:		"unixfilesystem"
    | Host:		"d7680432ccfd"
    | Path:		"/var/lib/irods/demoRescVault"
    | Context:	""
  stderr:
    | 
Output found

 --- IrodsSession: icommand executed by [rods#tempZone] [iinit] --- 
Assert Command: iinit
Expecting STDOUT_SINGLELINE: ['']
  stdout:
    | WARNING: Error 25 disabling echo mode. Password will be displayed in plaintext.
    | Enter your current iRODS password:
  stderr:
    | 
Output found

 --- IrodsSession: icommand executed by [rods#tempZone] [iinit] --- 
Assert Command: iinit
Expecting STDOUT_SINGLELINE: ['']
  stdout:
    | WARNING: Error 25 disabling echo mode. Password will be displayed in plaintext.
    | Enter your current iRODS password:
  stderr:
    | 
Output found

 --- IrodsSession: icommand executed by [rods#tempZone] [iadmin mkuser otherrods rodsadmin] --- 
Assert Command: iadmin mkuser otherrods rodsadmin
Expecting EMPTY: ['']
  stdout:
    | 
  stderr:
    | 
Output found

 --- IrodsSession: icommand executed by [rods#tempZone] [iadmin moduser otherrods password rods] --- 
Assert Command: iadmin moduser otherrods password rods
Expecting EMPTY: ['']
  stdout:
    | 
  stderr:
    | 
Output found

 --- IrodsSession: icommand executed by [otherrods#tempZone] [iinit] --- 
Assert Command: iinit
Expecting STDOUT_SINGLELINE: ['']
  stdout:
    | WARNING: Error 25 disabling echo mode. Password will be displayed in plaintext.
    | Enter your current iRODS password:
  stderr:
    | 
Output found

 --- IrodsSession: icommand executed by [otherrods#tempZone] [imkdir /tempZone/home/otherrods/2024-08-05Z21:30:30--irods-testing-xnfv5vgo] --- 
Assert Command: imkdir /tempZone/home/otherrods/2024-08-05Z21:30:30--irods-testing-xnfv5vgo
Expecting EMPTY: ['']
  stdout:
    | 
  stderr:
    | 
Output found

 --- IrodsSession: icommand executed by [otherrods#tempZone] [icd /tempZone/home/otherrods/2024-08-05Z21:30:30--irods-testing-xnfv5vgo] --- 
Assert Command: icd /tempZone/home/otherrods/2024-08-05Z21:30:30--irods-testing-xnfv5vgo
Expecting EMPTY: ['']
  stdout:
    | 
  stderr:
    | 
Output found

 --- IrodsSession: icommand executed by [rods#tempZone] [iinit] --- 
Assert Command: iinit
Expecting STDOUT_SINGLELINE: ['']
  stdout:
    | WARNING: Error 25 disabling echo mode. Password will be displayed in plaintext.
    | Enter your current iRODS password:
  stderr:
    | 
Output found

 --- IrodsSession: icommand executed by [rods#tempZone] [iadmin mkuser alice rodsuser] --- 
Assert Command: iadmin mkuser alice rodsuser
Expecting EMPTY: ['']
  stdout:
    | 
  stderr:
    | 
Output found

 --- IrodsSession: icommand executed by [rods#tempZone] [iadmin moduser alice password apass] --- 
Assert Command: iadmin moduser alice password apass
Expecting EMPTY: ['']
  stdout:
    | 
  stderr:
    | 
Output found

 --- IrodsSession: icommand executed by [alice#tempZone] [iinit] --- 
Assert Command: iinit
Expecting STDOUT_SINGLELINE: ['']
  stdout:
    | WARNING: Error 25 disabling echo mode. Password will be displayed in plaintext.
    | Enter your current iRODS password:
  stderr:
    | 
Output found

 --- IrodsSession: icommand executed by [alice#tempZone] [imkdir /tempZone/home/alice/2024-08-05Z21:30:31--irods-testing-gc_9_zxp] --- 
Assert Command: imkdir /tempZone/home/alice/2024-08-05Z21:30:31--irods-testing-gc_9_zxp
Expecting EMPTY: ['']
  stdout:
    | 
  stderr:
    | 
Output found

 --- IrodsSession: icommand executed by [alice#tempZone] [icd /tempZone/home/alice/2024-08-05Z21:30:31--irods-testing-gc_9_zxp] --- 
Assert Command: icd /tempZone/home/alice/2024-08-05Z21:30:31--irods-testing-gc_9_zxp
Expecting EMPTY: ['']
  stdout:
    | 
  stderr:
    | 
Output found

 --- IrodsSession: icommand executed by [rods#tempZone] [iinit] --- 
Assert Command: iinit
Expecting STDOUT_SINGLELINE: ['']
  stdout:
    | WARNING: Error 25 disabling echo mode. Password will be displayed in plaintext.
    | Enter your current iRODS password:
  stderr:
    | 
Output found

 --- IrodsSession: icommand executed by [rods#tempZone] [iadmin mkuser bobby rodsuser] --- 
Assert Command: iadmin mkuser bobby rodsuser
Expecting EMPTY: ['']
  stdout:
    | 
  stderr:
    | 
Output found

 --- IrodsSession: icommand executed by [rods#tempZone] [iadmin moduser bobby password bpass] --- 
Assert Command: iadmin moduser bobby password bpass
Expecting EMPTY: ['']
  stdout:
    | 
  stderr:
    | 
Output found

 --- IrodsSession: icommand executed by [bobby#tempZone] [iinit] --- 
Assert Command: iinit
Expecting STDOUT_SINGLELINE: ['']
  stdout:
    | WARNING: Error 25 disabling echo mode. Password will be displayed in plaintext.
    | Enter your current iRODS password:
  stderr:
    | 
Output found

 --- IrodsSession: icommand executed by [bobby#tempZone] [imkdir /tempZone/home/bobby/2024-08-05Z21:30:33--irods-testing-ih4piehp] --- 
Assert Command: imkdir /tempZone/home/bobby/2024-08-05Z21:30:33--irods-testing-ih4piehp
Expecting EMPTY: ['']
  stdout:
    | 
  stderr:
    | 
Output found

 --- IrodsSession: icommand executed by [bobby#tempZone] [icd /tempZone/home/bobby/2024-08-05Z21:30:33--irods-testing-ih4piehp] --- 
Assert Command: icd /tempZone/home/bobby/2024-08-05Z21:30:33--irods-testing-ih4piehp
Expecting EMPTY: ['']
  stdout:
    | 
  stderr:
    | 
Output found

run_resource_setup - BEGIN
 --- IrodsSession: icommand executed by [otherrods#tempZone] [iadmin mkresc TestResc unixfilesystem d7680432ccfd:/tmp/irods/TestResc] --- 
Assert Command: iadmin mkresc TestResc unixfilesystem d7680432ccfd:/tmp/irods/TestResc
Expecting STDOUT_SINGLELINE: ['unixfilesystem']
  stdout:
    | Creating resource:
    | Name:		"TestResc"
    | Type:		"unixfilesystem"
    | Host:		"d7680432ccfd"
    | Path:		"/tmp/irods/TestResc"
    | Context:	""
  stderr:
    | 
Output found

 --- IrodsSession: icommand executed by [otherrods#tempZone] [iadmin mkresc AnotherResc unixfilesystem d7680432ccfd:/tmp/irods/AnotherResc] --- 
Assert Command: iadmin mkresc AnotherResc unixfilesystem d7680432ccfd:/tmp/irods/AnotherResc
Expecting STDOUT_SINGLELINE: ['unixfilesystem']
  stdout:
    | Creating resource:
    | Name:		"AnotherResc"
    | Type:		"unixfilesystem"
    | Host:		"d7680432ccfd"
    | Path:		"/tmp/irods/AnotherResc"
    | Context:	""
  stderr:
    | 
Output found

 --- IrodsSession: icommand executed by [otherrods#tempZone] [imkdir testdir] --- 
Assert Command: imkdir testdir
Expecting EMPTY: ['']
  stdout:
    | 
  stderr:
    | 
Output found

 --- IrodsSession: icommand executed by [otherrods#tempZone] [iput testfile.txt] --- 
Assert Command: iput testfile.txt
Expecting EMPTY: ['']
  stdout:
    | 
  stderr:
    | 
Output found

 --- IrodsSession: icommand executed by [otherrods#tempZone] [icp testfile.txt ../../public/] --- 
Assert Command: icp testfile.txt ../../public/
Expecting EMPTY: ['']
  stdout:
    | 
  stderr:
    | 
Output found

 --- IrodsSession: icommand executed by [otherrods#tempZone] [ichmod read alice ../../public/testfile.txt] --- 
Assert Command: ichmod read alice ../../public/testfile.txt
Expecting EMPTY: ['']
  stdout:
    | 
  stderr:
    | 
Output found

 --- IrodsSession: icommand executed by [otherrods#tempZone] [ichmod write bobby ../../public/testfile.txt] --- 
Assert Command: ichmod write bobby ../../public/testfile.txt
Expecting EMPTY: ['']
  stdout:
    | 
  stderr:
    | 
Output found

run_resource_setup - END
 --- IrodsSession: icommand executed by [otherrods#tempZone] [iput -p relativephysicalpath.txt newfile.txt] --- 
Assert Command: iput -p relativephysicalpath.txt newfile.txt
Expecting STDERR_SINGLELINE: ['absolute']
  stdout:
    | 
  stderr:
    | remote addresses: 10.201.24.5 ERROR: initCondForPut: physical path [relativephysicalpath.txt] must be absolute, not relative
Output found

run_resource_teardown - BEGIN
 --- IrodsSession: icommand executed by [otherrods#tempZone] [icd] --- 
 --- IrodsSession: icommand executed by [otherrods#tempZone] [irm testfile.txt ../public/testfile.txt] --- 
 --- IrodsSession: icommand executed by [otherrods#tempZone] [irm -rf ../../bundle] --- 
 --- IrodsSession: icommand executed by [rods#tempZone] [iinit] --- 
Assert Command: iinit
Expecting STDOUT_SINGLELINE: ['']
  stdout:
    | WARNING: Error 25 disabling echo mode. Password will be displayed in plaintext.
    | Enter your current iRODS password:
  stderr:
    | 
Output found

 --- IrodsSession: icommand executed by [otherrods#tempZone] [icd] --- 
Assert Command: icd
Expecting EMPTY: ['']
  stdout:
    | 
  stderr:
    | 
Output found

 --- IrodsSession: icommand executed by [otherrods#tempZone] [irm -rf /tempZone/home/otherrods/2024-08-05Z21:30:30--irods-testing-xnfv5vgo] --- 
Assert Command: irm -rf /tempZone/home/otherrods/2024-08-05Z21:30:30--irods-testing-xnfv5vgo
Expecting EMPTY: ['']
  stdout:
    | 
  stderr:
    | 
Output found

 --- IrodsSession: icommand executed by [otherrods#tempZone] [irmtrash] --- 
Assert Command: irmtrash
Expecting EMPTY: ['']
  stdout:
    | 
  stderr:
    | 
Output found

 --- IrodsSession: icommand executed by [rods#tempZone] [iadmin rmuser otherrods] --- 
Assert Command: iadmin rmuser otherrods
Expecting EMPTY: ['']
  stdout:
    | 
  stderr:
    | 
Output found

 --- IrodsSession: icommand executed by [alice#tempZone] [icd] --- 
Assert Command: icd
Expecting EMPTY: ['']
  stdout:
    | 
  stderr:
    | 
Output found

 --- IrodsSession: icommand executed by [alice#tempZone] [irm -rf /tempZone/home/alice/2024-08-05Z21:30:31--irods-testing-gc_9_zxp] --- 
Assert Command: irm -rf /tempZone/home/alice/2024-08-05Z21:30:31--irods-testing-gc_9_zxp
Expecting EMPTY: ['']
  stdout:
    | 
  stderr:
    | 
Output found

 --- IrodsSession: icommand executed by [alice#tempZone] [irmtrash] --- 
Assert Command: irmtrash
Expecting EMPTY: ['']
  stdout:
    | 
  stderr:
    | 
Output found

 --- IrodsSession: icommand executed by [rods#tempZone] [iadmin rmuser alice] --- 
Assert Command: iadmin rmuser alice
Expecting EMPTY: ['']
  stdout:
    | 
  stderr:
    | 
Output found

 --- IrodsSession: icommand executed by [bobby#tempZone] [icd] --- 
Assert Command: icd
Expecting EMPTY: ['']
  stdout:
    | 
  stderr:
    | 
Output found

 --- IrodsSession: icommand executed by [bobby#tempZone] [irm -rf /tempZone/home/bobby/2024-08-05Z21:30:33--irods-testing-ih4piehp] --- 
Assert Command: irm -rf /tempZone/home/bobby/2024-08-05Z21:30:33--irods-testing-ih4piehp
Expecting EMPTY: ['']
  stdout:
    | 
  stderr:
    | 
Output found

 --- IrodsSession: icommand executed by [bobby#tempZone] [irmtrash] --- 
Assert Command: irmtrash
Expecting EMPTY: ['']
  stdout:
    | 
  stderr:
    | 
Output found

 --- IrodsSession: icommand executed by [rods#tempZone] [iadmin rmuser bobby] --- 
Assert Command: iadmin rmuser bobby
Expecting EMPTY: ['']
  stdout:
    | 
  stderr:
    | 
Output found

 --- IrodsSession: icommand executed by [rods#tempZone] [iinit] --- 
Assert Command: iinit
Expecting STDOUT_SINGLELINE: ['']
  stdout:
    | WARNING: Error 25 disabling echo mode. Password will be displayed in plaintext.
    | Enter your current iRODS password:
  stderr:
    | 
Output found

 --- IrodsSession: icommand executed by [rods#tempZone] [irmtrash -M] --- 
 --- IrodsSession: icommand executed by [rods#tempZone] [iadmin rmresc TestResc] --- 
 --- IrodsSession: icommand executed by [rods#tempZone] [iadmin rmresc AnotherResc] --- 
run_resource_teardown - END
 --- IrodsSession: icommand executed by [rods#tempZone] [iinit] --- 
Assert Command: iinit
Expecting STDOUT_SINGLELINE: ['']
  stdout:
    | WARNING: Error 25 disabling echo mode. Password will be displayed in plaintext.
    | Enter your current iRODS password:
  stderr:
    | 
Output found

 --- IrodsSession: icommand executed by [rods#tempZone] [iadmin rmresc demoResc] --- 
Assert Command: iadmin rmresc demoResc
Expecting EMPTY: ['']
  stdout:
    | 
  stderr:
    | 
Output found

 --- IrodsSession: icommand executed by [rods#tempZone] [iadmin modresc origResc name demoResc] --- 
Assert Command: iadmin modresc origResc name demoResc
Expecting STDOUT_SINGLELINE: ['rename']
  stdout:
    | If you modify a resource name, you and other users will need to
    | change your irods_environment.json files to use it, you may need to update
    | server_config.json and, if rules use the resource name, you'll need to
    | update the core rules (core.re).  This command will update various
    | tables with the new name.
    | Do you really want to modify the resource name? (enter y or yes to do so):OK, performing the resource rename
  stderr:
    | 
Output found

]]></system-out>
	</testcase>
	<testcase classname="irods.test.test_resource_types.Test_Resource_Unixfilesystem" name="test_attached_mode_default_setting_invalid_host__issue_4421" time="17.954" timestamp="2024-08-05T21:30:57" file="scripts/irods/test/test_resource_types.py" line="798">
		<system-out><![CDATA[ --- IrodsSession: icommand executed by [rods#tempZone] [iinit] --- 
Assert Command: iinit
Expecting STDOUT_SINGLELINE: ['']
  stdout:
    | WARNING: Error 25 disabling echo mode. Password will be displayed in plaintext.
    | Enter your current iRODS password:
  stderr:
    | 
Output found

 --- IrodsSession: icommand executed by [rods#tempZone] [iadmin modresc demoResc name origResc] --- 
Assert Command: iadmin modresc demoResc name origResc
Expecting STDOUT_SINGLELINE: ['rename']
  stdout:
    | If you modify a resource name, you and other users will need to
    | change your irods_environment.json files to use it, you may need to update
    | server_config.json and, if rules use the resource name, you'll need to
    | update the core rules (core.re).  This command will update various
    | tables with the new name.
    | Do you really want to modify the resource name? (enter y or yes to do so):OK, performing the resource rename
  stderr:
    | 
Output found

 --- IrodsSession: icommand executed by [rods#tempZone] [iadmin mkresc demoResc 'unixfilesystem' d7680432ccfd:/var/lib/irods/demoRescVault] --- 
Assert Command: iadmin mkresc demoResc 'unixfilesystem' d7680432ccfd:/var/lib/irods/demoRescVault
Expecting STDOUT_SINGLELINE: ['unixfilesystem']
  stdout:
    | Creating resource:
    | Name:		"demoResc"
    | Type:		"unixfilesystem"
    | Host:		"d7680432ccfd"
    | Path:		"/var/lib/irods/demoRescVault"
    | Context:	""
  stderr:
    | 
Output found

 --- IrodsSession: icommand executed by [rods#tempZone] [iinit] --- 
Assert Command: iinit
Expecting STDOUT_SINGLELINE: ['']
  stdout:
    | WARNING: Error 25 disabling echo mode. Password will be displayed in plaintext.
    | Enter your current iRODS password:
  stderr:
    | 
Output found

 --- IrodsSession: icommand executed by [rods#tempZone] [iinit] --- 
Assert Command: iinit
Expecting STDOUT_SINGLELINE: ['']
  stdout:
    | WARNING: Error 25 disabling echo mode. Password will be displayed in plaintext.
    | Enter your current iRODS password:
  stderr:
    | 
Output found

 --- IrodsSession: icommand executed by [rods#tempZone] [iadmin mkuser otherrods rodsadmin] --- 
Assert Command: iadmin mkuser otherrods rodsadmin
Expecting EMPTY: ['']
  stdout:
    | 
  stderr:
    | 
Output found

 --- IrodsSession: icommand executed by [rods#tempZone] [iadmin moduser otherrods password rods] --- 
Assert Command: iadmin moduser otherrods password rods
Expecting EMPTY: ['']
  stdout:
    | 
  stderr:
    | 
Output found

 --- IrodsSession: icommand executed by [otherrods#tempZone] [iinit] --- 
Assert Command: iinit
Expecting STDOUT_SINGLELINE: ['']
  stdout:
    | WARNING: Error 25 disabling echo mode. Password will be displayed in plaintext.
    | Enter your current iRODS password:
  stderr:
    | 
Output found

 --- IrodsSession: icommand executed by [otherrods#tempZone] [imkdir /tempZone/home/otherrods/2024-08-05Z21:30:40--irods-testing-_n48qj8b] --- 
Assert Command: imkdir /tempZone/home/otherrods/2024-08-05Z21:30:40--irods-testing-_n48qj8b
Expecting EMPTY: ['']
  stdout:
    | 
  stderr:
    | 
Output found

 --- IrodsSession: icommand executed by [otherrods#tempZone] [icd /tempZone/home/otherrods/2024-08-05Z21:30:40--irods-testing-_n48qj8b] --- 
Assert Command: icd /tempZone/home/otherrods/2024-08-05Z21:30:40--irods-testing-_n48qj8b
Expecting EMPTY: ['']
  stdout:
    | 
  stderr:
    | 
Output found

 --- IrodsSession: icommand executed by [rods#tempZone] [iinit] --- 
Assert Command: iinit
Expecting STDOUT_SINGLELINE: ['']
  stdout:
    | WARNING: Error 25 disabling echo mode. Password will be displayed in plaintext.
    | Enter your current iRODS password:
  stderr:
    | 
Output found

 --- IrodsSession: icommand executed by [rods#tempZone] [iadmin mkuser alice rodsuser] --- 
Assert Command: iadmin mkuser alice rodsuser
Expecting EMPTY: ['']
  stdout:
    | 
  stderr:
    | 
Output found

 --- IrodsSession: icommand executed by [rods#tempZone] [iadmin moduser alice password apass] --- 
Assert Command: iadmin moduser alice password apass
Expecting EMPTY: ['']
  stdout:
    | 
  stderr:
    | 
Output found

 --- IrodsSession: icommand executed by [alice#tempZone] [iinit] --- 
Assert Command: iinit
Expecting STDOUT_SINGLELINE: ['']
  stdout:
    | WARNING: Error 25 disabling echo mode. Password will be displayed in plaintext.
    | Enter your current iRODS password:
  stderr:
    | 
Output found

 --- IrodsSession: icommand executed by [alice#tempZone] [imkdir /tempZone/home/alice/2024-08-05Z21:30:42--irods-testing-qv8oasod] --- 
Assert Command: imkdir /tempZone/home/alice/2024-08-05Z21:30:42--irods-testing-qv8oasod
Expecting EMPTY: ['']
  stdout:
    | 
  stderr:
    | 
Output found

 --- IrodsSession: icommand executed by [alice#tempZone] [icd /tempZone/home/alice/2024-08-05Z21:30:42--irods-testing-qv8oasod] --- 
Assert Command: icd /tempZone/home/alice/2024-08-05Z21:30:42--irods-testing-qv8oasod
Expecting EMPTY: ['']
  stdout:
    | 
  stderr:
    | 
Output found

 --- IrodsSession: icommand executed by [rods#tempZone] [iinit] --- 
Assert Command: iinit
Expecting STDOUT_SINGLELINE: ['']
  stdout:
    | WARNING: Error 25 disabling echo mode. Password will be displayed in plaintext.
    | Enter your current iRODS password:
  stderr:
    | 
Output found

 --- IrodsSession: icommand executed by [rods#tempZone] [iadmin mkuser bobby rodsuser] --- 
Assert Command: iadmin mkuser bobby rodsuser
Expecting EMPTY: ['']
  stdout:
    | 
  stderr:
    | 
Output found

 --- IrodsSession: icommand executed by [rods#tempZone] [iadmin moduser bobby password bpass] --- 
Assert Command: iadmin moduser bobby password bpass
Expecting EMPTY: ['']
  stdout:
    | 
  stderr:
    | 
Output found

 --- IrodsSession: icommand executed by [bobby#tempZone] [iinit] --- 
Assert Command: iinit
Expecting STDOUT_SINGLELINE: ['']
  stdout:
    | WARNING: Error 25 disabling echo mode. Password will be displayed in plaintext.
    | Enter your current iRODS password:
  stderr:
    | 
Output found

 --- IrodsSession: icommand executed by [bobby#tempZone] [imkdir /tempZone/home/bobby/2024-08-05Z21:30:43--irods-testing-kvzuqwd2] --- 
Assert Command: imkdir /tempZone/home/bobby/2024-08-05Z21:30:43--irods-testing-kvzuqwd2
Expecting EMPTY: ['']
  stdout:
    | 
  stderr:
    | 
Output found

 --- IrodsSession: icommand executed by [bobby#tempZone] [icd /tempZone/home/bobby/2024-08-05Z21:30:43--irods-testing-kvzuqwd2] --- 
Assert Command: icd /tempZone/home/bobby/2024-08-05Z21:30:43--irods-testing-kvzuqwd2
Expecting EMPTY: ['']
  stdout:
    | 
  stderr:
    | 
Output found

run_resource_setup - BEGIN
 --- IrodsSession: icommand executed by [otherrods#tempZone] [iadmin mkresc TestResc unixfilesystem d7680432ccfd:/tmp/irods/TestResc] --- 
Assert Command: iadmin mkresc TestResc unixfilesystem d7680432ccfd:/tmp/irods/TestResc
Expecting STDOUT_SINGLELINE: ['unixfilesystem']
  stdout:
    | Creating resource:
    | Name:		"TestResc"
    | Type:		"unixfilesystem"
    | Host:		"d7680432ccfd"
    | Path:		"/tmp/irods/TestResc"
    | Context:	""
  stderr:
    | 
Output found

 --- IrodsSession: icommand executed by [otherrods#tempZone] [iadmin mkresc AnotherResc unixfilesystem d7680432ccfd:/tmp/irods/AnotherResc] --- 
Assert Command: iadmin mkresc AnotherResc unixfilesystem d7680432ccfd:/tmp/irods/AnotherResc
Expecting STDOUT_SINGLELINE: ['unixfilesystem']
  stdout:
    | Creating resource:
    | Name:		"AnotherResc"
    | Type:		"unixfilesystem"
    | Host:		"d7680432ccfd"
    | Path:		"/tmp/irods/AnotherResc"
    | Context:	""
  stderr:
    | 
Output found

 --- IrodsSession: icommand executed by [otherrods#tempZone] [imkdir testdir] --- 
Assert Command: imkdir testdir
Expecting EMPTY: ['']
  stdout:
    | 
  stderr:
    | 
Output found

 --- IrodsSession: icommand executed by [otherrods#tempZone] [iput testfile.txt] --- 
Assert Command: iput testfile.txt
Expecting EMPTY: ['']
  stdout:
    | 
  stderr:
    | 
Output found

 --- IrodsSession: icommand executed by [otherrods#tempZone] [icp testfile.txt ../../public/] --- 
Assert Command: icp testfile.txt ../../public/
Expecting EMPTY: ['']
  stdout:
    | 
  stderr:
    | 
Output found

 --- IrodsSession: icommand executed by [otherrods#tempZone] [ichmod read alice ../../public/testfile.txt] --- 
Assert Command: ichmod read alice ../../public/testfile.txt
Expecting EMPTY: ['']
  stdout:
    | 
  stderr:
    | 
Output found

 --- IrodsSession: icommand executed by [otherrods#tempZone] [ichmod write bobby ../../public/testfile.txt] --- 
Assert Command: ichmod write bobby ../../public/testfile.txt
Expecting EMPTY: ['']
  stdout:
    | 
  stderr:
    | 
Output found

run_resource_setup - END
 --- IrodsSession: icommand executed by [otherrods#tempZone] [iadmin mkresc attached_resource unixfilesystem irods.org:/tmp/irods-testing-_n48qj8b/attached_resource_vault] --- 
Assert Command: iadmin mkresc attached_resource unixfilesystem irods.org:/tmp/irods-testing-_n48qj8b/attached_resource_vault
Expecting STDOUT: ['attached_resource']
  stdout:
    | Creating resource:
    | Name:		"attached_resource"
    | Type:		"unixfilesystem"
    | Host:		"irods.org"
    | Path:		"/tmp/irods-testing-_n48qj8b/attached_resource_vault"
    | Context:	""
  stderr:
    | 
Output found

 --- IrodsSession: icommand executed by [otherrods#tempZone] [iput -R attached_resource f1] --- 
Assert Command: iput -R attached_resource f1
Expecting STDERR: ['USER_SOCK_CONNECT_ERR']
  stdout:
    | 
  stderr:
    | remote addresses: 10.201.24.5 ERROR: putUtil: put error for /tempZone/home/otherrods/2024-08-05Z21:30:40--irods-testing-_n48qj8b/f1, status = -305113 status = -305113 USER_SOCK_CONNECT_ERR, No route to host
Output found

 --- IrodsSession: icommand executed by [otherrods#tempZone] [ils -L f1] --- 
Assert Command: ils -L f1
Expecting STDERR_SINGLELINE: ['does not exist']
  stdout:
    | 
  stderr:
    | remote addresses: 10.201.24.5 ERROR: lsUtil: srcPath /tempZone/home/otherrods/2024-08-05Z21:30:40--irods-testing-_n48qj8b/f1 does not exist or user lacks access permission
Output found

 --- IrodsSession: icommand executed by [otherrods#tempZone] [iadmin rmresc attached_resource] --- 
Assert Command: iadmin rmresc attached_resource
Expecting EMPTY: ['']
  stdout:
    | 
  stderr:
    | 
Output found

run_resource_teardown - BEGIN
 --- IrodsSession: icommand executed by [otherrods#tempZone] [icd] --- 
 --- IrodsSession: icommand executed by [otherrods#tempZone] [irm testfile.txt ../public/testfile.txt] --- 
 --- IrodsSession: icommand executed by [otherrods#tempZone] [irm -rf ../../bundle] --- 
 --- IrodsSession: icommand executed by [rods#tempZone] [iinit] --- 
Assert Command: iinit
Expecting STDOUT_SINGLELINE: ['']
  stdout:
    | WARNING: Error 25 disabling echo mode. Password will be displayed in plaintext.
    | Enter your current iRODS password:
  stderr:
    | 
Output found

 --- IrodsSession: icommand executed by [otherrods#tempZone] [icd] --- 
Assert Command: icd
Expecting EMPTY: ['']
  stdout:
    | 
  stderr:
    | 
Output found

 --- IrodsSession: icommand executed by [otherrods#tempZone] [irm -rf /tempZone/home/otherrods/2024-08-05Z21:30:40--irods-testing-_n48qj8b] --- 
Assert Command: irm -rf /tempZone/home/otherrods/2024-08-05Z21:30:40--irods-testing-_n48qj8b
Expecting EMPTY: ['']
  stdout:
    | 
  stderr:
    | 
Output found

 --- IrodsSession: icommand executed by [otherrods#tempZone] [irmtrash] --- 
Assert Command: irmtrash
Expecting EMPTY: ['']
  stdout:
    | 
  stderr:
    | 
Output found

 --- IrodsSession: icommand executed by [rods#tempZone] [iadmin rmuser otherrods] --- 
Assert Command: iadmin rmuser otherrods
Expecting EMPTY: ['']
  stdout:
    | 
  stderr:
    | 
Output found

 --- IrodsSession: icommand executed by [alice#tempZone] [icd] --- 
Assert Command: icd
Expecting EMPTY: ['']
  stdout:
    | 
  stderr:
    | 
Output found

 --- IrodsSession: icommand executed by [alice#tempZone] [irm -rf /tempZone/home/alice/2024-08-05Z21:30:42--irods-testing-qv8oasod] --- 
Assert Command: irm -rf /tempZone/home/alice/2024-08-05Z21:30:42--irods-testing-qv8oasod
Expecting EMPTY: ['']
  stdout:
    | 
  stderr:
    | 
Output found

 --- IrodsSession: icommand executed by [alice#tempZone] [irmtrash] --- 
Assert Command: irmtrash
Expecting EMPTY: ['']
  stdout:
    | 
  stderr:
    | 
Output found

 --- IrodsSession: icommand executed by [rods#tempZone] [iadmin rmuser alice] --- 
Assert Command: iadmin rmuser alice
Expecting EMPTY: ['']
  stdout:
    | 
  stderr:
    | 
Output found

 --- IrodsSession: icommand executed by [bobby#tempZone] [icd] --- 
Assert Command: icd
Expecting EMPTY: ['']
  stdout:
    | 
  stderr:
    | 
Output found

 --- IrodsSession: icommand executed by [bobby#tempZone] [irm -rf /tempZone/home/bobby/2024-08-05Z21:30:43--irods-testing-kvzuqwd2] --- 
Assert Command: irm -rf /tempZone/home/bobby/2024-08-05Z21:30:43--irods-testing-kvzuqwd2
Expecting EMPTY: ['']
  stdout:
    | 
  stderr:
    | 
Output found

 --- IrodsSession: icommand executed by [bobby#tempZone] [irmtrash] --- 
Assert Command: irmtrash
Expecting EMPTY: ['']
  stdout:
    | 
  stderr:
    | 
Output found

 --- IrodsSession: icommand executed by [rods#tempZone] [iadmin rmuser bobby] --- 
Assert Command: iadmin rmuser bobby
Expecting EMPTY: ['']
  stdout:
    | 
  stderr:
    | 
Output found

 --- IrodsSession: icommand executed by [rods#tempZone] [iinit] --- 
Assert Command: iinit
Expecting STDOUT_SINGLELINE: ['']
  stdout:
    | WARNING: Error 25 disabling echo mode. Password will be displayed in plaintext.
    | Enter your current iRODS password:
  stderr:
    | 
Output found

 --- IrodsSession: icommand executed by [rods#tempZone] [irmtrash -M] --- 
 --- IrodsSession: icommand executed by [rods#tempZone] [iadmin rmresc TestResc] --- 
 --- IrodsSession: icommand executed by [rods#tempZone] [iadmin rmresc AnotherResc] --- 
run_resource_teardown - END
 --- IrodsSession: icommand executed by [rods#tempZone] [iinit] --- 
Assert Command: iinit
Expecting STDOUT_SINGLELINE: ['']
  stdout:
    | WARNING: Error 25 disabling echo mode. Password will be displayed in plaintext.
    | Enter your current iRODS password:
  stderr:
    | 
Output found

 --- IrodsSession: icommand executed by [rods#tempZone] [iadmin rmresc demoResc] --- 
Assert Command: iadmin rmresc demoResc
Expecting EMPTY: ['']
  stdout:
    | 
  stderr:
    | 
Output found

 --- IrodsSession: icommand executed by [rods#tempZone] [iadmin modresc origResc name demoResc] --- 
Assert Command: iadmin modresc origResc name demoResc
Expecting STDOUT_SINGLELINE: ['rename']
  stdout:
    | If you modify a resource name, you and other users will need to
    | change your irods_environment.json files to use it, you may need to update
    | server_config.json and, if rules use the resource name, you'll need to
    | update the core rules (core.re).  This command will update various
    | tables with the new name.
    | Do you really want to modify the resource name? (enter y or yes to do so):OK, performing the resource rename
  stderr:
    | 
Output found

]]></system-out>
	</testcase>
	<testcase classname="irods.test.test_resource_types.Test_Resource_Unixfilesystem" name="test_attached_mode_explicit_setting_invalid_host__issue_4421" time="11.109" timestamp="2024-08-05T21:31:08" file="scripts/irods/test/test_resource_types.py" line="819">
		<system-out><![CDATA[ --- IrodsSession: icommand executed by [rods#tempZone] [iinit] --- 
Assert Command: iinit
Expecting STDOUT_SINGLELINE: ['']
  stdout:
    | WARNING: Error 25 disabling echo mode. Password will be displayed in plaintext.
    | Enter your current iRODS password:
  stderr:
    | 
Output found

 --- IrodsSession: icommand executed by [rods#tempZone] [iadmin modresc demoResc name origResc] --- 
Assert Command: iadmin modresc demoResc name origResc
Expecting STDOUT_SINGLELINE: ['rename']
  stdout:
    | If you modify a resource name, you and other users will need to
    | change your irods_environment.json files to use it, you may need to update
    | server_config.json and, if rules use the resource name, you'll need to
    | update the core rules (core.re).  This command will update various
    | tables with the new name.
    | Do you really want to modify the resource name? (enter y or yes to do so):OK, performing the resource rename
  stderr:
    | 
Output found

 --- IrodsSession: icommand executed by [rods#tempZone] [iadmin mkresc demoResc 'unixfilesystem' d7680432ccfd:/var/lib/irods/demoRescVault] --- 
Assert Command: iadmin mkresc demoResc 'unixfilesystem' d7680432ccfd:/var/lib/irods/demoRescVault
Expecting STDOUT_SINGLELINE: ['unixfilesystem']
  stdout:
    | Creating resource:
    | Name:		"demoResc"
    | Type:		"unixfilesystem"
    | Host:		"d7680432ccfd"
    | Path:		"/var/lib/irods/demoRescVault"
    | Context:	""
  stderr:
    | 
Output found

 --- IrodsSession: icommand executed by [rods#tempZone] [iinit] --- 
Assert Command: iinit
Expecting STDOUT_SINGLELINE: ['']
  stdout:
    | WARNING: Error 25 disabling echo mode. Password will be displayed in plaintext.
    | Enter your current iRODS password:
  stderr:
    | 
Output found

 --- IrodsSession: icommand executed by [rods#tempZone] [iinit] --- 
Assert Command: iinit
Expecting STDOUT_SINGLELINE: ['']
  stdout:
    | WARNING: Error 25 disabling echo mode. Password will be displayed in plaintext.
    | Enter your current iRODS password:
  stderr:
    | 
Output found

 --- IrodsSession: icommand executed by [rods#tempZone] [iadmin mkuser otherrods rodsadmin] --- 
Assert Command: iadmin mkuser otherrods rodsadmin
Expecting EMPTY: ['']
  stdout:
    | 
  stderr:
    | 
Output found

 --- IrodsSession: icommand executed by [rods#tempZone] [iadmin moduser otherrods password rods] --- 
Assert Command: iadmin moduser otherrods password rods
Expecting EMPTY: ['']
  stdout:
    | 
  stderr:
    | 
Output found

 --- IrodsSession: icommand executed by [otherrods#tempZone] [iinit] --- 
Assert Command: iinit
Expecting STDOUT_SINGLELINE: ['']
  stdout:
    | WARNING: Error 25 disabling echo mode. Password will be displayed in plaintext.
    | Enter your current iRODS password:
  stderr:
    | 
Output found

 --- IrodsSession: icommand executed by [otherrods#tempZone] [imkdir /tempZone/home/otherrods/2024-08-05Z21:30:58--irods-testing-u49nv6md] --- 
Assert Command: imkdir /tempZone/home/otherrods/2024-08-05Z21:30:58--irods-testing-u49nv6md
Expecting EMPTY: ['']
  stdout:
    | 
  stderr:
    | 
Output found

 --- IrodsSession: icommand executed by [otherrods#tempZone] [icd /tempZone/home/otherrods/2024-08-05Z21:30:58--irods-testing-u49nv6md] --- 
Assert Command: icd /tempZone/home/otherrods/2024-08-05Z21:30:58--irods-testing-u49nv6md
Expecting EMPTY: ['']
  stdout:
    | 
  stderr:
    | 
Output found

 --- IrodsSession: icommand executed by [rods#tempZone] [iinit] --- 
Assert Command: iinit
Expecting STDOUT_SINGLELINE: ['']
  stdout:
    | WARNING: Error 25 disabling echo mode. Password will be displayed in plaintext.
    | Enter your current iRODS password:
  stderr:
    | 
Output found

 --- IrodsSession: icommand executed by [rods#tempZone] [iadmin mkuser alice rodsuser] --- 
Assert Command: iadmin mkuser alice rodsuser
Expecting EMPTY: ['']
  stdout:
    | 
  stderr:
    | 
Output found

 --- IrodsSession: icommand executed by [rods#tempZone] [iadmin moduser alice password apass] --- 
Assert Command: iadmin moduser alice password apass
Expecting EMPTY: ['']
  stdout:
    | 
  stderr:
    | 
Output found

 --- IrodsSession: icommand executed by [alice#tempZone] [iinit] --- 
Assert Command: iinit
Expecting STDOUT_SINGLELINE: ['']
  stdout:
    | WARNING: Error 25 disabling echo mode. Password will be displayed in plaintext.
    | Enter your current iRODS password:
  stderr:
    | 
Output found

 --- IrodsSession: icommand executed by [alice#tempZone] [imkdir /tempZone/home/alice/2024-08-05Z21:31:00--irods-testing-15vpxdi0] --- 
Assert Command: imkdir /tempZone/home/alice/2024-08-05Z21:31:00--irods-testing-15vpxdi0
Expecting EMPTY: ['']
  stdout:
    | 
  stderr:
    | 
Output found

 --- IrodsSession: icommand executed by [alice#tempZone] [icd /tempZone/home/alice/2024-08-05Z21:31:00--irods-testing-15vpxdi0] --- 
Assert Command: icd /tempZone/home/alice/2024-08-05Z21:31:00--irods-testing-15vpxdi0
Expecting EMPTY: ['']
  stdout:
    | 
  stderr:
    | 
Output found

 --- IrodsSession: icommand executed by [rods#tempZone] [iinit] --- 
Assert Command: iinit
Expecting STDOUT_SINGLELINE: ['']
  stdout:
    | WARNING: Error 25 disabling echo mode. Password will be displayed in plaintext.
    | Enter your current iRODS password:
  stderr:
    | 
Output found

 --- IrodsSession: icommand executed by [rods#tempZone] [iadmin mkuser bobby rodsuser] --- 
Assert Command: iadmin mkuser bobby rodsuser
Expecting EMPTY: ['']
  stdout:
    | 
  stderr:
    | 
Output found

 --- IrodsSession: icommand executed by [rods#tempZone] [iadmin moduser bobby password bpass] --- 
Assert Command: iadmin moduser bobby password bpass
Expecting EMPTY: ['']
  stdout:
    | 
  stderr:
    | 
Output found

 --- IrodsSession: icommand executed by [bobby#tempZone] [iinit] --- 
Assert Command: iinit
Expecting STDOUT_SINGLELINE: ['']
  stdout:
    | WARNING: Error 25 disabling echo mode. Password will be displayed in plaintext.
    | Enter your current iRODS password:
  stderr:
    | 
Output found

 --- IrodsSession: icommand executed by [bobby#tempZone] [imkdir /tempZone/home/bobby/2024-08-05Z21:31:01--irods-testing-egfa2eut] --- 
Assert Command: imkdir /tempZone/home/bobby/2024-08-05Z21:31:01--irods-testing-egfa2eut
Expecting EMPTY: ['']
  stdout:
    | 
  stderr:
    | 
Output found

 --- IrodsSession: icommand executed by [bobby#tempZone] [icd /tempZone/home/bobby/2024-08-05Z21:31:01--irods-testing-egfa2eut] --- 
Assert Command: icd /tempZone/home/bobby/2024-08-05Z21:31:01--irods-testing-egfa2eut
Expecting EMPTY: ['']
  stdout:
    | 
  stderr:
    | 
Output found

run_resource_setup - BEGIN
 --- IrodsSession: icommand executed by [otherrods#tempZone] [iadmin mkresc TestResc unixfilesystem d7680432ccfd:/tmp/irods/TestResc] --- 
Assert Command: iadmin mkresc TestResc unixfilesystem d7680432ccfd:/tmp/irods/TestResc
Expecting STDOUT_SINGLELINE: ['unixfilesystem']
  stdout:
    | Creating resource:
    | Name:		"TestResc"
    | Type:		"unixfilesystem"
    | Host:		"d7680432ccfd"
    | Path:		"/tmp/irods/TestResc"
    | Context:	""
  stderr:
    | 
Output found

 --- IrodsSession: icommand executed by [otherrods#tempZone] [iadmin mkresc AnotherResc unixfilesystem d7680432ccfd:/tmp/irods/AnotherResc] --- 
Assert Command: iadmin mkresc AnotherResc unixfilesystem d7680432ccfd:/tmp/irods/AnotherResc
Expecting STDOUT_SINGLELINE: ['unixfilesystem']
  stdout:
    | Creating resource:
    | Name:		"AnotherResc"
    | Type:		"unixfilesystem"
    | Host:		"d7680432ccfd"
    | Path:		"/tmp/irods/AnotherResc"
    | Context:	""
  stderr:
    | 
Output found

 --- IrodsSession: icommand executed by [otherrods#tempZone] [imkdir testdir] --- 
Assert Command: imkdir testdir
Expecting EMPTY: ['']
  stdout:
    | 
  stderr:
    | 
Output found

 --- IrodsSession: icommand executed by [otherrods#tempZone] [iput testfile.txt] --- 
Assert Command: iput testfile.txt
Expecting EMPTY: ['']
  stdout:
    | 
  stderr:
    | 
Output found

 --- IrodsSession: icommand executed by [otherrods#tempZone] [icp testfile.txt ../../public/] --- 
Assert Command: icp testfile.txt ../../public/
Expecting EMPTY: ['']
  stdout:
    | 
  stderr:
    | 
Output found

 --- IrodsSession: icommand executed by [otherrods#tempZone] [ichmod read alice ../../public/testfile.txt] --- 
Assert Command: ichmod read alice ../../public/testfile.txt
Expecting EMPTY: ['']
  stdout:
    | 
  stderr:
    | 
Output found

 --- IrodsSession: icommand executed by [otherrods#tempZone] [ichmod write bobby ../../public/testfile.txt] --- 
Assert Command: ichmod write bobby ../../public/testfile.txt
Expecting EMPTY: ['']
  stdout:
    | 
  stderr:
    | 
Output found

run_resource_setup - END
 --- IrodsSession: icommand executed by [otherrods#tempZone] [iadmin mkresc attached_resource unixfilesystem irods.org:/tmp/irods-testing-u49nv6md/attached_resource_vault] --- 
Assert Command: iadmin mkresc attached_resource unixfilesystem irods.org:/tmp/irods-testing-u49nv6md/attached_resource_vault
Expecting STDOUT: ['attached_resource']
  stdout:
    | Creating resource:
    | Name:		"attached_resource"
    | Type:		"unixfilesystem"
    | Host:		"irods.org"
    | Path:		"/tmp/irods-testing-u49nv6md/attached_resource_vault"
    | Context:	""
  stderr:
    | 
Output found

 --- IrodsSession: icommand executed by [otherrods#tempZone] [iadmin modresc attached_resource context host_mode=attached] --- 
Assert Command: iadmin modresc attached_resource context host_mode=attached
Expecting EMPTY: ['']
  stdout:
    | 
  stderr:
    | 
Output found

 --- IrodsSession: icommand executed by [otherrods#tempZone] [iput -R attached_resource f1] --- 
Assert Command: iput -R attached_resource f1
Expecting STDERR: ['USER_SOCK_CONNECT_ERR']
  stdout:
    | 
  stderr:
    | remote addresses: 10.201.24.5 ERROR: putUtil: put error for /tempZone/home/otherrods/2024-08-05Z21:30:58--irods-testing-u49nv6md/f1, status = -305113 status = -305113 USER_SOCK_CONNECT_ERR, No route to host
Output found

 --- IrodsSession: icommand executed by [otherrods#tempZone] [ils -L f1] --- 
Assert Command: ils -L f1
Expecting STDERR_SINGLELINE: ['does not exist']
  stdout:
    | 
  stderr:
    | remote addresses: 10.201.24.5 ERROR: lsUtil: srcPath /tempZone/home/otherrods/2024-08-05Z21:30:58--irods-testing-u49nv6md/f1 does not exist or user lacks access permission
Output found

 --- IrodsSession: icommand executed by [otherrods#tempZone] [iadmin rmresc attached_resource] --- 
Assert Command: iadmin rmresc attached_resource
Expecting EMPTY: ['']
  stdout:
    | 
  stderr:
    | 
Output found

run_resource_teardown - BEGIN
 --- IrodsSession: icommand executed by [otherrods#tempZone] [icd] --- 
 --- IrodsSession: icommand executed by [otherrods#tempZone] [irm testfile.txt ../public/testfile.txt] --- 
 --- IrodsSession: icommand executed by [otherrods#tempZone] [irm -rf ../../bundle] --- 
 --- IrodsSession: icommand executed by [rods#tempZone] [iinit] --- 
Assert Command: iinit
Expecting STDOUT_SINGLELINE: ['']
  stdout:
    | WARNING: Error 25 disabling echo mode. Password will be displayed in plaintext.
    | Enter your current iRODS password:
  stderr:
    | 
Output found

 --- IrodsSession: icommand executed by [otherrods#tempZone] [icd] --- 
Assert Command: icd
Expecting EMPTY: ['']
  stdout:
    | 
  stderr:
    | 
Output found

 --- IrodsSession: icommand executed by [otherrods#tempZone] [irm -rf /tempZone/home/otherrods/2024-08-05Z21:30:58--irods-testing-u49nv6md] --- 
Assert Command: irm -rf /tempZone/home/otherrods/2024-08-05Z21:30:58--irods-testing-u49nv6md
Expecting EMPTY: ['']
  stdout:
    | 
  stderr:
    | 
Output found

 --- IrodsSession: icommand executed by [otherrods#tempZone] [irmtrash] --- 
Assert Command: irmtrash
Expecting EMPTY: ['']
  stdout:
    | 
  stderr:
    | 
Output found

 --- IrodsSession: icommand executed by [rods#tempZone] [iadmin rmuser otherrods] --- 
Assert Command: iadmin rmuser otherrods
Expecting EMPTY: ['']
  stdout:
    | 
  stderr:
    | 
Output found

 --- IrodsSession: icommand executed by [alice#tempZone] [icd] --- 
Assert Command: icd
Expecting EMPTY: ['']
  stdout:
    | 
  stderr:
    | 
Output found

 --- IrodsSession: icommand executed by [alice#tempZone] [irm -rf /tempZone/home/alice/2024-08-05Z21:31:00--irods-testing-15vpxdi0] --- 
Assert Command: irm -rf /tempZone/home/alice/2024-08-05Z21:31:00--irods-testing-15vpxdi0
Expecting EMPTY: ['']
  stdout:
    | 
  stderr:
    | 
Output found

 --- IrodsSession: icommand executed by [alice#tempZone] [irmtrash] --- 
Assert Command: irmtrash
Expecting EMPTY: ['']
  stdout:
    | 
  stderr:
    | 
Output found

 --- IrodsSession: icommand executed by [rods#tempZone] [iadmin rmuser alice] --- 
Assert Command: iadmin rmuser alice
Expecting EMPTY: ['']
  stdout:
    | 
  stderr:
    | 
Output found

 --- IrodsSession: icommand executed by [bobby#tempZone] [icd] --- 
Assert Command: icd
Expecting EMPTY: ['']
  stdout:
    | 
  stderr:
    | 
Output found

 --- IrodsSession: icommand executed by [bobby#tempZone] [irm -rf /tempZone/home/bobby/2024-08-05Z21:31:01--irods-testing-egfa2eut] --- 
Assert Command: irm -rf /tempZone/home/bobby/2024-08-05Z21:31:01--irods-testing-egfa2eut
Expecting EMPTY: ['']
  stdout:
    | 
  stderr:
    | 
Output found

 --- IrodsSession: icommand executed by [bobby#tempZone] [irmtrash] --- 
Assert Command: irmtrash
Expecting EMPTY: ['']
  stdout:
    | 
  stderr:
    | 
Output found

 --- IrodsSession: icommand executed by [rods#tempZone] [iadmin rmuser bobby] --- 
Assert Command: iadmin rmuser bobby
Expecting EMPTY: ['']
  stdout:
    | 
  stderr:
    | 
Output found

 --- IrodsSession: icommand executed by [rods#tempZone] [iinit] --- 
Assert Command: iinit
Expecting STDOUT_SINGLELINE: ['']
  stdout:
    | WARNING: Error 25 disabling echo mode. Password will be displayed in plaintext.
    | Enter your current iRODS password:
  stderr:
    | 
Output found

 --- IrodsSession: icommand executed by [rods#tempZone] [irmtrash -M] --- 
 --- IrodsSession: icommand executed by [rods#tempZone] [iadmin rmresc TestResc] --- 
 --- IrodsSession: icommand executed by [rods#tempZone] [iadmin rmresc AnotherResc] --- 
run_resource_teardown - END
 --- IrodsSession: icommand executed by [rods#tempZone] [iinit] --- 
Assert Command: iinit
Expecting STDOUT_SINGLELINE: ['']
  stdout:
    | WARNING: Error 25 disabling echo mode. Password will be displayed in plaintext.
    | Enter your current iRODS password:
  stderr:
    | 
Output found

 --- IrodsSession: icommand executed by [rods#tempZone] [iadmin rmresc demoResc] --- 
Assert Command: iadmin rmresc demoResc
Expecting EMPTY: ['']
  stdout:
    | 
  stderr:
    | 
Output found

 --- IrodsSession: icommand executed by [rods#tempZone] [iadmin modresc origResc name demoResc] --- 
Assert Command: iadmin modresc origResc name demoResc
Expecting STDOUT_SINGLELINE: ['rename']
  stdout:
    | If you modify a resource name, you and other users will need to
    | change your irods_environment.json files to use it, you may need to update
    | server_config.json and, if rules use the resource name, you'll need to
    | update the core rules (core.re).  This command will update various
    | tables with the new name.
    | Do you really want to modify the resource name? (enter y or yes to do so):OK, performing the resource rename
  stderr:
    | 
Output found

]]></system-out>
	</testcase>
	<testcase classname="irods.test.test_resource_types.Test_Resource_Unixfilesystem" name="test_beginning_from_devtest" time="18.967" timestamp="2024-08-05T21:31:27" file="scripts/irods/test/test_resource_types.py" line="25">
		<system-out><![CDATA[ --- IrodsSession: icommand executed by [rods#tempZone] [iinit] --- 
Assert Command: iinit
Expecting STDOUT_SINGLELINE: ['']
  stdout:
    | WARNING: Error 25 disabling echo mode. Password will be displayed in plaintext.
    | Enter your current iRODS password:
  stderr:
    | 
Output found

 --- IrodsSession: icommand executed by [rods#tempZone] [iadmin modresc demoResc name origResc] --- 
Assert Command: iadmin modresc demoResc name origResc
Expecting STDOUT_SINGLELINE: ['rename']
  stdout:
    | If you modify a resource name, you and other users will need to
    | change your irods_environment.json files to use it, you may need to update
    | server_config.json and, if rules use the resource name, you'll need to
    | update the core rules (core.re).  This command will update various
    | tables with the new name.
    | Do you really want to modify the resource name? (enter y or yes to do so):OK, performing the resource rename
  stderr:
    | 
Output found

 --- IrodsSession: icommand executed by [rods#tempZone] [iadmin mkresc demoResc 'unixfilesystem' d7680432ccfd:/var/lib/irods/demoRescVault] --- 
Assert Command: iadmin mkresc demoResc 'unixfilesystem' d7680432ccfd:/var/lib/irods/demoRescVault
Expecting STDOUT_SINGLELINE: ['unixfilesystem']
  stdout:
    | Creating resource:
    | Name:		"demoResc"
    | Type:		"unixfilesystem"
    | Host:		"d7680432ccfd"
    | Path:		"/var/lib/irods/demoRescVault"
    | Context:	""
  stderr:
    | 
Output found

 --- IrodsSession: icommand executed by [rods#tempZone] [iinit] --- 
Assert Command: iinit
Expecting STDOUT_SINGLELINE: ['']
  stdout:
    | WARNING: Error 25 disabling echo mode. Password will be displayed in plaintext.
    | Enter your current iRODS password:
  stderr:
    | 
Output found

 --- IrodsSession: icommand executed by [rods#tempZone] [iinit] --- 
Assert Command: iinit
Expecting STDOUT_SINGLELINE: ['']
  stdout:
    | WARNING: Error 25 disabling echo mode. Password will be displayed in plaintext.
    | Enter your current iRODS password:
  stderr:
    | 
Output found

 --- IrodsSession: icommand executed by [rods#tempZone] [iadmin mkuser otherrods rodsadmin] --- 
Assert Command: iadmin mkuser otherrods rodsadmin
Expecting EMPTY: ['']
  stdout:
    | 
  stderr:
    | 
Output found

 --- IrodsSession: icommand executed by [rods#tempZone] [iadmin moduser otherrods password rods] --- 
Assert Command: iadmin moduser otherrods password rods
Expecting EMPTY: ['']
  stdout:
    | 
  stderr:
    | 
Output found

 --- IrodsSession: icommand executed by [otherrods#tempZone] [iinit] --- 
Assert Command: iinit
Expecting STDOUT_SINGLELINE: ['']
  stdout:
    | WARNING: Error 25 disabling echo mode. Password will be displayed in plaintext.
    | Enter your current iRODS password:
  stderr:
    | 
Output found

 --- IrodsSession: icommand executed by [otherrods#tempZone] [imkdir /tempZone/home/otherrods/2024-08-05Z21:31:09--irods-testing-rdc70b08] --- 
Assert Command: imkdir /tempZone/home/otherrods/2024-08-05Z21:31:09--irods-testing-rdc70b08
Expecting EMPTY: ['']
  stdout:
    | 
  stderr:
    | 
Output found

 --- IrodsSession: icommand executed by [otherrods#tempZone] [icd /tempZone/home/otherrods/2024-08-05Z21:31:09--irods-testing-rdc70b08] --- 
Assert Command: icd /tempZone/home/otherrods/2024-08-05Z21:31:09--irods-testing-rdc70b08
Expecting EMPTY: ['']
  stdout:
    | 
  stderr:
    | 
Output found

 --- IrodsSession: icommand executed by [rods#tempZone] [iinit] --- 
Assert Command: iinit
Expecting STDOUT_SINGLELINE: ['']
  stdout:
    | WARNING: Error 25 disabling echo mode. Password will be displayed in plaintext.
    | Enter your current iRODS password:
  stderr:
    | 
Output found

 --- IrodsSession: icommand executed by [rods#tempZone] [iadmin mkuser alice rodsuser] --- 
Assert Command: iadmin mkuser alice rodsuser
Expecting EMPTY: ['']
  stdout:
    | 
  stderr:
    | 
Output found

 --- IrodsSession: icommand executed by [rods#tempZone] [iadmin moduser alice password apass] --- 
Assert Command: iadmin moduser alice password apass
Expecting EMPTY: ['']
  stdout:
    | 
  stderr:
    | 
Output found

 --- IrodsSession: icommand executed by [alice#tempZone] [iinit] --- 
Assert Command: iinit
Expecting STDOUT_SINGLELINE: ['']
  stdout:
    | WARNING: Error 25 disabling echo mode. Password will be displayed in plaintext.
    | Enter your current iRODS password:
  stderr:
    | 
Output found

 --- IrodsSession: icommand executed by [alice#tempZone] [imkdir /tempZone/home/alice/2024-08-05Z21:31:11--irods-testing-rktq5p6y] --- 
Assert Command: imkdir /tempZone/home/alice/2024-08-05Z21:31:11--irods-testing-rktq5p6y
Expecting EMPTY: ['']
  stdout:
    | 
  stderr:
    | 
Output found

 --- IrodsSession: icommand executed by [alice#tempZone] [icd /tempZone/home/alice/2024-08-05Z21:31:11--irods-testing-rktq5p6y] --- 
Assert Command: icd /tempZone/home/alice/2024-08-05Z21:31:11--irods-testing-rktq5p6y
Expecting EMPTY: ['']
  stdout:
    | 
  stderr:
    | 
Output found

 --- IrodsSession: icommand executed by [rods#tempZone] [iinit] --- 
Assert Command: iinit
Expecting STDOUT_SINGLELINE: ['']
  stdout:
    | WARNING: Error 25 disabling echo mode. Password will be displayed in plaintext.
    | Enter your current iRODS password:
  stderr:
    | 
Output found

 --- IrodsSession: icommand executed by [rods#tempZone] [iadmin mkuser bobby rodsuser] --- 
Assert Command: iadmin mkuser bobby rodsuser
Expecting EMPTY: ['']
  stdout:
    | 
  stderr:
    | 
Output found

 --- IrodsSession: icommand executed by [rods#tempZone] [iadmin moduser bobby password bpass] --- 
Assert Command: iadmin moduser bobby password bpass
Expecting EMPTY: ['']
  stdout:
    | 
  stderr:
    | 
Output found

 --- IrodsSession: icommand executed by [bobby#tempZone] [iinit] --- 
Assert Command: iinit
Expecting STDOUT_SINGLELINE: ['']
  stdout:
    | WARNING: Error 25 disabling echo mode. Password will be displayed in plaintext.
    | Enter your current iRODS password:
  stderr:
    | 
Output found

 --- IrodsSession: icommand executed by [bobby#tempZone] [imkdir /tempZone/home/bobby/2024-08-05Z21:31:12--irods-testing-dpyt20q5] --- 
Assert Command: imkdir /tempZone/home/bobby/2024-08-05Z21:31:12--irods-testing-dpyt20q5
Expecting EMPTY: ['']
  stdout:
    | 
  stderr:
    | 
Output found

 --- IrodsSession: icommand executed by [bobby#tempZone] [icd /tempZone/home/bobby/2024-08-05Z21:31:12--irods-testing-dpyt20q5] --- 
Assert Command: icd /tempZone/home/bobby/2024-08-05Z21:31:12--irods-testing-dpyt20q5
Expecting EMPTY: ['']
  stdout:
    | 
  stderr:
    | 
Output found

run_resource_setup - BEGIN
 --- IrodsSession: icommand executed by [otherrods#tempZone] [iadmin mkresc TestResc unixfilesystem d7680432ccfd:/tmp/irods/TestResc] --- 
Assert Command: iadmin mkresc TestResc unixfilesystem d7680432ccfd:/tmp/irods/TestResc
Expecting STDOUT_SINGLELINE: ['unixfilesystem']
  stdout:
    | Creating resource:
    | Name:		"TestResc"
    | Type:		"unixfilesystem"
    | Host:		"d7680432ccfd"
    | Path:		"/tmp/irods/TestResc"
    | Context:	""
  stderr:
    | 
Output found

 --- IrodsSession: icommand executed by [otherrods#tempZone] [iadmin mkresc AnotherResc unixfilesystem d7680432ccfd:/tmp/irods/AnotherResc] --- 
Assert Command: iadmin mkresc AnotherResc unixfilesystem d7680432ccfd:/tmp/irods/AnotherResc
Expecting STDOUT_SINGLELINE: ['unixfilesystem']
  stdout:
    | Creating resource:
    | Name:		"AnotherResc"
    | Type:		"unixfilesystem"
    | Host:		"d7680432ccfd"
    | Path:		"/tmp/irods/AnotherResc"
    | Context:	""
  stderr:
    | 
Output found

 --- IrodsSession: icommand executed by [otherrods#tempZone] [imkdir testdir] --- 
Assert Command: imkdir testdir
Expecting EMPTY: ['']
  stdout:
    | 
  stderr:
    | 
Output found

 --- IrodsSession: icommand executed by [otherrods#tempZone] [iput testfile.txt] --- 
Assert Command: iput testfile.txt
Expecting EMPTY: ['']
  stdout:
    | 
  stderr:
    | 
Output found

 --- IrodsSession: icommand executed by [otherrods#tempZone] [icp testfile.txt ../../public/] --- 
Assert Command: icp testfile.txt ../../public/
Expecting EMPTY: ['']
  stdout:
    | 
  stderr:
    | 
Output found

 --- IrodsSession: icommand executed by [otherrods#tempZone] [ichmod read alice ../../public/testfile.txt] --- 
Assert Command: ichmod read alice ../../public/testfile.txt
Expecting EMPTY: ['']
  stdout:
    | 
  stderr:
    | 
Output found

 --- IrodsSession: icommand executed by [otherrods#tempZone] [ichmod write bobby ../../public/testfile.txt] --- 
Assert Command: ichmod write bobby ../../public/testfile.txt
Expecting EMPTY: ['']
  stdout:
    | 
  stderr:
    | 
Output found

run_resource_setup - END
 --- IrodsSession: icommand executed by [otherrods#tempZone] [imkdir /tempZone/home/otherrods/2024-08-05Z21:31:09--irods-testing-rdc70b08/icmdtest] --- 
Assert Command: imkdir /tempZone/home/otherrods/2024-08-05Z21:31:09--irods-testing-rdc70b08/icmdtest
Expecting EMPTY: ['']
  stdout:
    | 
  stderr:
    | 
Output found

 --- IrodsSession: icommand executed by [otherrods#tempZone] [iinit -l] --- 
Assert Command: iinit -l
Expecting STDOUT_SINGLELINE: ['otherrods']
  stdout:
    | irods_version - 4.3.3
    | irods_client_server_negotiation - request_server_negotiation
    | irods_client_server_policy - CS_NEG_REQUIRE
    | irods_host - d7680432ccfd
    | irods_cwd - /tempZone/home/otherrods/2024-08-05Z21:31:09--irods-testing-rdc70b08
    | irods_connection_pool_refresh_time_in_seconds - 300
    | irods_encryption_key_size - 32
    | irods_environment_file - /tmp/irods-testing-rdc70b08/irods_environment.json
    | irods_default_hash_scheme - SHA256
    | irods_default_number_of_transfer_threads - 4
    | irods_session_environment_file - /tmp/irods-testing-rdc70b08/irods_environment.json.cwd
    | irods_default_resource - demoResc
    | irods_encryption_algorithm - AES-256-CBC
    | irods_encryption_num_hash_rounds - 16
    | irods_ssl_ca_certificate_file - /etc/irods/server.crt
    | irods_encryption_salt_size - 8
    | irods_home - /tempZone/home/otherrods
    | irods_maximum_number_of_transfer_threads - 64
    | irods_port - 1247
    | irods_maximum_size_for_single_buffer_in_megabytes - 32
    | irods_ssl_verify_server - cert
    | irods_transfer_buffer_size_for_parallel_transfer_in_megabytes - 4
    | irods_user_name - otherrods
    | irods_zone_name - tempZone
  stderr:
    | 
Output found

 --- IrodsSession: icommand executed by [otherrods#tempZone] [iinit -l] --- 
Assert Command: iinit -l
Expecting STDOUT_SINGLELINE: ['tempZone']
  stdout:
    | irods_version - 4.3.3
    | irods_client_server_negotiation - request_server_negotiation
    | irods_client_server_policy - CS_NEG_REQUIRE
    | irods_host - d7680432ccfd
    | irods_cwd - /tempZone/home/otherrods/2024-08-05Z21:31:09--irods-testing-rdc70b08
    | irods_connection_pool_refresh_time_in_seconds - 300
    | irods_encryption_key_size - 32
    | irods_environment_file - /tmp/irods-testing-rdc70b08/irods_environment.json
    | irods_default_hash_scheme - SHA256
    | irods_default_number_of_transfer_threads - 4
    | irods_session_environment_file - /tmp/irods-testing-rdc70b08/irods_environment.json.cwd
    | irods_default_resource - demoResc
    | irods_encryption_algorithm - AES-256-CBC
    | irods_encryption_num_hash_rounds - 16
    | irods_ssl_ca_certificate_file - /etc/irods/server.crt
    | irods_encryption_salt_size - 8
    | irods_home - /tempZone/home/otherrods
    | irods_maximum_number_of_transfer_threads - 64
    | irods_port - 1247
    | irods_maximum_size_for_single_buffer_in_megabytes - 32
    | irods_ssl_verify_server - cert
    | irods_transfer_buffer_size_for_parallel_transfer_in_megabytes - 4
    | irods_user_name - otherrods
    | irods_zone_name - tempZone
  stderr:
    | 
Output found

 --- IrodsSession: icommand executed by [otherrods#tempZone] [iinit -l] --- 
Assert Command: iinit -l
Expecting STDOUT_SINGLELINE: ['demoResc']
  stdout:
    | irods_version - 4.3.3
    | irods_client_server_negotiation - request_server_negotiation
    | irods_client_server_policy - CS_NEG_REQUIRE
    | irods_host - d7680432ccfd
    | irods_cwd - /tempZone/home/otherrods/2024-08-05Z21:31:09--irods-testing-rdc70b08
    | irods_connection_pool_refresh_time_in_seconds - 300
    | irods_encryption_key_size - 32
    | irods_environment_file - /tmp/irods-testing-rdc70b08/irods_environment.json
    | irods_default_hash_scheme - SHA256
    | irods_default_number_of_transfer_threads - 4
    | irods_session_environment_file - /tmp/irods-testing-rdc70b08/irods_environment.json.cwd
    | irods_default_resource - demoResc
    | irods_encryption_algorithm - AES-256-CBC
    | irods_encryption_num_hash_rounds - 16
    | irods_ssl_ca_certificate_file - /etc/irods/server.crt
    | irods_encryption_salt_size - 8
    | irods_home - /tempZone/home/otherrods
    | irods_maximum_number_of_transfer_threads - 64
    | irods_port - 1247
    | irods_maximum_size_for_single_buffer_in_megabytes - 32
    | irods_ssl_verify_server - cert
    | irods_transfer_buffer_size_for_parallel_transfer_in_megabytes - 4
    | irods_user_name - otherrods
    | irods_zone_name - tempZone
  stderr:
    | 
Output found

 --- IrodsSession: icommand executed by [otherrods#tempZone] [ilsresc --ascii] --- 
Assert Command: ilsresc --ascii
Expecting STDOUT_SINGLELINE: ['TestResc']
  stdout:
    | 9a7e1c04f153Resource:unixfilesystem
    | AnotherResc:unixfilesystem
    | bf5bee194c70Resource:unixfilesystem
    | demoResc:unixfilesystem
    | fbfcbe0ebed7Resource:unixfilesystem
    | origResc:unixfilesystem
    | TestResc:unixfilesystem
  stderr:
    | 
Output found

 --- IrodsSession: icommand executed by [otherrods#tempZone] [ilsresc -l] --- 
Assert Command: ilsresc -l
Expecting STDOUT_SINGLELINE: ['TestResc']
  stdout:
    | resource name: 9a7e1c04f153Resource
    | id: 10017
    | zone: tempZone
    | type: unixfilesystem
    | location: 9a7e1c04f153
    | vault: /var/lib/irods/Vault
    | free space: 
    | free space time: : Never
    | status: 
    | info: 
    | comment: 
    | create time: 01722893406: 2024-08-05.21:30:06
    | modify time: 01722893406: 2024-08-05.21:30:06
    | context: 
    | parent: 
    | parent context: 
    | ----
    | resource name: AnotherResc
    | id: 10096
    | zone: tempZone
    | type: unixfilesystem
    | location: d7680432ccfd
    | vault: /tmp/irods/AnotherResc
    | free space: 
    | free space time: : Never
    | status: 
    | info: 
    | comment: 
    | create time: 01722893473: 2024-08-05.21:31:13
    | modify time: 01722893473: 2024-08-05.21:31:13
    | context: 
    | parent: 
    | parent context: 
    | ----
    | resource name: bf5bee194c70Resource
    | id: 10015
    | zone: tempZone
    | type: unixfilesystem
    | location: bf5bee194c70
    | vault: /var/lib/irods/Vault
    | free space: 
    | free space time: : Never
    | status: 
    | info: 
    | comment: 
    | create time: 01722893406: 2024-08-05.21:30:06
    | modify time: 01722893406: 2024-08-05.21:30:06
    | context: 
    | parent: 
    | parent context: 
    | ----
    | resource name: demoResc
    | id: 10082
    | zone: tempZone
    | type: unixfilesystem
    | location: d7680432ccfd
    | vault: /var/lib/irods/demoRescVault
    | free space: 
    | free space time: : Never
    | status: 
    | info: 
    | comment: 
    | create time: 01722893469: 2024-08-05.21:31:09
    | modify time: 01722893469: 2024-08-05.21:31:09
    | context: 
    | parent: 
    | parent context: 
    | ----
    | resource name: fbfcbe0ebed7Resource
    | id: 10016
    | zone: tempZone
    | type: unixfilesystem
    | location: fbfcbe0ebed7
    | vault: /var/lib/irods/Vault
    | free space: 
    | free space time: : Never
    | status: 
    | info: 
    | comment: 
    | create time: 01722893406: 2024-08-05.21:30:06
    | modify time: 01722893406: 2024-08-05.21:30:06
    | context: 
    | parent: 
    | parent context: 
    | ----
    | resource name: origResc
    | id: 10013
    | zone: tempZone
    | type: unixfilesystem
    | location: d7680432ccfd
    | vault: /var/lib/irods/Vault
    | free space: 
    | free space time: : Never
    | status: 
    | info: 
    | comment: 
    | create time: 01722893396: 2024-08-05.21:29:56
    | modify time: 01722893469: 2024-08-05.21:31:09
    | context: 
    | parent: 
    | parent context: 
    | ----
    | resource name: TestResc
    | id: 10095
    | zone: tempZone
    | type: unixfilesystem
    | location: d7680432ccfd
    | vault: /tmp/irods/TestResc
    | free space: 
    | free space time: : Never
    | status: 
    | info: 
    | comment: 
    | create time: 01722893472: 2024-08-05.21:31:12
    | modify time: 01722893472: 2024-08-05.21:31:12
    | context: 
    | parent: 
    | parent context: 
  stderr:
    | 
Output found

 --- IrodsSession: icommand executed by [otherrods#tempZone] [imiscsvrinfo] --- 
Assert Command: imiscsvrinfo
Expecting STDOUT_SINGLELINE: ['relVersion']
  stdout:
    | RCAT_ENABLED
    | relVersion=rods4.3.3
    | apiVersion=d
    | rodsZone=tempZone
    | up 0 days, 0:0
  stderr:
    | 
Output found

 --- IrodsSession: icommand executed by [otherrods#tempZone] [iuserinfo] --- 
Assert Command: iuserinfo
Expecting STDOUT_SINGLELINE: ['name: otherrods']
  stdout:
    | name: otherrods
    | id: 10083
    | type: rodsadmin
    | zone: tempZone
    | info: 
    | comment: 
    | create time: 01722893469: 2024-08-05.21:31:09
    | modify time: 01722893469: 2024-08-05.21:31:09
    | member of group: otherrods
    | member of group: public
  stderr:
    | 
Output found

 --- IrodsSession: icommand executed by [otherrods#tempZone] [ienv] --- 
Assert Command: ienv
Expecting STDOUT_SINGLELINE: ['irods_zone_name']
  stdout:
    | irods_version - 4.3.3
    | irods_client_server_negotiation - request_server_negotiation
    | irods_client_server_policy - CS_NEG_REQUIRE
    | irods_host - d7680432ccfd
    | irods_cwd - /tempZone/home/otherrods/2024-08-05Z21:31:09--irods-testing-rdc70b08
    | irods_connection_pool_refresh_time_in_seconds - 300
    | irods_encryption_key_size - 32
    | irods_environment_file - /tmp/irods-testing-rdc70b08/irods_environment.json
    | irods_default_hash_scheme - SHA256
    | irods_default_number_of_transfer_threads - 4
    | irods_session_environment_file - /tmp/irods-testing-rdc70b08/irods_environment.json.cwd
    | irods_default_resource - demoResc
    | irods_encryption_algorithm - AES-256-CBC
    | irods_encryption_num_hash_rounds - 16
    | irods_ssl_ca_certificate_file - /etc/irods/server.crt
    | irods_encryption_salt_size - 8
    | irods_home - /tempZone/home/otherrods
    | irods_maximum_number_of_transfer_threads - 64
    | irods_port - 1247
    | irods_maximum_size_for_single_buffer_in_megabytes - 32
    | irods_ssl_verify_server - cert
    | irods_transfer_buffer_size_for_parallel_transfer_in_megabytes - 4
    | irods_user_name - otherrods
    | irods_zone_name - tempZone
  stderr:
    | 
Output found

 --- IrodsSession: icommand executed by [otherrods#tempZone] [ipwd] --- 
Assert Command: ipwd
Expecting STDOUT_SINGLELINE: ['home']
  stdout:
    | /tempZone/home/otherrods/2024-08-05Z21:31:09--irods-testing-rdc70b08
  stderr:
    | 
Output found

 --- IrodsSession: icommand executed by [otherrods#tempZone] [ihelp ils] --- 
Assert Command: ihelp ils
Expecting STDOUT_SINGLELINE: ['ils']
  stdout:
    | Usage: ils [-ArlLv] dataObj|collection ... 
    | Usage: ils --bundle [-r] dataObj|collection ... 
    | Display data objects and collections stored in iRODS.
    |  
    | The following is typical output for ils with no arguments:
    |     $ ils
    |     /tempZone/public:
    |       big
    |       foo
    | The only information displayed are the names of data objects in the current
    | working collection.
    |  
    | The long format (given by -l) will display some more information:
    |     $ ils -l
    |     /tempZone/public:
    |       rods              0 demoResc              41943040 2021-04-29.17:57 & big
    |       rods              2 comp;arch             40236581 2021-04-19.03:00 X big
    |       alice             2 repl1;child1               283 2021-04-29.17:54 ? foo
    |       alice             3 repl1;child2               283 2021-04-29.17:56 ? foo
    |       alice             4 repl1;child3               283 2021-04-29.17:57 ? foo
    | This displays replica information and system metadata for the replicas of
    | the data objects in the current working collection. This information includes
    | the owner of the data object and the replica's number, resource hierarchy, size,
    | last modified time, and status.
    |  
    | The very long format (given by -L) will display even more information:
    |  
    |     $ ils -L
    |     /tempZone/public:
    |       rods              0 demoResc              41943040 2021-04-29.17:57 & big
    |         sha2:gKNyEYjkAhiwiyZ3a8U72ugeR4T/9x1xRQoZcxnLoRM=    generic    /var/lib/irods/Vault/public/big
    |       rods              2 comp;arch             40236581 2021-04-19.03:00 X big
    |         sha2:KNyEYjkhiwyZ3a8U72ugeR4T/9x1xRQoZcxnLoRMigg=    generic    /var/lib/irods/archVault/public/big
    |       alice             2 repl1;child1               283 2021-04-29.17:54 ? foo
    |             generic    /var/lib/irods/child1vault/public/foo
    |       alice             3 repl1;child2               283 2021-04-29.17:56 ? foo
    |             generic    /var/lib/irods/child2vault/public/foo
    |       alice             4 repl1;child3               283 2021-04-29.17:57 ? foo
    |             generic    /var/lib/irods/child3vault/public/foo
    | This displays even more replica information and system metadata such as each 
    | replica's checksum, data type, and physical location in the storage resource.
    |  
    | The different replica statuses are represented by the following characters
    | which can be seen between the last modified time and the data object name.
    |    0. X: stale        - The replica is no longer known to be good. Usually
    |                         indicates that a sibling replica has been written to more
    |                         recently. This does not necessarily mean that the data is
    |                         incorrect, but merely that it may not reflect the "truth"
    |                         of this data object.
    |    1. &: good         - The replica is good. Usually the latest replica to be
    |                         written. When a replica is good, all bytes and system
    |                         metadata (size and checksum, if present) are understood
    |                         to have been recorded correctly.
    |    2. ?: intermediate - The replica is actively being written to. The state of
    |                         the replica cannot be determined because the client
    |                         writing to it still has the replica opened. Replicas
    |                         which are intermediate cannot be opened for read or
    |                         write, nor can they be unlinked or renamed.
    |    3. ?: read-locked  - (currently unused)
    |    4. ?: write-locked - One of this replica's sibling replicas is actively
    |                         being written to but is itself at rest. Replicas which
    |                         are write-locked cannot be opened for read or write
    |                         nor can they be unlinked or renamed.
    | These replica statuses correspond with the data_is_dirty column in r_data_main.
    |  
    | Options are:
    |  -A  ACL (access control list) and inheritance format
    |  -d  List collections themselves, not their contents
    |  -l  long format
    |  -L  very long format
    |  -r  recursive - show subcollections
    |  -t  ticket - use a read (or write) ticket to access collection information
    |  -v  verbose
    |  -V  Very verbose
    |  -h  this help
    |  --bundle - list the subfiles in the bundle file (usually stored in the
    |      /myZone/bundle collection) created by iphybun command.
    | 
    | iRODS Version 4.3.3                ils
  stderr:
    | 
Output found

 --- IrodsSession: icommand executed by [otherrods#tempZone] [ierror -14000] --- 
Assert Command: ierror -14000
Expecting STDOUT_SINGLELINE: ['SYS_API_INPUT_ERR']
  stdout:
    | irods error: -14000 SYS_API_INPUT_ERR 
  stderr:
    | 
Output found

 --- IrodsSession: icommand executed by [otherrods#tempZone] [ips -v] --- 
Assert Command: ips -v
Expecting STDOUT_SINGLELINE: ['ips']
  stdout:
    | Server: localhost
    |      2383 otherrods#tempZone  otherrods#tempZone  0:00:00  ips  10.201.24.5
  stderr:
    | 
Output found

 --- IrodsSession: icommand executed by [otherrods#tempZone] [iqstat] --- 
Assert Command: iqstat
Expecting STDOUT_SINGLELINE: ['No delayed rules pending for user otherrods']
  stdout:
    | No delayed rules pending for user otherrods
  stderr:
    | 
Output found

 --- IrodsSession: icommand executed by [otherrods#tempZone] [ils -AL] --- 
Assert Command: ils -AL
Expecting STDOUT_SINGLELINE: ['home']
  stdout:
    | /tempZone/home/otherrods/2024-08-05Z21:31:09--irods-testing-rdc70b08:
    |         ACL - otherrods#tempZone:own   
    |         Inheritance - Disabled
    |   otherrods         0 demoResc           33 2024-08-05.21:31 & testfile.txt
    |         generic    /var/lib/irods/demoRescVault/home/otherrods/2024-08-05Z21:31:09--irods-testing-rdc70b08/testfile.txt
    |         ACL - otherrods#tempZone:own   
    |   C- /tempZone/home/otherrods/2024-08-05Z21:31:09--irods-testing-rdc70b08/icmdtest
    |   C- /tempZone/home/otherrods/2024-08-05Z21:31:09--irods-testing-rdc70b08/testdir
  stderr:
    | 
Output found

 --- IrodsSession: icommand executed by [otherrods#tempZone] [iput -K --wlock /tmp/irods-testing-rdc70b08/test_file /tempZone/home/otherrods/2024-08-05Z21:31:09--irods-testing-rdc70b08/icmdtest/foo1] --- 
Assert Command: iput -K --wlock /tmp/irods-testing-rdc70b08/test_file /tempZone/home/otherrods/2024-08-05Z21:31:09--irods-testing-rdc70b08/icmdtest/foo1
Expecting EMPTY: ['']
  stdout:
    | 
  stderr:
    | 
Output found

 --- IrodsSession: icommand executed by [otherrods#tempZone] [ichksum -f /tempZone/home/otherrods/2024-08-05Z21:31:09--irods-testing-rdc70b08/icmdtest/foo1] --- 
Assert Command: ichksum -f /tempZone/home/otherrods/2024-08-05Z21:31:09--irods-testing-rdc70b08/icmdtest/foo1
Expecting STDOUT_SINGLELINE: ['    sha2:']
  stdout:
    |     foo1    sha2:/BmxmXEZQldlKVrqty12+qaSfU+DmF0yjCbyBGjWzHY=
  stderr:
    | 
Output found

 --- IrodsSession: icommand executed by [otherrods#tempZone] [iput -kf /tmp/irods-testing-rdc70b08/test_file /tempZone/home/otherrods/2024-08-05Z21:31:09--irods-testing-rdc70b08/icmdtest/foo1] --- 
Assert Command: iput -kf /tmp/irods-testing-rdc70b08/test_file /tempZone/home/otherrods/2024-08-05Z21:31:09--irods-testing-rdc70b08/icmdtest/foo1
Expecting EMPTY: ['']
  stdout:
    | 
  stderr:
    | 
Output found

 --- IrodsSession: icommand executed by [otherrods#tempZone] [ils /tempZone/home/otherrods/2024-08-05Z21:31:09--irods-testing-rdc70b08/icmdtest/foo1] --- 
Assert Command: ils /tempZone/home/otherrods/2024-08-05Z21:31:09--irods-testing-rdc70b08/icmdtest/foo1
Expecting STDOUT_SINGLELINE: ['foo1']
  stdout:
    |   /tempZone/home/otherrods/2024-08-05Z21:31:09--irods-testing-rdc70b08/icmdtest/foo1
  stderr:
    | 
Output found

 --- IrodsSession: icommand executed by [otherrods#tempZone] [ils -l /tempZone/home/otherrods/2024-08-05Z21:31:09--irods-testing-rdc70b08/icmdtest/foo1] --- 
Assert Command: ils -l /tempZone/home/otherrods/2024-08-05Z21:31:09--irods-testing-rdc70b08/icmdtest/foo1
Expecting STDOUT_SINGLELINE: ['foo1', '4000']
  stdout:
    |   otherrods         0 demoResc         4000 2024-08-05.21:31 & foo1
  stderr:
    | 
Output found

 --- IrodsSession: icommand executed by [otherrods#tempZone] [ils /tempZone/home/otherrods/2024-08-05Z21:31:09--irods-testing-rdc70b08/icmdtest] --- 
Assert Command: ils /tempZone/home/otherrods/2024-08-05Z21:31:09--irods-testing-rdc70b08/icmdtest
Expecting STDOUT_SINGLELINE: ['foo1']
  stdout:
    | /tempZone/home/otherrods/2024-08-05Z21:31:09--irods-testing-rdc70b08/icmdtest:
    |   foo1
  stderr:
    | 
Output found

 --- IrodsSession: icommand executed by [otherrods#tempZone] [ils -A /tempZone/home/otherrods/2024-08-05Z21:31:09--irods-testing-rdc70b08/icmdtest/foo1] --- 
Assert Command: ils -A /tempZone/home/otherrods/2024-08-05Z21:31:09--irods-testing-rdc70b08/icmdtest/foo1
Expecting STDOUT_SINGLELINE: ['otherrods#tempZone:own']
  stdout:
    |   /tempZone/home/otherrods/2024-08-05Z21:31:09--irods-testing-rdc70b08/icmdtest/foo1
    |         ACL - otherrods#tempZone:own   
  stderr:
    | 
Output found

 --- IrodsSession: icommand executed by [otherrods#tempZone] [ichmod read alice /tempZone/home/otherrods/2024-08-05Z21:31:09--irods-testing-rdc70b08/icmdtest/foo1] --- 
Assert Command: ichmod read alice /tempZone/home/otherrods/2024-08-05Z21:31:09--irods-testing-rdc70b08/icmdtest/foo1
Expecting EMPTY: ['']
  stdout:
    | 
  stderr:
    | 
Output found

 --- IrodsSession: icommand executed by [otherrods#tempZone] [ils -A /tempZone/home/otherrods/2024-08-05Z21:31:09--irods-testing-rdc70b08/icmdtest/foo1] --- 
Assert Command: ils -A /tempZone/home/otherrods/2024-08-05Z21:31:09--irods-testing-rdc70b08/icmdtest/foo1
Expecting STDOUT_SINGLELINE: ['alice#tempZone:read']
  stdout:
    |   /tempZone/home/otherrods/2024-08-05Z21:31:09--irods-testing-rdc70b08/icmdtest/foo1
    |         ACL - alice#tempZone:read_object   otherrods#tempZone:own   
  stderr:
    | 
Output found

 --- IrodsSession: icommand executed by [otherrods#tempZone] [irepl -B -R TestResc --rlock /tempZone/home/otherrods/2024-08-05Z21:31:09--irods-testing-rdc70b08/icmdtest/foo1] --- 
Assert Command: irepl -B -R TestResc --rlock /tempZone/home/otherrods/2024-08-05Z21:31:09--irods-testing-rdc70b08/icmdtest/foo1
Expecting EMPTY: ['']
  stdout:
    | 
  stderr:
    | 
Output found

 --- IrodsSession: icommand executed by [otherrods#tempZone] [ils -l /tempZone/home/otherrods/2024-08-05Z21:31:09--irods-testing-rdc70b08/icmdtest/foo1] --- 
Assert Command: ils -l /tempZone/home/otherrods/2024-08-05Z21:31:09--irods-testing-rdc70b08/icmdtest/foo1
Expecting STDOUT_SINGLELINE: ['TestResc']
  stdout:
    |   otherrods         0 demoResc         4000 2024-08-05.21:31 & foo1
    |   otherrods         1 TestResc         4000 2024-08-05.21:31 & foo1
  stderr:
    | 
Output found

 --- IrodsSession: icommand executed by [otherrods#tempZone] [itrim -S demoResc -N1 /tempZone/home/otherrods/2024-08-05Z21:31:09--irods-testing-rdc70b08/icmdtest/foo1] --- 
Assert Command: itrim -S demoResc -N1 /tempZone/home/otherrods/2024-08-05Z21:31:09--irods-testing-rdc70b08/icmdtest/foo1
Expecting STDOUT_SINGLELINE: ['files trimmed']
  stdout:
    | Total size trimmed = 0.004 MB. Number of files trimmed = 1.
    | Level 0: Specifying a minimum number of replicas to keep is deprecated.
  stderr:
    | 
Output found

 --- IrodsSession: icommand executed by [otherrods#tempZone] [ils -L /tempZone/home/otherrods/2024-08-05Z21:31:09--irods-testing-rdc70b08/icmdtest/foo1] --- 
Assert FAIL Command: ils -L /tempZone/home/otherrods/2024-08-05Z21:31:09--irods-testing-rdc70b08/icmdtest/foo1
Expecting STDOUT_SINGLELINE: ['demoResc']
  stdout:
    |   otherrods         1 TestResc         4000 2024-08-05.21:31 & foo1
    |     sha2:/BmxmXEZQldlKVrqty12+qaSfU+DmF0yjCbyBGjWzHY=    generic    /tmp/irods/TestResc/home/otherrods/2024-08-05Z21:31:09--irods-testing-rdc70b08/icmdtest/foo1
  stderr:
    | 
Output not found

 --- IrodsSession: icommand executed by [otherrods#tempZone] [imeta add -d /tempZone/home/otherrods/2024-08-05Z21:31:09--irods-testing-rdc70b08/icmdtest/foo1 testmeta1 180 cm] --- 
Assert Command: imeta add -d /tempZone/home/otherrods/2024-08-05Z21:31:09--irods-testing-rdc70b08/icmdtest/foo1 testmeta1 180 cm
Expecting EMPTY: ['']
  stdout:
    | 
  stderr:
    | 
Output found

 --- IrodsSession: icommand executed by [otherrods#tempZone] [imeta ls -d /tempZone/home/otherrods/2024-08-05Z21:31:09--irods-testing-rdc70b08/icmdtest/foo1] --- 
Assert Command: imeta ls -d /tempZone/home/otherrods/2024-08-05Z21:31:09--irods-testing-rdc70b08/icmdtest/foo1
Expecting STDOUT_SINGLELINE: ['testmeta1']
  stdout:
    | AVUs defined for dataObj /tempZone/home/otherrods/2024-08-05Z21:31:09--irods-testing-rdc70b08/icmdtest/foo1:
    | attribute: testmeta1
    | value: 180
    | units: cm
  stderr:
    | 
Output found

 --- IrodsSession: icommand executed by [otherrods#tempZone] [imeta ls -d /tempZone/home/otherrods/2024-08-05Z21:31:09--irods-testing-rdc70b08/icmdtest/foo1] --- 
Assert Command: imeta ls -d /tempZone/home/otherrods/2024-08-05Z21:31:09--irods-testing-rdc70b08/icmdtest/foo1
Expecting STDOUT_SINGLELINE: ['180']
  stdout:
    | AVUs defined for dataObj /tempZone/home/otherrods/2024-08-05Z21:31:09--irods-testing-rdc70b08/icmdtest/foo1:
    | attribute: testmeta1
    | value: 180
    | units: cm
  stderr:
    | 
Output found

 --- IrodsSession: icommand executed by [otherrods#tempZone] [imeta ls -d /tempZone/home/otherrods/2024-08-05Z21:31:09--irods-testing-rdc70b08/icmdtest/foo1] --- 
Assert Command: imeta ls -d /tempZone/home/otherrods/2024-08-05Z21:31:09--irods-testing-rdc70b08/icmdtest/foo1
Expecting STDOUT_SINGLELINE: ['cm']
  stdout:
    | AVUs defined for dataObj /tempZone/home/otherrods/2024-08-05Z21:31:09--irods-testing-rdc70b08/icmdtest/foo1:
    | attribute: testmeta1
    | value: 180
    | units: cm
  stderr:
    | 
Output found

 --- IrodsSession: icommand executed by [otherrods#tempZone] [icp -K -R TestResc /tempZone/home/otherrods/2024-08-05Z21:31:09--irods-testing-rdc70b08/icmdtest/foo1 /tempZone/home/otherrods/2024-08-05Z21:31:09--irods-testing-rdc70b08/icmdtest/foo2] --- 
Assert Command: icp -K -R TestResc /tempZone/home/otherrods/2024-08-05Z21:31:09--irods-testing-rdc70b08/icmdtest/foo1 /tempZone/home/otherrods/2024-08-05Z21:31:09--irods-testing-rdc70b08/icmdtest/foo2
Expecting EMPTY: ['']
  stdout:
    | 
  stderr:
    | 
Output found

 --- IrodsSession: icommand executed by [otherrods#tempZone] [iget -fK --rlock /tempZone/home/otherrods/2024-08-05Z21:31:09--irods-testing-rdc70b08/icmdtest/foo2 /tmp/] --- 
Assert Command: iget -fK --rlock /tempZone/home/otherrods/2024-08-05Z21:31:09--irods-testing-rdc70b08/icmdtest/foo2 /tmp/
Expecting EMPTY: ['']
  stdout:
    | 
  stderr:
    | 
Output found

 --- IrodsSession: icommand executed by [otherrods#tempZone] [ils /tempZone/home/otherrods/2024-08-05Z21:31:09--irods-testing-rdc70b08/icmdtest/foo2] --- 
Assert Command: ils /tempZone/home/otherrods/2024-08-05Z21:31:09--irods-testing-rdc70b08/icmdtest/foo2
Expecting STDOUT_SINGLELINE: ['foo2']
  stdout:
    |   /tempZone/home/otherrods/2024-08-05Z21:31:09--irods-testing-rdc70b08/icmdtest/foo2
  stderr:
    | 
Output found

 --- IrodsSession: icommand executed by [otherrods#tempZone] [imv /tempZone/home/otherrods/2024-08-05Z21:31:09--irods-testing-rdc70b08/icmdtest/foo2 /tempZone/home/otherrods/2024-08-05Z21:31:09--irods-testing-rdc70b08/icmdtest/foo4] --- 
Assert Command: imv /tempZone/home/otherrods/2024-08-05Z21:31:09--irods-testing-rdc70b08/icmdtest/foo2 /tempZone/home/otherrods/2024-08-05Z21:31:09--irods-testing-rdc70b08/icmdtest/foo4
Expecting EMPTY: ['']
  stdout:
    | 
  stderr:
    | 
Output found

 --- IrodsSession: icommand executed by [otherrods#tempZone] [ils -l /tempZone/home/otherrods/2024-08-05Z21:31:09--irods-testing-rdc70b08/icmdtest/foo4] --- 
Assert Command: ils -l /tempZone/home/otherrods/2024-08-05Z21:31:09--irods-testing-rdc70b08/icmdtest/foo4
Expecting STDOUT_SINGLELINE: ['foo4']
  stdout:
    |   otherrods         0 TestResc         4000 2024-08-05.21:31 & foo4
  stderr:
    | 
Output found

 --- IrodsSession: icommand executed by [otherrods#tempZone] [imv /tempZone/home/otherrods/2024-08-05Z21:31:09--irods-testing-rdc70b08/icmdtest/foo4 /tempZone/home/otherrods/2024-08-05Z21:31:09--irods-testing-rdc70b08/icmdtest/foo2] --- 
Assert Command: imv /tempZone/home/otherrods/2024-08-05Z21:31:09--irods-testing-rdc70b08/icmdtest/foo4 /tempZone/home/otherrods/2024-08-05Z21:31:09--irods-testing-rdc70b08/icmdtest/foo2
Expecting EMPTY: ['']
  stdout:
    | 
  stderr:
    | 
Output found

 --- IrodsSession: icommand executed by [otherrods#tempZone] [ils -l /tempZone/home/otherrods/2024-08-05Z21:31:09--irods-testing-rdc70b08/icmdtest/foo2] --- 
Assert Command: ils -l /tempZone/home/otherrods/2024-08-05Z21:31:09--irods-testing-rdc70b08/icmdtest/foo2
Expecting STDOUT_SINGLELINE: ['foo2']
  stdout:
    |   otherrods         0 TestResc         4000 2024-08-05.21:31 & foo2
  stderr:
    | 
Output found

 --- IrodsSession: icommand executed by [otherrods#tempZone] [ichksum /tempZone/home/otherrods/2024-08-05Z21:31:09--irods-testing-rdc70b08/icmdtest/foo2] --- 
Assert Command: ichksum /tempZone/home/otherrods/2024-08-05Z21:31:09--irods-testing-rdc70b08/icmdtest/foo2
Expecting STDOUT_SINGLELINE: ['foo2']
  stdout:
    |     foo2    sha2:/BmxmXEZQldlKVrqty12+qaSfU+DmF0yjCbyBGjWzHY=
  stderr:
    | 
Output found

 --- IrodsSession: icommand executed by [otherrods#tempZone] [imeta add -d /tempZone/home/otherrods/2024-08-05Z21:31:09--irods-testing-rdc70b08/icmdtest/foo2 testmeta1 180 cm] --- 
Assert Command: imeta add -d /tempZone/home/otherrods/2024-08-05Z21:31:09--irods-testing-rdc70b08/icmdtest/foo2 testmeta1 180 cm
Expecting EMPTY: ['']
  stdout:
    | 
  stderr:
    | 
Output found

 --- IrodsSession: icommand executed by [otherrods#tempZone] [imeta add -d /tempZone/home/otherrods/2024-08-05Z21:31:09--irods-testing-rdc70b08/icmdtest/foo1 testmeta2 hello] --- 
Assert Command: imeta add -d /tempZone/home/otherrods/2024-08-05Z21:31:09--irods-testing-rdc70b08/icmdtest/foo1 testmeta2 hello
Expecting EMPTY: ['']
  stdout:
    | 
  stderr:
    | 
Output found

 --- IrodsSession: icommand executed by [otherrods#tempZone] [imeta ls -d /tempZone/home/otherrods/2024-08-05Z21:31:09--irods-testing-rdc70b08/icmdtest/foo1] --- 
Assert Command: imeta ls -d /tempZone/home/otherrods/2024-08-05Z21:31:09--irods-testing-rdc70b08/icmdtest/foo1
Expecting STDOUT_SINGLELINE: ['testmeta1']
  stdout:
    | AVUs defined for dataObj /tempZone/home/otherrods/2024-08-05Z21:31:09--irods-testing-rdc70b08/icmdtest/foo1:
    | attribute: testmeta1
    | value: 180
    | units: cm
    | ----
    | attribute: testmeta2
    | value: hello
    | units: 
  stderr:
    | 
Output found

 --- IrodsSession: icommand executed by [otherrods#tempZone] [imeta ls -d /tempZone/home/otherrods/2024-08-05Z21:31:09--irods-testing-rdc70b08/icmdtest/foo1] --- 
Assert Command: imeta ls -d /tempZone/home/otherrods/2024-08-05Z21:31:09--irods-testing-rdc70b08/icmdtest/foo1
Expecting STDOUT_SINGLELINE: ['hello']
  stdout:
    | AVUs defined for dataObj /tempZone/home/otherrods/2024-08-05Z21:31:09--irods-testing-rdc70b08/icmdtest/foo1:
    | attribute: testmeta1
    | value: 180
    | units: cm
    | ----
    | attribute: testmeta2
    | value: hello
    | units: 
  stderr:
    | 
Output found

 --- IrodsSession: icommand executed by [otherrods#tempZone] [imeta qu -d testmeta1 = 180] --- 
Assert Command: imeta qu -d testmeta1 = 180
Expecting STDOUT_SINGLELINE: ['foo1']
  stdout:
    | collection: /tempZone/home/otherrods/2024-08-05Z21:31:09--irods-testing-rdc70b08/icmdtest
    | dataObj: foo1
    | ----
    | collection: /tempZone/home/otherrods/2024-08-05Z21:31:09--irods-testing-rdc70b08/icmdtest
    | dataObj: foo2
  stderr:
    | 
Output found

 --- IrodsSession: icommand executed by [otherrods#tempZone] [imeta qu -d testmeta2 = hello] --- 
Assert Command: imeta qu -d testmeta2 = hello
Expecting STDOUT_SINGLELINE: ['dataObj: foo1']
  stdout:
    | collection: /tempZone/home/otherrods/2024-08-05Z21:31:09--irods-testing-rdc70b08/icmdtest
    | dataObj: foo1
  stderr:
    | 
Output found

 --- IrodsSession: icommand executed by [otherrods#tempZone] [iget -f -K --rlock /tempZone/home/otherrods/2024-08-05Z21:31:09--irods-testing-rdc70b08/icmdtest/foo2 .] --- 
Assert Command: iget -f -K --rlock /tempZone/home/otherrods/2024-08-05Z21:31:09--irods-testing-rdc70b08/icmdtest/foo2 .
Expecting EMPTY: ['']
  stdout:
    | 
  stderr:
    | 
Output found

run_resource_teardown - BEGIN
 --- IrodsSession: icommand executed by [otherrods#tempZone] [icd] --- 
 --- IrodsSession: icommand executed by [otherrods#tempZone] [irm testfile.txt ../public/testfile.txt] --- 
 --- IrodsSession: icommand executed by [otherrods#tempZone] [irm -rf ../../bundle] --- 
 --- IrodsSession: icommand executed by [rods#tempZone] [iinit] --- 
Assert Command: iinit
Expecting STDOUT_SINGLELINE: ['']
  stdout:
    | WARNING: Error 25 disabling echo mode. Password will be displayed in plaintext.
    | Enter your current iRODS password:
  stderr:
    | 
Output found

 --- IrodsSession: icommand executed by [otherrods#tempZone] [icd] --- 
Assert Command: icd
Expecting EMPTY: ['']
  stdout:
    | 
  stderr:
    | 
Output found

 --- IrodsSession: icommand executed by [otherrods#tempZone] [irm -rf /tempZone/home/otherrods/2024-08-05Z21:31:09--irods-testing-rdc70b08] --- 
Assert Command: irm -rf /tempZone/home/otherrods/2024-08-05Z21:31:09--irods-testing-rdc70b08
Expecting EMPTY: ['']
  stdout:
    | 
  stderr:
    | 
Output found

 --- IrodsSession: icommand executed by [otherrods#tempZone] [irmtrash] --- 
Assert Command: irmtrash
Expecting EMPTY: ['']
  stdout:
    | 
  stderr:
    | 
Output found

 --- IrodsSession: icommand executed by [rods#tempZone] [iadmin rmuser otherrods] --- 
Assert Command: iadmin rmuser otherrods
Expecting EMPTY: ['']
  stdout:
    | 
  stderr:
    | 
Output found

 --- IrodsSession: icommand executed by [alice#tempZone] [icd] --- 
Assert Command: icd
Expecting EMPTY: ['']
  stdout:
    | 
  stderr:
    | 
Output found

 --- IrodsSession: icommand executed by [alice#tempZone] [irm -rf /tempZone/home/alice/2024-08-05Z21:31:11--irods-testing-rktq5p6y] --- 
Assert Command: irm -rf /tempZone/home/alice/2024-08-05Z21:31:11--irods-testing-rktq5p6y
Expecting EMPTY: ['']
  stdout:
    | 
  stderr:
    | 
Output found

 --- IrodsSession: icommand executed by [alice#tempZone] [irmtrash] --- 
Assert Command: irmtrash
Expecting EMPTY: ['']
  stdout:
    | 
  stderr:
    | 
Output found

 --- IrodsSession: icommand executed by [rods#tempZone] [iadmin rmuser alice] --- 
Assert Command: iadmin rmuser alice
Expecting EMPTY: ['']
  stdout:
    | 
  stderr:
    | 
Output found

 --- IrodsSession: icommand executed by [bobby#tempZone] [icd] --- 
Assert Command: icd
Expecting EMPTY: ['']
  stdout:
    | 
  stderr:
    | 
Output found

 --- IrodsSession: icommand executed by [bobby#tempZone] [irm -rf /tempZone/home/bobby/2024-08-05Z21:31:12--irods-testing-dpyt20q5] --- 
Assert Command: irm -rf /tempZone/home/bobby/2024-08-05Z21:31:12--irods-testing-dpyt20q5
Expecting EMPTY: ['']
  stdout:
    | 
  stderr:
    | 
Output found

 --- IrodsSession: icommand executed by [bobby#tempZone] [irmtrash] --- 
Assert Command: irmtrash
Expecting EMPTY: ['']
  stdout:
    | 
  stderr:
    | 
Output found

 --- IrodsSession: icommand executed by [rods#tempZone] [iadmin rmuser bobby] --- 
Assert Command: iadmin rmuser bobby
Expecting EMPTY: ['']
  stdout:
    | 
  stderr:
    | 
Output found

 --- IrodsSession: icommand executed by [rods#tempZone] [iinit] --- 
Assert Command: iinit
Expecting STDOUT_SINGLELINE: ['']
  stdout:
    | WARNING: Error 25 disabling echo mode. Password will be displayed in plaintext.
    | Enter your current iRODS password:
  stderr:
    | 
Output found

 --- IrodsSession: icommand executed by [rods#tempZone] [irmtrash -M] --- 
 --- IrodsSession: icommand executed by [rods#tempZone] [iadmin rmresc TestResc] --- 
 --- IrodsSession: icommand executed by [rods#tempZone] [iadmin rmresc AnotherResc] --- 
run_resource_teardown - END
 --- IrodsSession: icommand executed by [rods#tempZone] [iinit] --- 
Assert Command: iinit
Expecting STDOUT_SINGLELINE: ['']
  stdout:
    | WARNING: Error 25 disabling echo mode. Password will be displayed in plaintext.
    | Enter your current iRODS password:
  stderr:
    | 
Output found

 --- IrodsSession: icommand executed by [rods#tempZone] [iadmin rmresc demoResc] --- 
Assert Command: iadmin rmresc demoResc
Expecting EMPTY: ['']
  stdout:
    | 
  stderr:
    | 
Output found

 --- IrodsSession: icommand executed by [rods#tempZone] [iadmin modresc origResc name demoResc] --- 
Assert Command: iadmin modresc origResc name demoResc
Expecting STDOUT_SINGLELINE: ['rename']
  stdout:
    | If you modify a resource name, you and other users will need to
    | change your irods_environment.json files to use it, you may need to update
    | server_config.json and, if rules use the resource name, you'll need to
    | update the core rules (core.re).  This command will update various
    | tables with the new name.
    | Do you really want to modify the resource name? (enter y or yes to do so):OK, performing the resource rename
  stderr:
    | 
Output found

]]></system-out>
	</testcase>
	<testcase classname="irods.test.test_resource_types.Test_Resource_Unixfilesystem" name="test_detached_mode__issue_4421" time="11.692" timestamp="2024-08-05T21:31:39" file="scripts/irods/test/test_resource_types.py" line="667">
		<system-out><![CDATA[ --- IrodsSession: icommand executed by [rods#tempZone] [iinit] --- 
Assert Command: iinit
Expecting STDOUT_SINGLELINE: ['']
  stdout:
    | WARNING: Error 25 disabling echo mode. Password will be displayed in plaintext.
    | Enter your current iRODS password:
  stderr:
    | 
Output found

 --- IrodsSession: icommand executed by [rods#tempZone] [iadmin modresc demoResc name origResc] --- 
Assert Command: iadmin modresc demoResc name origResc
Expecting STDOUT_SINGLELINE: ['rename']
  stdout:
    | If you modify a resource name, you and other users will need to
    | change your irods_environment.json files to use it, you may need to update
    | server_config.json and, if rules use the resource name, you'll need to
    | update the core rules (core.re).  This command will update various
    | tables with the new name.
    | Do you really want to modify the resource name? (enter y or yes to do so):OK, performing the resource rename
  stderr:
    | 
Output found

 --- IrodsSession: icommand executed by [rods#tempZone] [iadmin mkresc demoResc 'unixfilesystem' d7680432ccfd:/var/lib/irods/demoRescVault] --- 
Assert Command: iadmin mkresc demoResc 'unixfilesystem' d7680432ccfd:/var/lib/irods/demoRescVault
Expecting STDOUT_SINGLELINE: ['unixfilesystem']
  stdout:
    | Creating resource:
    | Name:		"demoResc"
    | Type:		"unixfilesystem"
    | Host:		"d7680432ccfd"
    | Path:		"/var/lib/irods/demoRescVault"
    | Context:	""
  stderr:
    | 
Output found

 --- IrodsSession: icommand executed by [rods#tempZone] [iinit] --- 
Assert Command: iinit
Expecting STDOUT_SINGLELINE: ['']
  stdout:
    | WARNING: Error 25 disabling echo mode. Password will be displayed in plaintext.
    | Enter your current iRODS password:
  stderr:
    | 
Output found

 --- IrodsSession: icommand executed by [rods#tempZone] [iinit] --- 
Assert Command: iinit
Expecting STDOUT_SINGLELINE: ['']
  stdout:
    | WARNING: Error 25 disabling echo mode. Password will be displayed in plaintext.
    | Enter your current iRODS password:
  stderr:
    | 
Output found

 --- IrodsSession: icommand executed by [rods#tempZone] [iadmin mkuser otherrods rodsadmin] --- 
Assert Command: iadmin mkuser otherrods rodsadmin
Expecting EMPTY: ['']
  stdout:
    | 
  stderr:
    | 
Output found

 --- IrodsSession: icommand executed by [rods#tempZone] [iadmin moduser otherrods password rods] --- 
Assert Command: iadmin moduser otherrods password rods
Expecting EMPTY: ['']
  stdout:
    | 
  stderr:
    | 
Output found

 --- IrodsSession: icommand executed by [otherrods#tempZone] [iinit] --- 
Assert Command: iinit
Expecting STDOUT_SINGLELINE: ['']
  stdout:
    | WARNING: Error 25 disabling echo mode. Password will be displayed in plaintext.
    | Enter your current iRODS password:
  stderr:
    | 
Output found

 --- IrodsSession: icommand executed by [otherrods#tempZone] [imkdir /tempZone/home/otherrods/2024-08-05Z21:31:29--irods-testing-rqjxwi8h] --- 
Assert Command: imkdir /tempZone/home/otherrods/2024-08-05Z21:31:29--irods-testing-rqjxwi8h
Expecting EMPTY: ['']
  stdout:
    | 
  stderr:
    | 
Output found

 --- IrodsSession: icommand executed by [otherrods#tempZone] [icd /tempZone/home/otherrods/2024-08-05Z21:31:29--irods-testing-rqjxwi8h] --- 
Assert Command: icd /tempZone/home/otherrods/2024-08-05Z21:31:29--irods-testing-rqjxwi8h
Expecting EMPTY: ['']
  stdout:
    | 
  stderr:
    | 
Output found

 --- IrodsSession: icommand executed by [rods#tempZone] [iinit] --- 
Assert Command: iinit
Expecting STDOUT_SINGLELINE: ['']
  stdout:
    | WARNING: Error 25 disabling echo mode. Password will be displayed in plaintext.
    | Enter your current iRODS password:
  stderr:
    | 
Output found

 --- IrodsSession: icommand executed by [rods#tempZone] [iadmin mkuser alice rodsuser] --- 
Assert Command: iadmin mkuser alice rodsuser
Expecting EMPTY: ['']
  stdout:
    | 
  stderr:
    | 
Output found

 --- IrodsSession: icommand executed by [rods#tempZone] [iadmin moduser alice password apass] --- 
Assert Command: iadmin moduser alice password apass
Expecting EMPTY: ['']
  stdout:
    | 
  stderr:
    | 
Output found

 --- IrodsSession: icommand executed by [alice#tempZone] [iinit] --- 
Assert Command: iinit
Expecting STDOUT_SINGLELINE: ['']
  stdout:
    | WARNING: Error 25 disabling echo mode. Password will be displayed in plaintext.
    | Enter your current iRODS password:
  stderr:
    | 
Output found

 --- IrodsSession: icommand executed by [alice#tempZone] [imkdir /tempZone/home/alice/2024-08-05Z21:31:30--irods-testing-zsx7r_0o] --- 
Assert Command: imkdir /tempZone/home/alice/2024-08-05Z21:31:30--irods-testing-zsx7r_0o
Expecting EMPTY: ['']
  stdout:
    | 
  stderr:
    | 
Output found

 --- IrodsSession: icommand executed by [alice#tempZone] [icd /tempZone/home/alice/2024-08-05Z21:31:30--irods-testing-zsx7r_0o] --- 
Assert Command: icd /tempZone/home/alice/2024-08-05Z21:31:30--irods-testing-zsx7r_0o
Expecting EMPTY: ['']
  stdout:
    | 
  stderr:
    | 
Output found

 --- IrodsSession: icommand executed by [rods#tempZone] [iinit] --- 
Assert Command: iinit
Expecting STDOUT_SINGLELINE: ['']
  stdout:
    | WARNING: Error 25 disabling echo mode. Password will be displayed in plaintext.
    | Enter your current iRODS password:
  stderr:
    | 
Output found

 --- IrodsSession: icommand executed by [rods#tempZone] [iadmin mkuser bobby rodsuser] --- 
Assert Command: iadmin mkuser bobby rodsuser
Expecting EMPTY: ['']
  stdout:
    | 
  stderr:
    | 
Output found

 --- IrodsSession: icommand executed by [rods#tempZone] [iadmin moduser bobby password bpass] --- 
Assert Command: iadmin moduser bobby password bpass
Expecting EMPTY: ['']
  stdout:
    | 
  stderr:
    | 
Output found

 --- IrodsSession: icommand executed by [bobby#tempZone] [iinit] --- 
Assert Command: iinit
Expecting STDOUT_SINGLELINE: ['']
  stdout:
    | WARNING: Error 25 disabling echo mode. Password will be displayed in plaintext.
    | Enter your current iRODS password:
  stderr:
    | 
Output found

 --- IrodsSession: icommand executed by [bobby#tempZone] [imkdir /tempZone/home/bobby/2024-08-05Z21:31:31--irods-testing-c7xlm9zx] --- 
Assert Command: imkdir /tempZone/home/bobby/2024-08-05Z21:31:31--irods-testing-c7xlm9zx
Expecting EMPTY: ['']
  stdout:
    | 
  stderr:
    | 
Output found

 --- IrodsSession: icommand executed by [bobby#tempZone] [icd /tempZone/home/bobby/2024-08-05Z21:31:31--irods-testing-c7xlm9zx] --- 
Assert Command: icd /tempZone/home/bobby/2024-08-05Z21:31:31--irods-testing-c7xlm9zx
Expecting EMPTY: ['']
  stdout:
    | 
  stderr:
    | 
Output found

run_resource_setup - BEGIN
 --- IrodsSession: icommand executed by [otherrods#tempZone] [iadmin mkresc TestResc unixfilesystem d7680432ccfd:/tmp/irods/TestResc] --- 
Assert Command: iadmin mkresc TestResc unixfilesystem d7680432ccfd:/tmp/irods/TestResc
Expecting STDOUT_SINGLELINE: ['unixfilesystem']
  stdout:
    | Creating resource:
    | Name:		"TestResc"
    | Type:		"unixfilesystem"
    | Host:		"d7680432ccfd"
    | Path:		"/tmp/irods/TestResc"
    | Context:	""
  stderr:
    | 
Output found

 --- IrodsSession: icommand executed by [otherrods#tempZone] [iadmin mkresc AnotherResc unixfilesystem d7680432ccfd:/tmp/irods/AnotherResc] --- 
Assert Command: iadmin mkresc AnotherResc unixfilesystem d7680432ccfd:/tmp/irods/AnotherResc
Expecting STDOUT_SINGLELINE: ['unixfilesystem']
  stdout:
    | Creating resource:
    | Name:		"AnotherResc"
    | Type:		"unixfilesystem"
    | Host:		"d7680432ccfd"
    | Path:		"/tmp/irods/AnotherResc"
    | Context:	""
  stderr:
    | 
Output found

 --- IrodsSession: icommand executed by [otherrods#tempZone] [imkdir testdir] --- 
Assert Command: imkdir testdir
Expecting EMPTY: ['']
  stdout:
    | 
  stderr:
    | 
Output found

 --- IrodsSession: icommand executed by [otherrods#tempZone] [iput testfile.txt] --- 
Assert Command: iput testfile.txt
Expecting EMPTY: ['']
  stdout:
    | 
  stderr:
    | 
Output found

 --- IrodsSession: icommand executed by [otherrods#tempZone] [icp testfile.txt ../../public/] --- 
Assert Command: icp testfile.txt ../../public/
Expecting EMPTY: ['']
  stdout:
    | 
  stderr:
    | 
Output found

 --- IrodsSession: icommand executed by [otherrods#tempZone] [ichmod read alice ../../public/testfile.txt] --- 
Assert Command: ichmod read alice ../../public/testfile.txt
Expecting EMPTY: ['']
  stdout:
    | 
  stderr:
    | 
Output found

 --- IrodsSession: icommand executed by [otherrods#tempZone] [ichmod write bobby ../../public/testfile.txt] --- 
Assert Command: ichmod write bobby ../../public/testfile.txt
Expecting EMPTY: ['']
  stdout:
    | 
  stderr:
    | 
Output found

run_resource_setup - END
 --- IrodsSession: icommand executed by [otherrods#tempZone] [iadmin mkresc detached_resource unixfilesystem irods.org:/tmp/irods-testing-rqjxwi8h/detached_resource_vault] --- 
Assert Command: iadmin mkresc detached_resource unixfilesystem irods.org:/tmp/irods-testing-rqjxwi8h/detached_resource_vault
Expecting STDOUT: ['detached_resource']
  stdout:
    | Creating resource:
    | Name:		"detached_resource"
    | Type:		"unixfilesystem"
    | Host:		"irods.org"
    | Path:		"/tmp/irods-testing-rqjxwi8h/detached_resource_vault"
    | Context:	""
  stderr:
    | 
Output found

 --- IrodsSession: icommand executed by [otherrods#tempZone] [iadmin modresc detached_resource context host_mode=detached] --- 
Assert Command: iadmin modresc detached_resource context host_mode=detached
Expecting EMPTY: ['']
  stdout:
    | 
  stderr:
    | 
Output found

 --- IrodsSession: icommand executed by [otherrods#tempZone] [iput -R detached_resource f1] --- 
Assert Command: iput -R detached_resource f1
Expecting EMPTY: ['']
  stdout:
    | 
  stderr:
    | 
Output found

 --- IrodsSession: icommand executed by [otherrods#tempZone] [iget f1 f2] --- 
Assert Command: iget f1 f2
Expecting EMPTY: ['']
  stdout:
    | 
  stderr:
    | 
Output found

 --- IrodsSession: icommand executed by [otherrods#tempZone] [diff f1 f2 ] --- 
Assert Command: diff f1 f2 
Expecting EMPTY: ['']
  stdout:
    | 
  stderr:
    | 
Output found

 --- IrodsSession: icommand executed by [otherrods#tempZone] [irm -f f1] --- 
Assert Command: irm -f f1
Expecting EMPTY: ['']
  stdout:
    | 
  stderr:
    | 
Output found

 --- IrodsSession: icommand executed by [otherrods#tempZone] [iadmin rmresc detached_resource] --- 
Assert Command: iadmin rmresc detached_resource
Expecting EMPTY: ['']
  stdout:
    | 
  stderr:
    | 
Output found

run_resource_teardown - BEGIN
 --- IrodsSession: icommand executed by [otherrods#tempZone] [icd] --- 
 --- IrodsSession: icommand executed by [otherrods#tempZone] [irm testfile.txt ../public/testfile.txt] --- 
 --- IrodsSession: icommand executed by [otherrods#tempZone] [irm -rf ../../bundle] --- 
 --- IrodsSession: icommand executed by [rods#tempZone] [iinit] --- 
Assert Command: iinit
Expecting STDOUT_SINGLELINE: ['']
  stdout:
    | WARNING: Error 25 disabling echo mode. Password will be displayed in plaintext.
    | Enter your current iRODS password:
  stderr:
    | 
Output found

 --- IrodsSession: icommand executed by [otherrods#tempZone] [icd] --- 
Assert Command: icd
Expecting EMPTY: ['']
  stdout:
    | 
  stderr:
    | 
Output found

 --- IrodsSession: icommand executed by [otherrods#tempZone] [irm -rf /tempZone/home/otherrods/2024-08-05Z21:31:29--irods-testing-rqjxwi8h] --- 
Assert Command: irm -rf /tempZone/home/otherrods/2024-08-05Z21:31:29--irods-testing-rqjxwi8h
Expecting EMPTY: ['']
  stdout:
    | 
  stderr:
    | 
Output found

 --- IrodsSession: icommand executed by [otherrods#tempZone] [irmtrash] --- 
Assert Command: irmtrash
Expecting EMPTY: ['']
  stdout:
    | 
  stderr:
    | 
Output found

 --- IrodsSession: icommand executed by [rods#tempZone] [iadmin rmuser otherrods] --- 
Assert Command: iadmin rmuser otherrods
Expecting EMPTY: ['']
  stdout:
    | 
  stderr:
    | 
Output found

 --- IrodsSession: icommand executed by [alice#tempZone] [icd] --- 
Assert Command: icd
Expecting EMPTY: ['']
  stdout:
    | 
  stderr:
    | 
Output found

 --- IrodsSession: icommand executed by [alice#tempZone] [irm -rf /tempZone/home/alice/2024-08-05Z21:31:30--irods-testing-zsx7r_0o] --- 
Assert Command: irm -rf /tempZone/home/alice/2024-08-05Z21:31:30--irods-testing-zsx7r_0o
Expecting EMPTY: ['']
  stdout:
    | 
  stderr:
    | 
Output found

 --- IrodsSession: icommand executed by [alice#tempZone] [irmtrash] --- 
Assert Command: irmtrash
Expecting EMPTY: ['']
  stdout:
    | 
  stderr:
    | 
Output found

 --- IrodsSession: icommand executed by [rods#tempZone] [iadmin rmuser alice] --- 
Assert Command: iadmin rmuser alice
Expecting EMPTY: ['']
  stdout:
    | 
  stderr:
    | 
Output found

 --- IrodsSession: icommand executed by [bobby#tempZone] [icd] --- 
Assert Command: icd
Expecting EMPTY: ['']
  stdout:
    | 
  stderr:
    | 
Output found

 --- IrodsSession: icommand executed by [bobby#tempZone] [irm -rf /tempZone/home/bobby/2024-08-05Z21:31:31--irods-testing-c7xlm9zx] --- 
Assert Command: irm -rf /tempZone/home/bobby/2024-08-05Z21:31:31--irods-testing-c7xlm9zx
Expecting EMPTY: ['']
  stdout:
    | 
  stderr:
    | 
Output found

 --- IrodsSession: icommand executed by [bobby#tempZone] [irmtrash] --- 
Assert Command: irmtrash
Expecting EMPTY: ['']
  stdout:
    | 
  stderr:
    | 
Output found

 --- IrodsSession: icommand executed by [rods#tempZone] [iadmin rmuser bobby] --- 
Assert Command: iadmin rmuser bobby
Expecting EMPTY: ['']
  stdout:
    | 
  stderr:
    | 
Output found

 --- IrodsSession: icommand executed by [rods#tempZone] [iinit] --- 
Assert Command: iinit
Expecting STDOUT_SINGLELINE: ['']
  stdout:
    | WARNING: Error 25 disabling echo mode. Password will be displayed in plaintext.
    | Enter your current iRODS password:
  stderr:
    | 
Output found

 --- IrodsSession: icommand executed by [rods#tempZone] [irmtrash -M] --- 
 --- IrodsSession: icommand executed by [rods#tempZone] [iadmin rmresc TestResc] --- 
 --- IrodsSession: icommand executed by [rods#tempZone] [iadmin rmresc AnotherResc] --- 
run_resource_teardown - END
 --- IrodsSession: icommand executed by [rods#tempZone] [iinit] --- 
Assert Command: iinit
Expecting STDOUT_SINGLELINE: ['']
  stdout:
    | WARNING: Error 25 disabling echo mode. Password will be displayed in plaintext.
    | Enter your current iRODS password:
  stderr:
    | 
Output found

 --- IrodsSession: icommand executed by [rods#tempZone] [iadmin rmresc demoResc] --- 
Assert Command: iadmin rmresc demoResc
Expecting EMPTY: ['']
  stdout:
    | 
  stderr:
    | 
Output found

 --- IrodsSession: icommand executed by [rods#tempZone] [iadmin modresc origResc name demoResc] --- 
Assert Command: iadmin modresc origResc name demoResc
Expecting STDOUT_SINGLELINE: ['rename']
  stdout:
    | If you modify a resource name, you and other users will need to
    | change your irods_environment.json files to use it, you may need to update
    | server_config.json and, if rules use the resource name, you'll need to
    | update the core rules (core.re).  This command will update various
    | tables with the new name.
    | Do you really want to modify the resource name? (enter y or yes to do so):OK, performing the resource rename
  stderr:
    | 
Output found

]]></system-out>
	</testcase>
	<testcase classname="irods.test.test_resource_types.Test_Resource_Unixfilesystem" name="test_detached_mode_host_not_in_host_list__issue_4421" time="11.138" timestamp="2024-08-05T21:31:50" file="scripts/irods/test/test_resource_types.py" line="774">
		<system-out><![CDATA[ --- IrodsSession: icommand executed by [rods#tempZone] [iinit] --- 
Assert Command: iinit
Expecting STDOUT_SINGLELINE: ['']
  stdout:
    | WARNING: Error 25 disabling echo mode. Password will be displayed in plaintext.
    | Enter your current iRODS password:
  stderr:
    | 
Output found

 --- IrodsSession: icommand executed by [rods#tempZone] [iadmin modresc demoResc name origResc] --- 
Assert Command: iadmin modresc demoResc name origResc
Expecting STDOUT_SINGLELINE: ['rename']
  stdout:
    | If you modify a resource name, you and other users will need to
    | change your irods_environment.json files to use it, you may need to update
    | server_config.json and, if rules use the resource name, you'll need to
    | update the core rules (core.re).  This command will update various
    | tables with the new name.
    | Do you really want to modify the resource name? (enter y or yes to do so):OK, performing the resource rename
  stderr:
    | 
Output found

 --- IrodsSession: icommand executed by [rods#tempZone] [iadmin mkresc demoResc 'unixfilesystem' d7680432ccfd:/var/lib/irods/demoRescVault] --- 
Assert Command: iadmin mkresc demoResc 'unixfilesystem' d7680432ccfd:/var/lib/irods/demoRescVault
Expecting STDOUT_SINGLELINE: ['unixfilesystem']
  stdout:
    | Creating resource:
    | Name:		"demoResc"
    | Type:		"unixfilesystem"
    | Host:		"d7680432ccfd"
    | Path:		"/var/lib/irods/demoRescVault"
    | Context:	""
  stderr:
    | 
Output found

 --- IrodsSession: icommand executed by [rods#tempZone] [iinit] --- 
Assert Command: iinit
Expecting STDOUT_SINGLELINE: ['']
  stdout:
    | WARNING: Error 25 disabling echo mode. Password will be displayed in plaintext.
    | Enter your current iRODS password:
  stderr:
    | 
Output found

 --- IrodsSession: icommand executed by [rods#tempZone] [iinit] --- 
Assert Command: iinit
Expecting STDOUT_SINGLELINE: ['']
  stdout:
    | WARNING: Error 25 disabling echo mode. Password will be displayed in plaintext.
    | Enter your current iRODS password:
  stderr:
    | 
Output found

 --- IrodsSession: icommand executed by [rods#tempZone] [iadmin mkuser otherrods rodsadmin] --- 
Assert Command: iadmin mkuser otherrods rodsadmin
Expecting EMPTY: ['']
  stdout:
    | 
  stderr:
    | 
Output found

 --- IrodsSession: icommand executed by [rods#tempZone] [iadmin moduser otherrods password rods] --- 
Assert Command: iadmin moduser otherrods password rods
Expecting EMPTY: ['']
  stdout:
    | 
  stderr:
    | 
Output found

 --- IrodsSession: icommand executed by [otherrods#tempZone] [iinit] --- 
Assert Command: iinit
Expecting STDOUT_SINGLELINE: ['']
  stdout:
    | WARNING: Error 25 disabling echo mode. Password will be displayed in plaintext.
    | Enter your current iRODS password:
  stderr:
    | 
Output found

 --- IrodsSession: icommand executed by [otherrods#tempZone] [imkdir /tempZone/home/otherrods/2024-08-05Z21:31:40--irods-testing-3kl3iopv] --- 
Assert Command: imkdir /tempZone/home/otherrods/2024-08-05Z21:31:40--irods-testing-3kl3iopv
Expecting EMPTY: ['']
  stdout:
    | 
  stderr:
    | 
Output found

 --- IrodsSession: icommand executed by [otherrods#tempZone] [icd /tempZone/home/otherrods/2024-08-05Z21:31:40--irods-testing-3kl3iopv] --- 
Assert Command: icd /tempZone/home/otherrods/2024-08-05Z21:31:40--irods-testing-3kl3iopv
Expecting EMPTY: ['']
  stdout:
    | 
  stderr:
    | 
Output found

 --- IrodsSession: icommand executed by [rods#tempZone] [iinit] --- 
Assert Command: iinit
Expecting STDOUT_SINGLELINE: ['']
  stdout:
    | WARNING: Error 25 disabling echo mode. Password will be displayed in plaintext.
    | Enter your current iRODS password:
  stderr:
    | 
Output found

 --- IrodsSession: icommand executed by [rods#tempZone] [iadmin mkuser alice rodsuser] --- 
Assert Command: iadmin mkuser alice rodsuser
Expecting EMPTY: ['']
  stdout:
    | 
  stderr:
    | 
Output found

 --- IrodsSession: icommand executed by [rods#tempZone] [iadmin moduser alice password apass] --- 
Assert Command: iadmin moduser alice password apass
Expecting EMPTY: ['']
  stdout:
    | 
  stderr:
    | 
Output found

 --- IrodsSession: icommand executed by [alice#tempZone] [iinit] --- 
Assert Command: iinit
Expecting STDOUT_SINGLELINE: ['']
  stdout:
    | WARNING: Error 25 disabling echo mode. Password will be displayed in plaintext.
    | Enter your current iRODS password:
  stderr:
    | 
Output found

 --- IrodsSession: icommand executed by [alice#tempZone] [imkdir /tempZone/home/alice/2024-08-05Z21:31:41--irods-testing-yy0p0pgw] --- 
Assert Command: imkdir /tempZone/home/alice/2024-08-05Z21:31:41--irods-testing-yy0p0pgw
Expecting EMPTY: ['']
  stdout:
    | 
  stderr:
    | 
Output found

 --- IrodsSession: icommand executed by [alice#tempZone] [icd /tempZone/home/alice/2024-08-05Z21:31:41--irods-testing-yy0p0pgw] --- 
Assert Command: icd /tempZone/home/alice/2024-08-05Z21:31:41--irods-testing-yy0p0pgw
Expecting EMPTY: ['']
  stdout:
    | 
  stderr:
    | 
Output found

 --- IrodsSession: icommand executed by [rods#tempZone] [iinit] --- 
Assert Command: iinit
Expecting STDOUT_SINGLELINE: ['']
  stdout:
    | WARNING: Error 25 disabling echo mode. Password will be displayed in plaintext.
    | Enter your current iRODS password:
  stderr:
    | 
Output found

 --- IrodsSession: icommand executed by [rods#tempZone] [iadmin mkuser bobby rodsuser] --- 
Assert Command: iadmin mkuser bobby rodsuser
Expecting EMPTY: ['']
  stdout:
    | 
  stderr:
    | 
Output found

 --- IrodsSession: icommand executed by [rods#tempZone] [iadmin moduser bobby password bpass] --- 
Assert Command: iadmin moduser bobby password bpass
Expecting EMPTY: ['']
  stdout:
    | 
  stderr:
    | 
Output found

 --- IrodsSession: icommand executed by [bobby#tempZone] [iinit] --- 
Assert Command: iinit
Expecting STDOUT_SINGLELINE: ['']
  stdout:
    | WARNING: Error 25 disabling echo mode. Password will be displayed in plaintext.
    | Enter your current iRODS password:
  stderr:
    | 
Output found

 --- IrodsSession: icommand executed by [bobby#tempZone] [imkdir /tempZone/home/bobby/2024-08-05Z21:31:43--irods-testing-zv9ec6a1] --- 
Assert Command: imkdir /tempZone/home/bobby/2024-08-05Z21:31:43--irods-testing-zv9ec6a1
Expecting EMPTY: ['']
  stdout:
    | 
  stderr:
    | 
Output found

 --- IrodsSession: icommand executed by [bobby#tempZone] [icd /tempZone/home/bobby/2024-08-05Z21:31:43--irods-testing-zv9ec6a1] --- 
Assert Command: icd /tempZone/home/bobby/2024-08-05Z21:31:43--irods-testing-zv9ec6a1
Expecting EMPTY: ['']
  stdout:
    | 
  stderr:
    | 
Output found

run_resource_setup - BEGIN
 --- IrodsSession: icommand executed by [otherrods#tempZone] [iadmin mkresc TestResc unixfilesystem d7680432ccfd:/tmp/irods/TestResc] --- 
Assert Command: iadmin mkresc TestResc unixfilesystem d7680432ccfd:/tmp/irods/TestResc
Expecting STDOUT_SINGLELINE: ['unixfilesystem']
  stdout:
    | Creating resource:
    | Name:		"TestResc"
    | Type:		"unixfilesystem"
    | Host:		"d7680432ccfd"
    | Path:		"/tmp/irods/TestResc"
    | Context:	""
  stderr:
    | 
Output found

 --- IrodsSession: icommand executed by [otherrods#tempZone] [iadmin mkresc AnotherResc unixfilesystem d7680432ccfd:/tmp/irods/AnotherResc] --- 
Assert Command: iadmin mkresc AnotherResc unixfilesystem d7680432ccfd:/tmp/irods/AnotherResc
Expecting STDOUT_SINGLELINE: ['unixfilesystem']
  stdout:
    | Creating resource:
    | Name:		"AnotherResc"
    | Type:		"unixfilesystem"
    | Host:		"d7680432ccfd"
    | Path:		"/tmp/irods/AnotherResc"
    | Context:	""
  stderr:
    | 
Output found

 --- IrodsSession: icommand executed by [otherrods#tempZone] [imkdir testdir] --- 
Assert Command: imkdir testdir
Expecting EMPTY: ['']
  stdout:
    | 
  stderr:
    | 
Output found

 --- IrodsSession: icommand executed by [otherrods#tempZone] [iput testfile.txt] --- 
Assert Command: iput testfile.txt
Expecting EMPTY: ['']
  stdout:
    | 
  stderr:
    | 
Output found

 --- IrodsSession: icommand executed by [otherrods#tempZone] [icp testfile.txt ../../public/] --- 
Assert Command: icp testfile.txt ../../public/
Expecting EMPTY: ['']
  stdout:
    | 
  stderr:
    | 
Output found

 --- IrodsSession: icommand executed by [otherrods#tempZone] [ichmod read alice ../../public/testfile.txt] --- 
Assert Command: ichmod read alice ../../public/testfile.txt
Expecting EMPTY: ['']
  stdout:
    | 
  stderr:
    | 
Output found

 --- IrodsSession: icommand executed by [otherrods#tempZone] [ichmod write bobby ../../public/testfile.txt] --- 
Assert Command: ichmod write bobby ../../public/testfile.txt
Expecting EMPTY: ['']
  stdout:
    | 
  stderr:
    | 
Output found

run_resource_setup - END
 --- IrodsSession: icommand executed by [otherrods#tempZone] [iadmin mkresc detached_resource unixfilesystem irods.org:/tmp/irods-testing-3kl3iopv/detached_resource_vault] --- 
Assert Command: iadmin mkresc detached_resource unixfilesystem irods.org:/tmp/irods-testing-3kl3iopv/detached_resource_vault
Expecting STDOUT: ['detached_resource']
  stdout:
    | Creating resource:
    | Name:		"detached_resource"
    | Type:		"unixfilesystem"
    | Host:		"irods.org"
    | Path:		"/tmp/irods-testing-3kl3iopv/detached_resource_vault"
    | Context:	""
  stderr:
    | 
Output found

 --- IrodsSession: icommand executed by [otherrods#tempZone] [iadmin modresc detached_resource context host_mode=detached;host_list=irods.org,some_other_host] --- 
Assert Command: iadmin modresc detached_resource context host_mode=detached;host_list=irods.org,some_other_host
Expecting EMPTY: ['']
  stdout:
    | 
  stderr:
    | 
Output found

 --- IrodsSession: icommand executed by [otherrods#tempZone] [iput -R detached_resource f1] --- 
Assert Command: iput -R detached_resource f1
Expecting STDERR: ['USER_SOCK_CONNECT_ERR']
  stdout:
    | 
  stderr:
    | remote addresses: 10.201.24.5 ERROR: putUtil: put error for /tempZone/home/otherrods/2024-08-05Z21:31:40--irods-testing-3kl3iopv/f1, status = -305113 status = -305113 USER_SOCK_CONNECT_ERR, No route to host
Output found

 --- IrodsSession: icommand executed by [otherrods#tempZone] [ils -L f1] --- 
Assert Command: ils -L f1
Expecting STDERR_SINGLELINE: ['does not exist']
  stdout:
    | 
  stderr:
    | remote addresses: 10.201.24.5 ERROR: lsUtil: srcPath /tempZone/home/otherrods/2024-08-05Z21:31:40--irods-testing-3kl3iopv/f1 does not exist or user lacks access permission
Output found

 --- IrodsSession: icommand executed by [otherrods#tempZone] [iadmin rmresc detached_resource] --- 
Assert Command: iadmin rmresc detached_resource
Expecting EMPTY: ['']
  stdout:
    | 
  stderr:
    | 
Output found

run_resource_teardown - BEGIN
 --- IrodsSession: icommand executed by [otherrods#tempZone] [icd] --- 
 --- IrodsSession: icommand executed by [otherrods#tempZone] [irm testfile.txt ../public/testfile.txt] --- 
 --- IrodsSession: icommand executed by [otherrods#tempZone] [irm -rf ../../bundle] --- 
 --- IrodsSession: icommand executed by [rods#tempZone] [iinit] --- 
Assert Command: iinit
Expecting STDOUT_SINGLELINE: ['']
  stdout:
    | WARNING: Error 25 disabling echo mode. Password will be displayed in plaintext.
    | Enter your current iRODS password:
  stderr:
    | 
Output found

 --- IrodsSession: icommand executed by [otherrods#tempZone] [icd] --- 
Assert Command: icd
Expecting EMPTY: ['']
  stdout:
    | 
  stderr:
    | 
Output found

 --- IrodsSession: icommand executed by [otherrods#tempZone] [irm -rf /tempZone/home/otherrods/2024-08-05Z21:31:40--irods-testing-3kl3iopv] --- 
Assert Command: irm -rf /tempZone/home/otherrods/2024-08-05Z21:31:40--irods-testing-3kl3iopv
Expecting EMPTY: ['']
  stdout:
    | 
  stderr:
    | 
Output found

 --- IrodsSession: icommand executed by [otherrods#tempZone] [irmtrash] --- 
Assert Command: irmtrash
Expecting EMPTY: ['']
  stdout:
    | 
  stderr:
    | 
Output found

 --- IrodsSession: icommand executed by [rods#tempZone] [iadmin rmuser otherrods] --- 
Assert Command: iadmin rmuser otherrods
Expecting EMPTY: ['']
  stdout:
    | 
  stderr:
    | 
Output found

 --- IrodsSession: icommand executed by [alice#tempZone] [icd] --- 
Assert Command: icd
Expecting EMPTY: ['']
  stdout:
    | 
  stderr:
    | 
Output found

 --- IrodsSession: icommand executed by [alice#tempZone] [irm -rf /tempZone/home/alice/2024-08-05Z21:31:41--irods-testing-yy0p0pgw] --- 
Assert Command: irm -rf /tempZone/home/alice/2024-08-05Z21:31:41--irods-testing-yy0p0pgw
Expecting EMPTY: ['']
  stdout:
    | 
  stderr:
    | 
Output found

 --- IrodsSession: icommand executed by [alice#tempZone] [irmtrash] --- 
Assert Command: irmtrash
Expecting EMPTY: ['']
  stdout:
    | 
  stderr:
    | 
Output found

 --- IrodsSession: icommand executed by [rods#tempZone] [iadmin rmuser alice] --- 
Assert Command: iadmin rmuser alice
Expecting EMPTY: ['']
  stdout:
    | 
  stderr:
    | 
Output found

 --- IrodsSession: icommand executed by [bobby#tempZone] [icd] --- 
Assert Command: icd
Expecting EMPTY: ['']
  stdout:
    | 
  stderr:
    | 
Output found

 --- IrodsSession: icommand executed by [bobby#tempZone] [irm -rf /tempZone/home/bobby/2024-08-05Z21:31:43--irods-testing-zv9ec6a1] --- 
Assert Command: irm -rf /tempZone/home/bobby/2024-08-05Z21:31:43--irods-testing-zv9ec6a1
Expecting EMPTY: ['']
  stdout:
    | 
  stderr:
    | 
Output found

 --- IrodsSession: icommand executed by [bobby#tempZone] [irmtrash] --- 
Assert Command: irmtrash
Expecting EMPTY: ['']
  stdout:
    | 
  stderr:
    | 
Output found

 --- IrodsSession: icommand executed by [rods#tempZone] [iadmin rmuser bobby] --- 
Assert Command: iadmin rmuser bobby
Expecting EMPTY: ['']
  stdout:
    | 
  stderr:
    | 
Output found

 --- IrodsSession: icommand executed by [rods#tempZone] [iinit] --- 
Assert Command: iinit
Expecting STDOUT_SINGLELINE: ['']
  stdout:
    | WARNING: Error 25 disabling echo mode. Password will be displayed in plaintext.
    | Enter your current iRODS password:
  stderr:
    | 
Output found

 --- IrodsSession: icommand executed by [rods#tempZone] [irmtrash -M] --- 
 --- IrodsSession: icommand executed by [rods#tempZone] [iadmin rmresc TestResc] --- 
 --- IrodsSession: icommand executed by [rods#tempZone] [iadmin rmresc AnotherResc] --- 
run_resource_teardown - END
 --- IrodsSession: icommand executed by [rods#tempZone] [iinit] --- 
Assert Command: iinit
Expecting STDOUT_SINGLELINE: ['']
  stdout:
    | WARNING: Error 25 disabling echo mode. Password will be displayed in plaintext.
    | Enter your current iRODS password:
  stderr:
    | 
Output found

 --- IrodsSession: icommand executed by [rods#tempZone] [iadmin rmresc demoResc] --- 
Assert Command: iadmin rmresc demoResc
Expecting EMPTY: ['']
  stdout:
    | 
  stderr:
    | 
Output found

 --- IrodsSession: icommand executed by [rods#tempZone] [iadmin modresc origResc name demoResc] --- 
Assert Command: iadmin modresc origResc name demoResc
Expecting STDOUT_SINGLELINE: ['rename']
  stdout:
    | If you modify a resource name, you and other users will need to
    | change your irods_environment.json files to use it, you may need to update
    | server_config.json and, if rules use the resource name, you'll need to
    | update the core rules (core.re).  This command will update various
    | tables with the new name.
    | Do you really want to modify the resource name? (enter y or yes to do so):OK, performing the resource rename
  stderr:
    | 
Output found

]]></system-out>
	</testcase>
	<testcase classname="irods.test.test_resource_types.Test_Resource_Unixfilesystem" name="test_detached_mode_in_host_list__issue_4421" time="11.815" timestamp="2024-08-05T21:32:02" file="scripts/irods/test/test_resource_types.py" line="702">
		<system-out><![CDATA[ --- IrodsSession: icommand executed by [rods#tempZone] [iinit] --- 
Assert Command: iinit
Expecting STDOUT_SINGLELINE: ['']
  stdout:
    | WARNING: Error 25 disabling echo mode. Password will be displayed in plaintext.
    | Enter your current iRODS password:
  stderr:
    | 
Output found

 --- IrodsSession: icommand executed by [rods#tempZone] [iadmin modresc demoResc name origResc] --- 
Assert Command: iadmin modresc demoResc name origResc
Expecting STDOUT_SINGLELINE: ['rename']
  stdout:
    | If you modify a resource name, you and other users will need to
    | change your irods_environment.json files to use it, you may need to update
    | server_config.json and, if rules use the resource name, you'll need to
    | update the core rules (core.re).  This command will update various
    | tables with the new name.
    | Do you really want to modify the resource name? (enter y or yes to do so):OK, performing the resource rename
  stderr:
    | 
Output found

 --- IrodsSession: icommand executed by [rods#tempZone] [iadmin mkresc demoResc 'unixfilesystem' d7680432ccfd:/var/lib/irods/demoRescVault] --- 
Assert Command: iadmin mkresc demoResc 'unixfilesystem' d7680432ccfd:/var/lib/irods/demoRescVault
Expecting STDOUT_SINGLELINE: ['unixfilesystem']
  stdout:
    | Creating resource:
    | Name:		"demoResc"
    | Type:		"unixfilesystem"
    | Host:		"d7680432ccfd"
    | Path:		"/var/lib/irods/demoRescVault"
    | Context:	""
  stderr:
    | 
Output found

 --- IrodsSession: icommand executed by [rods#tempZone] [iinit] --- 
Assert Command: iinit
Expecting STDOUT_SINGLELINE: ['']
  stdout:
    | WARNING: Error 25 disabling echo mode. Password will be displayed in plaintext.
    | Enter your current iRODS password:
  stderr:
    | 
Output found

 --- IrodsSession: icommand executed by [rods#tempZone] [iinit] --- 
Assert Command: iinit
Expecting STDOUT_SINGLELINE: ['']
  stdout:
    | WARNING: Error 25 disabling echo mode. Password will be displayed in plaintext.
    | Enter your current iRODS password:
  stderr:
    | 
Output found

 --- IrodsSession: icommand executed by [rods#tempZone] [iadmin mkuser otherrods rodsadmin] --- 
Assert Command: iadmin mkuser otherrods rodsadmin
Expecting EMPTY: ['']
  stdout:
    | 
  stderr:
    | 
Output found

 --- IrodsSession: icommand executed by [rods#tempZone] [iadmin moduser otherrods password rods] --- 
Assert Command: iadmin moduser otherrods password rods
Expecting EMPTY: ['']
  stdout:
    | 
  stderr:
    | 
Output found

 --- IrodsSession: icommand executed by [otherrods#tempZone] [iinit] --- 
Assert Command: iinit
Expecting STDOUT_SINGLELINE: ['']
  stdout:
    | WARNING: Error 25 disabling echo mode. Password will be displayed in plaintext.
    | Enter your current iRODS password:
  stderr:
    | 
Output found

 --- IrodsSession: icommand executed by [otherrods#tempZone] [imkdir /tempZone/home/otherrods/2024-08-05Z21:31:51--irods-testing-n59_x492] --- 
Assert Command: imkdir /tempZone/home/otherrods/2024-08-05Z21:31:51--irods-testing-n59_x492
Expecting EMPTY: ['']
  stdout:
    | 
  stderr:
    | 
Output found

 --- IrodsSession: icommand executed by [otherrods#tempZone] [icd /tempZone/home/otherrods/2024-08-05Z21:31:51--irods-testing-n59_x492] --- 
Assert Command: icd /tempZone/home/otherrods/2024-08-05Z21:31:51--irods-testing-n59_x492
Expecting EMPTY: ['']
  stdout:
    | 
  stderr:
    | 
Output found

 --- IrodsSession: icommand executed by [rods#tempZone] [iinit] --- 
Assert Command: iinit
Expecting STDOUT_SINGLELINE: ['']
  stdout:
    | WARNING: Error 25 disabling echo mode. Password will be displayed in plaintext.
    | Enter your current iRODS password:
  stderr:
    | 
Output found

 --- IrodsSession: icommand executed by [rods#tempZone] [iadmin mkuser alice rodsuser] --- 
Assert Command: iadmin mkuser alice rodsuser
Expecting EMPTY: ['']
  stdout:
    | 
  stderr:
    | 
Output found

 --- IrodsSession: icommand executed by [rods#tempZone] [iadmin moduser alice password apass] --- 
Assert Command: iadmin moduser alice password apass
Expecting EMPTY: ['']
  stdout:
    | 
  stderr:
    | 
Output found

 --- IrodsSession: icommand executed by [alice#tempZone] [iinit] --- 
Assert Command: iinit
Expecting STDOUT_SINGLELINE: ['']
  stdout:
    | WARNING: Error 25 disabling echo mode. Password will be displayed in plaintext.
    | Enter your current iRODS password:
  stderr:
    | 
Output found

 --- IrodsSession: icommand executed by [alice#tempZone] [imkdir /tempZone/home/alice/2024-08-05Z21:31:53--irods-testing-xgk9lmy9] --- 
Assert Command: imkdir /tempZone/home/alice/2024-08-05Z21:31:53--irods-testing-xgk9lmy9
Expecting EMPTY: ['']
  stdout:
    | 
  stderr:
    | 
Output found

 --- IrodsSession: icommand executed by [alice#tempZone] [icd /tempZone/home/alice/2024-08-05Z21:31:53--irods-testing-xgk9lmy9] --- 
Assert Command: icd /tempZone/home/alice/2024-08-05Z21:31:53--irods-testing-xgk9lmy9
Expecting EMPTY: ['']
  stdout:
    | 
  stderr:
    | 
Output found

 --- IrodsSession: icommand executed by [rods#tempZone] [iinit] --- 
Assert Command: iinit
Expecting STDOUT_SINGLELINE: ['']
  stdout:
    | WARNING: Error 25 disabling echo mode. Password will be displayed in plaintext.
    | Enter your current iRODS password:
  stderr:
    | 
Output found

 --- IrodsSession: icommand executed by [rods#tempZone] [iadmin mkuser bobby rodsuser] --- 
Assert Command: iadmin mkuser bobby rodsuser
Expecting EMPTY: ['']
  stdout:
    | 
  stderr:
    | 
Output found

 --- IrodsSession: icommand executed by [rods#tempZone] [iadmin moduser bobby password bpass] --- 
Assert Command: iadmin moduser bobby password bpass
Expecting EMPTY: ['']
  stdout:
    | 
  stderr:
    | 
Output found

 --- IrodsSession: icommand executed by [bobby#tempZone] [iinit] --- 
Assert Command: iinit
Expecting STDOUT_SINGLELINE: ['']
  stdout:
    | WARNING: Error 25 disabling echo mode. Password will be displayed in plaintext.
    | Enter your current iRODS password:
  stderr:
    | 
Output found

 --- IrodsSession: icommand executed by [bobby#tempZone] [imkdir /tempZone/home/bobby/2024-08-05Z21:31:54--irods-testing-_ddn4319] --- 
Assert Command: imkdir /tempZone/home/bobby/2024-08-05Z21:31:54--irods-testing-_ddn4319
Expecting EMPTY: ['']
  stdout:
    | 
  stderr:
    | 
Output found

 --- IrodsSession: icommand executed by [bobby#tempZone] [icd /tempZone/home/bobby/2024-08-05Z21:31:54--irods-testing-_ddn4319] --- 
Assert Command: icd /tempZone/home/bobby/2024-08-05Z21:31:54--irods-testing-_ddn4319
Expecting EMPTY: ['']
  stdout:
    | 
  stderr:
    | 
Output found

run_resource_setup - BEGIN
 --- IrodsSession: icommand executed by [otherrods#tempZone] [iadmin mkresc TestResc unixfilesystem d7680432ccfd:/tmp/irods/TestResc] --- 
Assert Command: iadmin mkresc TestResc unixfilesystem d7680432ccfd:/tmp/irods/TestResc
Expecting STDOUT_SINGLELINE: ['unixfilesystem']
  stdout:
    | Creating resource:
    | Name:		"TestResc"
    | Type:		"unixfilesystem"
    | Host:		"d7680432ccfd"
    | Path:		"/tmp/irods/TestResc"
    | Context:	""
  stderr:
    | 
Output found

 --- IrodsSession: icommand executed by [otherrods#tempZone] [iadmin mkresc AnotherResc unixfilesystem d7680432ccfd:/tmp/irods/AnotherResc] --- 
Assert Command: iadmin mkresc AnotherResc unixfilesystem d7680432ccfd:/tmp/irods/AnotherResc
Expecting STDOUT_SINGLELINE: ['unixfilesystem']
  stdout:
    | Creating resource:
    | Name:		"AnotherResc"
    | Type:		"unixfilesystem"
    | Host:		"d7680432ccfd"
    | Path:		"/tmp/irods/AnotherResc"
    | Context:	""
  stderr:
    | 
Output found

 --- IrodsSession: icommand executed by [otherrods#tempZone] [imkdir testdir] --- 
Assert Command: imkdir testdir
Expecting EMPTY: ['']
  stdout:
    | 
  stderr:
    | 
Output found

 --- IrodsSession: icommand executed by [otherrods#tempZone] [iput testfile.txt] --- 
Assert Command: iput testfile.txt
Expecting EMPTY: ['']
  stdout:
    | 
  stderr:
    | 
Output found

 --- IrodsSession: icommand executed by [otherrods#tempZone] [icp testfile.txt ../../public/] --- 
Assert Command: icp testfile.txt ../../public/
Expecting EMPTY: ['']
  stdout:
    | 
  stderr:
    | 
Output found

 --- IrodsSession: icommand executed by [otherrods#tempZone] [ichmod read alice ../../public/testfile.txt] --- 
Assert Command: ichmod read alice ../../public/testfile.txt
Expecting EMPTY: ['']
  stdout:
    | 
  stderr:
    | 
Output found

 --- IrodsSession: icommand executed by [otherrods#tempZone] [ichmod write bobby ../../public/testfile.txt] --- 
Assert Command: ichmod write bobby ../../public/testfile.txt
Expecting EMPTY: ['']
  stdout:
    | 
  stderr:
    | 
Output found

run_resource_setup - END
 --- IrodsSession: icommand executed by [otherrods#tempZone] [iadmin mkresc detached_resource unixfilesystem irods.org:/tmp/irods-testing-n59_x492/detached_resource_vault] --- 
Assert Command: iadmin mkresc detached_resource unixfilesystem irods.org:/tmp/irods-testing-n59_x492/detached_resource_vault
Expecting STDOUT: ['detached_resource']
  stdout:
    | Creating resource:
    | Name:		"detached_resource"
    | Type:		"unixfilesystem"
    | Host:		"irods.org"
    | Path:		"/tmp/irods-testing-n59_x492/detached_resource_vault"
    | Context:	""
  stderr:
    | 
Output found

 --- IrodsSession: icommand executed by [otherrods#tempZone] [iadmin modresc detached_resource context host_mode=detached;host_list=irods.org,d7680432ccfd] --- 
Assert Command: iadmin modresc detached_resource context host_mode=detached;host_list=irods.org,d7680432ccfd
Expecting EMPTY: ['']
  stdout:
    | 
  stderr:
    | 
Output found

 --- IrodsSession: icommand executed by [otherrods#tempZone] [iput -R detached_resource f1] --- 
Assert Command: iput -R detached_resource f1
Expecting EMPTY: ['']
  stdout:
    | 
  stderr:
    | 
Output found

 --- IrodsSession: icommand executed by [otherrods#tempZone] [iget f1 f2] --- 
Assert Command: iget f1 f2
Expecting EMPTY: ['']
  stdout:
    | 
  stderr:
    | 
Output found

 --- IrodsSession: icommand executed by [otherrods#tempZone] [diff f1 f2 ] --- 
Assert Command: diff f1 f2 
Expecting EMPTY: ['']
  stdout:
    | 
  stderr:
    | 
Output found

 --- IrodsSession: icommand executed by [otherrods#tempZone] [irm -f f1] --- 
Assert Command: irm -f f1
Expecting EMPTY: ['']
  stdout:
    | 
  stderr:
    | 
Output found

 --- IrodsSession: icommand executed by [otherrods#tempZone] [iadmin rmresc detached_resource] --- 
Assert Command: iadmin rmresc detached_resource
Expecting EMPTY: ['']
  stdout:
    | 
  stderr:
    | 
Output found

run_resource_teardown - BEGIN
 --- IrodsSession: icommand executed by [otherrods#tempZone] [icd] --- 
 --- IrodsSession: icommand executed by [otherrods#tempZone] [irm testfile.txt ../public/testfile.txt] --- 
 --- IrodsSession: icommand executed by [otherrods#tempZone] [irm -rf ../../bundle] --- 
 --- IrodsSession: icommand executed by [rods#tempZone] [iinit] --- 
Assert Command: iinit
Expecting STDOUT_SINGLELINE: ['']
  stdout:
    | WARNING: Error 25 disabling echo mode. Password will be displayed in plaintext.
    | Enter your current iRODS password:
  stderr:
    | 
Output found

 --- IrodsSession: icommand executed by [otherrods#tempZone] [icd] --- 
Assert Command: icd
Expecting EMPTY: ['']
  stdout:
    | 
  stderr:
    | 
Output found

 --- IrodsSession: icommand executed by [otherrods#tempZone] [irm -rf /tempZone/home/otherrods/2024-08-05Z21:31:51--irods-testing-n59_x492] --- 
Assert Command: irm -rf /tempZone/home/otherrods/2024-08-05Z21:31:51--irods-testing-n59_x492
Expecting EMPTY: ['']
  stdout:
    | 
  stderr:
    | 
Output found

 --- IrodsSession: icommand executed by [otherrods#tempZone] [irmtrash] --- 
Assert Command: irmtrash
Expecting EMPTY: ['']
  stdout:
    | 
  stderr:
    | 
Output found

 --- IrodsSession: icommand executed by [rods#tempZone] [iadmin rmuser otherrods] --- 
Assert Command: iadmin rmuser otherrods
Expecting EMPTY: ['']
  stdout:
    | 
  stderr:
    | 
Output found

 --- IrodsSession: icommand executed by [alice#tempZone] [icd] --- 
Assert Command: icd
Expecting EMPTY: ['']
  stdout:
    | 
  stderr:
    | 
Output found

 --- IrodsSession: icommand executed by [alice#tempZone] [irm -rf /tempZone/home/alice/2024-08-05Z21:31:53--irods-testing-xgk9lmy9] --- 
Assert Command: irm -rf /tempZone/home/alice/2024-08-05Z21:31:53--irods-testing-xgk9lmy9
Expecting EMPTY: ['']
  stdout:
    | 
  stderr:
    | 
Output found

 --- IrodsSession: icommand executed by [alice#tempZone] [irmtrash] --- 
Assert Command: irmtrash
Expecting EMPTY: ['']
  stdout:
    | 
  stderr:
    | 
Output found

 --- IrodsSession: icommand executed by [rods#tempZone] [iadmin rmuser alice] --- 
Assert Command: iadmin rmuser alice
Expecting EMPTY: ['']
  stdout:
    | 
  stderr:
    | 
Output found

 --- IrodsSession: icommand executed by [bobby#tempZone] [icd] --- 
Assert Command: icd
Expecting EMPTY: ['']
  stdout:
    | 
  stderr:
    | 
Output found

 --- IrodsSession: icommand executed by [bobby#tempZone] [irm -rf /tempZone/home/bobby/2024-08-05Z21:31:54--irods-testing-_ddn4319] --- 
Assert Command: irm -rf /tempZone/home/bobby/2024-08-05Z21:31:54--irods-testing-_ddn4319
Expecting EMPTY: ['']
  stdout:
    | 
  stderr:
    | 
Output found

 --- IrodsSession: icommand executed by [bobby#tempZone] [irmtrash] --- 
Assert Command: irmtrash
Expecting EMPTY: ['']
  stdout:
    | 
  stderr:
    | 
Output found

 --- IrodsSession: icommand executed by [rods#tempZone] [iadmin rmuser bobby] --- 
Assert Command: iadmin rmuser bobby
Expecting EMPTY: ['']
  stdout:
    | 
  stderr:
    | 
Output found

 --- IrodsSession: icommand executed by [rods#tempZone] [iinit] --- 
Assert Command: iinit
Expecting STDOUT_SINGLELINE: ['']
  stdout:
    | WARNING: Error 25 disabling echo mode. Password will be displayed in plaintext.
    | Enter your current iRODS password:
  stderr:
    | 
Output found

 --- IrodsSession: icommand executed by [rods#tempZone] [irmtrash -M] --- 
 --- IrodsSession: icommand executed by [rods#tempZone] [iadmin rmresc TestResc] --- 
 --- IrodsSession: icommand executed by [rods#tempZone] [iadmin rmresc AnotherResc] --- 
run_resource_teardown - END
 --- IrodsSession: icommand executed by [rods#tempZone] [iinit] --- 
Assert Command: iinit
Expecting STDOUT_SINGLELINE: ['']
  stdout:
    | WARNING: Error 25 disabling echo mode. Password will be displayed in plaintext.
    | Enter your current iRODS password:
  stderr:
    | 
Output found

 --- IrodsSession: icommand executed by [rods#tempZone] [iadmin rmresc demoResc] --- 
Assert Command: iadmin rmresc demoResc
Expecting EMPTY: ['']
  stdout:
    | 
  stderr:
    | 
Output found

 --- IrodsSession: icommand executed by [rods#tempZone] [iadmin modresc origResc name demoResc] --- 
Assert Command: iadmin modresc origResc name demoResc
Expecting STDOUT_SINGLELINE: ['rename']
  stdout:
    | If you modify a resource name, you and other users will need to
    | change your irods_environment.json files to use it, you may need to update
    | server_config.json and, if rules use the resource name, you'll need to
    | update the core rules (core.re).  This command will update various
    | tables with the new name.
    | Do you really want to modify the resource name? (enter y or yes to do so):OK, performing the resource rename
  stderr:
    | 
Output found

]]></system-out>
	</testcase>
	<testcase classname="irods.test.test_resource_types.Test_Resource_Unixfilesystem" name="test_detached_mode_in_host_list_not_case_matching__issue_4421" time="11.505" timestamp="2024-08-05T21:32:13" file="scripts/irods/test/test_resource_types.py" line="738">
		<system-out><![CDATA[ --- IrodsSession: icommand executed by [rods#tempZone] [iinit] --- 
Assert Command: iinit
Expecting STDOUT_SINGLELINE: ['']
  stdout:
    | WARNING: Error 25 disabling echo mode. Password will be displayed in plaintext.
    | Enter your current iRODS password:
  stderr:
    | 
Output found

 --- IrodsSession: icommand executed by [rods#tempZone] [iadmin modresc demoResc name origResc] --- 
Assert Command: iadmin modresc demoResc name origResc
Expecting STDOUT_SINGLELINE: ['rename']
  stdout:
    | If you modify a resource name, you and other users will need to
    | change your irods_environment.json files to use it, you may need to update
    | server_config.json and, if rules use the resource name, you'll need to
    | update the core rules (core.re).  This command will update various
    | tables with the new name.
    | Do you really want to modify the resource name? (enter y or yes to do so):OK, performing the resource rename
  stderr:
    | 
Output found

 --- IrodsSession: icommand executed by [rods#tempZone] [iadmin mkresc demoResc 'unixfilesystem' d7680432ccfd:/var/lib/irods/demoRescVault] --- 
Assert Command: iadmin mkresc demoResc 'unixfilesystem' d7680432ccfd:/var/lib/irods/demoRescVault
Expecting STDOUT_SINGLELINE: ['unixfilesystem']
  stdout:
    | Creating resource:
    | Name:		"demoResc"
    | Type:		"unixfilesystem"
    | Host:		"d7680432ccfd"
    | Path:		"/var/lib/irods/demoRescVault"
    | Context:	""
  stderr:
    | 
Output found

 --- IrodsSession: icommand executed by [rods#tempZone] [iinit] --- 
Assert Command: iinit
Expecting STDOUT_SINGLELINE: ['']
  stdout:
    | WARNING: Error 25 disabling echo mode. Password will be displayed in plaintext.
    | Enter your current iRODS password:
  stderr:
    | 
Output found

 --- IrodsSession: icommand executed by [rods#tempZone] [iinit] --- 
Assert Command: iinit
Expecting STDOUT_SINGLELINE: ['']
  stdout:
    | WARNING: Error 25 disabling echo mode. Password will be displayed in plaintext.
    | Enter your current iRODS password:
  stderr:
    | 
Output found

 --- IrodsSession: icommand executed by [rods#tempZone] [iadmin mkuser otherrods rodsadmin] --- 
Assert Command: iadmin mkuser otherrods rodsadmin
Expecting EMPTY: ['']
  stdout:
    | 
  stderr:
    | 
Output found

 --- IrodsSession: icommand executed by [rods#tempZone] [iadmin moduser otherrods password rods] --- 
Assert Command: iadmin moduser otherrods password rods
Expecting EMPTY: ['']
  stdout:
    | 
  stderr:
    | 
Output found

 --- IrodsSession: icommand executed by [otherrods#tempZone] [iinit] --- 
Assert Command: iinit
Expecting STDOUT_SINGLELINE: ['']
  stdout:
    | WARNING: Error 25 disabling echo mode. Password will be displayed in plaintext.
    | Enter your current iRODS password:
  stderr:
    | 
Output found

 --- IrodsSession: icommand executed by [otherrods#tempZone] [imkdir /tempZone/home/otherrods/2024-08-05Z21:32:03--irods-testing-4mpa2mmt] --- 
Assert Command: imkdir /tempZone/home/otherrods/2024-08-05Z21:32:03--irods-testing-4mpa2mmt
Expecting EMPTY: ['']
  stdout:
    | 
  stderr:
    | 
Output found

 --- IrodsSession: icommand executed by [otherrods#tempZone] [icd /tempZone/home/otherrods/2024-08-05Z21:32:03--irods-testing-4mpa2mmt] --- 
Assert Command: icd /tempZone/home/otherrods/2024-08-05Z21:32:03--irods-testing-4mpa2mmt
Expecting EMPTY: ['']
  stdout:
    | 
  stderr:
    | 
Output found

 --- IrodsSession: icommand executed by [rods#tempZone] [iinit] --- 
Assert Command: iinit
Expecting STDOUT_SINGLELINE: ['']
  stdout:
    | WARNING: Error 25 disabling echo mode. Password will be displayed in plaintext.
    | Enter your current iRODS password:
  stderr:
    | 
Output found

 --- IrodsSession: icommand executed by [rods#tempZone] [iadmin mkuser alice rodsuser] --- 
Assert Command: iadmin mkuser alice rodsuser
Expecting EMPTY: ['']
  stdout:
    | 
  stderr:
    | 
Output found

 --- IrodsSession: icommand executed by [rods#tempZone] [iadmin moduser alice password apass] --- 
Assert Command: iadmin moduser alice password apass
Expecting EMPTY: ['']
  stdout:
    | 
  stderr:
    | 
Output found

 --- IrodsSession: icommand executed by [alice#tempZone] [iinit] --- 
Assert Command: iinit
Expecting STDOUT_SINGLELINE: ['']
  stdout:
    | WARNING: Error 25 disabling echo mode. Password will be displayed in plaintext.
    | Enter your current iRODS password:
  stderr:
    | 
Output found

 --- IrodsSession: icommand executed by [alice#tempZone] [imkdir /tempZone/home/alice/2024-08-05Z21:32:04--irods-testing-v0bra4mf] --- 
Assert Command: imkdir /tempZone/home/alice/2024-08-05Z21:32:04--irods-testing-v0bra4mf
Expecting EMPTY: ['']
  stdout:
    | 
  stderr:
    | 
Output found

 --- IrodsSession: icommand executed by [alice#tempZone] [icd /tempZone/home/alice/2024-08-05Z21:32:04--irods-testing-v0bra4mf] --- 
Assert Command: icd /tempZone/home/alice/2024-08-05Z21:32:04--irods-testing-v0bra4mf
Expecting EMPTY: ['']
  stdout:
    | 
  stderr:
    | 
Output found

 --- IrodsSession: icommand executed by [rods#tempZone] [iinit] --- 
Assert Command: iinit
Expecting STDOUT_SINGLELINE: ['']
  stdout:
    | WARNING: Error 25 disabling echo mode. Password will be displayed in plaintext.
    | Enter your current iRODS password:
  stderr:
    | 
Output found

 --- IrodsSession: icommand executed by [rods#tempZone] [iadmin mkuser bobby rodsuser] --- 
Assert Command: iadmin mkuser bobby rodsuser
Expecting EMPTY: ['']
  stdout:
    | 
  stderr:
    | 
Output found

 --- IrodsSession: icommand executed by [rods#tempZone] [iadmin moduser bobby password bpass] --- 
Assert Command: iadmin moduser bobby password bpass
Expecting EMPTY: ['']
  stdout:
    | 
  stderr:
    | 
Output found

 --- IrodsSession: icommand executed by [bobby#tempZone] [iinit] --- 
Assert Command: iinit
Expecting STDOUT_SINGLELINE: ['']
  stdout:
    | WARNING: Error 25 disabling echo mode. Password will be displayed in plaintext.
    | Enter your current iRODS password:
  stderr:
    | 
Output found

 --- IrodsSession: icommand executed by [bobby#tempZone] [imkdir /tempZone/home/bobby/2024-08-05Z21:32:05--irods-testing-1tsgdvwc] --- 
Assert Command: imkdir /tempZone/home/bobby/2024-08-05Z21:32:05--irods-testing-1tsgdvwc
Expecting EMPTY: ['']
  stdout:
    | 
  stderr:
    | 
Output found

 --- IrodsSession: icommand executed by [bobby#tempZone] [icd /tempZone/home/bobby/2024-08-05Z21:32:05--irods-testing-1tsgdvwc] --- 
Assert Command: icd /tempZone/home/bobby/2024-08-05Z21:32:05--irods-testing-1tsgdvwc
Expecting EMPTY: ['']
  stdout:
    | 
  stderr:
    | 
Output found

run_resource_setup - BEGIN
 --- IrodsSession: icommand executed by [otherrods#tempZone] [iadmin mkresc TestResc unixfilesystem d7680432ccfd:/tmp/irods/TestResc] --- 
Assert Command: iadmin mkresc TestResc unixfilesystem d7680432ccfd:/tmp/irods/TestResc
Expecting STDOUT_SINGLELINE: ['unixfilesystem']
  stdout:
    | Creating resource:
    | Name:		"TestResc"
    | Type:		"unixfilesystem"
    | Host:		"d7680432ccfd"
    | Path:		"/tmp/irods/TestResc"
    | Context:	""
  stderr:
    | 
Output found

 --- IrodsSession: icommand executed by [otherrods#tempZone] [iadmin mkresc AnotherResc unixfilesystem d7680432ccfd:/tmp/irods/AnotherResc] --- 
Assert Command: iadmin mkresc AnotherResc unixfilesystem d7680432ccfd:/tmp/irods/AnotherResc
Expecting STDOUT_SINGLELINE: ['unixfilesystem']
  stdout:
    | Creating resource:
    | Name:		"AnotherResc"
    | Type:		"unixfilesystem"
    | Host:		"d7680432ccfd"
    | Path:		"/tmp/irods/AnotherResc"
    | Context:	""
  stderr:
    | 
Output found

 --- IrodsSession: icommand executed by [otherrods#tempZone] [imkdir testdir] --- 
Assert Command: imkdir testdir
Expecting EMPTY: ['']
  stdout:
    | 
  stderr:
    | 
Output found

 --- IrodsSession: icommand executed by [otherrods#tempZone] [iput testfile.txt] --- 
Assert Command: iput testfile.txt
Expecting EMPTY: ['']
  stdout:
    | 
  stderr:
    | 
Output found

 --- IrodsSession: icommand executed by [otherrods#tempZone] [icp testfile.txt ../../public/] --- 
Assert Command: icp testfile.txt ../../public/
Expecting EMPTY: ['']
  stdout:
    | 
  stderr:
    | 
Output found

 --- IrodsSession: icommand executed by [otherrods#tempZone] [ichmod read alice ../../public/testfile.txt] --- 
Assert Command: ichmod read alice ../../public/testfile.txt
Expecting EMPTY: ['']
  stdout:
    | 
  stderr:
    | 
Output found

 --- IrodsSession: icommand executed by [otherrods#tempZone] [ichmod write bobby ../../public/testfile.txt] --- 
Assert Command: ichmod write bobby ../../public/testfile.txt
Expecting EMPTY: ['']
  stdout:
    | 
  stderr:
    | 
Output found

run_resource_setup - END
 --- IrodsSession: icommand executed by [otherrods#tempZone] [iadmin mkresc detached_resource unixfilesystem irods.org:/tmp/irods-testing-4mpa2mmt/detached_resource_vault] --- 
Assert Command: iadmin mkresc detached_resource unixfilesystem irods.org:/tmp/irods-testing-4mpa2mmt/detached_resource_vault
Expecting STDOUT: ['detached_resource']
  stdout:
    | Creating resource:
    | Name:		"detached_resource"
    | Type:		"unixfilesystem"
    | Host:		"irods.org"
    | Path:		"/tmp/irods-testing-4mpa2mmt/detached_resource_vault"
    | Context:	""
  stderr:
    | 
Output found

 --- IrodsSession: icommand executed by [otherrods#tempZone] [iadmin modresc detached_resource context host_mode=detached;host_list=irods.org,D7680432CCFD] --- 
Assert Command: iadmin modresc detached_resource context host_mode=detached;host_list=irods.org,D7680432CCFD
Expecting EMPTY: ['']
  stdout:
    | 
  stderr:
    | 
Output found

 --- IrodsSession: icommand executed by [otherrods#tempZone] [iput -R detached_resource f1] --- 
Assert Command: iput -R detached_resource f1
Expecting EMPTY: ['']
  stdout:
    | 
  stderr:
    | 
Output found

 --- IrodsSession: icommand executed by [otherrods#tempZone] [iget f1 f2] --- 
Assert Command: iget f1 f2
Expecting EMPTY: ['']
  stdout:
    | 
  stderr:
    | 
Output found

 --- IrodsSession: icommand executed by [otherrods#tempZone] [diff f1 f2 ] --- 
Assert Command: diff f1 f2 
Expecting EMPTY: ['']
  stdout:
    | 
  stderr:
    | 
Output found

 --- IrodsSession: icommand executed by [otherrods#tempZone] [irm -f f1] --- 
Assert Command: irm -f f1
Expecting EMPTY: ['']
  stdout:
    | 
  stderr:
    | 
Output found

 --- IrodsSession: icommand executed by [otherrods#tempZone] [iadmin rmresc detached_resource] --- 
Assert Command: iadmin rmresc detached_resource
Expecting EMPTY: ['']
  stdout:
    | 
  stderr:
    | 
Output found

run_resource_teardown - BEGIN
 --- IrodsSession: icommand executed by [otherrods#tempZone] [icd] --- 
 --- IrodsSession: icommand executed by [otherrods#tempZone] [irm testfile.txt ../public/testfile.txt] --- 
 --- IrodsSession: icommand executed by [otherrods#tempZone] [irm -rf ../../bundle] --- 
 --- IrodsSession: icommand executed by [rods#tempZone] [iinit] --- 
Assert Command: iinit
Expecting STDOUT_SINGLELINE: ['']
  stdout:
    | WARNING: Error 25 disabling echo mode. Password will be displayed in plaintext.
    | Enter your current iRODS password:
  stderr:
    | 
Output found

 --- IrodsSession: icommand executed by [otherrods#tempZone] [icd] --- 
Assert Command: icd
Expecting EMPTY: ['']
  stdout:
    | 
  stderr:
    | 
Output found

 --- IrodsSession: icommand executed by [otherrods#tempZone] [irm -rf /tempZone/home/otherrods/2024-08-05Z21:32:03--irods-testing-4mpa2mmt] --- 
Assert Command: irm -rf /tempZone/home/otherrods/2024-08-05Z21:32:03--irods-testing-4mpa2mmt
Expecting EMPTY: ['']
  stdout:
    | 
  stderr:
    | 
Output found

 --- IrodsSession: icommand executed by [otherrods#tempZone] [irmtrash] --- 
Assert Command: irmtrash
Expecting EMPTY: ['']
  stdout:
    | 
  stderr:
    | 
Output found

 --- IrodsSession: icommand executed by [rods#tempZone] [iadmin rmuser otherrods] --- 
Assert Command: iadmin rmuser otherrods
Expecting EMPTY: ['']
  stdout:
    | 
  stderr:
    | 
Output found

 --- IrodsSession: icommand executed by [alice#tempZone] [icd] --- 
Assert Command: icd
Expecting EMPTY: ['']
  stdout:
    | 
  stderr:
    | 
Output found

 --- IrodsSession: icommand executed by [alice#tempZone] [irm -rf /tempZone/home/alice/2024-08-05Z21:32:04--irods-testing-v0bra4mf] --- 
Assert Command: irm -rf /tempZone/home/alice/2024-08-05Z21:32:04--irods-testing-v0bra4mf
Expecting EMPTY: ['']
  stdout:
    | 
  stderr:
    | 
Output found

 --- IrodsSession: icommand executed by [alice#tempZone] [irmtrash] --- 
Assert Command: irmtrash
Expecting EMPTY: ['']
  stdout:
    | 
  stderr:
    | 
Output found

 --- IrodsSession: icommand executed by [rods#tempZone] [iadmin rmuser alice] --- 
Assert Command: iadmin rmuser alice
Expecting EMPTY: ['']
  stdout:
    | 
  stderr:
    | 
Output found

 --- IrodsSession: icommand executed by [bobby#tempZone] [icd] --- 
Assert Command: icd
Expecting EMPTY: ['']
  stdout:
    | 
  stderr:
    | 
Output found

 --- IrodsSession: icommand executed by [bobby#tempZone] [irm -rf /tempZone/home/bobby/2024-08-05Z21:32:05--irods-testing-1tsgdvwc] --- 
Assert Command: irm -rf /tempZone/home/bobby/2024-08-05Z21:32:05--irods-testing-1tsgdvwc
Expecting EMPTY: ['']
  stdout:
    | 
  stderr:
    | 
Output found

 --- IrodsSession: icommand executed by [bobby#tempZone] [irmtrash] --- 
Assert Command: irmtrash
Expecting EMPTY: ['']
  stdout:
    | 
  stderr:
    | 
Output found

 --- IrodsSession: icommand executed by [rods#tempZone] [iadmin rmuser bobby] --- 
Assert Command: iadmin rmuser bobby
Expecting EMPTY: ['']
  stdout:
    | 
  stderr:
    | 
Output found

 --- IrodsSession: icommand executed by [rods#tempZone] [iinit] --- 
Assert Command: iinit
Expecting STDOUT_SINGLELINE: ['']
  stdout:
    | WARNING: Error 25 disabling echo mode. Password will be displayed in plaintext.
    | Enter your current iRODS password:
  stderr:
    | 
Output found

 --- IrodsSession: icommand executed by [rods#tempZone] [irmtrash -M] --- 
 --- IrodsSession: icommand executed by [rods#tempZone] [iadmin rmresc TestResc] --- 
 --- IrodsSession: icommand executed by [rods#tempZone] [iadmin rmresc AnotherResc] --- 
run_resource_teardown - END
 --- IrodsSession: icommand executed by [rods#tempZone] [iinit] --- 
Assert Command: iinit
Expecting STDOUT_SINGLELINE: ['']
  stdout:
    | WARNING: Error 25 disabling echo mode. Password will be displayed in plaintext.
    | Enter your current iRODS password:
  stderr:
    | 
Output found

 --- IrodsSession: icommand executed by [rods#tempZone] [iadmin rmresc demoResc] --- 
Assert Command: iadmin rmresc demoResc
Expecting EMPTY: ['']
  stdout:
    | 
  stderr:
    | 
Output found

 --- IrodsSession: icommand executed by [rods#tempZone] [iadmin modresc origResc name demoResc] --- 
Assert Command: iadmin modresc origResc name demoResc
Expecting STDOUT_SINGLELINE: ['rename']
  stdout:
    | If you modify a resource name, you and other users will need to
    | change your irods_environment.json files to use it, you may need to update
    | server_config.json and, if rules use the resource name, you'll need to
    | update the core rules (core.re).  This command will update various
    | tables with the new name.
    | Do you really want to modify the resource name? (enter y or yes to do so):OK, performing the resource rename
  stderr:
    | 
Output found

]]></system-out>
	</testcase>
	<testcase classname="irods.test.test_resource_types.Test_Resource_Unixfilesystem" name="test_detached_mode_in_topology__issue_4421" time="13.935" timestamp="2024-08-05T21:32:27" file="scripts/irods/test/test_resource_types.py" line="900">
		<system-out><![CDATA[ --- IrodsSession: icommand executed by [rods#tempZone] [iinit] --- 
Assert Command: iinit
Expecting STDOUT_SINGLELINE: ['']
  stdout:
    | WARNING: Error 25 disabling echo mode. Password will be displayed in plaintext.
    | Enter your current iRODS password:
  stderr:
    | 
Output found

 --- IrodsSession: icommand executed by [rods#tempZone] [iadmin modresc demoResc name origResc] --- 
Assert Command: iadmin modresc demoResc name origResc
Expecting STDOUT_SINGLELINE: ['rename']
  stdout:
    | If you modify a resource name, you and other users will need to
    | change your irods_environment.json files to use it, you may need to update
    | server_config.json and, if rules use the resource name, you'll need to
    | update the core rules (core.re).  This command will update various
    | tables with the new name.
    | Do you really want to modify the resource name? (enter y or yes to do so):OK, performing the resource rename
  stderr:
    | 
Output found

 --- IrodsSession: icommand executed by [rods#tempZone] [iadmin mkresc demoResc 'unixfilesystem' d7680432ccfd:/var/lib/irods/demoRescVault] --- 
Assert Command: iadmin mkresc demoResc 'unixfilesystem' d7680432ccfd:/var/lib/irods/demoRescVault
Expecting STDOUT_SINGLELINE: ['unixfilesystem']
  stdout:
    | Creating resource:
    | Name:		"demoResc"
    | Type:		"unixfilesystem"
    | Host:		"d7680432ccfd"
    | Path:		"/var/lib/irods/demoRescVault"
    | Context:	""
  stderr:
    | 
Output found

 --- IrodsSession: icommand executed by [rods#tempZone] [iinit] --- 
Assert Command: iinit
Expecting STDOUT_SINGLELINE: ['']
  stdout:
    | WARNING: Error 25 disabling echo mode. Password will be displayed in plaintext.
    | Enter your current iRODS password:
  stderr:
    | 
Output found

 --- IrodsSession: icommand executed by [rods#tempZone] [iinit] --- 
Assert Command: iinit
Expecting STDOUT_SINGLELINE: ['']
  stdout:
    | WARNING: Error 25 disabling echo mode. Password will be displayed in plaintext.
    | Enter your current iRODS password:
  stderr:
    | 
Output found

 --- IrodsSession: icommand executed by [rods#tempZone] [iadmin mkuser otherrods rodsadmin] --- 
Assert Command: iadmin mkuser otherrods rodsadmin
Expecting EMPTY: ['']
  stdout:
    | 
  stderr:
    | 
Output found

 --- IrodsSession: icommand executed by [rods#tempZone] [iadmin moduser otherrods password rods] --- 
Assert Command: iadmin moduser otherrods password rods
Expecting EMPTY: ['']
  stdout:
    | 
  stderr:
    | 
Output found

 --- IrodsSession: icommand executed by [otherrods#tempZone] [iinit] --- 
Assert Command: iinit
Expecting STDOUT_SINGLELINE: ['']
  stdout:
    | WARNING: Error 25 disabling echo mode. Password will be displayed in plaintext.
    | Enter your current iRODS password:
  stderr:
    | 
Output found

 --- IrodsSession: icommand executed by [otherrods#tempZone] [imkdir /tempZone/home/otherrods/2024-08-05Z21:32:15--irods-testing-znxh4jdg] --- 
Assert Command: imkdir /tempZone/home/otherrods/2024-08-05Z21:32:15--irods-testing-znxh4jdg
Expecting EMPTY: ['']
  stdout:
    | 
  stderr:
    | 
Output found

 --- IrodsSession: icommand executed by [otherrods#tempZone] [icd /tempZone/home/otherrods/2024-08-05Z21:32:15--irods-testing-znxh4jdg] --- 
Assert Command: icd /tempZone/home/otherrods/2024-08-05Z21:32:15--irods-testing-znxh4jdg
Expecting EMPTY: ['']
  stdout:
    | 
  stderr:
    | 
Output found

 --- IrodsSession: icommand executed by [rods#tempZone] [iinit] --- 
Assert Command: iinit
Expecting STDOUT_SINGLELINE: ['']
  stdout:
    | WARNING: Error 25 disabling echo mode. Password will be displayed in plaintext.
    | Enter your current iRODS password:
  stderr:
    | 
Output found

 --- IrodsSession: icommand executed by [rods#tempZone] [iadmin mkuser alice rodsuser] --- 
Assert Command: iadmin mkuser alice rodsuser
Expecting EMPTY: ['']
  stdout:
    | 
  stderr:
    | 
Output found

 --- IrodsSession: icommand executed by [rods#tempZone] [iadmin moduser alice password apass] --- 
Assert Command: iadmin moduser alice password apass
Expecting EMPTY: ['']
  stdout:
    | 
  stderr:
    | 
Output found

 --- IrodsSession: icommand executed by [alice#tempZone] [iinit] --- 
Assert Command: iinit
Expecting STDOUT_SINGLELINE: ['']
  stdout:
    | WARNING: Error 25 disabling echo mode. Password will be displayed in plaintext.
    | Enter your current iRODS password:
  stderr:
    | 
Output found

 --- IrodsSession: icommand executed by [alice#tempZone] [imkdir /tempZone/home/alice/2024-08-05Z21:32:16--irods-testing-2est9qy_] --- 
Assert Command: imkdir /tempZone/home/alice/2024-08-05Z21:32:16--irods-testing-2est9qy_
Expecting EMPTY: ['']
  stdout:
    | 
  stderr:
    | 
Output found

 --- IrodsSession: icommand executed by [alice#tempZone] [icd /tempZone/home/alice/2024-08-05Z21:32:16--irods-testing-2est9qy_] --- 
Assert Command: icd /tempZone/home/alice/2024-08-05Z21:32:16--irods-testing-2est9qy_
Expecting EMPTY: ['']
  stdout:
    | 
  stderr:
    | 
Output found

 --- IrodsSession: icommand executed by [rods#tempZone] [iinit] --- 
Assert Command: iinit
Expecting STDOUT_SINGLELINE: ['']
  stdout:
    | WARNING: Error 25 disabling echo mode. Password will be displayed in plaintext.
    | Enter your current iRODS password:
  stderr:
    | 
Output found

 --- IrodsSession: icommand executed by [rods#tempZone] [iadmin mkuser bobby rodsuser] --- 
Assert Command: iadmin mkuser bobby rodsuser
Expecting EMPTY: ['']
  stdout:
    | 
  stderr:
    | 
Output found

 --- IrodsSession: icommand executed by [rods#tempZone] [iadmin moduser bobby password bpass] --- 
Assert Command: iadmin moduser bobby password bpass
Expecting EMPTY: ['']
  stdout:
    | 
  stderr:
    | 
Output found

 --- IrodsSession: icommand executed by [bobby#tempZone] [iinit] --- 
Assert Command: iinit
Expecting STDOUT_SINGLELINE: ['']
  stdout:
    | WARNING: Error 25 disabling echo mode. Password will be displayed in plaintext.
    | Enter your current iRODS password:
  stderr:
    | 
Output found

 --- IrodsSession: icommand executed by [bobby#tempZone] [imkdir /tempZone/home/bobby/2024-08-05Z21:32:17--irods-testing-g_hl_u99] --- 
Assert Command: imkdir /tempZone/home/bobby/2024-08-05Z21:32:17--irods-testing-g_hl_u99
Expecting EMPTY: ['']
  stdout:
    | 
  stderr:
    | 
Output found

 --- IrodsSession: icommand executed by [bobby#tempZone] [icd /tempZone/home/bobby/2024-08-05Z21:32:17--irods-testing-g_hl_u99] --- 
Assert Command: icd /tempZone/home/bobby/2024-08-05Z21:32:17--irods-testing-g_hl_u99
Expecting EMPTY: ['']
  stdout:
    | 
  stderr:
    | 
Output found

run_resource_setup - BEGIN
 --- IrodsSession: icommand executed by [otherrods#tempZone] [iadmin mkresc TestResc unixfilesystem d7680432ccfd:/tmp/irods/TestResc] --- 
Assert Command: iadmin mkresc TestResc unixfilesystem d7680432ccfd:/tmp/irods/TestResc
Expecting STDOUT_SINGLELINE: ['unixfilesystem']
  stdout:
    | Creating resource:
    | Name:		"TestResc"
    | Type:		"unixfilesystem"
    | Host:		"d7680432ccfd"
    | Path:		"/tmp/irods/TestResc"
    | Context:	""
  stderr:
    | 
Output found

 --- IrodsSession: icommand executed by [otherrods#tempZone] [iadmin mkresc AnotherResc unixfilesystem d7680432ccfd:/tmp/irods/AnotherResc] --- 
Assert Command: iadmin mkresc AnotherResc unixfilesystem d7680432ccfd:/tmp/irods/AnotherResc
Expecting STDOUT_SINGLELINE: ['unixfilesystem']
  stdout:
    | Creating resource:
    | Name:		"AnotherResc"
    | Type:		"unixfilesystem"
    | Host:		"d7680432ccfd"
    | Path:		"/tmp/irods/AnotherResc"
    | Context:	""
  stderr:
    | 
Output found

 --- IrodsSession: icommand executed by [otherrods#tempZone] [imkdir testdir] --- 
Assert Command: imkdir testdir
Expecting EMPTY: ['']
  stdout:
    | 
  stderr:
    | 
Output found

 --- IrodsSession: icommand executed by [otherrods#tempZone] [iput testfile.txt] --- 
Assert Command: iput testfile.txt
Expecting EMPTY: ['']
  stdout:
    | 
  stderr:
    | 
Output found

 --- IrodsSession: icommand executed by [otherrods#tempZone] [icp testfile.txt ../../public/] --- 
Assert Command: icp testfile.txt ../../public/
Expecting EMPTY: ['']
  stdout:
    | 
  stderr:
    | 
Output found

 --- IrodsSession: icommand executed by [otherrods#tempZone] [ichmod read alice ../../public/testfile.txt] --- 
Assert Command: ichmod read alice ../../public/testfile.txt
Expecting EMPTY: ['']
  stdout:
    | 
  stderr:
    | 
Output found

 --- IrodsSession: icommand executed by [otherrods#tempZone] [ichmod write bobby ../../public/testfile.txt] --- 
Assert Command: ichmod write bobby ../../public/testfile.txt
Expecting EMPTY: ['']
  stdout:
    | 
  stderr:
    | 
Output found

run_resource_setup - END
 --- IrodsSession: icommand executed by [otherrods#tempZone] [iadmin mkresc detached_resource unixfilesystem bf5bee194c70:/irods_testing_environment_mount_dir/irods-testing-znxh4jdg/detached_resource_vault] --- 
Assert Command: iadmin mkresc detached_resource unixfilesystem bf5bee194c70:/irods_testing_environment_mount_dir/irods-testing-znxh4jdg/detached_resource_vault
Expecting STDOUT_SINGLELINE: ['unixfilesystem']
  stdout:
    | Creating resource:
    | Name:		"detached_resource"
    | Type:		"unixfilesystem"
    | Host:		"bf5bee194c70"
    | Path:		"/irods_testing_environment_mount_dir/irods-testing-znxh4jdg/detached_resource_vault"
    | Context:	""
  stderr:
    | 
Output found

 --- IrodsSession: icommand executed by [otherrods#tempZone] [iput -R detached_resource f1] --- 
Assert Command: iput -R detached_resource f1
Expecting EMPTY: ['']
  stdout:
    | 
  stderr:
    | 
Output found

 --- IrodsSession: icommand executed by [otherrods#tempZone] [iadmin modresc detached_resource context host_mode=detached] --- 
Assert Command: iadmin modresc detached_resource context host_mode=detached
Expecting EMPTY: ['']
  stdout:
    | 
  stderr:
    | 
Output found

 --- IrodsSession: icommand executed by [rods#tempZone] [iinit] --- 
Assert Command: iinit
Expecting STDOUT_SINGLELINE: ['']
  stdout:
    | WARNING: Error 25 disabling echo mode. Password will be displayed in plaintext.
    | Enter your current iRODS password:
  stderr:
    | 
Output found

 --- IrodsSession: icommand executed by [rods#tempZone] [irods-grid pause --hosts=bf5bee194c70] --- 
Assert Command: irods-grid pause --hosts=bf5bee194c70
Expecting STDOUT_SINGLELINE: ['pausing']
  stdout:
    | {
    |     "hosts": [
    |         {
    |             "pausing": "bf5bee194c70"
    |         }
    |     ]
    | }
  stderr:
    | 
Output found

 --- IrodsSession: icommand executed by [otherrods#tempZone] [iget f1 f2] --- 
Assert Command: iget f1 f2
Expecting EMPTY: ['']
  stdout:
    | 
  stderr:
    | 
Output found

 --- IrodsSession: icommand executed by [otherrods#tempZone] [diff f1 f2 ] --- 
Assert Command: diff f1 f2 
Expecting EMPTY: ['']
  stdout:
    | 
  stderr:
    | 
Output found

 --- IrodsSession: icommand executed by [rods#tempZone] [iinit] --- 
Assert Command: iinit
Expecting STDOUT_SINGLELINE: ['']
  stdout:
    | WARNING: Error 25 disabling echo mode. Password will be displayed in plaintext.
    | Enter your current iRODS password:
  stderr:
    | 
Output found

 --- IrodsSession: icommand executed by [rods#tempZone] [irods-grid resume --hosts=bf5bee194c70] --- 
Assert Command: irods-grid resume --hosts=bf5bee194c70
Expecting STDOUT_SINGLELINE: ['resuming']
  stdout:
    | {
    |     "hosts": [
    |         {
    |             "resuming": "bf5bee194c70"
    |         }
    |     ]
    | }
  stderr:
    | 
Output found

 --- IrodsSession: icommand executed by [otherrods#tempZone] [irm -f f1] --- 
Assert Command: irm -f f1
Expecting EMPTY: ['']
  stdout:
    | 
  stderr:
    | 
Output found

 --- IrodsSession: icommand executed by [otherrods#tempZone] [iadmin rmresc detached_resource] --- 
Assert Command: iadmin rmresc detached_resource
Expecting EMPTY: ['']
  stdout:
    | 
  stderr:
    | 
Output found

run_resource_teardown - BEGIN
 --- IrodsSession: icommand executed by [otherrods#tempZone] [icd] --- 
 --- IrodsSession: icommand executed by [otherrods#tempZone] [irm testfile.txt ../public/testfile.txt] --- 
 --- IrodsSession: icommand executed by [otherrods#tempZone] [irm -rf ../../bundle] --- 
 --- IrodsSession: icommand executed by [rods#tempZone] [iinit] --- 
Assert Command: iinit
Expecting STDOUT_SINGLELINE: ['']
  stdout:
    | WARNING: Error 25 disabling echo mode. Password will be displayed in plaintext.
    | Enter your current iRODS password:
  stderr:
    | 
Output found

 --- IrodsSession: icommand executed by [otherrods#tempZone] [icd] --- 
Assert Command: icd
Expecting EMPTY: ['']
  stdout:
    | 
  stderr:
    | 
Output found

 --- IrodsSession: icommand executed by [otherrods#tempZone] [irm -rf /tempZone/home/otherrods/2024-08-05Z21:32:15--irods-testing-znxh4jdg] --- 
Assert Command: irm -rf /tempZone/home/otherrods/2024-08-05Z21:32:15--irods-testing-znxh4jdg
Expecting EMPTY: ['']
  stdout:
    | 
  stderr:
    | 
Output found

 --- IrodsSession: icommand executed by [otherrods#tempZone] [irmtrash] --- 
Assert Command: irmtrash
Expecting EMPTY: ['']
  stdout:
    | 
  stderr:
    | 
Output found

 --- IrodsSession: icommand executed by [rods#tempZone] [iadmin rmuser otherrods] --- 
Assert Command: iadmin rmuser otherrods
Expecting EMPTY: ['']
  stdout:
    | 
  stderr:
    | 
Output found

 --- IrodsSession: icommand executed by [alice#tempZone] [icd] --- 
Assert Command: icd
Expecting EMPTY: ['']
  stdout:
    | 
  stderr:
    | 
Output found

 --- IrodsSession: icommand executed by [alice#tempZone] [irm -rf /tempZone/home/alice/2024-08-05Z21:32:16--irods-testing-2est9qy_] --- 
Assert Command: irm -rf /tempZone/home/alice/2024-08-05Z21:32:16--irods-testing-2est9qy_
Expecting EMPTY: ['']
  stdout:
    | 
  stderr:
    | 
Output found

 --- IrodsSession: icommand executed by [alice#tempZone] [irmtrash] --- 
Assert Command: irmtrash
Expecting EMPTY: ['']
  stdout:
    | 
  stderr:
    | 
Output found

 --- IrodsSession: icommand executed by [rods#tempZone] [iadmin rmuser alice] --- 
Assert Command: iadmin rmuser alice
Expecting EMPTY: ['']
  stdout:
    | 
  stderr:
    | 
Output found

 --- IrodsSession: icommand executed by [bobby#tempZone] [icd] --- 
Assert Command: icd
Expecting EMPTY: ['']
  stdout:
    | 
  stderr:
    | 
Output found

 --- IrodsSession: icommand executed by [bobby#tempZone] [irm -rf /tempZone/home/bobby/2024-08-05Z21:32:17--irods-testing-g_hl_u99] --- 
Assert Command: irm -rf /tempZone/home/bobby/2024-08-05Z21:32:17--irods-testing-g_hl_u99
Expecting EMPTY: ['']
  stdout:
    | 
  stderr:
    | 
Output found

 --- IrodsSession: icommand executed by [bobby#tempZone] [irmtrash] --- 
Assert Command: irmtrash
Expecting EMPTY: ['']
  stdout:
    | 
  stderr:
    | 
Output found

 --- IrodsSession: icommand executed by [rods#tempZone] [iadmin rmuser bobby] --- 
Assert Command: iadmin rmuser bobby
Expecting EMPTY: ['']
  stdout:
    | 
  stderr:
    | 
Output found

 --- IrodsSession: icommand executed by [rods#tempZone] [iinit] --- 
Assert Command: iinit
Expecting STDOUT_SINGLELINE: ['']
  stdout:
    | WARNING: Error 25 disabling echo mode. Password will be displayed in plaintext.
    | Enter your current iRODS password:
  stderr:
    | 
Output found

 --- IrodsSession: icommand executed by [rods#tempZone] [irmtrash -M] --- 
 --- IrodsSession: icommand executed by [rods#tempZone] [iadmin rmresc TestResc] --- 
 --- IrodsSession: icommand executed by [rods#tempZone] [iadmin rmresc AnotherResc] --- 
run_resource_teardown - END
 --- IrodsSession: icommand executed by [rods#tempZone] [iinit] --- 
Assert Command: iinit
Expecting STDOUT_SINGLELINE: ['']
  stdout:
    | WARNING: Error 25 disabling echo mode. Password will be displayed in plaintext.
    | Enter your current iRODS password:
  stderr:
    | 
Output found

 --- IrodsSession: icommand executed by [rods#tempZone] [iadmin rmresc demoResc] --- 
Assert Command: iadmin rmresc demoResc
Expecting EMPTY: ['']
  stdout:
    | 
  stderr:
    | 
Output found

 --- IrodsSession: icommand executed by [rods#tempZone] [iadmin modresc origResc name demoResc] --- 
Assert Command: iadmin modresc origResc name demoResc
Expecting STDOUT_SINGLELINE: ['rename']
  stdout:
    | If you modify a resource name, you and other users will need to
    | change your irods_environment.json files to use it, you may need to update
    | server_config.json and, if rules use the resource name, you'll need to
    | update the core rules (core.re).  This command will update various
    | tables with the new name.
    | Do you really want to modify the resource name? (enter y or yes to do so):OK, performing the resource rename
  stderr:
    | 
Output found

]]></system-out>
	</testcase>
	<testcase classname="irods.test.test_resource_types.Test_Resource_Unixfilesystem" name="test_detached_mode_in_topology_put_with_resource_host_down__issue_4421" time="13.246" timestamp="2024-08-05T21:32:41" file="scripts/irods/test/test_resource_types.py" line="1100">
		<system-out><![CDATA[ --- IrodsSession: icommand executed by [rods#tempZone] [iinit] --- 
Assert Command: iinit
Expecting STDOUT_SINGLELINE: ['']
  stdout:
    | WARNING: Error 25 disabling echo mode. Password will be displayed in plaintext.
    | Enter your current iRODS password:
  stderr:
    | 
Output found

 --- IrodsSession: icommand executed by [rods#tempZone] [iadmin modresc demoResc name origResc] --- 
Assert Command: iadmin modresc demoResc name origResc
Expecting STDOUT_SINGLELINE: ['rename']
  stdout:
    | If you modify a resource name, you and other users will need to
    | change your irods_environment.json files to use it, you may need to update
    | server_config.json and, if rules use the resource name, you'll need to
    | update the core rules (core.re).  This command will update various
    | tables with the new name.
    | Do you really want to modify the resource name? (enter y or yes to do so):OK, performing the resource rename
  stderr:
    | 
Output found

 --- IrodsSession: icommand executed by [rods#tempZone] [iadmin mkresc demoResc 'unixfilesystem' d7680432ccfd:/var/lib/irods/demoRescVault] --- 
Assert Command: iadmin mkresc demoResc 'unixfilesystem' d7680432ccfd:/var/lib/irods/demoRescVault
Expecting STDOUT_SINGLELINE: ['unixfilesystem']
  stdout:
    | Creating resource:
    | Name:		"demoResc"
    | Type:		"unixfilesystem"
    | Host:		"d7680432ccfd"
    | Path:		"/var/lib/irods/demoRescVault"
    | Context:	""
  stderr:
    | 
Output found

 --- IrodsSession: icommand executed by [rods#tempZone] [iinit] --- 
Assert Command: iinit
Expecting STDOUT_SINGLELINE: ['']
  stdout:
    | WARNING: Error 25 disabling echo mode. Password will be displayed in plaintext.
    | Enter your current iRODS password:
  stderr:
    | 
Output found

 --- IrodsSession: icommand executed by [rods#tempZone] [iinit] --- 
Assert Command: iinit
Expecting STDOUT_SINGLELINE: ['']
  stdout:
    | WARNING: Error 25 disabling echo mode. Password will be displayed in plaintext.
    | Enter your current iRODS password:
  stderr:
    | 
Output found

 --- IrodsSession: icommand executed by [rods#tempZone] [iadmin mkuser otherrods rodsadmin] --- 
Assert Command: iadmin mkuser otherrods rodsadmin
Expecting EMPTY: ['']
  stdout:
    | 
  stderr:
    | 
Output found

 --- IrodsSession: icommand executed by [rods#tempZone] [iadmin moduser otherrods password rods] --- 
Assert Command: iadmin moduser otherrods password rods
Expecting EMPTY: ['']
  stdout:
    | 
  stderr:
    | 
Output found

 --- IrodsSession: icommand executed by [otherrods#tempZone] [iinit] --- 
Assert Command: iinit
Expecting STDOUT_SINGLELINE: ['']
  stdout:
    | WARNING: Error 25 disabling echo mode. Password will be displayed in plaintext.
    | Enter your current iRODS password:
  stderr:
    | 
Output found

 --- IrodsSession: icommand executed by [otherrods#tempZone] [imkdir /tempZone/home/otherrods/2024-08-05Z21:32:29--irods-testing-nq4ge7_f] --- 
Assert Command: imkdir /tempZone/home/otherrods/2024-08-05Z21:32:29--irods-testing-nq4ge7_f
Expecting EMPTY: ['']
  stdout:
    | 
  stderr:
    | 
Output found

 --- IrodsSession: icommand executed by [otherrods#tempZone] [icd /tempZone/home/otherrods/2024-08-05Z21:32:29--irods-testing-nq4ge7_f] --- 
Assert Command: icd /tempZone/home/otherrods/2024-08-05Z21:32:29--irods-testing-nq4ge7_f
Expecting EMPTY: ['']
  stdout:
    | 
  stderr:
    | 
Output found

 --- IrodsSession: icommand executed by [rods#tempZone] [iinit] --- 
Assert Command: iinit
Expecting STDOUT_SINGLELINE: ['']
  stdout:
    | WARNING: Error 25 disabling echo mode. Password will be displayed in plaintext.
    | Enter your current iRODS password:
  stderr:
    | 
Output found

 --- IrodsSession: icommand executed by [rods#tempZone] [iadmin mkuser alice rodsuser] --- 
Assert Command: iadmin mkuser alice rodsuser
Expecting EMPTY: ['']
  stdout:
    | 
  stderr:
    | 
Output found

 --- IrodsSession: icommand executed by [rods#tempZone] [iadmin moduser alice password apass] --- 
Assert Command: iadmin moduser alice password apass
Expecting EMPTY: ['']
  stdout:
    | 
  stderr:
    | 
Output found

 --- IrodsSession: icommand executed by [alice#tempZone] [iinit] --- 
Assert Command: iinit
Expecting STDOUT_SINGLELINE: ['']
  stdout:
    | WARNING: Error 25 disabling echo mode. Password will be displayed in plaintext.
    | Enter your current iRODS password:
  stderr:
    | 
Output found

 --- IrodsSession: icommand executed by [alice#tempZone] [imkdir /tempZone/home/alice/2024-08-05Z21:32:30--irods-testing-k46mnqgl] --- 
Assert Command: imkdir /tempZone/home/alice/2024-08-05Z21:32:30--irods-testing-k46mnqgl
Expecting EMPTY: ['']
  stdout:
    | 
  stderr:
    | 
Output found

 --- IrodsSession: icommand executed by [alice#tempZone] [icd /tempZone/home/alice/2024-08-05Z21:32:30--irods-testing-k46mnqgl] --- 
Assert Command: icd /tempZone/home/alice/2024-08-05Z21:32:30--irods-testing-k46mnqgl
Expecting EMPTY: ['']
  stdout:
    | 
  stderr:
    | 
Output found

 --- IrodsSession: icommand executed by [rods#tempZone] [iinit] --- 
Assert Command: iinit
Expecting STDOUT_SINGLELINE: ['']
  stdout:
    | WARNING: Error 25 disabling echo mode. Password will be displayed in plaintext.
    | Enter your current iRODS password:
  stderr:
    | 
Output found

 --- IrodsSession: icommand executed by [rods#tempZone] [iadmin mkuser bobby rodsuser] --- 
Assert Command: iadmin mkuser bobby rodsuser
Expecting EMPTY: ['']
  stdout:
    | 
  stderr:
    | 
Output found

 --- IrodsSession: icommand executed by [rods#tempZone] [iadmin moduser bobby password bpass] --- 
Assert Command: iadmin moduser bobby password bpass
Expecting EMPTY: ['']
  stdout:
    | 
  stderr:
    | 
Output found

 --- IrodsSession: icommand executed by [bobby#tempZone] [iinit] --- 
Assert Command: iinit
Expecting STDOUT_SINGLELINE: ['']
  stdout:
    | WARNING: Error 25 disabling echo mode. Password will be displayed in plaintext.
    | Enter your current iRODS password:
  stderr:
    | 
Output found

 --- IrodsSession: icommand executed by [bobby#tempZone] [imkdir /tempZone/home/bobby/2024-08-05Z21:32:31--irods-testing-hbwzf7xy] --- 
Assert Command: imkdir /tempZone/home/bobby/2024-08-05Z21:32:31--irods-testing-hbwzf7xy
Expecting EMPTY: ['']
  stdout:
    | 
  stderr:
    | 
Output found

 --- IrodsSession: icommand executed by [bobby#tempZone] [icd /tempZone/home/bobby/2024-08-05Z21:32:31--irods-testing-hbwzf7xy] --- 
Assert Command: icd /tempZone/home/bobby/2024-08-05Z21:32:31--irods-testing-hbwzf7xy
Expecting EMPTY: ['']
  stdout:
    | 
  stderr:
    | 
Output found

run_resource_setup - BEGIN
 --- IrodsSession: icommand executed by [otherrods#tempZone] [iadmin mkresc TestResc unixfilesystem d7680432ccfd:/tmp/irods/TestResc] --- 
Assert Command: iadmin mkresc TestResc unixfilesystem d7680432ccfd:/tmp/irods/TestResc
Expecting STDOUT_SINGLELINE: ['unixfilesystem']
  stdout:
    | Creating resource:
    | Name:		"TestResc"
    | Type:		"unixfilesystem"
    | Host:		"d7680432ccfd"
    | Path:		"/tmp/irods/TestResc"
    | Context:	""
  stderr:
    | 
Output found

 --- IrodsSession: icommand executed by [otherrods#tempZone] [iadmin mkresc AnotherResc unixfilesystem d7680432ccfd:/tmp/irods/AnotherResc] --- 
Assert Command: iadmin mkresc AnotherResc unixfilesystem d7680432ccfd:/tmp/irods/AnotherResc
Expecting STDOUT_SINGLELINE: ['unixfilesystem']
  stdout:
    | Creating resource:
    | Name:		"AnotherResc"
    | Type:		"unixfilesystem"
    | Host:		"d7680432ccfd"
    | Path:		"/tmp/irods/AnotherResc"
    | Context:	""
  stderr:
    | 
Output found

 --- IrodsSession: icommand executed by [otherrods#tempZone] [imkdir testdir] --- 
Assert Command: imkdir testdir
Expecting EMPTY: ['']
  stdout:
    | 
  stderr:
    | 
Output found

 --- IrodsSession: icommand executed by [otherrods#tempZone] [iput testfile.txt] --- 
Assert Command: iput testfile.txt
Expecting EMPTY: ['']
  stdout:
    | 
  stderr:
    | 
Output found

 --- IrodsSession: icommand executed by [otherrods#tempZone] [icp testfile.txt ../../public/] --- 
Assert Command: icp testfile.txt ../../public/
Expecting EMPTY: ['']
  stdout:
    | 
  stderr:
    | 
Output found

 --- IrodsSession: icommand executed by [otherrods#tempZone] [ichmod read alice ../../public/testfile.txt] --- 
Assert Command: ichmod read alice ../../public/testfile.txt
Expecting EMPTY: ['']
  stdout:
    | 
  stderr:
    | 
Output found

 --- IrodsSession: icommand executed by [otherrods#tempZone] [ichmod write bobby ../../public/testfile.txt] --- 
Assert Command: ichmod write bobby ../../public/testfile.txt
Expecting EMPTY: ['']
  stdout:
    | 
  stderr:
    | 
Output found

run_resource_setup - END
 --- IrodsSession: icommand executed by [otherrods#tempZone] [iadmin mkresc detached_resource unixfilesystem bf5bee194c70:/irods_testing_environment_mount_dir/irods-testing-nq4ge7_f/detached_resource_vault host_mode=detached;host_list=fbfcbe0ebed7,bf5bee194c70,d7680432ccfd] --- 
Assert Command: iadmin mkresc detached_resource unixfilesystem bf5bee194c70:/irods_testing_environment_mount_dir/irods-testing-nq4ge7_f/detached_resource_vault host_mode=detached;host_list=fbfcbe0ebed7,bf5bee194c70,d7680432ccfd
Expecting STDOUT_SINGLELINE: ['unixfilesystem']
  stdout:
    | Creating resource:
    | Name:		"detached_resource"
    | Type:		"unixfilesystem"
    | Host:		"bf5bee194c70"
    | Path:		"/irods_testing_environment_mount_dir/irods-testing-nq4ge7_f/detached_resource_vault"
    | Context:	"host_mode=detached;host_list=fbfcbe0ebed7,bf5bee194c70,d7680432ccfd"
  stderr:
    | 
Output found

 --- IrodsSession: icommand executed by [rods#tempZone] [iinit] --- 
Assert Command: iinit
Expecting STDOUT_SINGLELINE: ['']
  stdout:
    | WARNING: Error 25 disabling echo mode. Password will be displayed in plaintext.
    | Enter your current iRODS password:
  stderr:
    | 
Output found

 --- IrodsSession: icommand executed by [rods#tempZone] [irods-grid pause --hosts=bf5bee194c70] --- 
Assert Command: irods-grid pause --hosts=bf5bee194c70
Expecting STDOUT_SINGLELINE: ['pausing']
  stdout:
    | {
    |     "hosts": [
    |         {
    |             "pausing": "bf5bee194c70"
    |         }
    |     ]
    | }
  stderr:
    | 
Output found

 --- IrodsSession: icommand executed by [otherrods#tempZone] [iput -R detached_resource f1] --- 
Assert Command: iput -R detached_resource f1
Expecting EMPTY: ['']
  stdout:
    | 
  stderr:
    | 
Output found

 --- IrodsSession: icommand executed by [otherrods#tempZone] [iget f1 f2] --- 
Assert Command: iget f1 f2
Expecting EMPTY: ['']
  stdout:
    | 
  stderr:
    | 
Output found

 --- IrodsSession: icommand executed by [otherrods#tempZone] [diff f1 f2 ] --- 
Assert Command: diff f1 f2 
Expecting EMPTY: ['']
  stdout:
    | 
  stderr:
    | 
Output found

 --- IrodsSession: icommand executed by [rods#tempZone] [iinit] --- 
Assert Command: iinit
Expecting STDOUT_SINGLELINE: ['']
  stdout:
    | WARNING: Error 25 disabling echo mode. Password will be displayed in plaintext.
    | Enter your current iRODS password:
  stderr:
    | 
Output found

 --- IrodsSession: icommand executed by [rods#tempZone] [irods-grid resume --hosts=bf5bee194c70] --- 
Assert Command: irods-grid resume --hosts=bf5bee194c70
Expecting STDOUT_SINGLELINE: ['resuming']
  stdout:
    | {
    |     "hosts": [
    |         {
    |             "resuming": "bf5bee194c70"
    |         }
    |     ]
    | }
  stderr:
    | 
Output found

 --- IrodsSession: icommand executed by [otherrods#tempZone] [irm -f f1] --- 
Assert Command: irm -f f1
Expecting EMPTY: ['']
  stdout:
    | 
  stderr:
    | 
Output found

 --- IrodsSession: icommand executed by [otherrods#tempZone] [iadmin rmresc detached_resource] --- 
Assert Command: iadmin rmresc detached_resource
Expecting EMPTY: ['']
  stdout:
    | 
  stderr:
    | 
Output found

run_resource_teardown - BEGIN
 --- IrodsSession: icommand executed by [otherrods#tempZone] [icd] --- 
 --- IrodsSession: icommand executed by [otherrods#tempZone] [irm testfile.txt ../public/testfile.txt] --- 
 --- IrodsSession: icommand executed by [otherrods#tempZone] [irm -rf ../../bundle] --- 
 --- IrodsSession: icommand executed by [rods#tempZone] [iinit] --- 
Assert Command: iinit
Expecting STDOUT_SINGLELINE: ['']
  stdout:
    | WARNING: Error 25 disabling echo mode. Password will be displayed in plaintext.
    | Enter your current iRODS password:
  stderr:
    | 
Output found

 --- IrodsSession: icommand executed by [otherrods#tempZone] [icd] --- 
Assert Command: icd
Expecting EMPTY: ['']
  stdout:
    | 
  stderr:
    | 
Output found

 --- IrodsSession: icommand executed by [otherrods#tempZone] [irm -rf /tempZone/home/otherrods/2024-08-05Z21:32:29--irods-testing-nq4ge7_f] --- 
Assert Command: irm -rf /tempZone/home/otherrods/2024-08-05Z21:32:29--irods-testing-nq4ge7_f
Expecting EMPTY: ['']
  stdout:
    | 
  stderr:
    | 
Output found

 --- IrodsSession: icommand executed by [otherrods#tempZone] [irmtrash] --- 
Assert Command: irmtrash
Expecting EMPTY: ['']
  stdout:
    | 
  stderr:
    | 
Output found

 --- IrodsSession: icommand executed by [rods#tempZone] [iadmin rmuser otherrods] --- 
Assert Command: iadmin rmuser otherrods
Expecting EMPTY: ['']
  stdout:
    | 
  stderr:
    | 
Output found

 --- IrodsSession: icommand executed by [alice#tempZone] [icd] --- 
Assert Command: icd
Expecting EMPTY: ['']
  stdout:
    | 
  stderr:
    | 
Output found

 --- IrodsSession: icommand executed by [alice#tempZone] [irm -rf /tempZone/home/alice/2024-08-05Z21:32:30--irods-testing-k46mnqgl] --- 
Assert Command: irm -rf /tempZone/home/alice/2024-08-05Z21:32:30--irods-testing-k46mnqgl
Expecting EMPTY: ['']
  stdout:
    | 
  stderr:
    | 
Output found

 --- IrodsSession: icommand executed by [alice#tempZone] [irmtrash] --- 
Assert Command: irmtrash
Expecting EMPTY: ['']
  stdout:
    | 
  stderr:
    | 
Output found

 --- IrodsSession: icommand executed by [rods#tempZone] [iadmin rmuser alice] --- 
Assert Command: iadmin rmuser alice
Expecting EMPTY: ['']
  stdout:
    | 
  stderr:
    | 
Output found

 --- IrodsSession: icommand executed by [bobby#tempZone] [icd] --- 
Assert Command: icd
Expecting EMPTY: ['']
  stdout:
    | 
  stderr:
    | 
Output found

 --- IrodsSession: icommand executed by [bobby#tempZone] [irm -rf /tempZone/home/bobby/2024-08-05Z21:32:31--irods-testing-hbwzf7xy] --- 
Assert Command: irm -rf /tempZone/home/bobby/2024-08-05Z21:32:31--irods-testing-hbwzf7xy
Expecting EMPTY: ['']
  stdout:
    | 
  stderr:
    | 
Output found

 --- IrodsSession: icommand executed by [bobby#tempZone] [irmtrash] --- 
Assert Command: irmtrash
Expecting EMPTY: ['']
  stdout:
    | 
  stderr:
    | 
Output found

 --- IrodsSession: icommand executed by [rods#tempZone] [iadmin rmuser bobby] --- 
Assert Command: iadmin rmuser bobby
Expecting EMPTY: ['']
  stdout:
    | 
  stderr:
    | 
Output found

 --- IrodsSession: icommand executed by [rods#tempZone] [iinit] --- 
Assert Command: iinit
Expecting STDOUT_SINGLELINE: ['']
  stdout:
    | WARNING: Error 25 disabling echo mode. Password will be displayed in plaintext.
    | Enter your current iRODS password:
  stderr:
    | 
Output found

 --- IrodsSession: icommand executed by [rods#tempZone] [irmtrash -M] --- 
 --- IrodsSession: icommand executed by [rods#tempZone] [iadmin rmresc TestResc] --- 
 --- IrodsSession: icommand executed by [rods#tempZone] [iadmin rmresc AnotherResc] --- 
run_resource_teardown - END
 --- IrodsSession: icommand executed by [rods#tempZone] [iinit] --- 
Assert Command: iinit
Expecting STDOUT_SINGLELINE: ['']
  stdout:
    | WARNING: Error 25 disabling echo mode. Password will be displayed in plaintext.
    | Enter your current iRODS password:
  stderr:
    | 
Output found

 --- IrodsSession: icommand executed by [rods#tempZone] [iadmin rmresc demoResc] --- 
Assert Command: iadmin rmresc demoResc
Expecting EMPTY: ['']
  stdout:
    | 
  stderr:
    | 
Output found

 --- IrodsSession: icommand executed by [rods#tempZone] [iadmin modresc origResc name demoResc] --- 
Assert Command: iadmin modresc origResc name demoResc
Expecting STDOUT_SINGLELINE: ['rename']
  stdout:
    | If you modify a resource name, you and other users will need to
    | change your irods_environment.json files to use it, you may need to update
    | server_config.json and, if rules use the resource name, you'll need to
    | update the core rules (core.re).  This command will update various
    | tables with the new name.
    | Do you really want to modify the resource name? (enter y or yes to do so):OK, performing the resource rename
  stderr:
    | 
Output found

]]></system-out>
	</testcase>
	<testcase classname="irods.test.test_resource_types.Test_Resource_Unixfilesystem" name="test_detached_mode_in_topology_resource_assigned_to_icat__issue_4421" time="11.609" timestamp="2024-08-05T21:32:52" file="scripts/irods/test/test_resource_types.py" line="955">
		<system-out><![CDATA[ --- IrodsSession: icommand executed by [rods#tempZone] [iinit] --- 
Assert Command: iinit
Expecting STDOUT_SINGLELINE: ['']
  stdout:
    | WARNING: Error 25 disabling echo mode. Password will be displayed in plaintext.
    | Enter your current iRODS password:
  stderr:
    | 
Output found

 --- IrodsSession: icommand executed by [rods#tempZone] [iadmin modresc demoResc name origResc] --- 
Assert Command: iadmin modresc demoResc name origResc
Expecting STDOUT_SINGLELINE: ['rename']
  stdout:
    | If you modify a resource name, you and other users will need to
    | change your irods_environment.json files to use it, you may need to update
    | server_config.json and, if rules use the resource name, you'll need to
    | update the core rules (core.re).  This command will update various
    | tables with the new name.
    | Do you really want to modify the resource name? (enter y or yes to do so):OK, performing the resource rename
  stderr:
    | 
Output found

 --- IrodsSession: icommand executed by [rods#tempZone] [iadmin mkresc demoResc 'unixfilesystem' d7680432ccfd:/var/lib/irods/demoRescVault] --- 
Assert Command: iadmin mkresc demoResc 'unixfilesystem' d7680432ccfd:/var/lib/irods/demoRescVault
Expecting STDOUT_SINGLELINE: ['unixfilesystem']
  stdout:
    | Creating resource:
    | Name:		"demoResc"
    | Type:		"unixfilesystem"
    | Host:		"d7680432ccfd"
    | Path:		"/var/lib/irods/demoRescVault"
    | Context:	""
  stderr:
    | 
Output found

 --- IrodsSession: icommand executed by [rods#tempZone] [iinit] --- 
Assert Command: iinit
Expecting STDOUT_SINGLELINE: ['']
  stdout:
    | WARNING: Error 25 disabling echo mode. Password will be displayed in plaintext.
    | Enter your current iRODS password:
  stderr:
    | 
Output found

 --- IrodsSession: icommand executed by [rods#tempZone] [iinit] --- 
Assert Command: iinit
Expecting STDOUT_SINGLELINE: ['']
  stdout:
    | WARNING: Error 25 disabling echo mode. Password will be displayed in plaintext.
    | Enter your current iRODS password:
  stderr:
    | 
Output found

 --- IrodsSession: icommand executed by [rods#tempZone] [iadmin mkuser otherrods rodsadmin] --- 
Assert Command: iadmin mkuser otherrods rodsadmin
Expecting EMPTY: ['']
  stdout:
    | 
  stderr:
    | 
Output found

 --- IrodsSession: icommand executed by [rods#tempZone] [iadmin moduser otherrods password rods] --- 
Assert Command: iadmin moduser otherrods password rods
Expecting EMPTY: ['']
  stdout:
    | 
  stderr:
    | 
Output found

 --- IrodsSession: icommand executed by [otherrods#tempZone] [iinit] --- 
Assert Command: iinit
Expecting STDOUT_SINGLELINE: ['']
  stdout:
    | WARNING: Error 25 disabling echo mode. Password will be displayed in plaintext.
    | Enter your current iRODS password:
  stderr:
    | 
Output found

 --- IrodsSession: icommand executed by [otherrods#tempZone] [imkdir /tempZone/home/otherrods/2024-08-05Z21:32:42--irods-testing-m9twaaw5] --- 
Assert Command: imkdir /tempZone/home/otherrods/2024-08-05Z21:32:42--irods-testing-m9twaaw5
Expecting EMPTY: ['']
  stdout:
    | 
  stderr:
    | 
Output found

 --- IrodsSession: icommand executed by [otherrods#tempZone] [icd /tempZone/home/otherrods/2024-08-05Z21:32:42--irods-testing-m9twaaw5] --- 
Assert Command: icd /tempZone/home/otherrods/2024-08-05Z21:32:42--irods-testing-m9twaaw5
Expecting EMPTY: ['']
  stdout:
    | 
  stderr:
    | 
Output found

 --- IrodsSession: icommand executed by [rods#tempZone] [iinit] --- 
Assert Command: iinit
Expecting STDOUT_SINGLELINE: ['']
  stdout:
    | WARNING: Error 25 disabling echo mode. Password will be displayed in plaintext.
    | Enter your current iRODS password:
  stderr:
    | 
Output found

 --- IrodsSession: icommand executed by [rods#tempZone] [iadmin mkuser alice rodsuser] --- 
Assert Command: iadmin mkuser alice rodsuser
Expecting EMPTY: ['']
  stdout:
    | 
  stderr:
    | 
Output found

 --- IrodsSession: icommand executed by [rods#tempZone] [iadmin moduser alice password apass] --- 
Assert Command: iadmin moduser alice password apass
Expecting EMPTY: ['']
  stdout:
    | 
  stderr:
    | 
Output found

 --- IrodsSession: icommand executed by [alice#tempZone] [iinit] --- 
Assert Command: iinit
Expecting STDOUT_SINGLELINE: ['']
  stdout:
    | WARNING: Error 25 disabling echo mode. Password will be displayed in plaintext.
    | Enter your current iRODS password:
  stderr:
    | 
Output found

 --- IrodsSession: icommand executed by [alice#tempZone] [imkdir /tempZone/home/alice/2024-08-05Z21:32:43--irods-testing-cr1i6wng] --- 
Assert Command: imkdir /tempZone/home/alice/2024-08-05Z21:32:43--irods-testing-cr1i6wng
Expecting EMPTY: ['']
  stdout:
    | 
  stderr:
    | 
Output found

 --- IrodsSession: icommand executed by [alice#tempZone] [icd /tempZone/home/alice/2024-08-05Z21:32:43--irods-testing-cr1i6wng] --- 
Assert Command: icd /tempZone/home/alice/2024-08-05Z21:32:43--irods-testing-cr1i6wng
Expecting EMPTY: ['']
  stdout:
    | 
  stderr:
    | 
Output found

 --- IrodsSession: icommand executed by [rods#tempZone] [iinit] --- 
Assert Command: iinit
Expecting STDOUT_SINGLELINE: ['']
  stdout:
    | WARNING: Error 25 disabling echo mode. Password will be displayed in plaintext.
    | Enter your current iRODS password:
  stderr:
    | 
Output found

 --- IrodsSession: icommand executed by [rods#tempZone] [iadmin mkuser bobby rodsuser] --- 
Assert Command: iadmin mkuser bobby rodsuser
Expecting EMPTY: ['']
  stdout:
    | 
  stderr:
    | 
Output found

 --- IrodsSession: icommand executed by [rods#tempZone] [iadmin moduser bobby password bpass] --- 
Assert Command: iadmin moduser bobby password bpass
Expecting EMPTY: ['']
  stdout:
    | 
  stderr:
    | 
Output found

 --- IrodsSession: icommand executed by [bobby#tempZone] [iinit] --- 
Assert Command: iinit
Expecting STDOUT_SINGLELINE: ['']
  stdout:
    | WARNING: Error 25 disabling echo mode. Password will be displayed in plaintext.
    | Enter your current iRODS password:
  stderr:
    | 
Output found

 --- IrodsSession: icommand executed by [bobby#tempZone] [imkdir /tempZone/home/bobby/2024-08-05Z21:32:44--irods-testing-ncr0jr33] --- 
Assert Command: imkdir /tempZone/home/bobby/2024-08-05Z21:32:44--irods-testing-ncr0jr33
Expecting EMPTY: ['']
  stdout:
    | 
  stderr:
    | 
Output found

 --- IrodsSession: icommand executed by [bobby#tempZone] [icd /tempZone/home/bobby/2024-08-05Z21:32:44--irods-testing-ncr0jr33] --- 
Assert Command: icd /tempZone/home/bobby/2024-08-05Z21:32:44--irods-testing-ncr0jr33
Expecting EMPTY: ['']
  stdout:
    | 
  stderr:
    | 
Output found

run_resource_setup - BEGIN
 --- IrodsSession: icommand executed by [otherrods#tempZone] [iadmin mkresc TestResc unixfilesystem d7680432ccfd:/tmp/irods/TestResc] --- 
Assert Command: iadmin mkresc TestResc unixfilesystem d7680432ccfd:/tmp/irods/TestResc
Expecting STDOUT_SINGLELINE: ['unixfilesystem']
  stdout:
    | Creating resource:
    | Name:		"TestResc"
    | Type:		"unixfilesystem"
    | Host:		"d7680432ccfd"
    | Path:		"/tmp/irods/TestResc"
    | Context:	""
  stderr:
    | 
Output found

 --- IrodsSession: icommand executed by [otherrods#tempZone] [iadmin mkresc AnotherResc unixfilesystem d7680432ccfd:/tmp/irods/AnotherResc] --- 
Assert Command: iadmin mkresc AnotherResc unixfilesystem d7680432ccfd:/tmp/irods/AnotherResc
Expecting STDOUT_SINGLELINE: ['unixfilesystem']
  stdout:
    | Creating resource:
    | Name:		"AnotherResc"
    | Type:		"unixfilesystem"
    | Host:		"d7680432ccfd"
    | Path:		"/tmp/irods/AnotherResc"
    | Context:	""
  stderr:
    | 
Output found

 --- IrodsSession: icommand executed by [otherrods#tempZone] [imkdir testdir] --- 
Assert Command: imkdir testdir
Expecting EMPTY: ['']
  stdout:
    | 
  stderr:
    | 
Output found

 --- IrodsSession: icommand executed by [otherrods#tempZone] [iput testfile.txt] --- 
Assert Command: iput testfile.txt
Expecting EMPTY: ['']
  stdout:
    | 
  stderr:
    | 
Output found

 --- IrodsSession: icommand executed by [otherrods#tempZone] [icp testfile.txt ../../public/] --- 
Assert Command: icp testfile.txt ../../public/
Expecting EMPTY: ['']
  stdout:
    | 
  stderr:
    | 
Output found

 --- IrodsSession: icommand executed by [otherrods#tempZone] [ichmod read alice ../../public/testfile.txt] --- 
Assert Command: ichmod read alice ../../public/testfile.txt
Expecting EMPTY: ['']
  stdout:
    | 
  stderr:
    | 
Output found

 --- IrodsSession: icommand executed by [otherrods#tempZone] [ichmod write bobby ../../public/testfile.txt] --- 
Assert Command: ichmod write bobby ../../public/testfile.txt
Expecting EMPTY: ['']
  stdout:
    | 
  stderr:
    | 
Output found

run_resource_setup - END
 --- IrodsSession: icommand executed by [otherrods#tempZone] [iadmin mkresc detached_resource unixfilesystem d7680432ccfd:/irods_testing_environment_mount_dir/irods-testing-m9twaaw5/detached_resource_vault] --- 
Assert Command: iadmin mkresc detached_resource unixfilesystem d7680432ccfd:/irods_testing_environment_mount_dir/irods-testing-m9twaaw5/detached_resource_vault
Expecting STDOUT_SINGLELINE: ['unixfilesystem']
  stdout:
    | Creating resource:
    | Name:		"detached_resource"
    | Type:		"unixfilesystem"
    | Host:		"d7680432ccfd"
    | Path:		"/irods_testing_environment_mount_dir/irods-testing-m9twaaw5/detached_resource_vault"
    | Context:	""
  stderr:
    | 
Output found

 --- IrodsSession: icommand executed by [otherrods#tempZone] [iput -R detached_resource f1] --- 
Assert Command: iput -R detached_resource f1
Expecting EMPTY: ['']
  stdout:
    | 
  stderr:
    | 
Output found

 --- IrodsSession: icommand executed by [otherrods#tempZone] [iadmin modresc detached_resource context host_mode=detached] --- 
Assert Command: iadmin modresc detached_resource context host_mode=detached
Expecting EMPTY: ['']
  stdout:
    | 
  stderr:
    | 
Output found

 --- IrodsSession: icommand executed by [otherrods#tempZone] [iget f1 f2] --- 
Assert Command: iget f1 f2
Expecting EMPTY: ['']
  stdout:
    | 
  stderr:
    | 
Output found

 --- IrodsSession: icommand executed by [otherrods#tempZone] [diff f1 f2 ] --- 
Assert Command: diff f1 f2 
Expecting EMPTY: ['']
  stdout:
    | 
  stderr:
    | 
Output found

 --- IrodsSession: icommand executed by [otherrods#tempZone] [irm -f f1] --- 
Assert Command: irm -f f1
Expecting EMPTY: ['']
  stdout:
    | 
  stderr:
    | 
Output found

 --- IrodsSession: icommand executed by [otherrods#tempZone] [iadmin rmresc detached_resource] --- 
Assert Command: iadmin rmresc detached_resource
Expecting EMPTY: ['']
  stdout:
    | 
  stderr:
    | 
Output found

run_resource_teardown - BEGIN
 --- IrodsSession: icommand executed by [otherrods#tempZone] [icd] --- 
 --- IrodsSession: icommand executed by [otherrods#tempZone] [irm testfile.txt ../public/testfile.txt] --- 
 --- IrodsSession: icommand executed by [otherrods#tempZone] [irm -rf ../../bundle] --- 
 --- IrodsSession: icommand executed by [rods#tempZone] [iinit] --- 
Assert Command: iinit
Expecting STDOUT_SINGLELINE: ['']
  stdout:
    | WARNING: Error 25 disabling echo mode. Password will be displayed in plaintext.
    | Enter your current iRODS password:
  stderr:
    | 
Output found

 --- IrodsSession: icommand executed by [otherrods#tempZone] [icd] --- 
Assert Command: icd
Expecting EMPTY: ['']
  stdout:
    | 
  stderr:
    | 
Output found

 --- IrodsSession: icommand executed by [otherrods#tempZone] [irm -rf /tempZone/home/otherrods/2024-08-05Z21:32:42--irods-testing-m9twaaw5] --- 
Assert Command: irm -rf /tempZone/home/otherrods/2024-08-05Z21:32:42--irods-testing-m9twaaw5
Expecting EMPTY: ['']
  stdout:
    | 
  stderr:
    | 
Output found

 --- IrodsSession: icommand executed by [otherrods#tempZone] [irmtrash] --- 
Assert Command: irmtrash
Expecting EMPTY: ['']
  stdout:
    | 
  stderr:
    | 
Output found

 --- IrodsSession: icommand executed by [rods#tempZone] [iadmin rmuser otherrods] --- 
Assert Command: iadmin rmuser otherrods
Expecting EMPTY: ['']
  stdout:
    | 
  stderr:
    | 
Output found

 --- IrodsSession: icommand executed by [alice#tempZone] [icd] --- 
Assert Command: icd
Expecting EMPTY: ['']
  stdout:
    | 
  stderr:
    | 
Output found

 --- IrodsSession: icommand executed by [alice#tempZone] [irm -rf /tempZone/home/alice/2024-08-05Z21:32:43--irods-testing-cr1i6wng] --- 
Assert Command: irm -rf /tempZone/home/alice/2024-08-05Z21:32:43--irods-testing-cr1i6wng
Expecting EMPTY: ['']
  stdout:
    | 
  stderr:
    | 
Output found

 --- IrodsSession: icommand executed by [alice#tempZone] [irmtrash] --- 
Assert Command: irmtrash
Expecting EMPTY: ['']
  stdout:
    | 
  stderr:
    | 
Output found

 --- IrodsSession: icommand executed by [rods#tempZone] [iadmin rmuser alice] --- 
Assert Command: iadmin rmuser alice
Expecting EMPTY: ['']
  stdout:
    | 
  stderr:
    | 
Output found

 --- IrodsSession: icommand executed by [bobby#tempZone] [icd] --- 
Assert Command: icd
Expecting EMPTY: ['']
  stdout:
    | 
  stderr:
    | 
Output found

 --- IrodsSession: icommand executed by [bobby#tempZone] [irm -rf /tempZone/home/bobby/2024-08-05Z21:32:44--irods-testing-ncr0jr33] --- 
Assert Command: irm -rf /tempZone/home/bobby/2024-08-05Z21:32:44--irods-testing-ncr0jr33
Expecting EMPTY: ['']
  stdout:
    | 
  stderr:
    | 
Output found

 --- IrodsSession: icommand executed by [bobby#tempZone] [irmtrash] --- 
Assert Command: irmtrash
Expecting EMPTY: ['']
  stdout:
    | 
  stderr:
    | 
Output found

 --- IrodsSession: icommand executed by [rods#tempZone] [iadmin rmuser bobby] --- 
Assert Command: iadmin rmuser bobby
Expecting EMPTY: ['']
  stdout:
    | 
  stderr:
    | 
Output found

 --- IrodsSession: icommand executed by [rods#tempZone] [iinit] --- 
Assert Command: iinit
Expecting STDOUT_SINGLELINE: ['']
  stdout:
    | WARNING: Error 25 disabling echo mode. Password will be displayed in plaintext.
    | Enter your current iRODS password:
  stderr:
    | 
Output found

 --- IrodsSession: icommand executed by [rods#tempZone] [irmtrash -M] --- 
 --- IrodsSession: icommand executed by [rods#tempZone] [iadmin rmresc TestResc] --- 
 --- IrodsSession: icommand executed by [rods#tempZone] [iadmin rmresc AnotherResc] --- 
run_resource_teardown - END
 --- IrodsSession: icommand executed by [rods#tempZone] [iinit] --- 
Assert Command: iinit
Expecting STDOUT_SINGLELINE: ['']
  stdout:
    | WARNING: Error 25 disabling echo mode. Password will be displayed in plaintext.
    | Enter your current iRODS password:
  stderr:
    | 
Output found

 --- IrodsSession: icommand executed by [rods#tempZone] [iadmin rmresc demoResc] --- 
Assert Command: iadmin rmresc demoResc
Expecting EMPTY: ['']
  stdout:
    | 
  stderr:
    | 
Output found

 --- IrodsSession: icommand executed by [rods#tempZone] [iadmin modresc origResc name demoResc] --- 
Assert Command: iadmin modresc origResc name demoResc
Expecting STDOUT_SINGLELINE: ['rename']
  stdout:
    | If you modify a resource name, you and other users will need to
    | change your irods_environment.json files to use it, you may need to update
    | server_config.json and, if rules use the resource name, you'll need to
    | update the core rules (core.re).  This command will update various
    | tables with the new name.
    | Do you really want to modify the resource name? (enter y or yes to do so):OK, performing the resource rename
  stderr:
    | 
Output found

]]></system-out>
	</testcase>
	<testcase classname="irods.test.test_resource_types.Test_Resource_Unixfilesystem" name="test_detached_mode_in_topology_with_host_list__issue_4421" time="13.810" timestamp="2024-08-05T21:33:06" file="scripts/irods/test/test_resource_types.py" line="999">
		<system-out><![CDATA[ --- IrodsSession: icommand executed by [rods#tempZone] [iinit] --- 
Assert Command: iinit
Expecting STDOUT_SINGLELINE: ['']
  stdout:
    | WARNING: Error 25 disabling echo mode. Password will be displayed in plaintext.
    | Enter your current iRODS password:
  stderr:
    | 
Output found

 --- IrodsSession: icommand executed by [rods#tempZone] [iadmin modresc demoResc name origResc] --- 
Assert Command: iadmin modresc demoResc name origResc
Expecting STDOUT_SINGLELINE: ['rename']
  stdout:
    | If you modify a resource name, you and other users will need to
    | change your irods_environment.json files to use it, you may need to update
    | server_config.json and, if rules use the resource name, you'll need to
    | update the core rules (core.re).  This command will update various
    | tables with the new name.
    | Do you really want to modify the resource name? (enter y or yes to do so):OK, performing the resource rename
  stderr:
    | 
Output found

 --- IrodsSession: icommand executed by [rods#tempZone] [iadmin mkresc demoResc 'unixfilesystem' d7680432ccfd:/var/lib/irods/demoRescVault] --- 
Assert Command: iadmin mkresc demoResc 'unixfilesystem' d7680432ccfd:/var/lib/irods/demoRescVault
Expecting STDOUT_SINGLELINE: ['unixfilesystem']
  stdout:
    | Creating resource:
    | Name:		"demoResc"
    | Type:		"unixfilesystem"
    | Host:		"d7680432ccfd"
    | Path:		"/var/lib/irods/demoRescVault"
    | Context:	""
  stderr:
    | 
Output found

 --- IrodsSession: icommand executed by [rods#tempZone] [iinit] --- 
Assert Command: iinit
Expecting STDOUT_SINGLELINE: ['']
  stdout:
    | WARNING: Error 25 disabling echo mode. Password will be displayed in plaintext.
    | Enter your current iRODS password:
  stderr:
    | 
Output found

 --- IrodsSession: icommand executed by [rods#tempZone] [iinit] --- 
Assert Command: iinit
Expecting STDOUT_SINGLELINE: ['']
  stdout:
    | WARNING: Error 25 disabling echo mode. Password will be displayed in plaintext.
    | Enter your current iRODS password:
  stderr:
    | 
Output found

 --- IrodsSession: icommand executed by [rods#tempZone] [iadmin mkuser otherrods rodsadmin] --- 
Assert Command: iadmin mkuser otherrods rodsadmin
Expecting EMPTY: ['']
  stdout:
    | 
  stderr:
    | 
Output found

 --- IrodsSession: icommand executed by [rods#tempZone] [iadmin moduser otherrods password rods] --- 
Assert Command: iadmin moduser otherrods password rods
Expecting EMPTY: ['']
  stdout:
    | 
  stderr:
    | 
Output found

 --- IrodsSession: icommand executed by [otherrods#tempZone] [iinit] --- 
Assert Command: iinit
Expecting STDOUT_SINGLELINE: ['']
  stdout:
    | WARNING: Error 25 disabling echo mode. Password will be displayed in plaintext.
    | Enter your current iRODS password:
  stderr:
    | 
Output found

 --- IrodsSession: icommand executed by [otherrods#tempZone] [imkdir /tempZone/home/otherrods/2024-08-05Z21:32:54--irods-testing-_62t04va] --- 
Assert Command: imkdir /tempZone/home/otherrods/2024-08-05Z21:32:54--irods-testing-_62t04va
Expecting EMPTY: ['']
  stdout:
    | 
  stderr:
    | 
Output found

 --- IrodsSession: icommand executed by [otherrods#tempZone] [icd /tempZone/home/otherrods/2024-08-05Z21:32:54--irods-testing-_62t04va] --- 
Assert Command: icd /tempZone/home/otherrods/2024-08-05Z21:32:54--irods-testing-_62t04va
Expecting EMPTY: ['']
  stdout:
    | 
  stderr:
    | 
Output found

 --- IrodsSession: icommand executed by [rods#tempZone] [iinit] --- 
Assert Command: iinit
Expecting STDOUT_SINGLELINE: ['']
  stdout:
    | WARNING: Error 25 disabling echo mode. Password will be displayed in plaintext.
    | Enter your current iRODS password:
  stderr:
    | 
Output found

 --- IrodsSession: icommand executed by [rods#tempZone] [iadmin mkuser alice rodsuser] --- 
Assert Command: iadmin mkuser alice rodsuser
Expecting EMPTY: ['']
  stdout:
    | 
  stderr:
    | 
Output found

 --- IrodsSession: icommand executed by [rods#tempZone] [iadmin moduser alice password apass] --- 
Assert Command: iadmin moduser alice password apass
Expecting EMPTY: ['']
  stdout:
    | 
  stderr:
    | 
Output found

 --- IrodsSession: icommand executed by [alice#tempZone] [iinit] --- 
Assert Command: iinit
Expecting STDOUT_SINGLELINE: ['']
  stdout:
    | WARNING: Error 25 disabling echo mode. Password will be displayed in plaintext.
    | Enter your current iRODS password:
  stderr:
    | 
Output found

 --- IrodsSession: icommand executed by [alice#tempZone] [imkdir /tempZone/home/alice/2024-08-05Z21:32:55--irods-testing-7p63gq58] --- 
Assert Command: imkdir /tempZone/home/alice/2024-08-05Z21:32:55--irods-testing-7p63gq58
Expecting EMPTY: ['']
  stdout:
    | 
  stderr:
    | 
Output found

 --- IrodsSession: icommand executed by [alice#tempZone] [icd /tempZone/home/alice/2024-08-05Z21:32:55--irods-testing-7p63gq58] --- 
Assert Command: icd /tempZone/home/alice/2024-08-05Z21:32:55--irods-testing-7p63gq58
Expecting EMPTY: ['']
  stdout:
    | 
  stderr:
    | 
Output found

 --- IrodsSession: icommand executed by [rods#tempZone] [iinit] --- 
Assert Command: iinit
Expecting STDOUT_SINGLELINE: ['']
  stdout:
    | WARNING: Error 25 disabling echo mode. Password will be displayed in plaintext.
    | Enter your current iRODS password:
  stderr:
    | 
Output found

 --- IrodsSession: icommand executed by [rods#tempZone] [iadmin mkuser bobby rodsuser] --- 
Assert Command: iadmin mkuser bobby rodsuser
Expecting EMPTY: ['']
  stdout:
    | 
  stderr:
    | 
Output found

 --- IrodsSession: icommand executed by [rods#tempZone] [iadmin moduser bobby password bpass] --- 
Assert Command: iadmin moduser bobby password bpass
Expecting EMPTY: ['']
  stdout:
    | 
  stderr:
    | 
Output found

 --- IrodsSession: icommand executed by [bobby#tempZone] [iinit] --- 
Assert Command: iinit
Expecting STDOUT_SINGLELINE: ['']
  stdout:
    | WARNING: Error 25 disabling echo mode. Password will be displayed in plaintext.
    | Enter your current iRODS password:
  stderr:
    | 
Output found

 --- IrodsSession: icommand executed by [bobby#tempZone] [imkdir /tempZone/home/bobby/2024-08-05Z21:32:56--irods-testing-5v0ewcme] --- 
Assert Command: imkdir /tempZone/home/bobby/2024-08-05Z21:32:56--irods-testing-5v0ewcme
Expecting EMPTY: ['']
  stdout:
    | 
  stderr:
    | 
Output found

 --- IrodsSession: icommand executed by [bobby#tempZone] [icd /tempZone/home/bobby/2024-08-05Z21:32:56--irods-testing-5v0ewcme] --- 
Assert Command: icd /tempZone/home/bobby/2024-08-05Z21:32:56--irods-testing-5v0ewcme
Expecting EMPTY: ['']
  stdout:
    | 
  stderr:
    | 
Output found

run_resource_setup - BEGIN
 --- IrodsSession: icommand executed by [otherrods#tempZone] [iadmin mkresc TestResc unixfilesystem d7680432ccfd:/tmp/irods/TestResc] --- 
Assert Command: iadmin mkresc TestResc unixfilesystem d7680432ccfd:/tmp/irods/TestResc
Expecting STDOUT_SINGLELINE: ['unixfilesystem']
  stdout:
    | Creating resource:
    | Name:		"TestResc"
    | Type:		"unixfilesystem"
    | Host:		"d7680432ccfd"
    | Path:		"/tmp/irods/TestResc"
    | Context:	""
  stderr:
    | 
Output found

 --- IrodsSession: icommand executed by [otherrods#tempZone] [iadmin mkresc AnotherResc unixfilesystem d7680432ccfd:/tmp/irods/AnotherResc] --- 
Assert Command: iadmin mkresc AnotherResc unixfilesystem d7680432ccfd:/tmp/irods/AnotherResc
Expecting STDOUT_SINGLELINE: ['unixfilesystem']
  stdout:
    | Creating resource:
    | Name:		"AnotherResc"
    | Type:		"unixfilesystem"
    | Host:		"d7680432ccfd"
    | Path:		"/tmp/irods/AnotherResc"
    | Context:	""
  stderr:
    | 
Output found

 --- IrodsSession: icommand executed by [otherrods#tempZone] [imkdir testdir] --- 
Assert Command: imkdir testdir
Expecting EMPTY: ['']
  stdout:
    | 
  stderr:
    | 
Output found

 --- IrodsSession: icommand executed by [otherrods#tempZone] [iput testfile.txt] --- 
Assert Command: iput testfile.txt
Expecting EMPTY: ['']
  stdout:
    | 
  stderr:
    | 
Output found

 --- IrodsSession: icommand executed by [otherrods#tempZone] [icp testfile.txt ../../public/] --- 
Assert Command: icp testfile.txt ../../public/
Expecting EMPTY: ['']
  stdout:
    | 
  stderr:
    | 
Output found

 --- IrodsSession: icommand executed by [otherrods#tempZone] [ichmod read alice ../../public/testfile.txt] --- 
Assert Command: ichmod read alice ../../public/testfile.txt
Expecting EMPTY: ['']
  stdout:
    | 
  stderr:
    | 
Output found

 --- IrodsSession: icommand executed by [otherrods#tempZone] [ichmod write bobby ../../public/testfile.txt] --- 
Assert Command: ichmod write bobby ../../public/testfile.txt
Expecting EMPTY: ['']
  stdout:
    | 
  stderr:
    | 
Output found

run_resource_setup - END
 --- IrodsSession: icommand executed by [otherrods#tempZone] [iadmin mkresc detached_resource unixfilesystem bf5bee194c70:/irods_testing_environment_mount_dir/irods-testing-_62t04va/detached_resource_vault] --- 
Assert Command: iadmin mkresc detached_resource unixfilesystem bf5bee194c70:/irods_testing_environment_mount_dir/irods-testing-_62t04va/detached_resource_vault
Expecting STDOUT_SINGLELINE: ['unixfilesystem']
  stdout:
    | Creating resource:
    | Name:		"detached_resource"
    | Type:		"unixfilesystem"
    | Host:		"bf5bee194c70"
    | Path:		"/irods_testing_environment_mount_dir/irods-testing-_62t04va/detached_resource_vault"
    | Context:	""
  stderr:
    | 
Output found

 --- IrodsSession: icommand executed by [otherrods#tempZone] [iput -R detached_resource f1] --- 
Assert Command: iput -R detached_resource f1
Expecting EMPTY: ['']
  stdout:
    | 
  stderr:
    | 
Output found

 --- IrodsSession: icommand executed by [otherrods#tempZone] [iadmin modresc detached_resource context host_mode=detached;host_list=fbfcbe0ebed7,bf5bee194c70,d7680432ccfd] --- 
Assert Command: iadmin modresc detached_resource context host_mode=detached;host_list=fbfcbe0ebed7,bf5bee194c70,d7680432ccfd
Expecting EMPTY: ['']
  stdout:
    | 
  stderr:
    | 
Output found

 --- IrodsSession: icommand executed by [rods#tempZone] [iinit] --- 
Assert Command: iinit
Expecting STDOUT_SINGLELINE: ['']
  stdout:
    | WARNING: Error 25 disabling echo mode. Password will be displayed in plaintext.
    | Enter your current iRODS password:
  stderr:
    | 
Output found

 --- IrodsSession: icommand executed by [rods#tempZone] [irods-grid pause --hosts=bf5bee194c70] --- 
Assert Command: irods-grid pause --hosts=bf5bee194c70
Expecting STDOUT_SINGLELINE: ['pausing']
  stdout:
    | {
    |     "hosts": [
    |         {
    |             "pausing": "bf5bee194c70"
    |         }
    |     ]
    | }
  stderr:
    | 
Output found

 --- IrodsSession: icommand executed by [otherrods#tempZone] [iget f1 f2] --- 
Assert Command: iget f1 f2
Expecting EMPTY: ['']
  stdout:
    | 
  stderr:
    | 
Output found

 --- IrodsSession: icommand executed by [otherrods#tempZone] [diff f1 f2 ] --- 
Assert Command: diff f1 f2 
Expecting EMPTY: ['']
  stdout:
    | 
  stderr:
    | 
Output found

 --- IrodsSession: icommand executed by [rods#tempZone] [iinit] --- 
Assert Command: iinit
Expecting STDOUT_SINGLELINE: ['']
  stdout:
    | WARNING: Error 25 disabling echo mode. Password will be displayed in plaintext.
    | Enter your current iRODS password:
  stderr:
    | 
Output found

 --- IrodsSession: icommand executed by [rods#tempZone] [irods-grid resume --hosts=bf5bee194c70] --- 
Assert Command: irods-grid resume --hosts=bf5bee194c70
Expecting STDOUT_SINGLELINE: ['resuming']
  stdout:
    | {
    |     "hosts": [
    |         {
    |             "resuming": "bf5bee194c70"
    |         }
    |     ]
    | }
  stderr:
    | 
Output found

 --- IrodsSession: icommand executed by [otherrods#tempZone] [irm -f f1] --- 
Assert Command: irm -f f1
Expecting EMPTY: ['']
  stdout:
    | 
  stderr:
    | 
Output found

 --- IrodsSession: icommand executed by [otherrods#tempZone] [iadmin rmresc detached_resource] --- 
Assert Command: iadmin rmresc detached_resource
Expecting EMPTY: ['']
  stdout:
    | 
  stderr:
    | 
Output found

run_resource_teardown - BEGIN
 --- IrodsSession: icommand executed by [otherrods#tempZone] [icd] --- 
 --- IrodsSession: icommand executed by [otherrods#tempZone] [irm testfile.txt ../public/testfile.txt] --- 
 --- IrodsSession: icommand executed by [otherrods#tempZone] [irm -rf ../../bundle] --- 
 --- IrodsSession: icommand executed by [rods#tempZone] [iinit] --- 
Assert Command: iinit
Expecting STDOUT_SINGLELINE: ['']
  stdout:
    | WARNING: Error 25 disabling echo mode. Password will be displayed in plaintext.
    | Enter your current iRODS password:
  stderr:
    | 
Output found

 --- IrodsSession: icommand executed by [otherrods#tempZone] [icd] --- 
Assert Command: icd
Expecting EMPTY: ['']
  stdout:
    | 
  stderr:
    | 
Output found

 --- IrodsSession: icommand executed by [otherrods#tempZone] [irm -rf /tempZone/home/otherrods/2024-08-05Z21:32:54--irods-testing-_62t04va] --- 
Assert Command: irm -rf /tempZone/home/otherrods/2024-08-05Z21:32:54--irods-testing-_62t04va
Expecting EMPTY: ['']
  stdout:
    | 
  stderr:
    | 
Output found

 --- IrodsSession: icommand executed by [otherrods#tempZone] [irmtrash] --- 
Assert Command: irmtrash
Expecting EMPTY: ['']
  stdout:
    | 
  stderr:
    | 
Output found

 --- IrodsSession: icommand executed by [rods#tempZone] [iadmin rmuser otherrods] --- 
Assert Command: iadmin rmuser otherrods
Expecting EMPTY: ['']
  stdout:
    | 
  stderr:
    | 
Output found

 --- IrodsSession: icommand executed by [alice#tempZone] [icd] --- 
Assert Command: icd
Expecting EMPTY: ['']
  stdout:
    | 
  stderr:
    | 
Output found

 --- IrodsSession: icommand executed by [alice#tempZone] [irm -rf /tempZone/home/alice/2024-08-05Z21:32:55--irods-testing-7p63gq58] --- 
Assert Command: irm -rf /tempZone/home/alice/2024-08-05Z21:32:55--irods-testing-7p63gq58
Expecting EMPTY: ['']
  stdout:
    | 
  stderr:
    | 
Output found

 --- IrodsSession: icommand executed by [alice#tempZone] [irmtrash] --- 
Assert Command: irmtrash
Expecting EMPTY: ['']
  stdout:
    | 
  stderr:
    | 
Output found

 --- IrodsSession: icommand executed by [rods#tempZone] [iadmin rmuser alice] --- 
Assert Command: iadmin rmuser alice
Expecting EMPTY: ['']
  stdout:
    | 
  stderr:
    | 
Output found

 --- IrodsSession: icommand executed by [bobby#tempZone] [icd] --- 
Assert Command: icd
Expecting EMPTY: ['']
  stdout:
    | 
  stderr:
    | 
Output found

 --- IrodsSession: icommand executed by [bobby#tempZone] [irm -rf /tempZone/home/bobby/2024-08-05Z21:32:56--irods-testing-5v0ewcme] --- 
Assert Command: irm -rf /tempZone/home/bobby/2024-08-05Z21:32:56--irods-testing-5v0ewcme
Expecting EMPTY: ['']
  stdout:
    | 
  stderr:
    | 
Output found

 --- IrodsSession: icommand executed by [bobby#tempZone] [irmtrash] --- 
Assert Command: irmtrash
Expecting EMPTY: ['']
  stdout:
    | 
  stderr:
    | 
Output found

 --- IrodsSession: icommand executed by [rods#tempZone] [iadmin rmuser bobby] --- 
Assert Command: iadmin rmuser bobby
Expecting EMPTY: ['']
  stdout:
    | 
  stderr:
    | 
Output found

 --- IrodsSession: icommand executed by [rods#tempZone] [iinit] --- 
Assert Command: iinit
Expecting STDOUT_SINGLELINE: ['']
  stdout:
    | WARNING: Error 25 disabling echo mode. Password will be displayed in plaintext.
    | Enter your current iRODS password:
  stderr:
    | 
Output found

 --- IrodsSession: icommand executed by [rods#tempZone] [irmtrash -M] --- 
 --- IrodsSession: icommand executed by [rods#tempZone] [iadmin rmresc TestResc] --- 
 --- IrodsSession: icommand executed by [rods#tempZone] [iadmin rmresc AnotherResc] --- 
run_resource_teardown - END
 --- IrodsSession: icommand executed by [rods#tempZone] [iinit] --- 
Assert Command: iinit
Expecting STDOUT_SINGLELINE: ['']
  stdout:
    | WARNING: Error 25 disabling echo mode. Password will be displayed in plaintext.
    | Enter your current iRODS password:
  stderr:
    | 
Output found

 --- IrodsSession: icommand executed by [rods#tempZone] [iadmin rmresc demoResc] --- 
Assert Command: iadmin rmresc demoResc
Expecting EMPTY: ['']
  stdout:
    | 
  stderr:
    | 
Output found

 --- IrodsSession: icommand executed by [rods#tempZone] [iadmin modresc origResc name demoResc] --- 
Assert Command: iadmin modresc origResc name demoResc
Expecting STDOUT_SINGLELINE: ['rename']
  stdout:
    | If you modify a resource name, you and other users will need to
    | change your irods_environment.json files to use it, you may need to update
    | server_config.json and, if rules use the resource name, you'll need to
    | update the core rules (core.re).  This command will update various
    | tables with the new name.
    | Do you really want to modify the resource name? (enter y or yes to do so):OK, performing the resource rename
  stderr:
    | 
Output found

]]></system-out>
	</testcase>
	<testcase classname="irods.test.test_resource_types.Test_Resource_Unixfilesystem" name="test_detached_mode_in_topology_with_redirect__issue_4421" time="12.546" timestamp="2024-08-05T21:33:18" file="scripts/irods/test/test_resource_types.py" line="1057">
		<system-out><![CDATA[ --- IrodsSession: icommand executed by [rods#tempZone] [iinit] --- 
Assert Command: iinit
Expecting STDOUT_SINGLELINE: ['']
  stdout:
    | WARNING: Error 25 disabling echo mode. Password will be displayed in plaintext.
    | Enter your current iRODS password:
  stderr:
    | 
Output found

 --- IrodsSession: icommand executed by [rods#tempZone] [iadmin modresc demoResc name origResc] --- 
Assert Command: iadmin modresc demoResc name origResc
Expecting STDOUT_SINGLELINE: ['rename']
  stdout:
    | If you modify a resource name, you and other users will need to
    | change your irods_environment.json files to use it, you may need to update
    | server_config.json and, if rules use the resource name, you'll need to
    | update the core rules (core.re).  This command will update various
    | tables with the new name.
    | Do you really want to modify the resource name? (enter y or yes to do so):OK, performing the resource rename
  stderr:
    | 
Output found

 --- IrodsSession: icommand executed by [rods#tempZone] [iadmin mkresc demoResc 'unixfilesystem' d7680432ccfd:/var/lib/irods/demoRescVault] --- 
Assert Command: iadmin mkresc demoResc 'unixfilesystem' d7680432ccfd:/var/lib/irods/demoRescVault
Expecting STDOUT_SINGLELINE: ['unixfilesystem']
  stdout:
    | Creating resource:
    | Name:		"demoResc"
    | Type:		"unixfilesystem"
    | Host:		"d7680432ccfd"
    | Path:		"/var/lib/irods/demoRescVault"
    | Context:	""
  stderr:
    | 
Output found

 --- IrodsSession: icommand executed by [rods#tempZone] [iinit] --- 
Assert Command: iinit
Expecting STDOUT_SINGLELINE: ['']
  stdout:
    | WARNING: Error 25 disabling echo mode. Password will be displayed in plaintext.
    | Enter your current iRODS password:
  stderr:
    | 
Output found

 --- IrodsSession: icommand executed by [rods#tempZone] [iinit] --- 
Assert Command: iinit
Expecting STDOUT_SINGLELINE: ['']
  stdout:
    | WARNING: Error 25 disabling echo mode. Password will be displayed in plaintext.
    | Enter your current iRODS password:
  stderr:
    | 
Output found

 --- IrodsSession: icommand executed by [rods#tempZone] [iadmin mkuser otherrods rodsadmin] --- 
Assert Command: iadmin mkuser otherrods rodsadmin
Expecting EMPTY: ['']
  stdout:
    | 
  stderr:
    | 
Output found

 --- IrodsSession: icommand executed by [rods#tempZone] [iadmin moduser otherrods password rods] --- 
Assert Command: iadmin moduser otherrods password rods
Expecting EMPTY: ['']
  stdout:
    | 
  stderr:
    | 
Output found

 --- IrodsSession: icommand executed by [otherrods#tempZone] [iinit] --- 
Assert Command: iinit
Expecting STDOUT_SINGLELINE: ['']
  stdout:
    | WARNING: Error 25 disabling echo mode. Password will be displayed in plaintext.
    | Enter your current iRODS password:
  stderr:
    | 
Output found

 --- IrodsSession: icommand executed by [otherrods#tempZone] [imkdir /tempZone/home/otherrods/2024-08-05Z21:33:07--irods-testing-l61ssnsv] --- 
Assert Command: imkdir /tempZone/home/otherrods/2024-08-05Z21:33:07--irods-testing-l61ssnsv
Expecting EMPTY: ['']
  stdout:
    | 
  stderr:
    | 
Output found

 --- IrodsSession: icommand executed by [otherrods#tempZone] [icd /tempZone/home/otherrods/2024-08-05Z21:33:07--irods-testing-l61ssnsv] --- 
Assert Command: icd /tempZone/home/otherrods/2024-08-05Z21:33:07--irods-testing-l61ssnsv
Expecting EMPTY: ['']
  stdout:
    | 
  stderr:
    | 
Output found

 --- IrodsSession: icommand executed by [rods#tempZone] [iinit] --- 
Assert Command: iinit
Expecting STDOUT_SINGLELINE: ['']
  stdout:
    | WARNING: Error 25 disabling echo mode. Password will be displayed in plaintext.
    | Enter your current iRODS password:
  stderr:
    | 
Output found

 --- IrodsSession: icommand executed by [rods#tempZone] [iadmin mkuser alice rodsuser] --- 
Assert Command: iadmin mkuser alice rodsuser
Expecting EMPTY: ['']
  stdout:
    | 
  stderr:
    | 
Output found

 --- IrodsSession: icommand executed by [rods#tempZone] [iadmin moduser alice password apass] --- 
Assert Command: iadmin moduser alice password apass
Expecting EMPTY: ['']
  stdout:
    | 
  stderr:
    | 
Output found

 --- IrodsSession: icommand executed by [alice#tempZone] [iinit] --- 
Assert Command: iinit
Expecting STDOUT_SINGLELINE: ['']
  stdout:
    | WARNING: Error 25 disabling echo mode. Password will be displayed in plaintext.
    | Enter your current iRODS password:
  stderr:
    | 
Output found

 --- IrodsSession: icommand executed by [alice#tempZone] [imkdir /tempZone/home/alice/2024-08-05Z21:33:08--irods-testing-lyhgztuq] --- 
Assert Command: imkdir /tempZone/home/alice/2024-08-05Z21:33:08--irods-testing-lyhgztuq
Expecting EMPTY: ['']
  stdout:
    | 
  stderr:
    | 
Output found

 --- IrodsSession: icommand executed by [alice#tempZone] [icd /tempZone/home/alice/2024-08-05Z21:33:08--irods-testing-lyhgztuq] --- 
Assert Command: icd /tempZone/home/alice/2024-08-05Z21:33:08--irods-testing-lyhgztuq
Expecting EMPTY: ['']
  stdout:
    | 
  stderr:
    | 
Output found

 --- IrodsSession: icommand executed by [rods#tempZone] [iinit] --- 
Assert Command: iinit
Expecting STDOUT_SINGLELINE: ['']
  stdout:
    | WARNING: Error 25 disabling echo mode. Password will be displayed in plaintext.
    | Enter your current iRODS password:
  stderr:
    | 
Output found

 --- IrodsSession: icommand executed by [rods#tempZone] [iadmin mkuser bobby rodsuser] --- 
Assert Command: iadmin mkuser bobby rodsuser
Expecting EMPTY: ['']
  stdout:
    | 
  stderr:
    | 
Output found

 --- IrodsSession: icommand executed by [rods#tempZone] [iadmin moduser bobby password bpass] --- 
Assert Command: iadmin moduser bobby password bpass
Expecting EMPTY: ['']
  stdout:
    | 
  stderr:
    | 
Output found

 --- IrodsSession: icommand executed by [bobby#tempZone] [iinit] --- 
Assert Command: iinit
Expecting STDOUT_SINGLELINE: ['']
  stdout:
    | WARNING: Error 25 disabling echo mode. Password will be displayed in plaintext.
    | Enter your current iRODS password:
  stderr:
    | 
Output found

 --- IrodsSession: icommand executed by [bobby#tempZone] [imkdir /tempZone/home/bobby/2024-08-05Z21:33:10--irods-testing-e3iitoz7] --- 
Assert Command: imkdir /tempZone/home/bobby/2024-08-05Z21:33:10--irods-testing-e3iitoz7
Expecting EMPTY: ['']
  stdout:
    | 
  stderr:
    | 
Output found

 --- IrodsSession: icommand executed by [bobby#tempZone] [icd /tempZone/home/bobby/2024-08-05Z21:33:10--irods-testing-e3iitoz7] --- 
Assert Command: icd /tempZone/home/bobby/2024-08-05Z21:33:10--irods-testing-e3iitoz7
Expecting EMPTY: ['']
  stdout:
    | 
  stderr:
    | 
Output found

run_resource_setup - BEGIN
 --- IrodsSession: icommand executed by [otherrods#tempZone] [iadmin mkresc TestResc unixfilesystem d7680432ccfd:/tmp/irods/TestResc] --- 
Assert Command: iadmin mkresc TestResc unixfilesystem d7680432ccfd:/tmp/irods/TestResc
Expecting STDOUT_SINGLELINE: ['unixfilesystem']
  stdout:
    | Creating resource:
    | Name:		"TestResc"
    | Type:		"unixfilesystem"
    | Host:		"d7680432ccfd"
    | Path:		"/tmp/irods/TestResc"
    | Context:	""
  stderr:
    | 
Output found

 --- IrodsSession: icommand executed by [otherrods#tempZone] [iadmin mkresc AnotherResc unixfilesystem d7680432ccfd:/tmp/irods/AnotherResc] --- 
Assert Command: iadmin mkresc AnotherResc unixfilesystem d7680432ccfd:/tmp/irods/AnotherResc
Expecting STDOUT_SINGLELINE: ['unixfilesystem']
  stdout:
    | Creating resource:
    | Name:		"AnotherResc"
    | Type:		"unixfilesystem"
    | Host:		"d7680432ccfd"
    | Path:		"/tmp/irods/AnotherResc"
    | Context:	""
  stderr:
    | 
Output found

 --- IrodsSession: icommand executed by [otherrods#tempZone] [imkdir testdir] --- 
Assert Command: imkdir testdir
Expecting EMPTY: ['']
  stdout:
    | 
  stderr:
    | 
Output found

 --- IrodsSession: icommand executed by [otherrods#tempZone] [iput testfile.txt] --- 
Assert Command: iput testfile.txt
Expecting EMPTY: ['']
  stdout:
    | 
  stderr:
    | 
Output found

 --- IrodsSession: icommand executed by [otherrods#tempZone] [icp testfile.txt ../../public/] --- 
Assert Command: icp testfile.txt ../../public/
Expecting EMPTY: ['']
  stdout:
    | 
  stderr:
    | 
Output found

 --- IrodsSession: icommand executed by [otherrods#tempZone] [ichmod read alice ../../public/testfile.txt] --- 
Assert Command: ichmod read alice ../../public/testfile.txt
Expecting EMPTY: ['']
  stdout:
    | 
  stderr:
    | 
Output found

 --- IrodsSession: icommand executed by [otherrods#tempZone] [ichmod write bobby ../../public/testfile.txt] --- 
Assert Command: ichmod write bobby ../../public/testfile.txt
Expecting EMPTY: ['']
  stdout:
    | 
  stderr:
    | 
Output found

run_resource_setup - END
 --- IrodsSession: icommand executed by [otherrods#tempZone] [iadmin mkresc detached_resource unixfilesystem bf5bee194c70:/irods_testing_environment_mount_dir/irods-testing-l61ssnsv/detached_resource_vault] --- 
Assert Command: iadmin mkresc detached_resource unixfilesystem bf5bee194c70:/irods_testing_environment_mount_dir/irods-testing-l61ssnsv/detached_resource_vault
Expecting STDOUT_SINGLELINE: ['unixfilesystem']
  stdout:
    | Creating resource:
    | Name:		"detached_resource"
    | Type:		"unixfilesystem"
    | Host:		"bf5bee194c70"
    | Path:		"/irods_testing_environment_mount_dir/irods-testing-l61ssnsv/detached_resource_vault"
    | Context:	""
  stderr:
    | 
Output found

 --- IrodsSession: icommand executed by [otherrods#tempZone] [iput -R detached_resource f1] --- 
Assert Command: iput -R detached_resource f1
Expecting EMPTY: ['']
  stdout:
    | 
  stderr:
    | 
Output found

 --- IrodsSession: icommand executed by [otherrods#tempZone] [iadmin modresc detached_resource context host_mode=detached;host_list=bf5bee194c70] --- 
Assert Command: iadmin modresc detached_resource context host_mode=detached;host_list=bf5bee194c70
Expecting EMPTY: ['']
  stdout:
    | 
  stderr:
    | 
Output found

 --- IrodsSession: icommand executed by [otherrods#tempZone] [iget f1 f2] --- 
Assert Command: iget f1 f2
Expecting EMPTY: ['']
  stdout:
    | 
  stderr:
    | 
Output found

 --- IrodsSession: icommand executed by [otherrods#tempZone] [diff f1 f2 ] --- 
Assert Command: diff f1 f2 
Expecting EMPTY: ['']
  stdout:
    | 
  stderr:
    | 
Output found

 --- IrodsSession: icommand executed by [otherrods#tempZone] [irm -f f1] --- 
Assert Command: irm -f f1
Expecting EMPTY: ['']
  stdout:
    | 
  stderr:
    | 
Output found

 --- IrodsSession: icommand executed by [otherrods#tempZone] [iadmin rmresc detached_resource] --- 
Assert Command: iadmin rmresc detached_resource
Expecting EMPTY: ['']
  stdout:
    | 
  stderr:
    | 
Output found

run_resource_teardown - BEGIN
 --- IrodsSession: icommand executed by [otherrods#tempZone] [icd] --- 
 --- IrodsSession: icommand executed by [otherrods#tempZone] [irm testfile.txt ../public/testfile.txt] --- 
 --- IrodsSession: icommand executed by [otherrods#tempZone] [irm -rf ../../bundle] --- 
 --- IrodsSession: icommand executed by [rods#tempZone] [iinit] --- 
Assert Command: iinit
Expecting STDOUT_SINGLELINE: ['']
  stdout:
    | WARNING: Error 25 disabling echo mode. Password will be displayed in plaintext.
    | Enter your current iRODS password:
  stderr:
    | 
Output found

 --- IrodsSession: icommand executed by [otherrods#tempZone] [icd] --- 
Assert Command: icd
Expecting EMPTY: ['']
  stdout:
    | 
  stderr:
    | 
Output found

 --- IrodsSession: icommand executed by [otherrods#tempZone] [irm -rf /tempZone/home/otherrods/2024-08-05Z21:33:07--irods-testing-l61ssnsv] --- 
Assert Command: irm -rf /tempZone/home/otherrods/2024-08-05Z21:33:07--irods-testing-l61ssnsv
Expecting EMPTY: ['']
  stdout:
    | 
  stderr:
    | 
Output found

 --- IrodsSession: icommand executed by [otherrods#tempZone] [irmtrash] --- 
Assert Command: irmtrash
Expecting EMPTY: ['']
  stdout:
    | 
  stderr:
    | 
Output found

 --- IrodsSession: icommand executed by [rods#tempZone] [iadmin rmuser otherrods] --- 
Assert Command: iadmin rmuser otherrods
Expecting EMPTY: ['']
  stdout:
    | 
  stderr:
    | 
Output found

 --- IrodsSession: icommand executed by [alice#tempZone] [icd] --- 
Assert Command: icd
Expecting EMPTY: ['']
  stdout:
    | 
  stderr:
    | 
Output found

 --- IrodsSession: icommand executed by [alice#tempZone] [irm -rf /tempZone/home/alice/2024-08-05Z21:33:08--irods-testing-lyhgztuq] --- 
Assert Command: irm -rf /tempZone/home/alice/2024-08-05Z21:33:08--irods-testing-lyhgztuq
Expecting EMPTY: ['']
  stdout:
    | 
  stderr:
    | 
Output found

 --- IrodsSession: icommand executed by [alice#tempZone] [irmtrash] --- 
Assert Command: irmtrash
Expecting EMPTY: ['']
  stdout:
    | 
  stderr:
    | 
Output found

 --- IrodsSession: icommand executed by [rods#tempZone] [iadmin rmuser alice] --- 
Assert Command: iadmin rmuser alice
Expecting EMPTY: ['']
  stdout:
    | 
  stderr:
    | 
Output found

 --- IrodsSession: icommand executed by [bobby#tempZone] [icd] --- 
Assert Command: icd
Expecting EMPTY: ['']
  stdout:
    | 
  stderr:
    | 
Output found

 --- IrodsSession: icommand executed by [bobby#tempZone] [irm -rf /tempZone/home/bobby/2024-08-05Z21:33:10--irods-testing-e3iitoz7] --- 
Assert Command: irm -rf /tempZone/home/bobby/2024-08-05Z21:33:10--irods-testing-e3iitoz7
Expecting EMPTY: ['']
  stdout:
    | 
  stderr:
    | 
Output found

 --- IrodsSession: icommand executed by [bobby#tempZone] [irmtrash] --- 
Assert Command: irmtrash
Expecting EMPTY: ['']
  stdout:
    | 
  stderr:
    | 
Output found

 --- IrodsSession: icommand executed by [rods#tempZone] [iadmin rmuser bobby] --- 
Assert Command: iadmin rmuser bobby
Expecting EMPTY: ['']
  stdout:
    | 
  stderr:
    | 
Output found

 --- IrodsSession: icommand executed by [rods#tempZone] [iinit] --- 
Assert Command: iinit
Expecting STDOUT_SINGLELINE: ['']
  stdout:
    | WARNING: Error 25 disabling echo mode. Password will be displayed in plaintext.
    | Enter your current iRODS password:
  stderr:
    | 
Output found

 --- IrodsSession: icommand executed by [rods#tempZone] [irmtrash -M] --- 
 --- IrodsSession: icommand executed by [rods#tempZone] [iadmin rmresc TestResc] --- 
 --- IrodsSession: icommand executed by [rods#tempZone] [iadmin rmresc AnotherResc] --- 
run_resource_teardown - END
 --- IrodsSession: icommand executed by [rods#tempZone] [iinit] --- 
Assert Command: iinit
Expecting STDOUT_SINGLELINE: ['']
  stdout:
    | WARNING: Error 25 disabling echo mode. Password will be displayed in plaintext.
    | Enter your current iRODS password:
  stderr:
    | 
Output found

 --- IrodsSession: icommand executed by [rods#tempZone] [iadmin rmresc demoResc] --- 
Assert Command: iadmin rmresc demoResc
Expecting EMPTY: ['']
  stdout:
    | 
  stderr:
    | 
Output found

 --- IrodsSession: icommand executed by [rods#tempZone] [iadmin modresc origResc name demoResc] --- 
Assert Command: iadmin modresc origResc name demoResc
Expecting STDOUT_SINGLELINE: ['rename']
  stdout:
    | If you modify a resource name, you and other users will need to
    | change your irods_environment.json files to use it, you may need to update
    | server_config.json and, if rules use the resource name, you'll need to
    | update the core rules (core.re).  This command will update various
    | tables with the new name.
    | Do you really want to modify the resource name? (enter y or yes to do so):OK, performing the resource rename
  stderr:
    | 
Output found

]]></system-out>
	</testcase>
	<testcase classname="irods.test.test_resource_types.Test_Resource_Unixfilesystem" name="test_detached_mode_register_inside_vault__issue_4421" time="11.563" timestamp="2024-08-05T21:33:30" file="scripts/irods/test/test_resource_types.py" line="872">
		<system-out><![CDATA[ --- IrodsSession: icommand executed by [rods#tempZone] [iinit] --- 
Assert Command: iinit
Expecting STDOUT_SINGLELINE: ['']
  stdout:
    | WARNING: Error 25 disabling echo mode. Password will be displayed in plaintext.
    | Enter your current iRODS password:
  stderr:
    | 
Output found

 --- IrodsSession: icommand executed by [rods#tempZone] [iadmin modresc demoResc name origResc] --- 
Assert Command: iadmin modresc demoResc name origResc
Expecting STDOUT_SINGLELINE: ['rename']
  stdout:
    | If you modify a resource name, you and other users will need to
    | change your irods_environment.json files to use it, you may need to update
    | server_config.json and, if rules use the resource name, you'll need to
    | update the core rules (core.re).  This command will update various
    | tables with the new name.
    | Do you really want to modify the resource name? (enter y or yes to do so):OK, performing the resource rename
  stderr:
    | 
Output found

 --- IrodsSession: icommand executed by [rods#tempZone] [iadmin mkresc demoResc 'unixfilesystem' d7680432ccfd:/var/lib/irods/demoRescVault] --- 
Assert Command: iadmin mkresc demoResc 'unixfilesystem' d7680432ccfd:/var/lib/irods/demoRescVault
Expecting STDOUT_SINGLELINE: ['unixfilesystem']
  stdout:
    | Creating resource:
    | Name:		"demoResc"
    | Type:		"unixfilesystem"
    | Host:		"d7680432ccfd"
    | Path:		"/var/lib/irods/demoRescVault"
    | Context:	""
  stderr:
    | 
Output found

 --- IrodsSession: icommand executed by [rods#tempZone] [iinit] --- 
Assert Command: iinit
Expecting STDOUT_SINGLELINE: ['']
  stdout:
    | WARNING: Error 25 disabling echo mode. Password will be displayed in plaintext.
    | Enter your current iRODS password:
  stderr:
    | 
Output found

 --- IrodsSession: icommand executed by [rods#tempZone] [iinit] --- 
Assert Command: iinit
Expecting STDOUT_SINGLELINE: ['']
  stdout:
    | WARNING: Error 25 disabling echo mode. Password will be displayed in plaintext.
    | Enter your current iRODS password:
  stderr:
    | 
Output found

 --- IrodsSession: icommand executed by [rods#tempZone] [iadmin mkuser otherrods rodsadmin] --- 
Assert Command: iadmin mkuser otherrods rodsadmin
Expecting EMPTY: ['']
  stdout:
    | 
  stderr:
    | 
Output found

 --- IrodsSession: icommand executed by [rods#tempZone] [iadmin moduser otherrods password rods] --- 
Assert Command: iadmin moduser otherrods password rods
Expecting EMPTY: ['']
  stdout:
    | 
  stderr:
    | 
Output found

 --- IrodsSession: icommand executed by [otherrods#tempZone] [iinit] --- 
Assert Command: iinit
Expecting STDOUT_SINGLELINE: ['']
  stdout:
    | WARNING: Error 25 disabling echo mode. Password will be displayed in plaintext.
    | Enter your current iRODS password:
  stderr:
    | 
Output found

 --- IrodsSession: icommand executed by [otherrods#tempZone] [imkdir /tempZone/home/otherrods/2024-08-05Z21:33:20--irods-testing-4r4who0d] --- 
Assert Command: imkdir /tempZone/home/otherrods/2024-08-05Z21:33:20--irods-testing-4r4who0d
Expecting EMPTY: ['']
  stdout:
    | 
  stderr:
    | 
Output found

 --- IrodsSession: icommand executed by [otherrods#tempZone] [icd /tempZone/home/otherrods/2024-08-05Z21:33:20--irods-testing-4r4who0d] --- 
Assert Command: icd /tempZone/home/otherrods/2024-08-05Z21:33:20--irods-testing-4r4who0d
Expecting EMPTY: ['']
  stdout:
    | 
  stderr:
    | 
Output found

 --- IrodsSession: icommand executed by [rods#tempZone] [iinit] --- 
Assert Command: iinit
Expecting STDOUT_SINGLELINE: ['']
  stdout:
    | WARNING: Error 25 disabling echo mode. Password will be displayed in plaintext.
    | Enter your current iRODS password:
  stderr:
    | 
Output found

 --- IrodsSession: icommand executed by [rods#tempZone] [iadmin mkuser alice rodsuser] --- 
Assert Command: iadmin mkuser alice rodsuser
Expecting EMPTY: ['']
  stdout:
    | 
  stderr:
    | 
Output found

 --- IrodsSession: icommand executed by [rods#tempZone] [iadmin moduser alice password apass] --- 
Assert Command: iadmin moduser alice password apass
Expecting EMPTY: ['']
  stdout:
    | 
  stderr:
    | 
Output found

 --- IrodsSession: icommand executed by [alice#tempZone] [iinit] --- 
Assert Command: iinit
Expecting STDOUT_SINGLELINE: ['']
  stdout:
    | WARNING: Error 25 disabling echo mode. Password will be displayed in plaintext.
    | Enter your current iRODS password:
  stderr:
    | 
Output found

 --- IrodsSession: icommand executed by [alice#tempZone] [imkdir /tempZone/home/alice/2024-08-05Z21:33:21--irods-testing-a1py_fw3] --- 
Assert Command: imkdir /tempZone/home/alice/2024-08-05Z21:33:21--irods-testing-a1py_fw3
Expecting EMPTY: ['']
  stdout:
    | 
  stderr:
    | 
Output found

 --- IrodsSession: icommand executed by [alice#tempZone] [icd /tempZone/home/alice/2024-08-05Z21:33:21--irods-testing-a1py_fw3] --- 
Assert Command: icd /tempZone/home/alice/2024-08-05Z21:33:21--irods-testing-a1py_fw3
Expecting EMPTY: ['']
  stdout:
    | 
  stderr:
    | 
Output found

 --- IrodsSession: icommand executed by [rods#tempZone] [iinit] --- 
Assert Command: iinit
Expecting STDOUT_SINGLELINE: ['']
  stdout:
    | WARNING: Error 25 disabling echo mode. Password will be displayed in plaintext.
    | Enter your current iRODS password:
  stderr:
    | 
Output found

 --- IrodsSession: icommand executed by [rods#tempZone] [iadmin mkuser bobby rodsuser] --- 
Assert Command: iadmin mkuser bobby rodsuser
Expecting EMPTY: ['']
  stdout:
    | 
  stderr:
    | 
Output found

 --- IrodsSession: icommand executed by [rods#tempZone] [iadmin moduser bobby password bpass] --- 
Assert Command: iadmin moduser bobby password bpass
Expecting EMPTY: ['']
  stdout:
    | 
  stderr:
    | 
Output found

 --- IrodsSession: icommand executed by [bobby#tempZone] [iinit] --- 
Assert Command: iinit
Expecting STDOUT_SINGLELINE: ['']
  stdout:
    | WARNING: Error 25 disabling echo mode. Password will be displayed in plaintext.
    | Enter your current iRODS password:
  stderr:
    | 
Output found

 --- IrodsSession: icommand executed by [bobby#tempZone] [imkdir /tempZone/home/bobby/2024-08-05Z21:33:22--irods-testing-kgiyu0rf] --- 
Assert Command: imkdir /tempZone/home/bobby/2024-08-05Z21:33:22--irods-testing-kgiyu0rf
Expecting EMPTY: ['']
  stdout:
    | 
  stderr:
    | 
Output found

 --- IrodsSession: icommand executed by [bobby#tempZone] [icd /tempZone/home/bobby/2024-08-05Z21:33:22--irods-testing-kgiyu0rf] --- 
Assert Command: icd /tempZone/home/bobby/2024-08-05Z21:33:22--irods-testing-kgiyu0rf
Expecting EMPTY: ['']
  stdout:
    | 
  stderr:
    | 
Output found

run_resource_setup - BEGIN
 --- IrodsSession: icommand executed by [otherrods#tempZone] [iadmin mkresc TestResc unixfilesystem d7680432ccfd:/tmp/irods/TestResc] --- 
Assert Command: iadmin mkresc TestResc unixfilesystem d7680432ccfd:/tmp/irods/TestResc
Expecting STDOUT_SINGLELINE: ['unixfilesystem']
  stdout:
    | Creating resource:
    | Name:		"TestResc"
    | Type:		"unixfilesystem"
    | Host:		"d7680432ccfd"
    | Path:		"/tmp/irods/TestResc"
    | Context:	""
  stderr:
    | 
Output found

 --- IrodsSession: icommand executed by [otherrods#tempZone] [iadmin mkresc AnotherResc unixfilesystem d7680432ccfd:/tmp/irods/AnotherResc] --- 
Assert Command: iadmin mkresc AnotherResc unixfilesystem d7680432ccfd:/tmp/irods/AnotherResc
Expecting STDOUT_SINGLELINE: ['unixfilesystem']
  stdout:
    | Creating resource:
    | Name:		"AnotherResc"
    | Type:		"unixfilesystem"
    | Host:		"d7680432ccfd"
    | Path:		"/tmp/irods/AnotherResc"
    | Context:	""
  stderr:
    | 
Output found

 --- IrodsSession: icommand executed by [otherrods#tempZone] [imkdir testdir] --- 
Assert Command: imkdir testdir
Expecting EMPTY: ['']
  stdout:
    | 
  stderr:
    | 
Output found

 --- IrodsSession: icommand executed by [otherrods#tempZone] [iput testfile.txt] --- 
Assert Command: iput testfile.txt
Expecting EMPTY: ['']
  stdout:
    | 
  stderr:
    | 
Output found

 --- IrodsSession: icommand executed by [otherrods#tempZone] [icp testfile.txt ../../public/] --- 
Assert Command: icp testfile.txt ../../public/
Expecting EMPTY: ['']
  stdout:
    | 
  stderr:
    | 
Output found

 --- IrodsSession: icommand executed by [otherrods#tempZone] [ichmod read alice ../../public/testfile.txt] --- 
Assert Command: ichmod read alice ../../public/testfile.txt
Expecting EMPTY: ['']
  stdout:
    | 
  stderr:
    | 
Output found

 --- IrodsSession: icommand executed by [otherrods#tempZone] [ichmod write bobby ../../public/testfile.txt] --- 
Assert Command: ichmod write bobby ../../public/testfile.txt
Expecting EMPTY: ['']
  stdout:
    | 
  stderr:
    | 
Output found

run_resource_setup - END
 --- IrodsSession: icommand executed by [otherrods#tempZone] [iadmin mkresc detached_resource unixfilesystem D7680432CCFD:/tmp/irods-testing-4r4who0d/detached_resource_vault] --- 
Assert Command: iadmin mkresc detached_resource unixfilesystem D7680432CCFD:/tmp/irods-testing-4r4who0d/detached_resource_vault
Expecting STDOUT: ['detached_resource']
  stdout:
    | Creating resource:
    | Name:		"detached_resource"
    | Type:		"unixfilesystem"
    | Host:		"D7680432CCFD"
    | Path:		"/tmp/irods-testing-4r4who0d/detached_resource_vault"
    | Context:	""
  stderr:
    | 
Output found

 --- IrodsSession: icommand executed by [otherrods#tempZone] [iadmin modresc detached_resource context host_mode=detached] --- 
Assert Command: iadmin modresc detached_resource context host_mode=detached
Expecting EMPTY: ['']
  stdout:
    | 
  stderr:
    | 
Output found

 --- IrodsSession: icommand executed by [otherrods#tempZone] [iquest %s select RESC_VAULT_PATH where RESC_NAME = 'detached_resource'] --- 
 --- IrodsSession: icommand executed by [otherrods#tempZone] [ireg -R detached_resource /tmp/irods-testing-4r4who0d/detached_resource_vault/f1 /tempZone/home/otherrods/2024-08-05Z21:33:20--irods-testing-4r4who0d/f1] --- 
Assert Command: ireg -R detached_resource /tmp/irods-testing-4r4who0d/detached_resource_vault/f1 /tempZone/home/otherrods/2024-08-05Z21:33:20--irods-testing-4r4who0d/f1
Expecting EMPTY: ['']
  stdout:
    | 
  stderr:
    | 
Output found

 --- IrodsSession: icommand executed by [otherrods#tempZone] [irm -f /tempZone/home/otherrods/2024-08-05Z21:33:20--irods-testing-4r4who0d/f1] --- 
Assert Command: irm -f /tempZone/home/otherrods/2024-08-05Z21:33:20--irods-testing-4r4who0d/f1
Expecting EMPTY: ['']
  stdout:
    | 
  stderr:
    | 
Output found

 --- IrodsSession: icommand executed by [otherrods#tempZone] [iadmin rmresc detached_resource] --- 
Assert Command: iadmin rmresc detached_resource
Expecting EMPTY: ['']
  stdout:
    | 
  stderr:
    | 
Output found

run_resource_teardown - BEGIN
 --- IrodsSession: icommand executed by [otherrods#tempZone] [icd] --- 
 --- IrodsSession: icommand executed by [otherrods#tempZone] [irm testfile.txt ../public/testfile.txt] --- 
 --- IrodsSession: icommand executed by [otherrods#tempZone] [irm -rf ../../bundle] --- 
 --- IrodsSession: icommand executed by [rods#tempZone] [iinit] --- 
Assert Command: iinit
Expecting STDOUT_SINGLELINE: ['']
  stdout:
    | WARNING: Error 25 disabling echo mode. Password will be displayed in plaintext.
    | Enter your current iRODS password:
  stderr:
    | 
Output found

 --- IrodsSession: icommand executed by [otherrods#tempZone] [icd] --- 
Assert Command: icd
Expecting EMPTY: ['']
  stdout:
    | 
  stderr:
    | 
Output found

 --- IrodsSession: icommand executed by [otherrods#tempZone] [irm -rf /tempZone/home/otherrods/2024-08-05Z21:33:20--irods-testing-4r4who0d] --- 
Assert Command: irm -rf /tempZone/home/otherrods/2024-08-05Z21:33:20--irods-testing-4r4who0d
Expecting EMPTY: ['']
  stdout:
    | 
  stderr:
    | 
Output found

 --- IrodsSession: icommand executed by [otherrods#tempZone] [irmtrash] --- 
Assert Command: irmtrash
Expecting EMPTY: ['']
  stdout:
    | 
  stderr:
    | 
Output found

 --- IrodsSession: icommand executed by [rods#tempZone] [iadmin rmuser otherrods] --- 
Assert Command: iadmin rmuser otherrods
Expecting EMPTY: ['']
  stdout:
    | 
  stderr:
    | 
Output found

 --- IrodsSession: icommand executed by [alice#tempZone] [icd] --- 
Assert Command: icd
Expecting EMPTY: ['']
  stdout:
    | 
  stderr:
    | 
Output found

 --- IrodsSession: icommand executed by [alice#tempZone] [irm -rf /tempZone/home/alice/2024-08-05Z21:33:21--irods-testing-a1py_fw3] --- 
Assert Command: irm -rf /tempZone/home/alice/2024-08-05Z21:33:21--irods-testing-a1py_fw3
Expecting EMPTY: ['']
  stdout:
    | 
  stderr:
    | 
Output found

 --- IrodsSession: icommand executed by [alice#tempZone] [irmtrash] --- 
Assert Command: irmtrash
Expecting EMPTY: ['']
  stdout:
    | 
  stderr:
    | 
Output found

 --- IrodsSession: icommand executed by [rods#tempZone] [iadmin rmuser alice] --- 
Assert Command: iadmin rmuser alice
Expecting EMPTY: ['']
  stdout:
    | 
  stderr:
    | 
Output found

 --- IrodsSession: icommand executed by [bobby#tempZone] [icd] --- 
Assert Command: icd
Expecting EMPTY: ['']
  stdout:
    | 
  stderr:
    | 
Output found

 --- IrodsSession: icommand executed by [bobby#tempZone] [irm -rf /tempZone/home/bobby/2024-08-05Z21:33:22--irods-testing-kgiyu0rf] --- 
Assert Command: irm -rf /tempZone/home/bobby/2024-08-05Z21:33:22--irods-testing-kgiyu0rf
Expecting EMPTY: ['']
  stdout:
    | 
  stderr:
    | 
Output found

 --- IrodsSession: icommand executed by [bobby#tempZone] [irmtrash] --- 
Assert Command: irmtrash
Expecting EMPTY: ['']
  stdout:
    | 
  stderr:
    | 
Output found

 --- IrodsSession: icommand executed by [rods#tempZone] [iadmin rmuser bobby] --- 
Assert Command: iadmin rmuser bobby
Expecting EMPTY: ['']
  stdout:
    | 
  stderr:
    | 
Output found

 --- IrodsSession: icommand executed by [rods#tempZone] [iinit] --- 
Assert Command: iinit
Expecting STDOUT_SINGLELINE: ['']
  stdout:
    | WARNING: Error 25 disabling echo mode. Password will be displayed in plaintext.
    | Enter your current iRODS password:
  stderr:
    | 
Output found

 --- IrodsSession: icommand executed by [rods#tempZone] [irmtrash -M] --- 
 --- IrodsSession: icommand executed by [rods#tempZone] [iadmin rmresc TestResc] --- 
 --- IrodsSession: icommand executed by [rods#tempZone] [iadmin rmresc AnotherResc] --- 
run_resource_teardown - END
 --- IrodsSession: icommand executed by [rods#tempZone] [iinit] --- 
Assert Command: iinit
Expecting STDOUT_SINGLELINE: ['']
  stdout:
    | WARNING: Error 25 disabling echo mode. Password will be displayed in plaintext.
    | Enter your current iRODS password:
  stderr:
    | 
Output found

 --- IrodsSession: icommand executed by [rods#tempZone] [iadmin rmresc demoResc] --- 
Assert Command: iadmin rmresc demoResc
Expecting EMPTY: ['']
  stdout:
    | 
  stderr:
    | 
Output found

 --- IrodsSession: icommand executed by [rods#tempZone] [iadmin modresc origResc name demoResc] --- 
Assert Command: iadmin modresc origResc name demoResc
Expecting STDOUT_SINGLELINE: ['rename']
  stdout:
    | If you modify a resource name, you and other users will need to
    | change your irods_environment.json files to use it, you may need to update
    | server_config.json and, if rules use the resource name, you'll need to
    | update the core rules (core.re).  This command will update various
    | tables with the new name.
    | Do you really want to modify the resource name? (enter y or yes to do so):OK, performing the resource rename
  stderr:
    | 
Output found

]]></system-out>
	</testcase>
	<testcase classname="irods.test.test_resource_types.Test_Resource_Unixfilesystem" name="test_ibun_resource_failure_behavior" time="11.384" timestamp="2024-08-05T21:33:41" file="scripts/irods/test/test_resource_types.py" line="93">
		<system-out><![CDATA[ --- IrodsSession: icommand executed by [rods#tempZone] [iinit] --- 
Assert Command: iinit
Expecting STDOUT_SINGLELINE: ['']
  stdout:
    | WARNING: Error 25 disabling echo mode. Password will be displayed in plaintext.
    | Enter your current iRODS password:
  stderr:
    | 
Output found

 --- IrodsSession: icommand executed by [rods#tempZone] [iadmin modresc demoResc name origResc] --- 
Assert Command: iadmin modresc demoResc name origResc
Expecting STDOUT_SINGLELINE: ['rename']
  stdout:
    | If you modify a resource name, you and other users will need to
    | change your irods_environment.json files to use it, you may need to update
    | server_config.json and, if rules use the resource name, you'll need to
    | update the core rules (core.re).  This command will update various
    | tables with the new name.
    | Do you really want to modify the resource name? (enter y or yes to do so):OK, performing the resource rename
  stderr:
    | 
Output found

 --- IrodsSession: icommand executed by [rods#tempZone] [iadmin mkresc demoResc 'unixfilesystem' d7680432ccfd:/var/lib/irods/demoRescVault] --- 
Assert Command: iadmin mkresc demoResc 'unixfilesystem' d7680432ccfd:/var/lib/irods/demoRescVault
Expecting STDOUT_SINGLELINE: ['unixfilesystem']
  stdout:
    | Creating resource:
    | Name:		"demoResc"
    | Type:		"unixfilesystem"
    | Host:		"d7680432ccfd"
    | Path:		"/var/lib/irods/demoRescVault"
    | Context:	""
  stderr:
    | 
Output found

 --- IrodsSession: icommand executed by [rods#tempZone] [iinit] --- 
Assert Command: iinit
Expecting STDOUT_SINGLELINE: ['']
  stdout:
    | WARNING: Error 25 disabling echo mode. Password will be displayed in plaintext.
    | Enter your current iRODS password:
  stderr:
    | 
Output found

 --- IrodsSession: icommand executed by [rods#tempZone] [iinit] --- 
Assert Command: iinit
Expecting STDOUT_SINGLELINE: ['']
  stdout:
    | WARNING: Error 25 disabling echo mode. Password will be displayed in plaintext.
    | Enter your current iRODS password:
  stderr:
    | 
Output found

 --- IrodsSession: icommand executed by [rods#tempZone] [iadmin mkuser otherrods rodsadmin] --- 
Assert Command: iadmin mkuser otherrods rodsadmin
Expecting EMPTY: ['']
  stdout:
    | 
  stderr:
    | 
Output found

 --- IrodsSession: icommand executed by [rods#tempZone] [iadmin moduser otherrods password rods] --- 
Assert Command: iadmin moduser otherrods password rods
Expecting EMPTY: ['']
  stdout:
    | 
  stderr:
    | 
Output found

 --- IrodsSession: icommand executed by [otherrods#tempZone] [iinit] --- 
Assert Command: iinit
Expecting STDOUT_SINGLELINE: ['']
  stdout:
    | WARNING: Error 25 disabling echo mode. Password will be displayed in plaintext.
    | Enter your current iRODS password:
  stderr:
    | 
Output found

 --- IrodsSession: icommand executed by [otherrods#tempZone] [imkdir /tempZone/home/otherrods/2024-08-05Z21:33:31--irods-testing-z6cym53r] --- 
Assert Command: imkdir /tempZone/home/otherrods/2024-08-05Z21:33:31--irods-testing-z6cym53r
Expecting EMPTY: ['']
  stdout:
    | 
  stderr:
    | 
Output found

 --- IrodsSession: icommand executed by [otherrods#tempZone] [icd /tempZone/home/otherrods/2024-08-05Z21:33:31--irods-testing-z6cym53r] --- 
Assert Command: icd /tempZone/home/otherrods/2024-08-05Z21:33:31--irods-testing-z6cym53r
Expecting EMPTY: ['']
  stdout:
    | 
  stderr:
    | 
Output found

 --- IrodsSession: icommand executed by [rods#tempZone] [iinit] --- 
Assert Command: iinit
Expecting STDOUT_SINGLELINE: ['']
  stdout:
    | WARNING: Error 25 disabling echo mode. Password will be displayed in plaintext.
    | Enter your current iRODS password:
  stderr:
    | 
Output found

 --- IrodsSession: icommand executed by [rods#tempZone] [iadmin mkuser alice rodsuser] --- 
Assert Command: iadmin mkuser alice rodsuser
Expecting EMPTY: ['']
  stdout:
    | 
  stderr:
    | 
Output found

 --- IrodsSession: icommand executed by [rods#tempZone] [iadmin moduser alice password apass] --- 
Assert Command: iadmin moduser alice password apass
Expecting EMPTY: ['']
  stdout:
    | 
  stderr:
    | 
Output found

 --- IrodsSession: icommand executed by [alice#tempZone] [iinit] --- 
Assert Command: iinit
Expecting STDOUT_SINGLELINE: ['']
  stdout:
    | WARNING: Error 25 disabling echo mode. Password will be displayed in plaintext.
    | Enter your current iRODS password:
  stderr:
    | 
Output found

 --- IrodsSession: icommand executed by [alice#tempZone] [imkdir /tempZone/home/alice/2024-08-05Z21:33:33--irods-testing-mpd8kr9t] --- 
Assert Command: imkdir /tempZone/home/alice/2024-08-05Z21:33:33--irods-testing-mpd8kr9t
Expecting EMPTY: ['']
  stdout:
    | 
  stderr:
    | 
Output found

 --- IrodsSession: icommand executed by [alice#tempZone] [icd /tempZone/home/alice/2024-08-05Z21:33:33--irods-testing-mpd8kr9t] --- 
Assert Command: icd /tempZone/home/alice/2024-08-05Z21:33:33--irods-testing-mpd8kr9t
Expecting EMPTY: ['']
  stdout:
    | 
  stderr:
    | 
Output found

 --- IrodsSession: icommand executed by [rods#tempZone] [iinit] --- 
Assert Command: iinit
Expecting STDOUT_SINGLELINE: ['']
  stdout:
    | WARNING: Error 25 disabling echo mode. Password will be displayed in plaintext.
    | Enter your current iRODS password:
  stderr:
    | 
Output found

 --- IrodsSession: icommand executed by [rods#tempZone] [iadmin mkuser bobby rodsuser] --- 
Assert Command: iadmin mkuser bobby rodsuser
Expecting EMPTY: ['']
  stdout:
    | 
  stderr:
    | 
Output found

 --- IrodsSession: icommand executed by [rods#tempZone] [iadmin moduser bobby password bpass] --- 
Assert Command: iadmin moduser bobby password bpass
Expecting EMPTY: ['']
  stdout:
    | 
  stderr:
    | 
Output found

 --- IrodsSession: icommand executed by [bobby#tempZone] [iinit] --- 
Assert Command: iinit
Expecting STDOUT_SINGLELINE: ['']
  stdout:
    | WARNING: Error 25 disabling echo mode. Password will be displayed in plaintext.
    | Enter your current iRODS password:
  stderr:
    | 
Output found

 --- IrodsSession: icommand executed by [bobby#tempZone] [imkdir /tempZone/home/bobby/2024-08-05Z21:33:34--irods-testing-liavdtpx] --- 
Assert Command: imkdir /tempZone/home/bobby/2024-08-05Z21:33:34--irods-testing-liavdtpx
Expecting EMPTY: ['']
  stdout:
    | 
  stderr:
    | 
Output found

 --- IrodsSession: icommand executed by [bobby#tempZone] [icd /tempZone/home/bobby/2024-08-05Z21:33:34--irods-testing-liavdtpx] --- 
Assert Command: icd /tempZone/home/bobby/2024-08-05Z21:33:34--irods-testing-liavdtpx
Expecting EMPTY: ['']
  stdout:
    | 
  stderr:
    | 
Output found

run_resource_setup - BEGIN
 --- IrodsSession: icommand executed by [otherrods#tempZone] [iadmin mkresc TestResc unixfilesystem d7680432ccfd:/tmp/irods/TestResc] --- 
Assert Command: iadmin mkresc TestResc unixfilesystem d7680432ccfd:/tmp/irods/TestResc
Expecting STDOUT_SINGLELINE: ['unixfilesystem']
  stdout:
    | Creating resource:
    | Name:		"TestResc"
    | Type:		"unixfilesystem"
    | Host:		"d7680432ccfd"
    | Path:		"/tmp/irods/TestResc"
    | Context:	""
  stderr:
    | 
Output found

 --- IrodsSession: icommand executed by [otherrods#tempZone] [iadmin mkresc AnotherResc unixfilesystem d7680432ccfd:/tmp/irods/AnotherResc] --- 
Assert Command: iadmin mkresc AnotherResc unixfilesystem d7680432ccfd:/tmp/irods/AnotherResc
Expecting STDOUT_SINGLELINE: ['unixfilesystem']
  stdout:
    | Creating resource:
    | Name:		"AnotherResc"
    | Type:		"unixfilesystem"
    | Host:		"d7680432ccfd"
    | Path:		"/tmp/irods/AnotherResc"
    | Context:	""
  stderr:
    | 
Output found

 --- IrodsSession: icommand executed by [otherrods#tempZone] [imkdir testdir] --- 
Assert Command: imkdir testdir
Expecting EMPTY: ['']
  stdout:
    | 
  stderr:
    | 
Output found

 --- IrodsSession: icommand executed by [otherrods#tempZone] [iput testfile.txt] --- 
Assert Command: iput testfile.txt
Expecting EMPTY: ['']
  stdout:
    | 
  stderr:
    | 
Output found

 --- IrodsSession: icommand executed by [otherrods#tempZone] [icp testfile.txt ../../public/] --- 
Assert Command: icp testfile.txt ../../public/
Expecting EMPTY: ['']
  stdout:
    | 
  stderr:
    | 
Output found

 --- IrodsSession: icommand executed by [otherrods#tempZone] [ichmod read alice ../../public/testfile.txt] --- 
Assert Command: ichmod read alice ../../public/testfile.txt
Expecting EMPTY: ['']
  stdout:
    | 
  stderr:
    | 
Output found

 --- IrodsSession: icommand executed by [otherrods#tempZone] [ichmod write bobby ../../public/testfile.txt] --- 
Assert Command: ichmod write bobby ../../public/testfile.txt
Expecting EMPTY: ['']
  stdout:
    | 
  stderr:
    | 
Output found

run_resource_setup - END
 --- IrodsSession: icommand executed by [alice#tempZone] [iput file.tar ] --- 
Assert Command: iput file.tar 
Expecting EMPTY: ['']
  stdout:
    | 
  stderr:
    | 
Output found

 --- IrodsSession: icommand executed by [otherrods#tempZone] [ibun -x -R TestResc file.tar /tempZone/home/rods/doesntmatter] --- 
Assert Command: ibun -x -R TestResc file.tar /tempZone/home/rods/doesntmatter
Expecting STDERR_SINGLELINE: ['REPLICA_NOT_IN_RESC']
  stdout:
    | Level 0: /tempZone/home/otherrods/2024-08-05Z21:33:31--irods-testing-z6cym53r/file.tar does not exist or is not a replica on the target resource [TestResc]
  stderr:
    | remote addresses: 10.201.24.5 ERROR: bunUtil: opr error for /tempZone/home/rods/doesntmatter, status = -1821000 status = -1821000 REPLICA_NOT_IN_RESC
Output found

 --- IrodsSession: icommand executed by [otherrods#tempZone] [ibun -x -R notaResc file.tar /tempZone/home/rods/doesntmatter] --- 
Assert Command: ibun -x -R notaResc file.tar /tempZone/home/rods/doesntmatter
Expecting STDERR_SINGLELINE: ['SYS_RESC_DOES_NOT_EXIST']
  stdout:
    | Level 0: /tempZone/home/otherrods/2024-08-05Z21:33:31--irods-testing-z6cym53r/file.tar resource does not exist [notaResc]
  stderr:
    | remote addresses: 10.201.24.5 ERROR: bunUtil: opr error for /tempZone/home/rods/doesntmatter, status = -78000 status = -78000 SYS_RESC_DOES_NOT_EXIST
Output found

run_resource_teardown - BEGIN
 --- IrodsSession: icommand executed by [otherrods#tempZone] [icd] --- 
 --- IrodsSession: icommand executed by [otherrods#tempZone] [irm testfile.txt ../public/testfile.txt] --- 
 --- IrodsSession: icommand executed by [otherrods#tempZone] [irm -rf ../../bundle] --- 
 --- IrodsSession: icommand executed by [rods#tempZone] [iinit] --- 
Assert Command: iinit
Expecting STDOUT_SINGLELINE: ['']
  stdout:
    | WARNING: Error 25 disabling echo mode. Password will be displayed in plaintext.
    | Enter your current iRODS password:
  stderr:
    | 
Output found

 --- IrodsSession: icommand executed by [otherrods#tempZone] [icd] --- 
Assert Command: icd
Expecting EMPTY: ['']
  stdout:
    | 
  stderr:
    | 
Output found

 --- IrodsSession: icommand executed by [otherrods#tempZone] [irm -rf /tempZone/home/otherrods/2024-08-05Z21:33:31--irods-testing-z6cym53r] --- 
Assert Command: irm -rf /tempZone/home/otherrods/2024-08-05Z21:33:31--irods-testing-z6cym53r
Expecting EMPTY: ['']
  stdout:
    | 
  stderr:
    | 
Output found

 --- IrodsSession: icommand executed by [otherrods#tempZone] [irmtrash] --- 
Assert Command: irmtrash
Expecting EMPTY: ['']
  stdout:
    | 
  stderr:
    | 
Output found

 --- IrodsSession: icommand executed by [rods#tempZone] [iadmin rmuser otherrods] --- 
Assert Command: iadmin rmuser otherrods
Expecting EMPTY: ['']
  stdout:
    | 
  stderr:
    | 
Output found

 --- IrodsSession: icommand executed by [alice#tempZone] [icd] --- 
Assert Command: icd
Expecting EMPTY: ['']
  stdout:
    | 
  stderr:
    | 
Output found

 --- IrodsSession: icommand executed by [alice#tempZone] [irm -rf /tempZone/home/alice/2024-08-05Z21:33:33--irods-testing-mpd8kr9t] --- 
Assert Command: irm -rf /tempZone/home/alice/2024-08-05Z21:33:33--irods-testing-mpd8kr9t
Expecting EMPTY: ['']
  stdout:
    | 
  stderr:
    | 
Output found

 --- IrodsSession: icommand executed by [alice#tempZone] [irmtrash] --- 
Assert Command: irmtrash
Expecting EMPTY: ['']
  stdout:
    | 
  stderr:
    | 
Output found

 --- IrodsSession: icommand executed by [rods#tempZone] [iadmin rmuser alice] --- 
Assert Command: iadmin rmuser alice
Expecting EMPTY: ['']
  stdout:
    | 
  stderr:
    | 
Output found

 --- IrodsSession: icommand executed by [bobby#tempZone] [icd] --- 
Assert Command: icd
Expecting EMPTY: ['']
  stdout:
    | 
  stderr:
    | 
Output found

 --- IrodsSession: icommand executed by [bobby#tempZone] [irm -rf /tempZone/home/bobby/2024-08-05Z21:33:34--irods-testing-liavdtpx] --- 
Assert Command: irm -rf /tempZone/home/bobby/2024-08-05Z21:33:34--irods-testing-liavdtpx
Expecting EMPTY: ['']
  stdout:
    | 
  stderr:
    | 
Output found

 --- IrodsSession: icommand executed by [bobby#tempZone] [irmtrash] --- 
Assert Command: irmtrash
Expecting EMPTY: ['']
  stdout:
    | 
  stderr:
    | 
Output found

 --- IrodsSession: icommand executed by [rods#tempZone] [iadmin rmuser bobby] --- 
Assert Command: iadmin rmuser bobby
Expecting EMPTY: ['']
  stdout:
    | 
  stderr:
    | 
Output found

 --- IrodsSession: icommand executed by [rods#tempZone] [iinit] --- 
Assert Command: iinit
Expecting STDOUT_SINGLELINE: ['']
  stdout:
    | WARNING: Error 25 disabling echo mode. Password will be displayed in plaintext.
    | Enter your current iRODS password:
  stderr:
    | 
Output found

 --- IrodsSession: icommand executed by [rods#tempZone] [irmtrash -M] --- 
 --- IrodsSession: icommand executed by [rods#tempZone] [iadmin rmresc TestResc] --- 
 --- IrodsSession: icommand executed by [rods#tempZone] [iadmin rmresc AnotherResc] --- 
run_resource_teardown - END
 --- IrodsSession: icommand executed by [rods#tempZone] [iinit] --- 
Assert Command: iinit
Expecting STDOUT_SINGLELINE: ['']
  stdout:
    | WARNING: Error 25 disabling echo mode. Password will be displayed in plaintext.
    | Enter your current iRODS password:
  stderr:
    | 
Output found

 --- IrodsSession: icommand executed by [rods#tempZone] [iadmin rmresc demoResc] --- 
Assert Command: iadmin rmresc demoResc
Expecting EMPTY: ['']
  stdout:
    | 
  stderr:
    | 
Output found

 --- IrodsSession: icommand executed by [rods#tempZone] [iadmin modresc origResc name demoResc] --- 
Assert Command: iadmin modresc origResc name demoResc
Expecting STDOUT_SINGLELINE: ['rename']
  stdout:
    | If you modify a resource name, you and other users will need to
    | change your irods_environment.json files to use it, you may need to update
    | server_config.json and, if rules use the resource name, you'll need to
    | update the core rules (core.re).  This command will update various
    | tables with the new name.
    | Do you really want to modify the resource name? (enter y or yes to do so):OK, performing the resource rename
  stderr:
    | 
Output found

]]></system-out>
	</testcase>
	<testcase classname="irods.test.test_resource_types.Test_Resource_Unixfilesystem" name="test_iget_specify_resource_with_single_thread__issue_3140" time="11.274" timestamp="2024-08-05T21:33:53" file="scripts/irods/test/test_resource_types.py" line="179">
		<system-out><![CDATA[ --- IrodsSession: icommand executed by [rods#tempZone] [iinit] --- 
Assert Command: iinit
Expecting STDOUT_SINGLELINE: ['']
  stdout:
    | WARNING: Error 25 disabling echo mode. Password will be displayed in plaintext.
    | Enter your current iRODS password:
  stderr:
    | 
Output found

 --- IrodsSession: icommand executed by [rods#tempZone] [iadmin modresc demoResc name origResc] --- 
Assert Command: iadmin modresc demoResc name origResc
Expecting STDOUT_SINGLELINE: ['rename']
  stdout:
    | If you modify a resource name, you and other users will need to
    | change your irods_environment.json files to use it, you may need to update
    | server_config.json and, if rules use the resource name, you'll need to
    | update the core rules (core.re).  This command will update various
    | tables with the new name.
    | Do you really want to modify the resource name? (enter y or yes to do so):OK, performing the resource rename
  stderr:
    | 
Output found

 --- IrodsSession: icommand executed by [rods#tempZone] [iadmin mkresc demoResc 'unixfilesystem' d7680432ccfd:/var/lib/irods/demoRescVault] --- 
Assert Command: iadmin mkresc demoResc 'unixfilesystem' d7680432ccfd:/var/lib/irods/demoRescVault
Expecting STDOUT_SINGLELINE: ['unixfilesystem']
  stdout:
    | Creating resource:
    | Name:		"demoResc"
    | Type:		"unixfilesystem"
    | Host:		"d7680432ccfd"
    | Path:		"/var/lib/irods/demoRescVault"
    | Context:	""
  stderr:
    | 
Output found

 --- IrodsSession: icommand executed by [rods#tempZone] [iinit] --- 
Assert Command: iinit
Expecting STDOUT_SINGLELINE: ['']
  stdout:
    | WARNING: Error 25 disabling echo mode. Password will be displayed in plaintext.
    | Enter your current iRODS password:
  stderr:
    | 
Output found

 --- IrodsSession: icommand executed by [rods#tempZone] [iinit] --- 
Assert Command: iinit
Expecting STDOUT_SINGLELINE: ['']
  stdout:
    | WARNING: Error 25 disabling echo mode. Password will be displayed in plaintext.
    | Enter your current iRODS password:
  stderr:
    | 
Output found

 --- IrodsSession: icommand executed by [rods#tempZone] [iadmin mkuser otherrods rodsadmin] --- 
Assert Command: iadmin mkuser otherrods rodsadmin
Expecting EMPTY: ['']
  stdout:
    | 
  stderr:
    | 
Output found

 --- IrodsSession: icommand executed by [rods#tempZone] [iadmin moduser otherrods password rods] --- 
Assert Command: iadmin moduser otherrods password rods
Expecting EMPTY: ['']
  stdout:
    | 
  stderr:
    | 
Output found

 --- IrodsSession: icommand executed by [otherrods#tempZone] [iinit] --- 
Assert Command: iinit
Expecting STDOUT_SINGLELINE: ['']
  stdout:
    | WARNING: Error 25 disabling echo mode. Password will be displayed in plaintext.
    | Enter your current iRODS password:
  stderr:
    | 
Output found

 --- IrodsSession: icommand executed by [otherrods#tempZone] [imkdir /tempZone/home/otherrods/2024-08-05Z21:33:43--irods-testing-s5ycd30x] --- 
Assert Command: imkdir /tempZone/home/otherrods/2024-08-05Z21:33:43--irods-testing-s5ycd30x
Expecting EMPTY: ['']
  stdout:
    | 
  stderr:
    | 
Output found

 --- IrodsSession: icommand executed by [otherrods#tempZone] [icd /tempZone/home/otherrods/2024-08-05Z21:33:43--irods-testing-s5ycd30x] --- 
Assert Command: icd /tempZone/home/otherrods/2024-08-05Z21:33:43--irods-testing-s5ycd30x
Expecting EMPTY: ['']
  stdout:
    | 
  stderr:
    | 
Output found

 --- IrodsSession: icommand executed by [rods#tempZone] [iinit] --- 
Assert Command: iinit
Expecting STDOUT_SINGLELINE: ['']
  stdout:
    | WARNING: Error 25 disabling echo mode. Password will be displayed in plaintext.
    | Enter your current iRODS password:
  stderr:
    | 
Output found

 --- IrodsSession: icommand executed by [rods#tempZone] [iadmin mkuser alice rodsuser] --- 
Assert Command: iadmin mkuser alice rodsuser
Expecting EMPTY: ['']
  stdout:
    | 
  stderr:
    | 
Output found

 --- IrodsSession: icommand executed by [rods#tempZone] [iadmin moduser alice password apass] --- 
Assert Command: iadmin moduser alice password apass
Expecting EMPTY: ['']
  stdout:
    | 
  stderr:
    | 
Output found

 --- IrodsSession: icommand executed by [alice#tempZone] [iinit] --- 
Assert Command: iinit
Expecting STDOUT_SINGLELINE: ['']
  stdout:
    | WARNING: Error 25 disabling echo mode. Password will be displayed in plaintext.
    | Enter your current iRODS password:
  stderr:
    | 
Output found

 --- IrodsSession: icommand executed by [alice#tempZone] [imkdir /tempZone/home/alice/2024-08-05Z21:33:44--irods-testing-xaw9r4ma] --- 
Assert Command: imkdir /tempZone/home/alice/2024-08-05Z21:33:44--irods-testing-xaw9r4ma
Expecting EMPTY: ['']
  stdout:
    | 
  stderr:
    | 
Output found

 --- IrodsSession: icommand executed by [alice#tempZone] [icd /tempZone/home/alice/2024-08-05Z21:33:44--irods-testing-xaw9r4ma] --- 
Assert Command: icd /tempZone/home/alice/2024-08-05Z21:33:44--irods-testing-xaw9r4ma
Expecting EMPTY: ['']
  stdout:
    | 
  stderr:
    | 
Output found

 --- IrodsSession: icommand executed by [rods#tempZone] [iinit] --- 
Assert Command: iinit
Expecting STDOUT_SINGLELINE: ['']
  stdout:
    | WARNING: Error 25 disabling echo mode. Password will be displayed in plaintext.
    | Enter your current iRODS password:
  stderr:
    | 
Output found

 --- IrodsSession: icommand executed by [rods#tempZone] [iadmin mkuser bobby rodsuser] --- 
Assert Command: iadmin mkuser bobby rodsuser
Expecting EMPTY: ['']
  stdout:
    | 
  stderr:
    | 
Output found

 --- IrodsSession: icommand executed by [rods#tempZone] [iadmin moduser bobby password bpass] --- 
Assert Command: iadmin moduser bobby password bpass
Expecting EMPTY: ['']
  stdout:
    | 
  stderr:
    | 
Output found

 --- IrodsSession: icommand executed by [bobby#tempZone] [iinit] --- 
Assert Command: iinit
Expecting STDOUT_SINGLELINE: ['']
  stdout:
    | WARNING: Error 25 disabling echo mode. Password will be displayed in plaintext.
    | Enter your current iRODS password:
  stderr:
    | 
Output found

 --- IrodsSession: icommand executed by [bobby#tempZone] [imkdir /tempZone/home/bobby/2024-08-05Z21:33:45--irods-testing-64qv6f0i] --- 
Assert Command: imkdir /tempZone/home/bobby/2024-08-05Z21:33:45--irods-testing-64qv6f0i
Expecting EMPTY: ['']
  stdout:
    | 
  stderr:
    | 
Output found

 --- IrodsSession: icommand executed by [bobby#tempZone] [icd /tempZone/home/bobby/2024-08-05Z21:33:45--irods-testing-64qv6f0i] --- 
Assert Command: icd /tempZone/home/bobby/2024-08-05Z21:33:45--irods-testing-64qv6f0i
Expecting EMPTY: ['']
  stdout:
    | 
  stderr:
    | 
Output found

run_resource_setup - BEGIN
 --- IrodsSession: icommand executed by [otherrods#tempZone] [iadmin mkresc TestResc unixfilesystem d7680432ccfd:/tmp/irods/TestResc] --- 
Assert Command: iadmin mkresc TestResc unixfilesystem d7680432ccfd:/tmp/irods/TestResc
Expecting STDOUT_SINGLELINE: ['unixfilesystem']
  stdout:
    | Creating resource:
    | Name:		"TestResc"
    | Type:		"unixfilesystem"
    | Host:		"d7680432ccfd"
    | Path:		"/tmp/irods/TestResc"
    | Context:	""
  stderr:
    | 
Output found

 --- IrodsSession: icommand executed by [otherrods#tempZone] [iadmin mkresc AnotherResc unixfilesystem d7680432ccfd:/tmp/irods/AnotherResc] --- 
Assert Command: iadmin mkresc AnotherResc unixfilesystem d7680432ccfd:/tmp/irods/AnotherResc
Expecting STDOUT_SINGLELINE: ['unixfilesystem']
  stdout:
    | Creating resource:
    | Name:		"AnotherResc"
    | Type:		"unixfilesystem"
    | Host:		"d7680432ccfd"
    | Path:		"/tmp/irods/AnotherResc"
    | Context:	""
  stderr:
    | 
Output found

 --- IrodsSession: icommand executed by [otherrods#tempZone] [imkdir testdir] --- 
Assert Command: imkdir testdir
Expecting EMPTY: ['']
  stdout:
    | 
  stderr:
    | 
Output found

 --- IrodsSession: icommand executed by [otherrods#tempZone] [iput testfile.txt] --- 
Assert Command: iput testfile.txt
Expecting EMPTY: ['']
  stdout:
    | 
  stderr:
    | 
Output found

 --- IrodsSession: icommand executed by [otherrods#tempZone] [icp testfile.txt ../../public/] --- 
Assert Command: icp testfile.txt ../../public/
Expecting EMPTY: ['']
  stdout:
    | 
  stderr:
    | 
Output found

 --- IrodsSession: icommand executed by [otherrods#tempZone] [ichmod read alice ../../public/testfile.txt] --- 
Assert Command: ichmod read alice ../../public/testfile.txt
Expecting EMPTY: ['']
  stdout:
    | 
  stderr:
    | 
Output found

 --- IrodsSession: icommand executed by [otherrods#tempZone] [ichmod write bobby ../../public/testfile.txt] --- 
Assert Command: ichmod write bobby ../../public/testfile.txt
Expecting EMPTY: ['']
  stdout:
    | 
  stderr:
    | 
Output found

run_resource_setup - END
 --- IrodsSession: icommand executed by [otherrods#tempZone] [ils -L test_file_3140.txt] --- 
Assert Command: ils -L test_file_3140.txt
Expecting STDERR_SINGLELINE: ['does not exist']
  stdout:
    | 
  stderr:
    | remote addresses: 10.201.24.5 ERROR: lsUtil: srcPath /tempZone/home/otherrods/2024-08-05Z21:33:43--irods-testing-s5ycd30x/test_file_3140.txt does not exist or user lacks access permission
Output found

 --- IrodsSession: icommand executed by [otherrods#tempZone] [iput test_file_3140.txt] --- 
Assert Command: iput test_file_3140.txt
Expecting EMPTY: ['']
  stdout:
    | 
  stderr:
    | 
Output found

 --- IrodsSession: icommand executed by [otherrods#tempZone] [iget -f -R demoResc -N0 test_file_3140.txt] --- 
Assert Command: iget -f -R demoResc -N0 test_file_3140.txt
Expecting EMPTY: ['']
  stdout:
    | 
  stderr:
    | 
Output found

 --- IrodsSession: icommand executed by [otherrods#tempZone] [ils -L test_file_3140.txt] --- 
Assert Command: ils -L test_file_3140.txt
Expecting STDOUT_SINGLELINE: [' 0 ', 'test_file_3140.txt']
  stdout:
    |   otherrods         0 demoResc           47 2024-08-05.21:33 & test_file_3140.txt
    |         generic    /var/lib/irods/demoRescVault/home/otherrods/2024-08-05Z21:33:43--irods-testing-s5ycd30x/test_file_3140.txt
  stderr:
    | 
Output found

run_resource_teardown - BEGIN
 --- IrodsSession: icommand executed by [otherrods#tempZone] [icd] --- 
 --- IrodsSession: icommand executed by [otherrods#tempZone] [irm testfile.txt ../public/testfile.txt] --- 
 --- IrodsSession: icommand executed by [otherrods#tempZone] [irm -rf ../../bundle] --- 
 --- IrodsSession: icommand executed by [rods#tempZone] [iinit] --- 
Assert Command: iinit
Expecting STDOUT_SINGLELINE: ['']
  stdout:
    | WARNING: Error 25 disabling echo mode. Password will be displayed in plaintext.
    | Enter your current iRODS password:
  stderr:
    | 
Output found

 --- IrodsSession: icommand executed by [otherrods#tempZone] [icd] --- 
Assert Command: icd
Expecting EMPTY: ['']
  stdout:
    | 
  stderr:
    | 
Output found

 --- IrodsSession: icommand executed by [otherrods#tempZone] [irm -rf /tempZone/home/otherrods/2024-08-05Z21:33:43--irods-testing-s5ycd30x] --- 
Assert Command: irm -rf /tempZone/home/otherrods/2024-08-05Z21:33:43--irods-testing-s5ycd30x
Expecting EMPTY: ['']
  stdout:
    | 
  stderr:
    | 
Output found

 --- IrodsSession: icommand executed by [otherrods#tempZone] [irmtrash] --- 
Assert Command: irmtrash
Expecting EMPTY: ['']
  stdout:
    | 
  stderr:
    | 
Output found

 --- IrodsSession: icommand executed by [rods#tempZone] [iadmin rmuser otherrods] --- 
Assert Command: iadmin rmuser otherrods
Expecting EMPTY: ['']
  stdout:
    | 
  stderr:
    | 
Output found

 --- IrodsSession: icommand executed by [alice#tempZone] [icd] --- 
Assert Command: icd
Expecting EMPTY: ['']
  stdout:
    | 
  stderr:
    | 
Output found

 --- IrodsSession: icommand executed by [alice#tempZone] [irm -rf /tempZone/home/alice/2024-08-05Z21:33:44--irods-testing-xaw9r4ma] --- 
Assert Command: irm -rf /tempZone/home/alice/2024-08-05Z21:33:44--irods-testing-xaw9r4ma
Expecting EMPTY: ['']
  stdout:
    | 
  stderr:
    | 
Output found

 --- IrodsSession: icommand executed by [alice#tempZone] [irmtrash] --- 
Assert Command: irmtrash
Expecting EMPTY: ['']
  stdout:
    | 
  stderr:
    | 
Output found

 --- IrodsSession: icommand executed by [rods#tempZone] [iadmin rmuser alice] --- 
Assert Command: iadmin rmuser alice
Expecting EMPTY: ['']
  stdout:
    | 
  stderr:
    | 
Output found

 --- IrodsSession: icommand executed by [bobby#tempZone] [icd] --- 
Assert Command: icd
Expecting EMPTY: ['']
  stdout:
    | 
  stderr:
    | 
Output found

 --- IrodsSession: icommand executed by [bobby#tempZone] [irm -rf /tempZone/home/bobby/2024-08-05Z21:33:45--irods-testing-64qv6f0i] --- 
Assert Command: irm -rf /tempZone/home/bobby/2024-08-05Z21:33:45--irods-testing-64qv6f0i
Expecting EMPTY: ['']
  stdout:
    | 
  stderr:
    | 
Output found

 --- IrodsSession: icommand executed by [bobby#tempZone] [irmtrash] --- 
Assert Command: irmtrash
Expecting EMPTY: ['']
  stdout:
    | 
  stderr:
    | 
Output found

 --- IrodsSession: icommand executed by [rods#tempZone] [iadmin rmuser bobby] --- 
Assert Command: iadmin rmuser bobby
Expecting EMPTY: ['']
  stdout:
    | 
  stderr:
    | 
Output found

 --- IrodsSession: icommand executed by [rods#tempZone] [iinit] --- 
Assert Command: iinit
Expecting STDOUT_SINGLELINE: ['']
  stdout:
    | WARNING: Error 25 disabling echo mode. Password will be displayed in plaintext.
    | Enter your current iRODS password:
  stderr:
    | 
Output found

 --- IrodsSession: icommand executed by [rods#tempZone] [irmtrash -M] --- 
 --- IrodsSession: icommand executed by [rods#tempZone] [iadmin rmresc TestResc] --- 
 --- IrodsSession: icommand executed by [rods#tempZone] [iadmin rmresc AnotherResc] --- 
run_resource_teardown - END
 --- IrodsSession: icommand executed by [rods#tempZone] [iinit] --- 
Assert Command: iinit
Expecting STDOUT_SINGLELINE: ['']
  stdout:
    | WARNING: Error 25 disabling echo mode. Password will be displayed in plaintext.
    | Enter your current iRODS password:
  stderr:
    | 
Output found

 --- IrodsSession: icommand executed by [rods#tempZone] [iadmin rmresc demoResc] --- 
Assert Command: iadmin rmresc demoResc
Expecting EMPTY: ['']
  stdout:
    | 
  stderr:
    | 
Output found

 --- IrodsSession: icommand executed by [rods#tempZone] [iadmin modresc origResc name demoResc] --- 
Assert Command: iadmin modresc origResc name demoResc
Expecting STDOUT_SINGLELINE: ['rename']
  stdout:
    | If you modify a resource name, you and other users will need to
    | change your irods_environment.json files to use it, you may need to update
    | server_config.json and, if rules use the resource name, you'll need to
    | update the core rules (core.re).  This command will update various
    | tables with the new name.
    | Do you really want to modify the resource name? (enter y or yes to do so):OK, performing the resource rename
  stderr:
    | 
Output found

]]></system-out>
	</testcase>
	<testcase classname="irods.test.test_resource_types.Test_Resource_Unixfilesystem" name="test_iget_with_purgec" time="11.597" timestamp="2024-08-05T21:34:04" file="scripts/irods/test/test_resource_types.py" line="162">
		<system-out><![CDATA[ --- IrodsSession: icommand executed by [rods#tempZone] [iinit] --- 
Assert Command: iinit
Expecting STDOUT_SINGLELINE: ['']
  stdout:
    | WARNING: Error 25 disabling echo mode. Password will be displayed in plaintext.
    | Enter your current iRODS password:
  stderr:
    | 
Output found

 --- IrodsSession: icommand executed by [rods#tempZone] [iadmin modresc demoResc name origResc] --- 
Assert Command: iadmin modresc demoResc name origResc
Expecting STDOUT_SINGLELINE: ['rename']
  stdout:
    | If you modify a resource name, you and other users will need to
    | change your irods_environment.json files to use it, you may need to update
    | server_config.json and, if rules use the resource name, you'll need to
    | update the core rules (core.re).  This command will update various
    | tables with the new name.
    | Do you really want to modify the resource name? (enter y or yes to do so):OK, performing the resource rename
  stderr:
    | 
Output found

 --- IrodsSession: icommand executed by [rods#tempZone] [iadmin mkresc demoResc 'unixfilesystem' d7680432ccfd:/var/lib/irods/demoRescVault] --- 
Assert Command: iadmin mkresc demoResc 'unixfilesystem' d7680432ccfd:/var/lib/irods/demoRescVault
Expecting STDOUT_SINGLELINE: ['unixfilesystem']
  stdout:
    | Creating resource:
    | Name:		"demoResc"
    | Type:		"unixfilesystem"
    | Host:		"d7680432ccfd"
    | Path:		"/var/lib/irods/demoRescVault"
    | Context:	""
  stderr:
    | 
Output found

 --- IrodsSession: icommand executed by [rods#tempZone] [iinit] --- 
Assert Command: iinit
Expecting STDOUT_SINGLELINE: ['']
  stdout:
    | WARNING: Error 25 disabling echo mode. Password will be displayed in plaintext.
    | Enter your current iRODS password:
  stderr:
    | 
Output found

 --- IrodsSession: icommand executed by [rods#tempZone] [iinit] --- 
Assert Command: iinit
Expecting STDOUT_SINGLELINE: ['']
  stdout:
    | WARNING: Error 25 disabling echo mode. Password will be displayed in plaintext.
    | Enter your current iRODS password:
  stderr:
    | 
Output found

 --- IrodsSession: icommand executed by [rods#tempZone] [iadmin mkuser otherrods rodsadmin] --- 
Assert Command: iadmin mkuser otherrods rodsadmin
Expecting EMPTY: ['']
  stdout:
    | 
  stderr:
    | 
Output found

 --- IrodsSession: icommand executed by [rods#tempZone] [iadmin moduser otherrods password rods] --- 
Assert Command: iadmin moduser otherrods password rods
Expecting EMPTY: ['']
  stdout:
    | 
  stderr:
    | 
Output found

 --- IrodsSession: icommand executed by [otherrods#tempZone] [iinit] --- 
Assert Command: iinit
Expecting STDOUT_SINGLELINE: ['']
  stdout:
    | WARNING: Error 25 disabling echo mode. Password will be displayed in plaintext.
    | Enter your current iRODS password:
  stderr:
    | 
Output found

 --- IrodsSession: icommand executed by [otherrods#tempZone] [imkdir /tempZone/home/otherrods/2024-08-05Z21:33:54--irods-testing-mfy0l8qs] --- 
Assert Command: imkdir /tempZone/home/otherrods/2024-08-05Z21:33:54--irods-testing-mfy0l8qs
Expecting EMPTY: ['']
  stdout:
    | 
  stderr:
    | 
Output found

 --- IrodsSession: icommand executed by [otherrods#tempZone] [icd /tempZone/home/otherrods/2024-08-05Z21:33:54--irods-testing-mfy0l8qs] --- 
Assert Command: icd /tempZone/home/otherrods/2024-08-05Z21:33:54--irods-testing-mfy0l8qs
Expecting EMPTY: ['']
  stdout:
    | 
  stderr:
    | 
Output found

 --- IrodsSession: icommand executed by [rods#tempZone] [iinit] --- 
Assert Command: iinit
Expecting STDOUT_SINGLELINE: ['']
  stdout:
    | WARNING: Error 25 disabling echo mode. Password will be displayed in plaintext.
    | Enter your current iRODS password:
  stderr:
    | 
Output found

 --- IrodsSession: icommand executed by [rods#tempZone] [iadmin mkuser alice rodsuser] --- 
Assert Command: iadmin mkuser alice rodsuser
Expecting EMPTY: ['']
  stdout:
    | 
  stderr:
    | 
Output found

 --- IrodsSession: icommand executed by [rods#tempZone] [iadmin moduser alice password apass] --- 
Assert Command: iadmin moduser alice password apass
Expecting EMPTY: ['']
  stdout:
    | 
  stderr:
    | 
Output found

 --- IrodsSession: icommand executed by [alice#tempZone] [iinit] --- 
Assert Command: iinit
Expecting STDOUT_SINGLELINE: ['']
  stdout:
    | WARNING: Error 25 disabling echo mode. Password will be displayed in plaintext.
    | Enter your current iRODS password:
  stderr:
    | 
Output found

 --- IrodsSession: icommand executed by [alice#tempZone] [imkdir /tempZone/home/alice/2024-08-05Z21:33:55--irods-testing-l_xwnk9h] --- 
Assert Command: imkdir /tempZone/home/alice/2024-08-05Z21:33:55--irods-testing-l_xwnk9h
Expecting EMPTY: ['']
  stdout:
    | 
  stderr:
    | 
Output found

 --- IrodsSession: icommand executed by [alice#tempZone] [icd /tempZone/home/alice/2024-08-05Z21:33:55--irods-testing-l_xwnk9h] --- 
Assert Command: icd /tempZone/home/alice/2024-08-05Z21:33:55--irods-testing-l_xwnk9h
Expecting EMPTY: ['']
  stdout:
    | 
  stderr:
    | 
Output found

 --- IrodsSession: icommand executed by [rods#tempZone] [iinit] --- 
Assert Command: iinit
Expecting STDOUT_SINGLELINE: ['']
  stdout:
    | WARNING: Error 25 disabling echo mode. Password will be displayed in plaintext.
    | Enter your current iRODS password:
  stderr:
    | 
Output found

 --- IrodsSession: icommand executed by [rods#tempZone] [iadmin mkuser bobby rodsuser] --- 
Assert Command: iadmin mkuser bobby rodsuser
Expecting EMPTY: ['']
  stdout:
    | 
  stderr:
    | 
Output found

 --- IrodsSession: icommand executed by [rods#tempZone] [iadmin moduser bobby password bpass] --- 
Assert Command: iadmin moduser bobby password bpass
Expecting EMPTY: ['']
  stdout:
    | 
  stderr:
    | 
Output found

 --- IrodsSession: icommand executed by [bobby#tempZone] [iinit] --- 
Assert Command: iinit
Expecting STDOUT_SINGLELINE: ['']
  stdout:
    | WARNING: Error 25 disabling echo mode. Password will be displayed in plaintext.
    | Enter your current iRODS password:
  stderr:
    | 
Output found

 --- IrodsSession: icommand executed by [bobby#tempZone] [imkdir /tempZone/home/bobby/2024-08-05Z21:33:56--irods-testing-95z2p3xm] --- 
Assert Command: imkdir /tempZone/home/bobby/2024-08-05Z21:33:56--irods-testing-95z2p3xm
Expecting EMPTY: ['']
  stdout:
    | 
  stderr:
    | 
Output found

 --- IrodsSession: icommand executed by [bobby#tempZone] [icd /tempZone/home/bobby/2024-08-05Z21:33:56--irods-testing-95z2p3xm] --- 
Assert Command: icd /tempZone/home/bobby/2024-08-05Z21:33:56--irods-testing-95z2p3xm
Expecting EMPTY: ['']
  stdout:
    | 
  stderr:
    | 
Output found

run_resource_setup - BEGIN
 --- IrodsSession: icommand executed by [otherrods#tempZone] [iadmin mkresc TestResc unixfilesystem d7680432ccfd:/tmp/irods/TestResc] --- 
Assert Command: iadmin mkresc TestResc unixfilesystem d7680432ccfd:/tmp/irods/TestResc
Expecting STDOUT_SINGLELINE: ['unixfilesystem']
  stdout:
    | Creating resource:
    | Name:		"TestResc"
    | Type:		"unixfilesystem"
    | Host:		"d7680432ccfd"
    | Path:		"/tmp/irods/TestResc"
    | Context:	""
  stderr:
    | 
Output found

 --- IrodsSession: icommand executed by [otherrods#tempZone] [iadmin mkresc AnotherResc unixfilesystem d7680432ccfd:/tmp/irods/AnotherResc] --- 
Assert Command: iadmin mkresc AnotherResc unixfilesystem d7680432ccfd:/tmp/irods/AnotherResc
Expecting STDOUT_SINGLELINE: ['unixfilesystem']
  stdout:
    | Creating resource:
    | Name:		"AnotherResc"
    | Type:		"unixfilesystem"
    | Host:		"d7680432ccfd"
    | Path:		"/tmp/irods/AnotherResc"
    | Context:	""
  stderr:
    | 
Output found

 --- IrodsSession: icommand executed by [otherrods#tempZone] [imkdir testdir] --- 
Assert Command: imkdir testdir
Expecting EMPTY: ['']
  stdout:
    | 
  stderr:
    | 
Output found

 --- IrodsSession: icommand executed by [otherrods#tempZone] [iput testfile.txt] --- 
Assert Command: iput testfile.txt
Expecting EMPTY: ['']
  stdout:
    | 
  stderr:
    | 
Output found

 --- IrodsSession: icommand executed by [otherrods#tempZone] [icp testfile.txt ../../public/] --- 
Assert Command: icp testfile.txt ../../public/
Expecting EMPTY: ['']
  stdout:
    | 
  stderr:
    | 
Output found

 --- IrodsSession: icommand executed by [otherrods#tempZone] [ichmod read alice ../../public/testfile.txt] --- 
Assert Command: ichmod read alice ../../public/testfile.txt
Expecting EMPTY: ['']
  stdout:
    | 
  stderr:
    | 
Output found

 --- IrodsSession: icommand executed by [otherrods#tempZone] [ichmod write bobby ../../public/testfile.txt] --- 
Assert Command: ichmod write bobby ../../public/testfile.txt
Expecting EMPTY: ['']
  stdout:
    | 
  stderr:
    | 
Output found

run_resource_setup - END
 --- IrodsSession: icommand executed by [otherrods#tempZone] [ils -L purgecgetfile.txt] --- 
Assert Command: ils -L purgecgetfile.txt
Expecting STDERR_SINGLELINE: ['does not exist']
  stdout:
    | 
  stderr:
    | remote addresses: 10.201.24.5 ERROR: lsUtil: srcPath /tempZone/home/otherrods/2024-08-05Z21:33:54--irods-testing-mfy0l8qs/purgecgetfile.txt does not exist or user lacks access permission
Output found

 --- IrodsSession: icommand executed by [otherrods#tempZone] [iput purgecgetfile.txt] --- 
Assert Command: iput purgecgetfile.txt
Expecting EMPTY: ['']
  stdout:
    | 
  stderr:
    | 
Output found

 --- IrodsSession: icommand executed by [otherrods#tempZone] [iget -f --purgec purgecgetfile.txt] --- 
Assert Command: iget -f --purgec purgecgetfile.txt
Expecting STDOUT: ['Specifying a minimum number of replicas to keep is deprecated.']
  stdout:
    | Level 0: Specifying a minimum number of replicas to keep is deprecated.
  stderr:
    | 
Output found

 --- IrodsSession: icommand executed by [otherrods#tempZone] [ils -L purgecgetfile.txt] --- 
Assert Command: ils -L purgecgetfile.txt
Expecting STDOUT_SINGLELINE: [' 0 ', 'purgecgetfile.txt']
  stdout:
    |   otherrods         0 demoResc           46 2024-08-05.21:33 & purgecgetfile.txt
    |         generic    /var/lib/irods/demoRescVault/home/otherrods/2024-08-05Z21:33:54--irods-testing-mfy0l8qs/purgecgetfile.txt
  stderr:
    | 
Output found

 --- IrodsSession: icommand executed by [otherrods#tempZone] [ils -L purgecgetfile.txt] --- 
Assert FAIL Command: ils -L purgecgetfile.txt
Expecting STDOUT_SINGLELINE: [' 1 ', 'purgecgetfile.txt']
  stdout:
    |   otherrods         0 demoResc           46 2024-08-05.21:33 & purgecgetfile.txt
    |         generic    /var/lib/irods/demoRescVault/home/otherrods/2024-08-05Z21:33:54--irods-testing-mfy0l8qs/purgecgetfile.txt
  stderr:
    | 
Output not found

 --- IrodsSession: icommand executed by [otherrods#tempZone] [ils -L purgecgetfile.txt] --- 
Assert FAIL Command: ils -L purgecgetfile.txt
Expecting STDOUT_SINGLELINE: [' 2 ', 'purgecgetfile.txt']
  stdout:
    |   otherrods         0 demoResc           46 2024-08-05.21:33 & purgecgetfile.txt
    |         generic    /var/lib/irods/demoRescVault/home/otherrods/2024-08-05Z21:33:54--irods-testing-mfy0l8qs/purgecgetfile.txt
  stderr:
    | 
Output not found

run_resource_teardown - BEGIN
 --- IrodsSession: icommand executed by [otherrods#tempZone] [icd] --- 
 --- IrodsSession: icommand executed by [otherrods#tempZone] [irm testfile.txt ../public/testfile.txt] --- 
 --- IrodsSession: icommand executed by [otherrods#tempZone] [irm -rf ../../bundle] --- 
 --- IrodsSession: icommand executed by [rods#tempZone] [iinit] --- 
Assert Command: iinit
Expecting STDOUT_SINGLELINE: ['']
  stdout:
    | WARNING: Error 25 disabling echo mode. Password will be displayed in plaintext.
    | Enter your current iRODS password:
  stderr:
    | 
Output found

 --- IrodsSession: icommand executed by [otherrods#tempZone] [icd] --- 
Assert Command: icd
Expecting EMPTY: ['']
  stdout:
    | 
  stderr:
    | 
Output found

 --- IrodsSession: icommand executed by [otherrods#tempZone] [irm -rf /tempZone/home/otherrods/2024-08-05Z21:33:54--irods-testing-mfy0l8qs] --- 
Assert Command: irm -rf /tempZone/home/otherrods/2024-08-05Z21:33:54--irods-testing-mfy0l8qs
Expecting EMPTY: ['']
  stdout:
    | 
  stderr:
    | 
Output found

 --- IrodsSession: icommand executed by [otherrods#tempZone] [irmtrash] --- 
Assert Command: irmtrash
Expecting EMPTY: ['']
  stdout:
    | 
  stderr:
    | 
Output found

 --- IrodsSession: icommand executed by [rods#tempZone] [iadmin rmuser otherrods] --- 
Assert Command: iadmin rmuser otherrods
Expecting EMPTY: ['']
  stdout:
    | 
  stderr:
    | 
Output found

 --- IrodsSession: icommand executed by [alice#tempZone] [icd] --- 
Assert Command: icd
Expecting EMPTY: ['']
  stdout:
    | 
  stderr:
    | 
Output found

 --- IrodsSession: icommand executed by [alice#tempZone] [irm -rf /tempZone/home/alice/2024-08-05Z21:33:55--irods-testing-l_xwnk9h] --- 
Assert Command: irm -rf /tempZone/home/alice/2024-08-05Z21:33:55--irods-testing-l_xwnk9h
Expecting EMPTY: ['']
  stdout:
    | 
  stderr:
    | 
Output found

 --- IrodsSession: icommand executed by [alice#tempZone] [irmtrash] --- 
Assert Command: irmtrash
Expecting EMPTY: ['']
  stdout:
    | 
  stderr:
    | 
Output found

 --- IrodsSession: icommand executed by [rods#tempZone] [iadmin rmuser alice] --- 
Assert Command: iadmin rmuser alice
Expecting EMPTY: ['']
  stdout:
    | 
  stderr:
    | 
Output found

 --- IrodsSession: icommand executed by [bobby#tempZone] [icd] --- 
Assert Command: icd
Expecting EMPTY: ['']
  stdout:
    | 
  stderr:
    | 
Output found

 --- IrodsSession: icommand executed by [bobby#tempZone] [irm -rf /tempZone/home/bobby/2024-08-05Z21:33:56--irods-testing-95z2p3xm] --- 
Assert Command: irm -rf /tempZone/home/bobby/2024-08-05Z21:33:56--irods-testing-95z2p3xm
Expecting EMPTY: ['']
  stdout:
    | 
  stderr:
    | 
Output found

 --- IrodsSession: icommand executed by [bobby#tempZone] [irmtrash] --- 
Assert Command: irmtrash
Expecting EMPTY: ['']
  stdout:
    | 
  stderr:
    | 
Output found

 --- IrodsSession: icommand executed by [rods#tempZone] [iadmin rmuser bobby] --- 
Assert Command: iadmin rmuser bobby
Expecting EMPTY: ['']
  stdout:
    | 
  stderr:
    | 
Output found

 --- IrodsSession: icommand executed by [rods#tempZone] [iinit] --- 
Assert Command: iinit
Expecting STDOUT_SINGLELINE: ['']
  stdout:
    | WARNING: Error 25 disabling echo mode. Password will be displayed in plaintext.
    | Enter your current iRODS password:
  stderr:
    | 
Output found

 --- IrodsSession: icommand executed by [rods#tempZone] [irmtrash -M] --- 
 --- IrodsSession: icommand executed by [rods#tempZone] [iadmin rmresc TestResc] --- 
 --- IrodsSession: icommand executed by [rods#tempZone] [iadmin rmresc AnotherResc] --- 
run_resource_teardown - END
 --- IrodsSession: icommand executed by [rods#tempZone] [iinit] --- 
Assert Command: iinit
Expecting STDOUT_SINGLELINE: ['']
  stdout:
    | WARNING: Error 25 disabling echo mode. Password will be displayed in plaintext.
    | Enter your current iRODS password:
  stderr:
    | 
Output found

 --- IrodsSession: icommand executed by [rods#tempZone] [iadmin rmresc demoResc] --- 
Assert Command: iadmin rmresc demoResc
Expecting EMPTY: ['']
  stdout:
    | 
  stderr:
    | 
Output found

 --- IrodsSession: icommand executed by [rods#tempZone] [iadmin modresc origResc name demoResc] --- 
Assert Command: iadmin modresc origResc name demoResc
Expecting STDOUT_SINGLELINE: ['rename']
  stdout:
    | If you modify a resource name, you and other users will need to
    | change your irods_environment.json files to use it, you may need to update
    | server_config.json and, if rules use the resource name, you'll need to
    | update the core rules (core.re).  This command will update various
    | tables with the new name.
    | Do you really want to modify the resource name? (enter y or yes to do so):OK, performing the resource rename
  stderr:
    | 
Output found

]]></system-out>
	</testcase>
	<testcase classname="irods.test.test_resource_types.Test_Resource_Unixfilesystem" name="test_iget_with_stale_replica" time="12.345" timestamp="2024-08-05T21:34:17" file="scripts/irods/test/test_resource_types.py" line="133">
		<system-out><![CDATA[ --- IrodsSession: icommand executed by [rods#tempZone] [iinit] --- 
Assert Command: iinit
Expecting STDOUT_SINGLELINE: ['']
  stdout:
    | WARNING: Error 25 disabling echo mode. Password will be displayed in plaintext.
    | Enter your current iRODS password:
  stderr:
    | 
Output found

 --- IrodsSession: icommand executed by [rods#tempZone] [iadmin modresc demoResc name origResc] --- 
Assert Command: iadmin modresc demoResc name origResc
Expecting STDOUT_SINGLELINE: ['rename']
  stdout:
    | If you modify a resource name, you and other users will need to
    | change your irods_environment.json files to use it, you may need to update
    | server_config.json and, if rules use the resource name, you'll need to
    | update the core rules (core.re).  This command will update various
    | tables with the new name.
    | Do you really want to modify the resource name? (enter y or yes to do so):OK, performing the resource rename
  stderr:
    | 
Output found

 --- IrodsSession: icommand executed by [rods#tempZone] [iadmin mkresc demoResc 'unixfilesystem' d7680432ccfd:/var/lib/irods/demoRescVault] --- 
Assert Command: iadmin mkresc demoResc 'unixfilesystem' d7680432ccfd:/var/lib/irods/demoRescVault
Expecting STDOUT_SINGLELINE: ['unixfilesystem']
  stdout:
    | Creating resource:
    | Name:		"demoResc"
    | Type:		"unixfilesystem"
    | Host:		"d7680432ccfd"
    | Path:		"/var/lib/irods/demoRescVault"
    | Context:	""
  stderr:
    | 
Output found

 --- IrodsSession: icommand executed by [rods#tempZone] [iinit] --- 
Assert Command: iinit
Expecting STDOUT_SINGLELINE: ['']
  stdout:
    | WARNING: Error 25 disabling echo mode. Password will be displayed in plaintext.
    | Enter your current iRODS password:
  stderr:
    | 
Output found

 --- IrodsSession: icommand executed by [rods#tempZone] [iinit] --- 
Assert Command: iinit
Expecting STDOUT_SINGLELINE: ['']
  stdout:
    | WARNING: Error 25 disabling echo mode. Password will be displayed in plaintext.
    | Enter your current iRODS password:
  stderr:
    | 
Output found

 --- IrodsSession: icommand executed by [rods#tempZone] [iadmin mkuser otherrods rodsadmin] --- 
Assert Command: iadmin mkuser otherrods rodsadmin
Expecting EMPTY: ['']
  stdout:
    | 
  stderr:
    | 
Output found

 --- IrodsSession: icommand executed by [rods#tempZone] [iadmin moduser otherrods password rods] --- 
Assert Command: iadmin moduser otherrods password rods
Expecting EMPTY: ['']
  stdout:
    | 
  stderr:
    | 
Output found

 --- IrodsSession: icommand executed by [otherrods#tempZone] [iinit] --- 
Assert Command: iinit
Expecting STDOUT_SINGLELINE: ['']
  stdout:
    | WARNING: Error 25 disabling echo mode. Password will be displayed in plaintext.
    | Enter your current iRODS password:
  stderr:
    | 
Output found

 --- IrodsSession: icommand executed by [otherrods#tempZone] [imkdir /tempZone/home/otherrods/2024-08-05Z21:34:06--irods-testing-ai8n7hcj] --- 
Assert Command: imkdir /tempZone/home/otherrods/2024-08-05Z21:34:06--irods-testing-ai8n7hcj
Expecting EMPTY: ['']
  stdout:
    | 
  stderr:
    | 
Output found

 --- IrodsSession: icommand executed by [otherrods#tempZone] [icd /tempZone/home/otherrods/2024-08-05Z21:34:06--irods-testing-ai8n7hcj] --- 
Assert Command: icd /tempZone/home/otherrods/2024-08-05Z21:34:06--irods-testing-ai8n7hcj
Expecting EMPTY: ['']
  stdout:
    | 
  stderr:
    | 
Output found

 --- IrodsSession: icommand executed by [rods#tempZone] [iinit] --- 
Assert Command: iinit
Expecting STDOUT_SINGLELINE: ['']
  stdout:
    | WARNING: Error 25 disabling echo mode. Password will be displayed in plaintext.
    | Enter your current iRODS password:
  stderr:
    | 
Output found

 --- IrodsSession: icommand executed by [rods#tempZone] [iadmin mkuser alice rodsuser] --- 
Assert Command: iadmin mkuser alice rodsuser
Expecting EMPTY: ['']
  stdout:
    | 
  stderr:
    | 
Output found

 --- IrodsSession: icommand executed by [rods#tempZone] [iadmin moduser alice password apass] --- 
Assert Command: iadmin moduser alice password apass
Expecting EMPTY: ['']
  stdout:
    | 
  stderr:
    | 
Output found

 --- IrodsSession: icommand executed by [alice#tempZone] [iinit] --- 
Assert Command: iinit
Expecting STDOUT_SINGLELINE: ['']
  stdout:
    | WARNING: Error 25 disabling echo mode. Password will be displayed in plaintext.
    | Enter your current iRODS password:
  stderr:
    | 
Output found

 --- IrodsSession: icommand executed by [alice#tempZone] [imkdir /tempZone/home/alice/2024-08-05Z21:34:07--irods-testing-xh566x4f] --- 
Assert Command: imkdir /tempZone/home/alice/2024-08-05Z21:34:07--irods-testing-xh566x4f
Expecting EMPTY: ['']
  stdout:
    | 
  stderr:
    | 
Output found

 --- IrodsSession: icommand executed by [alice#tempZone] [icd /tempZone/home/alice/2024-08-05Z21:34:07--irods-testing-xh566x4f] --- 
Assert Command: icd /tempZone/home/alice/2024-08-05Z21:34:07--irods-testing-xh566x4f
Expecting EMPTY: ['']
  stdout:
    | 
  stderr:
    | 
Output found

 --- IrodsSession: icommand executed by [rods#tempZone] [iinit] --- 
Assert Command: iinit
Expecting STDOUT_SINGLELINE: ['']
  stdout:
    | WARNING: Error 25 disabling echo mode. Password will be displayed in plaintext.
    | Enter your current iRODS password:
  stderr:
    | 
Output found

 --- IrodsSession: icommand executed by [rods#tempZone] [iadmin mkuser bobby rodsuser] --- 
Assert Command: iadmin mkuser bobby rodsuser
Expecting EMPTY: ['']
  stdout:
    | 
  stderr:
    | 
Output found

 --- IrodsSession: icommand executed by [rods#tempZone] [iadmin moduser bobby password bpass] --- 
Assert Command: iadmin moduser bobby password bpass
Expecting EMPTY: ['']
  stdout:
    | 
  stderr:
    | 
Output found

 --- IrodsSession: icommand executed by [bobby#tempZone] [iinit] --- 
Assert Command: iinit
Expecting STDOUT_SINGLELINE: ['']
  stdout:
    | WARNING: Error 25 disabling echo mode. Password will be displayed in plaintext.
    | Enter your current iRODS password:
  stderr:
    | 
Output found

 --- IrodsSession: icommand executed by [bobby#tempZone] [imkdir /tempZone/home/bobby/2024-08-05Z21:34:08--irods-testing-u_uldm5f] --- 
Assert Command: imkdir /tempZone/home/bobby/2024-08-05Z21:34:08--irods-testing-u_uldm5f
Expecting EMPTY: ['']
  stdout:
    | 
  stderr:
    | 
Output found

 --- IrodsSession: icommand executed by [bobby#tempZone] [icd /tempZone/home/bobby/2024-08-05Z21:34:08--irods-testing-u_uldm5f] --- 
Assert Command: icd /tempZone/home/bobby/2024-08-05Z21:34:08--irods-testing-u_uldm5f
Expecting EMPTY: ['']
  stdout:
    | 
  stderr:
    | 
Output found

run_resource_setup - BEGIN
 --- IrodsSession: icommand executed by [otherrods#tempZone] [iadmin mkresc TestResc unixfilesystem d7680432ccfd:/tmp/irods/TestResc] --- 
Assert Command: iadmin mkresc TestResc unixfilesystem d7680432ccfd:/tmp/irods/TestResc
Expecting STDOUT_SINGLELINE: ['unixfilesystem']
  stdout:
    | Creating resource:
    | Name:		"TestResc"
    | Type:		"unixfilesystem"
    | Host:		"d7680432ccfd"
    | Path:		"/tmp/irods/TestResc"
    | Context:	""
  stderr:
    | 
Output found

 --- IrodsSession: icommand executed by [otherrods#tempZone] [iadmin mkresc AnotherResc unixfilesystem d7680432ccfd:/tmp/irods/AnotherResc] --- 
Assert Command: iadmin mkresc AnotherResc unixfilesystem d7680432ccfd:/tmp/irods/AnotherResc
Expecting STDOUT_SINGLELINE: ['unixfilesystem']
  stdout:
    | Creating resource:
    | Name:		"AnotherResc"
    | Type:		"unixfilesystem"
    | Host:		"d7680432ccfd"
    | Path:		"/tmp/irods/AnotherResc"
    | Context:	""
  stderr:
    | 
Output found

 --- IrodsSession: icommand executed by [otherrods#tempZone] [imkdir testdir] --- 
Assert Command: imkdir testdir
Expecting EMPTY: ['']
  stdout:
    | 
  stderr:
    | 
Output found

 --- IrodsSession: icommand executed by [otherrods#tempZone] [iput testfile.txt] --- 
Assert Command: iput testfile.txt
Expecting EMPTY: ['']
  stdout:
    | 
  stderr:
    | 
Output found

 --- IrodsSession: icommand executed by [otherrods#tempZone] [icp testfile.txt ../../public/] --- 
Assert Command: icp testfile.txt ../../public/
Expecting EMPTY: ['']
  stdout:
    | 
  stderr:
    | 
Output found

 --- IrodsSession: icommand executed by [otherrods#tempZone] [ichmod read alice ../../public/testfile.txt] --- 
Assert Command: ichmod read alice ../../public/testfile.txt
Expecting EMPTY: ['']
  stdout:
    | 
  stderr:
    | 
Output found

 --- IrodsSession: icommand executed by [otherrods#tempZone] [ichmod write bobby ../../public/testfile.txt] --- 
Assert Command: ichmod write bobby ../../public/testfile.txt
Expecting EMPTY: ['']
  stdout:
    | 
  stderr:
    | 
Output found

run_resource_setup - END
 --- IrodsSession: icommand executed by [otherrods#tempZone] [ils -L original.txt] --- 
Assert Command: ils -L original.txt
Expecting STDERR_SINGLELINE: ['does not exist']
  stdout:
    | 
  stderr:
    | remote addresses: 10.201.24.5 ERROR: lsUtil: srcPath /tempZone/home/otherrods/2024-08-05Z21:34:06--irods-testing-ai8n7hcj/original.txt does not exist or user lacks access permission
Output found

 --- IrodsSession: icommand executed by [otherrods#tempZone] [iput original.txt] --- 
Assert Command: iput original.txt
Expecting EMPTY: ['']
  stdout:
    | 
  stderr:
    | 
Output found

 --- IrodsSession: icommand executed by [otherrods#tempZone] [irepl -R TestResc original.txt] --- 
Assert Command: irepl -R TestResc original.txt
Expecting EMPTY: ['']
  stdout:
    | 
  stderr:
    | 
Output found

 --- IrodsSession: icommand executed by [otherrods#tempZone] [ils -L original.txt] --- 
Assert Command: ils -L original.txt
Expecting STDOUT_SINGLELINE: ['original.txt']
  stdout:
    |   otherrods         0 demoResc           41 2024-08-05.21:34 & original.txt
    |         generic    /var/lib/irods/demoRescVault/home/otherrods/2024-08-05Z21:34:06--irods-testing-ai8n7hcj/original.txt
    |   otherrods         1 TestResc           41 2024-08-05.21:34 & original.txt
    |         generic    /tmp/irods/TestResc/home/otherrods/2024-08-05Z21:34:06--irods-testing-ai8n7hcj/original.txt
  stderr:
    | 
Output found

 --- IrodsSession: icommand executed by [otherrods#tempZone] [iput -f -R TestResc updated_file_with_longer_filename.txt original.txt] --- 
Assert Command: iput -f -R TestResc updated_file_with_longer_filename.txt original.txt
Expecting EMPTY: ['']
  stdout:
    | 
  stderr:
    | 
Output found

 --- IrodsSession: icommand executed by [otherrods#tempZone] [ils -L original.txt] --- 
Assert Command: ils -L original.txt
Expecting STDOUT_SINGLELINE: ['original.txt']
  stdout:
    |   otherrods         0 demoResc           41 2024-08-05.21:34 X original.txt
    |         generic    /var/lib/irods/demoRescVault/home/otherrods/2024-08-05Z21:34:06--irods-testing-ai8n7hcj/original.txt
    |   otherrods         1 TestResc           66 2024-08-05.21:34 & original.txt
    |         generic    /tmp/irods/TestResc/home/otherrods/2024-08-05Z21:34:06--irods-testing-ai8n7hcj/original.txt
  stderr:
    | 
Output found

 --- IrodsSession: icommand executed by [otherrods#tempZone] [iget -f -n 0 original.txt retrievedfile.txt] --- 
Assert Command: iget -f -n 0 original.txt retrievedfile.txt
Expecting EMPTY: ['']
  stdout:
    | 
  stderr:
    | 
Output found

 --- IrodsSession: icommand executed by [otherrods#tempZone] [iget -f original.txt retrievedfile.txt] --- 
Assert Command: iget -f original.txt retrievedfile.txt
Expecting EMPTY: ['']
  stdout:
    | 
  stderr:
    | 
Output found

run_resource_teardown - BEGIN
 --- IrodsSession: icommand executed by [otherrods#tempZone] [icd] --- 
 --- IrodsSession: icommand executed by [otherrods#tempZone] [irm testfile.txt ../public/testfile.txt] --- 
 --- IrodsSession: icommand executed by [otherrods#tempZone] [irm -rf ../../bundle] --- 
 --- IrodsSession: icommand executed by [rods#tempZone] [iinit] --- 
Assert Command: iinit
Expecting STDOUT_SINGLELINE: ['']
  stdout:
    | WARNING: Error 25 disabling echo mode. Password will be displayed in plaintext.
    | Enter your current iRODS password:
  stderr:
    | 
Output found

 --- IrodsSession: icommand executed by [otherrods#tempZone] [icd] --- 
Assert Command: icd
Expecting EMPTY: ['']
  stdout:
    | 
  stderr:
    | 
Output found

 --- IrodsSession: icommand executed by [otherrods#tempZone] [irm -rf /tempZone/home/otherrods/2024-08-05Z21:34:06--irods-testing-ai8n7hcj] --- 
Assert Command: irm -rf /tempZone/home/otherrods/2024-08-05Z21:34:06--irods-testing-ai8n7hcj
Expecting EMPTY: ['']
  stdout:
    | 
  stderr:
    | 
Output found

 --- IrodsSession: icommand executed by [otherrods#tempZone] [irmtrash] --- 
Assert Command: irmtrash
Expecting EMPTY: ['']
  stdout:
    | 
  stderr:
    | 
Output found

 --- IrodsSession: icommand executed by [rods#tempZone] [iadmin rmuser otherrods] --- 
Assert Command: iadmin rmuser otherrods
Expecting EMPTY: ['']
  stdout:
    | 
  stderr:
    | 
Output found

 --- IrodsSession: icommand executed by [alice#tempZone] [icd] --- 
Assert Command: icd
Expecting EMPTY: ['']
  stdout:
    | 
  stderr:
    | 
Output found

 --- IrodsSession: icommand executed by [alice#tempZone] [irm -rf /tempZone/home/alice/2024-08-05Z21:34:07--irods-testing-xh566x4f] --- 
Assert Command: irm -rf /tempZone/home/alice/2024-08-05Z21:34:07--irods-testing-xh566x4f
Expecting EMPTY: ['']
  stdout:
    | 
  stderr:
    | 
Output found

 --- IrodsSession: icommand executed by [alice#tempZone] [irmtrash] --- 
Assert Command: irmtrash
Expecting EMPTY: ['']
  stdout:
    | 
  stderr:
    | 
Output found

 --- IrodsSession: icommand executed by [rods#tempZone] [iadmin rmuser alice] --- 
Assert Command: iadmin rmuser alice
Expecting EMPTY: ['']
  stdout:
    | 
  stderr:
    | 
Output found

 --- IrodsSession: icommand executed by [bobby#tempZone] [icd] --- 
Assert Command: icd
Expecting EMPTY: ['']
  stdout:
    | 
  stderr:
    | 
Output found

 --- IrodsSession: icommand executed by [bobby#tempZone] [irm -rf /tempZone/home/bobby/2024-08-05Z21:34:08--irods-testing-u_uldm5f] --- 
Assert Command: irm -rf /tempZone/home/bobby/2024-08-05Z21:34:08--irods-testing-u_uldm5f
Expecting EMPTY: ['']
  stdout:
    | 
  stderr:
    | 
Output found

 --- IrodsSession: icommand executed by [bobby#tempZone] [irmtrash] --- 
Assert Command: irmtrash
Expecting EMPTY: ['']
  stdout:
    | 
  stderr:
    | 
Output found

 --- IrodsSession: icommand executed by [rods#tempZone] [iadmin rmuser bobby] --- 
Assert Command: iadmin rmuser bobby
Expecting EMPTY: ['']
  stdout:
    | 
  stderr:
    | 
Output found

 --- IrodsSession: icommand executed by [rods#tempZone] [iinit] --- 
Assert Command: iinit
Expecting STDOUT_SINGLELINE: ['']
  stdout:
    | WARNING: Error 25 disabling echo mode. Password will be displayed in plaintext.
    | Enter your current iRODS password:
  stderr:
    | 
Output found

 --- IrodsSession: icommand executed by [rods#tempZone] [irmtrash -M] --- 
 --- IrodsSession: icommand executed by [rods#tempZone] [iadmin rmresc TestResc] --- 
 --- IrodsSession: icommand executed by [rods#tempZone] [iadmin rmresc AnotherResc] --- 
run_resource_teardown - END
 --- IrodsSession: icommand executed by [rods#tempZone] [iinit] --- 
Assert Command: iinit
Expecting STDOUT_SINGLELINE: ['']
  stdout:
    | WARNING: Error 25 disabling echo mode. Password will be displayed in plaintext.
    | Enter your current iRODS password:
  stderr:
    | 
Output found

 --- IrodsSession: icommand executed by [rods#tempZone] [iadmin rmresc demoResc] --- 
Assert Command: iadmin rmresc demoResc
Expecting EMPTY: ['']
  stdout:
    | 
  stderr:
    | 
Output found

 --- IrodsSession: icommand executed by [rods#tempZone] [iadmin modresc origResc name demoResc] --- 
Assert Command: iadmin modresc origResc name demoResc
Expecting STDOUT_SINGLELINE: ['rename']
  stdout:
    | If you modify a resource name, you and other users will need to
    | change your irods_environment.json files to use it, you may need to update
    | server_config.json and, if rules use the resource name, you'll need to
    | update the core rules (core.re).  This command will update various
    | tables with the new name.
    | Do you really want to modify the resource name? (enter y or yes to do so):OK, performing the resource rename
  stderr:
    | 
Output found

]]></system-out>
	</testcase>
	<testcase classname="irods.test.test_resource_types.Test_Resource_Unixfilesystem" name="test_iphymv_admin_mode" time="54.324" timestamp="2024-08-05T21:35:11" file="scripts/irods/test/test_resource_types.py" line="265">
		<system-out><![CDATA[ --- IrodsSession: icommand executed by [rods#tempZone] [iinit] --- 
Assert Command: iinit
Expecting STDOUT_SINGLELINE: ['']
  stdout:
    | WARNING: Error 25 disabling echo mode. Password will be displayed in plaintext.
    | Enter your current iRODS password:
  stderr:
    | 
Output found

 --- IrodsSession: icommand executed by [rods#tempZone] [iadmin modresc demoResc name origResc] --- 
Assert Command: iadmin modresc demoResc name origResc
Expecting STDOUT_SINGLELINE: ['rename']
  stdout:
    | If you modify a resource name, you and other users will need to
    | change your irods_environment.json files to use it, you may need to update
    | server_config.json and, if rules use the resource name, you'll need to
    | update the core rules (core.re).  This command will update various
    | tables with the new name.
    | Do you really want to modify the resource name? (enter y or yes to do so):OK, performing the resource rename
  stderr:
    | 
Output found

 --- IrodsSession: icommand executed by [rods#tempZone] [iadmin mkresc demoResc 'unixfilesystem' d7680432ccfd:/var/lib/irods/demoRescVault] --- 
Assert Command: iadmin mkresc demoResc 'unixfilesystem' d7680432ccfd:/var/lib/irods/demoRescVault
Expecting STDOUT_SINGLELINE: ['unixfilesystem']
  stdout:
    | Creating resource:
    | Name:		"demoResc"
    | Type:		"unixfilesystem"
    | Host:		"d7680432ccfd"
    | Path:		"/var/lib/irods/demoRescVault"
    | Context:	""
  stderr:
    | 
Output found

 --- IrodsSession: icommand executed by [rods#tempZone] [iinit] --- 
Assert Command: iinit
Expecting STDOUT_SINGLELINE: ['']
  stdout:
    | WARNING: Error 25 disabling echo mode. Password will be displayed in plaintext.
    | Enter your current iRODS password:
  stderr:
    | 
Output found

 --- IrodsSession: icommand executed by [rods#tempZone] [iinit] --- 
Assert Command: iinit
Expecting STDOUT_SINGLELINE: ['']
  stdout:
    | WARNING: Error 25 disabling echo mode. Password will be displayed in plaintext.
    | Enter your current iRODS password:
  stderr:
    | 
Output found

 --- IrodsSession: icommand executed by [rods#tempZone] [iadmin mkuser otherrods rodsadmin] --- 
Assert Command: iadmin mkuser otherrods rodsadmin
Expecting EMPTY: ['']
  stdout:
    | 
  stderr:
    | 
Output found

 --- IrodsSession: icommand executed by [rods#tempZone] [iadmin moduser otherrods password rods] --- 
Assert Command: iadmin moduser otherrods password rods
Expecting EMPTY: ['']
  stdout:
    | 
  stderr:
    | 
Output found

 --- IrodsSession: icommand executed by [otherrods#tempZone] [iinit] --- 
Assert Command: iinit
Expecting STDOUT_SINGLELINE: ['']
  stdout:
    | WARNING: Error 25 disabling echo mode. Password will be displayed in plaintext.
    | Enter your current iRODS password:
  stderr:
    | 
Output found

 --- IrodsSession: icommand executed by [otherrods#tempZone] [imkdir /tempZone/home/otherrods/2024-08-05Z21:34:18--irods-testing-eoxyp0tg] --- 
Assert Command: imkdir /tempZone/home/otherrods/2024-08-05Z21:34:18--irods-testing-eoxyp0tg
Expecting EMPTY: ['']
  stdout:
    | 
  stderr:
    | 
Output found

 --- IrodsSession: icommand executed by [otherrods#tempZone] [icd /tempZone/home/otherrods/2024-08-05Z21:34:18--irods-testing-eoxyp0tg] --- 
Assert Command: icd /tempZone/home/otherrods/2024-08-05Z21:34:18--irods-testing-eoxyp0tg
Expecting EMPTY: ['']
  stdout:
    | 
  stderr:
    | 
Output found

 --- IrodsSession: icommand executed by [rods#tempZone] [iinit] --- 
Assert Command: iinit
Expecting STDOUT_SINGLELINE: ['']
  stdout:
    | WARNING: Error 25 disabling echo mode. Password will be displayed in plaintext.
    | Enter your current iRODS password:
  stderr:
    | 
Output found

 --- IrodsSession: icommand executed by [rods#tempZone] [iadmin mkuser alice rodsuser] --- 
Assert Command: iadmin mkuser alice rodsuser
Expecting EMPTY: ['']
  stdout:
    | 
  stderr:
    | 
Output found

 --- IrodsSession: icommand executed by [rods#tempZone] [iadmin moduser alice password apass] --- 
Assert Command: iadmin moduser alice password apass
Expecting EMPTY: ['']
  stdout:
    | 
  stderr:
    | 
Output found

 --- IrodsSession: icommand executed by [alice#tempZone] [iinit] --- 
Assert Command: iinit
Expecting STDOUT_SINGLELINE: ['']
  stdout:
    | WARNING: Error 25 disabling echo mode. Password will be displayed in plaintext.
    | Enter your current iRODS password:
  stderr:
    | 
Output found

 --- IrodsSession: icommand executed by [alice#tempZone] [imkdir /tempZone/home/alice/2024-08-05Z21:34:19--irods-testing-r309g1sp] --- 
Assert Command: imkdir /tempZone/home/alice/2024-08-05Z21:34:19--irods-testing-r309g1sp
Expecting EMPTY: ['']
  stdout:
    | 
  stderr:
    | 
Output found

 --- IrodsSession: icommand executed by [alice#tempZone] [icd /tempZone/home/alice/2024-08-05Z21:34:19--irods-testing-r309g1sp] --- 
Assert Command: icd /tempZone/home/alice/2024-08-05Z21:34:19--irods-testing-r309g1sp
Expecting EMPTY: ['']
  stdout:
    | 
  stderr:
    | 
Output found

 --- IrodsSession: icommand executed by [rods#tempZone] [iinit] --- 
Assert Command: iinit
Expecting STDOUT_SINGLELINE: ['']
  stdout:
    | WARNING: Error 25 disabling echo mode. Password will be displayed in plaintext.
    | Enter your current iRODS password:
  stderr:
    | 
Output found

 --- IrodsSession: icommand executed by [rods#tempZone] [iadmin mkuser bobby rodsuser] --- 
Assert Command: iadmin mkuser bobby rodsuser
Expecting EMPTY: ['']
  stdout:
    | 
  stderr:
    | 
Output found

 --- IrodsSession: icommand executed by [rods#tempZone] [iadmin moduser bobby password bpass] --- 
Assert Command: iadmin moduser bobby password bpass
Expecting EMPTY: ['']
  stdout:
    | 
  stderr:
    | 
Output found

 --- IrodsSession: icommand executed by [bobby#tempZone] [iinit] --- 
Assert Command: iinit
Expecting STDOUT_SINGLELINE: ['']
  stdout:
    | WARNING: Error 25 disabling echo mode. Password will be displayed in plaintext.
    | Enter your current iRODS password:
  stderr:
    | 
Output found

 --- IrodsSession: icommand executed by [bobby#tempZone] [imkdir /tempZone/home/bobby/2024-08-05Z21:34:20--irods-testing-sxymfk3e] --- 
Assert Command: imkdir /tempZone/home/bobby/2024-08-05Z21:34:20--irods-testing-sxymfk3e
Expecting EMPTY: ['']
  stdout:
    | 
  stderr:
    | 
Output found

 --- IrodsSession: icommand executed by [bobby#tempZone] [icd /tempZone/home/bobby/2024-08-05Z21:34:20--irods-testing-sxymfk3e] --- 
Assert Command: icd /tempZone/home/bobby/2024-08-05Z21:34:20--irods-testing-sxymfk3e
Expecting EMPTY: ['']
  stdout:
    | 
  stderr:
    | 
Output found

run_resource_setup - BEGIN
 --- IrodsSession: icommand executed by [otherrods#tempZone] [iadmin mkresc TestResc unixfilesystem d7680432ccfd:/tmp/irods/TestResc] --- 
Assert Command: iadmin mkresc TestResc unixfilesystem d7680432ccfd:/tmp/irods/TestResc
Expecting STDOUT_SINGLELINE: ['unixfilesystem']
  stdout:
    | Creating resource:
    | Name:		"TestResc"
    | Type:		"unixfilesystem"
    | Host:		"d7680432ccfd"
    | Path:		"/tmp/irods/TestResc"
    | Context:	""
  stderr:
    | 
Output found

 --- IrodsSession: icommand executed by [otherrods#tempZone] [iadmin mkresc AnotherResc unixfilesystem d7680432ccfd:/tmp/irods/AnotherResc] --- 
Assert Command: iadmin mkresc AnotherResc unixfilesystem d7680432ccfd:/tmp/irods/AnotherResc
Expecting STDOUT_SINGLELINE: ['unixfilesystem']
  stdout:
    | Creating resource:
    | Name:		"AnotherResc"
    | Type:		"unixfilesystem"
    | Host:		"d7680432ccfd"
    | Path:		"/tmp/irods/AnotherResc"
    | Context:	""
  stderr:
    | 
Output found

 --- IrodsSession: icommand executed by [otherrods#tempZone] [imkdir testdir] --- 
Assert Command: imkdir testdir
Expecting EMPTY: ['']
  stdout:
    | 
  stderr:
    | 
Output found

 --- IrodsSession: icommand executed by [otherrods#tempZone] [iput testfile.txt] --- 
Assert Command: iput testfile.txt
Expecting EMPTY: ['']
  stdout:
    | 
  stderr:
    | 
Output found

 --- IrodsSession: icommand executed by [otherrods#tempZone] [icp testfile.txt ../../public/] --- 
Assert Command: icp testfile.txt ../../public/
Expecting EMPTY: ['']
  stdout:
    | 
  stderr:
    | 
Output found

 --- IrodsSession: icommand executed by [otherrods#tempZone] [ichmod read alice ../../public/testfile.txt] --- 
Assert Command: ichmod read alice ../../public/testfile.txt
Expecting EMPTY: ['']
  stdout:
    | 
  stderr:
    | 
Output found

 --- IrodsSession: icommand executed by [otherrods#tempZone] [ichmod write bobby ../../public/testfile.txt] --- 
Assert Command: ichmod write bobby ../../public/testfile.txt
Expecting EMPTY: ['']
  stdout:
    | 
  stderr:
    | 
Output found

run_resource_setup - END
 --- IrodsSession: icommand executed by [alice#tempZone] [iput file.txt 0.txt] --- 
Assert Command: iput file.txt 0.txt
Expecting EMPTY: ['']
  stdout:
    | 
  stderr:
    | 
Output found

 --- IrodsSession: icommand executed by [alice#tempZone] [iput file.txt 1.txt] --- 
Assert Command: iput file.txt 1.txt
Expecting EMPTY: ['']
  stdout:
    | 
  stderr:
    | 
Output found

 --- IrodsSession: icommand executed by [alice#tempZone] [iput file.txt 2.txt] --- 
Assert Command: iput file.txt 2.txt
Expecting EMPTY: ['']
  stdout:
    | 
  stderr:
    | 
Output found

 --- IrodsSession: icommand executed by [alice#tempZone] [iput file.txt 3.txt] --- 
Assert Command: iput file.txt 3.txt
Expecting EMPTY: ['']
  stdout:
    | 
  stderr:
    | 
Output found

 --- IrodsSession: icommand executed by [alice#tempZone] [iput file.txt 4.txt] --- 
Assert Command: iput file.txt 4.txt
Expecting EMPTY: ['']
  stdout:
    | 
  stderr:
    | 
Output found

 --- IrodsSession: icommand executed by [alice#tempZone] [iput file.txt 5.txt] --- 
Assert Command: iput file.txt 5.txt
Expecting EMPTY: ['']
  stdout:
    | 
  stderr:
    | 
Output found

 --- IrodsSession: icommand executed by [alice#tempZone] [iput file.txt 6.txt] --- 
Assert Command: iput file.txt 6.txt
Expecting EMPTY: ['']
  stdout:
    | 
  stderr:
    | 
Output found

 --- IrodsSession: icommand executed by [alice#tempZone] [iput file.txt 7.txt] --- 
Assert Command: iput file.txt 7.txt
Expecting EMPTY: ['']
  stdout:
    | 
  stderr:
    | 
Output found

 --- IrodsSession: icommand executed by [alice#tempZone] [iput file.txt 8.txt] --- 
Assert Command: iput file.txt 8.txt
Expecting EMPTY: ['']
  stdout:
    | 
  stderr:
    | 
Output found

 --- IrodsSession: icommand executed by [alice#tempZone] [iput file.txt 9.txt] --- 
Assert Command: iput file.txt 9.txt
Expecting EMPTY: ['']
  stdout:
    | 
  stderr:
    | 
Output found

 --- IrodsSession: icommand executed by [alice#tempZone] [iput file.txt 10.txt] --- 
Assert Command: iput file.txt 10.txt
Expecting EMPTY: ['']
  stdout:
    | 
  stderr:
    | 
Output found

 --- IrodsSession: icommand executed by [alice#tempZone] [iput file.txt 11.txt] --- 
Assert Command: iput file.txt 11.txt
Expecting EMPTY: ['']
  stdout:
    | 
  stderr:
    | 
Output found

 --- IrodsSession: icommand executed by [alice#tempZone] [iput file.txt 12.txt] --- 
Assert Command: iput file.txt 12.txt
Expecting EMPTY: ['']
  stdout:
    | 
  stderr:
    | 
Output found

 --- IrodsSession: icommand executed by [alice#tempZone] [iput file.txt 13.txt] --- 
Assert Command: iput file.txt 13.txt
Expecting EMPTY: ['']
  stdout:
    | 
  stderr:
    | 
Output found

 --- IrodsSession: icommand executed by [alice#tempZone] [iput file.txt 14.txt] --- 
Assert Command: iput file.txt 14.txt
Expecting EMPTY: ['']
  stdout:
    | 
  stderr:
    | 
Output found

 --- IrodsSession: icommand executed by [alice#tempZone] [iput file.txt 15.txt] --- 
Assert Command: iput file.txt 15.txt
Expecting EMPTY: ['']
  stdout:
    | 
  stderr:
    | 
Output found

 --- IrodsSession: icommand executed by [alice#tempZone] [iput file.txt 16.txt] --- 
Assert Command: iput file.txt 16.txt
Expecting EMPTY: ['']
  stdout:
    | 
  stderr:
    | 
Output found

 --- IrodsSession: icommand executed by [alice#tempZone] [iput file.txt 17.txt] --- 
Assert Command: iput file.txt 17.txt
Expecting EMPTY: ['']
  stdout:
    | 
  stderr:
    | 
Output found

 --- IrodsSession: icommand executed by [alice#tempZone] [iput file.txt 18.txt] --- 
Assert Command: iput file.txt 18.txt
Expecting EMPTY: ['']
  stdout:
    | 
  stderr:
    | 
Output found

 --- IrodsSession: icommand executed by [alice#tempZone] [iput file.txt 19.txt] --- 
Assert Command: iput file.txt 19.txt
Expecting EMPTY: ['']
  stdout:
    | 
  stderr:
    | 
Output found

 --- IrodsSession: icommand executed by [alice#tempZone] [iput file.txt 20.txt] --- 
Assert Command: iput file.txt 20.txt
Expecting EMPTY: ['']
  stdout:
    | 
  stderr:
    | 
Output found

 --- IrodsSession: icommand executed by [alice#tempZone] [iput file.txt 21.txt] --- 
Assert Command: iput file.txt 21.txt
Expecting EMPTY: ['']
  stdout:
    | 
  stderr:
    | 
Output found

 --- IrodsSession: icommand executed by [alice#tempZone] [iput file.txt 22.txt] --- 
Assert Command: iput file.txt 22.txt
Expecting EMPTY: ['']
  stdout:
    | 
  stderr:
    | 
Output found

 --- IrodsSession: icommand executed by [alice#tempZone] [iput file.txt 23.txt] --- 
Assert Command: iput file.txt 23.txt
Expecting EMPTY: ['']
  stdout:
    | 
  stderr:
    | 
Output found

 --- IrodsSession: icommand executed by [alice#tempZone] [iput file.txt 24.txt] --- 
Assert Command: iput file.txt 24.txt
Expecting EMPTY: ['']
  stdout:
    | 
  stderr:
    | 
Output found

 --- IrodsSession: icommand executed by [alice#tempZone] [iput file.txt 25.txt] --- 
Assert Command: iput file.txt 25.txt
Expecting EMPTY: ['']
  stdout:
    | 
  stderr:
    | 
Output found

 --- IrodsSession: icommand executed by [alice#tempZone] [iput file.txt 26.txt] --- 
Assert Command: iput file.txt 26.txt
Expecting EMPTY: ['']
  stdout:
    | 
  stderr:
    | 
Output found

 --- IrodsSession: icommand executed by [alice#tempZone] [iput file.txt 27.txt] --- 
Assert Command: iput file.txt 27.txt
Expecting EMPTY: ['']
  stdout:
    | 
  stderr:
    | 
Output found

 --- IrodsSession: icommand executed by [alice#tempZone] [iput file.txt 28.txt] --- 
Assert Command: iput file.txt 28.txt
Expecting EMPTY: ['']
  stdout:
    | 
  stderr:
    | 
Output found

 --- IrodsSession: icommand executed by [alice#tempZone] [iput file.txt 29.txt] --- 
Assert Command: iput file.txt 29.txt
Expecting EMPTY: ['']
  stdout:
    | 
  stderr:
    | 
Output found

 --- IrodsSession: icommand executed by [alice#tempZone] [iput file.txt 30.txt] --- 
Assert Command: iput file.txt 30.txt
Expecting EMPTY: ['']
  stdout:
    | 
  stderr:
    | 
Output found

 --- IrodsSession: icommand executed by [alice#tempZone] [iput file.txt 31.txt] --- 
Assert Command: iput file.txt 31.txt
Expecting EMPTY: ['']
  stdout:
    | 
  stderr:
    | 
Output found

 --- IrodsSession: icommand executed by [alice#tempZone] [iput file.txt 32.txt] --- 
Assert Command: iput file.txt 32.txt
Expecting EMPTY: ['']
  stdout:
    | 
  stderr:
    | 
Output found

 --- IrodsSession: icommand executed by [alice#tempZone] [iput file.txt 33.txt] --- 
Assert Command: iput file.txt 33.txt
Expecting EMPTY: ['']
  stdout:
    | 
  stderr:
    | 
Output found

 --- IrodsSession: icommand executed by [alice#tempZone] [iput file.txt 34.txt] --- 
Assert Command: iput file.txt 34.txt
Expecting EMPTY: ['']
  stdout:
    | 
  stderr:
    | 
Output found

 --- IrodsSession: icommand executed by [alice#tempZone] [iput file.txt 35.txt] --- 
Assert Command: iput file.txt 35.txt
Expecting EMPTY: ['']
  stdout:
    | 
  stderr:
    | 
Output found

 --- IrodsSession: icommand executed by [alice#tempZone] [iput file.txt 36.txt] --- 
Assert Command: iput file.txt 36.txt
Expecting EMPTY: ['']
  stdout:
    | 
  stderr:
    | 
Output found

 --- IrodsSession: icommand executed by [alice#tempZone] [iput file.txt 37.txt] --- 
Assert Command: iput file.txt 37.txt
Expecting EMPTY: ['']
  stdout:
    | 
  stderr:
    | 
Output found

 --- IrodsSession: icommand executed by [alice#tempZone] [iput file.txt 38.txt] --- 
Assert Command: iput file.txt 38.txt
Expecting EMPTY: ['']
  stdout:
    | 
  stderr:
    | 
Output found

 --- IrodsSession: icommand executed by [alice#tempZone] [iput file.txt 39.txt] --- 
Assert Command: iput file.txt 39.txt
Expecting EMPTY: ['']
  stdout:
    | 
  stderr:
    | 
Output found

 --- IrodsSession: icommand executed by [alice#tempZone] [iput file.txt 40.txt] --- 
Assert Command: iput file.txt 40.txt
Expecting EMPTY: ['']
  stdout:
    | 
  stderr:
    | 
Output found

 --- IrodsSession: icommand executed by [alice#tempZone] [iput file.txt 41.txt] --- 
Assert Command: iput file.txt 41.txt
Expecting EMPTY: ['']
  stdout:
    | 
  stderr:
    | 
Output found

 --- IrodsSession: icommand executed by [alice#tempZone] [iput file.txt 42.txt] --- 
Assert Command: iput file.txt 42.txt
Expecting EMPTY: ['']
  stdout:
    | 
  stderr:
    | 
Output found

 --- IrodsSession: icommand executed by [alice#tempZone] [iput file.txt 43.txt] --- 
Assert Command: iput file.txt 43.txt
Expecting EMPTY: ['']
  stdout:
    | 
  stderr:
    | 
Output found

 --- IrodsSession: icommand executed by [alice#tempZone] [iput file.txt 44.txt] --- 
Assert Command: iput file.txt 44.txt
Expecting EMPTY: ['']
  stdout:
    | 
  stderr:
    | 
Output found

 --- IrodsSession: icommand executed by [alice#tempZone] [iput file.txt 45.txt] --- 
Assert Command: iput file.txt 45.txt
Expecting EMPTY: ['']
  stdout:
    | 
  stderr:
    | 
Output found

 --- IrodsSession: icommand executed by [alice#tempZone] [iput file.txt 46.txt] --- 
Assert Command: iput file.txt 46.txt
Expecting EMPTY: ['']
  stdout:
    | 
  stderr:
    | 
Output found

 --- IrodsSession: icommand executed by [alice#tempZone] [iput file.txt 47.txt] --- 
Assert Command: iput file.txt 47.txt
Expecting EMPTY: ['']
  stdout:
    | 
  stderr:
    | 
Output found

 --- IrodsSession: icommand executed by [alice#tempZone] [iput file.txt 48.txt] --- 
Assert Command: iput file.txt 48.txt
Expecting EMPTY: ['']
  stdout:
    | 
  stderr:
    | 
Output found

 --- IrodsSession: icommand executed by [alice#tempZone] [iput file.txt 49.txt] --- 
Assert Command: iput file.txt 49.txt
Expecting EMPTY: ['']
  stdout:
    | 
  stderr:
    | 
Output found

 --- IrodsSession: icommand executed by [alice#tempZone] [iput file.txt 50.txt] --- 
Assert Command: iput file.txt 50.txt
Expecting EMPTY: ['']
  stdout:
    | 
  stderr:
    | 
Output found

 --- IrodsSession: icommand executed by [alice#tempZone] [iput file.txt 51.txt] --- 
Assert Command: iput file.txt 51.txt
Expecting EMPTY: ['']
  stdout:
    | 
  stderr:
    | 
Output found

 --- IrodsSession: icommand executed by [alice#tempZone] [iput file.txt 52.txt] --- 
Assert Command: iput file.txt 52.txt
Expecting EMPTY: ['']
  stdout:
    | 
  stderr:
    | 
Output found

 --- IrodsSession: icommand executed by [alice#tempZone] [iput file.txt 53.txt] --- 
Assert Command: iput file.txt 53.txt
Expecting EMPTY: ['']
  stdout:
    | 
  stderr:
    | 
Output found

 --- IrodsSession: icommand executed by [alice#tempZone] [iput file.txt 54.txt] --- 
Assert Command: iput file.txt 54.txt
Expecting EMPTY: ['']
  stdout:
    | 
  stderr:
    | 
Output found

 --- IrodsSession: icommand executed by [alice#tempZone] [iput file.txt 55.txt] --- 
Assert Command: iput file.txt 55.txt
Expecting EMPTY: ['']
  stdout:
    | 
  stderr:
    | 
Output found

 --- IrodsSession: icommand executed by [alice#tempZone] [iput file.txt 56.txt] --- 
Assert Command: iput file.txt 56.txt
Expecting EMPTY: ['']
  stdout:
    | 
  stderr:
    | 
Output found

 --- IrodsSession: icommand executed by [alice#tempZone] [iput file.txt 57.txt] --- 
Assert Command: iput file.txt 57.txt
Expecting EMPTY: ['']
  stdout:
    | 
  stderr:
    | 
Output found

 --- IrodsSession: icommand executed by [alice#tempZone] [iput file.txt 58.txt] --- 
Assert Command: iput file.txt 58.txt
Expecting EMPTY: ['']
  stdout:
    | 
  stderr:
    | 
Output found

 --- IrodsSession: icommand executed by [alice#tempZone] [iput file.txt 59.txt] --- 
Assert Command: iput file.txt 59.txt
Expecting EMPTY: ['']
  stdout:
    | 
  stderr:
    | 
Output found

 --- IrodsSession: icommand executed by [alice#tempZone] [iput file.txt 60.txt] --- 
Assert Command: iput file.txt 60.txt
Expecting EMPTY: ['']
  stdout:
    | 
  stderr:
    | 
Output found

 --- IrodsSession: icommand executed by [alice#tempZone] [iput file.txt 61.txt] --- 
Assert Command: iput file.txt 61.txt
Expecting EMPTY: ['']
  stdout:
    | 
  stderr:
    | 
Output found

 --- IrodsSession: icommand executed by [alice#tempZone] [iput file.txt 62.txt] --- 
Assert Command: iput file.txt 62.txt
Expecting EMPTY: ['']
  stdout:
    | 
  stderr:
    | 
Output found

 --- IrodsSession: icommand executed by [alice#tempZone] [iput file.txt 63.txt] --- 
Assert Command: iput file.txt 63.txt
Expecting EMPTY: ['']
  stdout:
    | 
  stderr:
    | 
Output found

 --- IrodsSession: icommand executed by [alice#tempZone] [iput file.txt 64.txt] --- 
Assert Command: iput file.txt 64.txt
Expecting EMPTY: ['']
  stdout:
    | 
  stderr:
    | 
Output found

 --- IrodsSession: icommand executed by [alice#tempZone] [iput file.txt 65.txt] --- 
Assert Command: iput file.txt 65.txt
Expecting EMPTY: ['']
  stdout:
    | 
  stderr:
    | 
Output found

 --- IrodsSession: icommand executed by [alice#tempZone] [iput file.txt 66.txt] --- 
Assert Command: iput file.txt 66.txt
Expecting EMPTY: ['']
  stdout:
    | 
  stderr:
    | 
Output found

 --- IrodsSession: icommand executed by [alice#tempZone] [iput file.txt 67.txt] --- 
Assert Command: iput file.txt 67.txt
Expecting EMPTY: ['']
  stdout:
    | 
  stderr:
    | 
Output found

 --- IrodsSession: icommand executed by [alice#tempZone] [iput file.txt 68.txt] --- 
Assert Command: iput file.txt 68.txt
Expecting EMPTY: ['']
  stdout:
    | 
  stderr:
    | 
Output found

 --- IrodsSession: icommand executed by [alice#tempZone] [iput file.txt 69.txt] --- 
Assert Command: iput file.txt 69.txt
Expecting EMPTY: ['']
  stdout:
    | 
  stderr:
    | 
Output found

 --- IrodsSession: icommand executed by [alice#tempZone] [iput file.txt 70.txt] --- 
Assert Command: iput file.txt 70.txt
Expecting EMPTY: ['']
  stdout:
    | 
  stderr:
    | 
Output found

 --- IrodsSession: icommand executed by [alice#tempZone] [iput file.txt 71.txt] --- 
Assert Command: iput file.txt 71.txt
Expecting EMPTY: ['']
  stdout:
    | 
  stderr:
    | 
Output found

 --- IrodsSession: icommand executed by [alice#tempZone] [iput file.txt 72.txt] --- 
Assert Command: iput file.txt 72.txt
Expecting EMPTY: ['']
  stdout:
    | 
  stderr:
    | 
Output found

 --- IrodsSession: icommand executed by [alice#tempZone] [iput file.txt 73.txt] --- 
Assert Command: iput file.txt 73.txt
Expecting EMPTY: ['']
  stdout:
    | 
  stderr:
    | 
Output found

 --- IrodsSession: icommand executed by [alice#tempZone] [iput file.txt 74.txt] --- 
Assert Command: iput file.txt 74.txt
Expecting EMPTY: ['']
  stdout:
    | 
  stderr:
    | 
Output found

 --- IrodsSession: icommand executed by [alice#tempZone] [iput file.txt 75.txt] --- 
Assert Command: iput file.txt 75.txt
Expecting EMPTY: ['']
  stdout:
    | 
  stderr:
    | 
Output found

 --- IrodsSession: icommand executed by [alice#tempZone] [iput file.txt 76.txt] --- 
Assert Command: iput file.txt 76.txt
Expecting EMPTY: ['']
  stdout:
    | 
  stderr:
    | 
Output found

 --- IrodsSession: icommand executed by [alice#tempZone] [iput file.txt 77.txt] --- 
Assert Command: iput file.txt 77.txt
Expecting EMPTY: ['']
  stdout:
    | 
  stderr:
    | 
Output found

 --- IrodsSession: icommand executed by [alice#tempZone] [iput file.txt 78.txt] --- 
Assert Command: iput file.txt 78.txt
Expecting EMPTY: ['']
  stdout:
    | 
  stderr:
    | 
Output found

 --- IrodsSession: icommand executed by [alice#tempZone] [iput file.txt 79.txt] --- 
Assert Command: iput file.txt 79.txt
Expecting EMPTY: ['']
  stdout:
    | 
  stderr:
    | 
Output found

 --- IrodsSession: icommand executed by [alice#tempZone] [iput file.txt 80.txt] --- 
Assert Command: iput file.txt 80.txt
Expecting EMPTY: ['']
  stdout:
    | 
  stderr:
    | 
Output found

 --- IrodsSession: icommand executed by [alice#tempZone] [iput file.txt 81.txt] --- 
Assert Command: iput file.txt 81.txt
Expecting EMPTY: ['']
  stdout:
    | 
  stderr:
    | 
Output found

 --- IrodsSession: icommand executed by [alice#tempZone] [iput file.txt 82.txt] --- 
Assert Command: iput file.txt 82.txt
Expecting EMPTY: ['']
  stdout:
    | 
  stderr:
    | 
Output found

 --- IrodsSession: icommand executed by [alice#tempZone] [iput file.txt 83.txt] --- 
Assert Command: iput file.txt 83.txt
Expecting EMPTY: ['']
  stdout:
    | 
  stderr:
    | 
Output found

 --- IrodsSession: icommand executed by [alice#tempZone] [iput file.txt 84.txt] --- 
Assert Command: iput file.txt 84.txt
Expecting EMPTY: ['']
  stdout:
    | 
  stderr:
    | 
Output found

 --- IrodsSession: icommand executed by [alice#tempZone] [iput file.txt 85.txt] --- 
Assert Command: iput file.txt 85.txt
Expecting EMPTY: ['']
  stdout:
    | 
  stderr:
    | 
Output found

 --- IrodsSession: icommand executed by [alice#tempZone] [iput file.txt 86.txt] --- 
Assert Command: iput file.txt 86.txt
Expecting EMPTY: ['']
  stdout:
    | 
  stderr:
    | 
Output found

 --- IrodsSession: icommand executed by [alice#tempZone] [iput file.txt 87.txt] --- 
Assert Command: iput file.txt 87.txt
Expecting EMPTY: ['']
  stdout:
    | 
  stderr:
    | 
Output found

 --- IrodsSession: icommand executed by [alice#tempZone] [iput file.txt 88.txt] --- 
Assert Command: iput file.txt 88.txt
Expecting EMPTY: ['']
  stdout:
    | 
  stderr:
    | 
Output found

 --- IrodsSession: icommand executed by [alice#tempZone] [iput file.txt 89.txt] --- 
Assert Command: iput file.txt 89.txt
Expecting EMPTY: ['']
  stdout:
    | 
  stderr:
    | 
Output found

 --- IrodsSession: icommand executed by [alice#tempZone] [iput file.txt 90.txt] --- 
Assert Command: iput file.txt 90.txt
Expecting EMPTY: ['']
  stdout:
    | 
  stderr:
    | 
Output found

 --- IrodsSession: icommand executed by [alice#tempZone] [iput file.txt 91.txt] --- 
Assert Command: iput file.txt 91.txt
Expecting EMPTY: ['']
  stdout:
    | 
  stderr:
    | 
Output found

 --- IrodsSession: icommand executed by [alice#tempZone] [iput file.txt 92.txt] --- 
Assert Command: iput file.txt 92.txt
Expecting EMPTY: ['']
  stdout:
    | 
  stderr:
    | 
Output found

 --- IrodsSession: icommand executed by [alice#tempZone] [iput file.txt 93.txt] --- 
Assert Command: iput file.txt 93.txt
Expecting EMPTY: ['']
  stdout:
    | 
  stderr:
    | 
Output found

 --- IrodsSession: icommand executed by [alice#tempZone] [iput file.txt 94.txt] --- 
Assert Command: iput file.txt 94.txt
Expecting EMPTY: ['']
  stdout:
    | 
  stderr:
    | 
Output found

 --- IrodsSession: icommand executed by [alice#tempZone] [iput file.txt 95.txt] --- 
Assert Command: iput file.txt 95.txt
Expecting EMPTY: ['']
  stdout:
    | 
  stderr:
    | 
Output found

 --- IrodsSession: icommand executed by [alice#tempZone] [iput file.txt 96.txt] --- 
Assert Command: iput file.txt 96.txt
Expecting EMPTY: ['']
  stdout:
    | 
  stderr:
    | 
Output found

 --- IrodsSession: icommand executed by [alice#tempZone] [iput file.txt 97.txt] --- 
Assert Command: iput file.txt 97.txt
Expecting EMPTY: ['']
  stdout:
    | 
  stderr:
    | 
Output found

 --- IrodsSession: icommand executed by [alice#tempZone] [iput file.txt 98.txt] --- 
Assert Command: iput file.txt 98.txt
Expecting EMPTY: ['']
  stdout:
    | 
  stderr:
    | 
Output found

 --- IrodsSession: icommand executed by [alice#tempZone] [iput file.txt 99.txt] --- 
Assert Command: iput file.txt 99.txt
Expecting EMPTY: ['']
  stdout:
    | 
  stderr:
    | 
Output found

 --- IrodsSession: icommand executed by [alice#tempZone] [ils -l /tempZone/home/alice/2024-08-05Z21:34:19--irods-testing-r309g1sp] --- 
/tempZone/home/alice/2024-08-05Z21:34:19--irods-testing-r309g1sp:
  alice             0 demoResc            0 2024-08-05.21:34 & 0.txt
  alice             0 demoResc            0 2024-08-05.21:34 & 10.txt
  alice             0 demoResc            0 2024-08-05.21:34 & 11.txt
  alice             0 demoResc            0 2024-08-05.21:34 & 12.txt
  alice             0 demoResc            0 2024-08-05.21:34 & 13.txt
  alice             0 demoResc            0 2024-08-05.21:34 & 14.txt
  alice             0 demoResc            0 2024-08-05.21:34 & 15.txt
  alice             0 demoResc            0 2024-08-05.21:34 & 16.txt
  alice             0 demoResc            0 2024-08-05.21:34 & 17.txt
  alice             0 demoResc            0 2024-08-05.21:34 & 18.txt
  alice             0 demoResc            0 2024-08-05.21:34 & 19.txt
  alice             0 demoResc            0 2024-08-05.21:34 & 1.txt
  alice             0 demoResc            0 2024-08-05.21:34 & 20.txt
  alice             0 demoResc            0 2024-08-05.21:34 & 21.txt
  alice             0 demoResc            0 2024-08-05.21:34 & 22.txt
  alice             0 demoResc            0 2024-08-05.21:34 & 23.txt
  alice             0 demoResc            0 2024-08-05.21:34 & 24.txt
  alice             0 demoResc            0 2024-08-05.21:34 & 25.txt
  alice             0 demoResc            0 2024-08-05.21:34 & 26.txt
  alice             0 demoResc            0 2024-08-05.21:34 & 27.txt
  alice             0 demoResc            0 2024-08-05.21:34 & 28.txt
  alice             0 demoResc            0 2024-08-05.21:34 & 29.txt
  alice             0 demoResc            0 2024-08-05.21:34 & 2.txt
  alice             0 demoResc            0 2024-08-05.21:34 & 30.txt
  alice             0 demoResc            0 2024-08-05.21:34 & 31.txt
  alice             0 demoResc            0 2024-08-05.21:34 & 32.txt
  alice             0 demoResc            0 2024-08-05.21:34 & 33.txt
  alice             0 demoResc            0 2024-08-05.21:34 & 34.txt
  alice             0 demoResc            0 2024-08-05.21:34 & 35.txt
  alice             0 demoResc            0 2024-08-05.21:34 & 36.txt
  alice             0 demoResc            0 2024-08-05.21:34 & 37.txt
  alice             0 demoResc            0 2024-08-05.21:34 & 38.txt
  alice             0 demoResc            0 2024-08-05.21:34 & 39.txt
  alice             0 demoResc            0 2024-08-05.21:34 & 3.txt
  alice             0 demoResc            0 2024-08-05.21:34 & 40.txt
  alice             0 demoResc            0 2024-08-05.21:34 & 41.txt
  alice             0 demoResc            0 2024-08-05.21:34 & 42.txt
  alice             0 demoResc            0 2024-08-05.21:34 & 43.txt
  alice             0 demoResc            0 2024-08-05.21:34 & 44.txt
  alice             0 demoResc            0 2024-08-05.21:34 & 45.txt
  alice             0 demoResc            0 2024-08-05.21:34 & 46.txt
  alice             0 demoResc            0 2024-08-05.21:34 & 47.txt
  alice             0 demoResc            0 2024-08-05.21:34 & 48.txt
  alice             0 demoResc            0 2024-08-05.21:34 & 49.txt
  alice             0 demoResc            0 2024-08-05.21:34 & 4.txt
  alice             0 demoResc            0 2024-08-05.21:34 & 50.txt
  alice             0 demoResc            0 2024-08-05.21:34 & 51.txt
  alice             0 demoResc            0 2024-08-05.21:34 & 52.txt
  alice             0 demoResc            0 2024-08-05.21:34 & 53.txt
  alice             0 demoResc            0 2024-08-05.21:34 & 54.txt
  alice             0 demoResc            0 2024-08-05.21:34 & 55.txt
  alice             0 demoResc            0 2024-08-05.21:34 & 56.txt
  alice             0 demoResc            0 2024-08-05.21:34 & 57.txt
  alice             0 demoResc            0 2024-08-05.21:34 & 58.txt
  alice             0 demoResc            0 2024-08-05.21:34 & 59.txt
  alice             0 demoResc            0 2024-08-05.21:34 & 5.txt
  alice             0 demoResc            0 2024-08-05.21:34 & 60.txt
  alice             0 demoResc            0 2024-08-05.21:34 & 61.txt
  alice             0 demoResc            0 2024-08-05.21:34 & 62.txt
  alice             0 demoResc            0 2024-08-05.21:34 & 63.txt
  alice             0 demoResc            0 2024-08-05.21:34 & 64.txt
  alice             0 demoResc            0 2024-08-05.21:34 & 65.txt
  alice             0 demoResc            0 2024-08-05.21:34 & 66.txt
  alice             0 demoResc            0 2024-08-05.21:34 & 67.txt
  alice             0 demoResc            0 2024-08-05.21:34 & 68.txt
  alice             0 demoResc            0 2024-08-05.21:34 & 69.txt
  alice             0 demoResc            0 2024-08-05.21:34 & 6.txt
  alice             0 demoResc            0 2024-08-05.21:34 & 70.txt
  alice             0 demoResc            0 2024-08-05.21:34 & 71.txt
  alice             0 demoResc            0 2024-08-05.21:34 & 72.txt
  alice             0 demoResc            0 2024-08-05.21:34 & 73.txt
  alice             0 demoResc            0 2024-08-05.21:34 & 74.txt
  alice             0 demoResc            0 2024-08-05.21:34 & 75.txt
  alice             0 demoResc            0 2024-08-05.21:34 & 76.txt
  alice             0 demoResc            0 2024-08-05.21:34 & 77.txt
  alice             0 demoResc            0 2024-08-05.21:34 & 78.txt
  alice             0 demoResc            0 2024-08-05.21:34 & 79.txt
  alice             0 demoResc            0 2024-08-05.21:34 & 7.txt
  alice             0 demoResc            0 2024-08-05.21:34 & 80.txt
  alice             0 demoResc            0 2024-08-05.21:34 & 81.txt
  alice             0 demoResc            0 2024-08-05.21:34 & 82.txt
  alice             0 demoResc            0 2024-08-05.21:34 & 83.txt
  alice             0 demoResc            0 2024-08-05.21:34 & 84.txt
  alice             0 demoResc            0 2024-08-05.21:34 & 85.txt
  alice             0 demoResc            0 2024-08-05.21:34 & 86.txt
  alice             0 demoResc            0 2024-08-05.21:34 & 87.txt
  alice             0 demoResc            0 2024-08-05.21:34 & 88.txt
  alice             0 demoResc            0 2024-08-05.21:34 & 89.txt
  alice             0 demoResc            0 2024-08-05.21:34 & 8.txt
  alice             0 demoResc            0 2024-08-05.21:34 & 90.txt
  alice             0 demoResc            0 2024-08-05.21:34 & 91.txt
  alice             0 demoResc            0 2024-08-05.21:34 & 92.txt
  alice             0 demoResc            0 2024-08-05.21:34 & 93.txt
  alice             0 demoResc            0 2024-08-05.21:34 & 94.txt
  alice             0 demoResc            0 2024-08-05.21:34 & 95.txt
  alice             0 demoResc            0 2024-08-05.21:34 & 96.txt
  alice             0 demoResc            0 2024-08-05.21:34 & 97.txt
  alice             0 demoResc            0 2024-08-05.21:34 & 98.txt
  alice             0 demoResc            0 2024-08-05.21:34 & 99.txt
  alice             0 demoResc            0 2024-08-05.21:34 & 9.txt

 --- IrodsSession: icommand executed by [otherrods#tempZone] [iphymv -r -M -n0 -R TestResc /tempZone/home/alice/2024-08-05Z21:34:19--irods-testing-r309g1sp] --- 
Assert Command: iphymv -r -M -n0 -R TestResc /tempZone/home/alice/2024-08-05Z21:34:19--irods-testing-r309g1sp
Expecting EMPTY: ['']
  stdout:
    | 
  stderr:
    | 
Output found

 --- IrodsSession: icommand executed by [alice#tempZone] [ils -l /tempZone/home/alice/2024-08-05Z21:34:19--irods-testing-r309g1sp] --- 
/tempZone/home/alice/2024-08-05Z21:34:19--irods-testing-r309g1sp:
  alice             0 TestResc            0 2024-08-05.21:34 & 0.txt
  alice             0 TestResc            0 2024-08-05.21:34 & 10.txt
  alice             0 TestResc            0 2024-08-05.21:34 & 11.txt
  alice             0 TestResc            0 2024-08-05.21:34 & 12.txt
  alice             0 TestResc            0 2024-08-05.21:34 & 13.txt
  alice             0 TestResc            0 2024-08-05.21:34 & 14.txt
  alice             0 TestResc            0 2024-08-05.21:34 & 15.txt
  alice             0 TestResc            0 2024-08-05.21:34 & 16.txt
  alice             0 TestResc            0 2024-08-05.21:34 & 17.txt
  alice             0 TestResc            0 2024-08-05.21:34 & 18.txt
  alice             0 TestResc            0 2024-08-05.21:34 & 19.txt
  alice             0 TestResc            0 2024-08-05.21:34 & 1.txt
  alice             0 TestResc            0 2024-08-05.21:34 & 20.txt
  alice             0 TestResc            0 2024-08-05.21:34 & 21.txt
  alice             0 TestResc            0 2024-08-05.21:34 & 22.txt
  alice             0 TestResc            0 2024-08-05.21:34 & 23.txt
  alice             0 TestResc            0 2024-08-05.21:34 & 24.txt
  alice             0 TestResc            0 2024-08-05.21:34 & 25.txt
  alice             0 TestResc            0 2024-08-05.21:34 & 26.txt
  alice             0 TestResc            0 2024-08-05.21:34 & 27.txt
  alice             0 TestResc            0 2024-08-05.21:34 & 28.txt
  alice             0 TestResc            0 2024-08-05.21:34 & 29.txt
  alice             0 TestResc            0 2024-08-05.21:34 & 2.txt
  alice             0 TestResc            0 2024-08-05.21:34 & 30.txt
  alice             0 TestResc            0 2024-08-05.21:34 & 31.txt
  alice             0 TestResc            0 2024-08-05.21:34 & 32.txt
  alice             0 TestResc            0 2024-08-05.21:34 & 33.txt
  alice             0 TestResc            0 2024-08-05.21:34 & 34.txt
  alice             0 TestResc            0 2024-08-05.21:34 & 35.txt
  alice             0 TestResc            0 2024-08-05.21:34 & 36.txt
  alice             0 TestResc            0 2024-08-05.21:34 & 37.txt
  alice             0 TestResc            0 2024-08-05.21:34 & 38.txt
  alice             0 TestResc            0 2024-08-05.21:34 & 39.txt
  alice             0 TestResc            0 2024-08-05.21:34 & 3.txt
  alice             0 TestResc            0 2024-08-05.21:34 & 40.txt
  alice             0 TestResc            0 2024-08-05.21:34 & 41.txt
  alice             0 TestResc            0 2024-08-05.21:34 & 42.txt
  alice             0 TestResc            0 2024-08-05.21:34 & 43.txt
  alice             0 TestResc            0 2024-08-05.21:34 & 44.txt
  alice             0 TestResc            0 2024-08-05.21:34 & 45.txt
  alice             0 TestResc            0 2024-08-05.21:34 & 46.txt
  alice             0 TestResc            0 2024-08-05.21:34 & 47.txt
  alice             0 TestResc            0 2024-08-05.21:34 & 48.txt
  alice             0 TestResc            0 2024-08-05.21:34 & 49.txt
  alice             0 TestResc            0 2024-08-05.21:34 & 4.txt
  alice             0 TestResc            0 2024-08-05.21:34 & 50.txt
  alice             0 TestResc            0 2024-08-05.21:34 & 51.txt
  alice             0 TestResc            0 2024-08-05.21:34 & 52.txt
  alice             0 TestResc            0 2024-08-05.21:34 & 53.txt
  alice             0 TestResc            0 2024-08-05.21:34 & 54.txt
  alice             0 TestResc            0 2024-08-05.21:34 & 55.txt
  alice             0 TestResc            0 2024-08-05.21:34 & 56.txt
  alice             0 TestResc            0 2024-08-05.21:34 & 57.txt
  alice             0 TestResc            0 2024-08-05.21:34 & 58.txt
  alice             0 TestResc            0 2024-08-05.21:34 & 59.txt
  alice             0 TestResc            0 2024-08-05.21:34 & 5.txt
  alice             0 TestResc            0 2024-08-05.21:34 & 60.txt
  alice             0 TestResc            0 2024-08-05.21:34 & 61.txt
  alice             0 TestResc            0 2024-08-05.21:34 & 62.txt
  alice             0 TestResc            0 2024-08-05.21:34 & 63.txt
  alice             0 TestResc            0 2024-08-05.21:34 & 64.txt
  alice             0 TestResc            0 2024-08-05.21:34 & 65.txt
  alice             0 TestResc            0 2024-08-05.21:34 & 66.txt
  alice             0 TestResc            0 2024-08-05.21:34 & 67.txt
  alice             0 TestResc            0 2024-08-05.21:34 & 68.txt
  alice             0 TestResc            0 2024-08-05.21:34 & 69.txt
  alice             0 TestResc            0 2024-08-05.21:34 & 6.txt
  alice             0 TestResc            0 2024-08-05.21:34 & 70.txt
  alice             0 TestResc            0 2024-08-05.21:34 & 71.txt
  alice             0 TestResc            0 2024-08-05.21:34 & 72.txt
  alice             0 TestResc            0 2024-08-05.21:34 & 73.txt
  alice             0 TestResc            0 2024-08-05.21:34 & 74.txt
  alice             0 TestResc            0 2024-08-05.21:34 & 75.txt
  alice             0 TestResc            0 2024-08-05.21:34 & 76.txt
  alice             0 TestResc            0 2024-08-05.21:34 & 77.txt
  alice             0 TestResc            0 2024-08-05.21:34 & 78.txt
  alice             0 TestResc            0 2024-08-05.21:34 & 79.txt
  alice             0 TestResc            0 2024-08-05.21:34 & 7.txt
  alice             0 TestResc            0 2024-08-05.21:34 & 80.txt
  alice             0 TestResc            0 2024-08-05.21:34 & 81.txt
  alice             0 TestResc            0 2024-08-05.21:34 & 82.txt
  alice             0 TestResc            0 2024-08-05.21:34 & 83.txt
  alice             0 TestResc            0 2024-08-05.21:34 & 84.txt
  alice             0 TestResc            0 2024-08-05.21:34 & 85.txt
  alice             0 TestResc            0 2024-08-05.21:34 & 86.txt
  alice             0 TestResc            0 2024-08-05.21:34 & 87.txt
  alice             0 TestResc            0 2024-08-05.21:34 & 88.txt
  alice             0 TestResc            0 2024-08-05.21:34 & 89.txt
  alice             0 TestResc            0 2024-08-05.21:34 & 8.txt
  alice             0 TestResc            0 2024-08-05.21:34 & 90.txt
  alice             0 TestResc            0 2024-08-05.21:34 & 91.txt
  alice             0 TestResc            0 2024-08-05.21:34 & 92.txt
  alice             0 TestResc            0 2024-08-05.21:34 & 93.txt
  alice             0 TestResc            0 2024-08-05.21:34 & 94.txt
  alice             0 TestResc            0 2024-08-05.21:34 & 95.txt
  alice             0 TestResc            0 2024-08-05.21:34 & 96.txt
  alice             0 TestResc            0 2024-08-05.21:34 & 97.txt
  alice             0 TestResc            0 2024-08-05.21:34 & 98.txt
  alice             0 TestResc            0 2024-08-05.21:34 & 99.txt
  alice             0 TestResc            0 2024-08-05.21:34 & 9.txt

run_resource_teardown - BEGIN
 --- IrodsSession: icommand executed by [otherrods#tempZone] [icd] --- 
 --- IrodsSession: icommand executed by [otherrods#tempZone] [irm testfile.txt ../public/testfile.txt] --- 
 --- IrodsSession: icommand executed by [otherrods#tempZone] [irm -rf ../../bundle] --- 
 --- IrodsSession: icommand executed by [rods#tempZone] [iinit] --- 
Assert Command: iinit
Expecting STDOUT_SINGLELINE: ['']
  stdout:
    | WARNING: Error 25 disabling echo mode. Password will be displayed in plaintext.
    | Enter your current iRODS password:
  stderr:
    | 
Output found

 --- IrodsSession: icommand executed by [otherrods#tempZone] [icd] --- 
Assert Command: icd
Expecting EMPTY: ['']
  stdout:
    | 
  stderr:
    | 
Output found

 --- IrodsSession: icommand executed by [otherrods#tempZone] [irm -rf /tempZone/home/otherrods/2024-08-05Z21:34:18--irods-testing-eoxyp0tg] --- 
Assert Command: irm -rf /tempZone/home/otherrods/2024-08-05Z21:34:18--irods-testing-eoxyp0tg
Expecting EMPTY: ['']
  stdout:
    | 
  stderr:
    | 
Output found

 --- IrodsSession: icommand executed by [otherrods#tempZone] [irmtrash] --- 
Assert Command: irmtrash
Expecting EMPTY: ['']
  stdout:
    | 
  stderr:
    | 
Output found

 --- IrodsSession: icommand executed by [rods#tempZone] [iadmin rmuser otherrods] --- 
Assert Command: iadmin rmuser otherrods
Expecting EMPTY: ['']
  stdout:
    | 
  stderr:
    | 
Output found

 --- IrodsSession: icommand executed by [alice#tempZone] [icd] --- 
Assert Command: icd
Expecting EMPTY: ['']
  stdout:
    | 
  stderr:
    | 
Output found

 --- IrodsSession: icommand executed by [alice#tempZone] [irm -rf /tempZone/home/alice/2024-08-05Z21:34:19--irods-testing-r309g1sp] --- 
Assert Command: irm -rf /tempZone/home/alice/2024-08-05Z21:34:19--irods-testing-r309g1sp
Expecting EMPTY: ['']
  stdout:
    | 
  stderr:
    | 
Output found

 --- IrodsSession: icommand executed by [alice#tempZone] [irmtrash] --- 
Assert Command: irmtrash
Expecting EMPTY: ['']
  stdout:
    | 
  stderr:
    | 
Output found

 --- IrodsSession: icommand executed by [rods#tempZone] [iadmin rmuser alice] --- 
Assert Command: iadmin rmuser alice
Expecting EMPTY: ['']
  stdout:
    | 
  stderr:
    | 
Output found

 --- IrodsSession: icommand executed by [bobby#tempZone] [icd] --- 
Assert Command: icd
Expecting EMPTY: ['']
  stdout:
    | 
  stderr:
    | 
Output found

 --- IrodsSession: icommand executed by [bobby#tempZone] [irm -rf /tempZone/home/bobby/2024-08-05Z21:34:20--irods-testing-sxymfk3e] --- 
Assert Command: irm -rf /tempZone/home/bobby/2024-08-05Z21:34:20--irods-testing-sxymfk3e
Expecting EMPTY: ['']
  stdout:
    | 
  stderr:
    | 
Output found

 --- IrodsSession: icommand executed by [bobby#tempZone] [irmtrash] --- 
Assert Command: irmtrash
Expecting EMPTY: ['']
  stdout:
    | 
  stderr:
    | 
Output found

 --- IrodsSession: icommand executed by [rods#tempZone] [iadmin rmuser bobby] --- 
Assert Command: iadmin rmuser bobby
Expecting EMPTY: ['']
  stdout:
    | 
  stderr:
    | 
Output found

 --- IrodsSession: icommand executed by [rods#tempZone] [iinit] --- 
Assert Command: iinit
Expecting STDOUT_SINGLELINE: ['']
  stdout:
    | WARNING: Error 25 disabling echo mode. Password will be displayed in plaintext.
    | Enter your current iRODS password:
  stderr:
    | 
Output found

 --- IrodsSession: icommand executed by [rods#tempZone] [irmtrash -M] --- 
 --- IrodsSession: icommand executed by [rods#tempZone] [iadmin rmresc TestResc] --- 
 --- IrodsSession: icommand executed by [rods#tempZone] [iadmin rmresc AnotherResc] --- 
run_resource_teardown - END
 --- IrodsSession: icommand executed by [rods#tempZone] [iinit] --- 
Assert Command: iinit
Expecting STDOUT_SINGLELINE: ['']
  stdout:
    | WARNING: Error 25 disabling echo mode. Password will be displayed in plaintext.
    | Enter your current iRODS password:
  stderr:
    | 
Output found

 --- IrodsSession: icommand executed by [rods#tempZone] [iadmin rmresc demoResc] --- 
Assert Command: iadmin rmresc demoResc
Expecting EMPTY: ['']
  stdout:
    | 
  stderr:
    | 
Output found

 --- IrodsSession: icommand executed by [rods#tempZone] [iadmin modresc origResc name demoResc] --- 
Assert Command: iadmin modresc origResc name demoResc
Expecting STDOUT_SINGLELINE: ['rename']
  stdout:
    | If you modify a resource name, you and other users will need to
    | change your irods_environment.json files to use it, you may need to update
    | server_config.json and, if rules use the resource name, you'll need to
    | update the core rules (core.re).  This command will update various
    | tables with the new name.
    | Do you really want to modify the resource name? (enter y or yes to do so):OK, performing the resource rename
  stderr:
    | 
Output found

]]></system-out>
	</testcase>
	<testcase classname="irods.test.test_resource_types.Test_Resource_Unixfilesystem" name="test_iput_ibun_gzip_bzip2_from_devtest" time="34.969" timestamp="2024-08-05T21:35:46" file="scripts/irods/test/test_resource_types.py" line="126">
		<system-out><![CDATA[ --- IrodsSession: icommand executed by [rods#tempZone] [iinit] --- 
Assert Command: iinit
Expecting STDOUT_SINGLELINE: ['']
  stdout:
    | WARNING: Error 25 disabling echo mode. Password will be displayed in plaintext.
    | Enter your current iRODS password:
  stderr:
    | 
Output found

 --- IrodsSession: icommand executed by [rods#tempZone] [iadmin modresc demoResc name origResc] --- 
Assert Command: iadmin modresc demoResc name origResc
Expecting STDOUT_SINGLELINE: ['rename']
  stdout:
    | If you modify a resource name, you and other users will need to
    | change your irods_environment.json files to use it, you may need to update
    | server_config.json and, if rules use the resource name, you'll need to
    | update the core rules (core.re).  This command will update various
    | tables with the new name.
    | Do you really want to modify the resource name? (enter y or yes to do so):OK, performing the resource rename
  stderr:
    | 
Output found

 --- IrodsSession: icommand executed by [rods#tempZone] [iadmin mkresc demoResc 'unixfilesystem' d7680432ccfd:/var/lib/irods/demoRescVault] --- 
Assert Command: iadmin mkresc demoResc 'unixfilesystem' d7680432ccfd:/var/lib/irods/demoRescVault
Expecting STDOUT_SINGLELINE: ['unixfilesystem']
  stdout:
    | Creating resource:
    | Name:		"demoResc"
    | Type:		"unixfilesystem"
    | Host:		"d7680432ccfd"
    | Path:		"/var/lib/irods/demoRescVault"
    | Context:	""
  stderr:
    | 
Output found

 --- IrodsSession: icommand executed by [rods#tempZone] [iinit] --- 
Assert Command: iinit
Expecting STDOUT_SINGLELINE: ['']
  stdout:
    | WARNING: Error 25 disabling echo mode. Password will be displayed in plaintext.
    | Enter your current iRODS password:
  stderr:
    | 
Output found

 --- IrodsSession: icommand executed by [rods#tempZone] [iinit] --- 
Assert Command: iinit
Expecting STDOUT_SINGLELINE: ['']
  stdout:
    | WARNING: Error 25 disabling echo mode. Password will be displayed in plaintext.
    | Enter your current iRODS password:
  stderr:
    | 
Output found

 --- IrodsSession: icommand executed by [rods#tempZone] [iadmin mkuser otherrods rodsadmin] --- 
Assert Command: iadmin mkuser otherrods rodsadmin
Expecting EMPTY: ['']
  stdout:
    | 
  stderr:
    | 
Output found

 --- IrodsSession: icommand executed by [rods#tempZone] [iadmin moduser otherrods password rods] --- 
Assert Command: iadmin moduser otherrods password rods
Expecting EMPTY: ['']
  stdout:
    | 
  stderr:
    | 
Output found

 --- IrodsSession: icommand executed by [otherrods#tempZone] [iinit] --- 
Assert Command: iinit
Expecting STDOUT_SINGLELINE: ['']
  stdout:
    | WARNING: Error 25 disabling echo mode. Password will be displayed in plaintext.
    | Enter your current iRODS password:
  stderr:
    | 
Output found

 --- IrodsSession: icommand executed by [otherrods#tempZone] [imkdir /tempZone/home/otherrods/2024-08-05Z21:35:12--irods-testing-4ch_chc1] --- 
Assert Command: imkdir /tempZone/home/otherrods/2024-08-05Z21:35:12--irods-testing-4ch_chc1
Expecting EMPTY: ['']
  stdout:
    | 
  stderr:
    | 
Output found

 --- IrodsSession: icommand executed by [otherrods#tempZone] [icd /tempZone/home/otherrods/2024-08-05Z21:35:12--irods-testing-4ch_chc1] --- 
Assert Command: icd /tempZone/home/otherrods/2024-08-05Z21:35:12--irods-testing-4ch_chc1
Expecting EMPTY: ['']
  stdout:
    | 
  stderr:
    | 
Output found

 --- IrodsSession: icommand executed by [rods#tempZone] [iinit] --- 
Assert Command: iinit
Expecting STDOUT_SINGLELINE: ['']
  stdout:
    | WARNING: Error 25 disabling echo mode. Password will be displayed in plaintext.
    | Enter your current iRODS password:
  stderr:
    | 
Output found

 --- IrodsSession: icommand executed by [rods#tempZone] [iadmin mkuser alice rodsuser] --- 
Assert Command: iadmin mkuser alice rodsuser
Expecting EMPTY: ['']
  stdout:
    | 
  stderr:
    | 
Output found

 --- IrodsSession: icommand executed by [rods#tempZone] [iadmin moduser alice password apass] --- 
Assert Command: iadmin moduser alice password apass
Expecting EMPTY: ['']
  stdout:
    | 
  stderr:
    | 
Output found

 --- IrodsSession: icommand executed by [alice#tempZone] [iinit] --- 
Assert Command: iinit
Expecting STDOUT_SINGLELINE: ['']
  stdout:
    | WARNING: Error 25 disabling echo mode. Password will be displayed in plaintext.
    | Enter your current iRODS password:
  stderr:
    | 
Output found

 --- IrodsSession: icommand executed by [alice#tempZone] [imkdir /tempZone/home/alice/2024-08-05Z21:35:14--irods-testing-oml69usz] --- 
Assert Command: imkdir /tempZone/home/alice/2024-08-05Z21:35:14--irods-testing-oml69usz
Expecting EMPTY: ['']
  stdout:
    | 
  stderr:
    | 
Output found

 --- IrodsSession: icommand executed by [alice#tempZone] [icd /tempZone/home/alice/2024-08-05Z21:35:14--irods-testing-oml69usz] --- 
Assert Command: icd /tempZone/home/alice/2024-08-05Z21:35:14--irods-testing-oml69usz
Expecting EMPTY: ['']
  stdout:
    | 
  stderr:
    | 
Output found

 --- IrodsSession: icommand executed by [rods#tempZone] [iinit] --- 
Assert Command: iinit
Expecting STDOUT_SINGLELINE: ['']
  stdout:
    | WARNING: Error 25 disabling echo mode. Password will be displayed in plaintext.
    | Enter your current iRODS password:
  stderr:
    | 
Output found

 --- IrodsSession: icommand executed by [rods#tempZone] [iadmin mkuser bobby rodsuser] --- 
Assert Command: iadmin mkuser bobby rodsuser
Expecting EMPTY: ['']
  stdout:
    | 
  stderr:
    | 
Output found

 --- IrodsSession: icommand executed by [rods#tempZone] [iadmin moduser bobby password bpass] --- 
Assert Command: iadmin moduser bobby password bpass
Expecting EMPTY: ['']
  stdout:
    | 
  stderr:
    | 
Output found

 --- IrodsSession: icommand executed by [bobby#tempZone] [iinit] --- 
Assert Command: iinit
Expecting STDOUT_SINGLELINE: ['']
  stdout:
    | WARNING: Error 25 disabling echo mode. Password will be displayed in plaintext.
    | Enter your current iRODS password:
  stderr:
    | 
Output found

 --- IrodsSession: icommand executed by [bobby#tempZone] [imkdir /tempZone/home/bobby/2024-08-05Z21:35:15--irods-testing-7fjignat] --- 
Assert Command: imkdir /tempZone/home/bobby/2024-08-05Z21:35:15--irods-testing-7fjignat
Expecting EMPTY: ['']
  stdout:
    | 
  stderr:
    | 
Output found

 --- IrodsSession: icommand executed by [bobby#tempZone] [icd /tempZone/home/bobby/2024-08-05Z21:35:15--irods-testing-7fjignat] --- 
Assert Command: icd /tempZone/home/bobby/2024-08-05Z21:35:15--irods-testing-7fjignat
Expecting EMPTY: ['']
  stdout:
    | 
  stderr:
    | 
Output found

run_resource_setup - BEGIN
 --- IrodsSession: icommand executed by [otherrods#tempZone] [iadmin mkresc TestResc unixfilesystem d7680432ccfd:/tmp/irods/TestResc] --- 
Assert Command: iadmin mkresc TestResc unixfilesystem d7680432ccfd:/tmp/irods/TestResc
Expecting STDOUT_SINGLELINE: ['unixfilesystem']
  stdout:
    | Creating resource:
    | Name:		"TestResc"
    | Type:		"unixfilesystem"
    | Host:		"d7680432ccfd"
    | Path:		"/tmp/irods/TestResc"
    | Context:	""
  stderr:
    | 
Output found

 --- IrodsSession: icommand executed by [otherrods#tempZone] [iadmin mkresc AnotherResc unixfilesystem d7680432ccfd:/tmp/irods/AnotherResc] --- 
Assert Command: iadmin mkresc AnotherResc unixfilesystem d7680432ccfd:/tmp/irods/AnotherResc
Expecting STDOUT_SINGLELINE: ['unixfilesystem']
  stdout:
    | Creating resource:
    | Name:		"AnotherResc"
    | Type:		"unixfilesystem"
    | Host:		"d7680432ccfd"
    | Path:		"/tmp/irods/AnotherResc"
    | Context:	""
  stderr:
    | 
Output found

 --- IrodsSession: icommand executed by [otherrods#tempZone] [imkdir testdir] --- 
Assert Command: imkdir testdir
Expecting EMPTY: ['']
  stdout:
    | 
  stderr:
    | 
Output found

 --- IrodsSession: icommand executed by [otherrods#tempZone] [iput testfile.txt] --- 
Assert Command: iput testfile.txt
Expecting EMPTY: ['']
  stdout:
    | 
  stderr:
    | 
Output found

 --- IrodsSession: icommand executed by [otherrods#tempZone] [icp testfile.txt ../../public/] --- 
Assert Command: icp testfile.txt ../../public/
Expecting EMPTY: ['']
  stdout:
    | 
  stderr:
    | 
Output found

 --- IrodsSession: icommand executed by [otherrods#tempZone] [ichmod read alice ../../public/testfile.txt] --- 
Assert Command: ichmod read alice ../../public/testfile.txt
Expecting EMPTY: ['']
  stdout:
    | 
  stderr:
    | 
Output found

 --- IrodsSession: icommand executed by [otherrods#tempZone] [ichmod write bobby ../../public/testfile.txt] --- 
Assert Command: ichmod write bobby ../../public/testfile.txt
Expecting EMPTY: ['']
  stdout:
    | 
  stderr:
    | 
Output found

run_resource_setup - END
 --- IrodsSession: icommand executed by [rods#tempZone] [iinit] --- 
Assert Command: iinit
Expecting STDOUT_SINGLELINE: ['']
  stdout:
    | WARNING: Error 25 disabling echo mode. Password will be displayed in plaintext.
    | Enter your current iRODS password:
  stderr:
    | 
Output found

 --- IrodsSession: icommand executed by [rods#tempZone] [ichmod own otherrods /tempZone] --- 
Assert Command: ichmod own otherrods /tempZone
Expecting EMPTY: ['']
  stdout:
    | 
  stderr:
    | 
Output found

 --- IrodsSession: icommand executed by [otherrods#tempZone] [imkdir icmdtest] --- 
Assert Command: imkdir icmdtest
Expecting EMPTY: ['']
  stdout:
    | 
  stderr:
    | 
Output found

 --- IrodsSession: icommand executed by [otherrods#tempZone] [iput -K --wlock /tmp/irods-testing-4ch_chc1/test_file /tempZone/home/otherrods/2024-08-05Z21:35:12--irods-testing-4ch_chc1/icmdtest/foo1] --- 
Assert Command: iput -K --wlock /tmp/irods-testing-4ch_chc1/test_file /tempZone/home/otherrods/2024-08-05Z21:35:12--irods-testing-4ch_chc1/icmdtest/foo1
Expecting EMPTY: ['']
  stdout:
    | 
  stderr:
    | 
Output found

 --- IrodsSession: icommand executed by [otherrods#tempZone] [icp -K -R TestResc /tempZone/home/otherrods/2024-08-05Z21:35:12--irods-testing-4ch_chc1/icmdtest/foo1 /tempZone/home/otherrods/2024-08-05Z21:35:12--irods-testing-4ch_chc1/icmdtest/foo2] --- 
Assert Command: icp -K -R TestResc /tempZone/home/otherrods/2024-08-05Z21:35:12--irods-testing-4ch_chc1/icmdtest/foo1 /tempZone/home/otherrods/2024-08-05Z21:35:12--irods-testing-4ch_chc1/icmdtest/foo2
Expecting EMPTY: ['']
  stdout:
    | 
  stderr:
    | 
Output found

 --- IrodsSession: icommand executed by [otherrods#tempZone] [irepl -B -R TestResc /tempZone/home/otherrods/2024-08-05Z21:35:12--irods-testing-4ch_chc1/icmdtest/foo1] --- 
Assert Command: irepl -B -R TestResc /tempZone/home/otherrods/2024-08-05Z21:35:12--irods-testing-4ch_chc1/icmdtest/foo1
Expecting EMPTY: ['']
  stdout:
    | 
  stderr:
    | 
Output found

 --- IrodsSession: icommand executed by [otherrods#tempZone] [iput -kfR demoResc ./sfile2 /tempZone/home/otherrods/2024-08-05Z21:35:12--irods-testing-4ch_chc1/icmdtest/foo1] --- 
Assert Command: iput -kfR demoResc ./sfile2 /tempZone/home/otherrods/2024-08-05Z21:35:12--irods-testing-4ch_chc1/icmdtest/foo1
Expecting EMPTY: ['']
  stdout:
    | 
  stderr:
    | 
Output found

 --- IrodsSession: icommand executed by [otherrods#tempZone] [ils -l /tempZone/home/otherrods/2024-08-05Z21:35:12--irods-testing-4ch_chc1/icmdtest/foo1] --- 
Assert Command: ils -l /tempZone/home/otherrods/2024-08-05Z21:35:12--irods-testing-4ch_chc1/icmdtest/foo1
Expecting STDOUT_SINGLELINE: ['foo1', '4000']
  stdout:
    |   otherrods         0 demoResc         8000 2024-08-05.21:35 & foo1
    |   otherrods         1 TestResc         4000 2024-08-05.21:35 X foo1
  stderr:
    | 
Output found

 --- IrodsSession: icommand executed by [otherrods#tempZone] [ils -l /tempZone/home/otherrods/2024-08-05Z21:35:12--irods-testing-4ch_chc1/icmdtest/foo1] --- 
Assert Command: ils -l /tempZone/home/otherrods/2024-08-05Z21:35:12--irods-testing-4ch_chc1/icmdtest/foo1
Expecting STDOUT_SINGLELINE: ['foo1', '8000']
  stdout:
    |   otherrods         0 demoResc         8000 2024-08-05.21:35 & foo1
    |   otherrods         1 TestResc         4000 2024-08-05.21:35 X foo1
  stderr:
    | 
Output found

 --- IrodsSession: icommand executed by [otherrods#tempZone] [irepl -a /tempZone/home/otherrods/2024-08-05Z21:35:12--irods-testing-4ch_chc1/icmdtest/foo1] --- 
Assert Command: irepl -a /tempZone/home/otherrods/2024-08-05Z21:35:12--irods-testing-4ch_chc1/icmdtest/foo1
Expecting EMPTY: ['']
  stdout:
    | 
  stderr:
    | 
Output found

 --- IrodsSession: icommand executed by [otherrods#tempZone] [ils -l /tempZone/home/otherrods/2024-08-05Z21:35:12--irods-testing-4ch_chc1/icmdtest/foo1] --- 
Assert FAIL Command: ils -l /tempZone/home/otherrods/2024-08-05Z21:35:12--irods-testing-4ch_chc1/icmdtest/foo1
Expecting STDOUT_SINGLELINE: ['4000']
  stdout:
    |   otherrods         0 demoResc         8000 2024-08-05.21:35 & foo1
    |   otherrods         1 TestResc         8000 2024-08-05.21:35 & foo1
  stderr:
    | 
Output not found

 --- IrodsSession: icommand executed by [otherrods#tempZone] [itrim -S demoResc /tempZone/home/otherrods/2024-08-05Z21:35:12--irods-testing-4ch_chc1/icmdtest/foo1] --- 
Assert Command: itrim -S demoResc /tempZone/home/otherrods/2024-08-05Z21:35:12--irods-testing-4ch_chc1/icmdtest/foo1
Expecting STDOUT_SINGLELINE: ['files trimmed']
  stdout:
    | Total size trimmed = 0.000 MB. Number of files trimmed = 0.
  stderr:
    | 
Output found

 --- IrodsSession: icommand executed by [otherrods#tempZone] [iput -bIvPKr /tmp/irodssdir /tempZone/home/otherrods/2024-08-05Z21:35:12--irods-testing-4ch_chc1/icmdtest] --- 
Assert Command: iput -bIvPKr /tmp/irodssdir /tempZone/home/otherrods/2024-08-05Z21:35:12--irods-testing-4ch_chc1/icmdtest
Expecting STDOUT_SINGLELINE: ['Bulk upload']
  stdout:
    | C- /tempZone/home/otherrods/2024-08-05Z21:35:12--irods-testing-4ch_chc1/icmdtest/irodssdir:
    | C- /tempZone/home/otherrods/2024-08-05Z21:35:12--irods-testing-4ch_chc1/icmdtest/irodssdir:
    | Bulk upload 20 files.
    |    sfile12                         0.076 MB | 0.894 sec | 0 thr |  0.085 MB/s
    | 20/0 -  0.00% of files done   0.076/0.000 MB -  0.00% of file sizes done
    | Processing sfile12 - 0.000 MB   2024-08-05.21:35:22
  stderr:
    | 
Output found

 --- IrodsSession: icommand executed by [otherrods#tempZone] [iput -PkITr -X ./rsfile --retries 10 /tmp/irodssdir /tempZone/home/otherrods/2024-08-05Z21:35:12--irods-testing-4ch_chc1/icmdtestw] --- 
Assert Command: iput -PkITr -X ./rsfile --retries 10 /tmp/irodssdir /tempZone/home/otherrods/2024-08-05Z21:35:12--irods-testing-4ch_chc1/icmdtestw
Expecting STDOUT_SINGLELINE: ['Processing']
  stdout:
    | New restartFile ./rsfile opened
    | 0/0 -  0.00% of files done   0.000/0.000 MB -  0.00% of file sizes done
    | Processing sfile0 - 0.004 MB   2024-08-05.21:35:24
    | 1/0 -  0.00% of files done   0.004/0.000 MB -  0.00% of file sizes done
    | Processing sfile11 - 0.004 MB   2024-08-05.21:35:24
    | 2/0 -  0.00% of files done   0.008/0.000 MB -  0.00% of file sizes done
    | Processing sfile16 - 0.004 MB   2024-08-05.21:35:24
    | 3/0 -  0.00% of files done   0.011/0.000 MB -  0.00% of file sizes done
    | Processing sfile4 - 0.004 MB   2024-08-05.21:35:24
    | 4/0 -  0.00% of files done   0.015/0.000 MB -  0.00% of file sizes done
    | Processing sfile10 - 0.004 MB   2024-08-05.21:35:24
    | 5/0 -  0.00% of files done   0.019/0.000 MB -  0.00% of file sizes done
    | Processing sfile3 - 0.004 MB   2024-08-05.21:35:24
    | 6/0 -  0.00% of files done   0.023/0.000 MB -  0.00% of file sizes done
    | Processing sfile14 - 0.004 MB   2024-08-05.21:35:24
    | 7/0 -  0.00% of files done   0.027/0.000 MB -  0.00% of file sizes done
    | Processing sfile19 - 0.004 MB   2024-08-05.21:35:24
    | 8/0 -  0.00% of files done   0.031/0.000 MB -  0.00% of file sizes done
    | Processing sfile2 - 0.004 MB   2024-08-05.21:35:24
    | 9/0 -  0.00% of files done   0.034/0.000 MB -  0.00% of file sizes done
    | Processing sfile9 - 0.004 MB   2024-08-05.21:35:25
    | 10/0 -  0.00% of files done   0.038/0.000 MB -  0.00% of file sizes done
    | Processing sfile5 - 0.004 MB   2024-08-05.21:35:25
    | 11/0 -  0.00% of files done   0.042/0.000 MB -  0.00% of file sizes done
    | Processing sfile8 - 0.004 MB   2024-08-05.21:35:25
    | 12/0 -  0.00% of files done   0.046/0.000 MB -  0.00% of file sizes done
    | Processing sfile7 - 0.004 MB   2024-08-05.21:35:25
    | 13/0 -  0.00% of files done   0.050/0.000 MB -  0.00% of file sizes done
    | Processing sfile1 - 0.004 MB   2024-08-05.21:35:25
    | 14/0 -  0.00% of files done   0.053/0.000 MB -  0.00% of file sizes done
    | Processing sfile18 - 0.004 MB   2024-08-05.21:35:25
    | 15/0 -  0.00% of files done   0.057/0.000 MB -  0.00% of file sizes done
    | Processing sfile15 - 0.004 MB   2024-08-05.21:35:25
    | 16/0 -  0.00% of files done   0.061/0.000 MB -  0.00% of file sizes done
    | Processing sfile6 - 0.004 MB   2024-08-05.21:35:25
    | 17/0 -  0.00% of files done   0.065/0.000 MB -  0.00% of file sizes done
    | Processing sfile13 - 0.004 MB   2024-08-05.21:35:25
    | 18/0 -  0.00% of files done   0.069/0.000 MB -  0.00% of file sizes done
    | Processing sfile17 - 0.004 MB   2024-08-05.21:35:25
    | 19/0 -  0.00% of files done   0.072/0.000 MB -  0.00% of file sizes done
    | Processing sfile12 - 0.004 MB   2024-08-05.21:35:25
  stderr:
    | 
Output found

 --- IrodsSession: icommand executed by [otherrods#tempZone] [imv /tempZone/home/otherrods/2024-08-05Z21:35:12--irods-testing-4ch_chc1/icmdtestw /tempZone/home/otherrods/2024-08-05Z21:35:12--irods-testing-4ch_chc1/icmdtestw1] --- 
Assert Command: imv /tempZone/home/otherrods/2024-08-05Z21:35:12--irods-testing-4ch_chc1/icmdtestw /tempZone/home/otherrods/2024-08-05Z21:35:12--irods-testing-4ch_chc1/icmdtestw1
Expecting EMPTY: ['']
  stdout:
    | 
  stderr:
    | 
Output found

 --- IrodsSession: icommand executed by [otherrods#tempZone] [ils -lr /tempZone/home/otherrods/2024-08-05Z21:35:12--irods-testing-4ch_chc1/icmdtestw1] --- 
Assert Command: ils -lr /tempZone/home/otherrods/2024-08-05Z21:35:12--irods-testing-4ch_chc1/icmdtestw1
Expecting STDOUT_SINGLELINE: ['sfile10']
  stdout:
    | /tempZone/home/otherrods/2024-08-05Z21:35:12--irods-testing-4ch_chc1/icmdtestw1:
    |   otherrods         0 demoResc         4000 2024-08-05.21:35 & sfile0
    |   otherrods         0 demoResc         4000 2024-08-05.21:35 & sfile1
    |   otherrods         0 demoResc         4000 2024-08-05.21:35 & sfile10
    |   otherrods         0 demoResc         4000 2024-08-05.21:35 & sfile11
    |   otherrods         0 demoResc         4000 2024-08-05.21:35 & sfile12
    |   otherrods         0 demoResc         4000 2024-08-05.21:35 & sfile13
    |   otherrods         0 demoResc         4000 2024-08-05.21:35 & sfile14
    |   otherrods         0 demoResc         4000 2024-08-05.21:35 & sfile15
    |   otherrods         0 demoResc         4000 2024-08-05.21:35 & sfile16
    |   otherrods         0 demoResc         4000 2024-08-05.21:35 & sfile17
    |   otherrods         0 demoResc         4000 2024-08-05.21:35 & sfile18
    |   otherrods         0 demoResc         4000 2024-08-05.21:35 & sfile19
    |   otherrods         0 demoResc         4000 2024-08-05.21:35 & sfile2
    |   otherrods         0 demoResc         4000 2024-08-05.21:35 & sfile3
    |   otherrods         0 demoResc         4000 2024-08-05.21:35 & sfile4
    |   otherrods         0 demoResc         4000 2024-08-05.21:35 & sfile5
    |   otherrods         0 demoResc         4000 2024-08-05.21:35 & sfile6
    |   otherrods         0 demoResc         4000 2024-08-05.21:35 & sfile7
    |   otherrods         0 demoResc         4000 2024-08-05.21:35 & sfile8
    |   otherrods         0 demoResc         4000 2024-08-05.21:35 & sfile9
  stderr:
    | 
Output found

 --- IrodsSession: icommand executed by [otherrods#tempZone] [ils -Ar /tempZone/home/otherrods/2024-08-05Z21:35:12--irods-testing-4ch_chc1/icmdtestw1] --- 
Assert Command: ils -Ar /tempZone/home/otherrods/2024-08-05Z21:35:12--irods-testing-4ch_chc1/icmdtestw1
Expecting STDOUT_SINGLELINE: ['sfile10']
  stdout:
    | /tempZone/home/otherrods/2024-08-05Z21:35:12--irods-testing-4ch_chc1/icmdtestw1:
    |         ACL - otherrods#tempZone:own   
    |         Inheritance - Disabled
    |   sfile0
    |         ACL - otherrods#tempZone:own   
    |   sfile1
    |         ACL - otherrods#tempZone:own   
    |   sfile10
    |         ACL - otherrods#tempZone:own   
    |   sfile11
    |         ACL - otherrods#tempZone:own   
    |   sfile12
    |         ACL - otherrods#tempZone:own   
    |   sfile13
    |         ACL - otherrods#tempZone:own   
    |   sfile14
    |         ACL - otherrods#tempZone:own   
    |   sfile15
    |         ACL - otherrods#tempZone:own   
    |   sfile16
    |         ACL - otherrods#tempZone:own   
    |   sfile17
    |         ACL - otherrods#tempZone:own   
    |   sfile18
    |         ACL - otherrods#tempZone:own   
    |   sfile19
    |         ACL - otherrods#tempZone:own   
    |   sfile2
    |         ACL - otherrods#tempZone:own   
    |   sfile3
    |         ACL - otherrods#tempZone:own   
    |   sfile4
    |         ACL - otherrods#tempZone:own   
    |   sfile5
    |         ACL - otherrods#tempZone:own   
    |   sfile6
    |         ACL - otherrods#tempZone:own   
    |   sfile7
    |         ACL - otherrods#tempZone:own   
    |   sfile8
    |         ACL - otherrods#tempZone:own   
    |   sfile9
    |         ACL - otherrods#tempZone:own   
  stderr:
    | 
Output found

 --- IrodsSession: icommand executed by [otherrods#tempZone] [irm -rvf /tempZone/home/otherrods/2024-08-05Z21:35:12--irods-testing-4ch_chc1/icmdtestw1] --- 
Assert Command: irm -rvf /tempZone/home/otherrods/2024-08-05Z21:35:12--irods-testing-4ch_chc1/icmdtestw1
Expecting STDOUT_SINGLELINE: ['num files done']
  stdout:
    | num files done = 10, totalFileCnt = UNKNOWN, bytesWritten = 0, last file done: /tempZone/home/otherrods/2024-08-05Z21:35:12--irods-testing-4ch_chc1/icmdtestw1/sfile17
    | num files done = 10, totalFileCnt = UNKNOWN, bytesWritten = 0, last file done: /tempZone/home/otherrods/2024-08-05Z21:35:12--irods-testing-4ch_chc1/icmdtestw1/sfile9
  stderr:
    | 
Output found

 --- IrodsSession: icommand executed by [otherrods#tempZone] [iget -vIKPfr -X rsfile --retries 10 /tempZone/home/otherrods/2024-08-05Z21:35:12--irods-testing-4ch_chc1/icmdtest ./testx] --- 
Assert Command: iget -vIKPfr -X rsfile --retries 10 /tempZone/home/otherrods/2024-08-05Z21:35:12--irods-testing-4ch_chc1/icmdtest ./testx
Expecting STDOUT_SINGLELINE: ['opened']
  stdout:
    | New restartFile rsfile opened
    | D- ./testx :
    | D- ./testx/irodssdir :
    | 0/22 -  0.00% of files done   0.000/0.088 MB -  0.00% of file sizes done
    | Processing sfile0 - 0.004 MB   2024-08-05.21:35:29
    |    sfile0                          0.004 MB | 0.065 sec | 0 thr |  0.059 MB/s
    | 1/22 -  4.55% of files done   0.004/0.088 MB -  4.35% of file sizes done
    | Processing sfile1 - 0.004 MB   2024-08-05.21:35:29
    |    sfile1                          0.004 MB | 0.053 sec | 0 thr |  0.072 MB/s
    | 2/22 -  9.09% of files done   0.008/0.088 MB -  8.70% of file sizes done
    | Processing sfile10 - 0.004 MB   2024-08-05.21:35:29
    |    sfile10                         0.004 MB | 0.044 sec | 0 thr |  0.086 MB/s
    | 3/22 - 13.64% of files done   0.011/0.088 MB - 13.04% of file sizes done
    | Processing sfile11 - 0.004 MB   2024-08-05.21:35:29
    |    sfile11                         0.004 MB | 0.040 sec | 0 thr |  0.096 MB/s
    | 4/22 - 18.18% of files done   0.015/0.088 MB - 17.39% of file sizes done
    | Processing sfile12 - 0.004 MB   2024-08-05.21:35:29
    |    sfile12                         0.004 MB | 0.039 sec | 0 thr |  0.097 MB/s
    | 5/22 - 22.73% of files done   0.019/0.088 MB - 21.74% of file sizes done
    | Processing sfile13 - 0.004 MB   2024-08-05.21:35:29
    |    sfile13                         0.004 MB | 0.040 sec | 0 thr |  0.096 MB/s
    | 6/22 - 27.27% of files done   0.023/0.088 MB - 26.09% of file sizes done
    | Processing sfile14 - 0.004 MB   2024-08-05.21:35:29
    |    sfile14                         0.004 MB | 0.040 sec | 0 thr |  0.095 MB/s
    | 7/22 - 31.82% of files done   0.027/0.088 MB - 30.43% of file sizes done
    | Processing sfile15 - 0.004 MB   2024-08-05.21:35:29
    |    sfile15                         0.004 MB | 0.037 sec | 0 thr |  0.103 MB/s
    | 8/22 - 36.36% of files done   0.031/0.088 MB - 34.78% of file sizes done
    | Processing sfile16 - 0.004 MB   2024-08-05.21:35:29
    |    sfile16                         0.004 MB | 0.024 sec | 0 thr |  0.160 MB/s
    | 9/22 - 40.91% of files done   0.034/0.088 MB - 39.13% of file sizes done
    | Processing sfile17 - 0.004 MB   2024-08-05.21:35:29
    |    sfile17                         0.004 MB | 0.020 sec | 0 thr |  0.194 MB/s
    | 10/22 - 45.45% of files done   0.038/0.088 MB - 43.48% of file sizes done
    | Processing sfile18 - 0.004 MB   2024-08-05.21:35:29
    |    sfile18                         0.004 MB | 0.019 sec | 0 thr |  0.203 MB/s
    | 11/22 - 50.00% of files done   0.042/0.088 MB - 47.83% of file sizes done
    | Processing sfile19 - 0.004 MB   2024-08-05.21:35:29
    |    sfile19                         0.004 MB | 0.018 sec | 0 thr |  0.207 MB/s
    | 12/22 - 54.55% of files done   0.046/0.088 MB - 52.17% of file sizes done
    | Processing sfile2 - 0.004 MB   2024-08-05.21:35:29
    |    sfile2                          0.004 MB | 0.018 sec | 0 thr |  0.207 MB/s
    | 13/22 - 59.09% of files done   0.050/0.088 MB - 56.52% of file sizes done
    | Processing sfile3 - 0.004 MB   2024-08-05.21:35:29
    |    sfile3                          0.004 MB | 0.018 sec | 0 thr |  0.218 MB/s
    | 14/22 - 63.64% of files done   0.053/0.088 MB - 60.87% of file sizes done
    | Processing sfile4 - 0.004 MB   2024-08-05.21:35:29
    |    sfile4                          0.004 MB | 0.017 sec | 0 thr |  0.218 MB/s
    | 15/22 - 68.18% of files done   0.057/0.088 MB - 65.22% of file sizes done
    | Processing sfile5 - 0.004 MB   2024-08-05.21:35:29
    |    sfile5                          0.004 MB | 0.017 sec | 0 thr |  0.223 MB/s
    | 16/22 - 72.73% of files done   0.061/0.088 MB - 69.57% of file sizes done
    | Processing sfile6 - 0.004 MB   2024-08-05.21:35:30
    |    sfile6                          0.004 MB | 0.017 sec | 0 thr |  0.226 MB/s
    | 17/22 - 77.27% of files done   0.065/0.088 MB - 73.91% of file sizes done
    | Processing sfile7 - 0.004 MB   2024-08-05.21:35:30
    |    sfile7                          0.004 MB | 0.027 sec | 0 thr |  0.142 MB/s
    | 18/22 - 81.82% of files done   0.069/0.088 MB - 78.26% of file sizes done
    | Processing sfile8 - 0.004 MB   2024-08-05.21:35:30
    |    sfile8                          0.004 MB | 0.033 sec | 0 thr |  0.115 MB/s
    | 19/22 - 86.36% of files done   0.072/0.088 MB - 82.61% of file sizes done
    | Processing sfile9 - 0.004 MB   2024-08-05.21:35:30
    |    sfile9                          0.004 MB | 0.039 sec | 0 thr |  0.098 MB/s
    | 20/22 - 90.91% of files done   0.076/0.088 MB - 86.96% of file sizes done
    | Processing foo1 - 0.008 MB   2024-08-05.21:35:30
    |    foo1                            0.008 MB | 0.035 sec | 0 thr |  0.218 MB/s
    | 21/22 - 95.45% of files done   0.084/0.088 MB - 95.65% of file sizes done
    | Processing foo2 - 0.004 MB   2024-08-05.21:35:30
    |    foo2                            0.004 MB | 0.035 sec | 0 thr |  0.109 MB/s
  stderr:
    | 
Output found

 --- IrodsSession: icommand executed by [otherrods#tempZone] [iput ./testx.tar /tempZone/home/otherrods/2024-08-05Z21:35:12--irods-testing-4ch_chc1/icmdtestx.tar] --- 
Assert Command: iput ./testx.tar /tempZone/home/otherrods/2024-08-05Z21:35:12--irods-testing-4ch_chc1/icmdtestx.tar
Expecting EMPTY: ['']
  stdout:
    | 
  stderr:
    | 
Output found

 --- IrodsSession: icommand executed by [otherrods#tempZone] [ibun -x /tempZone/home/otherrods/2024-08-05Z21:35:12--irods-testing-4ch_chc1/icmdtestx.tar /tempZone/home/otherrods/2024-08-05Z21:35:12--irods-testing-4ch_chc1/icmdtestx] --- 
Assert Command: ibun -x /tempZone/home/otherrods/2024-08-05Z21:35:12--irods-testing-4ch_chc1/icmdtestx.tar /tempZone/home/otherrods/2024-08-05Z21:35:12--irods-testing-4ch_chc1/icmdtestx
Expecting EMPTY: ['']
  stdout:
    | 
  stderr:
    | 
Output found

 --- IrodsSession: icommand executed by [otherrods#tempZone] [ils -lr /tempZone/home/otherrods/2024-08-05Z21:35:12--irods-testing-4ch_chc1/icmdtestx] --- 
Assert Command: ils -lr /tempZone/home/otherrods/2024-08-05Z21:35:12--irods-testing-4ch_chc1/icmdtestx
Expecting STDOUT_SINGLELINE: ['foo2']
  stdout:
    | /tempZone/home/otherrods/2024-08-05Z21:35:12--irods-testing-4ch_chc1/icmdtestx:
    |   otherrods         0 demoResc         8000 2024-08-05.21:35 & foo1
    |   otherrods         0 demoResc         4000 2024-08-05.21:35 & foo2
    |   C- /tempZone/home/otherrods/2024-08-05Z21:35:12--irods-testing-4ch_chc1/icmdtestx/irodssdir  
    | /tempZone/home/otherrods/2024-08-05Z21:35:12--irods-testing-4ch_chc1/icmdtestx/irodssdir:
    |   otherrods         0 demoResc         4000 2024-08-05.21:35 & sfile0
    |   otherrods         0 demoResc         4000 2024-08-05.21:35 & sfile1
    |   otherrods         0 demoResc         4000 2024-08-05.21:35 & sfile10
    |   otherrods         0 demoResc         4000 2024-08-05.21:35 & sfile11
    |   otherrods         0 demoResc         4000 2024-08-05.21:35 & sfile12
    |   otherrods         0 demoResc         4000 2024-08-05.21:35 & sfile13
    |   otherrods         0 demoResc         4000 2024-08-05.21:35 & sfile14
    |   otherrods         0 demoResc         4000 2024-08-05.21:35 & sfile15
    |   otherrods         0 demoResc         4000 2024-08-05.21:35 & sfile16
    |   otherrods         0 demoResc         4000 2024-08-05.21:35 & sfile17
    |   otherrods         0 demoResc         4000 2024-08-05.21:35 & sfile18
    |   otherrods         0 demoResc         4000 2024-08-05.21:35 & sfile19
    |   otherrods         0 demoResc         4000 2024-08-05.21:35 & sfile2
    |   otherrods         0 demoResc         4000 2024-08-05.21:35 & sfile3
    |   otherrods         0 demoResc         4000 2024-08-05.21:35 & sfile4
    |   otherrods         0 demoResc         4000 2024-08-05.21:35 & sfile5
    |   otherrods         0 demoResc         4000 2024-08-05.21:35 & sfile6
    |   otherrods         0 demoResc         4000 2024-08-05.21:35 & sfile7
    |   otherrods         0 demoResc         4000 2024-08-05.21:35 & sfile8
    |   otherrods         0 demoResc         4000 2024-08-05.21:35 & sfile9
  stderr:
    | 
Output found

 --- IrodsSession: icommand executed by [otherrods#tempZone] [ils -lr /tempZone/home/otherrods/2024-08-05Z21:35:12--irods-testing-4ch_chc1/icmdtestx] --- 
Assert Command: ils -lr /tempZone/home/otherrods/2024-08-05Z21:35:12--irods-testing-4ch_chc1/icmdtestx
Expecting STDOUT_SINGLELINE: ['sfile10']
  stdout:
    | /tempZone/home/otherrods/2024-08-05Z21:35:12--irods-testing-4ch_chc1/icmdtestx:
    |   otherrods         0 demoResc         8000 2024-08-05.21:35 & foo1
    |   otherrods         0 demoResc         4000 2024-08-05.21:35 & foo2
    |   C- /tempZone/home/otherrods/2024-08-05Z21:35:12--irods-testing-4ch_chc1/icmdtestx/irodssdir  
    | /tempZone/home/otherrods/2024-08-05Z21:35:12--irods-testing-4ch_chc1/icmdtestx/irodssdir:
    |   otherrods         0 demoResc         4000 2024-08-05.21:35 & sfile0
    |   otherrods         0 demoResc         4000 2024-08-05.21:35 & sfile1
    |   otherrods         0 demoResc         4000 2024-08-05.21:35 & sfile10
    |   otherrods         0 demoResc         4000 2024-08-05.21:35 & sfile11
    |   otherrods         0 demoResc         4000 2024-08-05.21:35 & sfile12
    |   otherrods         0 demoResc         4000 2024-08-05.21:35 & sfile13
    |   otherrods         0 demoResc         4000 2024-08-05.21:35 & sfile14
    |   otherrods         0 demoResc         4000 2024-08-05.21:35 & sfile15
    |   otherrods         0 demoResc         4000 2024-08-05.21:35 & sfile16
    |   otherrods         0 demoResc         4000 2024-08-05.21:35 & sfile17
    |   otherrods         0 demoResc         4000 2024-08-05.21:35 & sfile18
    |   otherrods         0 demoResc         4000 2024-08-05.21:35 & sfile19
    |   otherrods         0 demoResc         4000 2024-08-05.21:35 & sfile2
    |   otherrods         0 demoResc         4000 2024-08-05.21:35 & sfile3
    |   otherrods         0 demoResc         4000 2024-08-05.21:35 & sfile4
    |   otherrods         0 demoResc         4000 2024-08-05.21:35 & sfile5
    |   otherrods         0 demoResc         4000 2024-08-05.21:35 & sfile6
    |   otherrods         0 demoResc         4000 2024-08-05.21:35 & sfile7
    |   otherrods         0 demoResc         4000 2024-08-05.21:35 & sfile8
    |   otherrods         0 demoResc         4000 2024-08-05.21:35 & sfile9
  stderr:
    | 
Output found

 --- IrodsSession: icommand executed by [otherrods#tempZone] [ibun -cDtar /tempZone/home/otherrods/2024-08-05Z21:35:12--irods-testing-4ch_chc1/icmdtestx1.tar /tempZone/home/otherrods/2024-08-05Z21:35:12--irods-testing-4ch_chc1/icmdtestx] --- 
Assert Command: ibun -cDtar /tempZone/home/otherrods/2024-08-05Z21:35:12--irods-testing-4ch_chc1/icmdtestx1.tar /tempZone/home/otherrods/2024-08-05Z21:35:12--irods-testing-4ch_chc1/icmdtestx
Expecting EMPTY: ['']
  stdout:
    | 
  stderr:
    | 
Output found

 --- IrodsSession: icommand executed by [otherrods#tempZone] [ils -l /tempZone/home/otherrods/2024-08-05Z21:35:12--irods-testing-4ch_chc1/icmdtestx1.tar] --- 
Assert Command: ils -l /tempZone/home/otherrods/2024-08-05Z21:35:12--irods-testing-4ch_chc1/icmdtestx1.tar
Expecting STDOUT_SINGLELINE: ['testx1.tar']
  stdout:
    |   otherrods         0 demoResc       112640 2024-08-05.21:35 & icmdtestx1.tar
  stderr:
    | 
Output found

 --- IrodsSession: icommand executed by [otherrods#tempZone] [iget /tempZone/home/otherrods/2024-08-05Z21:35:12--irods-testing-4ch_chc1/icmdtestx1.tar ./testx1.tar] --- 
Assert Command: iget /tempZone/home/otherrods/2024-08-05Z21:35:12--irods-testing-4ch_chc1/icmdtestx1.tar ./testx1.tar
Expecting EMPTY: ['']
  stdout:
    | 
  stderr:
    | 
Output found

 --- IrodsSession: icommand executed by [otherrods#tempZone] [ibun -cDgzip /tempZone/home/otherrods/2024-08-05Z21:35:12--irods-testing-4ch_chc1/icmdtestx1.tar.gz /tempZone/home/otherrods/2024-08-05Z21:35:12--irods-testing-4ch_chc1/icmdtestx] --- 
Assert Command: ibun -cDgzip /tempZone/home/otherrods/2024-08-05Z21:35:12--irods-testing-4ch_chc1/icmdtestx1.tar.gz /tempZone/home/otherrods/2024-08-05Z21:35:12--irods-testing-4ch_chc1/icmdtestx
Expecting EMPTY: ['']
  stdout:
    | 
  stderr:
    | 
Output found

 --- IrodsSession: icommand executed by [otherrods#tempZone] [ibun -x /tempZone/home/otherrods/2024-08-05Z21:35:12--irods-testing-4ch_chc1/icmdtestx1.tar.gz /tempZone/home/otherrods/2024-08-05Z21:35:12--irods-testing-4ch_chc1/icmdtestgz] --- 
Assert Command: ibun -x /tempZone/home/otherrods/2024-08-05Z21:35:12--irods-testing-4ch_chc1/icmdtestx1.tar.gz /tempZone/home/otherrods/2024-08-05Z21:35:12--irods-testing-4ch_chc1/icmdtestgz
Expecting EMPTY: ['']
  stdout:
    | 
  stderr:
    | 
Output found

 --- IrodsSession: icommand executed by [otherrods#tempZone] [iget -vr /tempZone/home/otherrods/2024-08-05Z21:35:12--irods-testing-4ch_chc1/icmdtestgz .] --- 
Assert Command: iget -vr /tempZone/home/otherrods/2024-08-05Z21:35:12--irods-testing-4ch_chc1/icmdtestgz .
Expecting STDOUT_SINGLELINE: ['icmdtestgz']
  stdout:
    | D- ./icmdtestgz :
    | D- ./icmdtestgz/icmdtestx :
    | D- ./icmdtestgz/icmdtestx/irodssdir :
    |    sfile0                          0.004 MB | 0.037 sec | 0 thr |  0.102 MB/s
    |    sfile1                          0.004 MB | 0.021 sec | 0 thr |  0.182 MB/s
    |    sfile10                         0.004 MB | 0.019 sec | 0 thr |  0.204 MB/s
    |    sfile11                         0.004 MB | 0.018 sec | 0 thr |  0.211 MB/s
    |    sfile12                         0.004 MB | 0.019 sec | 0 thr |  0.206 MB/s
    |    sfile13                         0.004 MB | 0.018 sec | 0 thr |  0.215 MB/s
    |    sfile14                         0.004 MB | 0.017 sec | 0 thr |  0.222 MB/s
    |    sfile15                         0.004 MB | 0.017 sec | 0 thr |  0.219 MB/s
    |    sfile16                         0.004 MB | 0.018 sec | 0 thr |  0.217 MB/s
    |    sfile17                         0.004 MB | 0.017 sec | 0 thr |  0.220 MB/s
    |    sfile18                         0.004 MB | 0.017 sec | 0 thr |  0.221 MB/s
    |    sfile19                         0.004 MB | 0.017 sec | 0 thr |  0.219 MB/s
    |    sfile2                          0.004 MB | 0.017 sec | 0 thr |  0.223 MB/s
    |    sfile3                          0.004 MB | 0.018 sec | 0 thr |  0.216 MB/s
    |    sfile4                          0.004 MB | 0.017 sec | 0 thr |  0.221 MB/s
    |    sfile5                          0.004 MB | 0.017 sec | 0 thr |  0.224 MB/s
    |    sfile6                          0.004 MB | 0.018 sec | 0 thr |  0.218 MB/s
    |    sfile7                          0.004 MB | 0.018 sec | 0 thr |  0.215 MB/s
    |    sfile8                          0.004 MB | 0.018 sec | 0 thr |  0.215 MB/s
    |    sfile9                          0.004 MB | 0.018 sec | 0 thr |  0.216 MB/s
    |    foo1                            0.008 MB | 0.016 sec | 0 thr |  0.470 MB/s
    |    foo2                            0.004 MB | 0.016 sec | 0 thr |  0.233 MB/s
  stderr:
    | 
Output found

 --- IrodsSession: icommand executed by [otherrods#tempZone] [ibun --add /tempZone/home/otherrods/2024-08-05Z21:35:12--irods-testing-4ch_chc1/icmdtestx1.tar.gz /tempZone/home/otherrods/2024-08-05Z21:35:12--irods-testing-4ch_chc1/icmdtestgz] --- 
Assert Command: ibun --add /tempZone/home/otherrods/2024-08-05Z21:35:12--irods-testing-4ch_chc1/icmdtestx1.tar.gz /tempZone/home/otherrods/2024-08-05Z21:35:12--irods-testing-4ch_chc1/icmdtestgz
Expecting EMPTY: ['']
  stdout:
    | 
  stderr:
    | 
Output found

 --- IrodsSession: icommand executed by [otherrods#tempZone] [irm -rf /tempZone/home/otherrods/2024-08-05Z21:35:12--irods-testing-4ch_chc1/icmdtestx1.tar.gz /tempZone/home/otherrods/2024-08-05Z21:35:12--irods-testing-4ch_chc1/icmdtestgz] --- 
Assert Command: irm -rf /tempZone/home/otherrods/2024-08-05Z21:35:12--irods-testing-4ch_chc1/icmdtestx1.tar.gz /tempZone/home/otherrods/2024-08-05Z21:35:12--irods-testing-4ch_chc1/icmdtestgz
Expecting EMPTY: ['']
  stdout:
    | 
  stderr:
    | 
Output found

 --- IrodsSession: icommand executed by [otherrods#tempZone] [ibun -cDzip /tempZone/home/otherrods/2024-08-05Z21:35:12--irods-testing-4ch_chc1/icmdtestx1.zip /tempZone/home/otherrods/2024-08-05Z21:35:12--irods-testing-4ch_chc1/icmdtestx] --- 
Assert Command: ibun -cDzip /tempZone/home/otherrods/2024-08-05Z21:35:12--irods-testing-4ch_chc1/icmdtestx1.zip /tempZone/home/otherrods/2024-08-05Z21:35:12--irods-testing-4ch_chc1/icmdtestx
Expecting EMPTY: ['']
  stdout:
    | 
  stderr:
    | 
Output found

 --- IrodsSession: icommand executed by [otherrods#tempZone] [ibun -x /tempZone/home/otherrods/2024-08-05Z21:35:12--irods-testing-4ch_chc1/icmdtestx1.zip /tempZone/home/otherrods/2024-08-05Z21:35:12--irods-testing-4ch_chc1/icmdtestzip] --- 
Assert Command: ibun -x /tempZone/home/otherrods/2024-08-05Z21:35:12--irods-testing-4ch_chc1/icmdtestx1.zip /tempZone/home/otherrods/2024-08-05Z21:35:12--irods-testing-4ch_chc1/icmdtestzip
Expecting EMPTY: ['']
  stdout:
    | 
  stderr:
    | 
Output found

 --- IrodsSession: icommand executed by [otherrods#tempZone] [iget -vr /tempZone/home/otherrods/2024-08-05Z21:35:12--irods-testing-4ch_chc1/icmdtestzip .] --- 
Assert Command: iget -vr /tempZone/home/otherrods/2024-08-05Z21:35:12--irods-testing-4ch_chc1/icmdtestzip .
Expecting STDOUT_SINGLELINE: ['icmdtestzip']
  stdout:
    | D- ./icmdtestzip :
    | D- ./icmdtestzip/icmdtestx :
    | D- ./icmdtestzip/icmdtestx/irodssdir :
    |    sfile0                          0.004 MB | 0.058 sec | 0 thr |  0.066 MB/s
    |    sfile1                          0.004 MB | 0.035 sec | 0 thr |  0.108 MB/s
    |    sfile10                         0.004 MB | 0.034 sec | 0 thr |  0.112 MB/s
    |    sfile11                         0.004 MB | 0.052 sec | 0 thr |  0.073 MB/s
    |    sfile12                         0.004 MB | 0.042 sec | 0 thr |  0.092 MB/s
    |    sfile13                         0.004 MB | 0.036 sec | 0 thr |  0.107 MB/s
    |    sfile14                         0.004 MB | 0.034 sec | 0 thr |  0.113 MB/s
    |    sfile15                         0.004 MB | 0.032 sec | 0 thr |  0.120 MB/s
    |    sfile16                         0.004 MB | 0.031 sec | 0 thr |  0.124 MB/s
    |    sfile17                         0.004 MB | 0.032 sec | 0 thr |  0.119 MB/s
    |    sfile18                         0.004 MB | 0.036 sec | 0 thr |  0.107 MB/s
    |    sfile19                         0.004 MB | 0.034 sec | 0 thr |  0.112 MB/s
    |    sfile2                          0.004 MB | 0.031 sec | 0 thr |  0.122 MB/s
    |    sfile3                          0.004 MB | 0.032 sec | 0 thr |  0.120 MB/s
    |    sfile4                          0.004 MB | 0.035 sec | 0 thr |  0.110 MB/s
    |    sfile5                          0.004 MB | 0.037 sec | 0 thr |  0.102 MB/s
    |    sfile6                          0.004 MB | 0.048 sec | 0 thr |  0.079 MB/s
    |    sfile7                          0.004 MB | 0.034 sec | 0 thr |  0.114 MB/s
    |    sfile8                          0.004 MB | 0.034 sec | 0 thr |  0.112 MB/s
    |    sfile9                          0.004 MB | 0.035 sec | 0 thr |  0.110 MB/s
    |    foo1                            0.008 MB | 0.030 sec | 0 thr |  0.251 MB/s
    |    foo2                            0.004 MB | 0.032 sec | 0 thr |  0.121 MB/s
  stderr:
    | 
Output found

 --- IrodsSession: icommand executed by [otherrods#tempZone] [ibun --add /tempZone/home/otherrods/2024-08-05Z21:35:12--irods-testing-4ch_chc1/icmdtestx1.zip /tempZone/home/otherrods/2024-08-05Z21:35:12--irods-testing-4ch_chc1/icmdtestzip] --- 
Assert Command: ibun --add /tempZone/home/otherrods/2024-08-05Z21:35:12--irods-testing-4ch_chc1/icmdtestx1.zip /tempZone/home/otherrods/2024-08-05Z21:35:12--irods-testing-4ch_chc1/icmdtestzip
Expecting EMPTY: ['']
  stdout:
    | 
  stderr:
    | 
Output found

 --- IrodsSession: icommand executed by [otherrods#tempZone] [irm -rf /tempZone/home/otherrods/2024-08-05Z21:35:12--irods-testing-4ch_chc1/icmdtestx1.zip /tempZone/home/otherrods/2024-08-05Z21:35:12--irods-testing-4ch_chc1/icmdtestzip] --- 
Assert Command: irm -rf /tempZone/home/otherrods/2024-08-05Z21:35:12--irods-testing-4ch_chc1/icmdtestx1.zip /tempZone/home/otherrods/2024-08-05Z21:35:12--irods-testing-4ch_chc1/icmdtestzip
Expecting EMPTY: ['']
  stdout:
    | 
  stderr:
    | 
Output found

 --- IrodsSession: icommand executed by [otherrods#tempZone] [ibun -cDbzip2 /tempZone/home/otherrods/2024-08-05Z21:35:12--irods-testing-4ch_chc1/icmdtestx1.tar.bz2 /tempZone/home/otherrods/2024-08-05Z21:35:12--irods-testing-4ch_chc1/icmdtestx] --- 
Assert Command: ibun -cDbzip2 /tempZone/home/otherrods/2024-08-05Z21:35:12--irods-testing-4ch_chc1/icmdtestx1.tar.bz2 /tempZone/home/otherrods/2024-08-05Z21:35:12--irods-testing-4ch_chc1/icmdtestx
Expecting EMPTY: ['']
  stdout:
    | 
  stderr:
    | 
Output found

 --- IrodsSession: icommand executed by [otherrods#tempZone] [ibun -xb /tempZone/home/otherrods/2024-08-05Z21:35:12--irods-testing-4ch_chc1/icmdtestx1.tar.bz2 /tempZone/home/otherrods/2024-08-05Z21:35:12--irods-testing-4ch_chc1/icmdtestbz2] --- 
Assert Command: ibun -xb /tempZone/home/otherrods/2024-08-05Z21:35:12--irods-testing-4ch_chc1/icmdtestx1.tar.bz2 /tempZone/home/otherrods/2024-08-05Z21:35:12--irods-testing-4ch_chc1/icmdtestbz2
Expecting EMPTY: ['']
  stdout:
    | 
  stderr:
    | 
Output found

 --- IrodsSession: icommand executed by [otherrods#tempZone] [iget -vr /tempZone/home/otherrods/2024-08-05Z21:35:12--irods-testing-4ch_chc1/icmdtestbz2 .] --- 
Assert Command: iget -vr /tempZone/home/otherrods/2024-08-05Z21:35:12--irods-testing-4ch_chc1/icmdtestbz2 .
Expecting STDOUT_SINGLELINE: ['icmdtestbz2']
  stdout:
    | D- ./icmdtestbz2 :
    | D- ./icmdtestbz2/icmdtestx :
    | D- ./icmdtestbz2/icmdtestx/irodssdir :
    |    sfile0                          0.004 MB | 0.071 sec | 0 thr |  0.054 MB/s
    |    sfile1                          0.004 MB | 0.051 sec | 0 thr |  0.075 MB/s
    |    sfile10                         0.004 MB | 0.047 sec | 0 thr |  0.081 MB/s
    |    sfile11                         0.004 MB | 0.040 sec | 0 thr |  0.095 MB/s
    |    sfile12                         0.004 MB | 0.053 sec | 0 thr |  0.072 MB/s
    |    sfile13                         0.004 MB | 0.042 sec | 0 thr |  0.091 MB/s
    |    sfile14                         0.004 MB | 0.036 sec | 0 thr |  0.107 MB/s
    |    sfile15                         0.004 MB | 0.032 sec | 0 thr |  0.120 MB/s
    |    sfile16                         0.004 MB | 0.033 sec | 0 thr |  0.116 MB/s
    |    sfile17                         0.004 MB | 0.050 sec | 0 thr |  0.077 MB/s
    |    sfile18                         0.004 MB | 0.053 sec | 0 thr |  0.072 MB/s
    |    sfile19                         0.004 MB | 0.041 sec | 0 thr |  0.094 MB/s
    |    sfile2                          0.004 MB | 0.040 sec | 0 thr |  0.095 MB/s
    |    sfile3                          0.004 MB | 0.029 sec | 0 thr |  0.133 MB/s
    |    sfile4                          0.004 MB | 0.021 sec | 0 thr |  0.186 MB/s
    |    sfile5                          0.004 MB | 0.020 sec | 0 thr |  0.192 MB/s
    |    sfile6                          0.004 MB | 0.019 sec | 0 thr |  0.197 MB/s
    |    sfile7                          0.004 MB | 0.018 sec | 0 thr |  0.214 MB/s
    |    sfile8                          0.004 MB | 0.018 sec | 0 thr |  0.209 MB/s
    |    sfile9                          0.004 MB | 0.017 sec | 0 thr |  0.220 MB/s
    |    foo1                            0.008 MB | 0.016 sec | 0 thr |  0.485 MB/s
    |    foo2                            0.004 MB | 0.016 sec | 0 thr |  0.242 MB/s
  stderr:
    | 
Output found

 --- IrodsSession: icommand executed by [otherrods#tempZone] [irm -rf /tempZone/home/otherrods/2024-08-05Z21:35:12--irods-testing-4ch_chc1/icmdtestx1.tar.bz2] --- 
Assert Command: irm -rf /tempZone/home/otherrods/2024-08-05Z21:35:12--irods-testing-4ch_chc1/icmdtestx1.tar.bz2
Expecting EMPTY: ['']
  stdout:
    | 
  stderr:
    | 
Output found

 --- IrodsSession: icommand executed by [otherrods#tempZone] [irm -rf /tempZone/home/otherrods/2024-08-05Z21:35:12--irods-testing-4ch_chc1/icmdtestbz2] --- 
Assert Command: irm -rf /tempZone/home/otherrods/2024-08-05Z21:35:12--irods-testing-4ch_chc1/icmdtestbz2
Expecting EMPTY: ['']
  stdout:
    | 
  stderr:
    | 
Output found

run_resource_teardown - BEGIN
 --- IrodsSession: icommand executed by [otherrods#tempZone] [icd] --- 
 --- IrodsSession: icommand executed by [otherrods#tempZone] [irm testfile.txt ../public/testfile.txt] --- 
 --- IrodsSession: icommand executed by [otherrods#tempZone] [irm -rf ../../bundle] --- 
 --- IrodsSession: icommand executed by [rods#tempZone] [iinit] --- 
Assert Command: iinit
Expecting STDOUT_SINGLELINE: ['']
  stdout:
    | WARNING: Error 25 disabling echo mode. Password will be displayed in plaintext.
    | Enter your current iRODS password:
  stderr:
    | 
Output found

 --- IrodsSession: icommand executed by [otherrods#tempZone] [icd] --- 
Assert Command: icd
Expecting EMPTY: ['']
  stdout:
    | 
  stderr:
    | 
Output found

 --- IrodsSession: icommand executed by [otherrods#tempZone] [irm -rf /tempZone/home/otherrods/2024-08-05Z21:35:12--irods-testing-4ch_chc1] --- 
Assert Command: irm -rf /tempZone/home/otherrods/2024-08-05Z21:35:12--irods-testing-4ch_chc1
Expecting EMPTY: ['']
  stdout:
    | 
  stderr:
    | 
Output found

 --- IrodsSession: icommand executed by [otherrods#tempZone] [irmtrash] --- 
Assert Command: irmtrash
Expecting EMPTY: ['']
  stdout:
    | 
  stderr:
    | 
Output found

 --- IrodsSession: icommand executed by [rods#tempZone] [iadmin rmuser otherrods] --- 
Assert Command: iadmin rmuser otherrods
Expecting EMPTY: ['']
  stdout:
    | 
  stderr:
    | 
Output found

 --- IrodsSession: icommand executed by [alice#tempZone] [icd] --- 
Assert Command: icd
Expecting EMPTY: ['']
  stdout:
    | 
  stderr:
    | 
Output found

 --- IrodsSession: icommand executed by [alice#tempZone] [irm -rf /tempZone/home/alice/2024-08-05Z21:35:14--irods-testing-oml69usz] --- 
Assert Command: irm -rf /tempZone/home/alice/2024-08-05Z21:35:14--irods-testing-oml69usz
Expecting EMPTY: ['']
  stdout:
    | 
  stderr:
    | 
Output found

 --- IrodsSession: icommand executed by [alice#tempZone] [irmtrash] --- 
Assert Command: irmtrash
Expecting EMPTY: ['']
  stdout:
    | 
  stderr:
    | 
Output found

 --- IrodsSession: icommand executed by [rods#tempZone] [iadmin rmuser alice] --- 
Assert Command: iadmin rmuser alice
Expecting EMPTY: ['']
  stdout:
    | 
  stderr:
    | 
Output found

 --- IrodsSession: icommand executed by [bobby#tempZone] [icd] --- 
Assert Command: icd
Expecting EMPTY: ['']
  stdout:
    | 
  stderr:
    | 
Output found

 --- IrodsSession: icommand executed by [bobby#tempZone] [irm -rf /tempZone/home/bobby/2024-08-05Z21:35:15--irods-testing-7fjignat] --- 
Assert Command: irm -rf /tempZone/home/bobby/2024-08-05Z21:35:15--irods-testing-7fjignat
Expecting EMPTY: ['']
  stdout:
    | 
  stderr:
    | 
Output found

 --- IrodsSession: icommand executed by [bobby#tempZone] [irmtrash] --- 
Assert Command: irmtrash
Expecting EMPTY: ['']
  stdout:
    | 
  stderr:
    | 
Output found

 --- IrodsSession: icommand executed by [rods#tempZone] [iadmin rmuser bobby] --- 
Assert Command: iadmin rmuser bobby
Expecting EMPTY: ['']
  stdout:
    | 
  stderr:
    | 
Output found

 --- IrodsSession: icommand executed by [rods#tempZone] [iinit] --- 
Assert Command: iinit
Expecting STDOUT_SINGLELINE: ['']
  stdout:
    | WARNING: Error 25 disabling echo mode. Password will be displayed in plaintext.
    | Enter your current iRODS password:
  stderr:
    | 
Output found

 --- IrodsSession: icommand executed by [rods#tempZone] [irmtrash -M] --- 
 --- IrodsSession: icommand executed by [rods#tempZone] [iadmin rmresc TestResc] --- 
 --- IrodsSession: icommand executed by [rods#tempZone] [iadmin rmresc AnotherResc] --- 
run_resource_teardown - END
 --- IrodsSession: icommand executed by [rods#tempZone] [iinit] --- 
Assert Command: iinit
Expecting STDOUT_SINGLELINE: ['']
  stdout:
    | WARNING: Error 25 disabling echo mode. Password will be displayed in plaintext.
    | Enter your current iRODS password:
  stderr:
    | 
Output found

 --- IrodsSession: icommand executed by [rods#tempZone] [iadmin rmresc demoResc] --- 
Assert Command: iadmin rmresc demoResc
Expecting EMPTY: ['']
  stdout:
    | 
  stderr:
    | 
Output found

 --- IrodsSession: icommand executed by [rods#tempZone] [iadmin modresc origResc name demoResc] --- 
Assert Command: iadmin modresc origResc name demoResc
Expecting STDOUT_SINGLELINE: ['rename']
  stdout:
    | If you modify a resource name, you and other users will need to
    | change your irods_environment.json files to use it, you may need to update
    | server_config.json and, if rules use the resource name, you'll need to
    | update the core rules (core.re).  This command will update various
    | tables with the new name.
    | Do you really want to modify the resource name? (enter y or yes to do so):OK, performing the resource rename
  stderr:
    | 
Output found

]]></system-out>
	</testcase>
	<testcase classname="irods.test.test_resource_types.Test_Resource_Unixfilesystem" name="test_iput_with_purgec" time="13.084" timestamp="2024-08-05T21:35:59" file="scripts/irods/test/test_resource_types.py" line="693">
		<system-out><![CDATA[ --- IrodsSession: icommand executed by [rods#tempZone] [iinit] --- 
Assert Command: iinit
Expecting STDOUT_SINGLELINE: ['']
  stdout:
    | WARNING: Error 25 disabling echo mode. Password will be displayed in plaintext.
    | Enter your current iRODS password:
  stderr:
    | 
Output found

 --- IrodsSession: icommand executed by [rods#tempZone] [iadmin modresc demoResc name origResc] --- 
Assert Command: iadmin modresc demoResc name origResc
Expecting STDOUT_SINGLELINE: ['rename']
  stdout:
    | If you modify a resource name, you and other users will need to
    | change your irods_environment.json files to use it, you may need to update
    | server_config.json and, if rules use the resource name, you'll need to
    | update the core rules (core.re).  This command will update various
    | tables with the new name.
    | Do you really want to modify the resource name? (enter y or yes to do so):OK, performing the resource rename
  stderr:
    | 
Output found

 --- IrodsSession: icommand executed by [rods#tempZone] [iadmin mkresc demoResc 'unixfilesystem' d7680432ccfd:/var/lib/irods/demoRescVault] --- 
Assert Command: iadmin mkresc demoResc 'unixfilesystem' d7680432ccfd:/var/lib/irods/demoRescVault
Expecting STDOUT_SINGLELINE: ['unixfilesystem']
  stdout:
    | Creating resource:
    | Name:		"demoResc"
    | Type:		"unixfilesystem"
    | Host:		"d7680432ccfd"
    | Path:		"/var/lib/irods/demoRescVault"
    | Context:	""
  stderr:
    | 
Output found

 --- IrodsSession: icommand executed by [rods#tempZone] [iinit] --- 
Assert Command: iinit
Expecting STDOUT_SINGLELINE: ['']
  stdout:
    | WARNING: Error 25 disabling echo mode. Password will be displayed in plaintext.
    | Enter your current iRODS password:
  stderr:
    | 
Output found

 --- IrodsSession: icommand executed by [rods#tempZone] [iinit] --- 
Assert Command: iinit
Expecting STDOUT_SINGLELINE: ['']
  stdout:
    | WARNING: Error 25 disabling echo mode. Password will be displayed in plaintext.
    | Enter your current iRODS password:
  stderr:
    | 
Output found

 --- IrodsSession: icommand executed by [rods#tempZone] [iadmin mkuser otherrods rodsadmin] --- 
Assert Command: iadmin mkuser otherrods rodsadmin
Expecting EMPTY: ['']
  stdout:
    | 
  stderr:
    | 
Output found

 --- IrodsSession: icommand executed by [rods#tempZone] [iadmin moduser otherrods password rods] --- 
Assert Command: iadmin moduser otherrods password rods
Expecting EMPTY: ['']
  stdout:
    | 
  stderr:
    | 
Output found

 --- IrodsSession: icommand executed by [otherrods#tempZone] [iinit] --- 
Assert Command: iinit
Expecting STDOUT_SINGLELINE: ['']
  stdout:
    | WARNING: Error 25 disabling echo mode. Password will be displayed in plaintext.
    | Enter your current iRODS password:
  stderr:
    | 
Output found

 --- IrodsSession: icommand executed by [otherrods#tempZone] [imkdir /tempZone/home/otherrods/2024-08-05Z21:35:47--irods-testing-lqfo9wos] --- 
Assert Command: imkdir /tempZone/home/otherrods/2024-08-05Z21:35:47--irods-testing-lqfo9wos
Expecting EMPTY: ['']
  stdout:
    | 
  stderr:
    | 
Output found

 --- IrodsSession: icommand executed by [otherrods#tempZone] [icd /tempZone/home/otherrods/2024-08-05Z21:35:47--irods-testing-lqfo9wos] --- 
Assert Command: icd /tempZone/home/otherrods/2024-08-05Z21:35:47--irods-testing-lqfo9wos
Expecting EMPTY: ['']
  stdout:
    | 
  stderr:
    | 
Output found

 --- IrodsSession: icommand executed by [rods#tempZone] [iinit] --- 
Assert Command: iinit
Expecting STDOUT_SINGLELINE: ['']
  stdout:
    | WARNING: Error 25 disabling echo mode. Password will be displayed in plaintext.
    | Enter your current iRODS password:
  stderr:
    | 
Output found

 --- IrodsSession: icommand executed by [rods#tempZone] [iadmin mkuser alice rodsuser] --- 
Assert Command: iadmin mkuser alice rodsuser
Expecting EMPTY: ['']
  stdout:
    | 
  stderr:
    | 
Output found

 --- IrodsSession: icommand executed by [rods#tempZone] [iadmin moduser alice password apass] --- 
Assert Command: iadmin moduser alice password apass
Expecting EMPTY: ['']
  stdout:
    | 
  stderr:
    | 
Output found

 --- IrodsSession: icommand executed by [alice#tempZone] [iinit] --- 
Assert Command: iinit
Expecting STDOUT_SINGLELINE: ['']
  stdout:
    | WARNING: Error 25 disabling echo mode. Password will be displayed in plaintext.
    | Enter your current iRODS password:
  stderr:
    | 
Output found

 --- IrodsSession: icommand executed by [alice#tempZone] [imkdir /tempZone/home/alice/2024-08-05Z21:35:48--irods-testing-n8zzmrhp] --- 
Assert Command: imkdir /tempZone/home/alice/2024-08-05Z21:35:48--irods-testing-n8zzmrhp
Expecting EMPTY: ['']
  stdout:
    | 
  stderr:
    | 
Output found

 --- IrodsSession: icommand executed by [alice#tempZone] [icd /tempZone/home/alice/2024-08-05Z21:35:48--irods-testing-n8zzmrhp] --- 
Assert Command: icd /tempZone/home/alice/2024-08-05Z21:35:48--irods-testing-n8zzmrhp
Expecting EMPTY: ['']
  stdout:
    | 
  stderr:
    | 
Output found

 --- IrodsSession: icommand executed by [rods#tempZone] [iinit] --- 
Assert Command: iinit
Expecting STDOUT_SINGLELINE: ['']
  stdout:
    | WARNING: Error 25 disabling echo mode. Password will be displayed in plaintext.
    | Enter your current iRODS password:
  stderr:
    | 
Output found

 --- IrodsSession: icommand executed by [rods#tempZone] [iadmin mkuser bobby rodsuser] --- 
Assert Command: iadmin mkuser bobby rodsuser
Expecting EMPTY: ['']
  stdout:
    | 
  stderr:
    | 
Output found

 --- IrodsSession: icommand executed by [rods#tempZone] [iadmin moduser bobby password bpass] --- 
Assert Command: iadmin moduser bobby password bpass
Expecting EMPTY: ['']
  stdout:
    | 
  stderr:
    | 
Output found

 --- IrodsSession: icommand executed by [bobby#tempZone] [iinit] --- 
Assert Command: iinit
Expecting STDOUT_SINGLELINE: ['']
  stdout:
    | WARNING: Error 25 disabling echo mode. Password will be displayed in plaintext.
    | Enter your current iRODS password:
  stderr:
    | 
Output found

 --- IrodsSession: icommand executed by [bobby#tempZone] [imkdir /tempZone/home/bobby/2024-08-05Z21:35:50--irods-testing-uxyrw6h5] --- 
Assert Command: imkdir /tempZone/home/bobby/2024-08-05Z21:35:50--irods-testing-uxyrw6h5
Expecting EMPTY: ['']
  stdout:
    | 
  stderr:
    | 
Output found

 --- IrodsSession: icommand executed by [bobby#tempZone] [icd /tempZone/home/bobby/2024-08-05Z21:35:50--irods-testing-uxyrw6h5] --- 
Assert Command: icd /tempZone/home/bobby/2024-08-05Z21:35:50--irods-testing-uxyrw6h5
Expecting EMPTY: ['']
  stdout:
    | 
  stderr:
    | 
Output found

run_resource_setup - BEGIN
 --- IrodsSession: icommand executed by [otherrods#tempZone] [iadmin mkresc TestResc unixfilesystem d7680432ccfd:/tmp/irods/TestResc] --- 
Assert Command: iadmin mkresc TestResc unixfilesystem d7680432ccfd:/tmp/irods/TestResc
Expecting STDOUT_SINGLELINE: ['unixfilesystem']
  stdout:
    | Creating resource:
    | Name:		"TestResc"
    | Type:		"unixfilesystem"
    | Host:		"d7680432ccfd"
    | Path:		"/tmp/irods/TestResc"
    | Context:	""
  stderr:
    | 
Output found

 --- IrodsSession: icommand executed by [otherrods#tempZone] [iadmin mkresc AnotherResc unixfilesystem d7680432ccfd:/tmp/irods/AnotherResc] --- 
Assert Command: iadmin mkresc AnotherResc unixfilesystem d7680432ccfd:/tmp/irods/AnotherResc
Expecting STDOUT_SINGLELINE: ['unixfilesystem']
  stdout:
    | Creating resource:
    | Name:		"AnotherResc"
    | Type:		"unixfilesystem"
    | Host:		"d7680432ccfd"
    | Path:		"/tmp/irods/AnotherResc"
    | Context:	""
  stderr:
    | 
Output found

 --- IrodsSession: icommand executed by [otherrods#tempZone] [imkdir testdir] --- 
Assert Command: imkdir testdir
Expecting EMPTY: ['']
  stdout:
    | 
  stderr:
    | 
Output found

 --- IrodsSession: icommand executed by [otherrods#tempZone] [iput testfile.txt] --- 
Assert Command: iput testfile.txt
Expecting EMPTY: ['']
  stdout:
    | 
  stderr:
    | 
Output found

 --- IrodsSession: icommand executed by [otherrods#tempZone] [icp testfile.txt ../../public/] --- 
Assert Command: icp testfile.txt ../../public/
Expecting EMPTY: ['']
  stdout:
    | 
  stderr:
    | 
Output found

 --- IrodsSession: icommand executed by [otherrods#tempZone] [ichmod read alice ../../public/testfile.txt] --- 
Assert Command: ichmod read alice ../../public/testfile.txt
Expecting EMPTY: ['']
  stdout:
    | 
  stderr:
    | 
Output found

 --- IrodsSession: icommand executed by [otherrods#tempZone] [ichmod write bobby ../../public/testfile.txt] --- 
Assert Command: ichmod write bobby ../../public/testfile.txt
Expecting EMPTY: ['']
  stdout:
    | 
  stderr:
    | 
Output found

run_resource_setup - END
 --- IrodsSession: icommand executed by [otherrods#tempZone] [ils -L purgecfile.txt] --- 
Assert Command: ils -L purgecfile.txt
Expecting STDERR_SINGLELINE: ['does not exist']
  stdout:
    | 
  stderr:
    | remote addresses: 10.201.24.5 ERROR: lsUtil: srcPath /tempZone/home/otherrods/2024-08-05Z21:35:47--irods-testing-lqfo9wos/purgecfile.txt does not exist or user lacks access permission
Output found

 --- IrodsSession: icommand executed by [otherrods#tempZone] [iput --purgec purgecfile.txt] --- 
Assert Command: iput --purgec purgecfile.txt
Expecting STDOUT: ['Specifying a minimum number of replicas to keep is deprecated.']
  stdout:
    | Level 0: Specifying a minimum number of replicas to keep is deprecated.
  stderr:
    | 
Output found

 --- IrodsSession: icommand executed by [otherrods#tempZone] [ils -L purgecfile.txt] --- 
Assert Command: ils -L purgecfile.txt
Expecting STDOUT_SINGLELINE: [' 0 ', 'purgecfile.txt']
  stdout:
    |   otherrods         0 demoResc           43 2024-08-05.21:35 & purgecfile.txt
    |         generic    /var/lib/irods/demoRescVault/home/otherrods/2024-08-05Z21:35:47--irods-testing-lqfo9wos/purgecfile.txt
  stderr:
    | 
Output found

 --- IrodsSession: icommand executed by [otherrods#tempZone] [ils -L purgecfile.txt] --- 
Assert FAIL Command: ils -L purgecfile.txt
Expecting STDOUT_SINGLELINE: [' 1 ', 'purgecfile.txt']
  stdout:
    |   otherrods         0 demoResc           43 2024-08-05.21:35 & purgecfile.txt
    |         generic    /var/lib/irods/demoRescVault/home/otherrods/2024-08-05Z21:35:47--irods-testing-lqfo9wos/purgecfile.txt
  stderr:
    | 
Output not found

 --- IrodsSession: icommand executed by [otherrods#tempZone] [ils -L purgecfile.txt] --- 
Assert FAIL Command: ils -L purgecfile.txt
Expecting STDOUT_SINGLELINE: [' 2 ', 'purgecfile.txt']
  stdout:
    |   otherrods         0 demoResc           43 2024-08-05.21:35 & purgecfile.txt
    |         generic    /var/lib/irods/demoRescVault/home/otherrods/2024-08-05Z21:35:47--irods-testing-lqfo9wos/purgecfile.txt
  stderr:
    | 
Output not found

 --- IrodsSession: icommand executed by [otherrods#tempZone] [irm -f purgecfile.txt] --- 
Assert Command: irm -f purgecfile.txt
Expecting EMPTY: ['']
  stdout:
    | 
  stderr:
    | 
Output found

 --- IrodsSession: icommand executed by [otherrods#tempZone] [ils -L purgecfile.txt] --- 
Assert Command: ils -L purgecfile.txt
Expecting STDERR_SINGLELINE: ['does not exist']
  stdout:
    | 
  stderr:
    | remote addresses: 10.201.24.5 ERROR: lsUtil: srcPath /tempZone/home/otherrods/2024-08-05Z21:35:47--irods-testing-lqfo9wos/purgecfile.txt does not exist or user lacks access permission
Output found

 --- IrodsSession: icommand executed by [otherrods#tempZone] [iput -b --purgec purgecfile.txt] --- 
Assert Command: iput -b --purgec purgecfile.txt
Expecting STDOUT: ['Specifying a minimum number of replicas to keep is deprecated.']
  stdout:
    | Level 0: Specifying a minimum number of replicas to keep is deprecated.
  stderr:
    | 
Output found

 --- IrodsSession: icommand executed by [otherrods#tempZone] [ils -L purgecfile.txt] --- 
Assert Command: ils -L purgecfile.txt
Expecting STDOUT_SINGLELINE: [' 0 ', 'purgecfile.txt']
  stdout:
    |   otherrods         0 demoResc           43 2024-08-05.21:35 & purgecfile.txt
    |         generic    /var/lib/irods/demoRescVault/home/otherrods/2024-08-05Z21:35:47--irods-testing-lqfo9wos/purgecfile.txt
  stderr:
    | 
Output found

 --- IrodsSession: icommand executed by [otherrods#tempZone] [ils -L purgecfile.txt] --- 
Assert FAIL Command: ils -L purgecfile.txt
Expecting STDOUT_SINGLELINE: [' 1 ', 'purgecfile.txt']
  stdout:
    |   otherrods         0 demoResc           43 2024-08-05.21:35 & purgecfile.txt
    |         generic    /var/lib/irods/demoRescVault/home/otherrods/2024-08-05Z21:35:47--irods-testing-lqfo9wos/purgecfile.txt
  stderr:
    | 
Output not found

 --- IrodsSession: icommand executed by [otherrods#tempZone] [ils -L purgecfile.txt] --- 
Assert FAIL Command: ils -L purgecfile.txt
Expecting STDOUT_SINGLELINE: [' 2 ', 'purgecfile.txt']
  stdout:
    |   otherrods         0 demoResc           43 2024-08-05.21:35 & purgecfile.txt
    |         generic    /var/lib/irods/demoRescVault/home/otherrods/2024-08-05Z21:35:47--irods-testing-lqfo9wos/purgecfile.txt
  stderr:
    | 
Output not found

run_resource_teardown - BEGIN
 --- IrodsSession: icommand executed by [otherrods#tempZone] [icd] --- 
 --- IrodsSession: icommand executed by [otherrods#tempZone] [irm testfile.txt ../public/testfile.txt] --- 
 --- IrodsSession: icommand executed by [otherrods#tempZone] [irm -rf ../../bundle] --- 
 --- IrodsSession: icommand executed by [rods#tempZone] [iinit] --- 
Assert Command: iinit
Expecting STDOUT_SINGLELINE: ['']
  stdout:
    | WARNING: Error 25 disabling echo mode. Password will be displayed in plaintext.
    | Enter your current iRODS password:
  stderr:
    | 
Output found

 --- IrodsSession: icommand executed by [otherrods#tempZone] [icd] --- 
Assert Command: icd
Expecting EMPTY: ['']
  stdout:
    | 
  stderr:
    | 
Output found

 --- IrodsSession: icommand executed by [otherrods#tempZone] [irm -rf /tempZone/home/otherrods/2024-08-05Z21:35:47--irods-testing-lqfo9wos] --- 
Assert Command: irm -rf /tempZone/home/otherrods/2024-08-05Z21:35:47--irods-testing-lqfo9wos
Expecting EMPTY: ['']
  stdout:
    | 
  stderr:
    | 
Output found

 --- IrodsSession: icommand executed by [otherrods#tempZone] [irmtrash] --- 
Assert Command: irmtrash
Expecting EMPTY: ['']
  stdout:
    | 
  stderr:
    | 
Output found

 --- IrodsSession: icommand executed by [rods#tempZone] [iadmin rmuser otherrods] --- 
Assert Command: iadmin rmuser otherrods
Expecting EMPTY: ['']
  stdout:
    | 
  stderr:
    | 
Output found

 --- IrodsSession: icommand executed by [alice#tempZone] [icd] --- 
Assert Command: icd
Expecting EMPTY: ['']
  stdout:
    | 
  stderr:
    | 
Output found

 --- IrodsSession: icommand executed by [alice#tempZone] [irm -rf /tempZone/home/alice/2024-08-05Z21:35:48--irods-testing-n8zzmrhp] --- 
Assert Command: irm -rf /tempZone/home/alice/2024-08-05Z21:35:48--irods-testing-n8zzmrhp
Expecting EMPTY: ['']
  stdout:
    | 
  stderr:
    | 
Output found

 --- IrodsSession: icommand executed by [alice#tempZone] [irmtrash] --- 
Assert Command: irmtrash
Expecting EMPTY: ['']
  stdout:
    | 
  stderr:
    | 
Output found

 --- IrodsSession: icommand executed by [rods#tempZone] [iadmin rmuser alice] --- 
Assert Command: iadmin rmuser alice
Expecting EMPTY: ['']
  stdout:
    | 
  stderr:
    | 
Output found

 --- IrodsSession: icommand executed by [bobby#tempZone] [icd] --- 
Assert Command: icd
Expecting EMPTY: ['']
  stdout:
    | 
  stderr:
    | 
Output found

 --- IrodsSession: icommand executed by [bobby#tempZone] [irm -rf /tempZone/home/bobby/2024-08-05Z21:35:50--irods-testing-uxyrw6h5] --- 
Assert Command: irm -rf /tempZone/home/bobby/2024-08-05Z21:35:50--irods-testing-uxyrw6h5
Expecting EMPTY: ['']
  stdout:
    | 
  stderr:
    | 
Output found

 --- IrodsSession: icommand executed by [bobby#tempZone] [irmtrash] --- 
Assert Command: irmtrash
Expecting EMPTY: ['']
  stdout:
    | 
  stderr:
    | 
Output found

 --- IrodsSession: icommand executed by [rods#tempZone] [iadmin rmuser bobby] --- 
Assert Command: iadmin rmuser bobby
Expecting EMPTY: ['']
  stdout:
    | 
  stderr:
    | 
Output found

 --- IrodsSession: icommand executed by [rods#tempZone] [iinit] --- 
Assert Command: iinit
Expecting STDOUT_SINGLELINE: ['']
  stdout:
    | WARNING: Error 25 disabling echo mode. Password will be displayed in plaintext.
    | Enter your current iRODS password:
  stderr:
    | 
Output found

 --- IrodsSession: icommand executed by [rods#tempZone] [irmtrash -M] --- 
 --- IrodsSession: icommand executed by [rods#tempZone] [iadmin rmresc TestResc] --- 
 --- IrodsSession: icommand executed by [rods#tempZone] [iadmin rmresc AnotherResc] --- 
run_resource_teardown - END
 --- IrodsSession: icommand executed by [rods#tempZone] [iinit] --- 
Assert Command: iinit
Expecting STDOUT_SINGLELINE: ['']
  stdout:
    | WARNING: Error 25 disabling echo mode. Password will be displayed in plaintext.
    | Enter your current iRODS password:
  stderr:
    | 
Output found

 --- IrodsSession: icommand executed by [rods#tempZone] [iadmin rmresc demoResc] --- 
Assert Command: iadmin rmresc demoResc
Expecting EMPTY: ['']
  stdout:
    | 
  stderr:
    | 
Output found

 --- IrodsSession: icommand executed by [rods#tempZone] [iadmin modresc origResc name demoResc] --- 
Assert Command: iadmin modresc origResc name demoResc
Expecting STDOUT_SINGLELINE: ['rename']
  stdout:
    | If you modify a resource name, you and other users will need to
    | change your irods_environment.json files to use it, you may need to update
    | server_config.json and, if rules use the resource name, you'll need to
    | update the core rules (core.re).  This command will update various
    | tables with the new name.
    | Do you really want to modify the resource name? (enter y or yes to do so):OK, performing the resource rename
  stderr:
    | 
Output found

]]></system-out>
	</testcase>
	<testcase classname="irods.test.test_resource_types.Test_Resource_Unixfilesystem" name="test_ireg_from_devtest" time="13.719" timestamp="2024-08-05T21:36:13" file="scripts/irods/test/test_resource_types.py" line="257">
		<system-out><![CDATA[ --- IrodsSession: icommand executed by [rods#tempZone] [iinit] --- 
Assert Command: iinit
Expecting STDOUT_SINGLELINE: ['']
  stdout:
    | WARNING: Error 25 disabling echo mode. Password will be displayed in plaintext.
    | Enter your current iRODS password:
  stderr:
    | 
Output found

 --- IrodsSession: icommand executed by [rods#tempZone] [iadmin modresc demoResc name origResc] --- 
Assert Command: iadmin modresc demoResc name origResc
Expecting STDOUT_SINGLELINE: ['rename']
  stdout:
    | If you modify a resource name, you and other users will need to
    | change your irods_environment.json files to use it, you may need to update
    | server_config.json and, if rules use the resource name, you'll need to
    | update the core rules (core.re).  This command will update various
    | tables with the new name.
    | Do you really want to modify the resource name? (enter y or yes to do so):OK, performing the resource rename
  stderr:
    | 
Output found

 --- IrodsSession: icommand executed by [rods#tempZone] [iadmin mkresc demoResc 'unixfilesystem' d7680432ccfd:/var/lib/irods/demoRescVault] --- 
Assert Command: iadmin mkresc demoResc 'unixfilesystem' d7680432ccfd:/var/lib/irods/demoRescVault
Expecting STDOUT_SINGLELINE: ['unixfilesystem']
  stdout:
    | Creating resource:
    | Name:		"demoResc"
    | Type:		"unixfilesystem"
    | Host:		"d7680432ccfd"
    | Path:		"/var/lib/irods/demoRescVault"
    | Context:	""
  stderr:
    | 
Output found

 --- IrodsSession: icommand executed by [rods#tempZone] [iinit] --- 
Assert Command: iinit
Expecting STDOUT_SINGLELINE: ['']
  stdout:
    | WARNING: Error 25 disabling echo mode. Password will be displayed in plaintext.
    | Enter your current iRODS password:
  stderr:
    | 
Output found

 --- IrodsSession: icommand executed by [rods#tempZone] [iinit] --- 
Assert Command: iinit
Expecting STDOUT_SINGLELINE: ['']
  stdout:
    | WARNING: Error 25 disabling echo mode. Password will be displayed in plaintext.
    | Enter your current iRODS password:
  stderr:
    | 
Output found

 --- IrodsSession: icommand executed by [rods#tempZone] [iadmin mkuser otherrods rodsadmin] --- 
Assert Command: iadmin mkuser otherrods rodsadmin
Expecting EMPTY: ['']
  stdout:
    | 
  stderr:
    | 
Output found

 --- IrodsSession: icommand executed by [rods#tempZone] [iadmin moduser otherrods password rods] --- 
Assert Command: iadmin moduser otherrods password rods
Expecting EMPTY: ['']
  stdout:
    | 
  stderr:
    | 
Output found

 --- IrodsSession: icommand executed by [otherrods#tempZone] [iinit] --- 
Assert Command: iinit
Expecting STDOUT_SINGLELINE: ['']
  stdout:
    | WARNING: Error 25 disabling echo mode. Password will be displayed in plaintext.
    | Enter your current iRODS password:
  stderr:
    | 
Output found

 --- IrodsSession: icommand executed by [otherrods#tempZone] [imkdir /tempZone/home/otherrods/2024-08-05Z21:36:00--irods-testing-60f6h_u2] --- 
Assert Command: imkdir /tempZone/home/otherrods/2024-08-05Z21:36:00--irods-testing-60f6h_u2
Expecting EMPTY: ['']
  stdout:
    | 
  stderr:
    | 
Output found

 --- IrodsSession: icommand executed by [otherrods#tempZone] [icd /tempZone/home/otherrods/2024-08-05Z21:36:00--irods-testing-60f6h_u2] --- 
Assert Command: icd /tempZone/home/otherrods/2024-08-05Z21:36:00--irods-testing-60f6h_u2
Expecting EMPTY: ['']
  stdout:
    | 
  stderr:
    | 
Output found

 --- IrodsSession: icommand executed by [rods#tempZone] [iinit] --- 
Assert Command: iinit
Expecting STDOUT_SINGLELINE: ['']
  stdout:
    | WARNING: Error 25 disabling echo mode. Password will be displayed in plaintext.
    | Enter your current iRODS password:
  stderr:
    | 
Output found

 --- IrodsSession: icommand executed by [rods#tempZone] [iadmin mkuser alice rodsuser] --- 
Assert Command: iadmin mkuser alice rodsuser
Expecting EMPTY: ['']
  stdout:
    | 
  stderr:
    | 
Output found

 --- IrodsSession: icommand executed by [rods#tempZone] [iadmin moduser alice password apass] --- 
Assert Command: iadmin moduser alice password apass
Expecting EMPTY: ['']
  stdout:
    | 
  stderr:
    | 
Output found

 --- IrodsSession: icommand executed by [alice#tempZone] [iinit] --- 
Assert Command: iinit
Expecting STDOUT_SINGLELINE: ['']
  stdout:
    | WARNING: Error 25 disabling echo mode. Password will be displayed in plaintext.
    | Enter your current iRODS password:
  stderr:
    | 
Output found

 --- IrodsSession: icommand executed by [alice#tempZone] [imkdir /tempZone/home/alice/2024-08-05Z21:36:02--irods-testing-pjvmbm_f] --- 
Assert Command: imkdir /tempZone/home/alice/2024-08-05Z21:36:02--irods-testing-pjvmbm_f
Expecting EMPTY: ['']
  stdout:
    | 
  stderr:
    | 
Output found

 --- IrodsSession: icommand executed by [alice#tempZone] [icd /tempZone/home/alice/2024-08-05Z21:36:02--irods-testing-pjvmbm_f] --- 
Assert Command: icd /tempZone/home/alice/2024-08-05Z21:36:02--irods-testing-pjvmbm_f
Expecting EMPTY: ['']
  stdout:
    | 
  stderr:
    | 
Output found

 --- IrodsSession: icommand executed by [rods#tempZone] [iinit] --- 
Assert Command: iinit
Expecting STDOUT_SINGLELINE: ['']
  stdout:
    | WARNING: Error 25 disabling echo mode. Password will be displayed in plaintext.
    | Enter your current iRODS password:
  stderr:
    | 
Output found

 --- IrodsSession: icommand executed by [rods#tempZone] [iadmin mkuser bobby rodsuser] --- 
Assert Command: iadmin mkuser bobby rodsuser
Expecting EMPTY: ['']
  stdout:
    | 
  stderr:
    | 
Output found

 --- IrodsSession: icommand executed by [rods#tempZone] [iadmin moduser bobby password bpass] --- 
Assert Command: iadmin moduser bobby password bpass
Expecting EMPTY: ['']
  stdout:
    | 
  stderr:
    | 
Output found

 --- IrodsSession: icommand executed by [bobby#tempZone] [iinit] --- 
Assert Command: iinit
Expecting STDOUT_SINGLELINE: ['']
  stdout:
    | WARNING: Error 25 disabling echo mode. Password will be displayed in plaintext.
    | Enter your current iRODS password:
  stderr:
    | 
Output found

 --- IrodsSession: icommand executed by [bobby#tempZone] [imkdir /tempZone/home/bobby/2024-08-05Z21:36:03--irods-testing-eju9ysq1] --- 
Assert Command: imkdir /tempZone/home/bobby/2024-08-05Z21:36:03--irods-testing-eju9ysq1
Expecting EMPTY: ['']
  stdout:
    | 
  stderr:
    | 
Output found

 --- IrodsSession: icommand executed by [bobby#tempZone] [icd /tempZone/home/bobby/2024-08-05Z21:36:03--irods-testing-eju9ysq1] --- 
Assert Command: icd /tempZone/home/bobby/2024-08-05Z21:36:03--irods-testing-eju9ysq1
Expecting EMPTY: ['']
  stdout:
    | 
  stderr:
    | 
Output found

run_resource_setup - BEGIN
 --- IrodsSession: icommand executed by [otherrods#tempZone] [iadmin mkresc TestResc unixfilesystem d7680432ccfd:/tmp/irods/TestResc] --- 
Assert Command: iadmin mkresc TestResc unixfilesystem d7680432ccfd:/tmp/irods/TestResc
Expecting STDOUT_SINGLELINE: ['unixfilesystem']
  stdout:
    | Creating resource:
    | Name:		"TestResc"
    | Type:		"unixfilesystem"
    | Host:		"d7680432ccfd"
    | Path:		"/tmp/irods/TestResc"
    | Context:	""
  stderr:
    | 
Output found

 --- IrodsSession: icommand executed by [otherrods#tempZone] [iadmin mkresc AnotherResc unixfilesystem d7680432ccfd:/tmp/irods/AnotherResc] --- 
Assert Command: iadmin mkresc AnotherResc unixfilesystem d7680432ccfd:/tmp/irods/AnotherResc
Expecting STDOUT_SINGLELINE: ['unixfilesystem']
  stdout:
    | Creating resource:
    | Name:		"AnotherResc"
    | Type:		"unixfilesystem"
    | Host:		"d7680432ccfd"
    | Path:		"/tmp/irods/AnotherResc"
    | Context:	""
  stderr:
    | 
Output found

 --- IrodsSession: icommand executed by [otherrods#tempZone] [imkdir testdir] --- 
Assert Command: imkdir testdir
Expecting EMPTY: ['']
  stdout:
    | 
  stderr:
    | 
Output found

 --- IrodsSession: icommand executed by [otherrods#tempZone] [iput testfile.txt] --- 
Assert Command: iput testfile.txt
Expecting EMPTY: ['']
  stdout:
    | 
  stderr:
    | 
Output found

 --- IrodsSession: icommand executed by [otherrods#tempZone] [icp testfile.txt ../../public/] --- 
Assert Command: icp testfile.txt ../../public/
Expecting EMPTY: ['']
  stdout:
    | 
  stderr:
    | 
Output found

 --- IrodsSession: icommand executed by [otherrods#tempZone] [ichmod read alice ../../public/testfile.txt] --- 
Assert Command: ichmod read alice ../../public/testfile.txt
Expecting EMPTY: ['']
  stdout:
    | 
  stderr:
    | 
Output found

 --- IrodsSession: icommand executed by [otherrods#tempZone] [ichmod write bobby ../../public/testfile.txt] --- 
Assert Command: ichmod write bobby ../../public/testfile.txt
Expecting EMPTY: ['']
  stdout:
    | 
  stderr:
    | 
Output found

run_resource_setup - END
 --- IrodsSession: icommand executed by [otherrods#tempZone] [imkdir icmdtest] --- 
Assert Command: imkdir icmdtest
Expecting EMPTY: ['']
  stdout:
    | 
  stderr:
    | 
Output found

 --- IrodsSession: icommand executed by [otherrods#tempZone] [ireg -KR TestResc /tmp/sfile2 /tempZone/home/otherrods/2024-08-05Z21:36:00--irods-testing-60f6h_u2/foo5] --- 
Assert Command: ireg -KR TestResc /tmp/sfile2 /tempZone/home/otherrods/2024-08-05Z21:36:00--irods-testing-60f6h_u2/foo5
Expecting EMPTY: ['']
  stdout:
    | 
  stderr:
    | 
Output found

 --- IrodsSession: icommand executed by [otherrods#tempZone] [ireg -KkR AnotherResc --repl /tmp/sfile2r  /tempZone/home/otherrods/2024-08-05Z21:36:00--irods-testing-60f6h_u2/foo5] --- 
Assert Command: ireg -KkR AnotherResc --repl /tmp/sfile2r  /tempZone/home/otherrods/2024-08-05Z21:36:00--irods-testing-60f6h_u2/foo5
Expecting EMPTY: ['']
  stdout:
    | 
  stderr:
    | 
Output found

 --- IrodsSession: icommand executed by [otherrods#tempZone] [iget -fK /tempZone/home/otherrods/2024-08-05Z21:36:00--irods-testing-60f6h_u2/foo5 ./foo5] --- 
Assert Command: iget -fK /tempZone/home/otherrods/2024-08-05Z21:36:00--irods-testing-60f6h_u2/foo5 ./foo5
Expecting EMPTY: ['']
  stdout:
    | 
  stderr:
    | 
Output found

 --- IrodsSession: icommand executed by [otherrods#tempZone] [ireg -KrR TestResc /tmp/irodssdir /tempZone/home/otherrods/2024-08-05Z21:36:00--irods-testing-60f6h_u2/icmdtesta] --- 
Assert Command: ireg -KrR TestResc /tmp/irodssdir /tempZone/home/otherrods/2024-08-05Z21:36:00--irods-testing-60f6h_u2/icmdtesta
Expecting EMPTY: ['']
  stdout:
    | 
  stderr:
    | 
Output found

 --- IrodsSession: icommand executed by [otherrods#tempZone] [iget -fvrK /tempZone/home/otherrods/2024-08-05Z21:36:00--irods-testing-60f6h_u2/icmdtesta ./testa] --- 
Assert Command: iget -fvrK /tempZone/home/otherrods/2024-08-05Z21:36:00--irods-testing-60f6h_u2/icmdtesta ./testa
Expecting STDOUT_SINGLELINE: ['testa']
  stdout:
    | D- ./testa :
    |    sfile0                          0.004 MB | 0.050 sec | 0 thr |  0.076 MB/s
    |    sfile1                          0.004 MB | 0.048 sec | 0 thr |  0.080 MB/s
    |    sfile10                         0.004 MB | 0.045 sec | 0 thr |  0.085 MB/s
    |    sfile11                         0.004 MB | 0.046 sec | 0 thr |  0.083 MB/s
    |    sfile12                         0.004 MB | 0.046 sec | 0 thr |  0.082 MB/s
    |    sfile13                         0.004 MB | 0.040 sec | 0 thr |  0.096 MB/s
    |    sfile14                         0.004 MB | 0.039 sec | 0 thr |  0.097 MB/s
    |    sfile15                         0.004 MB | 0.042 sec | 0 thr |  0.092 MB/s
    |    sfile16                         0.004 MB | 0.039 sec | 0 thr |  0.099 MB/s
    |    sfile17                         0.004 MB | 0.041 sec | 0 thr |  0.092 MB/s
    |    sfile18                         0.004 MB | 0.041 sec | 0 thr |  0.092 MB/s
    |    sfile19                         0.004 MB | 0.040 sec | 0 thr |  0.096 MB/s
    |    sfile2                          0.004 MB | 0.040 sec | 0 thr |  0.095 MB/s
    |    sfile3                          0.004 MB | 0.040 sec | 0 thr |  0.096 MB/s
    |    sfile4                          0.004 MB | 0.039 sec | 0 thr |  0.097 MB/s
    |    sfile5                          0.004 MB | 0.041 sec | 0 thr |  0.093 MB/s
    |    sfile6                          0.004 MB | 0.042 sec | 0 thr |  0.091 MB/s
    |    sfile7                          0.004 MB | 0.043 sec | 0 thr |  0.089 MB/s
    |    sfile8                          0.004 MB | 0.038 sec | 0 thr |  0.099 MB/s
    |    sfile9                          0.004 MB | 0.043 sec | 0 thr |  0.088 MB/s
  stderr:
    | 
Output found

 --- IrodsSession: icommand executed by [bobby#tempZone] [ireg -KR TestResc /tmp/sfile2c /tempZone/home/bobby/foo5] --- 
Assert Command: ireg -KR TestResc /tmp/sfile2c /tempZone/home/bobby/foo5
Expecting STDERR_SINGLELINE: ['PATH_REG_NOT_ALLOWED']
  stdout:
    | 
  stderr:
    | remote addresses: 10.201.24.5 ERROR: regUtil: reg error for /tempZone/home/bobby/foo5, status = -129000 status = -129000 PATH_REG_NOT_ALLOWED
    |  ERROR: main: regUtil error.  status = -129000 PATH_REG_NOT_ALLOWED
Output found

 --- IrodsSession: icommand executed by [bobby#tempZone] [iput -R TestResc /tmp/sfile2c /tempZone/home/bobby/foo5] --- 
Assert Command: iput -R TestResc /tmp/sfile2c /tempZone/home/bobby/foo5
Expecting EMPTY: ['']
  stdout:
    | 
  stderr:
    | 
Output found

 --- IrodsSession: icommand executed by [bobby#tempZone] [irm -f /tempZone/home/bobby/foo5] --- 
Assert Command: irm -f /tempZone/home/bobby/foo5
Expecting EMPTY: ['']
  stdout:
    | 
  stderr:
    | 
Output found

run_resource_teardown - BEGIN
 --- IrodsSession: icommand executed by [otherrods#tempZone] [icd] --- 
 --- IrodsSession: icommand executed by [otherrods#tempZone] [irm testfile.txt ../public/testfile.txt] --- 
 --- IrodsSession: icommand executed by [otherrods#tempZone] [irm -rf ../../bundle] --- 
 --- IrodsSession: icommand executed by [rods#tempZone] [iinit] --- 
Assert Command: iinit
Expecting STDOUT_SINGLELINE: ['']
  stdout:
    | WARNING: Error 25 disabling echo mode. Password will be displayed in plaintext.
    | Enter your current iRODS password:
  stderr:
    | 
Output found

 --- IrodsSession: icommand executed by [otherrods#tempZone] [icd] --- 
Assert Command: icd
Expecting EMPTY: ['']
  stdout:
    | 
  stderr:
    | 
Output found

 --- IrodsSession: icommand executed by [otherrods#tempZone] [irm -rf /tempZone/home/otherrods/2024-08-05Z21:36:00--irods-testing-60f6h_u2] --- 
Assert Command: irm -rf /tempZone/home/otherrods/2024-08-05Z21:36:00--irods-testing-60f6h_u2
Expecting EMPTY: ['']
  stdout:
    | 
  stderr:
    | 
Output found

 --- IrodsSession: icommand executed by [otherrods#tempZone] [irmtrash] --- 
Assert Command: irmtrash
Expecting EMPTY: ['']
  stdout:
    | 
  stderr:
    | 
Output found

 --- IrodsSession: icommand executed by [rods#tempZone] [iadmin rmuser otherrods] --- 
Assert Command: iadmin rmuser otherrods
Expecting EMPTY: ['']
  stdout:
    | 
  stderr:
    | 
Output found

 --- IrodsSession: icommand executed by [alice#tempZone] [icd] --- 
Assert Command: icd
Expecting EMPTY: ['']
  stdout:
    | 
  stderr:
    | 
Output found

 --- IrodsSession: icommand executed by [alice#tempZone] [irm -rf /tempZone/home/alice/2024-08-05Z21:36:02--irods-testing-pjvmbm_f] --- 
Assert Command: irm -rf /tempZone/home/alice/2024-08-05Z21:36:02--irods-testing-pjvmbm_f
Expecting EMPTY: ['']
  stdout:
    | 
  stderr:
    | 
Output found

 --- IrodsSession: icommand executed by [alice#tempZone] [irmtrash] --- 
Assert Command: irmtrash
Expecting EMPTY: ['']
  stdout:
    | 
  stderr:
    | 
Output found

 --- IrodsSession: icommand executed by [rods#tempZone] [iadmin rmuser alice] --- 
Assert Command: iadmin rmuser alice
Expecting EMPTY: ['']
  stdout:
    | 
  stderr:
    | 
Output found

 --- IrodsSession: icommand executed by [bobby#tempZone] [icd] --- 
Assert Command: icd
Expecting EMPTY: ['']
  stdout:
    | 
  stderr:
    | 
Output found

 --- IrodsSession: icommand executed by [bobby#tempZone] [irm -rf /tempZone/home/bobby/2024-08-05Z21:36:03--irods-testing-eju9ysq1] --- 
Assert Command: irm -rf /tempZone/home/bobby/2024-08-05Z21:36:03--irods-testing-eju9ysq1
Expecting EMPTY: ['']
  stdout:
    | 
  stderr:
    | 
Output found

 --- IrodsSession: icommand executed by [bobby#tempZone] [irmtrash] --- 
Assert Command: irmtrash
Expecting EMPTY: ['']
  stdout:
    | 
  stderr:
    | 
Output found

 --- IrodsSession: icommand executed by [rods#tempZone] [iadmin rmuser bobby] --- 
Assert Command: iadmin rmuser bobby
Expecting EMPTY: ['']
  stdout:
    | 
  stderr:
    | 
Output found

 --- IrodsSession: icommand executed by [rods#tempZone] [iinit] --- 
Assert Command: iinit
Expecting STDOUT_SINGLELINE: ['']
  stdout:
    | WARNING: Error 25 disabling echo mode. Password will be displayed in plaintext.
    | Enter your current iRODS password:
  stderr:
    | 
Output found

 --- IrodsSession: icommand executed by [rods#tempZone] [irmtrash -M] --- 
 --- IrodsSession: icommand executed by [rods#tempZone] [iadmin rmresc TestResc] --- 
 --- IrodsSession: icommand executed by [rods#tempZone] [iadmin rmresc AnotherResc] --- 
run_resource_teardown - END
 --- IrodsSession: icommand executed by [rods#tempZone] [iinit] --- 
Assert Command: iinit
Expecting STDOUT_SINGLELINE: ['']
  stdout:
    | WARNING: Error 25 disabling echo mode. Password will be displayed in plaintext.
    | Enter your current iRODS password:
  stderr:
    | 
Output found

 --- IrodsSession: icommand executed by [rods#tempZone] [iadmin rmresc demoResc] --- 
Assert Command: iadmin rmresc demoResc
Expecting EMPTY: ['']
  stdout:
    | 
  stderr:
    | 
Output found

 --- IrodsSession: icommand executed by [rods#tempZone] [iadmin modresc origResc name demoResc] --- 
Assert Command: iadmin modresc origResc name demoResc
Expecting STDOUT_SINGLELINE: ['rename']
  stdout:
    | If you modify a resource name, you and other users will need to
    | change your irods_environment.json files to use it, you may need to update
    | server_config.json and, if rules use the resource name, you'll need to
    | update the core rules (core.re).  This command will update various
    | tables with the new name.
    | Do you really want to modify the resource name? (enter y or yes to do so):OK, performing the resource rename
  stderr:
    | 
Output found

]]></system-out>
	</testcase>
	<testcase classname="irods.test.test_resource_types.Test_Resource_Unixfilesystem" name="test_irepl_invalid_input" time="11.467" timestamp="2024-08-05T21:36:24" file="scripts/irods/test/test_resource_types.py" line="836">
		<system-out><![CDATA[ --- IrodsSession: icommand executed by [rods#tempZone] [iinit] --- 
Assert Command: iinit
Expecting STDOUT_SINGLELINE: ['']
  stdout:
    | WARNING: Error 25 disabling echo mode. Password will be displayed in plaintext.
    | Enter your current iRODS password:
  stderr:
    | 
Output found

 --- IrodsSession: icommand executed by [rods#tempZone] [iadmin modresc demoResc name origResc] --- 
Assert Command: iadmin modresc demoResc name origResc
Expecting STDOUT_SINGLELINE: ['rename']
  stdout:
    | If you modify a resource name, you and other users will need to
    | change your irods_environment.json files to use it, you may need to update
    | server_config.json and, if rules use the resource name, you'll need to
    | update the core rules (core.re).  This command will update various
    | tables with the new name.
    | Do you really want to modify the resource name? (enter y or yes to do so):OK, performing the resource rename
  stderr:
    | 
Output found

 --- IrodsSession: icommand executed by [rods#tempZone] [iadmin mkresc demoResc 'unixfilesystem' d7680432ccfd:/var/lib/irods/demoRescVault] --- 
Assert Command: iadmin mkresc demoResc 'unixfilesystem' d7680432ccfd:/var/lib/irods/demoRescVault
Expecting STDOUT_SINGLELINE: ['unixfilesystem']
  stdout:
    | Creating resource:
    | Name:		"demoResc"
    | Type:		"unixfilesystem"
    | Host:		"d7680432ccfd"
    | Path:		"/var/lib/irods/demoRescVault"
    | Context:	""
  stderr:
    | 
Output found

 --- IrodsSession: icommand executed by [rods#tempZone] [iinit] --- 
Assert Command: iinit
Expecting STDOUT_SINGLELINE: ['']
  stdout:
    | WARNING: Error 25 disabling echo mode. Password will be displayed in plaintext.
    | Enter your current iRODS password:
  stderr:
    | 
Output found

 --- IrodsSession: icommand executed by [rods#tempZone] [iinit] --- 
Assert Command: iinit
Expecting STDOUT_SINGLELINE: ['']
  stdout:
    | WARNING: Error 25 disabling echo mode. Password will be displayed in plaintext.
    | Enter your current iRODS password:
  stderr:
    | 
Output found

 --- IrodsSession: icommand executed by [rods#tempZone] [iadmin mkuser otherrods rodsadmin] --- 
Assert Command: iadmin mkuser otherrods rodsadmin
Expecting EMPTY: ['']
  stdout:
    | 
  stderr:
    | 
Output found

 --- IrodsSession: icommand executed by [rods#tempZone] [iadmin moduser otherrods password rods] --- 
Assert Command: iadmin moduser otherrods password rods
Expecting EMPTY: ['']
  stdout:
    | 
  stderr:
    | 
Output found

 --- IrodsSession: icommand executed by [otherrods#tempZone] [iinit] --- 
Assert Command: iinit
Expecting STDOUT_SINGLELINE: ['']
  stdout:
    | WARNING: Error 25 disabling echo mode. Password will be displayed in plaintext.
    | Enter your current iRODS password:
  stderr:
    | 
Output found

 --- IrodsSession: icommand executed by [otherrods#tempZone] [imkdir /tempZone/home/otherrods/2024-08-05Z21:36:14--irods-testing-9my7_ohs] --- 
Assert Command: imkdir /tempZone/home/otherrods/2024-08-05Z21:36:14--irods-testing-9my7_ohs
Expecting EMPTY: ['']
  stdout:
    | 
  stderr:
    | 
Output found

 --- IrodsSession: icommand executed by [otherrods#tempZone] [icd /tempZone/home/otherrods/2024-08-05Z21:36:14--irods-testing-9my7_ohs] --- 
Assert Command: icd /tempZone/home/otherrods/2024-08-05Z21:36:14--irods-testing-9my7_ohs
Expecting EMPTY: ['']
  stdout:
    | 
  stderr:
    | 
Output found

 --- IrodsSession: icommand executed by [rods#tempZone] [iinit] --- 
Assert Command: iinit
Expecting STDOUT_SINGLELINE: ['']
  stdout:
    | WARNING: Error 25 disabling echo mode. Password will be displayed in plaintext.
    | Enter your current iRODS password:
  stderr:
    | 
Output found

 --- IrodsSession: icommand executed by [rods#tempZone] [iadmin mkuser alice rodsuser] --- 
Assert Command: iadmin mkuser alice rodsuser
Expecting EMPTY: ['']
  stdout:
    | 
  stderr:
    | 
Output found

 --- IrodsSession: icommand executed by [rods#tempZone] [iadmin moduser alice password apass] --- 
Assert Command: iadmin moduser alice password apass
Expecting EMPTY: ['']
  stdout:
    | 
  stderr:
    | 
Output found

 --- IrodsSession: icommand executed by [alice#tempZone] [iinit] --- 
Assert Command: iinit
Expecting STDOUT_SINGLELINE: ['']
  stdout:
    | WARNING: Error 25 disabling echo mode. Password will be displayed in plaintext.
    | Enter your current iRODS password:
  stderr:
    | 
Output found

 --- IrodsSession: icommand executed by [alice#tempZone] [imkdir /tempZone/home/alice/2024-08-05Z21:36:15--irods-testing-fyde9tgj] --- 
Assert Command: imkdir /tempZone/home/alice/2024-08-05Z21:36:15--irods-testing-fyde9tgj
Expecting EMPTY: ['']
  stdout:
    | 
  stderr:
    | 
Output found

 --- IrodsSession: icommand executed by [alice#tempZone] [icd /tempZone/home/alice/2024-08-05Z21:36:15--irods-testing-fyde9tgj] --- 
Assert Command: icd /tempZone/home/alice/2024-08-05Z21:36:15--irods-testing-fyde9tgj
Expecting EMPTY: ['']
  stdout:
    | 
  stderr:
    | 
Output found

 --- IrodsSession: icommand executed by [rods#tempZone] [iinit] --- 
Assert Command: iinit
Expecting STDOUT_SINGLELINE: ['']
  stdout:
    | WARNING: Error 25 disabling echo mode. Password will be displayed in plaintext.
    | Enter your current iRODS password:
  stderr:
    | 
Output found

 --- IrodsSession: icommand executed by [rods#tempZone] [iadmin mkuser bobby rodsuser] --- 
Assert Command: iadmin mkuser bobby rodsuser
Expecting EMPTY: ['']
  stdout:
    | 
  stderr:
    | 
Output found

 --- IrodsSession: icommand executed by [rods#tempZone] [iadmin moduser bobby password bpass] --- 
Assert Command: iadmin moduser bobby password bpass
Expecting EMPTY: ['']
  stdout:
    | 
  stderr:
    | 
Output found

 --- IrodsSession: icommand executed by [bobby#tempZone] [iinit] --- 
Assert Command: iinit
Expecting STDOUT_SINGLELINE: ['']
  stdout:
    | WARNING: Error 25 disabling echo mode. Password will be displayed in plaintext.
    | Enter your current iRODS password:
  stderr:
    | 
Output found

 --- IrodsSession: icommand executed by [bobby#tempZone] [imkdir /tempZone/home/bobby/2024-08-05Z21:36:17--irods-testing-uogl_sj0] --- 
Assert Command: imkdir /tempZone/home/bobby/2024-08-05Z21:36:17--irods-testing-uogl_sj0
Expecting EMPTY: ['']
  stdout:
    | 
  stderr:
    | 
Output found

 --- IrodsSession: icommand executed by [bobby#tempZone] [icd /tempZone/home/bobby/2024-08-05Z21:36:17--irods-testing-uogl_sj0] --- 
Assert Command: icd /tempZone/home/bobby/2024-08-05Z21:36:17--irods-testing-uogl_sj0
Expecting EMPTY: ['']
  stdout:
    | 
  stderr:
    | 
Output found

run_resource_setup - BEGIN
 --- IrodsSession: icommand executed by [otherrods#tempZone] [iadmin mkresc TestResc unixfilesystem d7680432ccfd:/tmp/irods/TestResc] --- 
Assert Command: iadmin mkresc TestResc unixfilesystem d7680432ccfd:/tmp/irods/TestResc
Expecting STDOUT_SINGLELINE: ['unixfilesystem']
  stdout:
    | Creating resource:
    | Name:		"TestResc"
    | Type:		"unixfilesystem"
    | Host:		"d7680432ccfd"
    | Path:		"/tmp/irods/TestResc"
    | Context:	""
  stderr:
    | 
Output found

 --- IrodsSession: icommand executed by [otherrods#tempZone] [iadmin mkresc AnotherResc unixfilesystem d7680432ccfd:/tmp/irods/AnotherResc] --- 
Assert Command: iadmin mkresc AnotherResc unixfilesystem d7680432ccfd:/tmp/irods/AnotherResc
Expecting STDOUT_SINGLELINE: ['unixfilesystem']
  stdout:
    | Creating resource:
    | Name:		"AnotherResc"
    | Type:		"unixfilesystem"
    | Host:		"d7680432ccfd"
    | Path:		"/tmp/irods/AnotherResc"
    | Context:	""
  stderr:
    | 
Output found

 --- IrodsSession: icommand executed by [otherrods#tempZone] [imkdir testdir] --- 
Assert Command: imkdir testdir
Expecting EMPTY: ['']
  stdout:
    | 
  stderr:
    | 
Output found

 --- IrodsSession: icommand executed by [otherrods#tempZone] [iput testfile.txt] --- 
Assert Command: iput testfile.txt
Expecting EMPTY: ['']
  stdout:
    | 
  stderr:
    | 
Output found

 --- IrodsSession: icommand executed by [otherrods#tempZone] [icp testfile.txt ../../public/] --- 
Assert Command: icp testfile.txt ../../public/
Expecting EMPTY: ['']
  stdout:
    | 
  stderr:
    | 
Output found

 --- IrodsSession: icommand executed by [otherrods#tempZone] [ichmod read alice ../../public/testfile.txt] --- 
Assert Command: ichmod read alice ../../public/testfile.txt
Expecting EMPTY: ['']
  stdout:
    | 
  stderr:
    | 
Output found

 --- IrodsSession: icommand executed by [otherrods#tempZone] [ichmod write bobby ../../public/testfile.txt] --- 
Assert Command: ichmod write bobby ../../public/testfile.txt
Expecting EMPTY: ['']
  stdout:
    | 
  stderr:
    | 
Output found

run_resource_setup - END
 --- IrodsSession: icommand executed by [otherrods#tempZone] [ils -L somefile.txt] --- 
Assert Command: ils -L somefile.txt
Expecting STDERR_SINGLELINE: ['does not exist']
  stdout:
    | 
  stderr:
    | remote addresses: 10.201.24.5 ERROR: lsUtil: srcPath /tempZone/home/otherrods/2024-08-05Z21:36:14--irods-testing-9my7_ohs/somefile.txt does not exist or user lacks access permission
Output found

 --- IrodsSession: icommand executed by [otherrods#tempZone] [iput somefile.txt] --- 
Assert Command: iput somefile.txt
Expecting EMPTY: ['']
  stdout:
    | 
  stderr:
    | 
Output found

 --- IrodsSession: icommand executed by [otherrods#tempZone] [ils -L somefile.txt] --- 
Assert Command: ils -L somefile.txt
Expecting STDOUT_SINGLELINE: ['somefile.txt']
  stdout:
    |   otherrods         0 demoResc           41 2024-08-05.21:36 & somefile.txt
    |         generic    /var/lib/irods/demoRescVault/home/otherrods/2024-08-05Z21:36:14--irods-testing-9my7_ohs/somefile.txt
  stderr:
    | 
Output found

 --- IrodsSession: icommand executed by [otherrods#tempZone] [irepl -R nonresc somefile.txt] --- 
Assert Command: irepl -R nonresc somefile.txt
Expecting STDERR_SINGLELINE: ['SYS_RESC_DOES_NOT_EXIST']
  stdout:
    | Level 0: SYS_RESC_DOES_NOT_EXIST: [-]	/irods_source/server/core/src/irods_resource_manager.cpp:82:irods::error irods::resource_manager::resolve(std::string, irods::resource_ptr &) :  status [SYS_RESC_DOES_NOT_EXIST]  errno [] -- message [no resource found for name [nonresc]]
    | 
    | 
    | 
    | 
  stderr:
    | remote addresses: 10.201.24.5 ERROR: replUtil: repl error for /tempZone/home/otherrods/2024-08-05Z21:36:14--irods-testing-9my7_ohs/somefile.txt, status = -78000 status = -78000 SYS_RESC_DOES_NOT_EXIST
Output found

 --- IrodsSession: icommand executed by [otherrods#tempZone] [irm -f somefile.txt] --- 
Assert Command: irm -f somefile.txt
Expecting EMPTY: ['']
  stdout:
    | 
  stderr:
    | 
Output found

run_resource_teardown - BEGIN
 --- IrodsSession: icommand executed by [otherrods#tempZone] [icd] --- 
 --- IrodsSession: icommand executed by [otherrods#tempZone] [irm testfile.txt ../public/testfile.txt] --- 
 --- IrodsSession: icommand executed by [otherrods#tempZone] [irm -rf ../../bundle] --- 
 --- IrodsSession: icommand executed by [rods#tempZone] [iinit] --- 
Assert Command: iinit
Expecting STDOUT_SINGLELINE: ['']
  stdout:
    | WARNING: Error 25 disabling echo mode. Password will be displayed in plaintext.
    | Enter your current iRODS password:
  stderr:
    | 
Output found

 --- IrodsSession: icommand executed by [otherrods#tempZone] [icd] --- 
Assert Command: icd
Expecting EMPTY: ['']
  stdout:
    | 
  stderr:
    | 
Output found

 --- IrodsSession: icommand executed by [otherrods#tempZone] [irm -rf /tempZone/home/otherrods/2024-08-05Z21:36:14--irods-testing-9my7_ohs] --- 
Assert Command: irm -rf /tempZone/home/otherrods/2024-08-05Z21:36:14--irods-testing-9my7_ohs
Expecting EMPTY: ['']
  stdout:
    | 
  stderr:
    | 
Output found

 --- IrodsSession: icommand executed by [otherrods#tempZone] [irmtrash] --- 
Assert Command: irmtrash
Expecting EMPTY: ['']
  stdout:
    | 
  stderr:
    | 
Output found

 --- IrodsSession: icommand executed by [rods#tempZone] [iadmin rmuser otherrods] --- 
Assert Command: iadmin rmuser otherrods
Expecting EMPTY: ['']
  stdout:
    | 
  stderr:
    | 
Output found

 --- IrodsSession: icommand executed by [alice#tempZone] [icd] --- 
Assert Command: icd
Expecting EMPTY: ['']
  stdout:
    | 
  stderr:
    | 
Output found

 --- IrodsSession: icommand executed by [alice#tempZone] [irm -rf /tempZone/home/alice/2024-08-05Z21:36:15--irods-testing-fyde9tgj] --- 
Assert Command: irm -rf /tempZone/home/alice/2024-08-05Z21:36:15--irods-testing-fyde9tgj
Expecting EMPTY: ['']
  stdout:
    | 
  stderr:
    | 
Output found

 --- IrodsSession: icommand executed by [alice#tempZone] [irmtrash] --- 
Assert Command: irmtrash
Expecting EMPTY: ['']
  stdout:
    | 
  stderr:
    | 
Output found

 --- IrodsSession: icommand executed by [rods#tempZone] [iadmin rmuser alice] --- 
Assert Command: iadmin rmuser alice
Expecting EMPTY: ['']
  stdout:
    | 
  stderr:
    | 
Output found

 --- IrodsSession: icommand executed by [bobby#tempZone] [icd] --- 
Assert Command: icd
Expecting EMPTY: ['']
  stdout:
    | 
  stderr:
    | 
Output found

 --- IrodsSession: icommand executed by [bobby#tempZone] [irm -rf /tempZone/home/bobby/2024-08-05Z21:36:17--irods-testing-uogl_sj0] --- 
Assert Command: irm -rf /tempZone/home/bobby/2024-08-05Z21:36:17--irods-testing-uogl_sj0
Expecting EMPTY: ['']
  stdout:
    | 
  stderr:
    | 
Output found

 --- IrodsSession: icommand executed by [bobby#tempZone] [irmtrash] --- 
Assert Command: irmtrash
Expecting EMPTY: ['']
  stdout:
    | 
  stderr:
    | 
Output found

 --- IrodsSession: icommand executed by [rods#tempZone] [iadmin rmuser bobby] --- 
Assert Command: iadmin rmuser bobby
Expecting EMPTY: ['']
  stdout:
    | 
  stderr:
    | 
Output found

 --- IrodsSession: icommand executed by [rods#tempZone] [iinit] --- 
Assert Command: iinit
Expecting STDOUT_SINGLELINE: ['']
  stdout:
    | WARNING: Error 25 disabling echo mode. Password will be displayed in plaintext.
    | Enter your current iRODS password:
  stderr:
    | 
Output found

 --- IrodsSession: icommand executed by [rods#tempZone] [irmtrash -M] --- 
 --- IrodsSession: icommand executed by [rods#tempZone] [iadmin rmresc TestResc] --- 
 --- IrodsSession: icommand executed by [rods#tempZone] [iadmin rmresc AnotherResc] --- 
run_resource_teardown - END
 --- IrodsSession: icommand executed by [rods#tempZone] [iinit] --- 
Assert Command: iinit
Expecting STDOUT_SINGLELINE: ['']
  stdout:
    | WARNING: Error 25 disabling echo mode. Password will be displayed in plaintext.
    | Enter your current iRODS password:
  stderr:
    | 
Output found

 --- IrodsSession: icommand executed by [rods#tempZone] [iadmin rmresc demoResc] --- 
Assert Command: iadmin rmresc demoResc
Expecting EMPTY: ['']
  stdout:
    | 
  stderr:
    | 
Output found

 --- IrodsSession: icommand executed by [rods#tempZone] [iadmin modresc origResc name demoResc] --- 
Assert Command: iadmin modresc origResc name demoResc
Expecting STDOUT_SINGLELINE: ['rename']
  stdout:
    | If you modify a resource name, you and other users will need to
    | change your irods_environment.json files to use it, you may need to update
    | server_config.json and, if rules use the resource name, you'll need to
    | update the core rules (core.re).  This command will update various
    | tables with the new name.
    | Do you really want to modify the resource name? (enter y or yes to do so):OK, performing the resource rename
  stderr:
    | 
Output found

]]></system-out>
	</testcase>
	<testcase classname="irods.test.test_resource_types.Test_Resource_Unixfilesystem" name="test_irepl_multithreaded" time="11.858" timestamp="2024-08-05T21:36:36" file="scripts/irods/test/test_resource_types.py" line="852">
		<system-out><![CDATA[ --- IrodsSession: icommand executed by [rods#tempZone] [iinit] --- 
Assert Command: iinit
Expecting STDOUT_SINGLELINE: ['']
  stdout:
    | WARNING: Error 25 disabling echo mode. Password will be displayed in plaintext.
    | Enter your current iRODS password:
  stderr:
    | 
Output found

 --- IrodsSession: icommand executed by [rods#tempZone] [iadmin modresc demoResc name origResc] --- 
Assert Command: iadmin modresc demoResc name origResc
Expecting STDOUT_SINGLELINE: ['rename']
  stdout:
    | If you modify a resource name, you and other users will need to
    | change your irods_environment.json files to use it, you may need to update
    | server_config.json and, if rules use the resource name, you'll need to
    | update the core rules (core.re).  This command will update various
    | tables with the new name.
    | Do you really want to modify the resource name? (enter y or yes to do so):OK, performing the resource rename
  stderr:
    | 
Output found

 --- IrodsSession: icommand executed by [rods#tempZone] [iadmin mkresc demoResc 'unixfilesystem' d7680432ccfd:/var/lib/irods/demoRescVault] --- 
Assert Command: iadmin mkresc demoResc 'unixfilesystem' d7680432ccfd:/var/lib/irods/demoRescVault
Expecting STDOUT_SINGLELINE: ['unixfilesystem']
  stdout:
    | Creating resource:
    | Name:		"demoResc"
    | Type:		"unixfilesystem"
    | Host:		"d7680432ccfd"
    | Path:		"/var/lib/irods/demoRescVault"
    | Context:	""
  stderr:
    | 
Output found

 --- IrodsSession: icommand executed by [rods#tempZone] [iinit] --- 
Assert Command: iinit
Expecting STDOUT_SINGLELINE: ['']
  stdout:
    | WARNING: Error 25 disabling echo mode. Password will be displayed in plaintext.
    | Enter your current iRODS password:
  stderr:
    | 
Output found

 --- IrodsSession: icommand executed by [rods#tempZone] [iinit] --- 
Assert Command: iinit
Expecting STDOUT_SINGLELINE: ['']
  stdout:
    | WARNING: Error 25 disabling echo mode. Password will be displayed in plaintext.
    | Enter your current iRODS password:
  stderr:
    | 
Output found

 --- IrodsSession: icommand executed by [rods#tempZone] [iadmin mkuser otherrods rodsadmin] --- 
Assert Command: iadmin mkuser otherrods rodsadmin
Expecting EMPTY: ['']
  stdout:
    | 
  stderr:
    | 
Output found

 --- IrodsSession: icommand executed by [rods#tempZone] [iadmin moduser otherrods password rods] --- 
Assert Command: iadmin moduser otherrods password rods
Expecting EMPTY: ['']
  stdout:
    | 
  stderr:
    | 
Output found

 --- IrodsSession: icommand executed by [otherrods#tempZone] [iinit] --- 
Assert Command: iinit
Expecting STDOUT_SINGLELINE: ['']
  stdout:
    | WARNING: Error 25 disabling echo mode. Password will be displayed in plaintext.
    | Enter your current iRODS password:
  stderr:
    | 
Output found

 --- IrodsSession: icommand executed by [otherrods#tempZone] [imkdir /tempZone/home/otherrods/2024-08-05Z21:36:25--irods-testing-ex8v3n35] --- 
Assert Command: imkdir /tempZone/home/otherrods/2024-08-05Z21:36:25--irods-testing-ex8v3n35
Expecting EMPTY: ['']
  stdout:
    | 
  stderr:
    | 
Output found

 --- IrodsSession: icommand executed by [otherrods#tempZone] [icd /tempZone/home/otherrods/2024-08-05Z21:36:25--irods-testing-ex8v3n35] --- 
Assert Command: icd /tempZone/home/otherrods/2024-08-05Z21:36:25--irods-testing-ex8v3n35
Expecting EMPTY: ['']
  stdout:
    | 
  stderr:
    | 
Output found

 --- IrodsSession: icommand executed by [rods#tempZone] [iinit] --- 
Assert Command: iinit
Expecting STDOUT_SINGLELINE: ['']
  stdout:
    | WARNING: Error 25 disabling echo mode. Password will be displayed in plaintext.
    | Enter your current iRODS password:
  stderr:
    | 
Output found

 --- IrodsSession: icommand executed by [rods#tempZone] [iadmin mkuser alice rodsuser] --- 
Assert Command: iadmin mkuser alice rodsuser
Expecting EMPTY: ['']
  stdout:
    | 
  stderr:
    | 
Output found

 --- IrodsSession: icommand executed by [rods#tempZone] [iadmin moduser alice password apass] --- 
Assert Command: iadmin moduser alice password apass
Expecting EMPTY: ['']
  stdout:
    | 
  stderr:
    | 
Output found

 --- IrodsSession: icommand executed by [alice#tempZone] [iinit] --- 
Assert Command: iinit
Expecting STDOUT_SINGLELINE: ['']
  stdout:
    | WARNING: Error 25 disabling echo mode. Password will be displayed in plaintext.
    | Enter your current iRODS password:
  stderr:
    | 
Output found

 --- IrodsSession: icommand executed by [alice#tempZone] [imkdir /tempZone/home/alice/2024-08-05Z21:36:27--irods-testing-o9gu5yl7] --- 
Assert Command: imkdir /tempZone/home/alice/2024-08-05Z21:36:27--irods-testing-o9gu5yl7
Expecting EMPTY: ['']
  stdout:
    | 
  stderr:
    | 
Output found

 --- IrodsSession: icommand executed by [alice#tempZone] [icd /tempZone/home/alice/2024-08-05Z21:36:27--irods-testing-o9gu5yl7] --- 
Assert Command: icd /tempZone/home/alice/2024-08-05Z21:36:27--irods-testing-o9gu5yl7
Expecting EMPTY: ['']
  stdout:
    | 
  stderr:
    | 
Output found

 --- IrodsSession: icommand executed by [rods#tempZone] [iinit] --- 
Assert Command: iinit
Expecting STDOUT_SINGLELINE: ['']
  stdout:
    | WARNING: Error 25 disabling echo mode. Password will be displayed in plaintext.
    | Enter your current iRODS password:
  stderr:
    | 
Output found

 --- IrodsSession: icommand executed by [rods#tempZone] [iadmin mkuser bobby rodsuser] --- 
Assert Command: iadmin mkuser bobby rodsuser
Expecting EMPTY: ['']
  stdout:
    | 
  stderr:
    | 
Output found

 --- IrodsSession: icommand executed by [rods#tempZone] [iadmin moduser bobby password bpass] --- 
Assert Command: iadmin moduser bobby password bpass
Expecting EMPTY: ['']
  stdout:
    | 
  stderr:
    | 
Output found

 --- IrodsSession: icommand executed by [bobby#tempZone] [iinit] --- 
Assert Command: iinit
Expecting STDOUT_SINGLELINE: ['']
  stdout:
    | WARNING: Error 25 disabling echo mode. Password will be displayed in plaintext.
    | Enter your current iRODS password:
  stderr:
    | 
Output found

 --- IrodsSession: icommand executed by [bobby#tempZone] [imkdir /tempZone/home/bobby/2024-08-05Z21:36:28--irods-testing-bcjegc0c] --- 
Assert Command: imkdir /tempZone/home/bobby/2024-08-05Z21:36:28--irods-testing-bcjegc0c
Expecting EMPTY: ['']
  stdout:
    | 
  stderr:
    | 
Output found

 --- IrodsSession: icommand executed by [bobby#tempZone] [icd /tempZone/home/bobby/2024-08-05Z21:36:28--irods-testing-bcjegc0c] --- 
Assert Command: icd /tempZone/home/bobby/2024-08-05Z21:36:28--irods-testing-bcjegc0c
Expecting EMPTY: ['']
  stdout:
    | 
  stderr:
    | 
Output found

run_resource_setup - BEGIN
 --- IrodsSession: icommand executed by [otherrods#tempZone] [iadmin mkresc TestResc unixfilesystem d7680432ccfd:/tmp/irods/TestResc] --- 
Assert Command: iadmin mkresc TestResc unixfilesystem d7680432ccfd:/tmp/irods/TestResc
Expecting STDOUT_SINGLELINE: ['unixfilesystem']
  stdout:
    | Creating resource:
    | Name:		"TestResc"
    | Type:		"unixfilesystem"
    | Host:		"d7680432ccfd"
    | Path:		"/tmp/irods/TestResc"
    | Context:	""
  stderr:
    | 
Output found

 --- IrodsSession: icommand executed by [otherrods#tempZone] [iadmin mkresc AnotherResc unixfilesystem d7680432ccfd:/tmp/irods/AnotherResc] --- 
Assert Command: iadmin mkresc AnotherResc unixfilesystem d7680432ccfd:/tmp/irods/AnotherResc
Expecting STDOUT_SINGLELINE: ['unixfilesystem']
  stdout:
    | Creating resource:
    | Name:		"AnotherResc"
    | Type:		"unixfilesystem"
    | Host:		"d7680432ccfd"
    | Path:		"/tmp/irods/AnotherResc"
    | Context:	""
  stderr:
    | 
Output found

 --- IrodsSession: icommand executed by [otherrods#tempZone] [imkdir testdir] --- 
Assert Command: imkdir testdir
Expecting EMPTY: ['']
  stdout:
    | 
  stderr:
    | 
Output found

 --- IrodsSession: icommand executed by [otherrods#tempZone] [iput testfile.txt] --- 
Assert Command: iput testfile.txt
Expecting EMPTY: ['']
  stdout:
    | 
  stderr:
    | 
Output found

 --- IrodsSession: icommand executed by [otherrods#tempZone] [icp testfile.txt ../../public/] --- 
Assert Command: icp testfile.txt ../../public/
Expecting EMPTY: ['']
  stdout:
    | 
  stderr:
    | 
Output found

 --- IrodsSession: icommand executed by [otherrods#tempZone] [ichmod read alice ../../public/testfile.txt] --- 
Assert Command: ichmod read alice ../../public/testfile.txt
Expecting EMPTY: ['']
  stdout:
    | 
  stderr:
    | 
Output found

 --- IrodsSession: icommand executed by [otherrods#tempZone] [ichmod write bobby ../../public/testfile.txt] --- 
Assert Command: ichmod write bobby ../../public/testfile.txt
Expecting EMPTY: ['']
  stdout:
    | 
  stderr:
    | 
Output found

run_resource_setup - END
 --- IrodsSession: icommand executed by [otherrods#tempZone] [ils -L largefile.txt] --- 
Assert Command: ils -L largefile.txt
Expecting STDERR_SINGLELINE: ['does not exist']
  stdout:
    | 
  stderr:
    | remote addresses: 10.201.24.5 ERROR: lsUtil: srcPath /tempZone/home/otherrods/2024-08-05Z21:36:25--irods-testing-ex8v3n35/largefile.txt does not exist or user lacks access permission
Output found

 --- IrodsSession: icommand executed by [otherrods#tempZone] [iput largefile.txt] --- 
Assert Command: iput largefile.txt
Expecting EMPTY: ['']
  stdout:
    | 
  stderr:
    | 
Output found

 --- IrodsSession: icommand executed by [otherrods#tempZone] [ils -L largefile.txt] --- 
Assert Command: ils -L largefile.txt
Expecting STDOUT_SINGLELINE: ['largefile.txt']
  stdout:
    |   otherrods         0 demoResc     67108864 2024-08-05.21:36 & largefile.txt
    |         generic    /var/lib/irods/demoRescVault/home/otherrods/2024-08-05Z21:36:25--irods-testing-ex8v3n35/largefile.txt
  stderr:
    | 
Output found

 --- IrodsSession: icommand executed by [otherrods#tempZone] [irepl -R TestResc -N 3 largefile.txt] --- 
Assert Command: irepl -R TestResc -N 3 largefile.txt
Expecting EMPTY: ['']
  stdout:
    | 
  stderr:
    | 
Output found

 --- IrodsSession: icommand executed by [otherrods#tempZone] [ils -l largefile.txt] --- 
Assert Command: ils -l largefile.txt
Expecting STDOUT_SINGLELINE: ['TestResc']
  stdout:
    |   otherrods         0 demoResc     67108864 2024-08-05.21:36 & largefile.txt
    |   otherrods         1 TestResc     67108864 2024-08-05.21:36 & largefile.txt
  stderr:
    | 
Output found

 --- IrodsSession: icommand executed by [otherrods#tempZone] [irm -f largefile.txt] --- 
Assert Command: irm -f largefile.txt
Expecting EMPTY: ['']
  stdout:
    | 
  stderr:
    | 
Output found

run_resource_teardown - BEGIN
 --- IrodsSession: icommand executed by [otherrods#tempZone] [icd] --- 
 --- IrodsSession: icommand executed by [otherrods#tempZone] [irm testfile.txt ../public/testfile.txt] --- 
 --- IrodsSession: icommand executed by [otherrods#tempZone] [irm -rf ../../bundle] --- 
 --- IrodsSession: icommand executed by [rods#tempZone] [iinit] --- 
Assert Command: iinit
Expecting STDOUT_SINGLELINE: ['']
  stdout:
    | WARNING: Error 25 disabling echo mode. Password will be displayed in plaintext.
    | Enter your current iRODS password:
  stderr:
    | 
Output found

 --- IrodsSession: icommand executed by [otherrods#tempZone] [icd] --- 
Assert Command: icd
Expecting EMPTY: ['']
  stdout:
    | 
  stderr:
    | 
Output found

 --- IrodsSession: icommand executed by [otherrods#tempZone] [irm -rf /tempZone/home/otherrods/2024-08-05Z21:36:25--irods-testing-ex8v3n35] --- 
Assert Command: irm -rf /tempZone/home/otherrods/2024-08-05Z21:36:25--irods-testing-ex8v3n35
Expecting EMPTY: ['']
  stdout:
    | 
  stderr:
    | 
Output found

 --- IrodsSession: icommand executed by [otherrods#tempZone] [irmtrash] --- 
Assert Command: irmtrash
Expecting EMPTY: ['']
  stdout:
    | 
  stderr:
    | 
Output found

 --- IrodsSession: icommand executed by [rods#tempZone] [iadmin rmuser otherrods] --- 
Assert Command: iadmin rmuser otherrods
Expecting EMPTY: ['']
  stdout:
    | 
  stderr:
    | 
Output found

 --- IrodsSession: icommand executed by [alice#tempZone] [icd] --- 
Assert Command: icd
Expecting EMPTY: ['']
  stdout:
    | 
  stderr:
    | 
Output found

 --- IrodsSession: icommand executed by [alice#tempZone] [irm -rf /tempZone/home/alice/2024-08-05Z21:36:27--irods-testing-o9gu5yl7] --- 
Assert Command: irm -rf /tempZone/home/alice/2024-08-05Z21:36:27--irods-testing-o9gu5yl7
Expecting EMPTY: ['']
  stdout:
    | 
  stderr:
    | 
Output found

 --- IrodsSession: icommand executed by [alice#tempZone] [irmtrash] --- 
Assert Command: irmtrash
Expecting EMPTY: ['']
  stdout:
    | 
  stderr:
    | 
Output found

 --- IrodsSession: icommand executed by [rods#tempZone] [iadmin rmuser alice] --- 
Assert Command: iadmin rmuser alice
Expecting EMPTY: ['']
  stdout:
    | 
  stderr:
    | 
Output found

 --- IrodsSession: icommand executed by [bobby#tempZone] [icd] --- 
Assert Command: icd
Expecting EMPTY: ['']
  stdout:
    | 
  stderr:
    | 
Output found

 --- IrodsSession: icommand executed by [bobby#tempZone] [irm -rf /tempZone/home/bobby/2024-08-05Z21:36:28--irods-testing-bcjegc0c] --- 
Assert Command: irm -rf /tempZone/home/bobby/2024-08-05Z21:36:28--irods-testing-bcjegc0c
Expecting EMPTY: ['']
  stdout:
    | 
  stderr:
    | 
Output found

 --- IrodsSession: icommand executed by [bobby#tempZone] [irmtrash] --- 
Assert Command: irmtrash
Expecting EMPTY: ['']
  stdout:
    | 
  stderr:
    | 
Output found

 --- IrodsSession: icommand executed by [rods#tempZone] [iadmin rmuser bobby] --- 
Assert Command: iadmin rmuser bobby
Expecting EMPTY: ['']
  stdout:
    | 
  stderr:
    | 
Output found

 --- IrodsSession: icommand executed by [rods#tempZone] [iinit] --- 
Assert Command: iinit
Expecting STDOUT_SINGLELINE: ['']
  stdout:
    | WARNING: Error 25 disabling echo mode. Password will be displayed in plaintext.
    | Enter your current iRODS password:
  stderr:
    | 
Output found

 --- IrodsSession: icommand executed by [rods#tempZone] [irmtrash -M] --- 
 --- IrodsSession: icommand executed by [rods#tempZone] [iadmin rmresc TestResc] --- 
 --- IrodsSession: icommand executed by [rods#tempZone] [iadmin rmresc AnotherResc] --- 
run_resource_teardown - END
 --- IrodsSession: icommand executed by [rods#tempZone] [iinit] --- 
Assert Command: iinit
Expecting STDOUT_SINGLELINE: ['']
  stdout:
    | WARNING: Error 25 disabling echo mode. Password will be displayed in plaintext.
    | Enter your current iRODS password:
  stderr:
    | 
Output found

 --- IrodsSession: icommand executed by [rods#tempZone] [iadmin rmresc demoResc] --- 
Assert Command: iadmin rmresc demoResc
Expecting EMPTY: ['']
  stdout:
    | 
  stderr:
    | 
Output found

 --- IrodsSession: icommand executed by [rods#tempZone] [iadmin modresc origResc name demoResc] --- 
Assert Command: iadmin modresc origResc name demoResc
Expecting STDOUT_SINGLELINE: ['rename']
  stdout:
    | If you modify a resource name, you and other users will need to
    | change your irods_environment.json files to use it, you may need to update
    | server_config.json and, if rules use the resource name, you'll need to
    | update the core rules (core.re).  This command will update various
    | tables with the new name.
    | Do you really want to modify the resource name? (enter y or yes to do so):OK, performing the resource rename
  stderr:
    | 
Output found

]]></system-out>
	</testcase>
	<testcase classname="irods.test.test_resource_types.Test_Resource_Unixfilesystem" name="test_irepl_over_existing_bad_replica__ticket_1705" time="13.429" timestamp="2024-08-05T21:36:50" file="scripts/irods/test/test_resource_types.py" line="992">
		<system-out><![CDATA[ --- IrodsSession: icommand executed by [rods#tempZone] [iinit] --- 
Assert Command: iinit
Expecting STDOUT_SINGLELINE: ['']
  stdout:
    | WARNING: Error 25 disabling echo mode. Password will be displayed in plaintext.
    | Enter your current iRODS password:
  stderr:
    | 
Output found

 --- IrodsSession: icommand executed by [rods#tempZone] [iadmin modresc demoResc name origResc] --- 
Assert Command: iadmin modresc demoResc name origResc
Expecting STDOUT_SINGLELINE: ['rename']
  stdout:
    | If you modify a resource name, you and other users will need to
    | change your irods_environment.json files to use it, you may need to update
    | server_config.json and, if rules use the resource name, you'll need to
    | update the core rules (core.re).  This command will update various
    | tables with the new name.
    | Do you really want to modify the resource name? (enter y or yes to do so):OK, performing the resource rename
  stderr:
    | 
Output found

 --- IrodsSession: icommand executed by [rods#tempZone] [iadmin mkresc demoResc 'unixfilesystem' d7680432ccfd:/var/lib/irods/demoRescVault] --- 
Assert Command: iadmin mkresc demoResc 'unixfilesystem' d7680432ccfd:/var/lib/irods/demoRescVault
Expecting STDOUT_SINGLELINE: ['unixfilesystem']
  stdout:
    | Creating resource:
    | Name:		"demoResc"
    | Type:		"unixfilesystem"
    | Host:		"d7680432ccfd"
    | Path:		"/var/lib/irods/demoRescVault"
    | Context:	""
  stderr:
    | 
Output found

 --- IrodsSession: icommand executed by [rods#tempZone] [iinit] --- 
Assert Command: iinit
Expecting STDOUT_SINGLELINE: ['']
  stdout:
    | WARNING: Error 25 disabling echo mode. Password will be displayed in plaintext.
    | Enter your current iRODS password:
  stderr:
    | 
Output found

 --- IrodsSession: icommand executed by [rods#tempZone] [iinit] --- 
Assert Command: iinit
Expecting STDOUT_SINGLELINE: ['']
  stdout:
    | WARNING: Error 25 disabling echo mode. Password will be displayed in plaintext.
    | Enter your current iRODS password:
  stderr:
    | 
Output found

 --- IrodsSession: icommand executed by [rods#tempZone] [iadmin mkuser otherrods rodsadmin] --- 
Assert Command: iadmin mkuser otherrods rodsadmin
Expecting EMPTY: ['']
  stdout:
    | 
  stderr:
    | 
Output found

 --- IrodsSession: icommand executed by [rods#tempZone] [iadmin moduser otherrods password rods] --- 
Assert Command: iadmin moduser otherrods password rods
Expecting EMPTY: ['']
  stdout:
    | 
  stderr:
    | 
Output found

 --- IrodsSession: icommand executed by [otherrods#tempZone] [iinit] --- 
Assert Command: iinit
Expecting STDOUT_SINGLELINE: ['']
  stdout:
    | WARNING: Error 25 disabling echo mode. Password will be displayed in plaintext.
    | Enter your current iRODS password:
  stderr:
    | 
Output found

 --- IrodsSession: icommand executed by [otherrods#tempZone] [imkdir /tempZone/home/otherrods/2024-08-05Z21:36:37--irods-testing-t96oufhb] --- 
Assert Command: imkdir /tempZone/home/otherrods/2024-08-05Z21:36:37--irods-testing-t96oufhb
Expecting EMPTY: ['']
  stdout:
    | 
  stderr:
    | 
Output found

 --- IrodsSession: icommand executed by [otherrods#tempZone] [icd /tempZone/home/otherrods/2024-08-05Z21:36:37--irods-testing-t96oufhb] --- 
Assert Command: icd /tempZone/home/otherrods/2024-08-05Z21:36:37--irods-testing-t96oufhb
Expecting EMPTY: ['']
  stdout:
    | 
  stderr:
    | 
Output found

 --- IrodsSession: icommand executed by [rods#tempZone] [iinit] --- 
Assert Command: iinit
Expecting STDOUT_SINGLELINE: ['']
  stdout:
    | WARNING: Error 25 disabling echo mode. Password will be displayed in plaintext.
    | Enter your current iRODS password:
  stderr:
    | 
Output found

 --- IrodsSession: icommand executed by [rods#tempZone] [iadmin mkuser alice rodsuser] --- 
Assert Command: iadmin mkuser alice rodsuser
Expecting EMPTY: ['']
  stdout:
    | 
  stderr:
    | 
Output found

 --- IrodsSession: icommand executed by [rods#tempZone] [iadmin moduser alice password apass] --- 
Assert Command: iadmin moduser alice password apass
Expecting EMPTY: ['']
  stdout:
    | 
  stderr:
    | 
Output found

 --- IrodsSession: icommand executed by [alice#tempZone] [iinit] --- 
Assert Command: iinit
Expecting STDOUT_SINGLELINE: ['']
  stdout:
    | WARNING: Error 25 disabling echo mode. Password will be displayed in plaintext.
    | Enter your current iRODS password:
  stderr:
    | 
Output found

 --- IrodsSession: icommand executed by [alice#tempZone] [imkdir /tempZone/home/alice/2024-08-05Z21:36:39--irods-testing-e0nje_3s] --- 
Assert Command: imkdir /tempZone/home/alice/2024-08-05Z21:36:39--irods-testing-e0nje_3s
Expecting EMPTY: ['']
  stdout:
    | 
  stderr:
    | 
Output found

 --- IrodsSession: icommand executed by [alice#tempZone] [icd /tempZone/home/alice/2024-08-05Z21:36:39--irods-testing-e0nje_3s] --- 
Assert Command: icd /tempZone/home/alice/2024-08-05Z21:36:39--irods-testing-e0nje_3s
Expecting EMPTY: ['']
  stdout:
    | 
  stderr:
    | 
Output found

 --- IrodsSession: icommand executed by [rods#tempZone] [iinit] --- 
Assert Command: iinit
Expecting STDOUT_SINGLELINE: ['']
  stdout:
    | WARNING: Error 25 disabling echo mode. Password will be displayed in plaintext.
    | Enter your current iRODS password:
  stderr:
    | 
Output found

 --- IrodsSession: icommand executed by [rods#tempZone] [iadmin mkuser bobby rodsuser] --- 
Assert Command: iadmin mkuser bobby rodsuser
Expecting EMPTY: ['']
  stdout:
    | 
  stderr:
    | 
Output found

 --- IrodsSession: icommand executed by [rods#tempZone] [iadmin moduser bobby password bpass] --- 
Assert Command: iadmin moduser bobby password bpass
Expecting EMPTY: ['']
  stdout:
    | 
  stderr:
    | 
Output found

 --- IrodsSession: icommand executed by [bobby#tempZone] [iinit] --- 
Assert Command: iinit
Expecting STDOUT_SINGLELINE: ['']
  stdout:
    | WARNING: Error 25 disabling echo mode. Password will be displayed in plaintext.
    | Enter your current iRODS password:
  stderr:
    | 
Output found

 --- IrodsSession: icommand executed by [bobby#tempZone] [imkdir /tempZone/home/bobby/2024-08-05Z21:36:40--irods-testing-ig9q8c5a] --- 
Assert Command: imkdir /tempZone/home/bobby/2024-08-05Z21:36:40--irods-testing-ig9q8c5a
Expecting EMPTY: ['']
  stdout:
    | 
  stderr:
    | 
Output found

 --- IrodsSession: icommand executed by [bobby#tempZone] [icd /tempZone/home/bobby/2024-08-05Z21:36:40--irods-testing-ig9q8c5a] --- 
Assert Command: icd /tempZone/home/bobby/2024-08-05Z21:36:40--irods-testing-ig9q8c5a
Expecting EMPTY: ['']
  stdout:
    | 
  stderr:
    | 
Output found

run_resource_setup - BEGIN
 --- IrodsSession: icommand executed by [otherrods#tempZone] [iadmin mkresc TestResc unixfilesystem d7680432ccfd:/tmp/irods/TestResc] --- 
Assert Command: iadmin mkresc TestResc unixfilesystem d7680432ccfd:/tmp/irods/TestResc
Expecting STDOUT_SINGLELINE: ['unixfilesystem']
  stdout:
    | Creating resource:
    | Name:		"TestResc"
    | Type:		"unixfilesystem"
    | Host:		"d7680432ccfd"
    | Path:		"/tmp/irods/TestResc"
    | Context:	""
  stderr:
    | 
Output found

 --- IrodsSession: icommand executed by [otherrods#tempZone] [iadmin mkresc AnotherResc unixfilesystem d7680432ccfd:/tmp/irods/AnotherResc] --- 
Assert Command: iadmin mkresc AnotherResc unixfilesystem d7680432ccfd:/tmp/irods/AnotherResc
Expecting STDOUT_SINGLELINE: ['unixfilesystem']
  stdout:
    | Creating resource:
    | Name:		"AnotherResc"
    | Type:		"unixfilesystem"
    | Host:		"d7680432ccfd"
    | Path:		"/tmp/irods/AnotherResc"
    | Context:	""
  stderr:
    | 
Output found

 --- IrodsSession: icommand executed by [otherrods#tempZone] [imkdir testdir] --- 
Assert Command: imkdir testdir
Expecting EMPTY: ['']
  stdout:
    | 
  stderr:
    | 
Output found

 --- IrodsSession: icommand executed by [otherrods#tempZone] [iput testfile.txt] --- 
Assert Command: iput testfile.txt
Expecting EMPTY: ['']
  stdout:
    | 
  stderr:
    | 
Output found

 --- IrodsSession: icommand executed by [otherrods#tempZone] [icp testfile.txt ../../public/] --- 
Assert Command: icp testfile.txt ../../public/
Expecting EMPTY: ['']
  stdout:
    | 
  stderr:
    | 
Output found

 --- IrodsSession: icommand executed by [otherrods#tempZone] [ichmod read alice ../../public/testfile.txt] --- 
Assert Command: ichmod read alice ../../public/testfile.txt
Expecting EMPTY: ['']
  stdout:
    | 
  stderr:
    | 
Output found

 --- IrodsSession: icommand executed by [otherrods#tempZone] [ichmod write bobby ../../public/testfile.txt] --- 
Assert Command: ichmod write bobby ../../public/testfile.txt
Expecting EMPTY: ['']
  stdout:
    | 
  stderr:
    | 
Output found

run_resource_setup - END
 --- IrodsSession: icommand executed by [otherrods#tempZone] [ils -L reploverwritebad.txt] --- 
Assert Command: ils -L reploverwritebad.txt
Expecting STDERR_SINGLELINE: ['does not exist']
  stdout:
    | 
  stderr:
    | remote addresses: 10.201.24.5 ERROR: lsUtil: srcPath /tempZone/home/otherrods/2024-08-05Z21:36:37--irods-testing-t96oufhb/reploverwritebad.txt does not exist or user lacks access permission
Output found

 --- IrodsSession: icommand executed by [otherrods#tempZone] [iput reploverwritebad.txt] --- 
Assert Command: iput reploverwritebad.txt
Expecting EMPTY: ['']
  stdout:
    | 
  stderr:
    | 
Output found

 --- IrodsSession: icommand executed by [otherrods#tempZone] [ils -L reploverwritebad.txt] --- 
Assert Command: ils -L reploverwritebad.txt
Expecting STDOUT_SINGLELINE: ['reploverwritebad.txt']
  stdout:
    |   otherrods         0 demoResc           49 2024-08-05.21:36 & reploverwritebad.txt
    |         generic    /var/lib/irods/demoRescVault/home/otherrods/2024-08-05Z21:36:37--irods-testing-t96oufhb/reploverwritebad.txt
  stderr:
    | 
Output found

 --- IrodsSession: icommand executed by [otherrods#tempZone] [irepl -R TestResc reploverwritebad.txt] --- 
Assert Command: irepl -R TestResc reploverwritebad.txt
Expecting EMPTY: ['']
  stdout:
    | 
  stderr:
    | 
Output found

 --- IrodsSession: icommand executed by [otherrods#tempZone] [ils -L reploverwritebad.txt] --- 
Assert Command: ils -L reploverwritebad.txt
Expecting STDOUT_SINGLELINE: ['reploverwritebad.txt']
  stdout:
    |   otherrods         0 demoResc           49 2024-08-05.21:36 & reploverwritebad.txt
    |         generic    /var/lib/irods/demoRescVault/home/otherrods/2024-08-05Z21:36:37--irods-testing-t96oufhb/reploverwritebad.txt
    |   otherrods         1 TestResc           49 2024-08-05.21:36 & reploverwritebad.txt
    |         generic    /tmp/irods/TestResc/home/otherrods/2024-08-05Z21:36:37--irods-testing-t96oufhb/reploverwritebad.txt
  stderr:
    | 
Output found

 --- IrodsSession: icommand executed by [otherrods#tempZone] [iput -f doublefile.txt reploverwritebad.txt] --- 
Assert Command: iput -f doublefile.txt reploverwritebad.txt
Expecting EMPTY: ['']
  stdout:
    | 
  stderr:
    | 
Output found

 --- IrodsSession: icommand executed by [otherrods#tempZone] [ils -L reploverwritebad.txt] --- 
Assert Command: ils -L reploverwritebad.txt
Expecting STDOUT_SINGLELINE: [' 0 ', ' & reploverwritebad.txt']
  stdout:
    |   otherrods         0 demoResc           98 2024-08-05.21:36 & reploverwritebad.txt
    |         generic    /var/lib/irods/demoRescVault/home/otherrods/2024-08-05Z21:36:37--irods-testing-t96oufhb/reploverwritebad.txt
    |   otherrods         1 TestResc           49 2024-08-05.21:36 X reploverwritebad.txt
    |         generic    /tmp/irods/TestResc/home/otherrods/2024-08-05Z21:36:37--irods-testing-t96oufhb/reploverwritebad.txt
  stderr:
    | 
Output found

 --- IrodsSession: icommand executed by [otherrods#tempZone] [ils -L reploverwritebad.txt] --- 
Assert Command: ils -L reploverwritebad.txt
Expecting STDOUT_SINGLELINE: [' 0 ', ' 98 ', ' & reploverwritebad.txt']
  stdout:
    |   otherrods         0 demoResc           98 2024-08-05.21:36 & reploverwritebad.txt
    |         generic    /var/lib/irods/demoRescVault/home/otherrods/2024-08-05Z21:36:37--irods-testing-t96oufhb/reploverwritebad.txt
    |   otherrods         1 TestResc           49 2024-08-05.21:36 X reploverwritebad.txt
    |         generic    /tmp/irods/TestResc/home/otherrods/2024-08-05Z21:36:37--irods-testing-t96oufhb/reploverwritebad.txt
  stderr:
    | 
Output found

 --- IrodsSession: icommand executed by [otherrods#tempZone] [ils -L reploverwritebad.txt] --- 
Assert FAIL Command: ils -L reploverwritebad.txt
Expecting STDOUT_SINGLELINE: [' 1 TestResc', ' 98 ', '  reploverwritebad.txt']
  stdout:
    |   otherrods         0 demoResc           98 2024-08-05.21:36 & reploverwritebad.txt
    |         generic    /var/lib/irods/demoRescVault/home/otherrods/2024-08-05Z21:36:37--irods-testing-t96oufhb/reploverwritebad.txt
    |   otherrods         1 TestResc           49 2024-08-05.21:36 X reploverwritebad.txt
    |         generic    /tmp/irods/TestResc/home/otherrods/2024-08-05Z21:36:37--irods-testing-t96oufhb/reploverwritebad.txt
  stderr:
    | 
Output not found

 --- IrodsSession: icommand executed by [otherrods#tempZone] [irepl -R TestResc reploverwritebad.txt] --- 
Assert Command: irepl -R TestResc reploverwritebad.txt
Expecting EMPTY: ['']
  stdout:
    | 
  stderr:
    | 
Output found

 --- IrodsSession: icommand executed by [otherrods#tempZone] [ils -L reploverwritebad.txt] --- 
Assert Command: ils -L reploverwritebad.txt
Expecting STDOUT_SINGLELINE: [' 1 TestResc', ' 98 ', ' & reploverwritebad.txt']
  stdout:
    |   otherrods         0 demoResc           98 2024-08-05.21:36 & reploverwritebad.txt
    |         generic    /var/lib/irods/demoRescVault/home/otherrods/2024-08-05Z21:36:37--irods-testing-t96oufhb/reploverwritebad.txt
    |   otherrods         1 TestResc           98 2024-08-05.21:36 & reploverwritebad.txt
    |         generic    /tmp/irods/TestResc/home/otherrods/2024-08-05Z21:36:37--irods-testing-t96oufhb/reploverwritebad.txt
  stderr:
    | 
Output found

 --- IrodsSession: icommand executed by [otherrods#tempZone] [ils -L reploverwritebad.txt] --- 
Assert FAIL Command: ils -L reploverwritebad.txt
Expecting STDOUT_SINGLELINE: [' 2 ', ' & reploverwritebad.txt']
  stdout:
    |   otherrods         0 demoResc           98 2024-08-05.21:36 & reploverwritebad.txt
    |         generic    /var/lib/irods/demoRescVault/home/otherrods/2024-08-05Z21:36:37--irods-testing-t96oufhb/reploverwritebad.txt
    |   otherrods         1 TestResc           98 2024-08-05.21:36 & reploverwritebad.txt
    |         generic    /tmp/irods/TestResc/home/otherrods/2024-08-05Z21:36:37--irods-testing-t96oufhb/reploverwritebad.txt
  stderr:
    | 
Output not found

run_resource_teardown - BEGIN
 --- IrodsSession: icommand executed by [otherrods#tempZone] [icd] --- 
 --- IrodsSession: icommand executed by [otherrods#tempZone] [irm testfile.txt ../public/testfile.txt] --- 
 --- IrodsSession: icommand executed by [otherrods#tempZone] [irm -rf ../../bundle] --- 
 --- IrodsSession: icommand executed by [rods#tempZone] [iinit] --- 
Assert Command: iinit
Expecting STDOUT_SINGLELINE: ['']
  stdout:
    | WARNING: Error 25 disabling echo mode. Password will be displayed in plaintext.
    | Enter your current iRODS password:
  stderr:
    | 
Output found

 --- IrodsSession: icommand executed by [otherrods#tempZone] [icd] --- 
Assert Command: icd
Expecting EMPTY: ['']
  stdout:
    | 
  stderr:
    | 
Output found

 --- IrodsSession: icommand executed by [otherrods#tempZone] [irm -rf /tempZone/home/otherrods/2024-08-05Z21:36:37--irods-testing-t96oufhb] --- 
Assert Command: irm -rf /tempZone/home/otherrods/2024-08-05Z21:36:37--irods-testing-t96oufhb
Expecting EMPTY: ['']
  stdout:
    | 
  stderr:
    | 
Output found

 --- IrodsSession: icommand executed by [otherrods#tempZone] [irmtrash] --- 
Assert Command: irmtrash
Expecting EMPTY: ['']
  stdout:
    | 
  stderr:
    | 
Output found

 --- IrodsSession: icommand executed by [rods#tempZone] [iadmin rmuser otherrods] --- 
Assert Command: iadmin rmuser otherrods
Expecting EMPTY: ['']
  stdout:
    | 
  stderr:
    | 
Output found

 --- IrodsSession: icommand executed by [alice#tempZone] [icd] --- 
Assert Command: icd
Expecting EMPTY: ['']
  stdout:
    | 
  stderr:
    | 
Output found

 --- IrodsSession: icommand executed by [alice#tempZone] [irm -rf /tempZone/home/alice/2024-08-05Z21:36:39--irods-testing-e0nje_3s] --- 
Assert Command: irm -rf /tempZone/home/alice/2024-08-05Z21:36:39--irods-testing-e0nje_3s
Expecting EMPTY: ['']
  stdout:
    | 
  stderr:
    | 
Output found

 --- IrodsSession: icommand executed by [alice#tempZone] [irmtrash] --- 
Assert Command: irmtrash
Expecting EMPTY: ['']
  stdout:
    | 
  stderr:
    | 
Output found

 --- IrodsSession: icommand executed by [rods#tempZone] [iadmin rmuser alice] --- 
Assert Command: iadmin rmuser alice
Expecting EMPTY: ['']
  stdout:
    | 
  stderr:
    | 
Output found

 --- IrodsSession: icommand executed by [bobby#tempZone] [icd] --- 
Assert Command: icd
Expecting EMPTY: ['']
  stdout:
    | 
  stderr:
    | 
Output found

 --- IrodsSession: icommand executed by [bobby#tempZone] [irm -rf /tempZone/home/bobby/2024-08-05Z21:36:40--irods-testing-ig9q8c5a] --- 
Assert Command: irm -rf /tempZone/home/bobby/2024-08-05Z21:36:40--irods-testing-ig9q8c5a
Expecting EMPTY: ['']
  stdout:
    | 
  stderr:
    | 
Output found

 --- IrodsSession: icommand executed by [bobby#tempZone] [irmtrash] --- 
Assert Command: irmtrash
Expecting EMPTY: ['']
  stdout:
    | 
  stderr:
    | 
Output found

 --- IrodsSession: icommand executed by [rods#tempZone] [iadmin rmuser bobby] --- 
Assert Command: iadmin rmuser bobby
Expecting EMPTY: ['']
  stdout:
    | 
  stderr:
    | 
Output found

 --- IrodsSession: icommand executed by [rods#tempZone] [iinit] --- 
Assert Command: iinit
Expecting STDOUT_SINGLELINE: ['']
  stdout:
    | WARNING: Error 25 disabling echo mode. Password will be displayed in plaintext.
    | Enter your current iRODS password:
  stderr:
    | 
Output found

 --- IrodsSession: icommand executed by [rods#tempZone] [irmtrash -M] --- 
 --- IrodsSession: icommand executed by [rods#tempZone] [iadmin rmresc TestResc] --- 
 --- IrodsSession: icommand executed by [rods#tempZone] [iadmin rmresc AnotherResc] --- 
run_resource_teardown - END
 --- IrodsSession: icommand executed by [rods#tempZone] [iinit] --- 
Assert Command: iinit
Expecting STDOUT_SINGLELINE: ['']
  stdout:
    | WARNING: Error 25 disabling echo mode. Password will be displayed in plaintext.
    | Enter your current iRODS password:
  stderr:
    | 
Output found

 --- IrodsSession: icommand executed by [rods#tempZone] [iadmin rmresc demoResc] --- 
Assert Command: iadmin rmresc demoResc
Expecting EMPTY: ['']
  stdout:
    | 
  stderr:
    | 
Output found

 --- IrodsSession: icommand executed by [rods#tempZone] [iadmin modresc origResc name demoResc] --- 
Assert Command: iadmin modresc origResc name demoResc
Expecting STDOUT_SINGLELINE: ['rename']
  stdout:
    | If you modify a resource name, you and other users will need to
    | change your irods_environment.json files to use it, you may need to update
    | server_config.json and, if rules use the resource name, you'll need to
    | update the core rules (core.re).  This command will update various
    | tables with the new name.
    | Do you really want to modify the resource name? (enter y or yes to do so):OK, performing the resource rename
  stderr:
    | 
Output found

]]></system-out>
	</testcase>
	<testcase classname="irods.test.test_resource_types.Test_Resource_Unixfilesystem" name="test_irepl_over_existing_second_replica__ticket_1705" time="12.540" timestamp="2024-08-05T21:37:02" file="scripts/irods/test/test_resource_types.py" line="933">
		<system-out><![CDATA[ --- IrodsSession: icommand executed by [rods#tempZone] [iinit] --- 
Assert Command: iinit
Expecting STDOUT_SINGLELINE: ['']
  stdout:
    | WARNING: Error 25 disabling echo mode. Password will be displayed in plaintext.
    | Enter your current iRODS password:
  stderr:
    | 
Output found

 --- IrodsSession: icommand executed by [rods#tempZone] [iadmin modresc demoResc name origResc] --- 
Assert Command: iadmin modresc demoResc name origResc
Expecting STDOUT_SINGLELINE: ['rename']
  stdout:
    | If you modify a resource name, you and other users will need to
    | change your irods_environment.json files to use it, you may need to update
    | server_config.json and, if rules use the resource name, you'll need to
    | update the core rules (core.re).  This command will update various
    | tables with the new name.
    | Do you really want to modify the resource name? (enter y or yes to do so):OK, performing the resource rename
  stderr:
    | 
Output found

 --- IrodsSession: icommand executed by [rods#tempZone] [iadmin mkresc demoResc 'unixfilesystem' d7680432ccfd:/var/lib/irods/demoRescVault] --- 
Assert Command: iadmin mkresc demoResc 'unixfilesystem' d7680432ccfd:/var/lib/irods/demoRescVault
Expecting STDOUT_SINGLELINE: ['unixfilesystem']
  stdout:
    | Creating resource:
    | Name:		"demoResc"
    | Type:		"unixfilesystem"
    | Host:		"d7680432ccfd"
    | Path:		"/var/lib/irods/demoRescVault"
    | Context:	""
  stderr:
    | 
Output found

 --- IrodsSession: icommand executed by [rods#tempZone] [iinit] --- 
Assert Command: iinit
Expecting STDOUT_SINGLELINE: ['']
  stdout:
    | WARNING: Error 25 disabling echo mode. Password will be displayed in plaintext.
    | Enter your current iRODS password:
  stderr:
    | 
Output found

 --- IrodsSession: icommand executed by [rods#tempZone] [iinit] --- 
Assert Command: iinit
Expecting STDOUT_SINGLELINE: ['']
  stdout:
    | WARNING: Error 25 disabling echo mode. Password will be displayed in plaintext.
    | Enter your current iRODS password:
  stderr:
    | 
Output found

 --- IrodsSession: icommand executed by [rods#tempZone] [iadmin mkuser otherrods rodsadmin] --- 
Assert Command: iadmin mkuser otherrods rodsadmin
Expecting EMPTY: ['']
  stdout:
    | 
  stderr:
    | 
Output found

 --- IrodsSession: icommand executed by [rods#tempZone] [iadmin moduser otherrods password rods] --- 
Assert Command: iadmin moduser otherrods password rods
Expecting EMPTY: ['']
  stdout:
    | 
  stderr:
    | 
Output found

 --- IrodsSession: icommand executed by [otherrods#tempZone] [iinit] --- 
Assert Command: iinit
Expecting STDOUT_SINGLELINE: ['']
  stdout:
    | WARNING: Error 25 disabling echo mode. Password will be displayed in plaintext.
    | Enter your current iRODS password:
  stderr:
    | 
Output found

 --- IrodsSession: icommand executed by [otherrods#tempZone] [imkdir /tempZone/home/otherrods/2024-08-05Z21:36:51--irods-testing-jaaqzpcu] --- 
Assert Command: imkdir /tempZone/home/otherrods/2024-08-05Z21:36:51--irods-testing-jaaqzpcu
Expecting EMPTY: ['']
  stdout:
    | 
  stderr:
    | 
Output found

 --- IrodsSession: icommand executed by [otherrods#tempZone] [icd /tempZone/home/otherrods/2024-08-05Z21:36:51--irods-testing-jaaqzpcu] --- 
Assert Command: icd /tempZone/home/otherrods/2024-08-05Z21:36:51--irods-testing-jaaqzpcu
Expecting EMPTY: ['']
  stdout:
    | 
  stderr:
    | 
Output found

 --- IrodsSession: icommand executed by [rods#tempZone] [iinit] --- 
Assert Command: iinit
Expecting STDOUT_SINGLELINE: ['']
  stdout:
    | WARNING: Error 25 disabling echo mode. Password will be displayed in plaintext.
    | Enter your current iRODS password:
  stderr:
    | 
Output found

 --- IrodsSession: icommand executed by [rods#tempZone] [iadmin mkuser alice rodsuser] --- 
Assert Command: iadmin mkuser alice rodsuser
Expecting EMPTY: ['']
  stdout:
    | 
  stderr:
    | 
Output found

 --- IrodsSession: icommand executed by [rods#tempZone] [iadmin moduser alice password apass] --- 
Assert Command: iadmin moduser alice password apass
Expecting EMPTY: ['']
  stdout:
    | 
  stderr:
    | 
Output found

 --- IrodsSession: icommand executed by [alice#tempZone] [iinit] --- 
Assert Command: iinit
Expecting STDOUT_SINGLELINE: ['']
  stdout:
    | WARNING: Error 25 disabling echo mode. Password will be displayed in plaintext.
    | Enter your current iRODS password:
  stderr:
    | 
Output found

 --- IrodsSession: icommand executed by [alice#tempZone] [imkdir /tempZone/home/alice/2024-08-05Z21:36:52--irods-testing-ru79k2_k] --- 
Assert Command: imkdir /tempZone/home/alice/2024-08-05Z21:36:52--irods-testing-ru79k2_k
Expecting EMPTY: ['']
  stdout:
    | 
  stderr:
    | 
Output found

 --- IrodsSession: icommand executed by [alice#tempZone] [icd /tempZone/home/alice/2024-08-05Z21:36:52--irods-testing-ru79k2_k] --- 
Assert Command: icd /tempZone/home/alice/2024-08-05Z21:36:52--irods-testing-ru79k2_k
Expecting EMPTY: ['']
  stdout:
    | 
  stderr:
    | 
Output found

 --- IrodsSession: icommand executed by [rods#tempZone] [iinit] --- 
Assert Command: iinit
Expecting STDOUT_SINGLELINE: ['']
  stdout:
    | WARNING: Error 25 disabling echo mode. Password will be displayed in plaintext.
    | Enter your current iRODS password:
  stderr:
    | 
Output found

 --- IrodsSession: icommand executed by [rods#tempZone] [iadmin mkuser bobby rodsuser] --- 
Assert Command: iadmin mkuser bobby rodsuser
Expecting EMPTY: ['']
  stdout:
    | 
  stderr:
    | 
Output found

 --- IrodsSession: icommand executed by [rods#tempZone] [iadmin moduser bobby password bpass] --- 
Assert Command: iadmin moduser bobby password bpass
Expecting EMPTY: ['']
  stdout:
    | 
  stderr:
    | 
Output found

 --- IrodsSession: icommand executed by [bobby#tempZone] [iinit] --- 
Assert Command: iinit
Expecting STDOUT_SINGLELINE: ['']
  stdout:
    | WARNING: Error 25 disabling echo mode. Password will be displayed in plaintext.
    | Enter your current iRODS password:
  stderr:
    | 
Output found

 --- IrodsSession: icommand executed by [bobby#tempZone] [imkdir /tempZone/home/bobby/2024-08-05Z21:36:53--irods-testing-sqactwuo] --- 
Assert Command: imkdir /tempZone/home/bobby/2024-08-05Z21:36:53--irods-testing-sqactwuo
Expecting EMPTY: ['']
  stdout:
    | 
  stderr:
    | 
Output found

 --- IrodsSession: icommand executed by [bobby#tempZone] [icd /tempZone/home/bobby/2024-08-05Z21:36:53--irods-testing-sqactwuo] --- 
Assert Command: icd /tempZone/home/bobby/2024-08-05Z21:36:53--irods-testing-sqactwuo
Expecting EMPTY: ['']
  stdout:
    | 
  stderr:
    | 
Output found

run_resource_setup - BEGIN
 --- IrodsSession: icommand executed by [otherrods#tempZone] [iadmin mkresc TestResc unixfilesystem d7680432ccfd:/tmp/irods/TestResc] --- 
Assert Command: iadmin mkresc TestResc unixfilesystem d7680432ccfd:/tmp/irods/TestResc
Expecting STDOUT_SINGLELINE: ['unixfilesystem']
  stdout:
    | Creating resource:
    | Name:		"TestResc"
    | Type:		"unixfilesystem"
    | Host:		"d7680432ccfd"
    | Path:		"/tmp/irods/TestResc"
    | Context:	""
  stderr:
    | 
Output found

 --- IrodsSession: icommand executed by [otherrods#tempZone] [iadmin mkresc AnotherResc unixfilesystem d7680432ccfd:/tmp/irods/AnotherResc] --- 
Assert Command: iadmin mkresc AnotherResc unixfilesystem d7680432ccfd:/tmp/irods/AnotherResc
Expecting STDOUT_SINGLELINE: ['unixfilesystem']
  stdout:
    | Creating resource:
    | Name:		"AnotherResc"
    | Type:		"unixfilesystem"
    | Host:		"d7680432ccfd"
    | Path:		"/tmp/irods/AnotherResc"
    | Context:	""
  stderr:
    | 
Output found

 --- IrodsSession: icommand executed by [otherrods#tempZone] [imkdir testdir] --- 
Assert Command: imkdir testdir
Expecting EMPTY: ['']
  stdout:
    | 
  stderr:
    | 
Output found

 --- IrodsSession: icommand executed by [otherrods#tempZone] [iput testfile.txt] --- 
Assert Command: iput testfile.txt
Expecting EMPTY: ['']
  stdout:
    | 
  stderr:
    | 
Output found

 --- IrodsSession: icommand executed by [otherrods#tempZone] [icp testfile.txt ../../public/] --- 
Assert Command: icp testfile.txt ../../public/
Expecting EMPTY: ['']
  stdout:
    | 
  stderr:
    | 
Output found

 --- IrodsSession: icommand executed by [otherrods#tempZone] [ichmod read alice ../../public/testfile.txt] --- 
Assert Command: ichmod read alice ../../public/testfile.txt
Expecting EMPTY: ['']
  stdout:
    | 
  stderr:
    | 
Output found

 --- IrodsSession: icommand executed by [otherrods#tempZone] [ichmod write bobby ../../public/testfile.txt] --- 
Assert Command: ichmod write bobby ../../public/testfile.txt
Expecting EMPTY: ['']
  stdout:
    | 
  stderr:
    | 
Output found

run_resource_setup - END
 --- IrodsSession: icommand executed by [otherrods#tempZone] [ils -L secondreplicatest.txt] --- 
Assert Command: ils -L secondreplicatest.txt
Expecting STDERR_SINGLELINE: ['does not exist']
  stdout:
    | 
  stderr:
    | remote addresses: 10.201.24.5 ERROR: lsUtil: srcPath /tempZone/home/otherrods/2024-08-05Z21:36:51--irods-testing-jaaqzpcu/secondreplicatest.txt does not exist or user lacks access permission
Output found

 --- IrodsSession: icommand executed by [otherrods#tempZone] [iput -R TestResc secondreplicatest.txt] --- 
Assert Command: iput -R TestResc secondreplicatest.txt
Expecting EMPTY: ['']
  stdout:
    | 
  stderr:
    | 
Output found

 --- IrodsSession: icommand executed by [otherrods#tempZone] [ils -L secondreplicatest.txt] --- 
Assert Command: ils -L secondreplicatest.txt
Expecting STDOUT_SINGLELINE: ['secondreplicatest.txt']
  stdout:
    |   otherrods         0 TestResc           50 2024-08-05.21:36 & secondreplicatest.txt
    |         generic    /tmp/irods/TestResc/home/otherrods/2024-08-05Z21:36:51--irods-testing-jaaqzpcu/secondreplicatest.txt
  stderr:
    | 
Output found

 --- IrodsSession: icommand executed by [otherrods#tempZone] [irepl secondreplicatest.txt] --- 
Assert Command: irepl secondreplicatest.txt
Expecting EMPTY: ['']
  stdout:
    | 
  stderr:
    | 
Output found

 --- IrodsSession: icommand executed by [otherrods#tempZone] [ils -L secondreplicatest.txt] --- 
Assert Command: ils -L secondreplicatest.txt
Expecting STDOUT_SINGLELINE: ['secondreplicatest.txt']
  stdout:
    |   otherrods         0 TestResc           50 2024-08-05.21:36 & secondreplicatest.txt
    |         generic    /tmp/irods/TestResc/home/otherrods/2024-08-05Z21:36:51--irods-testing-jaaqzpcu/secondreplicatest.txt
    |   otherrods         1 demoResc           50 2024-08-05.21:36 & secondreplicatest.txt
    |         generic    /var/lib/irods/demoRescVault/home/otherrods/2024-08-05Z21:36:51--irods-testing-jaaqzpcu/secondreplicatest.txt
  stderr:
    | 
Output found

 --- IrodsSession: icommand executed by [otherrods#tempZone] [irepl -S TestResc -R demoResc secondreplicatest.txt] --- 
Assert Command: irepl -S TestResc -R demoResc secondreplicatest.txt
Expecting EMPTY: ['']
  stdout:
    | 
  stderr:
    | 
Output found

 --- IrodsSession: icommand executed by [otherrods#tempZone] [ils -L secondreplicatest.txt] --- 
Assert FAIL Command: ils -L secondreplicatest.txt
Expecting STDOUT_SINGLELINE: [' 2 ', ' & secondreplicatest.txt']
  stdout:
    |   otherrods         0 TestResc           50 2024-08-05.21:36 & secondreplicatest.txt
    |         generic    /tmp/irods/TestResc/home/otherrods/2024-08-05Z21:36:51--irods-testing-jaaqzpcu/secondreplicatest.txt
    |   otherrods         1 demoResc           50 2024-08-05.21:36 & secondreplicatest.txt
    |         generic    /var/lib/irods/demoRescVault/home/otherrods/2024-08-05Z21:36:51--irods-testing-jaaqzpcu/secondreplicatest.txt
  stderr:
    | 
Output not found

 --- IrodsSession: icommand executed by [otherrods#tempZone] [irepl -S demoResc -R TestResc secondreplicatest.txt] --- 
Assert Command: irepl -S demoResc -R TestResc secondreplicatest.txt
Expecting EMPTY: ['']
  stdout:
    | 
  stderr:
    | 
Output found

 --- IrodsSession: icommand executed by [otherrods#tempZone] [ils -L secondreplicatest.txt] --- 
Assert FAIL Command: ils -L secondreplicatest.txt
Expecting STDOUT_SINGLELINE: [' 2 ', ' & secondreplicatest.txt']
  stdout:
    |   otherrods         0 TestResc           50 2024-08-05.21:36 & secondreplicatest.txt
    |         generic    /tmp/irods/TestResc/home/otherrods/2024-08-05Z21:36:51--irods-testing-jaaqzpcu/secondreplicatest.txt
    |   otherrods         1 demoResc           50 2024-08-05.21:36 & secondreplicatest.txt
    |         generic    /var/lib/irods/demoRescVault/home/otherrods/2024-08-05Z21:36:51--irods-testing-jaaqzpcu/secondreplicatest.txt
  stderr:
    | 
Output not found

run_resource_teardown - BEGIN
 --- IrodsSession: icommand executed by [otherrods#tempZone] [icd] --- 
 --- IrodsSession: icommand executed by [otherrods#tempZone] [irm testfile.txt ../public/testfile.txt] --- 
 --- IrodsSession: icommand executed by [otherrods#tempZone] [irm -rf ../../bundle] --- 
 --- IrodsSession: icommand executed by [rods#tempZone] [iinit] --- 
Assert Command: iinit
Expecting STDOUT_SINGLELINE: ['']
  stdout:
    | WARNING: Error 25 disabling echo mode. Password will be displayed in plaintext.
    | Enter your current iRODS password:
  stderr:
    | 
Output found

 --- IrodsSession: icommand executed by [otherrods#tempZone] [icd] --- 
Assert Command: icd
Expecting EMPTY: ['']
  stdout:
    | 
  stderr:
    | 
Output found

 --- IrodsSession: icommand executed by [otherrods#tempZone] [irm -rf /tempZone/home/otherrods/2024-08-05Z21:36:51--irods-testing-jaaqzpcu] --- 
Assert Command: irm -rf /tempZone/home/otherrods/2024-08-05Z21:36:51--irods-testing-jaaqzpcu
Expecting EMPTY: ['']
  stdout:
    | 
  stderr:
    | 
Output found

 --- IrodsSession: icommand executed by [otherrods#tempZone] [irmtrash] --- 
Assert Command: irmtrash
Expecting EMPTY: ['']
  stdout:
    | 
  stderr:
    | 
Output found

 --- IrodsSession: icommand executed by [rods#tempZone] [iadmin rmuser otherrods] --- 
Assert Command: iadmin rmuser otherrods
Expecting EMPTY: ['']
  stdout:
    | 
  stderr:
    | 
Output found

 --- IrodsSession: icommand executed by [alice#tempZone] [icd] --- 
Assert Command: icd
Expecting EMPTY: ['']
  stdout:
    | 
  stderr:
    | 
Output found

 --- IrodsSession: icommand executed by [alice#tempZone] [irm -rf /tempZone/home/alice/2024-08-05Z21:36:52--irods-testing-ru79k2_k] --- 
Assert Command: irm -rf /tempZone/home/alice/2024-08-05Z21:36:52--irods-testing-ru79k2_k
Expecting EMPTY: ['']
  stdout:
    | 
  stderr:
    | 
Output found

 --- IrodsSession: icommand executed by [alice#tempZone] [irmtrash] --- 
Assert Command: irmtrash
Expecting EMPTY: ['']
  stdout:
    | 
  stderr:
    | 
Output found

 --- IrodsSession: icommand executed by [rods#tempZone] [iadmin rmuser alice] --- 
Assert Command: iadmin rmuser alice
Expecting EMPTY: ['']
  stdout:
    | 
  stderr:
    | 
Output found

 --- IrodsSession: icommand executed by [bobby#tempZone] [icd] --- 
Assert Command: icd
Expecting EMPTY: ['']
  stdout:
    | 
  stderr:
    | 
Output found

 --- IrodsSession: icommand executed by [bobby#tempZone] [irm -rf /tempZone/home/bobby/2024-08-05Z21:36:53--irods-testing-sqactwuo] --- 
Assert Command: irm -rf /tempZone/home/bobby/2024-08-05Z21:36:53--irods-testing-sqactwuo
Expecting EMPTY: ['']
  stdout:
    | 
  stderr:
    | 
Output found

 --- IrodsSession: icommand executed by [bobby#tempZone] [irmtrash] --- 
Assert Command: irmtrash
Expecting EMPTY: ['']
  stdout:
    | 
  stderr:
    | 
Output found

 --- IrodsSession: icommand executed by [rods#tempZone] [iadmin rmuser bobby] --- 
Assert Command: iadmin rmuser bobby
Expecting EMPTY: ['']
  stdout:
    | 
  stderr:
    | 
Output found

 --- IrodsSession: icommand executed by [rods#tempZone] [iinit] --- 
Assert Command: iinit
Expecting STDOUT_SINGLELINE: ['']
  stdout:
    | WARNING: Error 25 disabling echo mode. Password will be displayed in plaintext.
    | Enter your current iRODS password:
  stderr:
    | 
Output found

 --- IrodsSession: icommand executed by [rods#tempZone] [irmtrash -M] --- 
 --- IrodsSession: icommand executed by [rods#tempZone] [iadmin rmresc TestResc] --- 
 --- IrodsSession: icommand executed by [rods#tempZone] [iadmin rmresc AnotherResc] --- 
run_resource_teardown - END
 --- IrodsSession: icommand executed by [rods#tempZone] [iinit] --- 
Assert Command: iinit
Expecting STDOUT_SINGLELINE: ['']
  stdout:
    | WARNING: Error 25 disabling echo mode. Password will be displayed in plaintext.
    | Enter your current iRODS password:
  stderr:
    | 
Output found

 --- IrodsSession: icommand executed by [rods#tempZone] [iadmin rmresc demoResc] --- 
Assert Command: iadmin rmresc demoResc
Expecting EMPTY: ['']
  stdout:
    | 
  stderr:
    | 
Output found

 --- IrodsSession: icommand executed by [rods#tempZone] [iadmin modresc origResc name demoResc] --- 
Assert Command: iadmin modresc origResc name demoResc
Expecting STDOUT_SINGLELINE: ['rename']
  stdout:
    | If you modify a resource name, you and other users will need to
    | change your irods_environment.json files to use it, you may need to update
    | server_config.json and, if rules use the resource name, you'll need to
    | update the core rules (core.re).  This command will update various
    | tables with the new name.
    | Do you really want to modify the resource name? (enter y or yes to do so):OK, performing the resource rename
  stderr:
    | 
Output found

]]></system-out>
	</testcase>
	<testcase classname="irods.test.test_resource_types.Test_Resource_Unixfilesystem" name="test_irepl_over_existing_third_replica__ticket_1705" time="14.031" timestamp="2024-08-05T21:37:16" file="scripts/irods/test/test_resource_types.py" line="957">
		<system-out><![CDATA[ --- IrodsSession: icommand executed by [rods#tempZone] [iinit] --- 
Assert Command: iinit
Expecting STDOUT_SINGLELINE: ['']
  stdout:
    | WARNING: Error 25 disabling echo mode. Password will be displayed in plaintext.
    | Enter your current iRODS password:
  stderr:
    | 
Output found

 --- IrodsSession: icommand executed by [rods#tempZone] [iadmin modresc demoResc name origResc] --- 
Assert Command: iadmin modresc demoResc name origResc
Expecting STDOUT_SINGLELINE: ['rename']
  stdout:
    | If you modify a resource name, you and other users will need to
    | change your irods_environment.json files to use it, you may need to update
    | server_config.json and, if rules use the resource name, you'll need to
    | update the core rules (core.re).  This command will update various
    | tables with the new name.
    | Do you really want to modify the resource name? (enter y or yes to do so):OK, performing the resource rename
  stderr:
    | 
Output found

 --- IrodsSession: icommand executed by [rods#tempZone] [iadmin mkresc demoResc 'unixfilesystem' d7680432ccfd:/var/lib/irods/demoRescVault] --- 
Assert Command: iadmin mkresc demoResc 'unixfilesystem' d7680432ccfd:/var/lib/irods/demoRescVault
Expecting STDOUT_SINGLELINE: ['unixfilesystem']
  stdout:
    | Creating resource:
    | Name:		"demoResc"
    | Type:		"unixfilesystem"
    | Host:		"d7680432ccfd"
    | Path:		"/var/lib/irods/demoRescVault"
    | Context:	""
  stderr:
    | 
Output found

 --- IrodsSession: icommand executed by [rods#tempZone] [iinit] --- 
Assert Command: iinit
Expecting STDOUT_SINGLELINE: ['']
  stdout:
    | WARNING: Error 25 disabling echo mode. Password will be displayed in plaintext.
    | Enter your current iRODS password:
  stderr:
    | 
Output found

 --- IrodsSession: icommand executed by [rods#tempZone] [iinit] --- 
Assert Command: iinit
Expecting STDOUT_SINGLELINE: ['']
  stdout:
    | WARNING: Error 25 disabling echo mode. Password will be displayed in plaintext.
    | Enter your current iRODS password:
  stderr:
    | 
Output found

 --- IrodsSession: icommand executed by [rods#tempZone] [iadmin mkuser otherrods rodsadmin] --- 
Assert Command: iadmin mkuser otherrods rodsadmin
Expecting EMPTY: ['']
  stdout:
    | 
  stderr:
    | 
Output found

 --- IrodsSession: icommand executed by [rods#tempZone] [iadmin moduser otherrods password rods] --- 
Assert Command: iadmin moduser otherrods password rods
Expecting EMPTY: ['']
  stdout:
    | 
  stderr:
    | 
Output found

 --- IrodsSession: icommand executed by [otherrods#tempZone] [iinit] --- 
Assert Command: iinit
Expecting STDOUT_SINGLELINE: ['']
  stdout:
    | WARNING: Error 25 disabling echo mode. Password will be displayed in plaintext.
    | Enter your current iRODS password:
  stderr:
    | 
Output found

 --- IrodsSession: icommand executed by [otherrods#tempZone] [imkdir /tempZone/home/otherrods/2024-08-05Z21:37:03--irods-testing-magn28ha] --- 
Assert Command: imkdir /tempZone/home/otherrods/2024-08-05Z21:37:03--irods-testing-magn28ha
Expecting EMPTY: ['']
  stdout:
    | 
  stderr:
    | 
Output found

 --- IrodsSession: icommand executed by [otherrods#tempZone] [icd /tempZone/home/otherrods/2024-08-05Z21:37:03--irods-testing-magn28ha] --- 
Assert Command: icd /tempZone/home/otherrods/2024-08-05Z21:37:03--irods-testing-magn28ha
Expecting EMPTY: ['']
  stdout:
    | 
  stderr:
    | 
Output found

 --- IrodsSession: icommand executed by [rods#tempZone] [iinit] --- 
Assert Command: iinit
Expecting STDOUT_SINGLELINE: ['']
  stdout:
    | WARNING: Error 25 disabling echo mode. Password will be displayed in plaintext.
    | Enter your current iRODS password:
  stderr:
    | 
Output found

 --- IrodsSession: icommand executed by [rods#tempZone] [iadmin mkuser alice rodsuser] --- 
Assert Command: iadmin mkuser alice rodsuser
Expecting EMPTY: ['']
  stdout:
    | 
  stderr:
    | 
Output found

 --- IrodsSession: icommand executed by [rods#tempZone] [iadmin moduser alice password apass] --- 
Assert Command: iadmin moduser alice password apass
Expecting EMPTY: ['']
  stdout:
    | 
  stderr:
    | 
Output found

 --- IrodsSession: icommand executed by [alice#tempZone] [iinit] --- 
Assert Command: iinit
Expecting STDOUT_SINGLELINE: ['']
  stdout:
    | WARNING: Error 25 disabling echo mode. Password will be displayed in plaintext.
    | Enter your current iRODS password:
  stderr:
    | 
Output found

 --- IrodsSession: icommand executed by [alice#tempZone] [imkdir /tempZone/home/alice/2024-08-05Z21:37:05--irods-testing-zrdyr6c9] --- 
Assert Command: imkdir /tempZone/home/alice/2024-08-05Z21:37:05--irods-testing-zrdyr6c9
Expecting EMPTY: ['']
  stdout:
    | 
  stderr:
    | 
Output found

 --- IrodsSession: icommand executed by [alice#tempZone] [icd /tempZone/home/alice/2024-08-05Z21:37:05--irods-testing-zrdyr6c9] --- 
Assert Command: icd /tempZone/home/alice/2024-08-05Z21:37:05--irods-testing-zrdyr6c9
Expecting EMPTY: ['']
  stdout:
    | 
  stderr:
    | 
Output found

 --- IrodsSession: icommand executed by [rods#tempZone] [iinit] --- 
Assert Command: iinit
Expecting STDOUT_SINGLELINE: ['']
  stdout:
    | WARNING: Error 25 disabling echo mode. Password will be displayed in plaintext.
    | Enter your current iRODS password:
  stderr:
    | 
Output found

 --- IrodsSession: icommand executed by [rods#tempZone] [iadmin mkuser bobby rodsuser] --- 
Assert Command: iadmin mkuser bobby rodsuser
Expecting EMPTY: ['']
  stdout:
    | 
  stderr:
    | 
Output found

 --- IrodsSession: icommand executed by [rods#tempZone] [iadmin moduser bobby password bpass] --- 
Assert Command: iadmin moduser bobby password bpass
Expecting EMPTY: ['']
  stdout:
    | 
  stderr:
    | 
Output found

 --- IrodsSession: icommand executed by [bobby#tempZone] [iinit] --- 
Assert Command: iinit
Expecting STDOUT_SINGLELINE: ['']
  stdout:
    | WARNING: Error 25 disabling echo mode. Password will be displayed in plaintext.
    | Enter your current iRODS password:
  stderr:
    | 
Output found

 --- IrodsSession: icommand executed by [bobby#tempZone] [imkdir /tempZone/home/bobby/2024-08-05Z21:37:06--irods-testing-37hbmvu0] --- 
Assert Command: imkdir /tempZone/home/bobby/2024-08-05Z21:37:06--irods-testing-37hbmvu0
Expecting EMPTY: ['']
  stdout:
    | 
  stderr:
    | 
Output found

 --- IrodsSession: icommand executed by [bobby#tempZone] [icd /tempZone/home/bobby/2024-08-05Z21:37:06--irods-testing-37hbmvu0] --- 
Assert Command: icd /tempZone/home/bobby/2024-08-05Z21:37:06--irods-testing-37hbmvu0
Expecting EMPTY: ['']
  stdout:
    | 
  stderr:
    | 
Output found

run_resource_setup - BEGIN
 --- IrodsSession: icommand executed by [otherrods#tempZone] [iadmin mkresc TestResc unixfilesystem d7680432ccfd:/tmp/irods/TestResc] --- 
Assert Command: iadmin mkresc TestResc unixfilesystem d7680432ccfd:/tmp/irods/TestResc
Expecting STDOUT_SINGLELINE: ['unixfilesystem']
  stdout:
    | Creating resource:
    | Name:		"TestResc"
    | Type:		"unixfilesystem"
    | Host:		"d7680432ccfd"
    | Path:		"/tmp/irods/TestResc"
    | Context:	""
  stderr:
    | 
Output found

 --- IrodsSession: icommand executed by [otherrods#tempZone] [iadmin mkresc AnotherResc unixfilesystem d7680432ccfd:/tmp/irods/AnotherResc] --- 
Assert Command: iadmin mkresc AnotherResc unixfilesystem d7680432ccfd:/tmp/irods/AnotherResc
Expecting STDOUT_SINGLELINE: ['unixfilesystem']
  stdout:
    | Creating resource:
    | Name:		"AnotherResc"
    | Type:		"unixfilesystem"
    | Host:		"d7680432ccfd"
    | Path:		"/tmp/irods/AnotherResc"
    | Context:	""
  stderr:
    | 
Output found

 --- IrodsSession: icommand executed by [otherrods#tempZone] [imkdir testdir] --- 
Assert Command: imkdir testdir
Expecting EMPTY: ['']
  stdout:
    | 
  stderr:
    | 
Output found

 --- IrodsSession: icommand executed by [otherrods#tempZone] [iput testfile.txt] --- 
Assert Command: iput testfile.txt
Expecting EMPTY: ['']
  stdout:
    | 
  stderr:
    | 
Output found

 --- IrodsSession: icommand executed by [otherrods#tempZone] [icp testfile.txt ../../public/] --- 
Assert Command: icp testfile.txt ../../public/
Expecting EMPTY: ['']
  stdout:
    | 
  stderr:
    | 
Output found

 --- IrodsSession: icommand executed by [otherrods#tempZone] [ichmod read alice ../../public/testfile.txt] --- 
Assert Command: ichmod read alice ../../public/testfile.txt
Expecting EMPTY: ['']
  stdout:
    | 
  stderr:
    | 
Output found

 --- IrodsSession: icommand executed by [otherrods#tempZone] [ichmod write bobby ../../public/testfile.txt] --- 
Assert Command: ichmod write bobby ../../public/testfile.txt
Expecting EMPTY: ['']
  stdout:
    | 
  stderr:
    | 
Output found

run_resource_setup - END
 --- IrodsSession: icommand executed by [otherrods#tempZone] [iadmin mkresc thirdresc unixfilesystem d7680432ccfd:/tmp/irods/thirdrescVault] --- 
Assert Command: iadmin mkresc thirdresc unixfilesystem d7680432ccfd:/tmp/irods/thirdrescVault
Expecting STDOUT_SINGLELINE: ['Creating']
  stdout:
    | Creating resource:
    | Name:		"thirdresc"
    | Type:		"unixfilesystem"
    | Host:		"d7680432ccfd"
    | Path:		"/tmp/irods/thirdrescVault"
    | Context:	""
  stderr:
    | 
Output found

 --- IrodsSession: icommand executed by [otherrods#tempZone] [ils -L thirdreplicatest.txt] --- 
Assert Command: ils -L thirdreplicatest.txt
Expecting STDERR_SINGLELINE: ['does not exist']
  stdout:
    | 
  stderr:
    | remote addresses: 10.201.24.5 ERROR: lsUtil: srcPath /tempZone/home/otherrods/2024-08-05Z21:37:03--irods-testing-magn28ha/thirdreplicatest.txt does not exist or user lacks access permission
Output found

 --- IrodsSession: icommand executed by [otherrods#tempZone] [iput thirdreplicatest.txt] --- 
Assert Command: iput thirdreplicatest.txt
Expecting EMPTY: ['']
  stdout:
    | 
  stderr:
    | 
Output found

 --- IrodsSession: icommand executed by [otherrods#tempZone] [irepl -R TestResc thirdreplicatest.txt] --- 
Assert Command: irepl -R TestResc thirdreplicatest.txt
Expecting EMPTY: ['']
  stdout:
    | 
  stderr:
    | 
Output found

 --- IrodsSession: icommand executed by [otherrods#tempZone] [irepl -R thirdresc thirdreplicatest.txt] --- 
Assert Command: irepl -R thirdresc thirdreplicatest.txt
Expecting EMPTY: ['']
  stdout:
    | 
  stderr:
    | 
Output found

 --- IrodsSession: icommand executed by [otherrods#tempZone] [irepl -S TestResc -R demoResc thirdreplicatest.txt] --- 
Assert Command: irepl -S TestResc -R demoResc thirdreplicatest.txt
Expecting EMPTY: ['']
  stdout:
    | 
  stderr:
    | 
Output found

 --- IrodsSession: icommand executed by [otherrods#tempZone] [ils -L thirdreplicatest.txt] --- 
Assert Command: ils -L thirdreplicatest.txt
Expecting STDOUT_SINGLELINE: ['thirdreplicatest.txt']
  stdout:
    |   otherrods         0 demoResc           49 2024-08-05.21:37 & thirdreplicatest.txt
    |         generic    /var/lib/irods/demoRescVault/home/otherrods/2024-08-05Z21:37:03--irods-testing-magn28ha/thirdreplicatest.txt
    |   otherrods         1 TestResc           49 2024-08-05.21:37 & thirdreplicatest.txt
    |         generic    /tmp/irods/TestResc/home/otherrods/2024-08-05Z21:37:03--irods-testing-magn28ha/thirdreplicatest.txt
    |   otherrods         2 thirdresc           49 2024-08-05.21:37 & thirdreplicatest.txt
    |         generic    /tmp/irods/thirdrescVault/home/otherrods/2024-08-05Z21:37:03--irods-testing-magn28ha/thirdreplicatest.txt
  stderr:
    | 
Output found

 --- IrodsSession: icommand executed by [otherrods#tempZone] [irepl -S demoResc -R TestResc thirdreplicatest.txt] --- 
Assert Command: irepl -S demoResc -R TestResc thirdreplicatest.txt
Expecting EMPTY: ['']
  stdout:
    | 
  stderr:
    | 
Output found

 --- IrodsSession: icommand executed by [otherrods#tempZone] [ils -L thirdreplicatest.txt] --- 
Assert Command: ils -L thirdreplicatest.txt
Expecting STDOUT_SINGLELINE: ['thirdreplicatest.txt']
  stdout:
    |   otherrods         0 demoResc           49 2024-08-05.21:37 & thirdreplicatest.txt
    |         generic    /var/lib/irods/demoRescVault/home/otherrods/2024-08-05Z21:37:03--irods-testing-magn28ha/thirdreplicatest.txt
    |   otherrods         1 TestResc           49 2024-08-05.21:37 & thirdreplicatest.txt
    |         generic    /tmp/irods/TestResc/home/otherrods/2024-08-05Z21:37:03--irods-testing-magn28ha/thirdreplicatest.txt
    |   otherrods         2 thirdresc           49 2024-08-05.21:37 & thirdreplicatest.txt
    |         generic    /tmp/irods/thirdrescVault/home/otherrods/2024-08-05Z21:37:03--irods-testing-magn28ha/thirdreplicatest.txt
  stderr:
    | 
Output found

 --- IrodsSession: icommand executed by [otherrods#tempZone] [irepl -S demoResc -R thirdresc thirdreplicatest.txt] --- 
Assert Command: irepl -S demoResc -R thirdresc thirdreplicatest.txt
Expecting EMPTY: ['']
  stdout:
    | 
  stderr:
    | 
Output found

 --- IrodsSession: icommand executed by [otherrods#tempZone] [ils -L thirdreplicatest.txt] --- 
Assert Command: ils -L thirdreplicatest.txt
Expecting STDOUT_SINGLELINE: ['thirdreplicatest.txt']
  stdout:
    |   otherrods         0 demoResc           49 2024-08-05.21:37 & thirdreplicatest.txt
    |         generic    /var/lib/irods/demoRescVault/home/otherrods/2024-08-05Z21:37:03--irods-testing-magn28ha/thirdreplicatest.txt
    |   otherrods         1 TestResc           49 2024-08-05.21:37 & thirdreplicatest.txt
    |         generic    /tmp/irods/TestResc/home/otherrods/2024-08-05Z21:37:03--irods-testing-magn28ha/thirdreplicatest.txt
    |   otherrods         2 thirdresc           49 2024-08-05.21:37 & thirdreplicatest.txt
    |         generic    /tmp/irods/thirdrescVault/home/otherrods/2024-08-05Z21:37:03--irods-testing-magn28ha/thirdreplicatest.txt
  stderr:
    | 
Output found

 --- IrodsSession: icommand executed by [otherrods#tempZone] [ils -L thirdreplicatest.txt] --- 
Assert FAIL Command: ils -L thirdreplicatest.txt
Expecting STDOUT_SINGLELINE: [' 3 ', ' & thirdreplicatest.txt']
  stdout:
    |   otherrods         0 demoResc           49 2024-08-05.21:37 & thirdreplicatest.txt
    |         generic    /var/lib/irods/demoRescVault/home/otherrods/2024-08-05Z21:37:03--irods-testing-magn28ha/thirdreplicatest.txt
    |   otherrods         1 TestResc           49 2024-08-05.21:37 & thirdreplicatest.txt
    |         generic    /tmp/irods/TestResc/home/otherrods/2024-08-05Z21:37:03--irods-testing-magn28ha/thirdreplicatest.txt
    |   otherrods         2 thirdresc           49 2024-08-05.21:37 & thirdreplicatest.txt
    |         generic    /tmp/irods/thirdrescVault/home/otherrods/2024-08-05Z21:37:03--irods-testing-magn28ha/thirdreplicatest.txt
  stderr:
    | 
Output not found

 --- IrodsSession: icommand executed by [otherrods#tempZone] [ils -L thirdreplicatest.txt] --- 
Assert FAIL Command: ils -L thirdreplicatest.txt
Expecting STDOUT_SINGLELINE: [' 4 ', ' & thirdreplicatest.txt']
  stdout:
    |   otherrods         0 demoResc           49 2024-08-05.21:37 & thirdreplicatest.txt
    |         generic    /var/lib/irods/demoRescVault/home/otherrods/2024-08-05Z21:37:03--irods-testing-magn28ha/thirdreplicatest.txt
    |   otherrods         1 TestResc           49 2024-08-05.21:37 & thirdreplicatest.txt
    |         generic    /tmp/irods/TestResc/home/otherrods/2024-08-05Z21:37:03--irods-testing-magn28ha/thirdreplicatest.txt
    |   otherrods         2 thirdresc           49 2024-08-05.21:37 & thirdreplicatest.txt
    |         generic    /tmp/irods/thirdrescVault/home/otherrods/2024-08-05Z21:37:03--irods-testing-magn28ha/thirdreplicatest.txt
  stderr:
    | 
Output not found

 --- IrodsSession: icommand executed by [otherrods#tempZone] [irm -f thirdreplicatest.txt] --- 
Assert Command: irm -f thirdreplicatest.txt
Expecting EMPTY: ['']
  stdout:
    | 
  stderr:
    | 
Output found

 --- IrodsSession: icommand executed by [otherrods#tempZone] [iadmin rmresc thirdresc] --- 
Assert Command: iadmin rmresc thirdresc
Expecting EMPTY: ['']
  stdout:
    | 
  stderr:
    | 
Output found

run_resource_teardown - BEGIN
 --- IrodsSession: icommand executed by [otherrods#tempZone] [icd] --- 
 --- IrodsSession: icommand executed by [otherrods#tempZone] [irm testfile.txt ../public/testfile.txt] --- 
 --- IrodsSession: icommand executed by [otherrods#tempZone] [irm -rf ../../bundle] --- 
 --- IrodsSession: icommand executed by [rods#tempZone] [iinit] --- 
Assert Command: iinit
Expecting STDOUT_SINGLELINE: ['']
  stdout:
    | WARNING: Error 25 disabling echo mode. Password will be displayed in plaintext.
    | Enter your current iRODS password:
  stderr:
    | 
Output found

 --- IrodsSession: icommand executed by [otherrods#tempZone] [icd] --- 
Assert Command: icd
Expecting EMPTY: ['']
  stdout:
    | 
  stderr:
    | 
Output found

 --- IrodsSession: icommand executed by [otherrods#tempZone] [irm -rf /tempZone/home/otherrods/2024-08-05Z21:37:03--irods-testing-magn28ha] --- 
Assert Command: irm -rf /tempZone/home/otherrods/2024-08-05Z21:37:03--irods-testing-magn28ha
Expecting EMPTY: ['']
  stdout:
    | 
  stderr:
    | 
Output found

 --- IrodsSession: icommand executed by [otherrods#tempZone] [irmtrash] --- 
Assert Command: irmtrash
Expecting EMPTY: ['']
  stdout:
    | 
  stderr:
    | 
Output found

 --- IrodsSession: icommand executed by [rods#tempZone] [iadmin rmuser otherrods] --- 
Assert Command: iadmin rmuser otherrods
Expecting EMPTY: ['']
  stdout:
    | 
  stderr:
    | 
Output found

 --- IrodsSession: icommand executed by [alice#tempZone] [icd] --- 
Assert Command: icd
Expecting EMPTY: ['']
  stdout:
    | 
  stderr:
    | 
Output found

 --- IrodsSession: icommand executed by [alice#tempZone] [irm -rf /tempZone/home/alice/2024-08-05Z21:37:05--irods-testing-zrdyr6c9] --- 
Assert Command: irm -rf /tempZone/home/alice/2024-08-05Z21:37:05--irods-testing-zrdyr6c9
Expecting EMPTY: ['']
  stdout:
    | 
  stderr:
    | 
Output found

 --- IrodsSession: icommand executed by [alice#tempZone] [irmtrash] --- 
Assert Command: irmtrash
Expecting EMPTY: ['']
  stdout:
    | 
  stderr:
    | 
Output found

 --- IrodsSession: icommand executed by [rods#tempZone] [iadmin rmuser alice] --- 
Assert Command: iadmin rmuser alice
Expecting EMPTY: ['']
  stdout:
    | 
  stderr:
    | 
Output found

 --- IrodsSession: icommand executed by [bobby#tempZone] [icd] --- 
Assert Command: icd
Expecting EMPTY: ['']
  stdout:
    | 
  stderr:
    | 
Output found

 --- IrodsSession: icommand executed by [bobby#tempZone] [irm -rf /tempZone/home/bobby/2024-08-05Z21:37:06--irods-testing-37hbmvu0] --- 
Assert Command: irm -rf /tempZone/home/bobby/2024-08-05Z21:37:06--irods-testing-37hbmvu0
Expecting EMPTY: ['']
  stdout:
    | 
  stderr:
    | 
Output found

 --- IrodsSession: icommand executed by [bobby#tempZone] [irmtrash] --- 
Assert Command: irmtrash
Expecting EMPTY: ['']
  stdout:
    | 
  stderr:
    | 
Output found

 --- IrodsSession: icommand executed by [rods#tempZone] [iadmin rmuser bobby] --- 
Assert Command: iadmin rmuser bobby
Expecting EMPTY: ['']
  stdout:
    | 
  stderr:
    | 
Output found

 --- IrodsSession: icommand executed by [rods#tempZone] [iinit] --- 
Assert Command: iinit
Expecting STDOUT_SINGLELINE: ['']
  stdout:
    | WARNING: Error 25 disabling echo mode. Password will be displayed in plaintext.
    | Enter your current iRODS password:
  stderr:
    | 
Output found

 --- IrodsSession: icommand executed by [rods#tempZone] [irmtrash -M] --- 
 --- IrodsSession: icommand executed by [rods#tempZone] [iadmin rmresc TestResc] --- 
 --- IrodsSession: icommand executed by [rods#tempZone] [iadmin rmresc AnotherResc] --- 
run_resource_teardown - END
 --- IrodsSession: icommand executed by [rods#tempZone] [iinit] --- 
Assert Command: iinit
Expecting STDOUT_SINGLELINE: ['']
  stdout:
    | WARNING: Error 25 disabling echo mode. Password will be displayed in plaintext.
    | Enter your current iRODS password:
  stderr:
    | 
Output found

 --- IrodsSession: icommand executed by [rods#tempZone] [iadmin rmresc demoResc] --- 
Assert Command: iadmin rmresc demoResc
Expecting EMPTY: ['']
  stdout:
    | 
  stderr:
    | 
Output found

 --- IrodsSession: icommand executed by [rods#tempZone] [iadmin modresc origResc name demoResc] --- 
Assert Command: iadmin modresc origResc name demoResc
Expecting STDOUT_SINGLELINE: ['rename']
  stdout:
    | If you modify a resource name, you and other users will need to
    | change your irods_environment.json files to use it, you may need to update
    | server_config.json and, if rules use the resource name, you'll need to
    | update the core rules (core.re).  This command will update various
    | tables with the new name.
    | Do you really want to modify the resource name? (enter y or yes to do so):OK, performing the resource rename
  stderr:
    | 
Output found

]]></system-out>
	</testcase>
	<testcase classname="irods.test.test_resource_types.Test_Resource_Unixfilesystem" name="test_irepl_update_replicas" time="16.953" timestamp="2024-08-05T21:37:33" file="scripts/irods/test/test_resource_types.py" line="867">
		<system-out><![CDATA[ --- IrodsSession: icommand executed by [rods#tempZone] [iinit] --- 
Assert Command: iinit
Expecting STDOUT_SINGLELINE: ['']
  stdout:
    | WARNING: Error 25 disabling echo mode. Password will be displayed in plaintext.
    | Enter your current iRODS password:
  stderr:
    | 
Output found

 --- IrodsSession: icommand executed by [rods#tempZone] [iadmin modresc demoResc name origResc] --- 
Assert Command: iadmin modresc demoResc name origResc
Expecting STDOUT_SINGLELINE: ['rename']
  stdout:
    | If you modify a resource name, you and other users will need to
    | change your irods_environment.json files to use it, you may need to update
    | server_config.json and, if rules use the resource name, you'll need to
    | update the core rules (core.re).  This command will update various
    | tables with the new name.
    | Do you really want to modify the resource name? (enter y or yes to do so):OK, performing the resource rename
  stderr:
    | 
Output found

 --- IrodsSession: icommand executed by [rods#tempZone] [iadmin mkresc demoResc 'unixfilesystem' d7680432ccfd:/var/lib/irods/demoRescVault] --- 
Assert Command: iadmin mkresc demoResc 'unixfilesystem' d7680432ccfd:/var/lib/irods/demoRescVault
Expecting STDOUT_SINGLELINE: ['unixfilesystem']
  stdout:
    | Creating resource:
    | Name:		"demoResc"
    | Type:		"unixfilesystem"
    | Host:		"d7680432ccfd"
    | Path:		"/var/lib/irods/demoRescVault"
    | Context:	""
  stderr:
    | 
Output found

 --- IrodsSession: icommand executed by [rods#tempZone] [iinit] --- 
Assert Command: iinit
Expecting STDOUT_SINGLELINE: ['']
  stdout:
    | WARNING: Error 25 disabling echo mode. Password will be displayed in plaintext.
    | Enter your current iRODS password:
  stderr:
    | 
Output found

 --- IrodsSession: icommand executed by [rods#tempZone] [iinit] --- 
Assert Command: iinit
Expecting STDOUT_SINGLELINE: ['']
  stdout:
    | WARNING: Error 25 disabling echo mode. Password will be displayed in plaintext.
    | Enter your current iRODS password:
  stderr:
    | 
Output found

 --- IrodsSession: icommand executed by [rods#tempZone] [iadmin mkuser otherrods rodsadmin] --- 
Assert Command: iadmin mkuser otherrods rodsadmin
Expecting EMPTY: ['']
  stdout:
    | 
  stderr:
    | 
Output found

 --- IrodsSession: icommand executed by [rods#tempZone] [iadmin moduser otherrods password rods] --- 
Assert Command: iadmin moduser otherrods password rods
Expecting EMPTY: ['']
  stdout:
    | 
  stderr:
    | 
Output found

 --- IrodsSession: icommand executed by [otherrods#tempZone] [iinit] --- 
Assert Command: iinit
Expecting STDOUT_SINGLELINE: ['']
  stdout:
    | WARNING: Error 25 disabling echo mode. Password will be displayed in plaintext.
    | Enter your current iRODS password:
  stderr:
    | 
Output found

 --- IrodsSession: icommand executed by [otherrods#tempZone] [imkdir /tempZone/home/otherrods/2024-08-05Z21:37:18--irods-testing-y1ci6o1u] --- 
Assert Command: imkdir /tempZone/home/otherrods/2024-08-05Z21:37:18--irods-testing-y1ci6o1u
Expecting EMPTY: ['']
  stdout:
    | 
  stderr:
    | 
Output found

 --- IrodsSession: icommand executed by [otherrods#tempZone] [icd /tempZone/home/otherrods/2024-08-05Z21:37:18--irods-testing-y1ci6o1u] --- 
Assert Command: icd /tempZone/home/otherrods/2024-08-05Z21:37:18--irods-testing-y1ci6o1u
Expecting EMPTY: ['']
  stdout:
    | 
  stderr:
    | 
Output found

 --- IrodsSession: icommand executed by [rods#tempZone] [iinit] --- 
Assert Command: iinit
Expecting STDOUT_SINGLELINE: ['']
  stdout:
    | WARNING: Error 25 disabling echo mode. Password will be displayed in plaintext.
    | Enter your current iRODS password:
  stderr:
    | 
Output found

 --- IrodsSession: icommand executed by [rods#tempZone] [iadmin mkuser alice rodsuser] --- 
Assert Command: iadmin mkuser alice rodsuser
Expecting EMPTY: ['']
  stdout:
    | 
  stderr:
    | 
Output found

 --- IrodsSession: icommand executed by [rods#tempZone] [iadmin moduser alice password apass] --- 
Assert Command: iadmin moduser alice password apass
Expecting EMPTY: ['']
  stdout:
    | 
  stderr:
    | 
Output found

 --- IrodsSession: icommand executed by [alice#tempZone] [iinit] --- 
Assert Command: iinit
Expecting STDOUT_SINGLELINE: ['']
  stdout:
    | WARNING: Error 25 disabling echo mode. Password will be displayed in plaintext.
    | Enter your current iRODS password:
  stderr:
    | 
Output found

 --- IrodsSession: icommand executed by [alice#tempZone] [imkdir /tempZone/home/alice/2024-08-05Z21:37:19--irods-testing-4zx6_reh] --- 
Assert Command: imkdir /tempZone/home/alice/2024-08-05Z21:37:19--irods-testing-4zx6_reh
Expecting EMPTY: ['']
  stdout:
    | 
  stderr:
    | 
Output found

 --- IrodsSession: icommand executed by [alice#tempZone] [icd /tempZone/home/alice/2024-08-05Z21:37:19--irods-testing-4zx6_reh] --- 
Assert Command: icd /tempZone/home/alice/2024-08-05Z21:37:19--irods-testing-4zx6_reh
Expecting EMPTY: ['']
  stdout:
    | 
  stderr:
    | 
Output found

 --- IrodsSession: icommand executed by [rods#tempZone] [iinit] --- 
Assert Command: iinit
Expecting STDOUT_SINGLELINE: ['']
  stdout:
    | WARNING: Error 25 disabling echo mode. Password will be displayed in plaintext.
    | Enter your current iRODS password:
  stderr:
    | 
Output found

 --- IrodsSession: icommand executed by [rods#tempZone] [iadmin mkuser bobby rodsuser] --- 
Assert Command: iadmin mkuser bobby rodsuser
Expecting EMPTY: ['']
  stdout:
    | 
  stderr:
    | 
Output found

 --- IrodsSession: icommand executed by [rods#tempZone] [iadmin moduser bobby password bpass] --- 
Assert Command: iadmin moduser bobby password bpass
Expecting EMPTY: ['']
  stdout:
    | 
  stderr:
    | 
Output found

 --- IrodsSession: icommand executed by [bobby#tempZone] [iinit] --- 
Assert Command: iinit
Expecting STDOUT_SINGLELINE: ['']
  stdout:
    | WARNING: Error 25 disabling echo mode. Password will be displayed in plaintext.
    | Enter your current iRODS password:
  stderr:
    | 
Output found

 --- IrodsSession: icommand executed by [bobby#tempZone] [imkdir /tempZone/home/bobby/2024-08-05Z21:37:20--irods-testing-fkdt0_5p] --- 
Assert Command: imkdir /tempZone/home/bobby/2024-08-05Z21:37:20--irods-testing-fkdt0_5p
Expecting EMPTY: ['']
  stdout:
    | 
  stderr:
    | 
Output found

 --- IrodsSession: icommand executed by [bobby#tempZone] [icd /tempZone/home/bobby/2024-08-05Z21:37:20--irods-testing-fkdt0_5p] --- 
Assert Command: icd /tempZone/home/bobby/2024-08-05Z21:37:20--irods-testing-fkdt0_5p
Expecting EMPTY: ['']
  stdout:
    | 
  stderr:
    | 
Output found

run_resource_setup - BEGIN
 --- IrodsSession: icommand executed by [otherrods#tempZone] [iadmin mkresc TestResc unixfilesystem d7680432ccfd:/tmp/irods/TestResc] --- 
Assert Command: iadmin mkresc TestResc unixfilesystem d7680432ccfd:/tmp/irods/TestResc
Expecting STDOUT_SINGLELINE: ['unixfilesystem']
  stdout:
    | Creating resource:
    | Name:		"TestResc"
    | Type:		"unixfilesystem"
    | Host:		"d7680432ccfd"
    | Path:		"/tmp/irods/TestResc"
    | Context:	""
  stderr:
    | 
Output found

 --- IrodsSession: icommand executed by [otherrods#tempZone] [iadmin mkresc AnotherResc unixfilesystem d7680432ccfd:/tmp/irods/AnotherResc] --- 
Assert Command: iadmin mkresc AnotherResc unixfilesystem d7680432ccfd:/tmp/irods/AnotherResc
Expecting STDOUT_SINGLELINE: ['unixfilesystem']
  stdout:
    | Creating resource:
    | Name:		"AnotherResc"
    | Type:		"unixfilesystem"
    | Host:		"d7680432ccfd"
    | Path:		"/tmp/irods/AnotherResc"
    | Context:	""
  stderr:
    | 
Output found

 --- IrodsSession: icommand executed by [otherrods#tempZone] [imkdir testdir] --- 
Assert Command: imkdir testdir
Expecting EMPTY: ['']
  stdout:
    | 
  stderr:
    | 
Output found

 --- IrodsSession: icommand executed by [otherrods#tempZone] [iput testfile.txt] --- 
Assert Command: iput testfile.txt
Expecting EMPTY: ['']
  stdout:
    | 
  stderr:
    | 
Output found

 --- IrodsSession: icommand executed by [otherrods#tempZone] [icp testfile.txt ../../public/] --- 
Assert Command: icp testfile.txt ../../public/
Expecting EMPTY: ['']
  stdout:
    | 
  stderr:
    | 
Output found

 --- IrodsSession: icommand executed by [otherrods#tempZone] [ichmod read alice ../../public/testfile.txt] --- 
Assert Command: ichmod read alice ../../public/testfile.txt
Expecting EMPTY: ['']
  stdout:
    | 
  stderr:
    | 
Output found

 --- IrodsSession: icommand executed by [otherrods#tempZone] [ichmod write bobby ../../public/testfile.txt] --- 
Assert Command: ichmod write bobby ../../public/testfile.txt
Expecting EMPTY: ['']
  stdout:
    | 
  stderr:
    | 
Output found

run_resource_setup - END
 --- IrodsSession: icommand executed by [otherrods#tempZone] [iadmin mkresc thirdresc unixfilesystem d7680432ccfd:/tmp/irods/thirdrescVault] --- 
Assert Command: iadmin mkresc thirdresc unixfilesystem d7680432ccfd:/tmp/irods/thirdrescVault
Expecting STDOUT_SINGLELINE: ['Creating']
  stdout:
    | Creating resource:
    | Name:		"thirdresc"
    | Type:		"unixfilesystem"
    | Host:		"d7680432ccfd"
    | Path:		"/tmp/irods/thirdrescVault"
    | Context:	""
  stderr:
    | 
Output found

 --- IrodsSession: icommand executed by [otherrods#tempZone] [iadmin mkresc fourthresc unixfilesystem d7680432ccfd:/tmp/irods/fourthrescVault] --- 
Assert Command: iadmin mkresc fourthresc unixfilesystem d7680432ccfd:/tmp/irods/fourthrescVault
Expecting STDOUT_SINGLELINE: ['Creating']
  stdout:
    | Creating resource:
    | Name:		"fourthresc"
    | Type:		"unixfilesystem"
    | Host:		"d7680432ccfd"
    | Path:		"/tmp/irods/fourthrescVault"
    | Context:	""
  stderr:
    | 
Output found

 --- IrodsSession: icommand executed by [otherrods#tempZone] [ils -L updatereplicasfile.txt] --- 
Assert Command: ils -L updatereplicasfile.txt
Expecting STDERR_SINGLELINE: ['does not exist']
  stdout:
    | 
  stderr:
    | remote addresses: 10.201.24.5 ERROR: lsUtil: srcPath /tempZone/home/otherrods/2024-08-05Z21:37:18--irods-testing-y1ci6o1u/updatereplicasfile.txt does not exist or user lacks access permission
Output found

 --- IrodsSession: icommand executed by [otherrods#tempZone] [iput updatereplicasfile.txt] --- 
Assert Command: iput updatereplicasfile.txt
Expecting EMPTY: ['']
  stdout:
    | 
  stderr:
    | 
Output found

 --- IrodsSession: icommand executed by [otherrods#tempZone] [irepl -R TestResc updatereplicasfile.txt] --- 
Assert Command: irepl -R TestResc updatereplicasfile.txt
Expecting EMPTY: ['']
  stdout:
    | 
  stderr:
    | 
Output found

 --- IrodsSession: icommand executed by [otherrods#tempZone] [irepl -R thirdresc updatereplicasfile.txt] --- 
Assert Command: irepl -R thirdresc updatereplicasfile.txt
Expecting EMPTY: ['']
  stdout:
    | 
  stderr:
    | 
Output found

 --- IrodsSession: icommand executed by [otherrods#tempZone] [irepl -R fourthresc updatereplicasfile.txt] --- 
Assert Command: irepl -R fourthresc updatereplicasfile.txt
Expecting EMPTY: ['']
  stdout:
    | 
  stderr:
    | 
Output found

 --- IrodsSession: icommand executed by [otherrods#tempZone] [iput -f -R TestResc doublefile.txt updatereplicasfile.txt] --- 
Assert Command: iput -f -R TestResc doublefile.txt updatereplicasfile.txt
Expecting EMPTY: ['']
  stdout:
    | 
  stderr:
    | 
Output found

 --- IrodsSession: icommand executed by [otherrods#tempZone] [ils -L updatereplicasfile.txt] --- 
Assert Command: ils -L updatereplicasfile.txt
Expecting STDOUT_SINGLELINE: ['updatereplicasfile.txt']
  stdout:
    |   otherrods         0 demoResc           51 2024-08-05.21:37 X updatereplicasfile.txt
    |         generic    /var/lib/irods/demoRescVault/home/otherrods/2024-08-05Z21:37:18--irods-testing-y1ci6o1u/updatereplicasfile.txt
    |   otherrods         1 TestResc          102 2024-08-05.21:37 & updatereplicasfile.txt
    |         generic    /tmp/irods/TestResc/home/otherrods/2024-08-05Z21:37:18--irods-testing-y1ci6o1u/updatereplicasfile.txt
    |   otherrods         2 thirdresc           51 2024-08-05.21:37 X updatereplicasfile.txt
    |         generic    /tmp/irods/thirdrescVault/home/otherrods/2024-08-05Z21:37:18--irods-testing-y1ci6o1u/updatereplicasfile.txt
    |   otherrods         3 fourthresc           51 2024-08-05.21:37 X updatereplicasfile.txt
    |         generic    /tmp/irods/fourthrescVault/home/otherrods/2024-08-05Z21:37:18--irods-testing-y1ci6o1u/updatereplicasfile.txt
  stderr:
    | 
Output found

 --- IrodsSession: icommand executed by [otherrods#tempZone] [ils -L updatereplicasfile.txt] --- 
Assert FAIL Command: ils -L updatereplicasfile.txt
Expecting STDOUT_SINGLELINE: [' 0 ', ' & updatereplicasfile.txt']
  stdout:
    |   otherrods         0 demoResc           51 2024-08-05.21:37 X updatereplicasfile.txt
    |         generic    /var/lib/irods/demoRescVault/home/otherrods/2024-08-05Z21:37:18--irods-testing-y1ci6o1u/updatereplicasfile.txt
    |   otherrods         1 TestResc          102 2024-08-05.21:37 & updatereplicasfile.txt
    |         generic    /tmp/irods/TestResc/home/otherrods/2024-08-05Z21:37:18--irods-testing-y1ci6o1u/updatereplicasfile.txt
    |   otherrods         2 thirdresc           51 2024-08-05.21:37 X updatereplicasfile.txt
    |         generic    /tmp/irods/thirdrescVault/home/otherrods/2024-08-05Z21:37:18--irods-testing-y1ci6o1u/updatereplicasfile.txt
    |   otherrods         3 fourthresc           51 2024-08-05.21:37 X updatereplicasfile.txt
    |         generic    /tmp/irods/fourthrescVault/home/otherrods/2024-08-05Z21:37:18--irods-testing-y1ci6o1u/updatereplicasfile.txt
  stderr:
    | 
Output not found

 --- IrodsSession: icommand executed by [otherrods#tempZone] [ils -L updatereplicasfile.txt] --- 
Assert Command: ils -L updatereplicasfile.txt
Expecting STDOUT_SINGLELINE: [' 1 ', ' & updatereplicasfile.txt']
  stdout:
    |   otherrods         0 demoResc           51 2024-08-05.21:37 X updatereplicasfile.txt
    |         generic    /var/lib/irods/demoRescVault/home/otherrods/2024-08-05Z21:37:18--irods-testing-y1ci6o1u/updatereplicasfile.txt
    |   otherrods         1 TestResc          102 2024-08-05.21:37 & updatereplicasfile.txt
    |         generic    /tmp/irods/TestResc/home/otherrods/2024-08-05Z21:37:18--irods-testing-y1ci6o1u/updatereplicasfile.txt
    |   otherrods         2 thirdresc           51 2024-08-05.21:37 X updatereplicasfile.txt
    |         generic    /tmp/irods/thirdrescVault/home/otherrods/2024-08-05Z21:37:18--irods-testing-y1ci6o1u/updatereplicasfile.txt
    |   otherrods         3 fourthresc           51 2024-08-05.21:37 X updatereplicasfile.txt
    |         generic    /tmp/irods/fourthrescVault/home/otherrods/2024-08-05Z21:37:18--irods-testing-y1ci6o1u/updatereplicasfile.txt
  stderr:
    | 
Output found

 --- IrodsSession: icommand executed by [otherrods#tempZone] [ils -L updatereplicasfile.txt] --- 
Assert FAIL Command: ils -L updatereplicasfile.txt
Expecting STDOUT_SINGLELINE: [' 2 ', ' & updatereplicasfile.txt']
  stdout:
    |   otherrods         0 demoResc           51 2024-08-05.21:37 X updatereplicasfile.txt
    |         generic    /var/lib/irods/demoRescVault/home/otherrods/2024-08-05Z21:37:18--irods-testing-y1ci6o1u/updatereplicasfile.txt
    |   otherrods         1 TestResc          102 2024-08-05.21:37 & updatereplicasfile.txt
    |         generic    /tmp/irods/TestResc/home/otherrods/2024-08-05Z21:37:18--irods-testing-y1ci6o1u/updatereplicasfile.txt
    |   otherrods         2 thirdresc           51 2024-08-05.21:37 X updatereplicasfile.txt
    |         generic    /tmp/irods/thirdrescVault/home/otherrods/2024-08-05Z21:37:18--irods-testing-y1ci6o1u/updatereplicasfile.txt
    |   otherrods         3 fourthresc           51 2024-08-05.21:37 X updatereplicasfile.txt
    |         generic    /tmp/irods/fourthrescVault/home/otherrods/2024-08-05Z21:37:18--irods-testing-y1ci6o1u/updatereplicasfile.txt
  stderr:
    | 
Output not found

 --- IrodsSession: icommand executed by [otherrods#tempZone] [ils -L updatereplicasfile.txt] --- 
Assert FAIL Command: ils -L updatereplicasfile.txt
Expecting STDOUT_SINGLELINE: [' 3 ', ' & updatereplicasfile.txt']
  stdout:
    |   otherrods         0 demoResc           51 2024-08-05.21:37 X updatereplicasfile.txt
    |         generic    /var/lib/irods/demoRescVault/home/otherrods/2024-08-05Z21:37:18--irods-testing-y1ci6o1u/updatereplicasfile.txt
    |   otherrods         1 TestResc          102 2024-08-05.21:37 & updatereplicasfile.txt
    |         generic    /tmp/irods/TestResc/home/otherrods/2024-08-05Z21:37:18--irods-testing-y1ci6o1u/updatereplicasfile.txt
    |   otherrods         2 thirdresc           51 2024-08-05.21:37 X updatereplicasfile.txt
    |         generic    /tmp/irods/thirdrescVault/home/otherrods/2024-08-05Z21:37:18--irods-testing-y1ci6o1u/updatereplicasfile.txt
    |   otherrods         3 fourthresc           51 2024-08-05.21:37 X updatereplicasfile.txt
    |         generic    /tmp/irods/fourthrescVault/home/otherrods/2024-08-05Z21:37:18--irods-testing-y1ci6o1u/updatereplicasfile.txt
  stderr:
    | 
Output not found

 --- IrodsSession: icommand executed by [otherrods#tempZone] [irepl -R fourthresc updatereplicasfile.txt] --- 
Assert Command: irepl -R fourthresc updatereplicasfile.txt
Expecting EMPTY: ['']
  stdout:
    | 
  stderr:
    | 
Output found

 --- IrodsSession: icommand executed by [otherrods#tempZone] [ils -L updatereplicasfile.txt] --- 
Assert FAIL Command: ils -L updatereplicasfile.txt
Expecting STDOUT_SINGLELINE: [' 0 ', ' & updatereplicasfile.txt']
  stdout:
    |   otherrods         0 demoResc           51 2024-08-05.21:37 X updatereplicasfile.txt
    |         generic    /var/lib/irods/demoRescVault/home/otherrods/2024-08-05Z21:37:18--irods-testing-y1ci6o1u/updatereplicasfile.txt
    |   otherrods         1 TestResc          102 2024-08-05.21:37 & updatereplicasfile.txt
    |         generic    /tmp/irods/TestResc/home/otherrods/2024-08-05Z21:37:18--irods-testing-y1ci6o1u/updatereplicasfile.txt
    |   otherrods         2 thirdresc           51 2024-08-05.21:37 X updatereplicasfile.txt
    |         generic    /tmp/irods/thirdrescVault/home/otherrods/2024-08-05Z21:37:18--irods-testing-y1ci6o1u/updatereplicasfile.txt
    |   otherrods         3 fourthresc          102 2024-08-05.21:37 & updatereplicasfile.txt
    |         generic    /tmp/irods/fourthrescVault/home/otherrods/2024-08-05Z21:37:18--irods-testing-y1ci6o1u/updatereplicasfile.txt
  stderr:
    | 
Output not found

 --- IrodsSession: icommand executed by [otherrods#tempZone] [ils -L updatereplicasfile.txt] --- 
Assert Command: ils -L updatereplicasfile.txt
Expecting STDOUT_SINGLELINE: [' 1 ', ' & updatereplicasfile.txt']
  stdout:
    |   otherrods         0 demoResc           51 2024-08-05.21:37 X updatereplicasfile.txt
    |         generic    /var/lib/irods/demoRescVault/home/otherrods/2024-08-05Z21:37:18--irods-testing-y1ci6o1u/updatereplicasfile.txt
    |   otherrods         1 TestResc          102 2024-08-05.21:37 & updatereplicasfile.txt
    |         generic    /tmp/irods/TestResc/home/otherrods/2024-08-05Z21:37:18--irods-testing-y1ci6o1u/updatereplicasfile.txt
    |   otherrods         2 thirdresc           51 2024-08-05.21:37 X updatereplicasfile.txt
    |         generic    /tmp/irods/thirdrescVault/home/otherrods/2024-08-05Z21:37:18--irods-testing-y1ci6o1u/updatereplicasfile.txt
    |   otherrods         3 fourthresc          102 2024-08-05.21:37 & updatereplicasfile.txt
    |         generic    /tmp/irods/fourthrescVault/home/otherrods/2024-08-05Z21:37:18--irods-testing-y1ci6o1u/updatereplicasfile.txt
  stderr:
    | 
Output found

 --- IrodsSession: icommand executed by [otherrods#tempZone] [ils -L updatereplicasfile.txt] --- 
Assert FAIL Command: ils -L updatereplicasfile.txt
Expecting STDOUT_SINGLELINE: [' 2 ', ' & updatereplicasfile.txt']
  stdout:
    |   otherrods         0 demoResc           51 2024-08-05.21:37 X updatereplicasfile.txt
    |         generic    /var/lib/irods/demoRescVault/home/otherrods/2024-08-05Z21:37:18--irods-testing-y1ci6o1u/updatereplicasfile.txt
    |   otherrods         1 TestResc          102 2024-08-05.21:37 & updatereplicasfile.txt
    |         generic    /tmp/irods/TestResc/home/otherrods/2024-08-05Z21:37:18--irods-testing-y1ci6o1u/updatereplicasfile.txt
    |   otherrods         2 thirdresc           51 2024-08-05.21:37 X updatereplicasfile.txt
    |         generic    /tmp/irods/thirdrescVault/home/otherrods/2024-08-05Z21:37:18--irods-testing-y1ci6o1u/updatereplicasfile.txt
    |   otherrods         3 fourthresc          102 2024-08-05.21:37 & updatereplicasfile.txt
    |         generic    /tmp/irods/fourthrescVault/home/otherrods/2024-08-05Z21:37:18--irods-testing-y1ci6o1u/updatereplicasfile.txt
  stderr:
    | 
Output not found

 --- IrodsSession: icommand executed by [otherrods#tempZone] [ils -L updatereplicasfile.txt] --- 
Assert Command: ils -L updatereplicasfile.txt
Expecting STDOUT_SINGLELINE: [' 3 ', ' & updatereplicasfile.txt']
  stdout:
    |   otherrods         0 demoResc           51 2024-08-05.21:37 X updatereplicasfile.txt
    |         generic    /var/lib/irods/demoRescVault/home/otherrods/2024-08-05Z21:37:18--irods-testing-y1ci6o1u/updatereplicasfile.txt
    |   otherrods         1 TestResc          102 2024-08-05.21:37 & updatereplicasfile.txt
    |         generic    /tmp/irods/TestResc/home/otherrods/2024-08-05Z21:37:18--irods-testing-y1ci6o1u/updatereplicasfile.txt
    |   otherrods         2 thirdresc           51 2024-08-05.21:37 X updatereplicasfile.txt
    |         generic    /tmp/irods/thirdrescVault/home/otherrods/2024-08-05Z21:37:18--irods-testing-y1ci6o1u/updatereplicasfile.txt
    |   otherrods         3 fourthresc          102 2024-08-05.21:37 & updatereplicasfile.txt
    |         generic    /tmp/irods/fourthrescVault/home/otherrods/2024-08-05Z21:37:18--irods-testing-y1ci6o1u/updatereplicasfile.txt
  stderr:
    | 
Output found

 --- IrodsSession: icommand executed by [otherrods#tempZone] [irepl -a updatereplicasfile.txt] --- 
Assert Command: irepl -a updatereplicasfile.txt
Expecting EMPTY: ['']
  stdout:
    | 
  stderr:
    | 
Output found

 --- IrodsSession: icommand executed by [otherrods#tempZone] [ils -L updatereplicasfile.txt] --- 
Assert Command: ils -L updatereplicasfile.txt
Expecting STDOUT_SINGLELINE: [' 0 ', ' & updatereplicasfile.txt']
  stdout:
    |   otherrods         0 demoResc          102 2024-08-05.21:37 & updatereplicasfile.txt
    |         generic    /var/lib/irods/demoRescVault/home/otherrods/2024-08-05Z21:37:18--irods-testing-y1ci6o1u/updatereplicasfile.txt
    |   otherrods         1 TestResc          102 2024-08-05.21:37 & updatereplicasfile.txt
    |         generic    /tmp/irods/TestResc/home/otherrods/2024-08-05Z21:37:18--irods-testing-y1ci6o1u/updatereplicasfile.txt
    |   otherrods         2 thirdresc          102 2024-08-05.21:37 & updatereplicasfile.txt
    |         generic    /tmp/irods/thirdrescVault/home/otherrods/2024-08-05Z21:37:18--irods-testing-y1ci6o1u/updatereplicasfile.txt
    |   otherrods         3 fourthresc          102 2024-08-05.21:37 & updatereplicasfile.txt
    |         generic    /tmp/irods/fourthrescVault/home/otherrods/2024-08-05Z21:37:18--irods-testing-y1ci6o1u/updatereplicasfile.txt
  stderr:
    | 
Output found

 --- IrodsSession: icommand executed by [otherrods#tempZone] [ils -L updatereplicasfile.txt] --- 
Assert Command: ils -L updatereplicasfile.txt
Expecting STDOUT_SINGLELINE: [' 1 ', ' & updatereplicasfile.txt']
  stdout:
    |   otherrods         0 demoResc          102 2024-08-05.21:37 & updatereplicasfile.txt
    |         generic    /var/lib/irods/demoRescVault/home/otherrods/2024-08-05Z21:37:18--irods-testing-y1ci6o1u/updatereplicasfile.txt
    |   otherrods         1 TestResc          102 2024-08-05.21:37 & updatereplicasfile.txt
    |         generic    /tmp/irods/TestResc/home/otherrods/2024-08-05Z21:37:18--irods-testing-y1ci6o1u/updatereplicasfile.txt
    |   otherrods         2 thirdresc          102 2024-08-05.21:37 & updatereplicasfile.txt
    |         generic    /tmp/irods/thirdrescVault/home/otherrods/2024-08-05Z21:37:18--irods-testing-y1ci6o1u/updatereplicasfile.txt
    |   otherrods         3 fourthresc          102 2024-08-05.21:37 & updatereplicasfile.txt
    |         generic    /tmp/irods/fourthrescVault/home/otherrods/2024-08-05Z21:37:18--irods-testing-y1ci6o1u/updatereplicasfile.txt
  stderr:
    | 
Output found

 --- IrodsSession: icommand executed by [otherrods#tempZone] [ils -L updatereplicasfile.txt] --- 
Assert Command: ils -L updatereplicasfile.txt
Expecting STDOUT_SINGLELINE: [' 2 ', ' & updatereplicasfile.txt']
  stdout:
    |   otherrods         0 demoResc          102 2024-08-05.21:37 & updatereplicasfile.txt
    |         generic    /var/lib/irods/demoRescVault/home/otherrods/2024-08-05Z21:37:18--irods-testing-y1ci6o1u/updatereplicasfile.txt
    |   otherrods         1 TestResc          102 2024-08-05.21:37 & updatereplicasfile.txt
    |         generic    /tmp/irods/TestResc/home/otherrods/2024-08-05Z21:37:18--irods-testing-y1ci6o1u/updatereplicasfile.txt
    |   otherrods         2 thirdresc          102 2024-08-05.21:37 & updatereplicasfile.txt
    |         generic    /tmp/irods/thirdrescVault/home/otherrods/2024-08-05Z21:37:18--irods-testing-y1ci6o1u/updatereplicasfile.txt
    |   otherrods         3 fourthresc          102 2024-08-05.21:37 & updatereplicasfile.txt
    |         generic    /tmp/irods/fourthrescVault/home/otherrods/2024-08-05Z21:37:18--irods-testing-y1ci6o1u/updatereplicasfile.txt
  stderr:
    | 
Output found

 --- IrodsSession: icommand executed by [otherrods#tempZone] [ils -L updatereplicasfile.txt] --- 
Assert Command: ils -L updatereplicasfile.txt
Expecting STDOUT_SINGLELINE: [' 3 ', ' & updatereplicasfile.txt']
  stdout:
    |   otherrods         0 demoResc          102 2024-08-05.21:37 & updatereplicasfile.txt
    |         generic    /var/lib/irods/demoRescVault/home/otherrods/2024-08-05Z21:37:18--irods-testing-y1ci6o1u/updatereplicasfile.txt
    |   otherrods         1 TestResc          102 2024-08-05.21:37 & updatereplicasfile.txt
    |         generic    /tmp/irods/TestResc/home/otherrods/2024-08-05Z21:37:18--irods-testing-y1ci6o1u/updatereplicasfile.txt
    |   otherrods         2 thirdresc          102 2024-08-05.21:37 & updatereplicasfile.txt
    |         generic    /tmp/irods/thirdrescVault/home/otherrods/2024-08-05Z21:37:18--irods-testing-y1ci6o1u/updatereplicasfile.txt
    |   otherrods         3 fourthresc          102 2024-08-05.21:37 & updatereplicasfile.txt
    |         generic    /tmp/irods/fourthrescVault/home/otherrods/2024-08-05Z21:37:18--irods-testing-y1ci6o1u/updatereplicasfile.txt
  stderr:
    | 
Output found

 --- IrodsSession: icommand executed by [otherrods#tempZone] [irm -f updatereplicasfile.txt] --- 
Assert Command: irm -f updatereplicasfile.txt
Expecting EMPTY: ['']
  stdout:
    | 
  stderr:
    | 
Output found

 --- IrodsSession: icommand executed by [otherrods#tempZone] [iadmin rmresc thirdresc] --- 
Assert Command: iadmin rmresc thirdresc
Expecting EMPTY: ['']
  stdout:
    | 
  stderr:
    | 
Output found

 --- IrodsSession: icommand executed by [otherrods#tempZone] [iadmin rmresc fourthresc] --- 
Assert Command: iadmin rmresc fourthresc
Expecting EMPTY: ['']
  stdout:
    | 
  stderr:
    | 
Output found

run_resource_teardown - BEGIN
 --- IrodsSession: icommand executed by [otherrods#tempZone] [icd] --- 
 --- IrodsSession: icommand executed by [otherrods#tempZone] [irm testfile.txt ../public/testfile.txt] --- 
 --- IrodsSession: icommand executed by [otherrods#tempZone] [irm -rf ../../bundle] --- 
 --- IrodsSession: icommand executed by [rods#tempZone] [iinit] --- 
Assert Command: iinit
Expecting STDOUT_SINGLELINE: ['']
  stdout:
    | WARNING: Error 25 disabling echo mode. Password will be displayed in plaintext.
    | Enter your current iRODS password:
  stderr:
    | 
Output found

 --- IrodsSession: icommand executed by [otherrods#tempZone] [icd] --- 
Assert Command: icd
Expecting EMPTY: ['']
  stdout:
    | 
  stderr:
    | 
Output found

 --- IrodsSession: icommand executed by [otherrods#tempZone] [irm -rf /tempZone/home/otherrods/2024-08-05Z21:37:18--irods-testing-y1ci6o1u] --- 
Assert Command: irm -rf /tempZone/home/otherrods/2024-08-05Z21:37:18--irods-testing-y1ci6o1u
Expecting EMPTY: ['']
  stdout:
    | 
  stderr:
    | 
Output found

 --- IrodsSession: icommand executed by [otherrods#tempZone] [irmtrash] --- 
Assert Command: irmtrash
Expecting EMPTY: ['']
  stdout:
    | 
  stderr:
    | 
Output found

 --- IrodsSession: icommand executed by [rods#tempZone] [iadmin rmuser otherrods] --- 
Assert Command: iadmin rmuser otherrods
Expecting EMPTY: ['']
  stdout:
    | 
  stderr:
    | 
Output found

 --- IrodsSession: icommand executed by [alice#tempZone] [icd] --- 
Assert Command: icd
Expecting EMPTY: ['']
  stdout:
    | 
  stderr:
    | 
Output found

 --- IrodsSession: icommand executed by [alice#tempZone] [irm -rf /tempZone/home/alice/2024-08-05Z21:37:19--irods-testing-4zx6_reh] --- 
Assert Command: irm -rf /tempZone/home/alice/2024-08-05Z21:37:19--irods-testing-4zx6_reh
Expecting EMPTY: ['']
  stdout:
    | 
  stderr:
    | 
Output found

 --- IrodsSession: icommand executed by [alice#tempZone] [irmtrash] --- 
Assert Command: irmtrash
Expecting EMPTY: ['']
  stdout:
    | 
  stderr:
    | 
Output found

 --- IrodsSession: icommand executed by [rods#tempZone] [iadmin rmuser alice] --- 
Assert Command: iadmin rmuser alice
Expecting EMPTY: ['']
  stdout:
    | 
  stderr:
    | 
Output found

 --- IrodsSession: icommand executed by [bobby#tempZone] [icd] --- 
Assert Command: icd
Expecting EMPTY: ['']
  stdout:
    | 
  stderr:
    | 
Output found

 --- IrodsSession: icommand executed by [bobby#tempZone] [irm -rf /tempZone/home/bobby/2024-08-05Z21:37:20--irods-testing-fkdt0_5p] --- 
Assert Command: irm -rf /tempZone/home/bobby/2024-08-05Z21:37:20--irods-testing-fkdt0_5p
Expecting EMPTY: ['']
  stdout:
    | 
  stderr:
    | 
Output found

 --- IrodsSession: icommand executed by [bobby#tempZone] [irmtrash] --- 
Assert Command: irmtrash
Expecting EMPTY: ['']
  stdout:
    | 
  stderr:
    | 
Output found

 --- IrodsSession: icommand executed by [rods#tempZone] [iadmin rmuser bobby] --- 
Assert Command: iadmin rmuser bobby
Expecting EMPTY: ['']
  stdout:
    | 
  stderr:
    | 
Output found

 --- IrodsSession: icommand executed by [rods#tempZone] [iinit] --- 
Assert Command: iinit
Expecting STDOUT_SINGLELINE: ['']
  stdout:
    | WARNING: Error 25 disabling echo mode. Password will be displayed in plaintext.
    | Enter your current iRODS password:
  stderr:
    | 
Output found

 --- IrodsSession: icommand executed by [rods#tempZone] [irmtrash -M] --- 
 --- IrodsSession: icommand executed by [rods#tempZone] [iadmin rmresc TestResc] --- 
 --- IrodsSession: icommand executed by [rods#tempZone] [iadmin rmresc AnotherResc] --- 
run_resource_teardown - END
 --- IrodsSession: icommand executed by [rods#tempZone] [iinit] --- 
Assert Command: iinit
Expecting STDOUT_SINGLELINE: ['']
  stdout:
    | WARNING: Error 25 disabling echo mode. Password will be displayed in plaintext.
    | Enter your current iRODS password:
  stderr:
    | 
Output found

 --- IrodsSession: icommand executed by [rods#tempZone] [iadmin rmresc demoResc] --- 
Assert Command: iadmin rmresc demoResc
Expecting EMPTY: ['']
  stdout:
    | 
  stderr:
    | 
Output found

 --- IrodsSession: icommand executed by [rods#tempZone] [iadmin modresc origResc name demoResc] --- 
Assert Command: iadmin modresc origResc name demoResc
Expecting STDOUT_SINGLELINE: ['rename']
  stdout:
    | If you modify a resource name, you and other users will need to
    | change your irods_environment.json files to use it, you may need to update
    | server_config.json and, if rules use the resource name, you'll need to
    | update the core rules (core.re).  This command will update various
    | tables with the new name.
    | Do you really want to modify the resource name? (enter y or yes to do so):OK, performing the resource rename
  stderr:
    | 
Output found

]]></system-out>
	</testcase>
	<testcase classname="irods.test.test_resource_types.Test_Resource_Unixfilesystem" name="test_irepl_with_admin_mode" time="54.643" timestamp="2024-08-05T21:38:28" file="scripts/irods/test/test_resource_types.py" line="1049">
		<system-out><![CDATA[ --- IrodsSession: icommand executed by [rods#tempZone] [iinit] --- 
Assert Command: iinit
Expecting STDOUT_SINGLELINE: ['']
  stdout:
    | WARNING: Error 25 disabling echo mode. Password will be displayed in plaintext.
    | Enter your current iRODS password:
  stderr:
    | 
Output found

 --- IrodsSession: icommand executed by [rods#tempZone] [iadmin modresc demoResc name origResc] --- 
Assert Command: iadmin modresc demoResc name origResc
Expecting STDOUT_SINGLELINE: ['rename']
  stdout:
    | If you modify a resource name, you and other users will need to
    | change your irods_environment.json files to use it, you may need to update
    | server_config.json and, if rules use the resource name, you'll need to
    | update the core rules (core.re).  This command will update various
    | tables with the new name.
    | Do you really want to modify the resource name? (enter y or yes to do so):OK, performing the resource rename
  stderr:
    | 
Output found

 --- IrodsSession: icommand executed by [rods#tempZone] [iadmin mkresc demoResc 'unixfilesystem' d7680432ccfd:/var/lib/irods/demoRescVault] --- 
Assert Command: iadmin mkresc demoResc 'unixfilesystem' d7680432ccfd:/var/lib/irods/demoRescVault
Expecting STDOUT_SINGLELINE: ['unixfilesystem']
  stdout:
    | Creating resource:
    | Name:		"demoResc"
    | Type:		"unixfilesystem"
    | Host:		"d7680432ccfd"
    | Path:		"/var/lib/irods/demoRescVault"
    | Context:	""
  stderr:
    | 
Output found

 --- IrodsSession: icommand executed by [rods#tempZone] [iinit] --- 
Assert Command: iinit
Expecting STDOUT_SINGLELINE: ['']
  stdout:
    | WARNING: Error 25 disabling echo mode. Password will be displayed in plaintext.
    | Enter your current iRODS password:
  stderr:
    | 
Output found

 --- IrodsSession: icommand executed by [rods#tempZone] [iinit] --- 
Assert Command: iinit
Expecting STDOUT_SINGLELINE: ['']
  stdout:
    | WARNING: Error 25 disabling echo mode. Password will be displayed in plaintext.
    | Enter your current iRODS password:
  stderr:
    | 
Output found

 --- IrodsSession: icommand executed by [rods#tempZone] [iadmin mkuser otherrods rodsadmin] --- 
Assert Command: iadmin mkuser otherrods rodsadmin
Expecting EMPTY: ['']
  stdout:
    | 
  stderr:
    | 
Output found

 --- IrodsSession: icommand executed by [rods#tempZone] [iadmin moduser otherrods password rods] --- 
Assert Command: iadmin moduser otherrods password rods
Expecting EMPTY: ['']
  stdout:
    | 
  stderr:
    | 
Output found

 --- IrodsSession: icommand executed by [otherrods#tempZone] [iinit] --- 
Assert Command: iinit
Expecting STDOUT_SINGLELINE: ['']
  stdout:
    | WARNING: Error 25 disabling echo mode. Password will be displayed in plaintext.
    | Enter your current iRODS password:
  stderr:
    | 
Output found

 --- IrodsSession: icommand executed by [otherrods#tempZone] [imkdir /tempZone/home/otherrods/2024-08-05Z21:37:34--irods-testing-fgq511oo] --- 
Assert Command: imkdir /tempZone/home/otherrods/2024-08-05Z21:37:34--irods-testing-fgq511oo
Expecting EMPTY: ['']
  stdout:
    | 
  stderr:
    | 
Output found

 --- IrodsSession: icommand executed by [otherrods#tempZone] [icd /tempZone/home/otherrods/2024-08-05Z21:37:34--irods-testing-fgq511oo] --- 
Assert Command: icd /tempZone/home/otherrods/2024-08-05Z21:37:34--irods-testing-fgq511oo
Expecting EMPTY: ['']
  stdout:
    | 
  stderr:
    | 
Output found

 --- IrodsSession: icommand executed by [rods#tempZone] [iinit] --- 
Assert Command: iinit
Expecting STDOUT_SINGLELINE: ['']
  stdout:
    | WARNING: Error 25 disabling echo mode. Password will be displayed in plaintext.
    | Enter your current iRODS password:
  stderr:
    | 
Output found

 --- IrodsSession: icommand executed by [rods#tempZone] [iadmin mkuser alice rodsuser] --- 
Assert Command: iadmin mkuser alice rodsuser
Expecting EMPTY: ['']
  stdout:
    | 
  stderr:
    | 
Output found

 --- IrodsSession: icommand executed by [rods#tempZone] [iadmin moduser alice password apass] --- 
Assert Command: iadmin moduser alice password apass
Expecting EMPTY: ['']
  stdout:
    | 
  stderr:
    | 
Output found

 --- IrodsSession: icommand executed by [alice#tempZone] [iinit] --- 
Assert Command: iinit
Expecting STDOUT_SINGLELINE: ['']
  stdout:
    | WARNING: Error 25 disabling echo mode. Password will be displayed in plaintext.
    | Enter your current iRODS password:
  stderr:
    | 
Output found

 --- IrodsSession: icommand executed by [alice#tempZone] [imkdir /tempZone/home/alice/2024-08-05Z21:37:36--irods-testing-vq8r5xql] --- 
Assert Command: imkdir /tempZone/home/alice/2024-08-05Z21:37:36--irods-testing-vq8r5xql
Expecting EMPTY: ['']
  stdout:
    | 
  stderr:
    | 
Output found

 --- IrodsSession: icommand executed by [alice#tempZone] [icd /tempZone/home/alice/2024-08-05Z21:37:36--irods-testing-vq8r5xql] --- 
Assert Command: icd /tempZone/home/alice/2024-08-05Z21:37:36--irods-testing-vq8r5xql
Expecting EMPTY: ['']
  stdout:
    | 
  stderr:
    | 
Output found

 --- IrodsSession: icommand executed by [rods#tempZone] [iinit] --- 
Assert Command: iinit
Expecting STDOUT_SINGLELINE: ['']
  stdout:
    | WARNING: Error 25 disabling echo mode. Password will be displayed in plaintext.
    | Enter your current iRODS password:
  stderr:
    | 
Output found

 --- IrodsSession: icommand executed by [rods#tempZone] [iadmin mkuser bobby rodsuser] --- 
Assert Command: iadmin mkuser bobby rodsuser
Expecting EMPTY: ['']
  stdout:
    | 
  stderr:
    | 
Output found

 --- IrodsSession: icommand executed by [rods#tempZone] [iadmin moduser bobby password bpass] --- 
Assert Command: iadmin moduser bobby password bpass
Expecting EMPTY: ['']
  stdout:
    | 
  stderr:
    | 
Output found

 --- IrodsSession: icommand executed by [bobby#tempZone] [iinit] --- 
Assert Command: iinit
Expecting STDOUT_SINGLELINE: ['']
  stdout:
    | WARNING: Error 25 disabling echo mode. Password will be displayed in plaintext.
    | Enter your current iRODS password:
  stderr:
    | 
Output found

 --- IrodsSession: icommand executed by [bobby#tempZone] [imkdir /tempZone/home/bobby/2024-08-05Z21:37:37--irods-testing-n8m5xawo] --- 
Assert Command: imkdir /tempZone/home/bobby/2024-08-05Z21:37:37--irods-testing-n8m5xawo
Expecting EMPTY: ['']
  stdout:
    | 
  stderr:
    | 
Output found

 --- IrodsSession: icommand executed by [bobby#tempZone] [icd /tempZone/home/bobby/2024-08-05Z21:37:37--irods-testing-n8m5xawo] --- 
Assert Command: icd /tempZone/home/bobby/2024-08-05Z21:37:37--irods-testing-n8m5xawo
Expecting EMPTY: ['']
  stdout:
    | 
  stderr:
    | 
Output found

run_resource_setup - BEGIN
 --- IrodsSession: icommand executed by [otherrods#tempZone] [iadmin mkresc TestResc unixfilesystem d7680432ccfd:/tmp/irods/TestResc] --- 
Assert Command: iadmin mkresc TestResc unixfilesystem d7680432ccfd:/tmp/irods/TestResc
Expecting STDOUT_SINGLELINE: ['unixfilesystem']
  stdout:
    | Creating resource:
    | Name:		"TestResc"
    | Type:		"unixfilesystem"
    | Host:		"d7680432ccfd"
    | Path:		"/tmp/irods/TestResc"
    | Context:	""
  stderr:
    | 
Output found

 --- IrodsSession: icommand executed by [otherrods#tempZone] [iadmin mkresc AnotherResc unixfilesystem d7680432ccfd:/tmp/irods/AnotherResc] --- 
Assert Command: iadmin mkresc AnotherResc unixfilesystem d7680432ccfd:/tmp/irods/AnotherResc
Expecting STDOUT_SINGLELINE: ['unixfilesystem']
  stdout:
    | Creating resource:
    | Name:		"AnotherResc"
    | Type:		"unixfilesystem"
    | Host:		"d7680432ccfd"
    | Path:		"/tmp/irods/AnotherResc"
    | Context:	""
  stderr:
    | 
Output found

 --- IrodsSession: icommand executed by [otherrods#tempZone] [imkdir testdir] --- 
Assert Command: imkdir testdir
Expecting EMPTY: ['']
  stdout:
    | 
  stderr:
    | 
Output found

 --- IrodsSession: icommand executed by [otherrods#tempZone] [iput testfile.txt] --- 
Assert Command: iput testfile.txt
Expecting EMPTY: ['']
  stdout:
    | 
  stderr:
    | 
Output found

 --- IrodsSession: icommand executed by [otherrods#tempZone] [icp testfile.txt ../../public/] --- 
Assert Command: icp testfile.txt ../../public/
Expecting EMPTY: ['']
  stdout:
    | 
  stderr:
    | 
Output found

 --- IrodsSession: icommand executed by [otherrods#tempZone] [ichmod read alice ../../public/testfile.txt] --- 
Assert Command: ichmod read alice ../../public/testfile.txt
Expecting EMPTY: ['']
  stdout:
    | 
  stderr:
    | 
Output found

 --- IrodsSession: icommand executed by [otherrods#tempZone] [ichmod write bobby ../../public/testfile.txt] --- 
Assert Command: ichmod write bobby ../../public/testfile.txt
Expecting EMPTY: ['']
  stdout:
    | 
  stderr:
    | 
Output found

run_resource_setup - END
 --- IrodsSession: icommand executed by [alice#tempZone] [iput file.txt 0.txt] --- 
Assert Command: iput file.txt 0.txt
Expecting EMPTY: ['']
  stdout:
    | 
  stderr:
    | 
Output found

 --- IrodsSession: icommand executed by [alice#tempZone] [iput file.txt 1.txt] --- 
Assert Command: iput file.txt 1.txt
Expecting EMPTY: ['']
  stdout:
    | 
  stderr:
    | 
Output found

 --- IrodsSession: icommand executed by [alice#tempZone] [iput file.txt 2.txt] --- 
Assert Command: iput file.txt 2.txt
Expecting EMPTY: ['']
  stdout:
    | 
  stderr:
    | 
Output found

 --- IrodsSession: icommand executed by [alice#tempZone] [iput file.txt 3.txt] --- 
Assert Command: iput file.txt 3.txt
Expecting EMPTY: ['']
  stdout:
    | 
  stderr:
    | 
Output found

 --- IrodsSession: icommand executed by [alice#tempZone] [iput file.txt 4.txt] --- 
Assert Command: iput file.txt 4.txt
Expecting EMPTY: ['']
  stdout:
    | 
  stderr:
    | 
Output found

 --- IrodsSession: icommand executed by [alice#tempZone] [iput file.txt 5.txt] --- 
Assert Command: iput file.txt 5.txt
Expecting EMPTY: ['']
  stdout:
    | 
  stderr:
    | 
Output found

 --- IrodsSession: icommand executed by [alice#tempZone] [iput file.txt 6.txt] --- 
Assert Command: iput file.txt 6.txt
Expecting EMPTY: ['']
  stdout:
    | 
  stderr:
    | 
Output found

 --- IrodsSession: icommand executed by [alice#tempZone] [iput file.txt 7.txt] --- 
Assert Command: iput file.txt 7.txt
Expecting EMPTY: ['']
  stdout:
    | 
  stderr:
    | 
Output found

 --- IrodsSession: icommand executed by [alice#tempZone] [iput file.txt 8.txt] --- 
Assert Command: iput file.txt 8.txt
Expecting EMPTY: ['']
  stdout:
    | 
  stderr:
    | 
Output found

 --- IrodsSession: icommand executed by [alice#tempZone] [iput file.txt 9.txt] --- 
Assert Command: iput file.txt 9.txt
Expecting EMPTY: ['']
  stdout:
    | 
  stderr:
    | 
Output found

 --- IrodsSession: icommand executed by [alice#tempZone] [iput file.txt 10.txt] --- 
Assert Command: iput file.txt 10.txt
Expecting EMPTY: ['']
  stdout:
    | 
  stderr:
    | 
Output found

 --- IrodsSession: icommand executed by [alice#tempZone] [iput file.txt 11.txt] --- 
Assert Command: iput file.txt 11.txt
Expecting EMPTY: ['']
  stdout:
    | 
  stderr:
    | 
Output found

 --- IrodsSession: icommand executed by [alice#tempZone] [iput file.txt 12.txt] --- 
Assert Command: iput file.txt 12.txt
Expecting EMPTY: ['']
  stdout:
    | 
  stderr:
    | 
Output found

 --- IrodsSession: icommand executed by [alice#tempZone] [iput file.txt 13.txt] --- 
Assert Command: iput file.txt 13.txt
Expecting EMPTY: ['']
  stdout:
    | 
  stderr:
    | 
Output found

 --- IrodsSession: icommand executed by [alice#tempZone] [iput file.txt 14.txt] --- 
Assert Command: iput file.txt 14.txt
Expecting EMPTY: ['']
  stdout:
    | 
  stderr:
    | 
Output found

 --- IrodsSession: icommand executed by [alice#tempZone] [iput file.txt 15.txt] --- 
Assert Command: iput file.txt 15.txt
Expecting EMPTY: ['']
  stdout:
    | 
  stderr:
    | 
Output found

 --- IrodsSession: icommand executed by [alice#tempZone] [iput file.txt 16.txt] --- 
Assert Command: iput file.txt 16.txt
Expecting EMPTY: ['']
  stdout:
    | 
  stderr:
    | 
Output found

 --- IrodsSession: icommand executed by [alice#tempZone] [iput file.txt 17.txt] --- 
Assert Command: iput file.txt 17.txt
Expecting EMPTY: ['']
  stdout:
    | 
  stderr:
    | 
Output found

 --- IrodsSession: icommand executed by [alice#tempZone] [iput file.txt 18.txt] --- 
Assert Command: iput file.txt 18.txt
Expecting EMPTY: ['']
  stdout:
    | 
  stderr:
    | 
Output found

 --- IrodsSession: icommand executed by [alice#tempZone] [iput file.txt 19.txt] --- 
Assert Command: iput file.txt 19.txt
Expecting EMPTY: ['']
  stdout:
    | 
  stderr:
    | 
Output found

 --- IrodsSession: icommand executed by [alice#tempZone] [iput file.txt 20.txt] --- 
Assert Command: iput file.txt 20.txt
Expecting EMPTY: ['']
  stdout:
    | 
  stderr:
    | 
Output found

 --- IrodsSession: icommand executed by [alice#tempZone] [iput file.txt 21.txt] --- 
Assert Command: iput file.txt 21.txt
Expecting EMPTY: ['']
  stdout:
    | 
  stderr:
    | 
Output found

 --- IrodsSession: icommand executed by [alice#tempZone] [iput file.txt 22.txt] --- 
Assert Command: iput file.txt 22.txt
Expecting EMPTY: ['']
  stdout:
    | 
  stderr:
    | 
Output found

 --- IrodsSession: icommand executed by [alice#tempZone] [iput file.txt 23.txt] --- 
Assert Command: iput file.txt 23.txt
Expecting EMPTY: ['']
  stdout:
    | 
  stderr:
    | 
Output found

 --- IrodsSession: icommand executed by [alice#tempZone] [iput file.txt 24.txt] --- 
Assert Command: iput file.txt 24.txt
Expecting EMPTY: ['']
  stdout:
    | 
  stderr:
    | 
Output found

 --- IrodsSession: icommand executed by [alice#tempZone] [iput file.txt 25.txt] --- 
Assert Command: iput file.txt 25.txt
Expecting EMPTY: ['']
  stdout:
    | 
  stderr:
    | 
Output found

 --- IrodsSession: icommand executed by [alice#tempZone] [iput file.txt 26.txt] --- 
Assert Command: iput file.txt 26.txt
Expecting EMPTY: ['']
  stdout:
    | 
  stderr:
    | 
Output found

 --- IrodsSession: icommand executed by [alice#tempZone] [iput file.txt 27.txt] --- 
Assert Command: iput file.txt 27.txt
Expecting EMPTY: ['']
  stdout:
    | 
  stderr:
    | 
Output found

 --- IrodsSession: icommand executed by [alice#tempZone] [iput file.txt 28.txt] --- 
Assert Command: iput file.txt 28.txt
Expecting EMPTY: ['']
  stdout:
    | 
  stderr:
    | 
Output found

 --- IrodsSession: icommand executed by [alice#tempZone] [iput file.txt 29.txt] --- 
Assert Command: iput file.txt 29.txt
Expecting EMPTY: ['']
  stdout:
    | 
  stderr:
    | 
Output found

 --- IrodsSession: icommand executed by [alice#tempZone] [iput file.txt 30.txt] --- 
Assert Command: iput file.txt 30.txt
Expecting EMPTY: ['']
  stdout:
    | 
  stderr:
    | 
Output found

 --- IrodsSession: icommand executed by [alice#tempZone] [iput file.txt 31.txt] --- 
Assert Command: iput file.txt 31.txt
Expecting EMPTY: ['']
  stdout:
    | 
  stderr:
    | 
Output found

 --- IrodsSession: icommand executed by [alice#tempZone] [iput file.txt 32.txt] --- 
Assert Command: iput file.txt 32.txt
Expecting EMPTY: ['']
  stdout:
    | 
  stderr:
    | 
Output found

 --- IrodsSession: icommand executed by [alice#tempZone] [iput file.txt 33.txt] --- 
Assert Command: iput file.txt 33.txt
Expecting EMPTY: ['']
  stdout:
    | 
  stderr:
    | 
Output found

 --- IrodsSession: icommand executed by [alice#tempZone] [iput file.txt 34.txt] --- 
Assert Command: iput file.txt 34.txt
Expecting EMPTY: ['']
  stdout:
    | 
  stderr:
    | 
Output found

 --- IrodsSession: icommand executed by [alice#tempZone] [iput file.txt 35.txt] --- 
Assert Command: iput file.txt 35.txt
Expecting EMPTY: ['']
  stdout:
    | 
  stderr:
    | 
Output found

 --- IrodsSession: icommand executed by [alice#tempZone] [iput file.txt 36.txt] --- 
Assert Command: iput file.txt 36.txt
Expecting EMPTY: ['']
  stdout:
    | 
  stderr:
    | 
Output found

 --- IrodsSession: icommand executed by [alice#tempZone] [iput file.txt 37.txt] --- 
Assert Command: iput file.txt 37.txt
Expecting EMPTY: ['']
  stdout:
    | 
  stderr:
    | 
Output found

 --- IrodsSession: icommand executed by [alice#tempZone] [iput file.txt 38.txt] --- 
Assert Command: iput file.txt 38.txt
Expecting EMPTY: ['']
  stdout:
    | 
  stderr:
    | 
Output found

 --- IrodsSession: icommand executed by [alice#tempZone] [iput file.txt 39.txt] --- 
Assert Command: iput file.txt 39.txt
Expecting EMPTY: ['']
  stdout:
    | 
  stderr:
    | 
Output found

 --- IrodsSession: icommand executed by [alice#tempZone] [iput file.txt 40.txt] --- 
Assert Command: iput file.txt 40.txt
Expecting EMPTY: ['']
  stdout:
    | 
  stderr:
    | 
Output found

 --- IrodsSession: icommand executed by [alice#tempZone] [iput file.txt 41.txt] --- 
Assert Command: iput file.txt 41.txt
Expecting EMPTY: ['']
  stdout:
    | 
  stderr:
    | 
Output found

 --- IrodsSession: icommand executed by [alice#tempZone] [iput file.txt 42.txt] --- 
Assert Command: iput file.txt 42.txt
Expecting EMPTY: ['']
  stdout:
    | 
  stderr:
    | 
Output found

 --- IrodsSession: icommand executed by [alice#tempZone] [iput file.txt 43.txt] --- 
Assert Command: iput file.txt 43.txt
Expecting EMPTY: ['']
  stdout:
    | 
  stderr:
    | 
Output found

 --- IrodsSession: icommand executed by [alice#tempZone] [iput file.txt 44.txt] --- 
Assert Command: iput file.txt 44.txt
Expecting EMPTY: ['']
  stdout:
    | 
  stderr:
    | 
Output found

 --- IrodsSession: icommand executed by [alice#tempZone] [iput file.txt 45.txt] --- 
Assert Command: iput file.txt 45.txt
Expecting EMPTY: ['']
  stdout:
    | 
  stderr:
    | 
Output found

 --- IrodsSession: icommand executed by [alice#tempZone] [iput file.txt 46.txt] --- 
Assert Command: iput file.txt 46.txt
Expecting EMPTY: ['']
  stdout:
    | 
  stderr:
    | 
Output found

 --- IrodsSession: icommand executed by [alice#tempZone] [iput file.txt 47.txt] --- 
Assert Command: iput file.txt 47.txt
Expecting EMPTY: ['']
  stdout:
    | 
  stderr:
    | 
Output found

 --- IrodsSession: icommand executed by [alice#tempZone] [iput file.txt 48.txt] --- 
Assert Command: iput file.txt 48.txt
Expecting EMPTY: ['']
  stdout:
    | 
  stderr:
    | 
Output found

 --- IrodsSession: icommand executed by [alice#tempZone] [iput file.txt 49.txt] --- 
Assert Command: iput file.txt 49.txt
Expecting EMPTY: ['']
  stdout:
    | 
  stderr:
    | 
Output found

 --- IrodsSession: icommand executed by [alice#tempZone] [iput file.txt 50.txt] --- 
Assert Command: iput file.txt 50.txt
Expecting EMPTY: ['']
  stdout:
    | 
  stderr:
    | 
Output found

 --- IrodsSession: icommand executed by [alice#tempZone] [iput file.txt 51.txt] --- 
Assert Command: iput file.txt 51.txt
Expecting EMPTY: ['']
  stdout:
    | 
  stderr:
    | 
Output found

 --- IrodsSession: icommand executed by [alice#tempZone] [iput file.txt 52.txt] --- 
Assert Command: iput file.txt 52.txt
Expecting EMPTY: ['']
  stdout:
    | 
  stderr:
    | 
Output found

 --- IrodsSession: icommand executed by [alice#tempZone] [iput file.txt 53.txt] --- 
Assert Command: iput file.txt 53.txt
Expecting EMPTY: ['']
  stdout:
    | 
  stderr:
    | 
Output found

 --- IrodsSession: icommand executed by [alice#tempZone] [iput file.txt 54.txt] --- 
Assert Command: iput file.txt 54.txt
Expecting EMPTY: ['']
  stdout:
    | 
  stderr:
    | 
Output found

 --- IrodsSession: icommand executed by [alice#tempZone] [iput file.txt 55.txt] --- 
Assert Command: iput file.txt 55.txt
Expecting EMPTY: ['']
  stdout:
    | 
  stderr:
    | 
Output found

 --- IrodsSession: icommand executed by [alice#tempZone] [iput file.txt 56.txt] --- 
Assert Command: iput file.txt 56.txt
Expecting EMPTY: ['']
  stdout:
    | 
  stderr:
    | 
Output found

 --- IrodsSession: icommand executed by [alice#tempZone] [iput file.txt 57.txt] --- 
Assert Command: iput file.txt 57.txt
Expecting EMPTY: ['']
  stdout:
    | 
  stderr:
    | 
Output found

 --- IrodsSession: icommand executed by [alice#tempZone] [iput file.txt 58.txt] --- 
Assert Command: iput file.txt 58.txt
Expecting EMPTY: ['']
  stdout:
    | 
  stderr:
    | 
Output found

 --- IrodsSession: icommand executed by [alice#tempZone] [iput file.txt 59.txt] --- 
Assert Command: iput file.txt 59.txt
Expecting EMPTY: ['']
  stdout:
    | 
  stderr:
    | 
Output found

 --- IrodsSession: icommand executed by [alice#tempZone] [iput file.txt 60.txt] --- 
Assert Command: iput file.txt 60.txt
Expecting EMPTY: ['']
  stdout:
    | 
  stderr:
    | 
Output found

 --- IrodsSession: icommand executed by [alice#tempZone] [iput file.txt 61.txt] --- 
Assert Command: iput file.txt 61.txt
Expecting EMPTY: ['']
  stdout:
    | 
  stderr:
    | 
Output found

 --- IrodsSession: icommand executed by [alice#tempZone] [iput file.txt 62.txt] --- 
Assert Command: iput file.txt 62.txt
Expecting EMPTY: ['']
  stdout:
    | 
  stderr:
    | 
Output found

 --- IrodsSession: icommand executed by [alice#tempZone] [iput file.txt 63.txt] --- 
Assert Command: iput file.txt 63.txt
Expecting EMPTY: ['']
  stdout:
    | 
  stderr:
    | 
Output found

 --- IrodsSession: icommand executed by [alice#tempZone] [iput file.txt 64.txt] --- 
Assert Command: iput file.txt 64.txt
Expecting EMPTY: ['']
  stdout:
    | 
  stderr:
    | 
Output found

 --- IrodsSession: icommand executed by [alice#tempZone] [iput file.txt 65.txt] --- 
Assert Command: iput file.txt 65.txt
Expecting EMPTY: ['']
  stdout:
    | 
  stderr:
    | 
Output found

 --- IrodsSession: icommand executed by [alice#tempZone] [iput file.txt 66.txt] --- 
Assert Command: iput file.txt 66.txt
Expecting EMPTY: ['']
  stdout:
    | 
  stderr:
    | 
Output found

 --- IrodsSession: icommand executed by [alice#tempZone] [iput file.txt 67.txt] --- 
Assert Command: iput file.txt 67.txt
Expecting EMPTY: ['']
  stdout:
    | 
  stderr:
    | 
Output found

 --- IrodsSession: icommand executed by [alice#tempZone] [iput file.txt 68.txt] --- 
Assert Command: iput file.txt 68.txt
Expecting EMPTY: ['']
  stdout:
    | 
  stderr:
    | 
Output found

 --- IrodsSession: icommand executed by [alice#tempZone] [iput file.txt 69.txt] --- 
Assert Command: iput file.txt 69.txt
Expecting EMPTY: ['']
  stdout:
    | 
  stderr:
    | 
Output found

 --- IrodsSession: icommand executed by [alice#tempZone] [iput file.txt 70.txt] --- 
Assert Command: iput file.txt 70.txt
Expecting EMPTY: ['']
  stdout:
    | 
  stderr:
    | 
Output found

 --- IrodsSession: icommand executed by [alice#tempZone] [iput file.txt 71.txt] --- 
Assert Command: iput file.txt 71.txt
Expecting EMPTY: ['']
  stdout:
    | 
  stderr:
    | 
Output found

 --- IrodsSession: icommand executed by [alice#tempZone] [iput file.txt 72.txt] --- 
Assert Command: iput file.txt 72.txt
Expecting EMPTY: ['']
  stdout:
    | 
  stderr:
    | 
Output found

 --- IrodsSession: icommand executed by [alice#tempZone] [iput file.txt 73.txt] --- 
Assert Command: iput file.txt 73.txt
Expecting EMPTY: ['']
  stdout:
    | 
  stderr:
    | 
Output found

 --- IrodsSession: icommand executed by [alice#tempZone] [iput file.txt 74.txt] --- 
Assert Command: iput file.txt 74.txt
Expecting EMPTY: ['']
  stdout:
    | 
  stderr:
    | 
Output found

 --- IrodsSession: icommand executed by [alice#tempZone] [iput file.txt 75.txt] --- 
Assert Command: iput file.txt 75.txt
Expecting EMPTY: ['']
  stdout:
    | 
  stderr:
    | 
Output found

 --- IrodsSession: icommand executed by [alice#tempZone] [iput file.txt 76.txt] --- 
Assert Command: iput file.txt 76.txt
Expecting EMPTY: ['']
  stdout:
    | 
  stderr:
    | 
Output found

 --- IrodsSession: icommand executed by [alice#tempZone] [iput file.txt 77.txt] --- 
Assert Command: iput file.txt 77.txt
Expecting EMPTY: ['']
  stdout:
    | 
  stderr:
    | 
Output found

 --- IrodsSession: icommand executed by [alice#tempZone] [iput file.txt 78.txt] --- 
Assert Command: iput file.txt 78.txt
Expecting EMPTY: ['']
  stdout:
    | 
  stderr:
    | 
Output found

 --- IrodsSession: icommand executed by [alice#tempZone] [iput file.txt 79.txt] --- 
Assert Command: iput file.txt 79.txt
Expecting EMPTY: ['']
  stdout:
    | 
  stderr:
    | 
Output found

 --- IrodsSession: icommand executed by [alice#tempZone] [iput file.txt 80.txt] --- 
Assert Command: iput file.txt 80.txt
Expecting EMPTY: ['']
  stdout:
    | 
  stderr:
    | 
Output found

 --- IrodsSession: icommand executed by [alice#tempZone] [iput file.txt 81.txt] --- 
Assert Command: iput file.txt 81.txt
Expecting EMPTY: ['']
  stdout:
    | 
  stderr:
    | 
Output found

 --- IrodsSession: icommand executed by [alice#tempZone] [iput file.txt 82.txt] --- 
Assert Command: iput file.txt 82.txt
Expecting EMPTY: ['']
  stdout:
    | 
  stderr:
    | 
Output found

 --- IrodsSession: icommand executed by [alice#tempZone] [iput file.txt 83.txt] --- 
Assert Command: iput file.txt 83.txt
Expecting EMPTY: ['']
  stdout:
    | 
  stderr:
    | 
Output found

 --- IrodsSession: icommand executed by [alice#tempZone] [iput file.txt 84.txt] --- 
Assert Command: iput file.txt 84.txt
Expecting EMPTY: ['']
  stdout:
    | 
  stderr:
    | 
Output found

 --- IrodsSession: icommand executed by [alice#tempZone] [iput file.txt 85.txt] --- 
Assert Command: iput file.txt 85.txt
Expecting EMPTY: ['']
  stdout:
    | 
  stderr:
    | 
Output found

 --- IrodsSession: icommand executed by [alice#tempZone] [iput file.txt 86.txt] --- 
Assert Command: iput file.txt 86.txt
Expecting EMPTY: ['']
  stdout:
    | 
  stderr:
    | 
Output found

 --- IrodsSession: icommand executed by [alice#tempZone] [iput file.txt 87.txt] --- 
Assert Command: iput file.txt 87.txt
Expecting EMPTY: ['']
  stdout:
    | 
  stderr:
    | 
Output found

 --- IrodsSession: icommand executed by [alice#tempZone] [iput file.txt 88.txt] --- 
Assert Command: iput file.txt 88.txt
Expecting EMPTY: ['']
  stdout:
    | 
  stderr:
    | 
Output found

 --- IrodsSession: icommand executed by [alice#tempZone] [iput file.txt 89.txt] --- 
Assert Command: iput file.txt 89.txt
Expecting EMPTY: ['']
  stdout:
    | 
  stderr:
    | 
Output found

 --- IrodsSession: icommand executed by [alice#tempZone] [iput file.txt 90.txt] --- 
Assert Command: iput file.txt 90.txt
Expecting EMPTY: ['']
  stdout:
    | 
  stderr:
    | 
Output found

 --- IrodsSession: icommand executed by [alice#tempZone] [iput file.txt 91.txt] --- 
Assert Command: iput file.txt 91.txt
Expecting EMPTY: ['']
  stdout:
    | 
  stderr:
    | 
Output found

 --- IrodsSession: icommand executed by [alice#tempZone] [iput file.txt 92.txt] --- 
Assert Command: iput file.txt 92.txt
Expecting EMPTY: ['']
  stdout:
    | 
  stderr:
    | 
Output found

 --- IrodsSession: icommand executed by [alice#tempZone] [iput file.txt 93.txt] --- 
Assert Command: iput file.txt 93.txt
Expecting EMPTY: ['']
  stdout:
    | 
  stderr:
    | 
Output found

 --- IrodsSession: icommand executed by [alice#tempZone] [iput file.txt 94.txt] --- 
Assert Command: iput file.txt 94.txt
Expecting EMPTY: ['']
  stdout:
    | 
  stderr:
    | 
Output found

 --- IrodsSession: icommand executed by [alice#tempZone] [iput file.txt 95.txt] --- 
Assert Command: iput file.txt 95.txt
Expecting EMPTY: ['']
  stdout:
    | 
  stderr:
    | 
Output found

 --- IrodsSession: icommand executed by [alice#tempZone] [iput file.txt 96.txt] --- 
Assert Command: iput file.txt 96.txt
Expecting EMPTY: ['']
  stdout:
    | 
  stderr:
    | 
Output found

 --- IrodsSession: icommand executed by [alice#tempZone] [iput file.txt 97.txt] --- 
Assert Command: iput file.txt 97.txt
Expecting EMPTY: ['']
  stdout:
    | 
  stderr:
    | 
Output found

 --- IrodsSession: icommand executed by [alice#tempZone] [iput file.txt 98.txt] --- 
Assert Command: iput file.txt 98.txt
Expecting EMPTY: ['']
  stdout:
    | 
  stderr:
    | 
Output found

 --- IrodsSession: icommand executed by [alice#tempZone] [iput file.txt 99.txt] --- 
Assert Command: iput file.txt 99.txt
Expecting EMPTY: ['']
  stdout:
    | 
  stderr:
    | 
Output found

 --- IrodsSession: icommand executed by [otherrods#tempZone] [irepl -r -M -R TestResc /tempZone/home/alice/2024-08-05Z21:37:36--irods-testing-vq8r5xql] --- 
Assert Command: irepl -r -M -R TestResc /tempZone/home/alice/2024-08-05Z21:37:36--irods-testing-vq8r5xql
Expecting EMPTY: ['']
  stdout:
    | 
  stderr:
    | 
Output found

run_resource_teardown - BEGIN
 --- IrodsSession: icommand executed by [otherrods#tempZone] [icd] --- 
 --- IrodsSession: icommand executed by [otherrods#tempZone] [irm testfile.txt ../public/testfile.txt] --- 
 --- IrodsSession: icommand executed by [otherrods#tempZone] [irm -rf ../../bundle] --- 
 --- IrodsSession: icommand executed by [rods#tempZone] [iinit] --- 
Assert Command: iinit
Expecting STDOUT_SINGLELINE: ['']
  stdout:
    | WARNING: Error 25 disabling echo mode. Password will be displayed in plaintext.
    | Enter your current iRODS password:
  stderr:
    | 
Output found

 --- IrodsSession: icommand executed by [otherrods#tempZone] [icd] --- 
Assert Command: icd
Expecting EMPTY: ['']
  stdout:
    | 
  stderr:
    | 
Output found

 --- IrodsSession: icommand executed by [otherrods#tempZone] [irm -rf /tempZone/home/otherrods/2024-08-05Z21:37:34--irods-testing-fgq511oo] --- 
Assert Command: irm -rf /tempZone/home/otherrods/2024-08-05Z21:37:34--irods-testing-fgq511oo
Expecting EMPTY: ['']
  stdout:
    | 
  stderr:
    | 
Output found

 --- IrodsSession: icommand executed by [otherrods#tempZone] [irmtrash] --- 
Assert Command: irmtrash
Expecting EMPTY: ['']
  stdout:
    | 
  stderr:
    | 
Output found

 --- IrodsSession: icommand executed by [rods#tempZone] [iadmin rmuser otherrods] --- 
Assert Command: iadmin rmuser otherrods
Expecting EMPTY: ['']
  stdout:
    | 
  stderr:
    | 
Output found

 --- IrodsSession: icommand executed by [alice#tempZone] [icd] --- 
Assert Command: icd
Expecting EMPTY: ['']
  stdout:
    | 
  stderr:
    | 
Output found

 --- IrodsSession: icommand executed by [alice#tempZone] [irm -rf /tempZone/home/alice/2024-08-05Z21:37:36--irods-testing-vq8r5xql] --- 
Assert Command: irm -rf /tempZone/home/alice/2024-08-05Z21:37:36--irods-testing-vq8r5xql
Expecting EMPTY: ['']
  stdout:
    | 
  stderr:
    | 
Output found

 --- IrodsSession: icommand executed by [alice#tempZone] [irmtrash] --- 
Assert Command: irmtrash
Expecting EMPTY: ['']
  stdout:
    | 
  stderr:
    | 
Output found

 --- IrodsSession: icommand executed by [rods#tempZone] [iadmin rmuser alice] --- 
Assert Command: iadmin rmuser alice
Expecting EMPTY: ['']
  stdout:
    | 
  stderr:
    | 
Output found

 --- IrodsSession: icommand executed by [bobby#tempZone] [icd] --- 
Assert Command: icd
Expecting EMPTY: ['']
  stdout:
    | 
  stderr:
    | 
Output found

 --- IrodsSession: icommand executed by [bobby#tempZone] [irm -rf /tempZone/home/bobby/2024-08-05Z21:37:37--irods-testing-n8m5xawo] --- 
Assert Command: irm -rf /tempZone/home/bobby/2024-08-05Z21:37:37--irods-testing-n8m5xawo
Expecting EMPTY: ['']
  stdout:
    | 
  stderr:
    | 
Output found

 --- IrodsSession: icommand executed by [bobby#tempZone] [irmtrash] --- 
Assert Command: irmtrash
Expecting EMPTY: ['']
  stdout:
    | 
  stderr:
    | 
Output found

 --- IrodsSession: icommand executed by [rods#tempZone] [iadmin rmuser bobby] --- 
Assert Command: iadmin rmuser bobby
Expecting EMPTY: ['']
  stdout:
    | 
  stderr:
    | 
Output found

 --- IrodsSession: icommand executed by [rods#tempZone] [iinit] --- 
Assert Command: iinit
Expecting STDOUT_SINGLELINE: ['']
  stdout:
    | WARNING: Error 25 disabling echo mode. Password will be displayed in plaintext.
    | Enter your current iRODS password:
  stderr:
    | 
Output found

 --- IrodsSession: icommand executed by [rods#tempZone] [irmtrash -M] --- 
 --- IrodsSession: icommand executed by [rods#tempZone] [iadmin rmresc TestResc] --- 
 --- IrodsSession: icommand executed by [rods#tempZone] [iadmin rmresc AnotherResc] --- 
run_resource_teardown - END
 --- IrodsSession: icommand executed by [rods#tempZone] [iinit] --- 
Assert Command: iinit
Expecting STDOUT_SINGLELINE: ['']
  stdout:
    | WARNING: Error 25 disabling echo mode. Password will be displayed in plaintext.
    | Enter your current iRODS password:
  stderr:
    | 
Output found

 --- IrodsSession: icommand executed by [rods#tempZone] [iadmin rmresc demoResc] --- 
Assert Command: iadmin rmresc demoResc
Expecting EMPTY: ['']
  stdout:
    | 
  stderr:
    | 
Output found

 --- IrodsSession: icommand executed by [rods#tempZone] [iadmin modresc origResc name demoResc] --- 
Assert Command: iadmin modresc origResc name demoResc
Expecting STDOUT_SINGLELINE: ['rename']
  stdout:
    | If you modify a resource name, you and other users will need to
    | change your irods_environment.json files to use it, you may need to update
    | server_config.json and, if rules use the resource name, you'll need to
    | update the core rules (core.re).  This command will update various
    | tables with the new name.
    | Do you really want to modify the resource name? (enter y or yes to do so):OK, performing the resource rename
  stderr:
    | 
Output found

]]></system-out>
	</testcase>
	<testcase classname="irods.test.test_resource_types.Test_Resource_Unixfilesystem" name="test_irepl_with_purgec" time="11.876" timestamp="2024-08-05T21:38:40" file="scripts/irods/test/test_resource_types.py" line="1028">
		<system-out><![CDATA[ --- IrodsSession: icommand executed by [rods#tempZone] [iinit] --- 
Assert Command: iinit
Expecting STDOUT_SINGLELINE: ['']
  stdout:
    | WARNING: Error 25 disabling echo mode. Password will be displayed in plaintext.
    | Enter your current iRODS password:
  stderr:
    | 
Output found

 --- IrodsSession: icommand executed by [rods#tempZone] [iadmin modresc demoResc name origResc] --- 
Assert Command: iadmin modresc demoResc name origResc
Expecting STDOUT_SINGLELINE: ['rename']
  stdout:
    | If you modify a resource name, you and other users will need to
    | change your irods_environment.json files to use it, you may need to update
    | server_config.json and, if rules use the resource name, you'll need to
    | update the core rules (core.re).  This command will update various
    | tables with the new name.
    | Do you really want to modify the resource name? (enter y or yes to do so):OK, performing the resource rename
  stderr:
    | 
Output found

 --- IrodsSession: icommand executed by [rods#tempZone] [iadmin mkresc demoResc 'unixfilesystem' d7680432ccfd:/var/lib/irods/demoRescVault] --- 
Assert Command: iadmin mkresc demoResc 'unixfilesystem' d7680432ccfd:/var/lib/irods/demoRescVault
Expecting STDOUT_SINGLELINE: ['unixfilesystem']
  stdout:
    | Creating resource:
    | Name:		"demoResc"
    | Type:		"unixfilesystem"
    | Host:		"d7680432ccfd"
    | Path:		"/var/lib/irods/demoRescVault"
    | Context:	""
  stderr:
    | 
Output found

 --- IrodsSession: icommand executed by [rods#tempZone] [iinit] --- 
Assert Command: iinit
Expecting STDOUT_SINGLELINE: ['']
  stdout:
    | WARNING: Error 25 disabling echo mode. Password will be displayed in plaintext.
    | Enter your current iRODS password:
  stderr:
    | 
Output found

 --- IrodsSession: icommand executed by [rods#tempZone] [iinit] --- 
Assert Command: iinit
Expecting STDOUT_SINGLELINE: ['']
  stdout:
    | WARNING: Error 25 disabling echo mode. Password will be displayed in plaintext.
    | Enter your current iRODS password:
  stderr:
    | 
Output found

 --- IrodsSession: icommand executed by [rods#tempZone] [iadmin mkuser otherrods rodsadmin] --- 
Assert Command: iadmin mkuser otherrods rodsadmin
Expecting EMPTY: ['']
  stdout:
    | 
  stderr:
    | 
Output found

 --- IrodsSession: icommand executed by [rods#tempZone] [iadmin moduser otherrods password rods] --- 
Assert Command: iadmin moduser otherrods password rods
Expecting EMPTY: ['']
  stdout:
    | 
  stderr:
    | 
Output found

 --- IrodsSession: icommand executed by [otherrods#tempZone] [iinit] --- 
Assert Command: iinit
Expecting STDOUT_SINGLELINE: ['']
  stdout:
    | WARNING: Error 25 disabling echo mode. Password will be displayed in plaintext.
    | Enter your current iRODS password:
  stderr:
    | 
Output found

 --- IrodsSession: icommand executed by [otherrods#tempZone] [imkdir /tempZone/home/otherrods/2024-08-05Z21:38:29--irods-testing-v94td1ng] --- 
Assert Command: imkdir /tempZone/home/otherrods/2024-08-05Z21:38:29--irods-testing-v94td1ng
Expecting EMPTY: ['']
  stdout:
    | 
  stderr:
    | 
Output found

 --- IrodsSession: icommand executed by [otherrods#tempZone] [icd /tempZone/home/otherrods/2024-08-05Z21:38:29--irods-testing-v94td1ng] --- 
Assert Command: icd /tempZone/home/otherrods/2024-08-05Z21:38:29--irods-testing-v94td1ng
Expecting EMPTY: ['']
  stdout:
    | 
  stderr:
    | 
Output found

 --- IrodsSession: icommand executed by [rods#tempZone] [iinit] --- 
Assert Command: iinit
Expecting STDOUT_SINGLELINE: ['']
  stdout:
    | WARNING: Error 25 disabling echo mode. Password will be displayed in plaintext.
    | Enter your current iRODS password:
  stderr:
    | 
Output found

 --- IrodsSession: icommand executed by [rods#tempZone] [iadmin mkuser alice rodsuser] --- 
Assert Command: iadmin mkuser alice rodsuser
Expecting EMPTY: ['']
  stdout:
    | 
  stderr:
    | 
Output found

 --- IrodsSession: icommand executed by [rods#tempZone] [iadmin moduser alice password apass] --- 
Assert Command: iadmin moduser alice password apass
Expecting EMPTY: ['']
  stdout:
    | 
  stderr:
    | 
Output found

 --- IrodsSession: icommand executed by [alice#tempZone] [iinit] --- 
Assert Command: iinit
Expecting STDOUT_SINGLELINE: ['']
  stdout:
    | WARNING: Error 25 disabling echo mode. Password will be displayed in plaintext.
    | Enter your current iRODS password:
  stderr:
    | 
Output found

 --- IrodsSession: icommand executed by [alice#tempZone] [imkdir /tempZone/home/alice/2024-08-05Z21:38:30--irods-testing-_cuhc2o8] --- 
Assert Command: imkdir /tempZone/home/alice/2024-08-05Z21:38:30--irods-testing-_cuhc2o8
Expecting EMPTY: ['']
  stdout:
    | 
  stderr:
    | 
Output found

 --- IrodsSession: icommand executed by [alice#tempZone] [icd /tempZone/home/alice/2024-08-05Z21:38:30--irods-testing-_cuhc2o8] --- 
Assert Command: icd /tempZone/home/alice/2024-08-05Z21:38:30--irods-testing-_cuhc2o8
Expecting EMPTY: ['']
  stdout:
    | 
  stderr:
    | 
Output found

 --- IrodsSession: icommand executed by [rods#tempZone] [iinit] --- 
Assert Command: iinit
Expecting STDOUT_SINGLELINE: ['']
  stdout:
    | WARNING: Error 25 disabling echo mode. Password will be displayed in plaintext.
    | Enter your current iRODS password:
  stderr:
    | 
Output found

 --- IrodsSession: icommand executed by [rods#tempZone] [iadmin mkuser bobby rodsuser] --- 
Assert Command: iadmin mkuser bobby rodsuser
Expecting EMPTY: ['']
  stdout:
    | 
  stderr:
    | 
Output found

 --- IrodsSession: icommand executed by [rods#tempZone] [iadmin moduser bobby password bpass] --- 
Assert Command: iadmin moduser bobby password bpass
Expecting EMPTY: ['']
  stdout:
    | 
  stderr:
    | 
Output found

 --- IrodsSession: icommand executed by [bobby#tempZone] [iinit] --- 
Assert Command: iinit
Expecting STDOUT_SINGLELINE: ['']
  stdout:
    | WARNING: Error 25 disabling echo mode. Password will be displayed in plaintext.
    | Enter your current iRODS password:
  stderr:
    | 
Output found

 --- IrodsSession: icommand executed by [bobby#tempZone] [imkdir /tempZone/home/bobby/2024-08-05Z21:38:31--irods-testing-enrxwspe] --- 
Assert Command: imkdir /tempZone/home/bobby/2024-08-05Z21:38:31--irods-testing-enrxwspe
Expecting EMPTY: ['']
  stdout:
    | 
  stderr:
    | 
Output found

 --- IrodsSession: icommand executed by [bobby#tempZone] [icd /tempZone/home/bobby/2024-08-05Z21:38:31--irods-testing-enrxwspe] --- 
Assert Command: icd /tempZone/home/bobby/2024-08-05Z21:38:31--irods-testing-enrxwspe
Expecting EMPTY: ['']
  stdout:
    | 
  stderr:
    | 
Output found

run_resource_setup - BEGIN
 --- IrodsSession: icommand executed by [otherrods#tempZone] [iadmin mkresc TestResc unixfilesystem d7680432ccfd:/tmp/irods/TestResc] --- 
Assert Command: iadmin mkresc TestResc unixfilesystem d7680432ccfd:/tmp/irods/TestResc
Expecting STDOUT_SINGLELINE: ['unixfilesystem']
  stdout:
    | Creating resource:
    | Name:		"TestResc"
    | Type:		"unixfilesystem"
    | Host:		"d7680432ccfd"
    | Path:		"/tmp/irods/TestResc"
    | Context:	""
  stderr:
    | 
Output found

 --- IrodsSession: icommand executed by [otherrods#tempZone] [iadmin mkresc AnotherResc unixfilesystem d7680432ccfd:/tmp/irods/AnotherResc] --- 
Assert Command: iadmin mkresc AnotherResc unixfilesystem d7680432ccfd:/tmp/irods/AnotherResc
Expecting STDOUT_SINGLELINE: ['unixfilesystem']
  stdout:
    | Creating resource:
    | Name:		"AnotherResc"
    | Type:		"unixfilesystem"
    | Host:		"d7680432ccfd"
    | Path:		"/tmp/irods/AnotherResc"
    | Context:	""
  stderr:
    | 
Output found

 --- IrodsSession: icommand executed by [otherrods#tempZone] [imkdir testdir] --- 
Assert Command: imkdir testdir
Expecting EMPTY: ['']
  stdout:
    | 
  stderr:
    | 
Output found

 --- IrodsSession: icommand executed by [otherrods#tempZone] [iput testfile.txt] --- 
Assert Command: iput testfile.txt
Expecting EMPTY: ['']
  stdout:
    | 
  stderr:
    | 
Output found

 --- IrodsSession: icommand executed by [otherrods#tempZone] [icp testfile.txt ../../public/] --- 
Assert Command: icp testfile.txt ../../public/
Expecting EMPTY: ['']
  stdout:
    | 
  stderr:
    | 
Output found

 --- IrodsSession: icommand executed by [otherrods#tempZone] [ichmod read alice ../../public/testfile.txt] --- 
Assert Command: ichmod read alice ../../public/testfile.txt
Expecting EMPTY: ['']
  stdout:
    | 
  stderr:
    | 
Output found

 --- IrodsSession: icommand executed by [otherrods#tempZone] [ichmod write bobby ../../public/testfile.txt] --- 
Assert Command: ichmod write bobby ../../public/testfile.txt
Expecting EMPTY: ['']
  stdout:
    | 
  stderr:
    | 
Output found

run_resource_setup - END
 --- IrodsSession: icommand executed by [otherrods#tempZone] [ils -L purgecreplfile.txt] --- 
Assert Command: ils -L purgecreplfile.txt
Expecting STDERR_SINGLELINE: ['does not exist']
  stdout:
    | 
  stderr:
    | remote addresses: 10.201.24.5 ERROR: lsUtil: srcPath /tempZone/home/otherrods/2024-08-05Z21:38:29--irods-testing-v94td1ng/purgecreplfile.txt does not exist or user lacks access permission
Output found

 --- IrodsSession: icommand executed by [otherrods#tempZone] [iput purgecreplfile.txt] --- 
Assert Command: iput purgecreplfile.txt
Expecting EMPTY: ['']
  stdout:
    | 
  stderr:
    | 
Output found

 --- IrodsSession: icommand executed by [otherrods#tempZone] [irepl -R TestResc --purgec purgecreplfile.txt] --- 
Assert Command: irepl -R TestResc --purgec purgecreplfile.txt
Expecting STDOUT: ['Specifying a minimum number of replicas to keep is deprecated.']
  stdout:
    | Level 0: Specifying a minimum number of replicas to keep is deprecated.
  stderr:
    | 
Output found

 --- IrodsSession: icommand executed by [otherrods#tempZone] [ils -L purgecreplfile.txt] --- 
Assert FAIL Command: ils -L purgecreplfile.txt
Expecting STDOUT_SINGLELINE: [' 0 ', 'purgecreplfile.txt']
  stdout:
    |   otherrods         1 TestResc           47 2024-08-05.21:38 & purgecreplfile.txt
    |         generic    /tmp/irods/TestResc/home/otherrods/2024-08-05Z21:38:29--irods-testing-v94td1ng/purgecreplfile.txt
  stderr:
    | 
Output not found

 --- IrodsSession: icommand executed by [otherrods#tempZone] [ils -L purgecreplfile.txt] --- 
Assert Command: ils -L purgecreplfile.txt
Expecting STDOUT_SINGLELINE: [' 1 ', 'purgecreplfile.txt']
  stdout:
    |   otherrods         1 TestResc           47 2024-08-05.21:38 & purgecreplfile.txt
    |         generic    /tmp/irods/TestResc/home/otherrods/2024-08-05Z21:38:29--irods-testing-v94td1ng/purgecreplfile.txt
  stderr:
    | 
Output found

 --- IrodsSession: icommand executed by [otherrods#tempZone] [ils -L purgecreplfile.txt] --- 
Assert FAIL Command: ils -L purgecreplfile.txt
Expecting STDOUT_SINGLELINE: [' 2 ', 'purgecreplfile.txt']
  stdout:
    |   otherrods         1 TestResc           47 2024-08-05.21:38 & purgecreplfile.txt
    |         generic    /tmp/irods/TestResc/home/otherrods/2024-08-05Z21:38:29--irods-testing-v94td1ng/purgecreplfile.txt
  stderr:
    | 
Output not found

run_resource_teardown - BEGIN
 --- IrodsSession: icommand executed by [otherrods#tempZone] [icd] --- 
 --- IrodsSession: icommand executed by [otherrods#tempZone] [irm testfile.txt ../public/testfile.txt] --- 
 --- IrodsSession: icommand executed by [otherrods#tempZone] [irm -rf ../../bundle] --- 
 --- IrodsSession: icommand executed by [rods#tempZone] [iinit] --- 
Assert Command: iinit
Expecting STDOUT_SINGLELINE: ['']
  stdout:
    | WARNING: Error 25 disabling echo mode. Password will be displayed in plaintext.
    | Enter your current iRODS password:
  stderr:
    | 
Output found

 --- IrodsSession: icommand executed by [otherrods#tempZone] [icd] --- 
Assert Command: icd
Expecting EMPTY: ['']
  stdout:
    | 
  stderr:
    | 
Output found

 --- IrodsSession: icommand executed by [otherrods#tempZone] [irm -rf /tempZone/home/otherrods/2024-08-05Z21:38:29--irods-testing-v94td1ng] --- 
Assert Command: irm -rf /tempZone/home/otherrods/2024-08-05Z21:38:29--irods-testing-v94td1ng
Expecting EMPTY: ['']
  stdout:
    | 
  stderr:
    | 
Output found

 --- IrodsSession: icommand executed by [otherrods#tempZone] [irmtrash] --- 
Assert Command: irmtrash
Expecting EMPTY: ['']
  stdout:
    | 
  stderr:
    | 
Output found

 --- IrodsSession: icommand executed by [rods#tempZone] [iadmin rmuser otherrods] --- 
Assert Command: iadmin rmuser otherrods
Expecting EMPTY: ['']
  stdout:
    | 
  stderr:
    | 
Output found

 --- IrodsSession: icommand executed by [alice#tempZone] [icd] --- 
Assert Command: icd
Expecting EMPTY: ['']
  stdout:
    | 
  stderr:
    | 
Output found

 --- IrodsSession: icommand executed by [alice#tempZone] [irm -rf /tempZone/home/alice/2024-08-05Z21:38:30--irods-testing-_cuhc2o8] --- 
Assert Command: irm -rf /tempZone/home/alice/2024-08-05Z21:38:30--irods-testing-_cuhc2o8
Expecting EMPTY: ['']
  stdout:
    | 
  stderr:
    | 
Output found

 --- IrodsSession: icommand executed by [alice#tempZone] [irmtrash] --- 
Assert Command: irmtrash
Expecting EMPTY: ['']
  stdout:
    | 
  stderr:
    | 
Output found

 --- IrodsSession: icommand executed by [rods#tempZone] [iadmin rmuser alice] --- 
Assert Command: iadmin rmuser alice
Expecting EMPTY: ['']
  stdout:
    | 
  stderr:
    | 
Output found

 --- IrodsSession: icommand executed by [bobby#tempZone] [icd] --- 
Assert Command: icd
Expecting EMPTY: ['']
  stdout:
    | 
  stderr:
    | 
Output found

 --- IrodsSession: icommand executed by [bobby#tempZone] [irm -rf /tempZone/home/bobby/2024-08-05Z21:38:31--irods-testing-enrxwspe] --- 
Assert Command: irm -rf /tempZone/home/bobby/2024-08-05Z21:38:31--irods-testing-enrxwspe
Expecting EMPTY: ['']
  stdout:
    | 
  stderr:
    | 
Output found

 --- IrodsSession: icommand executed by [bobby#tempZone] [irmtrash] --- 
Assert Command: irmtrash
Expecting EMPTY: ['']
  stdout:
    | 
  stderr:
    | 
Output found

 --- IrodsSession: icommand executed by [rods#tempZone] [iadmin rmuser bobby] --- 
Assert Command: iadmin rmuser bobby
Expecting EMPTY: ['']
  stdout:
    | 
  stderr:
    | 
Output found

 --- IrodsSession: icommand executed by [rods#tempZone] [iinit] --- 
Assert Command: iinit
Expecting STDOUT_SINGLELINE: ['']
  stdout:
    | WARNING: Error 25 disabling echo mode. Password will be displayed in plaintext.
    | Enter your current iRODS password:
  stderr:
    | 
Output found

 --- IrodsSession: icommand executed by [rods#tempZone] [irmtrash -M] --- 
 --- IrodsSession: icommand executed by [rods#tempZone] [iadmin rmresc TestResc] --- 
 --- IrodsSession: icommand executed by [rods#tempZone] [iadmin rmresc AnotherResc] --- 
run_resource_teardown - END
 --- IrodsSession: icommand executed by [rods#tempZone] [iinit] --- 
Assert Command: iinit
Expecting STDOUT_SINGLELINE: ['']
  stdout:
    | WARNING: Error 25 disabling echo mode. Password will be displayed in plaintext.
    | Enter your current iRODS password:
  stderr:
    | 
Output found

 --- IrodsSession: icommand executed by [rods#tempZone] [iadmin rmresc demoResc] --- 
Assert Command: iadmin rmresc demoResc
Expecting EMPTY: ['']
  stdout:
    | 
  stderr:
    | 
Output found

 --- IrodsSession: icommand executed by [rods#tempZone] [iadmin modresc origResc name demoResc] --- 
Assert Command: iadmin modresc origResc name demoResc
Expecting STDOUT_SINGLELINE: ['rename']
  stdout:
    | If you modify a resource name, you and other users will need to
    | change your irods_environment.json files to use it, you may need to update
    | server_config.json and, if rules use the resource name, you'll need to
    | update the core rules (core.re).  This command will update various
    | tables with the new name.
    | Do you really want to modify the resource name? (enter y or yes to do so):OK, performing the resource rename
  stderr:
    | 
Output found

]]></system-out>
	</testcase>
	<testcase classname="irods.test.test_resource_types.Test_Resource_Unixfilesystem" name="test_irm" time="11.454" timestamp="2024-08-05T21:38:51" file="scripts/irods/test/test_resource_types.py" line="1064">
		<system-out><![CDATA[ --- IrodsSession: icommand executed by [rods#tempZone] [iinit] --- 
Assert Command: iinit
Expecting STDOUT_SINGLELINE: ['']
  stdout:
    | WARNING: Error 25 disabling echo mode. Password will be displayed in plaintext.
    | Enter your current iRODS password:
  stderr:
    | 
Output found

 --- IrodsSession: icommand executed by [rods#tempZone] [iadmin modresc demoResc name origResc] --- 
Assert Command: iadmin modresc demoResc name origResc
Expecting STDOUT_SINGLELINE: ['rename']
  stdout:
    | If you modify a resource name, you and other users will need to
    | change your irods_environment.json files to use it, you may need to update
    | server_config.json and, if rules use the resource name, you'll need to
    | update the core rules (core.re).  This command will update various
    | tables with the new name.
    | Do you really want to modify the resource name? (enter y or yes to do so):OK, performing the resource rename
  stderr:
    | 
Output found

 --- IrodsSession: icommand executed by [rods#tempZone] [iadmin mkresc demoResc 'unixfilesystem' d7680432ccfd:/var/lib/irods/demoRescVault] --- 
Assert Command: iadmin mkresc demoResc 'unixfilesystem' d7680432ccfd:/var/lib/irods/demoRescVault
Expecting STDOUT_SINGLELINE: ['unixfilesystem']
  stdout:
    | Creating resource:
    | Name:		"demoResc"
    | Type:		"unixfilesystem"
    | Host:		"d7680432ccfd"
    | Path:		"/var/lib/irods/demoRescVault"
    | Context:	""
  stderr:
    | 
Output found

 --- IrodsSession: icommand executed by [rods#tempZone] [iinit] --- 
Assert Command: iinit
Expecting STDOUT_SINGLELINE: ['']
  stdout:
    | WARNING: Error 25 disabling echo mode. Password will be displayed in plaintext.
    | Enter your current iRODS password:
  stderr:
    | 
Output found

 --- IrodsSession: icommand executed by [rods#tempZone] [iinit] --- 
Assert Command: iinit
Expecting STDOUT_SINGLELINE: ['']
  stdout:
    | WARNING: Error 25 disabling echo mode. Password will be displayed in plaintext.
    | Enter your current iRODS password:
  stderr:
    | 
Output found

 --- IrodsSession: icommand executed by [rods#tempZone] [iadmin mkuser otherrods rodsadmin] --- 
Assert Command: iadmin mkuser otherrods rodsadmin
Expecting EMPTY: ['']
  stdout:
    | 
  stderr:
    | 
Output found

 --- IrodsSession: icommand executed by [rods#tempZone] [iadmin moduser otherrods password rods] --- 
Assert Command: iadmin moduser otherrods password rods
Expecting EMPTY: ['']
  stdout:
    | 
  stderr:
    | 
Output found

 --- IrodsSession: icommand executed by [otherrods#tempZone] [iinit] --- 
Assert Command: iinit
Expecting STDOUT_SINGLELINE: ['']
  stdout:
    | WARNING: Error 25 disabling echo mode. Password will be displayed in plaintext.
    | Enter your current iRODS password:
  stderr:
    | 
Output found

 --- IrodsSession: icommand executed by [otherrods#tempZone] [imkdir /tempZone/home/otherrods/2024-08-05Z21:38:41--irods-testing-3j6o_c25] --- 
Assert Command: imkdir /tempZone/home/otherrods/2024-08-05Z21:38:41--irods-testing-3j6o_c25
Expecting EMPTY: ['']
  stdout:
    | 
  stderr:
    | 
Output found

 --- IrodsSession: icommand executed by [otherrods#tempZone] [icd /tempZone/home/otherrods/2024-08-05Z21:38:41--irods-testing-3j6o_c25] --- 
Assert Command: icd /tempZone/home/otherrods/2024-08-05Z21:38:41--irods-testing-3j6o_c25
Expecting EMPTY: ['']
  stdout:
    | 
  stderr:
    | 
Output found

 --- IrodsSession: icommand executed by [rods#tempZone] [iinit] --- 
Assert Command: iinit
Expecting STDOUT_SINGLELINE: ['']
  stdout:
    | WARNING: Error 25 disabling echo mode. Password will be displayed in plaintext.
    | Enter your current iRODS password:
  stderr:
    | 
Output found

 --- IrodsSession: icommand executed by [rods#tempZone] [iadmin mkuser alice rodsuser] --- 
Assert Command: iadmin mkuser alice rodsuser
Expecting EMPTY: ['']
  stdout:
    | 
  stderr:
    | 
Output found

 --- IrodsSession: icommand executed by [rods#tempZone] [iadmin moduser alice password apass] --- 
Assert Command: iadmin moduser alice password apass
Expecting EMPTY: ['']
  stdout:
    | 
  stderr:
    | 
Output found

 --- IrodsSession: icommand executed by [alice#tempZone] [iinit] --- 
Assert Command: iinit
Expecting STDOUT_SINGLELINE: ['']
  stdout:
    | WARNING: Error 25 disabling echo mode. Password will be displayed in plaintext.
    | Enter your current iRODS password:
  stderr:
    | 
Output found

 --- IrodsSession: icommand executed by [alice#tempZone] [imkdir /tempZone/home/alice/2024-08-05Z21:38:42--irods-testing-2nlk2hit] --- 
Assert Command: imkdir /tempZone/home/alice/2024-08-05Z21:38:42--irods-testing-2nlk2hit
Expecting EMPTY: ['']
  stdout:
    | 
  stderr:
    | 
Output found

 --- IrodsSession: icommand executed by [alice#tempZone] [icd /tempZone/home/alice/2024-08-05Z21:38:42--irods-testing-2nlk2hit] --- 
Assert Command: icd /tempZone/home/alice/2024-08-05Z21:38:42--irods-testing-2nlk2hit
Expecting EMPTY: ['']
  stdout:
    | 
  stderr:
    | 
Output found

 --- IrodsSession: icommand executed by [rods#tempZone] [iinit] --- 
Assert Command: iinit
Expecting STDOUT_SINGLELINE: ['']
  stdout:
    | WARNING: Error 25 disabling echo mode. Password will be displayed in plaintext.
    | Enter your current iRODS password:
  stderr:
    | 
Output found

 --- IrodsSession: icommand executed by [rods#tempZone] [iadmin mkuser bobby rodsuser] --- 
Assert Command: iadmin mkuser bobby rodsuser
Expecting EMPTY: ['']
  stdout:
    | 
  stderr:
    | 
Output found

 --- IrodsSession: icommand executed by [rods#tempZone] [iadmin moduser bobby password bpass] --- 
Assert Command: iadmin moduser bobby password bpass
Expecting EMPTY: ['']
  stdout:
    | 
  stderr:
    | 
Output found

 --- IrodsSession: icommand executed by [bobby#tempZone] [iinit] --- 
Assert Command: iinit
Expecting STDOUT_SINGLELINE: ['']
  stdout:
    | WARNING: Error 25 disabling echo mode. Password will be displayed in plaintext.
    | Enter your current iRODS password:
  stderr:
    | 
Output found

 --- IrodsSession: icommand executed by [bobby#tempZone] [imkdir /tempZone/home/bobby/2024-08-05Z21:38:43--irods-testing-4jx73tgq] --- 
Assert Command: imkdir /tempZone/home/bobby/2024-08-05Z21:38:43--irods-testing-4jx73tgq
Expecting EMPTY: ['']
  stdout:
    | 
  stderr:
    | 
Output found

 --- IrodsSession: icommand executed by [bobby#tempZone] [icd /tempZone/home/bobby/2024-08-05Z21:38:43--irods-testing-4jx73tgq] --- 
Assert Command: icd /tempZone/home/bobby/2024-08-05Z21:38:43--irods-testing-4jx73tgq
Expecting EMPTY: ['']
  stdout:
    | 
  stderr:
    | 
Output found

run_resource_setup - BEGIN
 --- IrodsSession: icommand executed by [otherrods#tempZone] [iadmin mkresc TestResc unixfilesystem d7680432ccfd:/tmp/irods/TestResc] --- 
Assert Command: iadmin mkresc TestResc unixfilesystem d7680432ccfd:/tmp/irods/TestResc
Expecting STDOUT_SINGLELINE: ['unixfilesystem']
  stdout:
    | Creating resource:
    | Name:		"TestResc"
    | Type:		"unixfilesystem"
    | Host:		"d7680432ccfd"
    | Path:		"/tmp/irods/TestResc"
    | Context:	""
  stderr:
    | 
Output found

 --- IrodsSession: icommand executed by [otherrods#tempZone] [iadmin mkresc AnotherResc unixfilesystem d7680432ccfd:/tmp/irods/AnotherResc] --- 
Assert Command: iadmin mkresc AnotherResc unixfilesystem d7680432ccfd:/tmp/irods/AnotherResc
Expecting STDOUT_SINGLELINE: ['unixfilesystem']
  stdout:
    | Creating resource:
    | Name:		"AnotherResc"
    | Type:		"unixfilesystem"
    | Host:		"d7680432ccfd"
    | Path:		"/tmp/irods/AnotherResc"
    | Context:	""
  stderr:
    | 
Output found

 --- IrodsSession: icommand executed by [otherrods#tempZone] [imkdir testdir] --- 
Assert Command: imkdir testdir
Expecting EMPTY: ['']
  stdout:
    | 
  stderr:
    | 
Output found

 --- IrodsSession: icommand executed by [otherrods#tempZone] [iput testfile.txt] --- 
Assert Command: iput testfile.txt
Expecting EMPTY: ['']
  stdout:
    | 
  stderr:
    | 
Output found

 --- IrodsSession: icommand executed by [otherrods#tempZone] [icp testfile.txt ../../public/] --- 
Assert Command: icp testfile.txt ../../public/
Expecting EMPTY: ['']
  stdout:
    | 
  stderr:
    | 
Output found

 --- IrodsSession: icommand executed by [otherrods#tempZone] [ichmod read alice ../../public/testfile.txt] --- 
Assert Command: ichmod read alice ../../public/testfile.txt
Expecting EMPTY: ['']
  stdout:
    | 
  stderr:
    | 
Output found

 --- IrodsSession: icommand executed by [otherrods#tempZone] [ichmod write bobby ../../public/testfile.txt] --- 
Assert Command: ichmod write bobby ../../public/testfile.txt
Expecting EMPTY: ['']
  stdout:
    | 
  stderr:
    | 
Output found

run_resource_setup - END
 --- IrodsSession: icommand executed by [otherrods#tempZone] [ils -L testfile.txt] --- 
Assert Command: ils -L testfile.txt
Expecting STDOUT_SINGLELINE: ['testfile.txt']
  stdout:
    |   otherrods         0 demoResc           33 2024-08-05.21:38 & testfile.txt
    |         generic    /var/lib/irods/demoRescVault/home/otherrods/2024-08-05Z21:38:41--irods-testing-3j6o_c25/testfile.txt
  stderr:
    | 
Output found

 --- IrodsSession: icommand executed by [otherrods#tempZone] [irm testfile.txt] --- 
Assert Command: irm testfile.txt
Expecting EMPTY: ['']
  stdout:
    | 
  stderr:
    | 
Output found

 --- IrodsSession: icommand executed by [otherrods#tempZone] [ils -L testfile.txt] --- 
Assert Command: ils -L testfile.txt
Expecting STDERR_SINGLELINE: ['testfile.txt']
  stdout:
    | 
  stderr:
    | remote addresses: 10.201.24.5 ERROR: lsUtil: srcPath /tempZone/home/otherrods/2024-08-05Z21:38:41--irods-testing-3j6o_c25/testfile.txt does not exist or user lacks access permission
Output found

 --- IrodsSession: icommand executed by [otherrods#tempZone] [ils -L /tempZone/trash/home/otherrods/2024-08-05Z21:38:41--irods-testing-3j6o_c25/testfile.txt] --- 
Assert Command: ils -L /tempZone/trash/home/otherrods/2024-08-05Z21:38:41--irods-testing-3j6o_c25/testfile.txt
Expecting STDOUT_SINGLELINE: ['testfile.txt']
  stdout:
    |   otherrods         0 demoResc           33 2024-08-05.21:38 & testfile.txt
    |         generic    /var/lib/irods/demoRescVault/trash/home/otherrods/2024-08-05Z21:38:41--irods-testing-3j6o_c25/testfile.txt
  stderr:
    | 
Output found

run_resource_teardown - BEGIN
 --- IrodsSession: icommand executed by [otherrods#tempZone] [icd] --- 
 --- IrodsSession: icommand executed by [otherrods#tempZone] [irm testfile.txt ../public/testfile.txt] --- 
 --- IrodsSession: icommand executed by [otherrods#tempZone] [irm -rf ../../bundle] --- 
 --- IrodsSession: icommand executed by [rods#tempZone] [iinit] --- 
Assert Command: iinit
Expecting STDOUT_SINGLELINE: ['']
  stdout:
    | WARNING: Error 25 disabling echo mode. Password will be displayed in plaintext.
    | Enter your current iRODS password:
  stderr:
    | 
Output found

 --- IrodsSession: icommand executed by [otherrods#tempZone] [icd] --- 
Assert Command: icd
Expecting EMPTY: ['']
  stdout:
    | 
  stderr:
    | 
Output found

 --- IrodsSession: icommand executed by [otherrods#tempZone] [irm -rf /tempZone/home/otherrods/2024-08-05Z21:38:41--irods-testing-3j6o_c25] --- 
Assert Command: irm -rf /tempZone/home/otherrods/2024-08-05Z21:38:41--irods-testing-3j6o_c25
Expecting EMPTY: ['']
  stdout:
    | 
  stderr:
    | 
Output found

 --- IrodsSession: icommand executed by [otherrods#tempZone] [irmtrash] --- 
Assert Command: irmtrash
Expecting EMPTY: ['']
  stdout:
    | 
  stderr:
    | 
Output found

 --- IrodsSession: icommand executed by [rods#tempZone] [iadmin rmuser otherrods] --- 
Assert Command: iadmin rmuser otherrods
Expecting EMPTY: ['']
  stdout:
    | 
  stderr:
    | 
Output found

 --- IrodsSession: icommand executed by [alice#tempZone] [icd] --- 
Assert Command: icd
Expecting EMPTY: ['']
  stdout:
    | 
  stderr:
    | 
Output found

 --- IrodsSession: icommand executed by [alice#tempZone] [irm -rf /tempZone/home/alice/2024-08-05Z21:38:42--irods-testing-2nlk2hit] --- 
Assert Command: irm -rf /tempZone/home/alice/2024-08-05Z21:38:42--irods-testing-2nlk2hit
Expecting EMPTY: ['']
  stdout:
    | 
  stderr:
    | 
Output found

 --- IrodsSession: icommand executed by [alice#tempZone] [irmtrash] --- 
Assert Command: irmtrash
Expecting EMPTY: ['']
  stdout:
    | 
  stderr:
    | 
Output found

 --- IrodsSession: icommand executed by [rods#tempZone] [iadmin rmuser alice] --- 
Assert Command: iadmin rmuser alice
Expecting EMPTY: ['']
  stdout:
    | 
  stderr:
    | 
Output found

 --- IrodsSession: icommand executed by [bobby#tempZone] [icd] --- 
Assert Command: icd
Expecting EMPTY: ['']
  stdout:
    | 
  stderr:
    | 
Output found

 --- IrodsSession: icommand executed by [bobby#tempZone] [irm -rf /tempZone/home/bobby/2024-08-05Z21:38:43--irods-testing-4jx73tgq] --- 
Assert Command: irm -rf /tempZone/home/bobby/2024-08-05Z21:38:43--irods-testing-4jx73tgq
Expecting EMPTY: ['']
  stdout:
    | 
  stderr:
    | 
Output found

 --- IrodsSession: icommand executed by [bobby#tempZone] [irmtrash] --- 
Assert Command: irmtrash
Expecting EMPTY: ['']
  stdout:
    | 
  stderr:
    | 
Output found

 --- IrodsSession: icommand executed by [rods#tempZone] [iadmin rmuser bobby] --- 
Assert Command: iadmin rmuser bobby
Expecting EMPTY: ['']
  stdout:
    | 
  stderr:
    | 
Output found

 --- IrodsSession: icommand executed by [rods#tempZone] [iinit] --- 
Assert Command: iinit
Expecting STDOUT_SINGLELINE: ['']
  stdout:
    | WARNING: Error 25 disabling echo mode. Password will be displayed in plaintext.
    | Enter your current iRODS password:
  stderr:
    | 
Output found

 --- IrodsSession: icommand executed by [rods#tempZone] [irmtrash -M] --- 
 --- IrodsSession: icommand executed by [rods#tempZone] [iadmin rmresc TestResc] --- 
 --- IrodsSession: icommand executed by [rods#tempZone] [iadmin rmresc AnotherResc] --- 
run_resource_teardown - END
 --- IrodsSession: icommand executed by [rods#tempZone] [iinit] --- 
Assert Command: iinit
Expecting STDOUT_SINGLELINE: ['']
  stdout:
    | WARNING: Error 25 disabling echo mode. Password will be displayed in plaintext.
    | Enter your current iRODS password:
  stderr:
    | 
Output found

 --- IrodsSession: icommand executed by [rods#tempZone] [iadmin rmresc demoResc] --- 
Assert Command: iadmin rmresc demoResc
Expecting EMPTY: ['']
  stdout:
    | 
  stderr:
    | 
Output found

 --- IrodsSession: icommand executed by [rods#tempZone] [iadmin modresc origResc name demoResc] --- 
Assert Command: iadmin modresc origResc name demoResc
Expecting STDOUT_SINGLELINE: ['rename']
  stdout:
    | If you modify a resource name, you and other users will need to
    | change your irods_environment.json files to use it, you may need to update
    | server_config.json and, if rules use the resource name, you'll need to
    | update the core rules (core.re).  This command will update various
    | tables with the new name.
    | Do you really want to modify the resource name? (enter y or yes to do so):OK, performing the resource rename
  stderr:
    | 
Output found

]]></system-out>
	</testcase>
	<testcase classname="irods.test.test_resource_types.Test_Resource_Unixfilesystem" name="test_irm_doesnotexist" time="10.245" timestamp="2024-08-05T21:39:01" file="scripts/irods/test/test_resource_types.py" line="1061">
		<system-out><![CDATA[ --- IrodsSession: icommand executed by [rods#tempZone] [iinit] --- 
Assert Command: iinit
Expecting STDOUT_SINGLELINE: ['']
  stdout:
    | WARNING: Error 25 disabling echo mode. Password will be displayed in plaintext.
    | Enter your current iRODS password:
  stderr:
    | 
Output found

 --- IrodsSession: icommand executed by [rods#tempZone] [iadmin modresc demoResc name origResc] --- 
Assert Command: iadmin modresc demoResc name origResc
Expecting STDOUT_SINGLELINE: ['rename']
  stdout:
    | If you modify a resource name, you and other users will need to
    | change your irods_environment.json files to use it, you may need to update
    | server_config.json and, if rules use the resource name, you'll need to
    | update the core rules (core.re).  This command will update various
    | tables with the new name.
    | Do you really want to modify the resource name? (enter y or yes to do so):OK, performing the resource rename
  stderr:
    | 
Output found

 --- IrodsSession: icommand executed by [rods#tempZone] [iadmin mkresc demoResc 'unixfilesystem' d7680432ccfd:/var/lib/irods/demoRescVault] --- 
Assert Command: iadmin mkresc demoResc 'unixfilesystem' d7680432ccfd:/var/lib/irods/demoRescVault
Expecting STDOUT_SINGLELINE: ['unixfilesystem']
  stdout:
    | Creating resource:
    | Name:		"demoResc"
    | Type:		"unixfilesystem"
    | Host:		"d7680432ccfd"
    | Path:		"/var/lib/irods/demoRescVault"
    | Context:	""
  stderr:
    | 
Output found

 --- IrodsSession: icommand executed by [rods#tempZone] [iinit] --- 
Assert Command: iinit
Expecting STDOUT_SINGLELINE: ['']
  stdout:
    | WARNING: Error 25 disabling echo mode. Password will be displayed in plaintext.
    | Enter your current iRODS password:
  stderr:
    | 
Output found

 --- IrodsSession: icommand executed by [rods#tempZone] [iinit] --- 
Assert Command: iinit
Expecting STDOUT_SINGLELINE: ['']
  stdout:
    | WARNING: Error 25 disabling echo mode. Password will be displayed in plaintext.
    | Enter your current iRODS password:
  stderr:
    | 
Output found

 --- IrodsSession: icommand executed by [rods#tempZone] [iadmin mkuser otherrods rodsadmin] --- 
Assert Command: iadmin mkuser otherrods rodsadmin
Expecting EMPTY: ['']
  stdout:
    | 
  stderr:
    | 
Output found

 --- IrodsSession: icommand executed by [rods#tempZone] [iadmin moduser otherrods password rods] --- 
Assert Command: iadmin moduser otherrods password rods
Expecting EMPTY: ['']
  stdout:
    | 
  stderr:
    | 
Output found

 --- IrodsSession: icommand executed by [otherrods#tempZone] [iinit] --- 
Assert Command: iinit
Expecting STDOUT_SINGLELINE: ['']
  stdout:
    | WARNING: Error 25 disabling echo mode. Password will be displayed in plaintext.
    | Enter your current iRODS password:
  stderr:
    | 
Output found

 --- IrodsSession: icommand executed by [otherrods#tempZone] [imkdir /tempZone/home/otherrods/2024-08-05Z21:38:52--irods-testing-i_vrmzn7] --- 
Assert Command: imkdir /tempZone/home/otherrods/2024-08-05Z21:38:52--irods-testing-i_vrmzn7
Expecting EMPTY: ['']
  stdout:
    | 
  stderr:
    | 
Output found

 --- IrodsSession: icommand executed by [otherrods#tempZone] [icd /tempZone/home/otherrods/2024-08-05Z21:38:52--irods-testing-i_vrmzn7] --- 
Assert Command: icd /tempZone/home/otherrods/2024-08-05Z21:38:52--irods-testing-i_vrmzn7
Expecting EMPTY: ['']
  stdout:
    | 
  stderr:
    | 
Output found

 --- IrodsSession: icommand executed by [rods#tempZone] [iinit] --- 
Assert Command: iinit
Expecting STDOUT_SINGLELINE: ['']
  stdout:
    | WARNING: Error 25 disabling echo mode. Password will be displayed in plaintext.
    | Enter your current iRODS password:
  stderr:
    | 
Output found

 --- IrodsSession: icommand executed by [rods#tempZone] [iadmin mkuser alice rodsuser] --- 
Assert Command: iadmin mkuser alice rodsuser
Expecting EMPTY: ['']
  stdout:
    | 
  stderr:
    | 
Output found

 --- IrodsSession: icommand executed by [rods#tempZone] [iadmin moduser alice password apass] --- 
Assert Command: iadmin moduser alice password apass
Expecting EMPTY: ['']
  stdout:
    | 
  stderr:
    | 
Output found

 --- IrodsSession: icommand executed by [alice#tempZone] [iinit] --- 
Assert Command: iinit
Expecting STDOUT_SINGLELINE: ['']
  stdout:
    | WARNING: Error 25 disabling echo mode. Password will be displayed in plaintext.
    | Enter your current iRODS password:
  stderr:
    | 
Output found

 --- IrodsSession: icommand executed by [alice#tempZone] [imkdir /tempZone/home/alice/2024-08-05Z21:38:53--irods-testing-xerve215] --- 
Assert Command: imkdir /tempZone/home/alice/2024-08-05Z21:38:53--irods-testing-xerve215
Expecting EMPTY: ['']
  stdout:
    | 
  stderr:
    | 
Output found

 --- IrodsSession: icommand executed by [alice#tempZone] [icd /tempZone/home/alice/2024-08-05Z21:38:53--irods-testing-xerve215] --- 
Assert Command: icd /tempZone/home/alice/2024-08-05Z21:38:53--irods-testing-xerve215
Expecting EMPTY: ['']
  stdout:
    | 
  stderr:
    | 
Output found

 --- IrodsSession: icommand executed by [rods#tempZone] [iinit] --- 
Assert Command: iinit
Expecting STDOUT_SINGLELINE: ['']
  stdout:
    | WARNING: Error 25 disabling echo mode. Password will be displayed in plaintext.
    | Enter your current iRODS password:
  stderr:
    | 
Output found

 --- IrodsSession: icommand executed by [rods#tempZone] [iadmin mkuser bobby rodsuser] --- 
Assert Command: iadmin mkuser bobby rodsuser
Expecting EMPTY: ['']
  stdout:
    | 
  stderr:
    | 
Output found

 --- IrodsSession: icommand executed by [rods#tempZone] [iadmin moduser bobby password bpass] --- 
Assert Command: iadmin moduser bobby password bpass
Expecting EMPTY: ['']
  stdout:
    | 
  stderr:
    | 
Output found

 --- IrodsSession: icommand executed by [bobby#tempZone] [iinit] --- 
Assert Command: iinit
Expecting STDOUT_SINGLELINE: ['']
  stdout:
    | WARNING: Error 25 disabling echo mode. Password will be displayed in plaintext.
    | Enter your current iRODS password:
  stderr:
    | 
Output found

 --- IrodsSession: icommand executed by [bobby#tempZone] [imkdir /tempZone/home/bobby/2024-08-05Z21:38:55--irods-testing-cacxcukg] --- 
Assert Command: imkdir /tempZone/home/bobby/2024-08-05Z21:38:55--irods-testing-cacxcukg
Expecting EMPTY: ['']
  stdout:
    | 
  stderr:
    | 
Output found

 --- IrodsSession: icommand executed by [bobby#tempZone] [icd /tempZone/home/bobby/2024-08-05Z21:38:55--irods-testing-cacxcukg] --- 
Assert Command: icd /tempZone/home/bobby/2024-08-05Z21:38:55--irods-testing-cacxcukg
Expecting EMPTY: ['']
  stdout:
    | 
  stderr:
    | 
Output found

run_resource_setup - BEGIN
 --- IrodsSession: icommand executed by [otherrods#tempZone] [iadmin mkresc TestResc unixfilesystem d7680432ccfd:/tmp/irods/TestResc] --- 
Assert Command: iadmin mkresc TestResc unixfilesystem d7680432ccfd:/tmp/irods/TestResc
Expecting STDOUT_SINGLELINE: ['unixfilesystem']
  stdout:
    | Creating resource:
    | Name:		"TestResc"
    | Type:		"unixfilesystem"
    | Host:		"d7680432ccfd"
    | Path:		"/tmp/irods/TestResc"
    | Context:	""
  stderr:
    | 
Output found

 --- IrodsSession: icommand executed by [otherrods#tempZone] [iadmin mkresc AnotherResc unixfilesystem d7680432ccfd:/tmp/irods/AnotherResc] --- 
Assert Command: iadmin mkresc AnotherResc unixfilesystem d7680432ccfd:/tmp/irods/AnotherResc
Expecting STDOUT_SINGLELINE: ['unixfilesystem']
  stdout:
    | Creating resource:
    | Name:		"AnotherResc"
    | Type:		"unixfilesystem"
    | Host:		"d7680432ccfd"
    | Path:		"/tmp/irods/AnotherResc"
    | Context:	""
  stderr:
    | 
Output found

 --- IrodsSession: icommand executed by [otherrods#tempZone] [imkdir testdir] --- 
Assert Command: imkdir testdir
Expecting EMPTY: ['']
  stdout:
    | 
  stderr:
    | 
Output found

 --- IrodsSession: icommand executed by [otherrods#tempZone] [iput testfile.txt] --- 
Assert Command: iput testfile.txt
Expecting EMPTY: ['']
  stdout:
    | 
  stderr:
    | 
Output found

 --- IrodsSession: icommand executed by [otherrods#tempZone] [icp testfile.txt ../../public/] --- 
Assert Command: icp testfile.txt ../../public/
Expecting EMPTY: ['']
  stdout:
    | 
  stderr:
    | 
Output found

 --- IrodsSession: icommand executed by [otherrods#tempZone] [ichmod read alice ../../public/testfile.txt] --- 
Assert Command: ichmod read alice ../../public/testfile.txt
Expecting EMPTY: ['']
  stdout:
    | 
  stderr:
    | 
Output found

 --- IrodsSession: icommand executed by [otherrods#tempZone] [ichmod write bobby ../../public/testfile.txt] --- 
Assert Command: ichmod write bobby ../../public/testfile.txt
Expecting EMPTY: ['']
  stdout:
    | 
  stderr:
    | 
Output found

run_resource_setup - END
 --- IrodsSession: icommand executed by [otherrods#tempZone] [irm doesnotexist] --- 
Assert FAIL Command: irm doesnotexist
Expecting EMPTY: ['']
  stdout:
    | 
  stderr:
    | remote addresses: 10.201.24.5 ERROR: rmUtil: srcPath /tempZone/home/otherrods/2024-08-05Z21:38:52--irods-testing-i_vrmzn7/doesnotexist does not exist
Unexpected output on stderr

run_resource_teardown - BEGIN
 --- IrodsSession: icommand executed by [otherrods#tempZone] [icd] --- 
 --- IrodsSession: icommand executed by [otherrods#tempZone] [irm testfile.txt ../public/testfile.txt] --- 
 --- IrodsSession: icommand executed by [otherrods#tempZone] [irm -rf ../../bundle] --- 
 --- IrodsSession: icommand executed by [rods#tempZone] [iinit] --- 
Assert Command: iinit
Expecting STDOUT_SINGLELINE: ['']
  stdout:
    | WARNING: Error 25 disabling echo mode. Password will be displayed in plaintext.
    | Enter your current iRODS password:
  stderr:
    | 
Output found

 --- IrodsSession: icommand executed by [otherrods#tempZone] [icd] --- 
Assert Command: icd
Expecting EMPTY: ['']
  stdout:
    | 
  stderr:
    | 
Output found

 --- IrodsSession: icommand executed by [otherrods#tempZone] [irm -rf /tempZone/home/otherrods/2024-08-05Z21:38:52--irods-testing-i_vrmzn7] --- 
Assert Command: irm -rf /tempZone/home/otherrods/2024-08-05Z21:38:52--irods-testing-i_vrmzn7
Expecting EMPTY: ['']
  stdout:
    | 
  stderr:
    | 
Output found

 --- IrodsSession: icommand executed by [otherrods#tempZone] [irmtrash] --- 
Assert Command: irmtrash
Expecting EMPTY: ['']
  stdout:
    | 
  stderr:
    | 
Output found

 --- IrodsSession: icommand executed by [rods#tempZone] [iadmin rmuser otherrods] --- 
Assert Command: iadmin rmuser otherrods
Expecting EMPTY: ['']
  stdout:
    | 
  stderr:
    | 
Output found

 --- IrodsSession: icommand executed by [alice#tempZone] [icd] --- 
Assert Command: icd
Expecting EMPTY: ['']
  stdout:
    | 
  stderr:
    | 
Output found

 --- IrodsSession: icommand executed by [alice#tempZone] [irm -rf /tempZone/home/alice/2024-08-05Z21:38:53--irods-testing-xerve215] --- 
Assert Command: irm -rf /tempZone/home/alice/2024-08-05Z21:38:53--irods-testing-xerve215
Expecting EMPTY: ['']
  stdout:
    | 
  stderr:
    | 
Output found

 --- IrodsSession: icommand executed by [alice#tempZone] [irmtrash] --- 
Assert Command: irmtrash
Expecting EMPTY: ['']
  stdout:
    | 
  stderr:
    | 
Output found

 --- IrodsSession: icommand executed by [rods#tempZone] [iadmin rmuser alice] --- 
Assert Command: iadmin rmuser alice
Expecting EMPTY: ['']
  stdout:
    | 
  stderr:
    | 
Output found

 --- IrodsSession: icommand executed by [bobby#tempZone] [icd] --- 
Assert Command: icd
Expecting EMPTY: ['']
  stdout:
    | 
  stderr:
    | 
Output found

 --- IrodsSession: icommand executed by [bobby#tempZone] [irm -rf /tempZone/home/bobby/2024-08-05Z21:38:55--irods-testing-cacxcukg] --- 
Assert Command: irm -rf /tempZone/home/bobby/2024-08-05Z21:38:55--irods-testing-cacxcukg
Expecting EMPTY: ['']
  stdout:
    | 
  stderr:
    | 
Output found

 --- IrodsSession: icommand executed by [bobby#tempZone] [irmtrash] --- 
Assert Command: irmtrash
Expecting EMPTY: ['']
  stdout:
    | 
  stderr:
    | 
Output found

 --- IrodsSession: icommand executed by [rods#tempZone] [iadmin rmuser bobby] --- 
Assert Command: iadmin rmuser bobby
Expecting EMPTY: ['']
  stdout:
    | 
  stderr:
    | 
Output found

 --- IrodsSession: icommand executed by [rods#tempZone] [iinit] --- 
Assert Command: iinit
Expecting STDOUT_SINGLELINE: ['']
  stdout:
    | WARNING: Error 25 disabling echo mode. Password will be displayed in plaintext.
    | Enter your current iRODS password:
  stderr:
    | 
Output found

 --- IrodsSession: icommand executed by [rods#tempZone] [irmtrash -M] --- 
 --- IrodsSession: icommand executed by [rods#tempZone] [iadmin rmresc TestResc] --- 
 --- IrodsSession: icommand executed by [rods#tempZone] [iadmin rmresc AnotherResc] --- 
run_resource_teardown - END
 --- IrodsSession: icommand executed by [rods#tempZone] [iinit] --- 
Assert Command: iinit
Expecting STDOUT_SINGLELINE: ['']
  stdout:
    | WARNING: Error 25 disabling echo mode. Password will be displayed in plaintext.
    | Enter your current iRODS password:
  stderr:
    | 
Output found

 --- IrodsSession: icommand executed by [rods#tempZone] [iadmin rmresc demoResc] --- 
Assert Command: iadmin rmresc demoResc
Expecting EMPTY: ['']
  stdout:
    | 
  stderr:
    | 
Output found

 --- IrodsSession: icommand executed by [rods#tempZone] [iadmin modresc origResc name demoResc] --- 
Assert Command: iadmin modresc origResc name demoResc
Expecting STDOUT_SINGLELINE: ['rename']
  stdout:
    | If you modify a resource name, you and other users will need to
    | change your irods_environment.json files to use it, you may need to update
    | server_config.json and, if rules use the resource name, you'll need to
    | update the core rules (core.re).  This command will update various
    | tables with the new name.
    | Do you really want to modify the resource name? (enter y or yes to do so):OK, performing the resource rename
  stderr:
    | 
Output found

]]></system-out>
	</testcase>
	<testcase classname="irods.test.test_resource_types.Test_Resource_Unixfilesystem" name="test_irm_force" time="10.790" timestamp="2024-08-05T21:39:12" file="scripts/irods/test/test_resource_types.py" line="1073">
		<system-out><![CDATA[ --- IrodsSession: icommand executed by [rods#tempZone] [iinit] --- 
Assert Command: iinit
Expecting STDOUT_SINGLELINE: ['']
  stdout:
    | WARNING: Error 25 disabling echo mode. Password will be displayed in plaintext.
    | Enter your current iRODS password:
  stderr:
    | 
Output found

 --- IrodsSession: icommand executed by [rods#tempZone] [iadmin modresc demoResc name origResc] --- 
Assert Command: iadmin modresc demoResc name origResc
Expecting STDOUT_SINGLELINE: ['rename']
  stdout:
    | If you modify a resource name, you and other users will need to
    | change your irods_environment.json files to use it, you may need to update
    | server_config.json and, if rules use the resource name, you'll need to
    | update the core rules (core.re).  This command will update various
    | tables with the new name.
    | Do you really want to modify the resource name? (enter y or yes to do so):OK, performing the resource rename
  stderr:
    | 
Output found

 --- IrodsSession: icommand executed by [rods#tempZone] [iadmin mkresc demoResc 'unixfilesystem' d7680432ccfd:/var/lib/irods/demoRescVault] --- 
Assert Command: iadmin mkresc demoResc 'unixfilesystem' d7680432ccfd:/var/lib/irods/demoRescVault
Expecting STDOUT_SINGLELINE: ['unixfilesystem']
  stdout:
    | Creating resource:
    | Name:		"demoResc"
    | Type:		"unixfilesystem"
    | Host:		"d7680432ccfd"
    | Path:		"/var/lib/irods/demoRescVault"
    | Context:	""
  stderr:
    | 
Output found

 --- IrodsSession: icommand executed by [rods#tempZone] [iinit] --- 
Assert Command: iinit
Expecting STDOUT_SINGLELINE: ['']
  stdout:
    | WARNING: Error 25 disabling echo mode. Password will be displayed in plaintext.
    | Enter your current iRODS password:
  stderr:
    | 
Output found

 --- IrodsSession: icommand executed by [rods#tempZone] [iinit] --- 
Assert Command: iinit
Expecting STDOUT_SINGLELINE: ['']
  stdout:
    | WARNING: Error 25 disabling echo mode. Password will be displayed in plaintext.
    | Enter your current iRODS password:
  stderr:
    | 
Output found

 --- IrodsSession: icommand executed by [rods#tempZone] [iadmin mkuser otherrods rodsadmin] --- 
Assert Command: iadmin mkuser otherrods rodsadmin
Expecting EMPTY: ['']
  stdout:
    | 
  stderr:
    | 
Output found

 --- IrodsSession: icommand executed by [rods#tempZone] [iadmin moduser otherrods password rods] --- 
Assert Command: iadmin moduser otherrods password rods
Expecting EMPTY: ['']
  stdout:
    | 
  stderr:
    | 
Output found

 --- IrodsSession: icommand executed by [otherrods#tempZone] [iinit] --- 
Assert Command: iinit
Expecting STDOUT_SINGLELINE: ['']
  stdout:
    | WARNING: Error 25 disabling echo mode. Password will be displayed in plaintext.
    | Enter your current iRODS password:
  stderr:
    | 
Output found

 --- IrodsSession: icommand executed by [otherrods#tempZone] [imkdir /tempZone/home/otherrods/2024-08-05Z21:39:03--irods-testing-f4g32p80] --- 
Assert Command: imkdir /tempZone/home/otherrods/2024-08-05Z21:39:03--irods-testing-f4g32p80
Expecting EMPTY: ['']
  stdout:
    | 
  stderr:
    | 
Output found

 --- IrodsSession: icommand executed by [otherrods#tempZone] [icd /tempZone/home/otherrods/2024-08-05Z21:39:03--irods-testing-f4g32p80] --- 
Assert Command: icd /tempZone/home/otherrods/2024-08-05Z21:39:03--irods-testing-f4g32p80
Expecting EMPTY: ['']
  stdout:
    | 
  stderr:
    | 
Output found

 --- IrodsSession: icommand executed by [rods#tempZone] [iinit] --- 
Assert Command: iinit
Expecting STDOUT_SINGLELINE: ['']
  stdout:
    | WARNING: Error 25 disabling echo mode. Password will be displayed in plaintext.
    | Enter your current iRODS password:
  stderr:
    | 
Output found

 --- IrodsSession: icommand executed by [rods#tempZone] [iadmin mkuser alice rodsuser] --- 
Assert Command: iadmin mkuser alice rodsuser
Expecting EMPTY: ['']
  stdout:
    | 
  stderr:
    | 
Output found

 --- IrodsSession: icommand executed by [rods#tempZone] [iadmin moduser alice password apass] --- 
Assert Command: iadmin moduser alice password apass
Expecting EMPTY: ['']
  stdout:
    | 
  stderr:
    | 
Output found

 --- IrodsSession: icommand executed by [alice#tempZone] [iinit] --- 
Assert Command: iinit
Expecting STDOUT_SINGLELINE: ['']
  stdout:
    | WARNING: Error 25 disabling echo mode. Password will be displayed in plaintext.
    | Enter your current iRODS password:
  stderr:
    | 
Output found

 --- IrodsSession: icommand executed by [alice#tempZone] [imkdir /tempZone/home/alice/2024-08-05Z21:39:04--irods-testing-vgql8n4h] --- 
Assert Command: imkdir /tempZone/home/alice/2024-08-05Z21:39:04--irods-testing-vgql8n4h
Expecting EMPTY: ['']
  stdout:
    | 
  stderr:
    | 
Output found

 --- IrodsSession: icommand executed by [alice#tempZone] [icd /tempZone/home/alice/2024-08-05Z21:39:04--irods-testing-vgql8n4h] --- 
Assert Command: icd /tempZone/home/alice/2024-08-05Z21:39:04--irods-testing-vgql8n4h
Expecting EMPTY: ['']
  stdout:
    | 
  stderr:
    | 
Output found

 --- IrodsSession: icommand executed by [rods#tempZone] [iinit] --- 
Assert Command: iinit
Expecting STDOUT_SINGLELINE: ['']
  stdout:
    | WARNING: Error 25 disabling echo mode. Password will be displayed in plaintext.
    | Enter your current iRODS password:
  stderr:
    | 
Output found

 --- IrodsSession: icommand executed by [rods#tempZone] [iadmin mkuser bobby rodsuser] --- 
Assert Command: iadmin mkuser bobby rodsuser
Expecting EMPTY: ['']
  stdout:
    | 
  stderr:
    | 
Output found

 --- IrodsSession: icommand executed by [rods#tempZone] [iadmin moduser bobby password bpass] --- 
Assert Command: iadmin moduser bobby password bpass
Expecting EMPTY: ['']
  stdout:
    | 
  stderr:
    | 
Output found

 --- IrodsSession: icommand executed by [bobby#tempZone] [iinit] --- 
Assert Command: iinit
Expecting STDOUT_SINGLELINE: ['']
  stdout:
    | WARNING: Error 25 disabling echo mode. Password will be displayed in plaintext.
    | Enter your current iRODS password:
  stderr:
    | 
Output found

 --- IrodsSession: icommand executed by [bobby#tempZone] [imkdir /tempZone/home/bobby/2024-08-05Z21:39:05--irods-testing-owlx7oy4] --- 
Assert Command: imkdir /tempZone/home/bobby/2024-08-05Z21:39:05--irods-testing-owlx7oy4
Expecting EMPTY: ['']
  stdout:
    | 
  stderr:
    | 
Output found

 --- IrodsSession: icommand executed by [bobby#tempZone] [icd /tempZone/home/bobby/2024-08-05Z21:39:05--irods-testing-owlx7oy4] --- 
Assert Command: icd /tempZone/home/bobby/2024-08-05Z21:39:05--irods-testing-owlx7oy4
Expecting EMPTY: ['']
  stdout:
    | 
  stderr:
    | 
Output found

run_resource_setup - BEGIN
 --- IrodsSession: icommand executed by [otherrods#tempZone] [iadmin mkresc TestResc unixfilesystem d7680432ccfd:/tmp/irods/TestResc] --- 
Assert Command: iadmin mkresc TestResc unixfilesystem d7680432ccfd:/tmp/irods/TestResc
Expecting STDOUT_SINGLELINE: ['unixfilesystem']
  stdout:
    | Creating resource:
    | Name:		"TestResc"
    | Type:		"unixfilesystem"
    | Host:		"d7680432ccfd"
    | Path:		"/tmp/irods/TestResc"
    | Context:	""
  stderr:
    | 
Output found

 --- IrodsSession: icommand executed by [otherrods#tempZone] [iadmin mkresc AnotherResc unixfilesystem d7680432ccfd:/tmp/irods/AnotherResc] --- 
Assert Command: iadmin mkresc AnotherResc unixfilesystem d7680432ccfd:/tmp/irods/AnotherResc
Expecting STDOUT_SINGLELINE: ['unixfilesystem']
  stdout:
    | Creating resource:
    | Name:		"AnotherResc"
    | Type:		"unixfilesystem"
    | Host:		"d7680432ccfd"
    | Path:		"/tmp/irods/AnotherResc"
    | Context:	""
  stderr:
    | 
Output found

 --- IrodsSession: icommand executed by [otherrods#tempZone] [imkdir testdir] --- 
Assert Command: imkdir testdir
Expecting EMPTY: ['']
  stdout:
    | 
  stderr:
    | 
Output found

 --- IrodsSession: icommand executed by [otherrods#tempZone] [iput testfile.txt] --- 
Assert Command: iput testfile.txt
Expecting EMPTY: ['']
  stdout:
    | 
  stderr:
    | 
Output found

 --- IrodsSession: icommand executed by [otherrods#tempZone] [icp testfile.txt ../../public/] --- 
Assert Command: icp testfile.txt ../../public/
Expecting EMPTY: ['']
  stdout:
    | 
  stderr:
    | 
Output found

 --- IrodsSession: icommand executed by [otherrods#tempZone] [ichmod read alice ../../public/testfile.txt] --- 
Assert Command: ichmod read alice ../../public/testfile.txt
Expecting EMPTY: ['']
  stdout:
    | 
  stderr:
    | 
Output found

 --- IrodsSession: icommand executed by [otherrods#tempZone] [ichmod write bobby ../../public/testfile.txt] --- 
Assert Command: ichmod write bobby ../../public/testfile.txt
Expecting EMPTY: ['']
  stdout:
    | 
  stderr:
    | 
Output found

run_resource_setup - END
 --- IrodsSession: icommand executed by [otherrods#tempZone] [ils -L testfile.txt] --- 
Assert Command: ils -L testfile.txt
Expecting STDOUT_SINGLELINE: ['testfile.txt']
  stdout:
    |   otherrods         0 demoResc           33 2024-08-05.21:39 & testfile.txt
    |         generic    /var/lib/irods/demoRescVault/home/otherrods/2024-08-05Z21:39:03--irods-testing-f4g32p80/testfile.txt
  stderr:
    | 
Output found

 --- IrodsSession: icommand executed by [otherrods#tempZone] [irm -f testfile.txt] --- 
Assert Command: irm -f testfile.txt
Expecting EMPTY: ['']
  stdout:
    | 
  stderr:
    | 
Output found

 --- IrodsSession: icommand executed by [otherrods#tempZone] [ils -L testfile.txt] --- 
Assert FAIL Command: ils -L testfile.txt
Expecting STDOUT_SINGLELINE: ['testfile.txt']
  stdout:
    | 
  stderr:
    | remote addresses: 10.201.24.5 ERROR: lsUtil: srcPath /tempZone/home/otherrods/2024-08-05Z21:39:03--irods-testing-f4g32p80/testfile.txt does not exist or user lacks access permission
Unexpected output on stderr

 --- IrodsSession: icommand executed by [otherrods#tempZone] [ils -L /tempZone/trash/home/otherrods/2024-08-05Z21:39:03--irods-testing-f4g32p80/testfile.txt] --- 
Assert FAIL Command: ils -L /tempZone/trash/home/otherrods/2024-08-05Z21:39:03--irods-testing-f4g32p80/testfile.txt
Expecting STDOUT_SINGLELINE: ['testfile.txt']
  stdout:
    | 
  stderr:
    | remote addresses: 10.201.24.5 ERROR: lsUtil: srcPath /tempZone/trash/home/otherrods/2024-08-05Z21:39:03--irods-testing-f4g32p80/testfile.txt does not exist or user lacks access permission
Unexpected output on stderr

run_resource_teardown - BEGIN
 --- IrodsSession: icommand executed by [otherrods#tempZone] [icd] --- 
 --- IrodsSession: icommand executed by [otherrods#tempZone] [irm testfile.txt ../public/testfile.txt] --- 
 --- IrodsSession: icommand executed by [otherrods#tempZone] [irm -rf ../../bundle] --- 
 --- IrodsSession: icommand executed by [rods#tempZone] [iinit] --- 
Assert Command: iinit
Expecting STDOUT_SINGLELINE: ['']
  stdout:
    | WARNING: Error 25 disabling echo mode. Password will be displayed in plaintext.
    | Enter your current iRODS password:
  stderr:
    | 
Output found

 --- IrodsSession: icommand executed by [otherrods#tempZone] [icd] --- 
Assert Command: icd
Expecting EMPTY: ['']
  stdout:
    | 
  stderr:
    | 
Output found

 --- IrodsSession: icommand executed by [otherrods#tempZone] [irm -rf /tempZone/home/otherrods/2024-08-05Z21:39:03--irods-testing-f4g32p80] --- 
Assert Command: irm -rf /tempZone/home/otherrods/2024-08-05Z21:39:03--irods-testing-f4g32p80
Expecting EMPTY: ['']
  stdout:
    | 
  stderr:
    | 
Output found

 --- IrodsSession: icommand executed by [otherrods#tempZone] [irmtrash] --- 
Assert Command: irmtrash
Expecting EMPTY: ['']
  stdout:
    | 
  stderr:
    | 
Output found

 --- IrodsSession: icommand executed by [rods#tempZone] [iadmin rmuser otherrods] --- 
Assert Command: iadmin rmuser otherrods
Expecting EMPTY: ['']
  stdout:
    | 
  stderr:
    | 
Output found

 --- IrodsSession: icommand executed by [alice#tempZone] [icd] --- 
Assert Command: icd
Expecting EMPTY: ['']
  stdout:
    | 
  stderr:
    | 
Output found

 --- IrodsSession: icommand executed by [alice#tempZone] [irm -rf /tempZone/home/alice/2024-08-05Z21:39:04--irods-testing-vgql8n4h] --- 
Assert Command: irm -rf /tempZone/home/alice/2024-08-05Z21:39:04--irods-testing-vgql8n4h
Expecting EMPTY: ['']
  stdout:
    | 
  stderr:
    | 
Output found

 --- IrodsSession: icommand executed by [alice#tempZone] [irmtrash] --- 
Assert Command: irmtrash
Expecting EMPTY: ['']
  stdout:
    | 
  stderr:
    | 
Output found

 --- IrodsSession: icommand executed by [rods#tempZone] [iadmin rmuser alice] --- 
Assert Command: iadmin rmuser alice
Expecting EMPTY: ['']
  stdout:
    | 
  stderr:
    | 
Output found

 --- IrodsSession: icommand executed by [bobby#tempZone] [icd] --- 
Assert Command: icd
Expecting EMPTY: ['']
  stdout:
    | 
  stderr:
    | 
Output found

 --- IrodsSession: icommand executed by [bobby#tempZone] [irm -rf /tempZone/home/bobby/2024-08-05Z21:39:05--irods-testing-owlx7oy4] --- 
Assert Command: irm -rf /tempZone/home/bobby/2024-08-05Z21:39:05--irods-testing-owlx7oy4
Expecting EMPTY: ['']
  stdout:
    | 
  stderr:
    | 
Output found

 --- IrodsSession: icommand executed by [bobby#tempZone] [irmtrash] --- 
Assert Command: irmtrash
Expecting EMPTY: ['']
  stdout:
    | 
  stderr:
    | 
Output found

 --- IrodsSession: icommand executed by [rods#tempZone] [iadmin rmuser bobby] --- 
Assert Command: iadmin rmuser bobby
Expecting EMPTY: ['']
  stdout:
    | 
  stderr:
    | 
Output found

 --- IrodsSession: icommand executed by [rods#tempZone] [iinit] --- 
Assert Command: iinit
Expecting STDOUT_SINGLELINE: ['']
  stdout:
    | WARNING: Error 25 disabling echo mode. Password will be displayed in plaintext.
    | Enter your current iRODS password:
  stderr:
    | 
Output found

 --- IrodsSession: icommand executed by [rods#tempZone] [irmtrash -M] --- 
 --- IrodsSession: icommand executed by [rods#tempZone] [iadmin rmresc TestResc] --- 
 --- IrodsSession: icommand executed by [rods#tempZone] [iadmin rmresc AnotherResc] --- 
run_resource_teardown - END
 --- IrodsSession: icommand executed by [rods#tempZone] [iinit] --- 
Assert Command: iinit
Expecting STDOUT_SINGLELINE: ['']
  stdout:
    | WARNING: Error 25 disabling echo mode. Password will be displayed in plaintext.
    | Enter your current iRODS password:
  stderr:
    | 
Output found

 --- IrodsSession: icommand executed by [rods#tempZone] [iadmin rmresc demoResc] --- 
Assert Command: iadmin rmresc demoResc
Expecting EMPTY: ['']
  stdout:
    | 
  stderr:
    | 
Output found

 --- IrodsSession: icommand executed by [rods#tempZone] [iadmin modresc origResc name demoResc] --- 
Assert Command: iadmin modresc origResc name demoResc
Expecting STDOUT_SINGLELINE: ['rename']
  stdout:
    | If you modify a resource name, you and other users will need to
    | change your irods_environment.json files to use it, you may need to update
    | server_config.json and, if rules use the resource name, you'll need to
    | update the core rules (core.re).  This command will update various
    | tables with the new name.
    | Do you really want to modify the resource name? (enter y or yes to do so):OK, performing the resource rename
  stderr:
    | 
Output found

]]></system-out>
	</testcase>
	<testcase classname="irods.test.test_resource_types.Test_Resource_Unixfilesystem" name="test_irm_recursive" time="11.213" timestamp="2024-08-05T21:39:23" file="scripts/irods/test/test_resource_types.py" line="1100">
		<system-out><![CDATA[ --- IrodsSession: icommand executed by [rods#tempZone] [iinit] --- 
Assert Command: iinit
Expecting STDOUT_SINGLELINE: ['']
  stdout:
    | WARNING: Error 25 disabling echo mode. Password will be displayed in plaintext.
    | Enter your current iRODS password:
  stderr:
    | 
Output found

 --- IrodsSession: icommand executed by [rods#tempZone] [iadmin modresc demoResc name origResc] --- 
Assert Command: iadmin modresc demoResc name origResc
Expecting STDOUT_SINGLELINE: ['rename']
  stdout:
    | If you modify a resource name, you and other users will need to
    | change your irods_environment.json files to use it, you may need to update
    | server_config.json and, if rules use the resource name, you'll need to
    | update the core rules (core.re).  This command will update various
    | tables with the new name.
    | Do you really want to modify the resource name? (enter y or yes to do so):OK, performing the resource rename
  stderr:
    | 
Output found

 --- IrodsSession: icommand executed by [rods#tempZone] [iadmin mkresc demoResc 'unixfilesystem' d7680432ccfd:/var/lib/irods/demoRescVault] --- 
Assert Command: iadmin mkresc demoResc 'unixfilesystem' d7680432ccfd:/var/lib/irods/demoRescVault
Expecting STDOUT_SINGLELINE: ['unixfilesystem']
  stdout:
    | Creating resource:
    | Name:		"demoResc"
    | Type:		"unixfilesystem"
    | Host:		"d7680432ccfd"
    | Path:		"/var/lib/irods/demoRescVault"
    | Context:	""
  stderr:
    | 
Output found

 --- IrodsSession: icommand executed by [rods#tempZone] [iinit] --- 
Assert Command: iinit
Expecting STDOUT_SINGLELINE: ['']
  stdout:
    | WARNING: Error 25 disabling echo mode. Password will be displayed in plaintext.
    | Enter your current iRODS password:
  stderr:
    | 
Output found

 --- IrodsSession: icommand executed by [rods#tempZone] [iinit] --- 
Assert Command: iinit
Expecting STDOUT_SINGLELINE: ['']
  stdout:
    | WARNING: Error 25 disabling echo mode. Password will be displayed in plaintext.
    | Enter your current iRODS password:
  stderr:
    | 
Output found

 --- IrodsSession: icommand executed by [rods#tempZone] [iadmin mkuser otherrods rodsadmin] --- 
Assert Command: iadmin mkuser otherrods rodsadmin
Expecting EMPTY: ['']
  stdout:
    | 
  stderr:
    | 
Output found

 --- IrodsSession: icommand executed by [rods#tempZone] [iadmin moduser otherrods password rods] --- 
Assert Command: iadmin moduser otherrods password rods
Expecting EMPTY: ['']
  stdout:
    | 
  stderr:
    | 
Output found

 --- IrodsSession: icommand executed by [otherrods#tempZone] [iinit] --- 
Assert Command: iinit
Expecting STDOUT_SINGLELINE: ['']
  stdout:
    | WARNING: Error 25 disabling echo mode. Password will be displayed in plaintext.
    | Enter your current iRODS password:
  stderr:
    | 
Output found

 --- IrodsSession: icommand executed by [otherrods#tempZone] [imkdir /tempZone/home/otherrods/2024-08-05Z21:39:13--irods-testing-9xp934iu] --- 
Assert Command: imkdir /tempZone/home/otherrods/2024-08-05Z21:39:13--irods-testing-9xp934iu
Expecting EMPTY: ['']
  stdout:
    | 
  stderr:
    | 
Output found

 --- IrodsSession: icommand executed by [otherrods#tempZone] [icd /tempZone/home/otherrods/2024-08-05Z21:39:13--irods-testing-9xp934iu] --- 
Assert Command: icd /tempZone/home/otherrods/2024-08-05Z21:39:13--irods-testing-9xp934iu
Expecting EMPTY: ['']
  stdout:
    | 
  stderr:
    | 
Output found

 --- IrodsSession: icommand executed by [rods#tempZone] [iinit] --- 
Assert Command: iinit
Expecting STDOUT_SINGLELINE: ['']
  stdout:
    | WARNING: Error 25 disabling echo mode. Password will be displayed in plaintext.
    | Enter your current iRODS password:
  stderr:
    | 
Output found

 --- IrodsSession: icommand executed by [rods#tempZone] [iadmin mkuser alice rodsuser] --- 
Assert Command: iadmin mkuser alice rodsuser
Expecting EMPTY: ['']
  stdout:
    | 
  stderr:
    | 
Output found

 --- IrodsSession: icommand executed by [rods#tempZone] [iadmin moduser alice password apass] --- 
Assert Command: iadmin moduser alice password apass
Expecting EMPTY: ['']
  stdout:
    | 
  stderr:
    | 
Output found

 --- IrodsSession: icommand executed by [alice#tempZone] [iinit] --- 
Assert Command: iinit
Expecting STDOUT_SINGLELINE: ['']
  stdout:
    | WARNING: Error 25 disabling echo mode. Password will be displayed in plaintext.
    | Enter your current iRODS password:
  stderr:
    | 
Output found

 --- IrodsSession: icommand executed by [alice#tempZone] [imkdir /tempZone/home/alice/2024-08-05Z21:39:15--irods-testing-n5b2xz4a] --- 
Assert Command: imkdir /tempZone/home/alice/2024-08-05Z21:39:15--irods-testing-n5b2xz4a
Expecting EMPTY: ['']
  stdout:
    | 
  stderr:
    | 
Output found

 --- IrodsSession: icommand executed by [alice#tempZone] [icd /tempZone/home/alice/2024-08-05Z21:39:15--irods-testing-n5b2xz4a] --- 
Assert Command: icd /tempZone/home/alice/2024-08-05Z21:39:15--irods-testing-n5b2xz4a
Expecting EMPTY: ['']
  stdout:
    | 
  stderr:
    | 
Output found

 --- IrodsSession: icommand executed by [rods#tempZone] [iinit] --- 
Assert Command: iinit
Expecting STDOUT_SINGLELINE: ['']
  stdout:
    | WARNING: Error 25 disabling echo mode. Password will be displayed in plaintext.
    | Enter your current iRODS password:
  stderr:
    | 
Output found

 --- IrodsSession: icommand executed by [rods#tempZone] [iadmin mkuser bobby rodsuser] --- 
Assert Command: iadmin mkuser bobby rodsuser
Expecting EMPTY: ['']
  stdout:
    | 
  stderr:
    | 
Output found

 --- IrodsSession: icommand executed by [rods#tempZone] [iadmin moduser bobby password bpass] --- 
Assert Command: iadmin moduser bobby password bpass
Expecting EMPTY: ['']
  stdout:
    | 
  stderr:
    | 
Output found

 --- IrodsSession: icommand executed by [bobby#tempZone] [iinit] --- 
Assert Command: iinit
Expecting STDOUT_SINGLELINE: ['']
  stdout:
    | WARNING: Error 25 disabling echo mode. Password will be displayed in plaintext.
    | Enter your current iRODS password:
  stderr:
    | 
Output found

 --- IrodsSession: icommand executed by [bobby#tempZone] [imkdir /tempZone/home/bobby/2024-08-05Z21:39:16--irods-testing-k200t3hw] --- 
Assert Command: imkdir /tempZone/home/bobby/2024-08-05Z21:39:16--irods-testing-k200t3hw
Expecting EMPTY: ['']
  stdout:
    | 
  stderr:
    | 
Output found

 --- IrodsSession: icommand executed by [bobby#tempZone] [icd /tempZone/home/bobby/2024-08-05Z21:39:16--irods-testing-k200t3hw] --- 
Assert Command: icd /tempZone/home/bobby/2024-08-05Z21:39:16--irods-testing-k200t3hw
Expecting EMPTY: ['']
  stdout:
    | 
  stderr:
    | 
Output found

run_resource_setup - BEGIN
 --- IrodsSession: icommand executed by [otherrods#tempZone] [iadmin mkresc TestResc unixfilesystem d7680432ccfd:/tmp/irods/TestResc] --- 
Assert Command: iadmin mkresc TestResc unixfilesystem d7680432ccfd:/tmp/irods/TestResc
Expecting STDOUT_SINGLELINE: ['unixfilesystem']
  stdout:
    | Creating resource:
    | Name:		"TestResc"
    | Type:		"unixfilesystem"
    | Host:		"d7680432ccfd"
    | Path:		"/tmp/irods/TestResc"
    | Context:	""
  stderr:
    | 
Output found

 --- IrodsSession: icommand executed by [otherrods#tempZone] [iadmin mkresc AnotherResc unixfilesystem d7680432ccfd:/tmp/irods/AnotherResc] --- 
Assert Command: iadmin mkresc AnotherResc unixfilesystem d7680432ccfd:/tmp/irods/AnotherResc
Expecting STDOUT_SINGLELINE: ['unixfilesystem']
  stdout:
    | Creating resource:
    | Name:		"AnotherResc"
    | Type:		"unixfilesystem"
    | Host:		"d7680432ccfd"
    | Path:		"/tmp/irods/AnotherResc"
    | Context:	""
  stderr:
    | 
Output found

 --- IrodsSession: icommand executed by [otherrods#tempZone] [imkdir testdir] --- 
Assert Command: imkdir testdir
Expecting EMPTY: ['']
  stdout:
    | 
  stderr:
    | 
Output found

 --- IrodsSession: icommand executed by [otherrods#tempZone] [iput testfile.txt] --- 
Assert Command: iput testfile.txt
Expecting EMPTY: ['']
  stdout:
    | 
  stderr:
    | 
Output found

 --- IrodsSession: icommand executed by [otherrods#tempZone] [icp testfile.txt ../../public/] --- 
Assert Command: icp testfile.txt ../../public/
Expecting EMPTY: ['']
  stdout:
    | 
  stderr:
    | 
Output found

 --- IrodsSession: icommand executed by [otherrods#tempZone] [ichmod read alice ../../public/testfile.txt] --- 
Assert Command: ichmod read alice ../../public/testfile.txt
Expecting EMPTY: ['']
  stdout:
    | 
  stderr:
    | 
Output found

 --- IrodsSession: icommand executed by [otherrods#tempZone] [ichmod write bobby ../../public/testfile.txt] --- 
Assert Command: ichmod write bobby ../../public/testfile.txt
Expecting EMPTY: ['']
  stdout:
    | 
  stderr:
    | 
Output found

run_resource_setup - END
 --- IrodsSession: icommand executed by [otherrods#tempZone] [icp -r testdir copydir] --- 
Assert Command: icp -r testdir copydir
Expecting EMPTY: ['']
  stdout:
    | 
  stderr:
    | 
Output found

 --- IrodsSession: icommand executed by [otherrods#tempZone] [ils -L ] --- 
Assert Command: ils -L 
Expecting STDOUT_SINGLELINE: ['copydir']
  stdout:
    | /tempZone/home/otherrods/2024-08-05Z21:39:13--irods-testing-9xp934iu:
    |   otherrods         0 demoResc           33 2024-08-05.21:39 & testfile.txt
    |         generic    /var/lib/irods/demoRescVault/home/otherrods/2024-08-05Z21:39:13--irods-testing-9xp934iu/testfile.txt
    |   C- /tempZone/home/otherrods/2024-08-05Z21:39:13--irods-testing-9xp934iu/copydir
    |   C- /tempZone/home/otherrods/2024-08-05Z21:39:13--irods-testing-9xp934iu/testdir
  stderr:
    | 
Output found

 --- IrodsSession: icommand executed by [otherrods#tempZone] [irm -r copydir] --- 
Assert Command: irm -r copydir
Expecting EMPTY: ['']
  stdout:
    | 
  stderr:
    | 
Output found

 --- IrodsSession: icommand executed by [otherrods#tempZone] [ils -L ] --- 
Assert FAIL Command: ils -L 
Expecting STDOUT_SINGLELINE: ['copydir']
  stdout:
    | /tempZone/home/otherrods/2024-08-05Z21:39:13--irods-testing-9xp934iu:
    |   otherrods         0 demoResc           33 2024-08-05.21:39 & testfile.txt
    |         generic    /var/lib/irods/demoRescVault/home/otherrods/2024-08-05Z21:39:13--irods-testing-9xp934iu/testfile.txt
    |   C- /tempZone/home/otherrods/2024-08-05Z21:39:13--irods-testing-9xp934iu/testdir
  stderr:
    | 
Output not found

run_resource_teardown - BEGIN
 --- IrodsSession: icommand executed by [otherrods#tempZone] [icd] --- 
 --- IrodsSession: icommand executed by [otherrods#tempZone] [irm testfile.txt ../public/testfile.txt] --- 
 --- IrodsSession: icommand executed by [otherrods#tempZone] [irm -rf ../../bundle] --- 
 --- IrodsSession: icommand executed by [rods#tempZone] [iinit] --- 
Assert Command: iinit
Expecting STDOUT_SINGLELINE: ['']
  stdout:
    | WARNING: Error 25 disabling echo mode. Password will be displayed in plaintext.
    | Enter your current iRODS password:
  stderr:
    | 
Output found

 --- IrodsSession: icommand executed by [otherrods#tempZone] [icd] --- 
Assert Command: icd
Expecting EMPTY: ['']
  stdout:
    | 
  stderr:
    | 
Output found

 --- IrodsSession: icommand executed by [otherrods#tempZone] [irm -rf /tempZone/home/otherrods/2024-08-05Z21:39:13--irods-testing-9xp934iu] --- 
Assert Command: irm -rf /tempZone/home/otherrods/2024-08-05Z21:39:13--irods-testing-9xp934iu
Expecting EMPTY: ['']
  stdout:
    | 
  stderr:
    | 
Output found

 --- IrodsSession: icommand executed by [otherrods#tempZone] [irmtrash] --- 
Assert Command: irmtrash
Expecting EMPTY: ['']
  stdout:
    | 
  stderr:
    | 
Output found

 --- IrodsSession: icommand executed by [rods#tempZone] [iadmin rmuser otherrods] --- 
Assert Command: iadmin rmuser otherrods
Expecting EMPTY: ['']
  stdout:
    | 
  stderr:
    | 
Output found

 --- IrodsSession: icommand executed by [alice#tempZone] [icd] --- 
Assert Command: icd
Expecting EMPTY: ['']
  stdout:
    | 
  stderr:
    | 
Output found

 --- IrodsSession: icommand executed by [alice#tempZone] [irm -rf /tempZone/home/alice/2024-08-05Z21:39:15--irods-testing-n5b2xz4a] --- 
Assert Command: irm -rf /tempZone/home/alice/2024-08-05Z21:39:15--irods-testing-n5b2xz4a
Expecting EMPTY: ['']
  stdout:
    | 
  stderr:
    | 
Output found

 --- IrodsSession: icommand executed by [alice#tempZone] [irmtrash] --- 
Assert Command: irmtrash
Expecting EMPTY: ['']
  stdout:
    | 
  stderr:
    | 
Output found

 --- IrodsSession: icommand executed by [rods#tempZone] [iadmin rmuser alice] --- 
Assert Command: iadmin rmuser alice
Expecting EMPTY: ['']
  stdout:
    | 
  stderr:
    | 
Output found

 --- IrodsSession: icommand executed by [bobby#tempZone] [icd] --- 
Assert Command: icd
Expecting EMPTY: ['']
  stdout:
    | 
  stderr:
    | 
Output found

 --- IrodsSession: icommand executed by [bobby#tempZone] [irm -rf /tempZone/home/bobby/2024-08-05Z21:39:16--irods-testing-k200t3hw] --- 
Assert Command: irm -rf /tempZone/home/bobby/2024-08-05Z21:39:16--irods-testing-k200t3hw
Expecting EMPTY: ['']
  stdout:
    | 
  stderr:
    | 
Output found

 --- IrodsSession: icommand executed by [bobby#tempZone] [irmtrash] --- 
Assert Command: irmtrash
Expecting EMPTY: ['']
  stdout:
    | 
  stderr:
    | 
Output found

 --- IrodsSession: icommand executed by [rods#tempZone] [iadmin rmuser bobby] --- 
Assert Command: iadmin rmuser bobby
Expecting EMPTY: ['']
  stdout:
    | 
  stderr:
    | 
Output found

 --- IrodsSession: icommand executed by [rods#tempZone] [iinit] --- 
Assert Command: iinit
Expecting STDOUT_SINGLELINE: ['']
  stdout:
    | WARNING: Error 25 disabling echo mode. Password will be displayed in plaintext.
    | Enter your current iRODS password:
  stderr:
    | 
Output found

 --- IrodsSession: icommand executed by [rods#tempZone] [irmtrash -M] --- 
 --- IrodsSession: icommand executed by [rods#tempZone] [iadmin rmresc TestResc] --- 
 --- IrodsSession: icommand executed by [rods#tempZone] [iadmin rmresc AnotherResc] --- 
run_resource_teardown - END
 --- IrodsSession: icommand executed by [rods#tempZone] [iinit] --- 
Assert Command: iinit
Expecting STDOUT_SINGLELINE: ['']
  stdout:
    | WARNING: Error 25 disabling echo mode. Password will be displayed in plaintext.
    | Enter your current iRODS password:
  stderr:
    | 
Output found

 --- IrodsSession: icommand executed by [rods#tempZone] [iadmin rmresc demoResc] --- 
Assert Command: iadmin rmresc demoResc
Expecting EMPTY: ['']
  stdout:
    | 
  stderr:
    | 
Output found

 --- IrodsSession: icommand executed by [rods#tempZone] [iadmin modresc origResc name demoResc] --- 
Assert Command: iadmin modresc origResc name demoResc
Expecting STDOUT_SINGLELINE: ['rename']
  stdout:
    | If you modify a resource name, you and other users will need to
    | change your irods_environment.json files to use it, you may need to update
    | server_config.json and, if rules use the resource name, you'll need to
    | update the core rules (core.re).  This command will update various
    | tables with the new name.
    | Do you really want to modify the resource name? (enter y or yes to do so):OK, performing the resource rename
  stderr:
    | 
Output found

]]></system-out>
	</testcase>
	<testcase classname="irods.test.test_resource_types.Test_Resource_Unixfilesystem" name="test_irm_recursive_file" time="10.656" timestamp="2024-08-05T21:39:34" file="scripts/irods/test/test_resource_types.py" line="1096">
		<system-out><![CDATA[ --- IrodsSession: icommand executed by [rods#tempZone] [iinit] --- 
Assert Command: iinit
Expecting STDOUT_SINGLELINE: ['']
  stdout:
    | WARNING: Error 25 disabling echo mode. Password will be displayed in plaintext.
    | Enter your current iRODS password:
  stderr:
    | 
Output found

 --- IrodsSession: icommand executed by [rods#tempZone] [iadmin modresc demoResc name origResc] --- 
Assert Command: iadmin modresc demoResc name origResc
Expecting STDOUT_SINGLELINE: ['rename']
  stdout:
    | If you modify a resource name, you and other users will need to
    | change your irods_environment.json files to use it, you may need to update
    | server_config.json and, if rules use the resource name, you'll need to
    | update the core rules (core.re).  This command will update various
    | tables with the new name.
    | Do you really want to modify the resource name? (enter y or yes to do so):OK, performing the resource rename
  stderr:
    | 
Output found

 --- IrodsSession: icommand executed by [rods#tempZone] [iadmin mkresc demoResc 'unixfilesystem' d7680432ccfd:/var/lib/irods/demoRescVault] --- 
Assert Command: iadmin mkresc demoResc 'unixfilesystem' d7680432ccfd:/var/lib/irods/demoRescVault
Expecting STDOUT_SINGLELINE: ['unixfilesystem']
  stdout:
    | Creating resource:
    | Name:		"demoResc"
    | Type:		"unixfilesystem"
    | Host:		"d7680432ccfd"
    | Path:		"/var/lib/irods/demoRescVault"
    | Context:	""
  stderr:
    | 
Output found

 --- IrodsSession: icommand executed by [rods#tempZone] [iinit] --- 
Assert Command: iinit
Expecting STDOUT_SINGLELINE: ['']
  stdout:
    | WARNING: Error 25 disabling echo mode. Password will be displayed in plaintext.
    | Enter your current iRODS password:
  stderr:
    | 
Output found

 --- IrodsSession: icommand executed by [rods#tempZone] [iinit] --- 
Assert Command: iinit
Expecting STDOUT_SINGLELINE: ['']
  stdout:
    | WARNING: Error 25 disabling echo mode. Password will be displayed in plaintext.
    | Enter your current iRODS password:
  stderr:
    | 
Output found

 --- IrodsSession: icommand executed by [rods#tempZone] [iadmin mkuser otherrods rodsadmin] --- 
Assert Command: iadmin mkuser otherrods rodsadmin
Expecting EMPTY: ['']
  stdout:
    | 
  stderr:
    | 
Output found

 --- IrodsSession: icommand executed by [rods#tempZone] [iadmin moduser otherrods password rods] --- 
Assert Command: iadmin moduser otherrods password rods
Expecting EMPTY: ['']
  stdout:
    | 
  stderr:
    | 
Output found

 --- IrodsSession: icommand executed by [otherrods#tempZone] [iinit] --- 
Assert Command: iinit
Expecting STDOUT_SINGLELINE: ['']
  stdout:
    | WARNING: Error 25 disabling echo mode. Password will be displayed in plaintext.
    | Enter your current iRODS password:
  stderr:
    | 
Output found

 --- IrodsSession: icommand executed by [otherrods#tempZone] [imkdir /tempZone/home/otherrods/2024-08-05Z21:39:25--irods-testing-9wflds_8] --- 
Assert Command: imkdir /tempZone/home/otherrods/2024-08-05Z21:39:25--irods-testing-9wflds_8
Expecting EMPTY: ['']
  stdout:
    | 
  stderr:
    | 
Output found

 --- IrodsSession: icommand executed by [otherrods#tempZone] [icd /tempZone/home/otherrods/2024-08-05Z21:39:25--irods-testing-9wflds_8] --- 
Assert Command: icd /tempZone/home/otherrods/2024-08-05Z21:39:25--irods-testing-9wflds_8
Expecting EMPTY: ['']
  stdout:
    | 
  stderr:
    | 
Output found

 --- IrodsSession: icommand executed by [rods#tempZone] [iinit] --- 
Assert Command: iinit
Expecting STDOUT_SINGLELINE: ['']
  stdout:
    | WARNING: Error 25 disabling echo mode. Password will be displayed in plaintext.
    | Enter your current iRODS password:
  stderr:
    | 
Output found

 --- IrodsSession: icommand executed by [rods#tempZone] [iadmin mkuser alice rodsuser] --- 
Assert Command: iadmin mkuser alice rodsuser
Expecting EMPTY: ['']
  stdout:
    | 
  stderr:
    | 
Output found

 --- IrodsSession: icommand executed by [rods#tempZone] [iadmin moduser alice password apass] --- 
Assert Command: iadmin moduser alice password apass
Expecting EMPTY: ['']
  stdout:
    | 
  stderr:
    | 
Output found

 --- IrodsSession: icommand executed by [alice#tempZone] [iinit] --- 
Assert Command: iinit
Expecting STDOUT_SINGLELINE: ['']
  stdout:
    | WARNING: Error 25 disabling echo mode. Password will be displayed in plaintext.
    | Enter your current iRODS password:
  stderr:
    | 
Output found

 --- IrodsSession: icommand executed by [alice#tempZone] [imkdir /tempZone/home/alice/2024-08-05Z21:39:26--irods-testing-7tn4pg90] --- 
Assert Command: imkdir /tempZone/home/alice/2024-08-05Z21:39:26--irods-testing-7tn4pg90
Expecting EMPTY: ['']
  stdout:
    | 
  stderr:
    | 
Output found

 --- IrodsSession: icommand executed by [alice#tempZone] [icd /tempZone/home/alice/2024-08-05Z21:39:26--irods-testing-7tn4pg90] --- 
Assert Command: icd /tempZone/home/alice/2024-08-05Z21:39:26--irods-testing-7tn4pg90
Expecting EMPTY: ['']
  stdout:
    | 
  stderr:
    | 
Output found

 --- IrodsSession: icommand executed by [rods#tempZone] [iinit] --- 
Assert Command: iinit
Expecting STDOUT_SINGLELINE: ['']
  stdout:
    | WARNING: Error 25 disabling echo mode. Password will be displayed in plaintext.
    | Enter your current iRODS password:
  stderr:
    | 
Output found

 --- IrodsSession: icommand executed by [rods#tempZone] [iadmin mkuser bobby rodsuser] --- 
Assert Command: iadmin mkuser bobby rodsuser
Expecting EMPTY: ['']
  stdout:
    | 
  stderr:
    | 
Output found

 --- IrodsSession: icommand executed by [rods#tempZone] [iadmin moduser bobby password bpass] --- 
Assert Command: iadmin moduser bobby password bpass
Expecting EMPTY: ['']
  stdout:
    | 
  stderr:
    | 
Output found

 --- IrodsSession: icommand executed by [bobby#tempZone] [iinit] --- 
Assert Command: iinit
Expecting STDOUT_SINGLELINE: ['']
  stdout:
    | WARNING: Error 25 disabling echo mode. Password will be displayed in plaintext.
    | Enter your current iRODS password:
  stderr:
    | 
Output found

 --- IrodsSession: icommand executed by [bobby#tempZone] [imkdir /tempZone/home/bobby/2024-08-05Z21:39:27--irods-testing-eiksvv81] --- 
Assert Command: imkdir /tempZone/home/bobby/2024-08-05Z21:39:27--irods-testing-eiksvv81
Expecting EMPTY: ['']
  stdout:
    | 
  stderr:
    | 
Output found

 --- IrodsSession: icommand executed by [bobby#tempZone] [icd /tempZone/home/bobby/2024-08-05Z21:39:27--irods-testing-eiksvv81] --- 
Assert Command: icd /tempZone/home/bobby/2024-08-05Z21:39:27--irods-testing-eiksvv81
Expecting EMPTY: ['']
  stdout:
    | 
  stderr:
    | 
Output found

run_resource_setup - BEGIN
 --- IrodsSession: icommand executed by [otherrods#tempZone] [iadmin mkresc TestResc unixfilesystem d7680432ccfd:/tmp/irods/TestResc] --- 
Assert Command: iadmin mkresc TestResc unixfilesystem d7680432ccfd:/tmp/irods/TestResc
Expecting STDOUT_SINGLELINE: ['unixfilesystem']
  stdout:
    | Creating resource:
    | Name:		"TestResc"
    | Type:		"unixfilesystem"
    | Host:		"d7680432ccfd"
    | Path:		"/tmp/irods/TestResc"
    | Context:	""
  stderr:
    | 
Output found

 --- IrodsSession: icommand executed by [otherrods#tempZone] [iadmin mkresc AnotherResc unixfilesystem d7680432ccfd:/tmp/irods/AnotherResc] --- 
Assert Command: iadmin mkresc AnotherResc unixfilesystem d7680432ccfd:/tmp/irods/AnotherResc
Expecting STDOUT_SINGLELINE: ['unixfilesystem']
  stdout:
    | Creating resource:
    | Name:		"AnotherResc"
    | Type:		"unixfilesystem"
    | Host:		"d7680432ccfd"
    | Path:		"/tmp/irods/AnotherResc"
    | Context:	""
  stderr:
    | 
Output found

 --- IrodsSession: icommand executed by [otherrods#tempZone] [imkdir testdir] --- 
Assert Command: imkdir testdir
Expecting EMPTY: ['']
  stdout:
    | 
  stderr:
    | 
Output found

 --- IrodsSession: icommand executed by [otherrods#tempZone] [iput testfile.txt] --- 
Assert Command: iput testfile.txt
Expecting EMPTY: ['']
  stdout:
    | 
  stderr:
    | 
Output found

 --- IrodsSession: icommand executed by [otherrods#tempZone] [icp testfile.txt ../../public/] --- 
Assert Command: icp testfile.txt ../../public/
Expecting EMPTY: ['']
  stdout:
    | 
  stderr:
    | 
Output found

 --- IrodsSession: icommand executed by [otherrods#tempZone] [ichmod read alice ../../public/testfile.txt] --- 
Assert Command: ichmod read alice ../../public/testfile.txt
Expecting EMPTY: ['']
  stdout:
    | 
  stderr:
    | 
Output found

 --- IrodsSession: icommand executed by [otherrods#tempZone] [ichmod write bobby ../../public/testfile.txt] --- 
Assert Command: ichmod write bobby ../../public/testfile.txt
Expecting EMPTY: ['']
  stdout:
    | 
  stderr:
    | 
Output found

run_resource_setup - END
 --- IrodsSession: icommand executed by [otherrods#tempZone] [ils -L testfile.txt] --- 
Assert Command: ils -L testfile.txt
Expecting STDOUT_SINGLELINE: ['testfile.txt']
  stdout:
    |   otherrods         0 demoResc           33 2024-08-05.21:39 & testfile.txt
    |         generic    /var/lib/irods/demoRescVault/home/otherrods/2024-08-05Z21:39:25--irods-testing-9wflds_8/testfile.txt
  stderr:
    | 
Output found

 --- IrodsSession: icommand executed by [otherrods#tempZone] [irm -r testfile.txt] --- 
Assert Command: irm -r testfile.txt
Expecting EMPTY: ['']
  stdout:
    | 
  stderr:
    | 
Output found

run_resource_teardown - BEGIN
 --- IrodsSession: icommand executed by [otherrods#tempZone] [icd] --- 
 --- IrodsSession: icommand executed by [otherrods#tempZone] [irm testfile.txt ../public/testfile.txt] --- 
 --- IrodsSession: icommand executed by [otherrods#tempZone] [irm -rf ../../bundle] --- 
 --- IrodsSession: icommand executed by [rods#tempZone] [iinit] --- 
Assert Command: iinit
Expecting STDOUT_SINGLELINE: ['']
  stdout:
    | WARNING: Error 25 disabling echo mode. Password will be displayed in plaintext.
    | Enter your current iRODS password:
  stderr:
    | 
Output found

 --- IrodsSession: icommand executed by [otherrods#tempZone] [icd] --- 
Assert Command: icd
Expecting EMPTY: ['']
  stdout:
    | 
  stderr:
    | 
Output found

 --- IrodsSession: icommand executed by [otherrods#tempZone] [irm -rf /tempZone/home/otherrods/2024-08-05Z21:39:25--irods-testing-9wflds_8] --- 
Assert Command: irm -rf /tempZone/home/otherrods/2024-08-05Z21:39:25--irods-testing-9wflds_8
Expecting EMPTY: ['']
  stdout:
    | 
  stderr:
    | 
Output found

 --- IrodsSession: icommand executed by [otherrods#tempZone] [irmtrash] --- 
Assert Command: irmtrash
Expecting EMPTY: ['']
  stdout:
    | 
  stderr:
    | 
Output found

 --- IrodsSession: icommand executed by [rods#tempZone] [iadmin rmuser otherrods] --- 
Assert Command: iadmin rmuser otherrods
Expecting EMPTY: ['']
  stdout:
    | 
  stderr:
    | 
Output found

 --- IrodsSession: icommand executed by [alice#tempZone] [icd] --- 
Assert Command: icd
Expecting EMPTY: ['']
  stdout:
    | 
  stderr:
    | 
Output found

 --- IrodsSession: icommand executed by [alice#tempZone] [irm -rf /tempZone/home/alice/2024-08-05Z21:39:26--irods-testing-7tn4pg90] --- 
Assert Command: irm -rf /tempZone/home/alice/2024-08-05Z21:39:26--irods-testing-7tn4pg90
Expecting EMPTY: ['']
  stdout:
    | 
  stderr:
    | 
Output found

 --- IrodsSession: icommand executed by [alice#tempZone] [irmtrash] --- 
Assert Command: irmtrash
Expecting EMPTY: ['']
  stdout:
    | 
  stderr:
    | 
Output found

 --- IrodsSession: icommand executed by [rods#tempZone] [iadmin rmuser alice] --- 
Assert Command: iadmin rmuser alice
Expecting EMPTY: ['']
  stdout:
    | 
  stderr:
    | 
Output found

 --- IrodsSession: icommand executed by [bobby#tempZone] [icd] --- 
Assert Command: icd
Expecting EMPTY: ['']
  stdout:
    | 
  stderr:
    | 
Output found

 --- IrodsSession: icommand executed by [bobby#tempZone] [irm -rf /tempZone/home/bobby/2024-08-05Z21:39:27--irods-testing-eiksvv81] --- 
Assert Command: irm -rf /tempZone/home/bobby/2024-08-05Z21:39:27--irods-testing-eiksvv81
Expecting EMPTY: ['']
  stdout:
    | 
  stderr:
    | 
Output found

 --- IrodsSession: icommand executed by [bobby#tempZone] [irmtrash] --- 
Assert Command: irmtrash
Expecting EMPTY: ['']
  stdout:
    | 
  stderr:
    | 
Output found

 --- IrodsSession: icommand executed by [rods#tempZone] [iadmin rmuser bobby] --- 
Assert Command: iadmin rmuser bobby
Expecting EMPTY: ['']
  stdout:
    | 
  stderr:
    | 
Output found

 --- IrodsSession: icommand executed by [rods#tempZone] [iinit] --- 
Assert Command: iinit
Expecting STDOUT_SINGLELINE: ['']
  stdout:
    | WARNING: Error 25 disabling echo mode. Password will be displayed in plaintext.
    | Enter your current iRODS password:
  stderr:
    | 
Output found

 --- IrodsSession: icommand executed by [rods#tempZone] [irmtrash -M] --- 
 --- IrodsSession: icommand executed by [rods#tempZone] [iadmin rmresc TestResc] --- 
 --- IrodsSession: icommand executed by [rods#tempZone] [iadmin rmresc AnotherResc] --- 
run_resource_teardown - END
 --- IrodsSession: icommand executed by [rods#tempZone] [iinit] --- 
Assert Command: iinit
Expecting STDOUT_SINGLELINE: ['']
  stdout:
    | WARNING: Error 25 disabling echo mode. Password will be displayed in plaintext.
    | Enter your current iRODS password:
  stderr:
    | 
Output found

 --- IrodsSession: icommand executed by [rods#tempZone] [iadmin rmresc demoResc] --- 
Assert Command: iadmin rmresc demoResc
Expecting EMPTY: ['']
  stdout:
    | 
  stderr:
    | 
Output found

 --- IrodsSession: icommand executed by [rods#tempZone] [iadmin modresc origResc name demoResc] --- 
Assert Command: iadmin modresc origResc name demoResc
Expecting STDOUT_SINGLELINE: ['rename']
  stdout:
    | If you modify a resource name, you and other users will need to
    | change your irods_environment.json files to use it, you may need to update
    | server_config.json and, if rules use the resource name, you'll need to
    | update the core rules (core.re).  This command will update various
    | tables with the new name.
    | Do you really want to modify the resource name? (enter y or yes to do so):OK, performing the resource rename
  stderr:
    | 
Output found

]]></system-out>
	</testcase>
	<testcase classname="irods.test.test_resource_types.Test_Resource_Unixfilesystem" name="test_irm_repeated_many_times" time="53.647" timestamp="2024-08-05T21:40:28" file="scripts/irods/test/test_resource_types.py" line="1120">
		<system-out><![CDATA[ --- IrodsSession: icommand executed by [rods#tempZone] [iinit] --- 
Assert Command: iinit
Expecting STDOUT_SINGLELINE: ['']
  stdout:
    | WARNING: Error 25 disabling echo mode. Password will be displayed in plaintext.
    | Enter your current iRODS password:
  stderr:
    | 
Output found

 --- IrodsSession: icommand executed by [rods#tempZone] [iadmin modresc demoResc name origResc] --- 
Assert Command: iadmin modresc demoResc name origResc
Expecting STDOUT_SINGLELINE: ['rename']
  stdout:
    | If you modify a resource name, you and other users will need to
    | change your irods_environment.json files to use it, you may need to update
    | server_config.json and, if rules use the resource name, you'll need to
    | update the core rules (core.re).  This command will update various
    | tables with the new name.
    | Do you really want to modify the resource name? (enter y or yes to do so):OK, performing the resource rename
  stderr:
    | 
Output found

 --- IrodsSession: icommand executed by [rods#tempZone] [iadmin mkresc demoResc 'unixfilesystem' d7680432ccfd:/var/lib/irods/demoRescVault] --- 
Assert Command: iadmin mkresc demoResc 'unixfilesystem' d7680432ccfd:/var/lib/irods/demoRescVault
Expecting STDOUT_SINGLELINE: ['unixfilesystem']
  stdout:
    | Creating resource:
    | Name:		"demoResc"
    | Type:		"unixfilesystem"
    | Host:		"d7680432ccfd"
    | Path:		"/var/lib/irods/demoRescVault"
    | Context:	""
  stderr:
    | 
Output found

 --- IrodsSession: icommand executed by [rods#tempZone] [iinit] --- 
Assert Command: iinit
Expecting STDOUT_SINGLELINE: ['']
  stdout:
    | WARNING: Error 25 disabling echo mode. Password will be displayed in plaintext.
    | Enter your current iRODS password:
  stderr:
    | 
Output found

 --- IrodsSession: icommand executed by [rods#tempZone] [iinit] --- 
Assert Command: iinit
Expecting STDOUT_SINGLELINE: ['']
  stdout:
    | WARNING: Error 25 disabling echo mode. Password will be displayed in plaintext.
    | Enter your current iRODS password:
  stderr:
    | 
Output found

 --- IrodsSession: icommand executed by [rods#tempZone] [iadmin mkuser otherrods rodsadmin] --- 
Assert Command: iadmin mkuser otherrods rodsadmin
Expecting EMPTY: ['']
  stdout:
    | 
  stderr:
    | 
Output found

 --- IrodsSession: icommand executed by [rods#tempZone] [iadmin moduser otherrods password rods] --- 
Assert Command: iadmin moduser otherrods password rods
Expecting EMPTY: ['']
  stdout:
    | 
  stderr:
    | 
Output found

 --- IrodsSession: icommand executed by [otherrods#tempZone] [iinit] --- 
Assert Command: iinit
Expecting STDOUT_SINGLELINE: ['']
  stdout:
    | WARNING: Error 25 disabling echo mode. Password will be displayed in plaintext.
    | Enter your current iRODS password:
  stderr:
    | 
Output found

 --- IrodsSession: icommand executed by [otherrods#tempZone] [imkdir /tempZone/home/otherrods/2024-08-05Z21:39:35--irods-testing-ai84z0km] --- 
Assert Command: imkdir /tempZone/home/otherrods/2024-08-05Z21:39:35--irods-testing-ai84z0km
Expecting EMPTY: ['']
  stdout:
    | 
  stderr:
    | 
Output found

 --- IrodsSession: icommand executed by [otherrods#tempZone] [icd /tempZone/home/otherrods/2024-08-05Z21:39:35--irods-testing-ai84z0km] --- 
Assert Command: icd /tempZone/home/otherrods/2024-08-05Z21:39:35--irods-testing-ai84z0km
Expecting EMPTY: ['']
  stdout:
    | 
  stderr:
    | 
Output found

 --- IrodsSession: icommand executed by [rods#tempZone] [iinit] --- 
Assert Command: iinit
Expecting STDOUT_SINGLELINE: ['']
  stdout:
    | WARNING: Error 25 disabling echo mode. Password will be displayed in plaintext.
    | Enter your current iRODS password:
  stderr:
    | 
Output found

 --- IrodsSession: icommand executed by [rods#tempZone] [iadmin mkuser alice rodsuser] --- 
Assert Command: iadmin mkuser alice rodsuser
Expecting EMPTY: ['']
  stdout:
    | 
  stderr:
    | 
Output found

 --- IrodsSession: icommand executed by [rods#tempZone] [iadmin moduser alice password apass] --- 
Assert Command: iadmin moduser alice password apass
Expecting EMPTY: ['']
  stdout:
    | 
  stderr:
    | 
Output found

 --- IrodsSession: icommand executed by [alice#tempZone] [iinit] --- 
Assert Command: iinit
Expecting STDOUT_SINGLELINE: ['']
  stdout:
    | WARNING: Error 25 disabling echo mode. Password will be displayed in plaintext.
    | Enter your current iRODS password:
  stderr:
    | 
Output found

 --- IrodsSession: icommand executed by [alice#tempZone] [imkdir /tempZone/home/alice/2024-08-05Z21:39:37--irods-testing-qqmogzcz] --- 
Assert Command: imkdir /tempZone/home/alice/2024-08-05Z21:39:37--irods-testing-qqmogzcz
Expecting EMPTY: ['']
  stdout:
    | 
  stderr:
    | 
Output found

 --- IrodsSession: icommand executed by [alice#tempZone] [icd /tempZone/home/alice/2024-08-05Z21:39:37--irods-testing-qqmogzcz] --- 
Assert Command: icd /tempZone/home/alice/2024-08-05Z21:39:37--irods-testing-qqmogzcz
Expecting EMPTY: ['']
  stdout:
    | 
  stderr:
    | 
Output found

 --- IrodsSession: icommand executed by [rods#tempZone] [iinit] --- 
Assert Command: iinit
Expecting STDOUT_SINGLELINE: ['']
  stdout:
    | WARNING: Error 25 disabling echo mode. Password will be displayed in plaintext.
    | Enter your current iRODS password:
  stderr:
    | 
Output found

 --- IrodsSession: icommand executed by [rods#tempZone] [iadmin mkuser bobby rodsuser] --- 
Assert Command: iadmin mkuser bobby rodsuser
Expecting EMPTY: ['']
  stdout:
    | 
  stderr:
    | 
Output found

 --- IrodsSession: icommand executed by [rods#tempZone] [iadmin moduser bobby password bpass] --- 
Assert Command: iadmin moduser bobby password bpass
Expecting EMPTY: ['']
  stdout:
    | 
  stderr:
    | 
Output found

 --- IrodsSession: icommand executed by [bobby#tempZone] [iinit] --- 
Assert Command: iinit
Expecting STDOUT_SINGLELINE: ['']
  stdout:
    | WARNING: Error 25 disabling echo mode. Password will be displayed in plaintext.
    | Enter your current iRODS password:
  stderr:
    | 
Output found

 --- IrodsSession: icommand executed by [bobby#tempZone] [imkdir /tempZone/home/bobby/2024-08-05Z21:39:38--irods-testing-nkub0ria] --- 
Assert Command: imkdir /tempZone/home/bobby/2024-08-05Z21:39:38--irods-testing-nkub0ria
Expecting EMPTY: ['']
  stdout:
    | 
  stderr:
    | 
Output found

 --- IrodsSession: icommand executed by [bobby#tempZone] [icd /tempZone/home/bobby/2024-08-05Z21:39:38--irods-testing-nkub0ria] --- 
Assert Command: icd /tempZone/home/bobby/2024-08-05Z21:39:38--irods-testing-nkub0ria
Expecting EMPTY: ['']
  stdout:
    | 
  stderr:
    | 
Output found

run_resource_setup - BEGIN
 --- IrodsSession: icommand executed by [otherrods#tempZone] [iadmin mkresc TestResc unixfilesystem d7680432ccfd:/tmp/irods/TestResc] --- 
Assert Command: iadmin mkresc TestResc unixfilesystem d7680432ccfd:/tmp/irods/TestResc
Expecting STDOUT_SINGLELINE: ['unixfilesystem']
  stdout:
    | Creating resource:
    | Name:		"TestResc"
    | Type:		"unixfilesystem"
    | Host:		"d7680432ccfd"
    | Path:		"/tmp/irods/TestResc"
    | Context:	""
  stderr:
    | 
Output found

 --- IrodsSession: icommand executed by [otherrods#tempZone] [iadmin mkresc AnotherResc unixfilesystem d7680432ccfd:/tmp/irods/AnotherResc] --- 
Assert Command: iadmin mkresc AnotherResc unixfilesystem d7680432ccfd:/tmp/irods/AnotherResc
Expecting STDOUT_SINGLELINE: ['unixfilesystem']
  stdout:
    | Creating resource:
    | Name:		"AnotherResc"
    | Type:		"unixfilesystem"
    | Host:		"d7680432ccfd"
    | Path:		"/tmp/irods/AnotherResc"
    | Context:	""
  stderr:
    | 
Output found

 --- IrodsSession: icommand executed by [otherrods#tempZone] [imkdir testdir] --- 
Assert Command: imkdir testdir
Expecting EMPTY: ['']
  stdout:
    | 
  stderr:
    | 
Output found

 --- IrodsSession: icommand executed by [otherrods#tempZone] [iput testfile.txt] --- 
Assert Command: iput testfile.txt
Expecting EMPTY: ['']
  stdout:
    | 
  stderr:
    | 
Output found

 --- IrodsSession: icommand executed by [otherrods#tempZone] [icp testfile.txt ../../public/] --- 
Assert Command: icp testfile.txt ../../public/
Expecting EMPTY: ['']
  stdout:
    | 
  stderr:
    | 
Output found

 --- IrodsSession: icommand executed by [otherrods#tempZone] [ichmod read alice ../../public/testfile.txt] --- 
Assert Command: ichmod read alice ../../public/testfile.txt
Expecting EMPTY: ['']
  stdout:
    | 
  stderr:
    | 
Output found

 --- IrodsSession: icommand executed by [otherrods#tempZone] [ichmod write bobby ../../public/testfile.txt] --- 
Assert Command: ichmod write bobby ../../public/testfile.txt
Expecting EMPTY: ['']
  stdout:
    | 
  stderr:
    | 
Output found

run_resource_setup - END
 --- IrodsSession: icommand executed by [otherrods#tempZone] [iput originalfile.txt] --- 
Assert Command: iput originalfile.txt
Expecting EMPTY: ['']
  stdout:
    | 
  stderr:
    | 
Output found

 --- IrodsSession: icommand executed by [otherrods#tempZone] [irm originalfile.txt] --- 
Assert Command: irm originalfile.txt
Expecting EMPTY: ['']
  stdout:
    | 
  stderr:
    | 
Output found

 --- IrodsSession: icommand executed by [otherrods#tempZone] [ils -L /tempZone/trash/home/otherrods/2024-08-05Z21:39:35--irods-testing-ai84z0km] --- 
Assert Command: ils -L /tempZone/trash/home/otherrods/2024-08-05Z21:39:35--irods-testing-ai84z0km
Expecting STDOUT_SINGLELINE: ['originalfile.txt']
  stdout:
    | /tempZone/trash/home/otherrods/2024-08-05Z21:39:35--irods-testing-ai84z0km:
    |   otherrods         0 demoResc           15 2024-08-05.21:39 & originalfile.txt
    |         generic    /var/lib/irods/demoRescVault/trash/home/otherrods/2024-08-05Z21:39:35--irods-testing-ai84z0km/originalfile.txt
  stderr:
    | 
Output found

 --- IrodsSession: icommand executed by [otherrods#tempZone] [iput originalfile.txt] --- 
Assert Command: iput originalfile.txt
Expecting EMPTY: ['']
  stdout:
    | 
  stderr:
    | 
Output found

 --- IrodsSession: icommand executed by [otherrods#tempZone] [irm originalfile.txt] --- 
Assert Command: irm originalfile.txt
Expecting EMPTY: ['']
  stdout:
    | 
  stderr:
    | 
Output found

 --- IrodsSession: icommand executed by [otherrods#tempZone] [ils -L /tempZone/trash/home/otherrods/2024-08-05Z21:39:35--irods-testing-ai84z0km] --- 
Assert Command: ils -L /tempZone/trash/home/otherrods/2024-08-05Z21:39:35--irods-testing-ai84z0km
Expecting STDOUT_SINGLELINE: ['originalfile.txt']
  stdout:
    | /tempZone/trash/home/otherrods/2024-08-05Z21:39:35--irods-testing-ai84z0km:
    |   otherrods         0 demoResc           15 2024-08-05.21:39 & originalfile.txt
    |         generic    /var/lib/irods/demoRescVault/trash/home/otherrods/2024-08-05Z21:39:35--irods-testing-ai84z0km/originalfile.txt
    |   otherrods         0 demoResc           15 2024-08-05.21:39 & originalfile.txt.357009803
    |         generic    /var/lib/irods/demoRescVault/trash/home/otherrods/2024-08-05Z21:39:35--irods-testing-ai84z0km/originalfile.txt.357009803
  stderr:
    | 
Output found

 --- IrodsSession: icommand executed by [otherrods#tempZone] [iput originalfile.txt] --- 
Assert Command: iput originalfile.txt
Expecting EMPTY: ['']
  stdout:
    | 
  stderr:
    | 
Output found

 --- IrodsSession: icommand executed by [otherrods#tempZone] [irm originalfile.txt] --- 
Assert Command: irm originalfile.txt
Expecting EMPTY: ['']
  stdout:
    | 
  stderr:
    | 
Output found

 --- IrodsSession: icommand executed by [otherrods#tempZone] [ils -L /tempZone/trash/home/otherrods/2024-08-05Z21:39:35--irods-testing-ai84z0km] --- 
Assert Command: ils -L /tempZone/trash/home/otherrods/2024-08-05Z21:39:35--irods-testing-ai84z0km
Expecting STDOUT_SINGLELINE: ['originalfile.txt']
  stdout:
    | /tempZone/trash/home/otherrods/2024-08-05Z21:39:35--irods-testing-ai84z0km:
    |   otherrods         0 demoResc           15 2024-08-05.21:39 & originalfile.txt
    |         generic    /var/lib/irods/demoRescVault/trash/home/otherrods/2024-08-05Z21:39:35--irods-testing-ai84z0km/originalfile.txt
    |   otherrods         0 demoResc           15 2024-08-05.21:39 & originalfile.txt.2991757545
    |         generic    /var/lib/irods/demoRescVault/trash/home/otherrods/2024-08-05Z21:39:35--irods-testing-ai84z0km/originalfile.txt.2991757545
    |   otherrods         0 demoResc           15 2024-08-05.21:39 & originalfile.txt.357009803
    |         generic    /var/lib/irods/demoRescVault/trash/home/otherrods/2024-08-05Z21:39:35--irods-testing-ai84z0km/originalfile.txt.357009803
  stderr:
    | 
Output found

 --- IrodsSession: icommand executed by [otherrods#tempZone] [iput originalfile.txt] --- 
Assert Command: iput originalfile.txt
Expecting EMPTY: ['']
  stdout:
    | 
  stderr:
    | 
Output found

 --- IrodsSession: icommand executed by [otherrods#tempZone] [irm originalfile.txt] --- 
Assert Command: irm originalfile.txt
Expecting EMPTY: ['']
  stdout:
    | 
  stderr:
    | 
Output found

 --- IrodsSession: icommand executed by [otherrods#tempZone] [ils -L /tempZone/trash/home/otherrods/2024-08-05Z21:39:35--irods-testing-ai84z0km] --- 
Assert Command: ils -L /tempZone/trash/home/otherrods/2024-08-05Z21:39:35--irods-testing-ai84z0km
Expecting STDOUT_SINGLELINE: ['originalfile.txt']
  stdout:
    | /tempZone/trash/home/otherrods/2024-08-05Z21:39:35--irods-testing-ai84z0km:
    |   otherrods         0 demoResc           15 2024-08-05.21:39 & originalfile.txt
    |         generic    /var/lib/irods/demoRescVault/trash/home/otherrods/2024-08-05Z21:39:35--irods-testing-ai84z0km/originalfile.txt
    |   otherrods         0 demoResc           15 2024-08-05.21:39 & originalfile.txt.2301628653
    |         generic    /var/lib/irods/demoRescVault/trash/home/otherrods/2024-08-05Z21:39:35--irods-testing-ai84z0km/originalfile.txt.2301628653
    |   otherrods         0 demoResc           15 2024-08-05.21:39 & originalfile.txt.2991757545
    |         generic    /var/lib/irods/demoRescVault/trash/home/otherrods/2024-08-05Z21:39:35--irods-testing-ai84z0km/originalfile.txt.2991757545
    |   otherrods         0 demoResc           15 2024-08-05.21:39 & originalfile.txt.357009803
    |         generic    /var/lib/irods/demoRescVault/trash/home/otherrods/2024-08-05Z21:39:35--irods-testing-ai84z0km/originalfile.txt.357009803
  stderr:
    | 
Output found

 --- IrodsSession: icommand executed by [otherrods#tempZone] [iput originalfile.txt] --- 
Assert Command: iput originalfile.txt
Expecting EMPTY: ['']
  stdout:
    | 
  stderr:
    | 
Output found

 --- IrodsSession: icommand executed by [otherrods#tempZone] [irm originalfile.txt] --- 
Assert Command: irm originalfile.txt
Expecting EMPTY: ['']
  stdout:
    | 
  stderr:
    | 
Output found

 --- IrodsSession: icommand executed by [otherrods#tempZone] [ils -L /tempZone/trash/home/otherrods/2024-08-05Z21:39:35--irods-testing-ai84z0km] --- 
Assert Command: ils -L /tempZone/trash/home/otherrods/2024-08-05Z21:39:35--irods-testing-ai84z0km
Expecting STDOUT_SINGLELINE: ['originalfile.txt']
  stdout:
    | /tempZone/trash/home/otherrods/2024-08-05Z21:39:35--irods-testing-ai84z0km:
    |   otherrods         0 demoResc           15 2024-08-05.21:39 & originalfile.txt
    |         generic    /var/lib/irods/demoRescVault/trash/home/otherrods/2024-08-05Z21:39:35--irods-testing-ai84z0km/originalfile.txt
    |   otherrods         0 demoResc           15 2024-08-05.21:39 & originalfile.txt.2301628653
    |         generic    /var/lib/irods/demoRescVault/trash/home/otherrods/2024-08-05Z21:39:35--irods-testing-ai84z0km/originalfile.txt.2301628653
    |   otherrods         0 demoResc           15 2024-08-05.21:39 & originalfile.txt.2991757545
    |         generic    /var/lib/irods/demoRescVault/trash/home/otherrods/2024-08-05Z21:39:35--irods-testing-ai84z0km/originalfile.txt.2991757545
    |   otherrods         0 demoResc           15 2024-08-05.21:39 & originalfile.txt.321328630
    |         generic    /var/lib/irods/demoRescVault/trash/home/otherrods/2024-08-05Z21:39:35--irods-testing-ai84z0km/originalfile.txt.321328630
    |   otherrods         0 demoResc           15 2024-08-05.21:39 & originalfile.txt.357009803
    |         generic    /var/lib/irods/demoRescVault/trash/home/otherrods/2024-08-05Z21:39:35--irods-testing-ai84z0km/originalfile.txt.357009803
  stderr:
    | 
Output found

 --- IrodsSession: icommand executed by [otherrods#tempZone] [iput originalfile.txt] --- 
Assert Command: iput originalfile.txt
Expecting EMPTY: ['']
  stdout:
    | 
  stderr:
    | 
Output found

 --- IrodsSession: icommand executed by [otherrods#tempZone] [irm originalfile.txt] --- 
Assert Command: irm originalfile.txt
Expecting EMPTY: ['']
  stdout:
    | 
  stderr:
    | 
Output found

 --- IrodsSession: icommand executed by [otherrods#tempZone] [ils -L /tempZone/trash/home/otherrods/2024-08-05Z21:39:35--irods-testing-ai84z0km] --- 
Assert Command: ils -L /tempZone/trash/home/otherrods/2024-08-05Z21:39:35--irods-testing-ai84z0km
Expecting STDOUT_SINGLELINE: ['originalfile.txt']
  stdout:
    | /tempZone/trash/home/otherrods/2024-08-05Z21:39:35--irods-testing-ai84z0km:
    |   otherrods         0 demoResc           15 2024-08-05.21:39 & originalfile.txt
    |         generic    /var/lib/irods/demoRescVault/trash/home/otherrods/2024-08-05Z21:39:35--irods-testing-ai84z0km/originalfile.txt
    |   otherrods         0 demoResc           15 2024-08-05.21:39 & originalfile.txt.1530221949
    |         generic    /var/lib/irods/demoRescVault/trash/home/otherrods/2024-08-05Z21:39:35--irods-testing-ai84z0km/originalfile.txt.1530221949
    |   otherrods         0 demoResc           15 2024-08-05.21:39 & originalfile.txt.2301628653
    |         generic    /var/lib/irods/demoRescVault/trash/home/otherrods/2024-08-05Z21:39:35--irods-testing-ai84z0km/originalfile.txt.2301628653
    |   otherrods         0 demoResc           15 2024-08-05.21:39 & originalfile.txt.2991757545
    |         generic    /var/lib/irods/demoRescVault/trash/home/otherrods/2024-08-05Z21:39:35--irods-testing-ai84z0km/originalfile.txt.2991757545
    |   otherrods         0 demoResc           15 2024-08-05.21:39 & originalfile.txt.321328630
    |         generic    /var/lib/irods/demoRescVault/trash/home/otherrods/2024-08-05Z21:39:35--irods-testing-ai84z0km/originalfile.txt.321328630
    |   otherrods         0 demoResc           15 2024-08-05.21:39 & originalfile.txt.357009803
    |         generic    /var/lib/irods/demoRescVault/trash/home/otherrods/2024-08-05Z21:39:35--irods-testing-ai84z0km/originalfile.txt.357009803
  stderr:
    | 
Output found

 --- IrodsSession: icommand executed by [otherrods#tempZone] [iput originalfile.txt] --- 
Assert Command: iput originalfile.txt
Expecting EMPTY: ['']
  stdout:
    | 
  stderr:
    | 
Output found

 --- IrodsSession: icommand executed by [otherrods#tempZone] [irm originalfile.txt] --- 
Assert Command: irm originalfile.txt
Expecting EMPTY: ['']
  stdout:
    | 
  stderr:
    | 
Output found

 --- IrodsSession: icommand executed by [otherrods#tempZone] [ils -L /tempZone/trash/home/otherrods/2024-08-05Z21:39:35--irods-testing-ai84z0km] --- 
Assert Command: ils -L /tempZone/trash/home/otherrods/2024-08-05Z21:39:35--irods-testing-ai84z0km
Expecting STDOUT_SINGLELINE: ['originalfile.txt']
  stdout:
    | /tempZone/trash/home/otherrods/2024-08-05Z21:39:35--irods-testing-ai84z0km:
    |   otherrods         0 demoResc           15 2024-08-05.21:39 & originalfile.txt
    |         generic    /var/lib/irods/demoRescVault/trash/home/otherrods/2024-08-05Z21:39:35--irods-testing-ai84z0km/originalfile.txt
    |   otherrods         0 demoResc           15 2024-08-05.21:39 & originalfile.txt.1530221949
    |         generic    /var/lib/irods/demoRescVault/trash/home/otherrods/2024-08-05Z21:39:35--irods-testing-ai84z0km/originalfile.txt.1530221949
    |   otherrods         0 demoResc           15 2024-08-05.21:39 & originalfile.txt.1653914485
    |         generic    /var/lib/irods/demoRescVault/trash/home/otherrods/2024-08-05Z21:39:35--irods-testing-ai84z0km/originalfile.txt.1653914485
    |   otherrods         0 demoResc           15 2024-08-05.21:39 & originalfile.txt.2301628653
    |         generic    /var/lib/irods/demoRescVault/trash/home/otherrods/2024-08-05Z21:39:35--irods-testing-ai84z0km/originalfile.txt.2301628653
    |   otherrods         0 demoResc           15 2024-08-05.21:39 & originalfile.txt.2991757545
    |         generic    /var/lib/irods/demoRescVault/trash/home/otherrods/2024-08-05Z21:39:35--irods-testing-ai84z0km/originalfile.txt.2991757545
    |   otherrods         0 demoResc           15 2024-08-05.21:39 & originalfile.txt.321328630
    |         generic    /var/lib/irods/demoRescVault/trash/home/otherrods/2024-08-05Z21:39:35--irods-testing-ai84z0km/originalfile.txt.321328630
    |   otherrods         0 demoResc           15 2024-08-05.21:39 & originalfile.txt.357009803
    |         generic    /var/lib/irods/demoRescVault/trash/home/otherrods/2024-08-05Z21:39:35--irods-testing-ai84z0km/originalfile.txt.357009803
  stderr:
    | 
Output found

 --- IrodsSession: icommand executed by [otherrods#tempZone] [iput originalfile.txt] --- 
Assert Command: iput originalfile.txt
Expecting EMPTY: ['']
  stdout:
    | 
  stderr:
    | 
Output found

 --- IrodsSession: icommand executed by [otherrods#tempZone] [irm originalfile.txt] --- 
Assert Command: irm originalfile.txt
Expecting EMPTY: ['']
  stdout:
    | 
  stderr:
    | 
Output found

 --- IrodsSession: icommand executed by [otherrods#tempZone] [ils -L /tempZone/trash/home/otherrods/2024-08-05Z21:39:35--irods-testing-ai84z0km] --- 
Assert Command: ils -L /tempZone/trash/home/otherrods/2024-08-05Z21:39:35--irods-testing-ai84z0km
Expecting STDOUT_SINGLELINE: ['originalfile.txt']
  stdout:
    | /tempZone/trash/home/otherrods/2024-08-05Z21:39:35--irods-testing-ai84z0km:
    |   otherrods         0 demoResc           15 2024-08-05.21:39 & originalfile.txt
    |         generic    /var/lib/irods/demoRescVault/trash/home/otherrods/2024-08-05Z21:39:35--irods-testing-ai84z0km/originalfile.txt
    |   otherrods         0 demoResc           15 2024-08-05.21:39 & originalfile.txt.1530221949
    |         generic    /var/lib/irods/demoRescVault/trash/home/otherrods/2024-08-05Z21:39:35--irods-testing-ai84z0km/originalfile.txt.1530221949
    |   otherrods         0 demoResc           15 2024-08-05.21:39 & originalfile.txt.1653914485
    |         generic    /var/lib/irods/demoRescVault/trash/home/otherrods/2024-08-05Z21:39:35--irods-testing-ai84z0km/originalfile.txt.1653914485
    |   otherrods         0 demoResc           15 2024-08-05.21:39 & originalfile.txt.2301628653
    |         generic    /var/lib/irods/demoRescVault/trash/home/otherrods/2024-08-05Z21:39:35--irods-testing-ai84z0km/originalfile.txt.2301628653
    |   otherrods         0 demoResc           15 2024-08-05.21:39 & originalfile.txt.2991757545
    |         generic    /var/lib/irods/demoRescVault/trash/home/otherrods/2024-08-05Z21:39:35--irods-testing-ai84z0km/originalfile.txt.2991757545
    |   otherrods         0 demoResc           15 2024-08-05.21:39 & originalfile.txt.321328630
    |         generic    /var/lib/irods/demoRescVault/trash/home/otherrods/2024-08-05Z21:39:35--irods-testing-ai84z0km/originalfile.txt.321328630
    |   otherrods         0 demoResc           15 2024-08-05.21:39 & originalfile.txt.357009803
    |         generic    /var/lib/irods/demoRescVault/trash/home/otherrods/2024-08-05Z21:39:35--irods-testing-ai84z0km/originalfile.txt.357009803
    |   otherrods         0 demoResc           15 2024-08-05.21:39 & originalfile.txt.900936846
    |         generic    /var/lib/irods/demoRescVault/trash/home/otherrods/2024-08-05Z21:39:35--irods-testing-ai84z0km/originalfile.txt.900936846
  stderr:
    | 
Output found

 --- IrodsSession: icommand executed by [otherrods#tempZone] [iput originalfile.txt] --- 
Assert Command: iput originalfile.txt
Expecting EMPTY: ['']
  stdout:
    | 
  stderr:
    | 
Output found

 --- IrodsSession: icommand executed by [otherrods#tempZone] [irm originalfile.txt] --- 
Assert Command: irm originalfile.txt
Expecting EMPTY: ['']
  stdout:
    | 
  stderr:
    | 
Output found

 --- IrodsSession: icommand executed by [otherrods#tempZone] [ils -L /tempZone/trash/home/otherrods/2024-08-05Z21:39:35--irods-testing-ai84z0km] --- 
Assert Command: ils -L /tempZone/trash/home/otherrods/2024-08-05Z21:39:35--irods-testing-ai84z0km
Expecting STDOUT_SINGLELINE: ['originalfile.txt']
  stdout:
    | /tempZone/trash/home/otherrods/2024-08-05Z21:39:35--irods-testing-ai84z0km:
    |   otherrods         0 demoResc           15 2024-08-05.21:39 & originalfile.txt
    |         generic    /var/lib/irods/demoRescVault/trash/home/otherrods/2024-08-05Z21:39:35--irods-testing-ai84z0km/originalfile.txt
    |   otherrods         0 demoResc           15 2024-08-05.21:39 & originalfile.txt.1530221949
    |         generic    /var/lib/irods/demoRescVault/trash/home/otherrods/2024-08-05Z21:39:35--irods-testing-ai84z0km/originalfile.txt.1530221949
    |   otherrods         0 demoResc           15 2024-08-05.21:39 & originalfile.txt.1653914485
    |         generic    /var/lib/irods/demoRescVault/trash/home/otherrods/2024-08-05Z21:39:35--irods-testing-ai84z0km/originalfile.txt.1653914485
    |   otherrods         0 demoResc           15 2024-08-05.21:39 & originalfile.txt.2301628653
    |         generic    /var/lib/irods/demoRescVault/trash/home/otherrods/2024-08-05Z21:39:35--irods-testing-ai84z0km/originalfile.txt.2301628653
    |   otherrods         0 demoResc           15 2024-08-05.21:39 & originalfile.txt.2991757545
    |         generic    /var/lib/irods/demoRescVault/trash/home/otherrods/2024-08-05Z21:39:35--irods-testing-ai84z0km/originalfile.txt.2991757545
    |   otherrods         0 demoResc           15 2024-08-05.21:39 & originalfile.txt.321328630
    |         generic    /var/lib/irods/demoRescVault/trash/home/otherrods/2024-08-05Z21:39:35--irods-testing-ai84z0km/originalfile.txt.321328630
    |   otherrods         0 demoResc           15 2024-08-05.21:39 & originalfile.txt.357009803
    |         generic    /var/lib/irods/demoRescVault/trash/home/otherrods/2024-08-05Z21:39:35--irods-testing-ai84z0km/originalfile.txt.357009803
    |   otherrods         0 demoResc           15 2024-08-05.21:39 & originalfile.txt.603492529
    |         generic    /var/lib/irods/demoRescVault/trash/home/otherrods/2024-08-05Z21:39:35--irods-testing-ai84z0km/originalfile.txt.603492529
    |   otherrods         0 demoResc           15 2024-08-05.21:39 & originalfile.txt.900936846
    |         generic    /var/lib/irods/demoRescVault/trash/home/otherrods/2024-08-05Z21:39:35--irods-testing-ai84z0km/originalfile.txt.900936846
  stderr:
    | 
Output found

 --- IrodsSession: icommand executed by [otherrods#tempZone] [iput originalfile.txt] --- 
Assert Command: iput originalfile.txt
Expecting EMPTY: ['']
  stdout:
    | 
  stderr:
    | 
Output found

 --- IrodsSession: icommand executed by [otherrods#tempZone] [irm originalfile.txt] --- 
Assert Command: irm originalfile.txt
Expecting EMPTY: ['']
  stdout:
    | 
  stderr:
    | 
Output found

 --- IrodsSession: icommand executed by [otherrods#tempZone] [ils -L /tempZone/trash/home/otherrods/2024-08-05Z21:39:35--irods-testing-ai84z0km] --- 
Assert Command: ils -L /tempZone/trash/home/otherrods/2024-08-05Z21:39:35--irods-testing-ai84z0km
Expecting STDOUT_SINGLELINE: ['originalfile.txt']
  stdout:
    | /tempZone/trash/home/otherrods/2024-08-05Z21:39:35--irods-testing-ai84z0km:
    |   otherrods         0 demoResc           15 2024-08-05.21:39 & originalfile.txt
    |         generic    /var/lib/irods/demoRescVault/trash/home/otherrods/2024-08-05Z21:39:35--irods-testing-ai84z0km/originalfile.txt
    |   otherrods         0 demoResc           15 2024-08-05.21:39 & originalfile.txt.1530221949
    |         generic    /var/lib/irods/demoRescVault/trash/home/otherrods/2024-08-05Z21:39:35--irods-testing-ai84z0km/originalfile.txt.1530221949
    |   otherrods         0 demoResc           15 2024-08-05.21:39 & originalfile.txt.1653914485
    |         generic    /var/lib/irods/demoRescVault/trash/home/otherrods/2024-08-05Z21:39:35--irods-testing-ai84z0km/originalfile.txt.1653914485
    |   otherrods         0 demoResc           15 2024-08-05.21:39 & originalfile.txt.2301628653
    |         generic    /var/lib/irods/demoRescVault/trash/home/otherrods/2024-08-05Z21:39:35--irods-testing-ai84z0km/originalfile.txt.2301628653
    |   otherrods         0 demoResc           15 2024-08-05.21:39 & originalfile.txt.2991757545
    |         generic    /var/lib/irods/demoRescVault/trash/home/otherrods/2024-08-05Z21:39:35--irods-testing-ai84z0km/originalfile.txt.2991757545
    |   otherrods         0 demoResc           15 2024-08-05.21:39 & originalfile.txt.321328630
    |         generic    /var/lib/irods/demoRescVault/trash/home/otherrods/2024-08-05Z21:39:35--irods-testing-ai84z0km/originalfile.txt.321328630
    |   otherrods         0 demoResc           15 2024-08-05.21:39 & originalfile.txt.357009803
    |         generic    /var/lib/irods/demoRescVault/trash/home/otherrods/2024-08-05Z21:39:35--irods-testing-ai84z0km/originalfile.txt.357009803
    |   otherrods         0 demoResc           15 2024-08-05.21:39 & originalfile.txt.4004757586
    |         generic    /var/lib/irods/demoRescVault/trash/home/otherrods/2024-08-05Z21:39:35--irods-testing-ai84z0km/originalfile.txt.4004757586
    |   otherrods         0 demoResc           15 2024-08-05.21:39 & originalfile.txt.603492529
    |         generic    /var/lib/irods/demoRescVault/trash/home/otherrods/2024-08-05Z21:39:35--irods-testing-ai84z0km/originalfile.txt.603492529
    |   otherrods         0 demoResc           15 2024-08-05.21:39 & originalfile.txt.900936846
    |         generic    /var/lib/irods/demoRescVault/trash/home/otherrods/2024-08-05Z21:39:35--irods-testing-ai84z0km/originalfile.txt.900936846
  stderr:
    | 
Output found

 --- IrodsSession: icommand executed by [otherrods#tempZone] [iput originalfile.txt] --- 
Assert Command: iput originalfile.txt
Expecting EMPTY: ['']
  stdout:
    | 
  stderr:
    | 
Output found

 --- IrodsSession: icommand executed by [otherrods#tempZone] [irm originalfile.txt] --- 
Assert Command: irm originalfile.txt
Expecting EMPTY: ['']
  stdout:
    | 
  stderr:
    | 
Output found

 --- IrodsSession: icommand executed by [otherrods#tempZone] [ils -L /tempZone/trash/home/otherrods/2024-08-05Z21:39:35--irods-testing-ai84z0km] --- 
Assert Command: ils -L /tempZone/trash/home/otherrods/2024-08-05Z21:39:35--irods-testing-ai84z0km
Expecting STDOUT_SINGLELINE: ['originalfile.txt']
  stdout:
    | /tempZone/trash/home/otherrods/2024-08-05Z21:39:35--irods-testing-ai84z0km:
    |   otherrods         0 demoResc           15 2024-08-05.21:39 & originalfile.txt
    |         generic    /var/lib/irods/demoRescVault/trash/home/otherrods/2024-08-05Z21:39:35--irods-testing-ai84z0km/originalfile.txt
    |   otherrods         0 demoResc           15 2024-08-05.21:39 & originalfile.txt.1530221949
    |         generic    /var/lib/irods/demoRescVault/trash/home/otherrods/2024-08-05Z21:39:35--irods-testing-ai84z0km/originalfile.txt.1530221949
    |   otherrods         0 demoResc           15 2024-08-05.21:39 & originalfile.txt.1653914485
    |         generic    /var/lib/irods/demoRescVault/trash/home/otherrods/2024-08-05Z21:39:35--irods-testing-ai84z0km/originalfile.txt.1653914485
    |   otherrods         0 demoResc           15 2024-08-05.21:39 & originalfile.txt.2078437275
    |         generic    /var/lib/irods/demoRescVault/trash/home/otherrods/2024-08-05Z21:39:35--irods-testing-ai84z0km/originalfile.txt.2078437275
    |   otherrods         0 demoResc           15 2024-08-05.21:39 & originalfile.txt.2301628653
    |         generic    /var/lib/irods/demoRescVault/trash/home/otherrods/2024-08-05Z21:39:35--irods-testing-ai84z0km/originalfile.txt.2301628653
    |   otherrods         0 demoResc           15 2024-08-05.21:39 & originalfile.txt.2991757545
    |         generic    /var/lib/irods/demoRescVault/trash/home/otherrods/2024-08-05Z21:39:35--irods-testing-ai84z0km/originalfile.txt.2991757545
    |   otherrods         0 demoResc           15 2024-08-05.21:39 & originalfile.txt.321328630
    |         generic    /var/lib/irods/demoRescVault/trash/home/otherrods/2024-08-05Z21:39:35--irods-testing-ai84z0km/originalfile.txt.321328630
    |   otherrods         0 demoResc           15 2024-08-05.21:39 & originalfile.txt.357009803
    |         generic    /var/lib/irods/demoRescVault/trash/home/otherrods/2024-08-05Z21:39:35--irods-testing-ai84z0km/originalfile.txt.357009803
    |   otherrods         0 demoResc           15 2024-08-05.21:39 & originalfile.txt.4004757586
    |         generic    /var/lib/irods/demoRescVault/trash/home/otherrods/2024-08-05Z21:39:35--irods-testing-ai84z0km/originalfile.txt.4004757586
    |   otherrods         0 demoResc           15 2024-08-05.21:39 & originalfile.txt.603492529
    |         generic    /var/lib/irods/demoRescVault/trash/home/otherrods/2024-08-05Z21:39:35--irods-testing-ai84z0km/originalfile.txt.603492529
    |   otherrods         0 demoResc           15 2024-08-05.21:39 & originalfile.txt.900936846
    |         generic    /var/lib/irods/demoRescVault/trash/home/otherrods/2024-08-05Z21:39:35--irods-testing-ai84z0km/originalfile.txt.900936846
  stderr:
    | 
Output found

 --- IrodsSession: icommand executed by [otherrods#tempZone] [iput originalfile.txt] --- 
Assert Command: iput originalfile.txt
Expecting EMPTY: ['']
  stdout:
    | 
  stderr:
    | 
Output found

 --- IrodsSession: icommand executed by [otherrods#tempZone] [irm originalfile.txt] --- 
Assert Command: irm originalfile.txt
Expecting EMPTY: ['']
  stdout:
    | 
  stderr:
    | 
Output found

 --- IrodsSession: icommand executed by [otherrods#tempZone] [ils -L /tempZone/trash/home/otherrods/2024-08-05Z21:39:35--irods-testing-ai84z0km] --- 
Assert Command: ils -L /tempZone/trash/home/otherrods/2024-08-05Z21:39:35--irods-testing-ai84z0km
Expecting STDOUT_SINGLELINE: ['originalfile.txt']
  stdout:
    | /tempZone/trash/home/otherrods/2024-08-05Z21:39:35--irods-testing-ai84z0km:
    |   otherrods         0 demoResc           15 2024-08-05.21:39 & originalfile.txt
    |         generic    /var/lib/irods/demoRescVault/trash/home/otherrods/2024-08-05Z21:39:35--irods-testing-ai84z0km/originalfile.txt
    |   otherrods         0 demoResc           15 2024-08-05.21:39 & originalfile.txt.1530221949
    |         generic    /var/lib/irods/demoRescVault/trash/home/otherrods/2024-08-05Z21:39:35--irods-testing-ai84z0km/originalfile.txt.1530221949
    |   otherrods         0 demoResc           15 2024-08-05.21:39 & originalfile.txt.1653914485
    |         generic    /var/lib/irods/demoRescVault/trash/home/otherrods/2024-08-05Z21:39:35--irods-testing-ai84z0km/originalfile.txt.1653914485
    |   otherrods         0 demoResc           15 2024-08-05.21:39 & originalfile.txt.2078437275
    |         generic    /var/lib/irods/demoRescVault/trash/home/otherrods/2024-08-05Z21:39:35--irods-testing-ai84z0km/originalfile.txt.2078437275
    |   otherrods         0 demoResc           15 2024-08-05.21:39 & originalfile.txt.2301628653
    |         generic    /var/lib/irods/demoRescVault/trash/home/otherrods/2024-08-05Z21:39:35--irods-testing-ai84z0km/originalfile.txt.2301628653
    |   otherrods         0 demoResc           15 2024-08-05.21:39 & originalfile.txt.2673410062
    |         generic    /var/lib/irods/demoRescVault/trash/home/otherrods/2024-08-05Z21:39:35--irods-testing-ai84z0km/originalfile.txt.2673410062
    |   otherrods         0 demoResc           15 2024-08-05.21:39 & originalfile.txt.2991757545
    |         generic    /var/lib/irods/demoRescVault/trash/home/otherrods/2024-08-05Z21:39:35--irods-testing-ai84z0km/originalfile.txt.2991757545
    |   otherrods         0 demoResc           15 2024-08-05.21:39 & originalfile.txt.321328630
    |         generic    /var/lib/irods/demoRescVault/trash/home/otherrods/2024-08-05Z21:39:35--irods-testing-ai84z0km/originalfile.txt.321328630
    |   otherrods         0 demoResc           15 2024-08-05.21:39 & originalfile.txt.357009803
    |         generic    /var/lib/irods/demoRescVault/trash/home/otherrods/2024-08-05Z21:39:35--irods-testing-ai84z0km/originalfile.txt.357009803
    |   otherrods         0 demoResc           15 2024-08-05.21:39 & originalfile.txt.4004757586
    |         generic    /var/lib/irods/demoRescVault/trash/home/otherrods/2024-08-05Z21:39:35--irods-testing-ai84z0km/originalfile.txt.4004757586
    |   otherrods         0 demoResc           15 2024-08-05.21:39 & originalfile.txt.603492529
    |         generic    /var/lib/irods/demoRescVault/trash/home/otherrods/2024-08-05Z21:39:35--irods-testing-ai84z0km/originalfile.txt.603492529
    |   otherrods         0 demoResc           15 2024-08-05.21:39 & originalfile.txt.900936846
    |         generic    /var/lib/irods/demoRescVault/trash/home/otherrods/2024-08-05Z21:39:35--irods-testing-ai84z0km/originalfile.txt.900936846
  stderr:
    | 
Output found

 --- IrodsSession: icommand executed by [otherrods#tempZone] [iput originalfile.txt] --- 
Assert Command: iput originalfile.txt
Expecting EMPTY: ['']
  stdout:
    | 
  stderr:
    | 
Output found

 --- IrodsSession: icommand executed by [otherrods#tempZone] [irm originalfile.txt] --- 
Assert Command: irm originalfile.txt
Expecting EMPTY: ['']
  stdout:
    | 
  stderr:
    | 
Output found

 --- IrodsSession: icommand executed by [otherrods#tempZone] [ils -L /tempZone/trash/home/otherrods/2024-08-05Z21:39:35--irods-testing-ai84z0km] --- 
Assert Command: ils -L /tempZone/trash/home/otherrods/2024-08-05Z21:39:35--irods-testing-ai84z0km
Expecting STDOUT_SINGLELINE: ['originalfile.txt']
  stdout:
    | /tempZone/trash/home/otherrods/2024-08-05Z21:39:35--irods-testing-ai84z0km:
    |   otherrods         0 demoResc           15 2024-08-05.21:39 & originalfile.txt
    |         generic    /var/lib/irods/demoRescVault/trash/home/otherrods/2024-08-05Z21:39:35--irods-testing-ai84z0km/originalfile.txt
    |   otherrods         0 demoResc           15 2024-08-05.21:39 & originalfile.txt.1530221949
    |         generic    /var/lib/irods/demoRescVault/trash/home/otherrods/2024-08-05Z21:39:35--irods-testing-ai84z0km/originalfile.txt.1530221949
    |   otherrods         0 demoResc           15 2024-08-05.21:39 & originalfile.txt.1653914485
    |         generic    /var/lib/irods/demoRescVault/trash/home/otherrods/2024-08-05Z21:39:35--irods-testing-ai84z0km/originalfile.txt.1653914485
    |   otherrods         0 demoResc           15 2024-08-05.21:39 & originalfile.txt.2078437275
    |         generic    /var/lib/irods/demoRescVault/trash/home/otherrods/2024-08-05Z21:39:35--irods-testing-ai84z0km/originalfile.txt.2078437275
    |   otherrods         0 demoResc           15 2024-08-05.21:39 & originalfile.txt.2301628653
    |         generic    /var/lib/irods/demoRescVault/trash/home/otherrods/2024-08-05Z21:39:35--irods-testing-ai84z0km/originalfile.txt.2301628653
    |   otherrods         0 demoResc           15 2024-08-05.21:39 & originalfile.txt.2673410062
    |         generic    /var/lib/irods/demoRescVault/trash/home/otherrods/2024-08-05Z21:39:35--irods-testing-ai84z0km/originalfile.txt.2673410062
    |   otherrods         0 demoResc           15 2024-08-05.21:39 & originalfile.txt.2991757545
    |         generic    /var/lib/irods/demoRescVault/trash/home/otherrods/2024-08-05Z21:39:35--irods-testing-ai84z0km/originalfile.txt.2991757545
    |   otherrods         0 demoResc           15 2024-08-05.21:39 & originalfile.txt.321328630
    |         generic    /var/lib/irods/demoRescVault/trash/home/otherrods/2024-08-05Z21:39:35--irods-testing-ai84z0km/originalfile.txt.321328630
    |   otherrods         0 demoResc           15 2024-08-05.21:39 & originalfile.txt.339993004
    |         generic    /var/lib/irods/demoRescVault/trash/home/otherrods/2024-08-05Z21:39:35--irods-testing-ai84z0km/originalfile.txt.339993004
    |   otherrods         0 demoResc           15 2024-08-05.21:39 & originalfile.txt.357009803
    |         generic    /var/lib/irods/demoRescVault/trash/home/otherrods/2024-08-05Z21:39:35--irods-testing-ai84z0km/originalfile.txt.357009803
    |   otherrods         0 demoResc           15 2024-08-05.21:39 & originalfile.txt.4004757586
    |         generic    /var/lib/irods/demoRescVault/trash/home/otherrods/2024-08-05Z21:39:35--irods-testing-ai84z0km/originalfile.txt.4004757586
    |   otherrods         0 demoResc           15 2024-08-05.21:39 & originalfile.txt.603492529
    |         generic    /var/lib/irods/demoRescVault/trash/home/otherrods/2024-08-05Z21:39:35--irods-testing-ai84z0km/originalfile.txt.603492529
    |   otherrods         0 demoResc           15 2024-08-05.21:39 & originalfile.txt.900936846
    |         generic    /var/lib/irods/demoRescVault/trash/home/otherrods/2024-08-05Z21:39:35--irods-testing-ai84z0km/originalfile.txt.900936846
  stderr:
    | 
Output found

 --- IrodsSession: icommand executed by [otherrods#tempZone] [iput originalfile.txt] --- 
Assert Command: iput originalfile.txt
Expecting EMPTY: ['']
  stdout:
    | 
  stderr:
    | 
Output found

 --- IrodsSession: icommand executed by [otherrods#tempZone] [irm originalfile.txt] --- 
Assert Command: irm originalfile.txt
Expecting EMPTY: ['']
  stdout:
    | 
  stderr:
    | 
Output found

 --- IrodsSession: icommand executed by [otherrods#tempZone] [ils -L /tempZone/trash/home/otherrods/2024-08-05Z21:39:35--irods-testing-ai84z0km] --- 
Assert Command: ils -L /tempZone/trash/home/otherrods/2024-08-05Z21:39:35--irods-testing-ai84z0km
Expecting STDOUT_SINGLELINE: ['originalfile.txt']
  stdout:
    | /tempZone/trash/home/otherrods/2024-08-05Z21:39:35--irods-testing-ai84z0km:
    |   otherrods         0 demoResc           15 2024-08-05.21:39 & originalfile.txt
    |         generic    /var/lib/irods/demoRescVault/trash/home/otherrods/2024-08-05Z21:39:35--irods-testing-ai84z0km/originalfile.txt
    |   otherrods         0 demoResc           15 2024-08-05.21:39 & originalfile.txt.1530221949
    |         generic    /var/lib/irods/demoRescVault/trash/home/otherrods/2024-08-05Z21:39:35--irods-testing-ai84z0km/originalfile.txt.1530221949
    |   otherrods         0 demoResc           15 2024-08-05.21:39 & originalfile.txt.1653914485
    |         generic    /var/lib/irods/demoRescVault/trash/home/otherrods/2024-08-05Z21:39:35--irods-testing-ai84z0km/originalfile.txt.1653914485
    |   otherrods         0 demoResc           15 2024-08-05.21:39 & originalfile.txt.2078437275
    |         generic    /var/lib/irods/demoRescVault/trash/home/otherrods/2024-08-05Z21:39:35--irods-testing-ai84z0km/originalfile.txt.2078437275
    |   otherrods         0 demoResc           15 2024-08-05.21:39 & originalfile.txt.2301628653
    |         generic    /var/lib/irods/demoRescVault/trash/home/otherrods/2024-08-05Z21:39:35--irods-testing-ai84z0km/originalfile.txt.2301628653
    |   otherrods         0 demoResc           15 2024-08-05.21:39 & originalfile.txt.2673410062
    |         generic    /var/lib/irods/demoRescVault/trash/home/otherrods/2024-08-05Z21:39:35--irods-testing-ai84z0km/originalfile.txt.2673410062
    |   otherrods         0 demoResc           15 2024-08-05.21:39 & originalfile.txt.2991757545
    |         generic    /var/lib/irods/demoRescVault/trash/home/otherrods/2024-08-05Z21:39:35--irods-testing-ai84z0km/originalfile.txt.2991757545
    |   otherrods         0 demoResc           15 2024-08-05.21:39 & originalfile.txt.321328630
    |         generic    /var/lib/irods/demoRescVault/trash/home/otherrods/2024-08-05Z21:39:35--irods-testing-ai84z0km/originalfile.txt.321328630
    |   otherrods         0 demoResc           15 2024-08-05.21:39 & originalfile.txt.339993004
    |         generic    /var/lib/irods/demoRescVault/trash/home/otherrods/2024-08-05Z21:39:35--irods-testing-ai84z0km/originalfile.txt.339993004
    |   otherrods         0 demoResc           15 2024-08-05.21:39 & originalfile.txt.357009803
    |         generic    /var/lib/irods/demoRescVault/trash/home/otherrods/2024-08-05Z21:39:35--irods-testing-ai84z0km/originalfile.txt.357009803
    |   otherrods         0 demoResc           15 2024-08-05.21:39 & originalfile.txt.4004757586
    |         generic    /var/lib/irods/demoRescVault/trash/home/otherrods/2024-08-05Z21:39:35--irods-testing-ai84z0km/originalfile.txt.4004757586
    |   otherrods         0 demoResc           15 2024-08-05.21:39 & originalfile.txt.603492529
    |         generic    /var/lib/irods/demoRescVault/trash/home/otherrods/2024-08-05Z21:39:35--irods-testing-ai84z0km/originalfile.txt.603492529
    |   otherrods         0 demoResc           15 2024-08-05.21:39 & originalfile.txt.839369006
    |         generic    /var/lib/irods/demoRescVault/trash/home/otherrods/2024-08-05Z21:39:35--irods-testing-ai84z0km/originalfile.txt.839369006
    |   otherrods         0 demoResc           15 2024-08-05.21:39 & originalfile.txt.900936846
    |         generic    /var/lib/irods/demoRescVault/trash/home/otherrods/2024-08-05Z21:39:35--irods-testing-ai84z0km/originalfile.txt.900936846
  stderr:
    | 
Output found

 --- IrodsSession: icommand executed by [otherrods#tempZone] [iput originalfile.txt] --- 
Assert Command: iput originalfile.txt
Expecting EMPTY: ['']
  stdout:
    | 
  stderr:
    | 
Output found

 --- IrodsSession: icommand executed by [otherrods#tempZone] [irm originalfile.txt] --- 
Assert Command: irm originalfile.txt
Expecting EMPTY: ['']
  stdout:
    | 
  stderr:
    | 
Output found

 --- IrodsSession: icommand executed by [otherrods#tempZone] [ils -L /tempZone/trash/home/otherrods/2024-08-05Z21:39:35--irods-testing-ai84z0km] --- 
Assert Command: ils -L /tempZone/trash/home/otherrods/2024-08-05Z21:39:35--irods-testing-ai84z0km
Expecting STDOUT_SINGLELINE: ['originalfile.txt']
  stdout:
    | /tempZone/trash/home/otherrods/2024-08-05Z21:39:35--irods-testing-ai84z0km:
    |   otherrods         0 demoResc           15 2024-08-05.21:39 & originalfile.txt
    |         generic    /var/lib/irods/demoRescVault/trash/home/otherrods/2024-08-05Z21:39:35--irods-testing-ai84z0km/originalfile.txt
    |   otherrods         0 demoResc           15 2024-08-05.21:39 & originalfile.txt.1530221949
    |         generic    /var/lib/irods/demoRescVault/trash/home/otherrods/2024-08-05Z21:39:35--irods-testing-ai84z0km/originalfile.txt.1530221949
    |   otherrods         0 demoResc           15 2024-08-05.21:39 & originalfile.txt.1653914485
    |         generic    /var/lib/irods/demoRescVault/trash/home/otherrods/2024-08-05Z21:39:35--irods-testing-ai84z0km/originalfile.txt.1653914485
    |   otherrods         0 demoResc           15 2024-08-05.21:39 & originalfile.txt.2078437275
    |         generic    /var/lib/irods/demoRescVault/trash/home/otherrods/2024-08-05Z21:39:35--irods-testing-ai84z0km/originalfile.txt.2078437275
    |   otherrods         0 demoResc           15 2024-08-05.21:39 & originalfile.txt.2301628653
    |         generic    /var/lib/irods/demoRescVault/trash/home/otherrods/2024-08-05Z21:39:35--irods-testing-ai84z0km/originalfile.txt.2301628653
    |   otherrods         0 demoResc           15 2024-08-05.21:39 & originalfile.txt.2673410062
    |         generic    /var/lib/irods/demoRescVault/trash/home/otherrods/2024-08-05Z21:39:35--irods-testing-ai84z0km/originalfile.txt.2673410062
    |   otherrods         0 demoResc           15 2024-08-05.21:39 & originalfile.txt.2991757545
    |         generic    /var/lib/irods/demoRescVault/trash/home/otherrods/2024-08-05Z21:39:35--irods-testing-ai84z0km/originalfile.txt.2991757545
    |   otherrods         0 demoResc           15 2024-08-05.21:39 & originalfile.txt.321328630
    |         generic    /var/lib/irods/demoRescVault/trash/home/otherrods/2024-08-05Z21:39:35--irods-testing-ai84z0km/originalfile.txt.321328630
    |   otherrods         0 demoResc           15 2024-08-05.21:39 & originalfile.txt.339993004
    |         generic    /var/lib/irods/demoRescVault/trash/home/otherrods/2024-08-05Z21:39:35--irods-testing-ai84z0km/originalfile.txt.339993004
    |   otherrods         0 demoResc           15 2024-08-05.21:39 & originalfile.txt.357009803
    |         generic    /var/lib/irods/demoRescVault/trash/home/otherrods/2024-08-05Z21:39:35--irods-testing-ai84z0km/originalfile.txt.357009803
    |   otherrods         0 demoResc           15 2024-08-05.21:39 & originalfile.txt.4004757586
    |         generic    /var/lib/irods/demoRescVault/trash/home/otherrods/2024-08-05Z21:39:35--irods-testing-ai84z0km/originalfile.txt.4004757586
    |   otherrods         0 demoResc           15 2024-08-05.21:39 & originalfile.txt.405658184
    |         generic    /var/lib/irods/demoRescVault/trash/home/otherrods/2024-08-05Z21:39:35--irods-testing-ai84z0km/originalfile.txt.405658184
    |   otherrods         0 demoResc           15 2024-08-05.21:39 & originalfile.txt.603492529
    |         generic    /var/lib/irods/demoRescVault/trash/home/otherrods/2024-08-05Z21:39:35--irods-testing-ai84z0km/originalfile.txt.603492529
    |   otherrods         0 demoResc           15 2024-08-05.21:39 & originalfile.txt.839369006
    |         generic    /var/lib/irods/demoRescVault/trash/home/otherrods/2024-08-05Z21:39:35--irods-testing-ai84z0km/originalfile.txt.839369006
    |   otherrods         0 demoResc           15 2024-08-05.21:39 & originalfile.txt.900936846
    |         generic    /var/lib/irods/demoRescVault/trash/home/otherrods/2024-08-05Z21:39:35--irods-testing-ai84z0km/originalfile.txt.900936846
  stderr:
    | 
Output found

 --- IrodsSession: icommand executed by [otherrods#tempZone] [iput originalfile.txt] --- 
Assert Command: iput originalfile.txt
Expecting EMPTY: ['']
  stdout:
    | 
  stderr:
    | 
Output found

 --- IrodsSession: icommand executed by [otherrods#tempZone] [irm originalfile.txt] --- 
Assert Command: irm originalfile.txt
Expecting EMPTY: ['']
  stdout:
    | 
  stderr:
    | 
Output found

 --- IrodsSession: icommand executed by [otherrods#tempZone] [ils -L /tempZone/trash/home/otherrods/2024-08-05Z21:39:35--irods-testing-ai84z0km] --- 
Assert Command: ils -L /tempZone/trash/home/otherrods/2024-08-05Z21:39:35--irods-testing-ai84z0km
Expecting STDOUT_SINGLELINE: ['originalfile.txt']
  stdout:
    | /tempZone/trash/home/otherrods/2024-08-05Z21:39:35--irods-testing-ai84z0km:
    |   otherrods         0 demoResc           15 2024-08-05.21:39 & originalfile.txt
    |         generic    /var/lib/irods/demoRescVault/trash/home/otherrods/2024-08-05Z21:39:35--irods-testing-ai84z0km/originalfile.txt
    |   otherrods         0 demoResc           15 2024-08-05.21:39 & originalfile.txt.1530221949
    |         generic    /var/lib/irods/demoRescVault/trash/home/otherrods/2024-08-05Z21:39:35--irods-testing-ai84z0km/originalfile.txt.1530221949
    |   otherrods         0 demoResc           15 2024-08-05.21:39 & originalfile.txt.1653914485
    |         generic    /var/lib/irods/demoRescVault/trash/home/otherrods/2024-08-05Z21:39:35--irods-testing-ai84z0km/originalfile.txt.1653914485
    |   otherrods         0 demoResc           15 2024-08-05.21:39 & originalfile.txt.2078437275
    |         generic    /var/lib/irods/demoRescVault/trash/home/otherrods/2024-08-05Z21:39:35--irods-testing-ai84z0km/originalfile.txt.2078437275
    |   otherrods         0 demoResc           15 2024-08-05.21:39 & originalfile.txt.2301628653
    |         generic    /var/lib/irods/demoRescVault/trash/home/otherrods/2024-08-05Z21:39:35--irods-testing-ai84z0km/originalfile.txt.2301628653
    |   otherrods         0 demoResc           15 2024-08-05.21:39 & originalfile.txt.2673410062
    |         generic    /var/lib/irods/demoRescVault/trash/home/otherrods/2024-08-05Z21:39:35--irods-testing-ai84z0km/originalfile.txt.2673410062
    |   otherrods         0 demoResc           15 2024-08-05.21:39 & originalfile.txt.2991757545
    |         generic    /var/lib/irods/demoRescVault/trash/home/otherrods/2024-08-05Z21:39:35--irods-testing-ai84z0km/originalfile.txt.2991757545
    |   otherrods         0 demoResc           15 2024-08-05.21:39 & originalfile.txt.321328630
    |         generic    /var/lib/irods/demoRescVault/trash/home/otherrods/2024-08-05Z21:39:35--irods-testing-ai84z0km/originalfile.txt.321328630
    |   otherrods         0 demoResc           15 2024-08-05.21:39 & originalfile.txt.339993004
    |         generic    /var/lib/irods/demoRescVault/trash/home/otherrods/2024-08-05Z21:39:35--irods-testing-ai84z0km/originalfile.txt.339993004
    |   otherrods         0 demoResc           15 2024-08-05.21:39 & originalfile.txt.357009803
    |         generic    /var/lib/irods/demoRescVault/trash/home/otherrods/2024-08-05Z21:39:35--irods-testing-ai84z0km/originalfile.txt.357009803
    |   otherrods         0 demoResc           15 2024-08-05.21:39 & originalfile.txt.3942436689
    |         generic    /var/lib/irods/demoRescVault/trash/home/otherrods/2024-08-05Z21:39:35--irods-testing-ai84z0km/originalfile.txt.3942436689
    |   otherrods         0 demoResc           15 2024-08-05.21:39 & originalfile.txt.4004757586
    |         generic    /var/lib/irods/demoRescVault/trash/home/otherrods/2024-08-05Z21:39:35--irods-testing-ai84z0km/originalfile.txt.4004757586
    |   otherrods         0 demoResc           15 2024-08-05.21:39 & originalfile.txt.405658184
    |         generic    /var/lib/irods/demoRescVault/trash/home/otherrods/2024-08-05Z21:39:35--irods-testing-ai84z0km/originalfile.txt.405658184
    |   otherrods         0 demoResc           15 2024-08-05.21:39 & originalfile.txt.603492529
    |         generic    /var/lib/irods/demoRescVault/trash/home/otherrods/2024-08-05Z21:39:35--irods-testing-ai84z0km/originalfile.txt.603492529
    |   otherrods         0 demoResc           15 2024-08-05.21:39 & originalfile.txt.839369006
    |         generic    /var/lib/irods/demoRescVault/trash/home/otherrods/2024-08-05Z21:39:35--irods-testing-ai84z0km/originalfile.txt.839369006
    |   otherrods         0 demoResc           15 2024-08-05.21:39 & originalfile.txt.900936846
    |         generic    /var/lib/irods/demoRescVault/trash/home/otherrods/2024-08-05Z21:39:35--irods-testing-ai84z0km/originalfile.txt.900936846
  stderr:
    | 
Output found

 --- IrodsSession: icommand executed by [otherrods#tempZone] [iput originalfile.txt] --- 
Assert Command: iput originalfile.txt
Expecting EMPTY: ['']
  stdout:
    | 
  stderr:
    | 
Output found

 --- IrodsSession: icommand executed by [otherrods#tempZone] [irm originalfile.txt] --- 
Assert Command: irm originalfile.txt
Expecting EMPTY: ['']
  stdout:
    | 
  stderr:
    | 
Output found

 --- IrodsSession: icommand executed by [otherrods#tempZone] [ils -L /tempZone/trash/home/otherrods/2024-08-05Z21:39:35--irods-testing-ai84z0km] --- 
Assert Command: ils -L /tempZone/trash/home/otherrods/2024-08-05Z21:39:35--irods-testing-ai84z0km
Expecting STDOUT_SINGLELINE: ['originalfile.txt']
  stdout:
    | /tempZone/trash/home/otherrods/2024-08-05Z21:39:35--irods-testing-ai84z0km:
    |   otherrods         0 demoResc           15 2024-08-05.21:39 & originalfile.txt
    |         generic    /var/lib/irods/demoRescVault/trash/home/otherrods/2024-08-05Z21:39:35--irods-testing-ai84z0km/originalfile.txt
    |   otherrods         0 demoResc           15 2024-08-05.21:39 & originalfile.txt.1530221949
    |         generic    /var/lib/irods/demoRescVault/trash/home/otherrods/2024-08-05Z21:39:35--irods-testing-ai84z0km/originalfile.txt.1530221949
    |   otherrods         0 demoResc           15 2024-08-05.21:39 & originalfile.txt.1653914485
    |         generic    /var/lib/irods/demoRescVault/trash/home/otherrods/2024-08-05Z21:39:35--irods-testing-ai84z0km/originalfile.txt.1653914485
    |   otherrods         0 demoResc           15 2024-08-05.21:39 & originalfile.txt.2078437275
    |         generic    /var/lib/irods/demoRescVault/trash/home/otherrods/2024-08-05Z21:39:35--irods-testing-ai84z0km/originalfile.txt.2078437275
    |   otherrods         0 demoResc           15 2024-08-05.21:39 & originalfile.txt.2301628653
    |         generic    /var/lib/irods/demoRescVault/trash/home/otherrods/2024-08-05Z21:39:35--irods-testing-ai84z0km/originalfile.txt.2301628653
    |   otherrods         0 demoResc           15 2024-08-05.21:39 & originalfile.txt.2673410062
    |         generic    /var/lib/irods/demoRescVault/trash/home/otherrods/2024-08-05Z21:39:35--irods-testing-ai84z0km/originalfile.txt.2673410062
    |   otherrods         0 demoResc           15 2024-08-05.21:39 & originalfile.txt.2991757545
    |         generic    /var/lib/irods/demoRescVault/trash/home/otherrods/2024-08-05Z21:39:35--irods-testing-ai84z0km/originalfile.txt.2991757545
    |   otherrods         0 demoResc           15 2024-08-05.21:39 & originalfile.txt.321328630
    |         generic    /var/lib/irods/demoRescVault/trash/home/otherrods/2024-08-05Z21:39:35--irods-testing-ai84z0km/originalfile.txt.321328630
    |   otherrods         0 demoResc           15 2024-08-05.21:39 & originalfile.txt.339993004
    |         generic    /var/lib/irods/demoRescVault/trash/home/otherrods/2024-08-05Z21:39:35--irods-testing-ai84z0km/originalfile.txt.339993004
    |   otherrods         0 demoResc           15 2024-08-05.21:39 & originalfile.txt.357009803
    |         generic    /var/lib/irods/demoRescVault/trash/home/otherrods/2024-08-05Z21:39:35--irods-testing-ai84z0km/originalfile.txt.357009803
    |   otherrods         0 demoResc           15 2024-08-05.21:39 & originalfile.txt.3718122923
    |         generic    /var/lib/irods/demoRescVault/trash/home/otherrods/2024-08-05Z21:39:35--irods-testing-ai84z0km/originalfile.txt.3718122923
    |   otherrods         0 demoResc           15 2024-08-05.21:39 & originalfile.txt.3942436689
    |         generic    /var/lib/irods/demoRescVault/trash/home/otherrods/2024-08-05Z21:39:35--irods-testing-ai84z0km/originalfile.txt.3942436689
    |   otherrods         0 demoResc           15 2024-08-05.21:39 & originalfile.txt.4004757586
    |         generic    /var/lib/irods/demoRescVault/trash/home/otherrods/2024-08-05Z21:39:35--irods-testing-ai84z0km/originalfile.txt.4004757586
    |   otherrods         0 demoResc           15 2024-08-05.21:39 & originalfile.txt.405658184
    |         generic    /var/lib/irods/demoRescVault/trash/home/otherrods/2024-08-05Z21:39:35--irods-testing-ai84z0km/originalfile.txt.405658184
    |   otherrods         0 demoResc           15 2024-08-05.21:39 & originalfile.txt.603492529
    |         generic    /var/lib/irods/demoRescVault/trash/home/otherrods/2024-08-05Z21:39:35--irods-testing-ai84z0km/originalfile.txt.603492529
    |   otherrods         0 demoResc           15 2024-08-05.21:39 & originalfile.txt.839369006
    |         generic    /var/lib/irods/demoRescVault/trash/home/otherrods/2024-08-05Z21:39:35--irods-testing-ai84z0km/originalfile.txt.839369006
    |   otherrods         0 demoResc           15 2024-08-05.21:39 & originalfile.txt.900936846
    |         generic    /var/lib/irods/demoRescVault/trash/home/otherrods/2024-08-05Z21:39:35--irods-testing-ai84z0km/originalfile.txt.900936846
  stderr:
    | 
Output found

 --- IrodsSession: icommand executed by [otherrods#tempZone] [iput originalfile.txt] --- 
Assert Command: iput originalfile.txt
Expecting EMPTY: ['']
  stdout:
    | 
  stderr:
    | 
Output found

 --- IrodsSession: icommand executed by [otherrods#tempZone] [irm originalfile.txt] --- 
Assert Command: irm originalfile.txt
Expecting EMPTY: ['']
  stdout:
    | 
  stderr:
    | 
Output found

 --- IrodsSession: icommand executed by [otherrods#tempZone] [ils -L /tempZone/trash/home/otherrods/2024-08-05Z21:39:35--irods-testing-ai84z0km] --- 
Assert Command: ils -L /tempZone/trash/home/otherrods/2024-08-05Z21:39:35--irods-testing-ai84z0km
Expecting STDOUT_SINGLELINE: ['originalfile.txt']
  stdout:
    | /tempZone/trash/home/otherrods/2024-08-05Z21:39:35--irods-testing-ai84z0km:
    |   otherrods         0 demoResc           15 2024-08-05.21:39 & originalfile.txt
    |         generic    /var/lib/irods/demoRescVault/trash/home/otherrods/2024-08-05Z21:39:35--irods-testing-ai84z0km/originalfile.txt
    |   otherrods         0 demoResc           15 2024-08-05.21:39 & originalfile.txt.1530221949
    |         generic    /var/lib/irods/demoRescVault/trash/home/otherrods/2024-08-05Z21:39:35--irods-testing-ai84z0km/originalfile.txt.1530221949
    |   otherrods         0 demoResc           15 2024-08-05.21:39 & originalfile.txt.1653914485
    |         generic    /var/lib/irods/demoRescVault/trash/home/otherrods/2024-08-05Z21:39:35--irods-testing-ai84z0km/originalfile.txt.1653914485
    |   otherrods         0 demoResc           15 2024-08-05.21:39 & originalfile.txt.2078437275
    |         generic    /var/lib/irods/demoRescVault/trash/home/otherrods/2024-08-05Z21:39:35--irods-testing-ai84z0km/originalfile.txt.2078437275
    |   otherrods         0 demoResc           15 2024-08-05.21:39 & originalfile.txt.2301628653
    |         generic    /var/lib/irods/demoRescVault/trash/home/otherrods/2024-08-05Z21:39:35--irods-testing-ai84z0km/originalfile.txt.2301628653
    |   otherrods         0 demoResc           15 2024-08-05.21:39 & originalfile.txt.2673410062
    |         generic    /var/lib/irods/demoRescVault/trash/home/otherrods/2024-08-05Z21:39:35--irods-testing-ai84z0km/originalfile.txt.2673410062
    |   otherrods         0 demoResc           15 2024-08-05.21:39 & originalfile.txt.2991757545
    |         generic    /var/lib/irods/demoRescVault/trash/home/otherrods/2024-08-05Z21:39:35--irods-testing-ai84z0km/originalfile.txt.2991757545
    |   otherrods         0 demoResc           15 2024-08-05.21:39 & originalfile.txt.321328630
    |         generic    /var/lib/irods/demoRescVault/trash/home/otherrods/2024-08-05Z21:39:35--irods-testing-ai84z0km/originalfile.txt.321328630
    |   otherrods         0 demoResc           15 2024-08-05.21:39 & originalfile.txt.339993004
    |         generic    /var/lib/irods/demoRescVault/trash/home/otherrods/2024-08-05Z21:39:35--irods-testing-ai84z0km/originalfile.txt.339993004
    |   otherrods         0 demoResc           15 2024-08-05.21:39 & originalfile.txt.357009803
    |         generic    /var/lib/irods/demoRescVault/trash/home/otherrods/2024-08-05Z21:39:35--irods-testing-ai84z0km/originalfile.txt.357009803
    |   otherrods         0 demoResc           15 2024-08-05.21:39 & originalfile.txt.3718122923
    |         generic    /var/lib/irods/demoRescVault/trash/home/otherrods/2024-08-05Z21:39:35--irods-testing-ai84z0km/originalfile.txt.3718122923
    |   otherrods         0 demoResc           15 2024-08-05.21:39 & originalfile.txt.3942436689
    |         generic    /var/lib/irods/demoRescVault/trash/home/otherrods/2024-08-05Z21:39:35--irods-testing-ai84z0km/originalfile.txt.3942436689
    |   otherrods         0 demoResc           15 2024-08-05.21:39 & originalfile.txt.4004757586
    |         generic    /var/lib/irods/demoRescVault/trash/home/otherrods/2024-08-05Z21:39:35--irods-testing-ai84z0km/originalfile.txt.4004757586
    |   otherrods         0 demoResc           15 2024-08-05.21:39 & originalfile.txt.405658184
    |         generic    /var/lib/irods/demoRescVault/trash/home/otherrods/2024-08-05Z21:39:35--irods-testing-ai84z0km/originalfile.txt.405658184
    |   otherrods         0 demoResc           15 2024-08-05.21:39 & originalfile.txt.4257693603
    |         generic    /var/lib/irods/demoRescVault/trash/home/otherrods/2024-08-05Z21:39:35--irods-testing-ai84z0km/originalfile.txt.4257693603
    |   otherrods         0 demoResc           15 2024-08-05.21:39 & originalfile.txt.603492529
    |         generic    /var/lib/irods/demoRescVault/trash/home/otherrods/2024-08-05Z21:39:35--irods-testing-ai84z0km/originalfile.txt.603492529
    |   otherrods         0 demoResc           15 2024-08-05.21:39 & originalfile.txt.839369006
    |         generic    /var/lib/irods/demoRescVault/trash/home/otherrods/2024-08-05Z21:39:35--irods-testing-ai84z0km/originalfile.txt.839369006
    |   otherrods         0 demoResc           15 2024-08-05.21:39 & originalfile.txt.900936846
    |         generic    /var/lib/irods/demoRescVault/trash/home/otherrods/2024-08-05Z21:39:35--irods-testing-ai84z0km/originalfile.txt.900936846
  stderr:
    | 
Output found

 --- IrodsSession: icommand executed by [otherrods#tempZone] [iput originalfile.txt] --- 
Assert Command: iput originalfile.txt
Expecting EMPTY: ['']
  stdout:
    | 
  stderr:
    | 
Output found

 --- IrodsSession: icommand executed by [otherrods#tempZone] [irm originalfile.txt] --- 
Assert Command: irm originalfile.txt
Expecting EMPTY: ['']
  stdout:
    | 
  stderr:
    | 
Output found

 --- IrodsSession: icommand executed by [otherrods#tempZone] [ils -L /tempZone/trash/home/otherrods/2024-08-05Z21:39:35--irods-testing-ai84z0km] --- 
Assert Command: ils -L /tempZone/trash/home/otherrods/2024-08-05Z21:39:35--irods-testing-ai84z0km
Expecting STDOUT_SINGLELINE: ['originalfile.txt']
  stdout:
    | /tempZone/trash/home/otherrods/2024-08-05Z21:39:35--irods-testing-ai84z0km:
    |   otherrods         0 demoResc           15 2024-08-05.21:39 & originalfile.txt
    |         generic    /var/lib/irods/demoRescVault/trash/home/otherrods/2024-08-05Z21:39:35--irods-testing-ai84z0km/originalfile.txt
    |   otherrods         0 demoResc           15 2024-08-05.21:39 & originalfile.txt.1530221949
    |         generic    /var/lib/irods/demoRescVault/trash/home/otherrods/2024-08-05Z21:39:35--irods-testing-ai84z0km/originalfile.txt.1530221949
    |   otherrods         0 demoResc           15 2024-08-05.21:39 & originalfile.txt.1653914485
    |         generic    /var/lib/irods/demoRescVault/trash/home/otherrods/2024-08-05Z21:39:35--irods-testing-ai84z0km/originalfile.txt.1653914485
    |   otherrods         0 demoResc           15 2024-08-05.21:39 & originalfile.txt.2078437275
    |         generic    /var/lib/irods/demoRescVault/trash/home/otherrods/2024-08-05Z21:39:35--irods-testing-ai84z0km/originalfile.txt.2078437275
    |   otherrods         0 demoResc           15 2024-08-05.21:39 & originalfile.txt.2301628653
    |         generic    /var/lib/irods/demoRescVault/trash/home/otherrods/2024-08-05Z21:39:35--irods-testing-ai84z0km/originalfile.txt.2301628653
    |   otherrods         0 demoResc           15 2024-08-05.21:39 & originalfile.txt.2376841731
    |         generic    /var/lib/irods/demoRescVault/trash/home/otherrods/2024-08-05Z21:39:35--irods-testing-ai84z0km/originalfile.txt.2376841731
    |   otherrods         0 demoResc           15 2024-08-05.21:39 & originalfile.txt.2673410062
    |         generic    /var/lib/irods/demoRescVault/trash/home/otherrods/2024-08-05Z21:39:35--irods-testing-ai84z0km/originalfile.txt.2673410062
    |   otherrods         0 demoResc           15 2024-08-05.21:39 & originalfile.txt.2991757545
    |         generic    /var/lib/irods/demoRescVault/trash/home/otherrods/2024-08-05Z21:39:35--irods-testing-ai84z0km/originalfile.txt.2991757545
    |   otherrods         0 demoResc           15 2024-08-05.21:39 & originalfile.txt.321328630
    |         generic    /var/lib/irods/demoRescVault/trash/home/otherrods/2024-08-05Z21:39:35--irods-testing-ai84z0km/originalfile.txt.321328630
    |   otherrods         0 demoResc           15 2024-08-05.21:39 & originalfile.txt.339993004
    |         generic    /var/lib/irods/demoRescVault/trash/home/otherrods/2024-08-05Z21:39:35--irods-testing-ai84z0km/originalfile.txt.339993004
    |   otherrods         0 demoResc           15 2024-08-05.21:39 & originalfile.txt.357009803
    |         generic    /var/lib/irods/demoRescVault/trash/home/otherrods/2024-08-05Z21:39:35--irods-testing-ai84z0km/originalfile.txt.357009803
    |   otherrods         0 demoResc           15 2024-08-05.21:39 & originalfile.txt.3718122923
    |         generic    /var/lib/irods/demoRescVault/trash/home/otherrods/2024-08-05Z21:39:35--irods-testing-ai84z0km/originalfile.txt.3718122923
    |   otherrods         0 demoResc           15 2024-08-05.21:39 & originalfile.txt.3942436689
    |         generic    /var/lib/irods/demoRescVault/trash/home/otherrods/2024-08-05Z21:39:35--irods-testing-ai84z0km/originalfile.txt.3942436689
    |   otherrods         0 demoResc           15 2024-08-05.21:39 & originalfile.txt.4004757586
    |         generic    /var/lib/irods/demoRescVault/trash/home/otherrods/2024-08-05Z21:39:35--irods-testing-ai84z0km/originalfile.txt.4004757586
    |   otherrods         0 demoResc           15 2024-08-05.21:39 & originalfile.txt.405658184
    |         generic    /var/lib/irods/demoRescVault/trash/home/otherrods/2024-08-05Z21:39:35--irods-testing-ai84z0km/originalfile.txt.405658184
    |   otherrods         0 demoResc           15 2024-08-05.21:39 & originalfile.txt.4257693603
    |         generic    /var/lib/irods/demoRescVault/trash/home/otherrods/2024-08-05Z21:39:35--irods-testing-ai84z0km/originalfile.txt.4257693603
    |   otherrods         0 demoResc           15 2024-08-05.21:39 & originalfile.txt.603492529
    |         generic    /var/lib/irods/demoRescVault/trash/home/otherrods/2024-08-05Z21:39:35--irods-testing-ai84z0km/originalfile.txt.603492529
    |   otherrods         0 demoResc           15 2024-08-05.21:39 & originalfile.txt.839369006
    |         generic    /var/lib/irods/demoRescVault/trash/home/otherrods/2024-08-05Z21:39:35--irods-testing-ai84z0km/originalfile.txt.839369006
    |   otherrods         0 demoResc           15 2024-08-05.21:39 & originalfile.txt.900936846
    |         generic    /var/lib/irods/demoRescVault/trash/home/otherrods/2024-08-05Z21:39:35--irods-testing-ai84z0km/originalfile.txt.900936846
  stderr:
    | 
Output found

 --- IrodsSession: icommand executed by [otherrods#tempZone] [iput originalfile.txt] --- 
Assert Command: iput originalfile.txt
Expecting EMPTY: ['']
  stdout:
    | 
  stderr:
    | 
Output found

 --- IrodsSession: icommand executed by [otherrods#tempZone] [irm originalfile.txt] --- 
Assert Command: irm originalfile.txt
Expecting EMPTY: ['']
  stdout:
    | 
  stderr:
    | 
Output found

 --- IrodsSession: icommand executed by [otherrods#tempZone] [ils -L /tempZone/trash/home/otherrods/2024-08-05Z21:39:35--irods-testing-ai84z0km] --- 
Assert Command: ils -L /tempZone/trash/home/otherrods/2024-08-05Z21:39:35--irods-testing-ai84z0km
Expecting STDOUT_SINGLELINE: ['originalfile.txt']
  stdout:
    | /tempZone/trash/home/otherrods/2024-08-05Z21:39:35--irods-testing-ai84z0km:
    |   otherrods         0 demoResc           15 2024-08-05.21:39 & originalfile.txt
    |         generic    /var/lib/irods/demoRescVault/trash/home/otherrods/2024-08-05Z21:39:35--irods-testing-ai84z0km/originalfile.txt
    |   otherrods         0 demoResc           15 2024-08-05.21:39 & originalfile.txt.1530221949
    |         generic    /var/lib/irods/demoRescVault/trash/home/otherrods/2024-08-05Z21:39:35--irods-testing-ai84z0km/originalfile.txt.1530221949
    |   otherrods         0 demoResc           15 2024-08-05.21:39 & originalfile.txt.1653914485
    |         generic    /var/lib/irods/demoRescVault/trash/home/otherrods/2024-08-05Z21:39:35--irods-testing-ai84z0km/originalfile.txt.1653914485
    |   otherrods         0 demoResc           15 2024-08-05.21:39 & originalfile.txt.2078437275
    |         generic    /var/lib/irods/demoRescVault/trash/home/otherrods/2024-08-05Z21:39:35--irods-testing-ai84z0km/originalfile.txt.2078437275
    |   otherrods         0 demoResc           15 2024-08-05.21:39 & originalfile.txt.2301628653
    |         generic    /var/lib/irods/demoRescVault/trash/home/otherrods/2024-08-05Z21:39:35--irods-testing-ai84z0km/originalfile.txt.2301628653
    |   otherrods         0 demoResc           15 2024-08-05.21:39 & originalfile.txt.2376841731
    |         generic    /var/lib/irods/demoRescVault/trash/home/otherrods/2024-08-05Z21:39:35--irods-testing-ai84z0km/originalfile.txt.2376841731
    |   otherrods         0 demoResc           15 2024-08-05.21:39 & originalfile.txt.2673410062
    |         generic    /var/lib/irods/demoRescVault/trash/home/otherrods/2024-08-05Z21:39:35--irods-testing-ai84z0km/originalfile.txt.2673410062
    |   otherrods         0 demoResc           15 2024-08-05.21:39 & originalfile.txt.2991757545
    |         generic    /var/lib/irods/demoRescVault/trash/home/otherrods/2024-08-05Z21:39:35--irods-testing-ai84z0km/originalfile.txt.2991757545
    |   otherrods         0 demoResc           15 2024-08-05.21:39 & originalfile.txt.321328630
    |         generic    /var/lib/irods/demoRescVault/trash/home/otherrods/2024-08-05Z21:39:35--irods-testing-ai84z0km/originalfile.txt.321328630
    |   otherrods         0 demoResc           15 2024-08-05.21:39 & originalfile.txt.3216336069
    |         generic    /var/lib/irods/demoRescVault/trash/home/otherrods/2024-08-05Z21:39:35--irods-testing-ai84z0km/originalfile.txt.3216336069
    |   otherrods         0 demoResc           15 2024-08-05.21:39 & originalfile.txt.339993004
    |         generic    /var/lib/irods/demoRescVault/trash/home/otherrods/2024-08-05Z21:39:35--irods-testing-ai84z0km/originalfile.txt.339993004
    |   otherrods         0 demoResc           15 2024-08-05.21:39 & originalfile.txt.357009803
    |         generic    /var/lib/irods/demoRescVault/trash/home/otherrods/2024-08-05Z21:39:35--irods-testing-ai84z0km/originalfile.txt.357009803
    |   otherrods         0 demoResc           15 2024-08-05.21:39 & originalfile.txt.3718122923
    |         generic    /var/lib/irods/demoRescVault/trash/home/otherrods/2024-08-05Z21:39:35--irods-testing-ai84z0km/originalfile.txt.3718122923
    |   otherrods         0 demoResc           15 2024-08-05.21:39 & originalfile.txt.3942436689
    |         generic    /var/lib/irods/demoRescVault/trash/home/otherrods/2024-08-05Z21:39:35--irods-testing-ai84z0km/originalfile.txt.3942436689
    |   otherrods         0 demoResc           15 2024-08-05.21:39 & originalfile.txt.4004757586
    |         generic    /var/lib/irods/demoRescVault/trash/home/otherrods/2024-08-05Z21:39:35--irods-testing-ai84z0km/originalfile.txt.4004757586
    |   otherrods         0 demoResc           15 2024-08-05.21:39 & originalfile.txt.405658184
    |         generic    /var/lib/irods/demoRescVault/trash/home/otherrods/2024-08-05Z21:39:35--irods-testing-ai84z0km/originalfile.txt.405658184
    |   otherrods         0 demoResc           15 2024-08-05.21:39 & originalfile.txt.4257693603
    |         generic    /var/lib/irods/demoRescVault/trash/home/otherrods/2024-08-05Z21:39:35--irods-testing-ai84z0km/originalfile.txt.4257693603
    |   otherrods         0 demoResc           15 2024-08-05.21:39 & originalfile.txt.603492529
    |         generic    /var/lib/irods/demoRescVault/trash/home/otherrods/2024-08-05Z21:39:35--irods-testing-ai84z0km/originalfile.txt.603492529
    |   otherrods         0 demoResc           15 2024-08-05.21:39 & originalfile.txt.839369006
    |         generic    /var/lib/irods/demoRescVault/trash/home/otherrods/2024-08-05Z21:39:35--irods-testing-ai84z0km/originalfile.txt.839369006
    |   otherrods         0 demoResc           15 2024-08-05.21:39 & originalfile.txt.900936846
    |         generic    /var/lib/irods/demoRescVault/trash/home/otherrods/2024-08-05Z21:39:35--irods-testing-ai84z0km/originalfile.txt.900936846
  stderr:
    | 
Output found

 --- IrodsSession: icommand executed by [otherrods#tempZone] [iput originalfile.txt] --- 
Assert Command: iput originalfile.txt
Expecting EMPTY: ['']
  stdout:
    | 
  stderr:
    | 
Output found

 --- IrodsSession: icommand executed by [otherrods#tempZone] [irm originalfile.txt] --- 
Assert Command: irm originalfile.txt
Expecting EMPTY: ['']
  stdout:
    | 
  stderr:
    | 
Output found

 --- IrodsSession: icommand executed by [otherrods#tempZone] [ils -L /tempZone/trash/home/otherrods/2024-08-05Z21:39:35--irods-testing-ai84z0km] --- 
Assert Command: ils -L /tempZone/trash/home/otherrods/2024-08-05Z21:39:35--irods-testing-ai84z0km
Expecting STDOUT_SINGLELINE: ['originalfile.txt']
  stdout:
    | /tempZone/trash/home/otherrods/2024-08-05Z21:39:35--irods-testing-ai84z0km:
    |   otherrods         0 demoResc           15 2024-08-05.21:39 & originalfile.txt
    |         generic    /var/lib/irods/demoRescVault/trash/home/otherrods/2024-08-05Z21:39:35--irods-testing-ai84z0km/originalfile.txt
    |   otherrods         0 demoResc           15 2024-08-05.21:39 & originalfile.txt.1530221949
    |         generic    /var/lib/irods/demoRescVault/trash/home/otherrods/2024-08-05Z21:39:35--irods-testing-ai84z0km/originalfile.txt.1530221949
    |   otherrods         0 demoResc           15 2024-08-05.21:39 & originalfile.txt.1653914485
    |         generic    /var/lib/irods/demoRescVault/trash/home/otherrods/2024-08-05Z21:39:35--irods-testing-ai84z0km/originalfile.txt.1653914485
    |   otherrods         0 demoResc           15 2024-08-05.21:39 & originalfile.txt.1924925800
    |         generic    /var/lib/irods/demoRescVault/trash/home/otherrods/2024-08-05Z21:39:35--irods-testing-ai84z0km/originalfile.txt.1924925800
    |   otherrods         0 demoResc           15 2024-08-05.21:39 & originalfile.txt.2078437275
    |         generic    /var/lib/irods/demoRescVault/trash/home/otherrods/2024-08-05Z21:39:35--irods-testing-ai84z0km/originalfile.txt.2078437275
    |   otherrods         0 demoResc           15 2024-08-05.21:39 & originalfile.txt.2301628653
    |         generic    /var/lib/irods/demoRescVault/trash/home/otherrods/2024-08-05Z21:39:35--irods-testing-ai84z0km/originalfile.txt.2301628653
    |   otherrods         0 demoResc           15 2024-08-05.21:39 & originalfile.txt.2376841731
    |         generic    /var/lib/irods/demoRescVault/trash/home/otherrods/2024-08-05Z21:39:35--irods-testing-ai84z0km/originalfile.txt.2376841731
    |   otherrods         0 demoResc           15 2024-08-05.21:39 & originalfile.txt.2673410062
    |         generic    /var/lib/irods/demoRescVault/trash/home/otherrods/2024-08-05Z21:39:35--irods-testing-ai84z0km/originalfile.txt.2673410062
    |   otherrods         0 demoResc           15 2024-08-05.21:39 & originalfile.txt.2991757545
    |         generic    /var/lib/irods/demoRescVault/trash/home/otherrods/2024-08-05Z21:39:35--irods-testing-ai84z0km/originalfile.txt.2991757545
    |   otherrods         0 demoResc           15 2024-08-05.21:39 & originalfile.txt.321328630
    |         generic    /var/lib/irods/demoRescVault/trash/home/otherrods/2024-08-05Z21:39:35--irods-testing-ai84z0km/originalfile.txt.321328630
    |   otherrods         0 demoResc           15 2024-08-05.21:39 & originalfile.txt.3216336069
    |         generic    /var/lib/irods/demoRescVault/trash/home/otherrods/2024-08-05Z21:39:35--irods-testing-ai84z0km/originalfile.txt.3216336069
    |   otherrods         0 demoResc           15 2024-08-05.21:39 & originalfile.txt.339993004
    |         generic    /var/lib/irods/demoRescVault/trash/home/otherrods/2024-08-05Z21:39:35--irods-testing-ai84z0km/originalfile.txt.339993004
    |   otherrods         0 demoResc           15 2024-08-05.21:39 & originalfile.txt.357009803
    |         generic    /var/lib/irods/demoRescVault/trash/home/otherrods/2024-08-05Z21:39:35--irods-testing-ai84z0km/originalfile.txt.357009803
    |   otherrods         0 demoResc           15 2024-08-05.21:39 & originalfile.txt.3718122923
    |         generic    /var/lib/irods/demoRescVault/trash/home/otherrods/2024-08-05Z21:39:35--irods-testing-ai84z0km/originalfile.txt.3718122923
    |   otherrods         0 demoResc           15 2024-08-05.21:39 & originalfile.txt.3942436689
    |         generic    /var/lib/irods/demoRescVault/trash/home/otherrods/2024-08-05Z21:39:35--irods-testing-ai84z0km/originalfile.txt.3942436689
    |   otherrods         0 demoResc           15 2024-08-05.21:39 & originalfile.txt.4004757586
    |         generic    /var/lib/irods/demoRescVault/trash/home/otherrods/2024-08-05Z21:39:35--irods-testing-ai84z0km/originalfile.txt.4004757586
    |   otherrods         0 demoResc           15 2024-08-05.21:39 & originalfile.txt.405658184
    |         generic    /var/lib/irods/demoRescVault/trash/home/otherrods/2024-08-05Z21:39:35--irods-testing-ai84z0km/originalfile.txt.405658184
    |   otherrods         0 demoResc           15 2024-08-05.21:39 & originalfile.txt.4257693603
    |         generic    /var/lib/irods/demoRescVault/trash/home/otherrods/2024-08-05Z21:39:35--irods-testing-ai84z0km/originalfile.txt.4257693603
    |   otherrods         0 demoResc           15 2024-08-05.21:39 & originalfile.txt.603492529
    |         generic    /var/lib/irods/demoRescVault/trash/home/otherrods/2024-08-05Z21:39:35--irods-testing-ai84z0km/originalfile.txt.603492529
    |   otherrods         0 demoResc           15 2024-08-05.21:39 & originalfile.txt.839369006
    |         generic    /var/lib/irods/demoRescVault/trash/home/otherrods/2024-08-05Z21:39:35--irods-testing-ai84z0km/originalfile.txt.839369006
    |   otherrods         0 demoResc           15 2024-08-05.21:39 & originalfile.txt.900936846
    |         generic    /var/lib/irods/demoRescVault/trash/home/otherrods/2024-08-05Z21:39:35--irods-testing-ai84z0km/originalfile.txt.900936846
  stderr:
    | 
Output found

 --- IrodsSession: icommand executed by [otherrods#tempZone] [iput originalfile.txt] --- 
Assert Command: iput originalfile.txt
Expecting EMPTY: ['']
  stdout:
    | 
  stderr:
    | 
Output found

 --- IrodsSession: icommand executed by [otherrods#tempZone] [irm originalfile.txt] --- 
Assert Command: irm originalfile.txt
Expecting EMPTY: ['']
  stdout:
    | 
  stderr:
    | 
Output found

 --- IrodsSession: icommand executed by [otherrods#tempZone] [ils -L /tempZone/trash/home/otherrods/2024-08-05Z21:39:35--irods-testing-ai84z0km] --- 
Assert Command: ils -L /tempZone/trash/home/otherrods/2024-08-05Z21:39:35--irods-testing-ai84z0km
Expecting STDOUT_SINGLELINE: ['originalfile.txt']
  stdout:
    | /tempZone/trash/home/otherrods/2024-08-05Z21:39:35--irods-testing-ai84z0km:
    |   otherrods         0 demoResc           15 2024-08-05.21:39 & originalfile.txt
    |         generic    /var/lib/irods/demoRescVault/trash/home/otherrods/2024-08-05Z21:39:35--irods-testing-ai84z0km/originalfile.txt
    |   otherrods         0 demoResc           15 2024-08-05.21:39 & originalfile.txt.1530221949
    |         generic    /var/lib/irods/demoRescVault/trash/home/otherrods/2024-08-05Z21:39:35--irods-testing-ai84z0km/originalfile.txt.1530221949
    |   otherrods         0 demoResc           15 2024-08-05.21:39 & originalfile.txt.1653914485
    |         generic    /var/lib/irods/demoRescVault/trash/home/otherrods/2024-08-05Z21:39:35--irods-testing-ai84z0km/originalfile.txt.1653914485
    |   otherrods         0 demoResc           15 2024-08-05.21:39 & originalfile.txt.1924925800
    |         generic    /var/lib/irods/demoRescVault/trash/home/otherrods/2024-08-05Z21:39:35--irods-testing-ai84z0km/originalfile.txt.1924925800
    |   otherrods         0 demoResc           15 2024-08-05.21:39 & originalfile.txt.2078437275
    |         generic    /var/lib/irods/demoRescVault/trash/home/otherrods/2024-08-05Z21:39:35--irods-testing-ai84z0km/originalfile.txt.2078437275
    |   otherrods         0 demoResc           15 2024-08-05.21:39 & originalfile.txt.2301628653
    |         generic    /var/lib/irods/demoRescVault/trash/home/otherrods/2024-08-05Z21:39:35--irods-testing-ai84z0km/originalfile.txt.2301628653
    |   otherrods         0 demoResc           15 2024-08-05.21:39 & originalfile.txt.2376841731
    |         generic    /var/lib/irods/demoRescVault/trash/home/otherrods/2024-08-05Z21:39:35--irods-testing-ai84z0km/originalfile.txt.2376841731
    |   otherrods         0 demoResc           15 2024-08-05.21:39 & originalfile.txt.2673410062
    |         generic    /var/lib/irods/demoRescVault/trash/home/otherrods/2024-08-05Z21:39:35--irods-testing-ai84z0km/originalfile.txt.2673410062
    |   otherrods         0 demoResc           15 2024-08-05.21:39 & originalfile.txt.2991757545
    |         generic    /var/lib/irods/demoRescVault/trash/home/otherrods/2024-08-05Z21:39:35--irods-testing-ai84z0km/originalfile.txt.2991757545
    |   otherrods         0 demoResc           15 2024-08-05.21:39 & originalfile.txt.321328630
    |         generic    /var/lib/irods/demoRescVault/trash/home/otherrods/2024-08-05Z21:39:35--irods-testing-ai84z0km/originalfile.txt.321328630
    |   otherrods         0 demoResc           15 2024-08-05.21:39 & originalfile.txt.3216336069
    |         generic    /var/lib/irods/demoRescVault/trash/home/otherrods/2024-08-05Z21:39:35--irods-testing-ai84z0km/originalfile.txt.3216336069
    |   otherrods         0 demoResc           15 2024-08-05.21:39 & originalfile.txt.339993004
    |         generic    /var/lib/irods/demoRescVault/trash/home/otherrods/2024-08-05Z21:39:35--irods-testing-ai84z0km/originalfile.txt.339993004
    |   otherrods         0 demoResc           15 2024-08-05.21:39 & originalfile.txt.357009803
    |         generic    /var/lib/irods/demoRescVault/trash/home/otherrods/2024-08-05Z21:39:35--irods-testing-ai84z0km/originalfile.txt.357009803
    |   otherrods         0 demoResc           15 2024-08-05.21:39 & originalfile.txt.3718122923
    |         generic    /var/lib/irods/demoRescVault/trash/home/otherrods/2024-08-05Z21:39:35--irods-testing-ai84z0km/originalfile.txt.3718122923
    |   otherrods         0 demoResc           15 2024-08-05.21:39 & originalfile.txt.3942436689
    |         generic    /var/lib/irods/demoRescVault/trash/home/otherrods/2024-08-05Z21:39:35--irods-testing-ai84z0km/originalfile.txt.3942436689
    |   otherrods         0 demoResc           15 2024-08-05.21:39 & originalfile.txt.4004757586
    |         generic    /var/lib/irods/demoRescVault/trash/home/otherrods/2024-08-05Z21:39:35--irods-testing-ai84z0km/originalfile.txt.4004757586
    |   otherrods         0 demoResc           15 2024-08-05.21:39 & originalfile.txt.405658184
    |         generic    /var/lib/irods/demoRescVault/trash/home/otherrods/2024-08-05Z21:39:35--irods-testing-ai84z0km/originalfile.txt.405658184
    |   otherrods         0 demoResc           15 2024-08-05.21:39 & originalfile.txt.4257693603
    |         generic    /var/lib/irods/demoRescVault/trash/home/otherrods/2024-08-05Z21:39:35--irods-testing-ai84z0km/originalfile.txt.4257693603
    |   otherrods         0 demoResc           15 2024-08-05.21:39 & originalfile.txt.603492529
    |         generic    /var/lib/irods/demoRescVault/trash/home/otherrods/2024-08-05Z21:39:35--irods-testing-ai84z0km/originalfile.txt.603492529
    |   otherrods         0 demoResc           15 2024-08-05.21:39 & originalfile.txt.839369006
    |         generic    /var/lib/irods/demoRescVault/trash/home/otherrods/2024-08-05Z21:39:35--irods-testing-ai84z0km/originalfile.txt.839369006
    |   otherrods         0 demoResc           15 2024-08-05.21:39 & originalfile.txt.857359637
    |         generic    /var/lib/irods/demoRescVault/trash/home/otherrods/2024-08-05Z21:39:35--irods-testing-ai84z0km/originalfile.txt.857359637
    |   otherrods         0 demoResc           15 2024-08-05.21:39 & originalfile.txt.900936846
    |         generic    /var/lib/irods/demoRescVault/trash/home/otherrods/2024-08-05Z21:39:35--irods-testing-ai84z0km/originalfile.txt.900936846
  stderr:
    | 
Output found

 --- IrodsSession: icommand executed by [otherrods#tempZone] [iput originalfile.txt] --- 
Assert Command: iput originalfile.txt
Expecting EMPTY: ['']
  stdout:
    | 
  stderr:
    | 
Output found

 --- IrodsSession: icommand executed by [otherrods#tempZone] [irm originalfile.txt] --- 
Assert Command: irm originalfile.txt
Expecting EMPTY: ['']
  stdout:
    | 
  stderr:
    | 
Output found

 --- IrodsSession: icommand executed by [otherrods#tempZone] [ils -L /tempZone/trash/home/otherrods/2024-08-05Z21:39:35--irods-testing-ai84z0km] --- 
Assert Command: ils -L /tempZone/trash/home/otherrods/2024-08-05Z21:39:35--irods-testing-ai84z0km
Expecting STDOUT_SINGLELINE: ['originalfile.txt']
  stdout:
    | /tempZone/trash/home/otherrods/2024-08-05Z21:39:35--irods-testing-ai84z0km:
    |   otherrods         0 demoResc           15 2024-08-05.21:39 & originalfile.txt
    |         generic    /var/lib/irods/demoRescVault/trash/home/otherrods/2024-08-05Z21:39:35--irods-testing-ai84z0km/originalfile.txt
    |   otherrods         0 demoResc           15 2024-08-05.21:39 & originalfile.txt.1373657499
    |         generic    /var/lib/irods/demoRescVault/trash/home/otherrods/2024-08-05Z21:39:35--irods-testing-ai84z0km/originalfile.txt.1373657499
    |   otherrods         0 demoResc           15 2024-08-05.21:39 & originalfile.txt.1530221949
    |         generic    /var/lib/irods/demoRescVault/trash/home/otherrods/2024-08-05Z21:39:35--irods-testing-ai84z0km/originalfile.txt.1530221949
    |   otherrods         0 demoResc           15 2024-08-05.21:39 & originalfile.txt.1653914485
    |         generic    /var/lib/irods/demoRescVault/trash/home/otherrods/2024-08-05Z21:39:35--irods-testing-ai84z0km/originalfile.txt.1653914485
    |   otherrods         0 demoResc           15 2024-08-05.21:39 & originalfile.txt.1924925800
    |         generic    /var/lib/irods/demoRescVault/trash/home/otherrods/2024-08-05Z21:39:35--irods-testing-ai84z0km/originalfile.txt.1924925800
    |   otherrods         0 demoResc           15 2024-08-05.21:39 & originalfile.txt.2078437275
    |         generic    /var/lib/irods/demoRescVault/trash/home/otherrods/2024-08-05Z21:39:35--irods-testing-ai84z0km/originalfile.txt.2078437275
    |   otherrods         0 demoResc           15 2024-08-05.21:39 & originalfile.txt.2301628653
    |         generic    /var/lib/irods/demoRescVault/trash/home/otherrods/2024-08-05Z21:39:35--irods-testing-ai84z0km/originalfile.txt.2301628653
    |   otherrods         0 demoResc           15 2024-08-05.21:39 & originalfile.txt.2376841731
    |         generic    /var/lib/irods/demoRescVault/trash/home/otherrods/2024-08-05Z21:39:35--irods-testing-ai84z0km/originalfile.txt.2376841731
    |   otherrods         0 demoResc           15 2024-08-05.21:39 & originalfile.txt.2673410062
    |         generic    /var/lib/irods/demoRescVault/trash/home/otherrods/2024-08-05Z21:39:35--irods-testing-ai84z0km/originalfile.txt.2673410062
    |   otherrods         0 demoResc           15 2024-08-05.21:39 & originalfile.txt.2991757545
    |         generic    /var/lib/irods/demoRescVault/trash/home/otherrods/2024-08-05Z21:39:35--irods-testing-ai84z0km/originalfile.txt.2991757545
    |   otherrods         0 demoResc           15 2024-08-05.21:39 & originalfile.txt.321328630
    |         generic    /var/lib/irods/demoRescVault/trash/home/otherrods/2024-08-05Z21:39:35--irods-testing-ai84z0km/originalfile.txt.321328630
    |   otherrods         0 demoResc           15 2024-08-05.21:39 & originalfile.txt.3216336069
    |         generic    /var/lib/irods/demoRescVault/trash/home/otherrods/2024-08-05Z21:39:35--irods-testing-ai84z0km/originalfile.txt.3216336069
    |   otherrods         0 demoResc           15 2024-08-05.21:39 & originalfile.txt.339993004
    |         generic    /var/lib/irods/demoRescVault/trash/home/otherrods/2024-08-05Z21:39:35--irods-testing-ai84z0km/originalfile.txt.339993004
    |   otherrods         0 demoResc           15 2024-08-05.21:39 & originalfile.txt.357009803
    |         generic    /var/lib/irods/demoRescVault/trash/home/otherrods/2024-08-05Z21:39:35--irods-testing-ai84z0km/originalfile.txt.357009803
    |   otherrods         0 demoResc           15 2024-08-05.21:39 & originalfile.txt.3718122923
    |         generic    /var/lib/irods/demoRescVault/trash/home/otherrods/2024-08-05Z21:39:35--irods-testing-ai84z0km/originalfile.txt.3718122923
    |   otherrods         0 demoResc           15 2024-08-05.21:39 & originalfile.txt.3942436689
    |         generic    /var/lib/irods/demoRescVault/trash/home/otherrods/2024-08-05Z21:39:35--irods-testing-ai84z0km/originalfile.txt.3942436689
    |   otherrods         0 demoResc           15 2024-08-05.21:39 & originalfile.txt.4004757586
    |         generic    /var/lib/irods/demoRescVault/trash/home/otherrods/2024-08-05Z21:39:35--irods-testing-ai84z0km/originalfile.txt.4004757586
    |   otherrods         0 demoResc           15 2024-08-05.21:39 & originalfile.txt.405658184
    |         generic    /var/lib/irods/demoRescVault/trash/home/otherrods/2024-08-05Z21:39:35--irods-testing-ai84z0km/originalfile.txt.405658184
    |   otherrods         0 demoResc           15 2024-08-05.21:39 & originalfile.txt.4257693603
    |         generic    /var/lib/irods/demoRescVault/trash/home/otherrods/2024-08-05Z21:39:35--irods-testing-ai84z0km/originalfile.txt.4257693603
    |   otherrods         0 demoResc           15 2024-08-05.21:39 & originalfile.txt.603492529
    |         generic    /var/lib/irods/demoRescVault/trash/home/otherrods/2024-08-05Z21:39:35--irods-testing-ai84z0km/originalfile.txt.603492529
    |   otherrods         0 demoResc           15 2024-08-05.21:39 & originalfile.txt.839369006
    |         generic    /var/lib/irods/demoRescVault/trash/home/otherrods/2024-08-05Z21:39:35--irods-testing-ai84z0km/originalfile.txt.839369006
    |   otherrods         0 demoResc           15 2024-08-05.21:39 & originalfile.txt.857359637
    |         generic    /var/lib/irods/demoRescVault/trash/home/otherrods/2024-08-05Z21:39:35--irods-testing-ai84z0km/originalfile.txt.857359637
    |   otherrods         0 demoResc           15 2024-08-05.21:39 & originalfile.txt.900936846
    |         generic    /var/lib/irods/demoRescVault/trash/home/otherrods/2024-08-05Z21:39:35--irods-testing-ai84z0km/originalfile.txt.900936846
  stderr:
    | 
Output found

 --- IrodsSession: icommand executed by [otherrods#tempZone] [iput originalfile.txt] --- 
Assert Command: iput originalfile.txt
Expecting EMPTY: ['']
  stdout:
    | 
  stderr:
    | 
Output found

 --- IrodsSession: icommand executed by [otherrods#tempZone] [irm originalfile.txt] --- 
Assert Command: irm originalfile.txt
Expecting EMPTY: ['']
  stdout:
    | 
  stderr:
    | 
Output found

 --- IrodsSession: icommand executed by [otherrods#tempZone] [ils -L /tempZone/trash/home/otherrods/2024-08-05Z21:39:35--irods-testing-ai84z0km] --- 
Assert Command: ils -L /tempZone/trash/home/otherrods/2024-08-05Z21:39:35--irods-testing-ai84z0km
Expecting STDOUT_SINGLELINE: ['originalfile.txt']
  stdout:
    | /tempZone/trash/home/otherrods/2024-08-05Z21:39:35--irods-testing-ai84z0km:
    |   otherrods         0 demoResc           15 2024-08-05.21:39 & originalfile.txt
    |         generic    /var/lib/irods/demoRescVault/trash/home/otherrods/2024-08-05Z21:39:35--irods-testing-ai84z0km/originalfile.txt
    |   otherrods         0 demoResc           15 2024-08-05.21:40 & originalfile.txt.1058181669
    |         generic    /var/lib/irods/demoRescVault/trash/home/otherrods/2024-08-05Z21:39:35--irods-testing-ai84z0km/originalfile.txt.1058181669
    |   otherrods         0 demoResc           15 2024-08-05.21:39 & originalfile.txt.1373657499
    |         generic    /var/lib/irods/demoRescVault/trash/home/otherrods/2024-08-05Z21:39:35--irods-testing-ai84z0km/originalfile.txt.1373657499
    |   otherrods         0 demoResc           15 2024-08-05.21:39 & originalfile.txt.1530221949
    |         generic    /var/lib/irods/demoRescVault/trash/home/otherrods/2024-08-05Z21:39:35--irods-testing-ai84z0km/originalfile.txt.1530221949
    |   otherrods         0 demoResc           15 2024-08-05.21:39 & originalfile.txt.1653914485
    |         generic    /var/lib/irods/demoRescVault/trash/home/otherrods/2024-08-05Z21:39:35--irods-testing-ai84z0km/originalfile.txt.1653914485
    |   otherrods         0 demoResc           15 2024-08-05.21:39 & originalfile.txt.1924925800
    |         generic    /var/lib/irods/demoRescVault/trash/home/otherrods/2024-08-05Z21:39:35--irods-testing-ai84z0km/originalfile.txt.1924925800
    |   otherrods         0 demoResc           15 2024-08-05.21:39 & originalfile.txt.2078437275
    |         generic    /var/lib/irods/demoRescVault/trash/home/otherrods/2024-08-05Z21:39:35--irods-testing-ai84z0km/originalfile.txt.2078437275
    |   otherrods         0 demoResc           15 2024-08-05.21:39 & originalfile.txt.2301628653
    |         generic    /var/lib/irods/demoRescVault/trash/home/otherrods/2024-08-05Z21:39:35--irods-testing-ai84z0km/originalfile.txt.2301628653
    |   otherrods         0 demoResc           15 2024-08-05.21:39 & originalfile.txt.2376841731
    |         generic    /var/lib/irods/demoRescVault/trash/home/otherrods/2024-08-05Z21:39:35--irods-testing-ai84z0km/originalfile.txt.2376841731
    |   otherrods         0 demoResc           15 2024-08-05.21:39 & originalfile.txt.2673410062
    |         generic    /var/lib/irods/demoRescVault/trash/home/otherrods/2024-08-05Z21:39:35--irods-testing-ai84z0km/originalfile.txt.2673410062
    |   otherrods         0 demoResc           15 2024-08-05.21:39 & originalfile.txt.2991757545
    |         generic    /var/lib/irods/demoRescVault/trash/home/otherrods/2024-08-05Z21:39:35--irods-testing-ai84z0km/originalfile.txt.2991757545
    |   otherrods         0 demoResc           15 2024-08-05.21:39 & originalfile.txt.321328630
    |         generic    /var/lib/irods/demoRescVault/trash/home/otherrods/2024-08-05Z21:39:35--irods-testing-ai84z0km/originalfile.txt.321328630
    |   otherrods         0 demoResc           15 2024-08-05.21:39 & originalfile.txt.3216336069
    |         generic    /var/lib/irods/demoRescVault/trash/home/otherrods/2024-08-05Z21:39:35--irods-testing-ai84z0km/originalfile.txt.3216336069
    |   otherrods         0 demoResc           15 2024-08-05.21:39 & originalfile.txt.339993004
    |         generic    /var/lib/irods/demoRescVault/trash/home/otherrods/2024-08-05Z21:39:35--irods-testing-ai84z0km/originalfile.txt.339993004
    |   otherrods         0 demoResc           15 2024-08-05.21:39 & originalfile.txt.357009803
    |         generic    /var/lib/irods/demoRescVault/trash/home/otherrods/2024-08-05Z21:39:35--irods-testing-ai84z0km/originalfile.txt.357009803
    |   otherrods         0 demoResc           15 2024-08-05.21:39 & originalfile.txt.3718122923
    |         generic    /var/lib/irods/demoRescVault/trash/home/otherrods/2024-08-05Z21:39:35--irods-testing-ai84z0km/originalfile.txt.3718122923
    |   otherrods         0 demoResc           15 2024-08-05.21:39 & originalfile.txt.3942436689
    |         generic    /var/lib/irods/demoRescVault/trash/home/otherrods/2024-08-05Z21:39:35--irods-testing-ai84z0km/originalfile.txt.3942436689
    |   otherrods         0 demoResc           15 2024-08-05.21:39 & originalfile.txt.4004757586
    |         generic    /var/lib/irods/demoRescVault/trash/home/otherrods/2024-08-05Z21:39:35--irods-testing-ai84z0km/originalfile.txt.4004757586
    |   otherrods         0 demoResc           15 2024-08-05.21:39 & originalfile.txt.405658184
    |         generic    /var/lib/irods/demoRescVault/trash/home/otherrods/2024-08-05Z21:39:35--irods-testing-ai84z0km/originalfile.txt.405658184
    |   otherrods         0 demoResc           15 2024-08-05.21:39 & originalfile.txt.4257693603
    |         generic    /var/lib/irods/demoRescVault/trash/home/otherrods/2024-08-05Z21:39:35--irods-testing-ai84z0km/originalfile.txt.4257693603
    |   otherrods         0 demoResc           15 2024-08-05.21:39 & originalfile.txt.603492529
    |         generic    /var/lib/irods/demoRescVault/trash/home/otherrods/2024-08-05Z21:39:35--irods-testing-ai84z0km/originalfile.txt.603492529
    |   otherrods         0 demoResc           15 2024-08-05.21:39 & originalfile.txt.839369006
    |         generic    /var/lib/irods/demoRescVault/trash/home/otherrods/2024-08-05Z21:39:35--irods-testing-ai84z0km/originalfile.txt.839369006
    |   otherrods         0 demoResc           15 2024-08-05.21:39 & originalfile.txt.857359637
    |         generic    /var/lib/irods/demoRescVault/trash/home/otherrods/2024-08-05Z21:39:35--irods-testing-ai84z0km/originalfile.txt.857359637
    |   otherrods         0 demoResc           15 2024-08-05.21:39 & originalfile.txt.900936846
    |         generic    /var/lib/irods/demoRescVault/trash/home/otherrods/2024-08-05Z21:39:35--irods-testing-ai84z0km/originalfile.txt.900936846
  stderr:
    | 
Output found

 --- IrodsSession: icommand executed by [otherrods#tempZone] [iput originalfile.txt] --- 
Assert Command: iput originalfile.txt
Expecting EMPTY: ['']
  stdout:
    | 
  stderr:
    | 
Output found

 --- IrodsSession: icommand executed by [otherrods#tempZone] [irm originalfile.txt] --- 
Assert Command: irm originalfile.txt
Expecting EMPTY: ['']
  stdout:
    | 
  stderr:
    | 
Output found

 --- IrodsSession: icommand executed by [otherrods#tempZone] [ils -L /tempZone/trash/home/otherrods/2024-08-05Z21:39:35--irods-testing-ai84z0km] --- 
Assert Command: ils -L /tempZone/trash/home/otherrods/2024-08-05Z21:39:35--irods-testing-ai84z0km
Expecting STDOUT_SINGLELINE: ['originalfile.txt']
  stdout:
    | /tempZone/trash/home/otherrods/2024-08-05Z21:39:35--irods-testing-ai84z0km:
    |   otherrods         0 demoResc           15 2024-08-05.21:39 & originalfile.txt
    |         generic    /var/lib/irods/demoRescVault/trash/home/otherrods/2024-08-05Z21:39:35--irods-testing-ai84z0km/originalfile.txt
    |   otherrods         0 demoResc           15 2024-08-05.21:40 & originalfile.txt.1058181669
    |         generic    /var/lib/irods/demoRescVault/trash/home/otherrods/2024-08-05Z21:39:35--irods-testing-ai84z0km/originalfile.txt.1058181669
    |   otherrods         0 demoResc           15 2024-08-05.21:39 & originalfile.txt.1373657499
    |         generic    /var/lib/irods/demoRescVault/trash/home/otherrods/2024-08-05Z21:39:35--irods-testing-ai84z0km/originalfile.txt.1373657499
    |   otherrods         0 demoResc           15 2024-08-05.21:39 & originalfile.txt.1530221949
    |         generic    /var/lib/irods/demoRescVault/trash/home/otherrods/2024-08-05Z21:39:35--irods-testing-ai84z0km/originalfile.txt.1530221949
    |   otherrods         0 demoResc           15 2024-08-05.21:39 & originalfile.txt.1653914485
    |         generic    /var/lib/irods/demoRescVault/trash/home/otherrods/2024-08-05Z21:39:35--irods-testing-ai84z0km/originalfile.txt.1653914485
    |   otherrods         0 demoResc           15 2024-08-05.21:39 & originalfile.txt.1924925800
    |         generic    /var/lib/irods/demoRescVault/trash/home/otherrods/2024-08-05Z21:39:35--irods-testing-ai84z0km/originalfile.txt.1924925800
    |   otherrods         0 demoResc           15 2024-08-05.21:39 & originalfile.txt.2078437275
    |         generic    /var/lib/irods/demoRescVault/trash/home/otherrods/2024-08-05Z21:39:35--irods-testing-ai84z0km/originalfile.txt.2078437275
    |   otherrods         0 demoResc           15 2024-08-05.21:39 & originalfile.txt.2301628653
    |         generic    /var/lib/irods/demoRescVault/trash/home/otherrods/2024-08-05Z21:39:35--irods-testing-ai84z0km/originalfile.txt.2301628653
    |   otherrods         0 demoResc           15 2024-08-05.21:39 & originalfile.txt.2376841731
    |         generic    /var/lib/irods/demoRescVault/trash/home/otherrods/2024-08-05Z21:39:35--irods-testing-ai84z0km/originalfile.txt.2376841731
    |   otherrods         0 demoResc           15 2024-08-05.21:39 & originalfile.txt.2673410062
    |         generic    /var/lib/irods/demoRescVault/trash/home/otherrods/2024-08-05Z21:39:35--irods-testing-ai84z0km/originalfile.txt.2673410062
    |   otherrods         0 demoResc           15 2024-08-05.21:39 & originalfile.txt.2991757545
    |         generic    /var/lib/irods/demoRescVault/trash/home/otherrods/2024-08-05Z21:39:35--irods-testing-ai84z0km/originalfile.txt.2991757545
    |   otherrods         0 demoResc           15 2024-08-05.21:39 & originalfile.txt.321328630
    |         generic    /var/lib/irods/demoRescVault/trash/home/otherrods/2024-08-05Z21:39:35--irods-testing-ai84z0km/originalfile.txt.321328630
    |   otherrods         0 demoResc           15 2024-08-05.21:39 & originalfile.txt.3216336069
    |         generic    /var/lib/irods/demoRescVault/trash/home/otherrods/2024-08-05Z21:39:35--irods-testing-ai84z0km/originalfile.txt.3216336069
    |   otherrods         0 demoResc           15 2024-08-05.21:39 & originalfile.txt.339993004
    |         generic    /var/lib/irods/demoRescVault/trash/home/otherrods/2024-08-05Z21:39:35--irods-testing-ai84z0km/originalfile.txt.339993004
    |   otherrods         0 demoResc           15 2024-08-05.21:39 & originalfile.txt.357009803
    |         generic    /var/lib/irods/demoRescVault/trash/home/otherrods/2024-08-05Z21:39:35--irods-testing-ai84z0km/originalfile.txt.357009803
    |   otherrods         0 demoResc           15 2024-08-05.21:39 & originalfile.txt.3718122923
    |         generic    /var/lib/irods/demoRescVault/trash/home/otherrods/2024-08-05Z21:39:35--irods-testing-ai84z0km/originalfile.txt.3718122923
    |   otherrods         0 demoResc           15 2024-08-05.21:40 & originalfile.txt.3822708382
    |         generic    /var/lib/irods/demoRescVault/trash/home/otherrods/2024-08-05Z21:39:35--irods-testing-ai84z0km/originalfile.txt.3822708382
    |   otherrods         0 demoResc           15 2024-08-05.21:39 & originalfile.txt.3942436689
    |         generic    /var/lib/irods/demoRescVault/trash/home/otherrods/2024-08-05Z21:39:35--irods-testing-ai84z0km/originalfile.txt.3942436689
    |   otherrods         0 demoResc           15 2024-08-05.21:39 & originalfile.txt.4004757586
    |         generic    /var/lib/irods/demoRescVault/trash/home/otherrods/2024-08-05Z21:39:35--irods-testing-ai84z0km/originalfile.txt.4004757586
    |   otherrods         0 demoResc           15 2024-08-05.21:39 & originalfile.txt.405658184
    |         generic    /var/lib/irods/demoRescVault/trash/home/otherrods/2024-08-05Z21:39:35--irods-testing-ai84z0km/originalfile.txt.405658184
    |   otherrods         0 demoResc           15 2024-08-05.21:39 & originalfile.txt.4257693603
    |         generic    /var/lib/irods/demoRescVault/trash/home/otherrods/2024-08-05Z21:39:35--irods-testing-ai84z0km/originalfile.txt.4257693603
    |   otherrods         0 demoResc           15 2024-08-05.21:39 & originalfile.txt.603492529
    |         generic    /var/lib/irods/demoRescVault/trash/home/otherrods/2024-08-05Z21:39:35--irods-testing-ai84z0km/originalfile.txt.603492529
    |   otherrods         0 demoResc           15 2024-08-05.21:39 & originalfile.txt.839369006
    |         generic    /var/lib/irods/demoRescVault/trash/home/otherrods/2024-08-05Z21:39:35--irods-testing-ai84z0km/originalfile.txt.839369006
    |   otherrods         0 demoResc           15 2024-08-05.21:39 & originalfile.txt.857359637
    |         generic    /var/lib/irods/demoRescVault/trash/home/otherrods/2024-08-05Z21:39:35--irods-testing-ai84z0km/originalfile.txt.857359637
    |   otherrods         0 demoResc           15 2024-08-05.21:39 & originalfile.txt.900936846
    |         generic    /var/lib/irods/demoRescVault/trash/home/otherrods/2024-08-05Z21:39:35--irods-testing-ai84z0km/originalfile.txt.900936846
  stderr:
    | 
Output found

 --- IrodsSession: icommand executed by [otherrods#tempZone] [iput originalfile.txt] --- 
Assert Command: iput originalfile.txt
Expecting EMPTY: ['']
  stdout:
    | 
  stderr:
    | 
Output found

 --- IrodsSession: icommand executed by [otherrods#tempZone] [irm originalfile.txt] --- 
Assert Command: irm originalfile.txt
Expecting EMPTY: ['']
  stdout:
    | 
  stderr:
    | 
Output found

 --- IrodsSession: icommand executed by [otherrods#tempZone] [ils -L /tempZone/trash/home/otherrods/2024-08-05Z21:39:35--irods-testing-ai84z0km] --- 
Assert Command: ils -L /tempZone/trash/home/otherrods/2024-08-05Z21:39:35--irods-testing-ai84z0km
Expecting STDOUT_SINGLELINE: ['originalfile.txt']
  stdout:
    | /tempZone/trash/home/otherrods/2024-08-05Z21:39:35--irods-testing-ai84z0km:
    |   otherrods         0 demoResc           15 2024-08-05.21:39 & originalfile.txt
    |         generic    /var/lib/irods/demoRescVault/trash/home/otherrods/2024-08-05Z21:39:35--irods-testing-ai84z0km/originalfile.txt
    |   otherrods         0 demoResc           15 2024-08-05.21:40 & originalfile.txt.1058181669
    |         generic    /var/lib/irods/demoRescVault/trash/home/otherrods/2024-08-05Z21:39:35--irods-testing-ai84z0km/originalfile.txt.1058181669
    |   otherrods         0 demoResc           15 2024-08-05.21:39 & originalfile.txt.1373657499
    |         generic    /var/lib/irods/demoRescVault/trash/home/otherrods/2024-08-05Z21:39:35--irods-testing-ai84z0km/originalfile.txt.1373657499
    |   otherrods         0 demoResc           15 2024-08-05.21:39 & originalfile.txt.1530221949
    |         generic    /var/lib/irods/demoRescVault/trash/home/otherrods/2024-08-05Z21:39:35--irods-testing-ai84z0km/originalfile.txt.1530221949
    |   otherrods         0 demoResc           15 2024-08-05.21:39 & originalfile.txt.1653914485
    |         generic    /var/lib/irods/demoRescVault/trash/home/otherrods/2024-08-05Z21:39:35--irods-testing-ai84z0km/originalfile.txt.1653914485
    |   otherrods         0 demoResc           15 2024-08-05.21:39 & originalfile.txt.1924925800
    |         generic    /var/lib/irods/demoRescVault/trash/home/otherrods/2024-08-05Z21:39:35--irods-testing-ai84z0km/originalfile.txt.1924925800
    |   otherrods         0 demoResc           15 2024-08-05.21:39 & originalfile.txt.2078437275
    |         generic    /var/lib/irods/demoRescVault/trash/home/otherrods/2024-08-05Z21:39:35--irods-testing-ai84z0km/originalfile.txt.2078437275
    |   otherrods         0 demoResc           15 2024-08-05.21:39 & originalfile.txt.2301628653
    |         generic    /var/lib/irods/demoRescVault/trash/home/otherrods/2024-08-05Z21:39:35--irods-testing-ai84z0km/originalfile.txt.2301628653
    |   otherrods         0 demoResc           15 2024-08-05.21:39 & originalfile.txt.2376841731
    |         generic    /var/lib/irods/demoRescVault/trash/home/otherrods/2024-08-05Z21:39:35--irods-testing-ai84z0km/originalfile.txt.2376841731
    |   otherrods         0 demoResc           15 2024-08-05.21:39 & originalfile.txt.2673410062
    |         generic    /var/lib/irods/demoRescVault/trash/home/otherrods/2024-08-05Z21:39:35--irods-testing-ai84z0km/originalfile.txt.2673410062
    |   otherrods         0 demoResc           15 2024-08-05.21:39 & originalfile.txt.2991757545
    |         generic    /var/lib/irods/demoRescVault/trash/home/otherrods/2024-08-05Z21:39:35--irods-testing-ai84z0km/originalfile.txt.2991757545
    |   otherrods         0 demoResc           15 2024-08-05.21:39 & originalfile.txt.321328630
    |         generic    /var/lib/irods/demoRescVault/trash/home/otherrods/2024-08-05Z21:39:35--irods-testing-ai84z0km/originalfile.txt.321328630
    |   otherrods         0 demoResc           15 2024-08-05.21:39 & originalfile.txt.3216336069
    |         generic    /var/lib/irods/demoRescVault/trash/home/otherrods/2024-08-05Z21:39:35--irods-testing-ai84z0km/originalfile.txt.3216336069
    |   otherrods         0 demoResc           15 2024-08-05.21:39 & originalfile.txt.339993004
    |         generic    /var/lib/irods/demoRescVault/trash/home/otherrods/2024-08-05Z21:39:35--irods-testing-ai84z0km/originalfile.txt.339993004
    |   otherrods         0 demoResc           15 2024-08-05.21:40 & originalfile.txt.3426777755
    |         generic    /var/lib/irods/demoRescVault/trash/home/otherrods/2024-08-05Z21:39:35--irods-testing-ai84z0km/originalfile.txt.3426777755
    |   otherrods         0 demoResc           15 2024-08-05.21:39 & originalfile.txt.357009803
    |         generic    /var/lib/irods/demoRescVault/trash/home/otherrods/2024-08-05Z21:39:35--irods-testing-ai84z0km/originalfile.txt.357009803
    |   otherrods         0 demoResc           15 2024-08-05.21:39 & originalfile.txt.3718122923
    |         generic    /var/lib/irods/demoRescVault/trash/home/otherrods/2024-08-05Z21:39:35--irods-testing-ai84z0km/originalfile.txt.3718122923
    |   otherrods         0 demoResc           15 2024-08-05.21:40 & originalfile.txt.3822708382
    |         generic    /var/lib/irods/demoRescVault/trash/home/otherrods/2024-08-05Z21:39:35--irods-testing-ai84z0km/originalfile.txt.3822708382
    |   otherrods         0 demoResc           15 2024-08-05.21:39 & originalfile.txt.3942436689
    |         generic    /var/lib/irods/demoRescVault/trash/home/otherrods/2024-08-05Z21:39:35--irods-testing-ai84z0km/originalfile.txt.3942436689
    |   otherrods         0 demoResc           15 2024-08-05.21:39 & originalfile.txt.4004757586
    |         generic    /var/lib/irods/demoRescVault/trash/home/otherrods/2024-08-05Z21:39:35--irods-testing-ai84z0km/originalfile.txt.4004757586
    |   otherrods         0 demoResc           15 2024-08-05.21:39 & originalfile.txt.405658184
    |         generic    /var/lib/irods/demoRescVault/trash/home/otherrods/2024-08-05Z21:39:35--irods-testing-ai84z0km/originalfile.txt.405658184
    |   otherrods         0 demoResc           15 2024-08-05.21:39 & originalfile.txt.4257693603
    |         generic    /var/lib/irods/demoRescVault/trash/home/otherrods/2024-08-05Z21:39:35--irods-testing-ai84z0km/originalfile.txt.4257693603
    |   otherrods         0 demoResc           15 2024-08-05.21:39 & originalfile.txt.603492529
    |         generic    /var/lib/irods/demoRescVault/trash/home/otherrods/2024-08-05Z21:39:35--irods-testing-ai84z0km/originalfile.txt.603492529
    |   otherrods         0 demoResc           15 2024-08-05.21:39 & originalfile.txt.839369006
    |         generic    /var/lib/irods/demoRescVault/trash/home/otherrods/2024-08-05Z21:39:35--irods-testing-ai84z0km/originalfile.txt.839369006
    |   otherrods         0 demoResc           15 2024-08-05.21:39 & originalfile.txt.857359637
    |         generic    /var/lib/irods/demoRescVault/trash/home/otherrods/2024-08-05Z21:39:35--irods-testing-ai84z0km/originalfile.txt.857359637
    |   otherrods         0 demoResc           15 2024-08-05.21:39 & originalfile.txt.900936846
    |         generic    /var/lib/irods/demoRescVault/trash/home/otherrods/2024-08-05Z21:39:35--irods-testing-ai84z0km/originalfile.txt.900936846
  stderr:
    | 
Output found

 --- IrodsSession: icommand executed by [otherrods#tempZone] [iput originalfile.txt] --- 
Assert Command: iput originalfile.txt
Expecting EMPTY: ['']
  stdout:
    | 
  stderr:
    | 
Output found

 --- IrodsSession: icommand executed by [otherrods#tempZone] [irm originalfile.txt] --- 
Assert Command: irm originalfile.txt
Expecting EMPTY: ['']
  stdout:
    | 
  stderr:
    | 
Output found

 --- IrodsSession: icommand executed by [otherrods#tempZone] [ils -L /tempZone/trash/home/otherrods/2024-08-05Z21:39:35--irods-testing-ai84z0km] --- 
Assert Command: ils -L /tempZone/trash/home/otherrods/2024-08-05Z21:39:35--irods-testing-ai84z0km
Expecting STDOUT_SINGLELINE: ['originalfile.txt']
  stdout:
    | /tempZone/trash/home/otherrods/2024-08-05Z21:39:35--irods-testing-ai84z0km:
    |   otherrods         0 demoResc           15 2024-08-05.21:39 & originalfile.txt
    |         generic    /var/lib/irods/demoRescVault/trash/home/otherrods/2024-08-05Z21:39:35--irods-testing-ai84z0km/originalfile.txt
    |   otherrods         0 demoResc           15 2024-08-05.21:40 & originalfile.txt.1058181669
    |         generic    /var/lib/irods/demoRescVault/trash/home/otherrods/2024-08-05Z21:39:35--irods-testing-ai84z0km/originalfile.txt.1058181669
    |   otherrods         0 demoResc           15 2024-08-05.21:39 & originalfile.txt.1373657499
    |         generic    /var/lib/irods/demoRescVault/trash/home/otherrods/2024-08-05Z21:39:35--irods-testing-ai84z0km/originalfile.txt.1373657499
    |   otherrods         0 demoResc           15 2024-08-05.21:39 & originalfile.txt.1530221949
    |         generic    /var/lib/irods/demoRescVault/trash/home/otherrods/2024-08-05Z21:39:35--irods-testing-ai84z0km/originalfile.txt.1530221949
    |   otherrods         0 demoResc           15 2024-08-05.21:39 & originalfile.txt.1653914485
    |         generic    /var/lib/irods/demoRescVault/trash/home/otherrods/2024-08-05Z21:39:35--irods-testing-ai84z0km/originalfile.txt.1653914485
    |   otherrods         0 demoResc           15 2024-08-05.21:39 & originalfile.txt.1924925800
    |         generic    /var/lib/irods/demoRescVault/trash/home/otherrods/2024-08-05Z21:39:35--irods-testing-ai84z0km/originalfile.txt.1924925800
    |   otherrods         0 demoResc           15 2024-08-05.21:39 & originalfile.txt.2078437275
    |         generic    /var/lib/irods/demoRescVault/trash/home/otherrods/2024-08-05Z21:39:35--irods-testing-ai84z0km/originalfile.txt.2078437275
    |   otherrods         0 demoResc           15 2024-08-05.21:39 & originalfile.txt.2301628653
    |         generic    /var/lib/irods/demoRescVault/trash/home/otherrods/2024-08-05Z21:39:35--irods-testing-ai84z0km/originalfile.txt.2301628653
    |   otherrods         0 demoResc           15 2024-08-05.21:39 & originalfile.txt.2376841731
    |         generic    /var/lib/irods/demoRescVault/trash/home/otherrods/2024-08-05Z21:39:35--irods-testing-ai84z0km/originalfile.txt.2376841731
    |   otherrods         0 demoResc           15 2024-08-05.21:39 & originalfile.txt.2673410062
    |         generic    /var/lib/irods/demoRescVault/trash/home/otherrods/2024-08-05Z21:39:35--irods-testing-ai84z0km/originalfile.txt.2673410062
    |   otherrods         0 demoResc           15 2024-08-05.21:39 & originalfile.txt.2991757545
    |         generic    /var/lib/irods/demoRescVault/trash/home/otherrods/2024-08-05Z21:39:35--irods-testing-ai84z0km/originalfile.txt.2991757545
    |   otherrods         0 demoResc           15 2024-08-05.21:39 & originalfile.txt.321328630
    |         generic    /var/lib/irods/demoRescVault/trash/home/otherrods/2024-08-05Z21:39:35--irods-testing-ai84z0km/originalfile.txt.321328630
    |   otherrods         0 demoResc           15 2024-08-05.21:39 & originalfile.txt.3216336069
    |         generic    /var/lib/irods/demoRescVault/trash/home/otherrods/2024-08-05Z21:39:35--irods-testing-ai84z0km/originalfile.txt.3216336069
    |   otherrods         0 demoResc           15 2024-08-05.21:39 & originalfile.txt.339993004
    |         generic    /var/lib/irods/demoRescVault/trash/home/otherrods/2024-08-05Z21:39:35--irods-testing-ai84z0km/originalfile.txt.339993004
    |   otherrods         0 demoResc           15 2024-08-05.21:40 & originalfile.txt.3426777755
    |         generic    /var/lib/irods/demoRescVault/trash/home/otherrods/2024-08-05Z21:39:35--irods-testing-ai84z0km/originalfile.txt.3426777755
    |   otherrods         0 demoResc           15 2024-08-05.21:39 & originalfile.txt.357009803
    |         generic    /var/lib/irods/demoRescVault/trash/home/otherrods/2024-08-05Z21:39:35--irods-testing-ai84z0km/originalfile.txt.357009803
    |   otherrods         0 demoResc           15 2024-08-05.21:39 & originalfile.txt.3718122923
    |         generic    /var/lib/irods/demoRescVault/trash/home/otherrods/2024-08-05Z21:39:35--irods-testing-ai84z0km/originalfile.txt.3718122923
    |   otherrods         0 demoResc           15 2024-08-05.21:40 & originalfile.txt.3822708382
    |         generic    /var/lib/irods/demoRescVault/trash/home/otherrods/2024-08-05Z21:39:35--irods-testing-ai84z0km/originalfile.txt.3822708382
    |   otherrods         0 demoResc           15 2024-08-05.21:39 & originalfile.txt.3942436689
    |         generic    /var/lib/irods/demoRescVault/trash/home/otherrods/2024-08-05Z21:39:35--irods-testing-ai84z0km/originalfile.txt.3942436689
    |   otherrods         0 demoResc           15 2024-08-05.21:39 & originalfile.txt.4004757586
    |         generic    /var/lib/irods/demoRescVault/trash/home/otherrods/2024-08-05Z21:39:35--irods-testing-ai84z0km/originalfile.txt.4004757586
    |   otherrods         0 demoResc           15 2024-08-05.21:39 & originalfile.txt.405658184
    |         generic    /var/lib/irods/demoRescVault/trash/home/otherrods/2024-08-05Z21:39:35--irods-testing-ai84z0km/originalfile.txt.405658184
    |   otherrods         0 demoResc           15 2024-08-05.21:39 & originalfile.txt.4257693603
    |         generic    /var/lib/irods/demoRescVault/trash/home/otherrods/2024-08-05Z21:39:35--irods-testing-ai84z0km/originalfile.txt.4257693603
    |   otherrods         0 demoResc           15 2024-08-05.21:39 & originalfile.txt.603492529
    |         generic    /var/lib/irods/demoRescVault/trash/home/otherrods/2024-08-05Z21:39:35--irods-testing-ai84z0km/originalfile.txt.603492529
    |   otherrods         0 demoResc           15 2024-08-05.21:40 & originalfile.txt.646325580
    |         generic    /var/lib/irods/demoRescVault/trash/home/otherrods/2024-08-05Z21:39:35--irods-testing-ai84z0km/originalfile.txt.646325580
    |   otherrods         0 demoResc           15 2024-08-05.21:39 & originalfile.txt.839369006
    |         generic    /var/lib/irods/demoRescVault/trash/home/otherrods/2024-08-05Z21:39:35--irods-testing-ai84z0km/originalfile.txt.839369006
    |   otherrods         0 demoResc           15 2024-08-05.21:39 & originalfile.txt.857359637
    |         generic    /var/lib/irods/demoRescVault/trash/home/otherrods/2024-08-05Z21:39:35--irods-testing-ai84z0km/originalfile.txt.857359637
    |   otherrods         0 demoResc           15 2024-08-05.21:39 & originalfile.txt.900936846
    |         generic    /var/lib/irods/demoRescVault/trash/home/otherrods/2024-08-05Z21:39:35--irods-testing-ai84z0km/originalfile.txt.900936846
  stderr:
    | 
Output found

 --- IrodsSession: icommand executed by [otherrods#tempZone] [iput originalfile.txt] --- 
Assert Command: iput originalfile.txt
Expecting EMPTY: ['']
  stdout:
    | 
  stderr:
    | 
Output found

 --- IrodsSession: icommand executed by [otherrods#tempZone] [irm originalfile.txt] --- 
Assert Command: irm originalfile.txt
Expecting EMPTY: ['']
  stdout:
    | 
  stderr:
    | 
Output found

 --- IrodsSession: icommand executed by [otherrods#tempZone] [ils -L /tempZone/trash/home/otherrods/2024-08-05Z21:39:35--irods-testing-ai84z0km] --- 
Assert Command: ils -L /tempZone/trash/home/otherrods/2024-08-05Z21:39:35--irods-testing-ai84z0km
Expecting STDOUT_SINGLELINE: ['originalfile.txt']
  stdout:
    | /tempZone/trash/home/otherrods/2024-08-05Z21:39:35--irods-testing-ai84z0km:
    |   otherrods         0 demoResc           15 2024-08-05.21:39 & originalfile.txt
    |         generic    /var/lib/irods/demoRescVault/trash/home/otherrods/2024-08-05Z21:39:35--irods-testing-ai84z0km/originalfile.txt
    |   otherrods         0 demoResc           15 2024-08-05.21:40 & originalfile.txt.1058181669
    |         generic    /var/lib/irods/demoRescVault/trash/home/otherrods/2024-08-05Z21:39:35--irods-testing-ai84z0km/originalfile.txt.1058181669
    |   otherrods         0 demoResc           15 2024-08-05.21:39 & originalfile.txt.1373657499
    |         generic    /var/lib/irods/demoRescVault/trash/home/otherrods/2024-08-05Z21:39:35--irods-testing-ai84z0km/originalfile.txt.1373657499
    |   otherrods         0 demoResc           15 2024-08-05.21:39 & originalfile.txt.1530221949
    |         generic    /var/lib/irods/demoRescVault/trash/home/otherrods/2024-08-05Z21:39:35--irods-testing-ai84z0km/originalfile.txt.1530221949
    |   otherrods         0 demoResc           15 2024-08-05.21:39 & originalfile.txt.1653914485
    |         generic    /var/lib/irods/demoRescVault/trash/home/otherrods/2024-08-05Z21:39:35--irods-testing-ai84z0km/originalfile.txt.1653914485
    |   otherrods         0 demoResc           15 2024-08-05.21:39 & originalfile.txt.1924925800
    |         generic    /var/lib/irods/demoRescVault/trash/home/otherrods/2024-08-05Z21:39:35--irods-testing-ai84z0km/originalfile.txt.1924925800
    |   otherrods         0 demoResc           15 2024-08-05.21:40 & originalfile.txt.19830613
    |         generic    /var/lib/irods/demoRescVault/trash/home/otherrods/2024-08-05Z21:39:35--irods-testing-ai84z0km/originalfile.txt.19830613
    |   otherrods         0 demoResc           15 2024-08-05.21:39 & originalfile.txt.2078437275
    |         generic    /var/lib/irods/demoRescVault/trash/home/otherrods/2024-08-05Z21:39:35--irods-testing-ai84z0km/originalfile.txt.2078437275
    |   otherrods         0 demoResc           15 2024-08-05.21:39 & originalfile.txt.2301628653
    |         generic    /var/lib/irods/demoRescVault/trash/home/otherrods/2024-08-05Z21:39:35--irods-testing-ai84z0km/originalfile.txt.2301628653
    |   otherrods         0 demoResc           15 2024-08-05.21:39 & originalfile.txt.2376841731
    |         generic    /var/lib/irods/demoRescVault/trash/home/otherrods/2024-08-05Z21:39:35--irods-testing-ai84z0km/originalfile.txt.2376841731
    |   otherrods         0 demoResc           15 2024-08-05.21:39 & originalfile.txt.2673410062
    |         generic    /var/lib/irods/demoRescVault/trash/home/otherrods/2024-08-05Z21:39:35--irods-testing-ai84z0km/originalfile.txt.2673410062
    |   otherrods         0 demoResc           15 2024-08-05.21:39 & originalfile.txt.2991757545
    |         generic    /var/lib/irods/demoRescVault/trash/home/otherrods/2024-08-05Z21:39:35--irods-testing-ai84z0km/originalfile.txt.2991757545
    |   otherrods         0 demoResc           15 2024-08-05.21:39 & originalfile.txt.321328630
    |         generic    /var/lib/irods/demoRescVault/trash/home/otherrods/2024-08-05Z21:39:35--irods-testing-ai84z0km/originalfile.txt.321328630
    |   otherrods         0 demoResc           15 2024-08-05.21:39 & originalfile.txt.3216336069
    |         generic    /var/lib/irods/demoRescVault/trash/home/otherrods/2024-08-05Z21:39:35--irods-testing-ai84z0km/originalfile.txt.3216336069
    |   otherrods         0 demoResc           15 2024-08-05.21:39 & originalfile.txt.339993004
    |         generic    /var/lib/irods/demoRescVault/trash/home/otherrods/2024-08-05Z21:39:35--irods-testing-ai84z0km/originalfile.txt.339993004
    |   otherrods         0 demoResc           15 2024-08-05.21:40 & originalfile.txt.3426777755
    |         generic    /var/lib/irods/demoRescVault/trash/home/otherrods/2024-08-05Z21:39:35--irods-testing-ai84z0km/originalfile.txt.3426777755
    |   otherrods         0 demoResc           15 2024-08-05.21:39 & originalfile.txt.357009803
    |         generic    /var/lib/irods/demoRescVault/trash/home/otherrods/2024-08-05Z21:39:35--irods-testing-ai84z0km/originalfile.txt.357009803
    |   otherrods         0 demoResc           15 2024-08-05.21:39 & originalfile.txt.3718122923
    |         generic    /var/lib/irods/demoRescVault/trash/home/otherrods/2024-08-05Z21:39:35--irods-testing-ai84z0km/originalfile.txt.3718122923
    |   otherrods         0 demoResc           15 2024-08-05.21:40 & originalfile.txt.3822708382
    |         generic    /var/lib/irods/demoRescVault/trash/home/otherrods/2024-08-05Z21:39:35--irods-testing-ai84z0km/originalfile.txt.3822708382
    |   otherrods         0 demoResc           15 2024-08-05.21:39 & originalfile.txt.3942436689
    |         generic    /var/lib/irods/demoRescVault/trash/home/otherrods/2024-08-05Z21:39:35--irods-testing-ai84z0km/originalfile.txt.3942436689
    |   otherrods         0 demoResc           15 2024-08-05.21:39 & originalfile.txt.4004757586
    |         generic    /var/lib/irods/demoRescVault/trash/home/otherrods/2024-08-05Z21:39:35--irods-testing-ai84z0km/originalfile.txt.4004757586
    |   otherrods         0 demoResc           15 2024-08-05.21:39 & originalfile.txt.405658184
    |         generic    /var/lib/irods/demoRescVault/trash/home/otherrods/2024-08-05Z21:39:35--irods-testing-ai84z0km/originalfile.txt.405658184
    |   otherrods         0 demoResc           15 2024-08-05.21:39 & originalfile.txt.4257693603
    |         generic    /var/lib/irods/demoRescVault/trash/home/otherrods/2024-08-05Z21:39:35--irods-testing-ai84z0km/originalfile.txt.4257693603
    |   otherrods         0 demoResc           15 2024-08-05.21:39 & originalfile.txt.603492529
    |         generic    /var/lib/irods/demoRescVault/trash/home/otherrods/2024-08-05Z21:39:35--irods-testing-ai84z0km/originalfile.txt.603492529
    |   otherrods         0 demoResc           15 2024-08-05.21:40 & originalfile.txt.646325580
    |         generic    /var/lib/irods/demoRescVault/trash/home/otherrods/2024-08-05Z21:39:35--irods-testing-ai84z0km/originalfile.txt.646325580
    |   otherrods         0 demoResc           15 2024-08-05.21:39 & originalfile.txt.839369006
    |         generic    /var/lib/irods/demoRescVault/trash/home/otherrods/2024-08-05Z21:39:35--irods-testing-ai84z0km/originalfile.txt.839369006
    |   otherrods         0 demoResc           15 2024-08-05.21:39 & originalfile.txt.857359637
    |         generic    /var/lib/irods/demoRescVault/trash/home/otherrods/2024-08-05Z21:39:35--irods-testing-ai84z0km/originalfile.txt.857359637
    |   otherrods         0 demoResc           15 2024-08-05.21:39 & originalfile.txt.900936846
    |         generic    /var/lib/irods/demoRescVault/trash/home/otherrods/2024-08-05Z21:39:35--irods-testing-ai84z0km/originalfile.txt.900936846
  stderr:
    | 
Output found

 --- IrodsSession: icommand executed by [otherrods#tempZone] [iput originalfile.txt] --- 
Assert Command: iput originalfile.txt
Expecting EMPTY: ['']
  stdout:
    | 
  stderr:
    | 
Output found

 --- IrodsSession: icommand executed by [otherrods#tempZone] [irm originalfile.txt] --- 
Assert Command: irm originalfile.txt
Expecting EMPTY: ['']
  stdout:
    | 
  stderr:
    | 
Output found

 --- IrodsSession: icommand executed by [otherrods#tempZone] [ils -L /tempZone/trash/home/otherrods/2024-08-05Z21:39:35--irods-testing-ai84z0km] --- 
Assert Command: ils -L /tempZone/trash/home/otherrods/2024-08-05Z21:39:35--irods-testing-ai84z0km
Expecting STDOUT_SINGLELINE: ['originalfile.txt']
  stdout:
    | /tempZone/trash/home/otherrods/2024-08-05Z21:39:35--irods-testing-ai84z0km:
    |   otherrods         0 demoResc           15 2024-08-05.21:39 & originalfile.txt
    |         generic    /var/lib/irods/demoRescVault/trash/home/otherrods/2024-08-05Z21:39:35--irods-testing-ai84z0km/originalfile.txt
    |   otherrods         0 demoResc           15 2024-08-05.21:40 & originalfile.txt.1058181669
    |         generic    /var/lib/irods/demoRescVault/trash/home/otherrods/2024-08-05Z21:39:35--irods-testing-ai84z0km/originalfile.txt.1058181669
    |   otherrods         0 demoResc           15 2024-08-05.21:39 & originalfile.txt.1373657499
    |         generic    /var/lib/irods/demoRescVault/trash/home/otherrods/2024-08-05Z21:39:35--irods-testing-ai84z0km/originalfile.txt.1373657499
    |   otherrods         0 demoResc           15 2024-08-05.21:39 & originalfile.txt.1530221949
    |         generic    /var/lib/irods/demoRescVault/trash/home/otherrods/2024-08-05Z21:39:35--irods-testing-ai84z0km/originalfile.txt.1530221949
    |   otherrods         0 demoResc           15 2024-08-05.21:39 & originalfile.txt.1653914485
    |         generic    /var/lib/irods/demoRescVault/trash/home/otherrods/2024-08-05Z21:39:35--irods-testing-ai84z0km/originalfile.txt.1653914485
    |   otherrods         0 demoResc           15 2024-08-05.21:39 & originalfile.txt.1924925800
    |         generic    /var/lib/irods/demoRescVault/trash/home/otherrods/2024-08-05Z21:39:35--irods-testing-ai84z0km/originalfile.txt.1924925800
    |   otherrods         0 demoResc           15 2024-08-05.21:40 & originalfile.txt.19830613
    |         generic    /var/lib/irods/demoRescVault/trash/home/otherrods/2024-08-05Z21:39:35--irods-testing-ai84z0km/originalfile.txt.19830613
    |   otherrods         0 demoResc           15 2024-08-05.21:40 & originalfile.txt.2076523065
    |         generic    /var/lib/irods/demoRescVault/trash/home/otherrods/2024-08-05Z21:39:35--irods-testing-ai84z0km/originalfile.txt.2076523065
    |   otherrods         0 demoResc           15 2024-08-05.21:39 & originalfile.txt.2078437275
    |         generic    /var/lib/irods/demoRescVault/trash/home/otherrods/2024-08-05Z21:39:35--irods-testing-ai84z0km/originalfile.txt.2078437275
    |   otherrods         0 demoResc           15 2024-08-05.21:39 & originalfile.txt.2301628653
    |         generic    /var/lib/irods/demoRescVault/trash/home/otherrods/2024-08-05Z21:39:35--irods-testing-ai84z0km/originalfile.txt.2301628653
    |   otherrods         0 demoResc           15 2024-08-05.21:39 & originalfile.txt.2376841731
    |         generic    /var/lib/irods/demoRescVault/trash/home/otherrods/2024-08-05Z21:39:35--irods-testing-ai84z0km/originalfile.txt.2376841731
    |   otherrods         0 demoResc           15 2024-08-05.21:39 & originalfile.txt.2673410062
    |         generic    /var/lib/irods/demoRescVault/trash/home/otherrods/2024-08-05Z21:39:35--irods-testing-ai84z0km/originalfile.txt.2673410062
    |   otherrods         0 demoResc           15 2024-08-05.21:39 & originalfile.txt.2991757545
    |         generic    /var/lib/irods/demoRescVault/trash/home/otherrods/2024-08-05Z21:39:35--irods-testing-ai84z0km/originalfile.txt.2991757545
    |   otherrods         0 demoResc           15 2024-08-05.21:39 & originalfile.txt.321328630
    |         generic    /var/lib/irods/demoRescVault/trash/home/otherrods/2024-08-05Z21:39:35--irods-testing-ai84z0km/originalfile.txt.321328630
    |   otherrods         0 demoResc           15 2024-08-05.21:39 & originalfile.txt.3216336069
    |         generic    /var/lib/irods/demoRescVault/trash/home/otherrods/2024-08-05Z21:39:35--irods-testing-ai84z0km/originalfile.txt.3216336069
    |   otherrods         0 demoResc           15 2024-08-05.21:39 & originalfile.txt.339993004
    |         generic    /var/lib/irods/demoRescVault/trash/home/otherrods/2024-08-05Z21:39:35--irods-testing-ai84z0km/originalfile.txt.339993004
    |   otherrods         0 demoResc           15 2024-08-05.21:40 & originalfile.txt.3426777755
    |         generic    /var/lib/irods/demoRescVault/trash/home/otherrods/2024-08-05Z21:39:35--irods-testing-ai84z0km/originalfile.txt.3426777755
    |   otherrods         0 demoResc           15 2024-08-05.21:39 & originalfile.txt.357009803
    |         generic    /var/lib/irods/demoRescVault/trash/home/otherrods/2024-08-05Z21:39:35--irods-testing-ai84z0km/originalfile.txt.357009803
    |   otherrods         0 demoResc           15 2024-08-05.21:39 & originalfile.txt.3718122923
    |         generic    /var/lib/irods/demoRescVault/trash/home/otherrods/2024-08-05Z21:39:35--irods-testing-ai84z0km/originalfile.txt.3718122923
    |   otherrods         0 demoResc           15 2024-08-05.21:40 & originalfile.txt.3822708382
    |         generic    /var/lib/irods/demoRescVault/trash/home/otherrods/2024-08-05Z21:39:35--irods-testing-ai84z0km/originalfile.txt.3822708382
    |   otherrods         0 demoResc           15 2024-08-05.21:39 & originalfile.txt.3942436689
    |         generic    /var/lib/irods/demoRescVault/trash/home/otherrods/2024-08-05Z21:39:35--irods-testing-ai84z0km/originalfile.txt.3942436689
    |   otherrods         0 demoResc           15 2024-08-05.21:39 & originalfile.txt.4004757586
    |         generic    /var/lib/irods/demoRescVault/trash/home/otherrods/2024-08-05Z21:39:35--irods-testing-ai84z0km/originalfile.txt.4004757586
    |   otherrods         0 demoResc           15 2024-08-05.21:39 & originalfile.txt.405658184
    |         generic    /var/lib/irods/demoRescVault/trash/home/otherrods/2024-08-05Z21:39:35--irods-testing-ai84z0km/originalfile.txt.405658184
    |   otherrods         0 demoResc           15 2024-08-05.21:39 & originalfile.txt.4257693603
    |         generic    /var/lib/irods/demoRescVault/trash/home/otherrods/2024-08-05Z21:39:35--irods-testing-ai84z0km/originalfile.txt.4257693603
    |   otherrods         0 demoResc           15 2024-08-05.21:39 & originalfile.txt.603492529
    |         generic    /var/lib/irods/demoRescVault/trash/home/otherrods/2024-08-05Z21:39:35--irods-testing-ai84z0km/originalfile.txt.603492529
    |   otherrods         0 demoResc           15 2024-08-05.21:40 & originalfile.txt.646325580
    |         generic    /var/lib/irods/demoRescVault/trash/home/otherrods/2024-08-05Z21:39:35--irods-testing-ai84z0km/originalfile.txt.646325580
    |   otherrods         0 demoResc           15 2024-08-05.21:39 & originalfile.txt.839369006
    |         generic    /var/lib/irods/demoRescVault/trash/home/otherrods/2024-08-05Z21:39:35--irods-testing-ai84z0km/originalfile.txt.839369006
    |   otherrods         0 demoResc           15 2024-08-05.21:39 & originalfile.txt.857359637
    |         generic    /var/lib/irods/demoRescVault/trash/home/otherrods/2024-08-05Z21:39:35--irods-testing-ai84z0km/originalfile.txt.857359637
    |   otherrods         0 demoResc           15 2024-08-05.21:39 & originalfile.txt.900936846
    |         generic    /var/lib/irods/demoRescVault/trash/home/otherrods/2024-08-05Z21:39:35--irods-testing-ai84z0km/originalfile.txt.900936846
  stderr:
    | 
Output found

 --- IrodsSession: icommand executed by [otherrods#tempZone] [iput originalfile.txt] --- 
Assert Command: iput originalfile.txt
Expecting EMPTY: ['']
  stdout:
    | 
  stderr:
    | 
Output found

 --- IrodsSession: icommand executed by [otherrods#tempZone] [irm originalfile.txt] --- 
Assert Command: irm originalfile.txt
Expecting EMPTY: ['']
  stdout:
    | 
  stderr:
    | 
Output found

 --- IrodsSession: icommand executed by [otherrods#tempZone] [ils -L /tempZone/trash/home/otherrods/2024-08-05Z21:39:35--irods-testing-ai84z0km] --- 
Assert Command: ils -L /tempZone/trash/home/otherrods/2024-08-05Z21:39:35--irods-testing-ai84z0km
Expecting STDOUT_SINGLELINE: ['originalfile.txt']
  stdout:
    | /tempZone/trash/home/otherrods/2024-08-05Z21:39:35--irods-testing-ai84z0km:
    |   otherrods         0 demoResc           15 2024-08-05.21:39 & originalfile.txt
    |         generic    /var/lib/irods/demoRescVault/trash/home/otherrods/2024-08-05Z21:39:35--irods-testing-ai84z0km/originalfile.txt
    |   otherrods         0 demoResc           15 2024-08-05.21:40 & originalfile.txt.1058181669
    |         generic    /var/lib/irods/demoRescVault/trash/home/otherrods/2024-08-05Z21:39:35--irods-testing-ai84z0km/originalfile.txt.1058181669
    |   otherrods         0 demoResc           15 2024-08-05.21:39 & originalfile.txt.1373657499
    |         generic    /var/lib/irods/demoRescVault/trash/home/otherrods/2024-08-05Z21:39:35--irods-testing-ai84z0km/originalfile.txt.1373657499
    |   otherrods         0 demoResc           15 2024-08-05.21:39 & originalfile.txt.1530221949
    |         generic    /var/lib/irods/demoRescVault/trash/home/otherrods/2024-08-05Z21:39:35--irods-testing-ai84z0km/originalfile.txt.1530221949
    |   otherrods         0 demoResc           15 2024-08-05.21:39 & originalfile.txt.1653914485
    |         generic    /var/lib/irods/demoRescVault/trash/home/otherrods/2024-08-05Z21:39:35--irods-testing-ai84z0km/originalfile.txt.1653914485
    |   otherrods         0 demoResc           15 2024-08-05.21:39 & originalfile.txt.1924925800
    |         generic    /var/lib/irods/demoRescVault/trash/home/otherrods/2024-08-05Z21:39:35--irods-testing-ai84z0km/originalfile.txt.1924925800
    |   otherrods         0 demoResc           15 2024-08-05.21:40 & originalfile.txt.19830613
    |         generic    /var/lib/irods/demoRescVault/trash/home/otherrods/2024-08-05Z21:39:35--irods-testing-ai84z0km/originalfile.txt.19830613
    |   otherrods         0 demoResc           15 2024-08-05.21:40 & originalfile.txt.2076523065
    |         generic    /var/lib/irods/demoRescVault/trash/home/otherrods/2024-08-05Z21:39:35--irods-testing-ai84z0km/originalfile.txt.2076523065
    |   otherrods         0 demoResc           15 2024-08-05.21:39 & originalfile.txt.2078437275
    |         generic    /var/lib/irods/demoRescVault/trash/home/otherrods/2024-08-05Z21:39:35--irods-testing-ai84z0km/originalfile.txt.2078437275
    |   otherrods         0 demoResc           15 2024-08-05.21:39 & originalfile.txt.2301628653
    |         generic    /var/lib/irods/demoRescVault/trash/home/otherrods/2024-08-05Z21:39:35--irods-testing-ai84z0km/originalfile.txt.2301628653
    |   otherrods         0 demoResc           15 2024-08-05.21:39 & originalfile.txt.2376841731
    |         generic    /var/lib/irods/demoRescVault/trash/home/otherrods/2024-08-05Z21:39:35--irods-testing-ai84z0km/originalfile.txt.2376841731
    |   otherrods         0 demoResc           15 2024-08-05.21:39 & originalfile.txt.2673410062
    |         generic    /var/lib/irods/demoRescVault/trash/home/otherrods/2024-08-05Z21:39:35--irods-testing-ai84z0km/originalfile.txt.2673410062
    |   otherrods         0 demoResc           15 2024-08-05.21:39 & originalfile.txt.2991757545
    |         generic    /var/lib/irods/demoRescVault/trash/home/otherrods/2024-08-05Z21:39:35--irods-testing-ai84z0km/originalfile.txt.2991757545
    |   otherrods         0 demoResc           15 2024-08-05.21:39 & originalfile.txt.321328630
    |         generic    /var/lib/irods/demoRescVault/trash/home/otherrods/2024-08-05Z21:39:35--irods-testing-ai84z0km/originalfile.txt.321328630
    |   otherrods         0 demoResc           15 2024-08-05.21:39 & originalfile.txt.3216336069
    |         generic    /var/lib/irods/demoRescVault/trash/home/otherrods/2024-08-05Z21:39:35--irods-testing-ai84z0km/originalfile.txt.3216336069
    |   otherrods         0 demoResc           15 2024-08-05.21:39 & originalfile.txt.339993004
    |         generic    /var/lib/irods/demoRescVault/trash/home/otherrods/2024-08-05Z21:39:35--irods-testing-ai84z0km/originalfile.txt.339993004
    |   otherrods         0 demoResc           15 2024-08-05.21:40 & originalfile.txt.3426777755
    |         generic    /var/lib/irods/demoRescVault/trash/home/otherrods/2024-08-05Z21:39:35--irods-testing-ai84z0km/originalfile.txt.3426777755
    |   otherrods         0 demoResc           15 2024-08-05.21:39 & originalfile.txt.357009803
    |         generic    /var/lib/irods/demoRescVault/trash/home/otherrods/2024-08-05Z21:39:35--irods-testing-ai84z0km/originalfile.txt.357009803
    |   otherrods         0 demoResc           15 2024-08-05.21:39 & originalfile.txt.3718122923
    |         generic    /var/lib/irods/demoRescVault/trash/home/otherrods/2024-08-05Z21:39:35--irods-testing-ai84z0km/originalfile.txt.3718122923
    |   otherrods         0 demoResc           15 2024-08-05.21:40 & originalfile.txt.3822708382
    |         generic    /var/lib/irods/demoRescVault/trash/home/otherrods/2024-08-05Z21:39:35--irods-testing-ai84z0km/originalfile.txt.3822708382
    |   otherrods         0 demoResc           15 2024-08-05.21:39 & originalfile.txt.3942436689
    |         generic    /var/lib/irods/demoRescVault/trash/home/otherrods/2024-08-05Z21:39:35--irods-testing-ai84z0km/originalfile.txt.3942436689
    |   otherrods         0 demoResc           15 2024-08-05.21:39 & originalfile.txt.4004757586
    |         generic    /var/lib/irods/demoRescVault/trash/home/otherrods/2024-08-05Z21:39:35--irods-testing-ai84z0km/originalfile.txt.4004757586
    |   otherrods         0 demoResc           15 2024-08-05.21:39 & originalfile.txt.405658184
    |         generic    /var/lib/irods/demoRescVault/trash/home/otherrods/2024-08-05Z21:39:35--irods-testing-ai84z0km/originalfile.txt.405658184
    |   otherrods         0 demoResc           15 2024-08-05.21:39 & originalfile.txt.4257693603
    |         generic    /var/lib/irods/demoRescVault/trash/home/otherrods/2024-08-05Z21:39:35--irods-testing-ai84z0km/originalfile.txt.4257693603
    |   otherrods         0 demoResc           15 2024-08-05.21:39 & originalfile.txt.603492529
    |         generic    /var/lib/irods/demoRescVault/trash/home/otherrods/2024-08-05Z21:39:35--irods-testing-ai84z0km/originalfile.txt.603492529
    |   otherrods         0 demoResc           15 2024-08-05.21:40 & originalfile.txt.646325580
    |         generic    /var/lib/irods/demoRescVault/trash/home/otherrods/2024-08-05Z21:39:35--irods-testing-ai84z0km/originalfile.txt.646325580
    |   otherrods         0 demoResc           15 2024-08-05.21:40 & originalfile.txt.744718448
    |         generic    /var/lib/irods/demoRescVault/trash/home/otherrods/2024-08-05Z21:39:35--irods-testing-ai84z0km/originalfile.txt.744718448
    |   otherrods         0 demoResc           15 2024-08-05.21:39 & originalfile.txt.839369006
    |         generic    /var/lib/irods/demoRescVault/trash/home/otherrods/2024-08-05Z21:39:35--irods-testing-ai84z0km/originalfile.txt.839369006
    |   otherrods         0 demoResc           15 2024-08-05.21:39 & originalfile.txt.857359637
    |         generic    /var/lib/irods/demoRescVault/trash/home/otherrods/2024-08-05Z21:39:35--irods-testing-ai84z0km/originalfile.txt.857359637
    |   otherrods         0 demoResc           15 2024-08-05.21:39 & originalfile.txt.900936846
    |         generic    /var/lib/irods/demoRescVault/trash/home/otherrods/2024-08-05Z21:39:35--irods-testing-ai84z0km/originalfile.txt.900936846
  stderr:
    | 
Output found

 --- IrodsSession: icommand executed by [otherrods#tempZone] [iput originalfile.txt] --- 
Assert Command: iput originalfile.txt
Expecting EMPTY: ['']
  stdout:
    | 
  stderr:
    | 
Output found

 --- IrodsSession: icommand executed by [otherrods#tempZone] [irm originalfile.txt] --- 
Assert Command: irm originalfile.txt
Expecting EMPTY: ['']
  stdout:
    | 
  stderr:
    | 
Output found

 --- IrodsSession: icommand executed by [otherrods#tempZone] [ils -L /tempZone/trash/home/otherrods/2024-08-05Z21:39:35--irods-testing-ai84z0km] --- 
Assert Command: ils -L /tempZone/trash/home/otherrods/2024-08-05Z21:39:35--irods-testing-ai84z0km
Expecting STDOUT_SINGLELINE: ['originalfile.txt']
  stdout:
    | /tempZone/trash/home/otherrods/2024-08-05Z21:39:35--irods-testing-ai84z0km:
    |   otherrods         0 demoResc           15 2024-08-05.21:39 & originalfile.txt
    |         generic    /var/lib/irods/demoRescVault/trash/home/otherrods/2024-08-05Z21:39:35--irods-testing-ai84z0km/originalfile.txt
    |   otherrods         0 demoResc           15 2024-08-05.21:40 & originalfile.txt.1058181669
    |         generic    /var/lib/irods/demoRescVault/trash/home/otherrods/2024-08-05Z21:39:35--irods-testing-ai84z0km/originalfile.txt.1058181669
    |   otherrods         0 demoResc           15 2024-08-05.21:40 & originalfile.txt.1152935250
    |         generic    /var/lib/irods/demoRescVault/trash/home/otherrods/2024-08-05Z21:39:35--irods-testing-ai84z0km/originalfile.txt.1152935250
    |   otherrods         0 demoResc           15 2024-08-05.21:39 & originalfile.txt.1373657499
    |         generic    /var/lib/irods/demoRescVault/trash/home/otherrods/2024-08-05Z21:39:35--irods-testing-ai84z0km/originalfile.txt.1373657499
    |   otherrods         0 demoResc           15 2024-08-05.21:39 & originalfile.txt.1530221949
    |         generic    /var/lib/irods/demoRescVault/trash/home/otherrods/2024-08-05Z21:39:35--irods-testing-ai84z0km/originalfile.txt.1530221949
    |   otherrods         0 demoResc           15 2024-08-05.21:39 & originalfile.txt.1653914485
    |         generic    /var/lib/irods/demoRescVault/trash/home/otherrods/2024-08-05Z21:39:35--irods-testing-ai84z0km/originalfile.txt.1653914485
    |   otherrods         0 demoResc           15 2024-08-05.21:39 & originalfile.txt.1924925800
    |         generic    /var/lib/irods/demoRescVault/trash/home/otherrods/2024-08-05Z21:39:35--irods-testing-ai84z0km/originalfile.txt.1924925800
    |   otherrods         0 demoResc           15 2024-08-05.21:40 & originalfile.txt.19830613
    |         generic    /var/lib/irods/demoRescVault/trash/home/otherrods/2024-08-05Z21:39:35--irods-testing-ai84z0km/originalfile.txt.19830613
    |   otherrods         0 demoResc           15 2024-08-05.21:40 & originalfile.txt.2076523065
    |         generic    /var/lib/irods/demoRescVault/trash/home/otherrods/2024-08-05Z21:39:35--irods-testing-ai84z0km/originalfile.txt.2076523065
    |   otherrods         0 demoResc           15 2024-08-05.21:39 & originalfile.txt.2078437275
    |         generic    /var/lib/irods/demoRescVault/trash/home/otherrods/2024-08-05Z21:39:35--irods-testing-ai84z0km/originalfile.txt.2078437275
    |   otherrods         0 demoResc           15 2024-08-05.21:39 & originalfile.txt.2301628653
    |         generic    /var/lib/irods/demoRescVault/trash/home/otherrods/2024-08-05Z21:39:35--irods-testing-ai84z0km/originalfile.txt.2301628653
    |   otherrods         0 demoResc           15 2024-08-05.21:39 & originalfile.txt.2376841731
    |         generic    /var/lib/irods/demoRescVault/trash/home/otherrods/2024-08-05Z21:39:35--irods-testing-ai84z0km/originalfile.txt.2376841731
    |   otherrods         0 demoResc           15 2024-08-05.21:39 & originalfile.txt.2673410062
    |         generic    /var/lib/irods/demoRescVault/trash/home/otherrods/2024-08-05Z21:39:35--irods-testing-ai84z0km/originalfile.txt.2673410062
    |   otherrods         0 demoResc           15 2024-08-05.21:39 & originalfile.txt.2991757545
    |         generic    /var/lib/irods/demoRescVault/trash/home/otherrods/2024-08-05Z21:39:35--irods-testing-ai84z0km/originalfile.txt.2991757545
    |   otherrods         0 demoResc           15 2024-08-05.21:39 & originalfile.txt.321328630
    |         generic    /var/lib/irods/demoRescVault/trash/home/otherrods/2024-08-05Z21:39:35--irods-testing-ai84z0km/originalfile.txt.321328630
    |   otherrods         0 demoResc           15 2024-08-05.21:39 & originalfile.txt.3216336069
    |         generic    /var/lib/irods/demoRescVault/trash/home/otherrods/2024-08-05Z21:39:35--irods-testing-ai84z0km/originalfile.txt.3216336069
    |   otherrods         0 demoResc           15 2024-08-05.21:39 & originalfile.txt.339993004
    |         generic    /var/lib/irods/demoRescVault/trash/home/otherrods/2024-08-05Z21:39:35--irods-testing-ai84z0km/originalfile.txt.339993004
    |   otherrods         0 demoResc           15 2024-08-05.21:40 & originalfile.txt.3426777755
    |         generic    /var/lib/irods/demoRescVault/trash/home/otherrods/2024-08-05Z21:39:35--irods-testing-ai84z0km/originalfile.txt.3426777755
    |   otherrods         0 demoResc           15 2024-08-05.21:39 & originalfile.txt.357009803
    |         generic    /var/lib/irods/demoRescVault/trash/home/otherrods/2024-08-05Z21:39:35--irods-testing-ai84z0km/originalfile.txt.357009803
    |   otherrods         0 demoResc           15 2024-08-05.21:39 & originalfile.txt.3718122923
    |         generic    /var/lib/irods/demoRescVault/trash/home/otherrods/2024-08-05Z21:39:35--irods-testing-ai84z0km/originalfile.txt.3718122923
    |   otherrods         0 demoResc           15 2024-08-05.21:40 & originalfile.txt.3822708382
    |         generic    /var/lib/irods/demoRescVault/trash/home/otherrods/2024-08-05Z21:39:35--irods-testing-ai84z0km/originalfile.txt.3822708382
    |   otherrods         0 demoResc           15 2024-08-05.21:39 & originalfile.txt.3942436689
    |         generic    /var/lib/irods/demoRescVault/trash/home/otherrods/2024-08-05Z21:39:35--irods-testing-ai84z0km/originalfile.txt.3942436689
    |   otherrods         0 demoResc           15 2024-08-05.21:39 & originalfile.txt.4004757586
    |         generic    /var/lib/irods/demoRescVault/trash/home/otherrods/2024-08-05Z21:39:35--irods-testing-ai84z0km/originalfile.txt.4004757586
    |   otherrods         0 demoResc           15 2024-08-05.21:39 & originalfile.txt.405658184
    |         generic    /var/lib/irods/demoRescVault/trash/home/otherrods/2024-08-05Z21:39:35--irods-testing-ai84z0km/originalfile.txt.405658184
    |   otherrods         0 demoResc           15 2024-08-05.21:39 & originalfile.txt.4257693603
    |         generic    /var/lib/irods/demoRescVault/trash/home/otherrods/2024-08-05Z21:39:35--irods-testing-ai84z0km/originalfile.txt.4257693603
    |   otherrods         0 demoResc           15 2024-08-05.21:39 & originalfile.txt.603492529
    |         generic    /var/lib/irods/demoRescVault/trash/home/otherrods/2024-08-05Z21:39:35--irods-testing-ai84z0km/originalfile.txt.603492529
    |   otherrods         0 demoResc           15 2024-08-05.21:40 & originalfile.txt.646325580
    |         generic    /var/lib/irods/demoRescVault/trash/home/otherrods/2024-08-05Z21:39:35--irods-testing-ai84z0km/originalfile.txt.646325580
    |   otherrods         0 demoResc           15 2024-08-05.21:40 & originalfile.txt.744718448
    |         generic    /var/lib/irods/demoRescVault/trash/home/otherrods/2024-08-05Z21:39:35--irods-testing-ai84z0km/originalfile.txt.744718448
    |   otherrods         0 demoResc           15 2024-08-05.21:39 & originalfile.txt.839369006
    |         generic    /var/lib/irods/demoRescVault/trash/home/otherrods/2024-08-05Z21:39:35--irods-testing-ai84z0km/originalfile.txt.839369006
    |   otherrods         0 demoResc           15 2024-08-05.21:39 & originalfile.txt.857359637
    |         generic    /var/lib/irods/demoRescVault/trash/home/otherrods/2024-08-05Z21:39:35--irods-testing-ai84z0km/originalfile.txt.857359637
    |   otherrods         0 demoResc           15 2024-08-05.21:39 & originalfile.txt.900936846
    |         generic    /var/lib/irods/demoRescVault/trash/home/otherrods/2024-08-05Z21:39:35--irods-testing-ai84z0km/originalfile.txt.900936846
  stderr:
    | 
Output found

 --- IrodsSession: icommand executed by [otherrods#tempZone] [iput originalfile.txt] --- 
Assert Command: iput originalfile.txt
Expecting EMPTY: ['']
  stdout:
    | 
  stderr:
    | 
Output found

 --- IrodsSession: icommand executed by [otherrods#tempZone] [irm originalfile.txt] --- 
Assert Command: irm originalfile.txt
Expecting EMPTY: ['']
  stdout:
    | 
  stderr:
    | 
Output found

 --- IrodsSession: icommand executed by [otherrods#tempZone] [ils -L /tempZone/trash/home/otherrods/2024-08-05Z21:39:35--irods-testing-ai84z0km] --- 
Assert Command: ils -L /tempZone/trash/home/otherrods/2024-08-05Z21:39:35--irods-testing-ai84z0km
Expecting STDOUT_SINGLELINE: ['originalfile.txt']
  stdout:
    | /tempZone/trash/home/otherrods/2024-08-05Z21:39:35--irods-testing-ai84z0km:
    |   otherrods         0 demoResc           15 2024-08-05.21:39 & originalfile.txt
    |         generic    /var/lib/irods/demoRescVault/trash/home/otherrods/2024-08-05Z21:39:35--irods-testing-ai84z0km/originalfile.txt
    |   otherrods         0 demoResc           15 2024-08-05.21:40 & originalfile.txt.1058181669
    |         generic    /var/lib/irods/demoRescVault/trash/home/otherrods/2024-08-05Z21:39:35--irods-testing-ai84z0km/originalfile.txt.1058181669
    |   otherrods         0 demoResc           15 2024-08-05.21:40 & originalfile.txt.1152935250
    |         generic    /var/lib/irods/demoRescVault/trash/home/otherrods/2024-08-05Z21:39:35--irods-testing-ai84z0km/originalfile.txt.1152935250
    |   otherrods         0 demoResc           15 2024-08-05.21:40 & originalfile.txt.1258049683
    |         generic    /var/lib/irods/demoRescVault/trash/home/otherrods/2024-08-05Z21:39:35--irods-testing-ai84z0km/originalfile.txt.1258049683
    |   otherrods         0 demoResc           15 2024-08-05.21:39 & originalfile.txt.1373657499
    |         generic    /var/lib/irods/demoRescVault/trash/home/otherrods/2024-08-05Z21:39:35--irods-testing-ai84z0km/originalfile.txt.1373657499
    |   otherrods         0 demoResc           15 2024-08-05.21:39 & originalfile.txt.1530221949
    |         generic    /var/lib/irods/demoRescVault/trash/home/otherrods/2024-08-05Z21:39:35--irods-testing-ai84z0km/originalfile.txt.1530221949
    |   otherrods         0 demoResc           15 2024-08-05.21:39 & originalfile.txt.1653914485
    |         generic    /var/lib/irods/demoRescVault/trash/home/otherrods/2024-08-05Z21:39:35--irods-testing-ai84z0km/originalfile.txt.1653914485
    |   otherrods         0 demoResc           15 2024-08-05.21:39 & originalfile.txt.1924925800
    |         generic    /var/lib/irods/demoRescVault/trash/home/otherrods/2024-08-05Z21:39:35--irods-testing-ai84z0km/originalfile.txt.1924925800
    |   otherrods         0 demoResc           15 2024-08-05.21:40 & originalfile.txt.19830613
    |         generic    /var/lib/irods/demoRescVault/trash/home/otherrods/2024-08-05Z21:39:35--irods-testing-ai84z0km/originalfile.txt.19830613
    |   otherrods         0 demoResc           15 2024-08-05.21:40 & originalfile.txt.2076523065
    |         generic    /var/lib/irods/demoRescVault/trash/home/otherrods/2024-08-05Z21:39:35--irods-testing-ai84z0km/originalfile.txt.2076523065
    |   otherrods         0 demoResc           15 2024-08-05.21:39 & originalfile.txt.2078437275
    |         generic    /var/lib/irods/demoRescVault/trash/home/otherrods/2024-08-05Z21:39:35--irods-testing-ai84z0km/originalfile.txt.2078437275
    |   otherrods         0 demoResc           15 2024-08-05.21:39 & originalfile.txt.2301628653
    |         generic    /var/lib/irods/demoRescVault/trash/home/otherrods/2024-08-05Z21:39:35--irods-testing-ai84z0km/originalfile.txt.2301628653
    |   otherrods         0 demoResc           15 2024-08-05.21:39 & originalfile.txt.2376841731
    |         generic    /var/lib/irods/demoRescVault/trash/home/otherrods/2024-08-05Z21:39:35--irods-testing-ai84z0km/originalfile.txt.2376841731
    |   otherrods         0 demoResc           15 2024-08-05.21:39 & originalfile.txt.2673410062
    |         generic    /var/lib/irods/demoRescVault/trash/home/otherrods/2024-08-05Z21:39:35--irods-testing-ai84z0km/originalfile.txt.2673410062
    |   otherrods         0 demoResc           15 2024-08-05.21:39 & originalfile.txt.2991757545
    |         generic    /var/lib/irods/demoRescVault/trash/home/otherrods/2024-08-05Z21:39:35--irods-testing-ai84z0km/originalfile.txt.2991757545
    |   otherrods         0 demoResc           15 2024-08-05.21:39 & originalfile.txt.321328630
    |         generic    /var/lib/irods/demoRescVault/trash/home/otherrods/2024-08-05Z21:39:35--irods-testing-ai84z0km/originalfile.txt.321328630
    |   otherrods         0 demoResc           15 2024-08-05.21:39 & originalfile.txt.3216336069
    |         generic    /var/lib/irods/demoRescVault/trash/home/otherrods/2024-08-05Z21:39:35--irods-testing-ai84z0km/originalfile.txt.3216336069
    |   otherrods         0 demoResc           15 2024-08-05.21:39 & originalfile.txt.339993004
    |         generic    /var/lib/irods/demoRescVault/trash/home/otherrods/2024-08-05Z21:39:35--irods-testing-ai84z0km/originalfile.txt.339993004
    |   otherrods         0 demoResc           15 2024-08-05.21:40 & originalfile.txt.3426777755
    |         generic    /var/lib/irods/demoRescVault/trash/home/otherrods/2024-08-05Z21:39:35--irods-testing-ai84z0km/originalfile.txt.3426777755
    |   otherrods         0 demoResc           15 2024-08-05.21:39 & originalfile.txt.357009803
    |         generic    /var/lib/irods/demoRescVault/trash/home/otherrods/2024-08-05Z21:39:35--irods-testing-ai84z0km/originalfile.txt.357009803
    |   otherrods         0 demoResc           15 2024-08-05.21:39 & originalfile.txt.3718122923
    |         generic    /var/lib/irods/demoRescVault/trash/home/otherrods/2024-08-05Z21:39:35--irods-testing-ai84z0km/originalfile.txt.3718122923
    |   otherrods         0 demoResc           15 2024-08-05.21:40 & originalfile.txt.3822708382
    |         generic    /var/lib/irods/demoRescVault/trash/home/otherrods/2024-08-05Z21:39:35--irods-testing-ai84z0km/originalfile.txt.3822708382
    |   otherrods         0 demoResc           15 2024-08-05.21:39 & originalfile.txt.3942436689
    |         generic    /var/lib/irods/demoRescVault/trash/home/otherrods/2024-08-05Z21:39:35--irods-testing-ai84z0km/originalfile.txt.3942436689
    |   otherrods         0 demoResc           15 2024-08-05.21:39 & originalfile.txt.4004757586
    |         generic    /var/lib/irods/demoRescVault/trash/home/otherrods/2024-08-05Z21:39:35--irods-testing-ai84z0km/originalfile.txt.4004757586
    |   otherrods         0 demoResc           15 2024-08-05.21:39 & originalfile.txt.405658184
    |         generic    /var/lib/irods/demoRescVault/trash/home/otherrods/2024-08-05Z21:39:35--irods-testing-ai84z0km/originalfile.txt.405658184
    |   otherrods         0 demoResc           15 2024-08-05.21:39 & originalfile.txt.4257693603
    |         generic    /var/lib/irods/demoRescVault/trash/home/otherrods/2024-08-05Z21:39:35--irods-testing-ai84z0km/originalfile.txt.4257693603
    |   otherrods         0 demoResc           15 2024-08-05.21:39 & originalfile.txt.603492529
    |         generic    /var/lib/irods/demoRescVault/trash/home/otherrods/2024-08-05Z21:39:35--irods-testing-ai84z0km/originalfile.txt.603492529
    |   otherrods         0 demoResc           15 2024-08-05.21:40 & originalfile.txt.646325580
    |         generic    /var/lib/irods/demoRescVault/trash/home/otherrods/2024-08-05Z21:39:35--irods-testing-ai84z0km/originalfile.txt.646325580
    |   otherrods         0 demoResc           15 2024-08-05.21:40 & originalfile.txt.744718448
    |         generic    /var/lib/irods/demoRescVault/trash/home/otherrods/2024-08-05Z21:39:35--irods-testing-ai84z0km/originalfile.txt.744718448
    |   otherrods         0 demoResc           15 2024-08-05.21:39 & originalfile.txt.839369006
    |         generic    /var/lib/irods/demoRescVault/trash/home/otherrods/2024-08-05Z21:39:35--irods-testing-ai84z0km/originalfile.txt.839369006
    |   otherrods         0 demoResc           15 2024-08-05.21:39 & originalfile.txt.857359637
    |         generic    /var/lib/irods/demoRescVault/trash/home/otherrods/2024-08-05Z21:39:35--irods-testing-ai84z0km/originalfile.txt.857359637
    |   otherrods         0 demoResc           15 2024-08-05.21:39 & originalfile.txt.900936846
    |         generic    /var/lib/irods/demoRescVault/trash/home/otherrods/2024-08-05Z21:39:35--irods-testing-ai84z0km/originalfile.txt.900936846
  stderr:
    | 
Output found

 --- IrodsSession: icommand executed by [otherrods#tempZone] [iput originalfile.txt] --- 
Assert Command: iput originalfile.txt
Expecting EMPTY: ['']
  stdout:
    | 
  stderr:
    | 
Output found

 --- IrodsSession: icommand executed by [otherrods#tempZone] [irm originalfile.txt] --- 
Assert Command: irm originalfile.txt
Expecting EMPTY: ['']
  stdout:
    | 
  stderr:
    | 
Output found

 --- IrodsSession: icommand executed by [otherrods#tempZone] [ils -L /tempZone/trash/home/otherrods/2024-08-05Z21:39:35--irods-testing-ai84z0km] --- 
Assert Command: ils -L /tempZone/trash/home/otherrods/2024-08-05Z21:39:35--irods-testing-ai84z0km
Expecting STDOUT_SINGLELINE: ['originalfile.txt']
  stdout:
    | /tempZone/trash/home/otherrods/2024-08-05Z21:39:35--irods-testing-ai84z0km:
    |   otherrods         0 demoResc           15 2024-08-05.21:39 & originalfile.txt
    |         generic    /var/lib/irods/demoRescVault/trash/home/otherrods/2024-08-05Z21:39:35--irods-testing-ai84z0km/originalfile.txt
    |   otherrods         0 demoResc           15 2024-08-05.21:40 & originalfile.txt.1058181669
    |         generic    /var/lib/irods/demoRescVault/trash/home/otherrods/2024-08-05Z21:39:35--irods-testing-ai84z0km/originalfile.txt.1058181669
    |   otherrods         0 demoResc           15 2024-08-05.21:40 & originalfile.txt.1152935250
    |         generic    /var/lib/irods/demoRescVault/trash/home/otherrods/2024-08-05Z21:39:35--irods-testing-ai84z0km/originalfile.txt.1152935250
    |   otherrods         0 demoResc           15 2024-08-05.21:40 & originalfile.txt.1258049683
    |         generic    /var/lib/irods/demoRescVault/trash/home/otherrods/2024-08-05Z21:39:35--irods-testing-ai84z0km/originalfile.txt.1258049683
    |   otherrods         0 demoResc           15 2024-08-05.21:39 & originalfile.txt.1373657499
    |         generic    /var/lib/irods/demoRescVault/trash/home/otherrods/2024-08-05Z21:39:35--irods-testing-ai84z0km/originalfile.txt.1373657499
    |   otherrods         0 demoResc           15 2024-08-05.21:39 & originalfile.txt.1530221949
    |         generic    /var/lib/irods/demoRescVault/trash/home/otherrods/2024-08-05Z21:39:35--irods-testing-ai84z0km/originalfile.txt.1530221949
    |   otherrods         0 demoResc           15 2024-08-05.21:39 & originalfile.txt.1653914485
    |         generic    /var/lib/irods/demoRescVault/trash/home/otherrods/2024-08-05Z21:39:35--irods-testing-ai84z0km/originalfile.txt.1653914485
    |   otherrods         0 demoResc           15 2024-08-05.21:39 & originalfile.txt.1924925800
    |         generic    /var/lib/irods/demoRescVault/trash/home/otherrods/2024-08-05Z21:39:35--irods-testing-ai84z0km/originalfile.txt.1924925800
    |   otherrods         0 demoResc           15 2024-08-05.21:40 & originalfile.txt.19830613
    |         generic    /var/lib/irods/demoRescVault/trash/home/otherrods/2024-08-05Z21:39:35--irods-testing-ai84z0km/originalfile.txt.19830613
    |   otherrods         0 demoResc           15 2024-08-05.21:40 & originalfile.txt.2076523065
    |         generic    /var/lib/irods/demoRescVault/trash/home/otherrods/2024-08-05Z21:39:35--irods-testing-ai84z0km/originalfile.txt.2076523065
    |   otherrods         0 demoResc           15 2024-08-05.21:39 & originalfile.txt.2078437275
    |         generic    /var/lib/irods/demoRescVault/trash/home/otherrods/2024-08-05Z21:39:35--irods-testing-ai84z0km/originalfile.txt.2078437275
    |   otherrods         0 demoResc           15 2024-08-05.21:39 & originalfile.txt.2301628653
    |         generic    /var/lib/irods/demoRescVault/trash/home/otherrods/2024-08-05Z21:39:35--irods-testing-ai84z0km/originalfile.txt.2301628653
    |   otherrods         0 demoResc           15 2024-08-05.21:39 & originalfile.txt.2376841731
    |         generic    /var/lib/irods/demoRescVault/trash/home/otherrods/2024-08-05Z21:39:35--irods-testing-ai84z0km/originalfile.txt.2376841731
    |   otherrods         0 demoResc           15 2024-08-05.21:39 & originalfile.txt.2673410062
    |         generic    /var/lib/irods/demoRescVault/trash/home/otherrods/2024-08-05Z21:39:35--irods-testing-ai84z0km/originalfile.txt.2673410062
    |   otherrods         0 demoResc           15 2024-08-05.21:39 & originalfile.txt.2991757545
    |         generic    /var/lib/irods/demoRescVault/trash/home/otherrods/2024-08-05Z21:39:35--irods-testing-ai84z0km/originalfile.txt.2991757545
    |   otherrods         0 demoResc           15 2024-08-05.21:39 & originalfile.txt.321328630
    |         generic    /var/lib/irods/demoRescVault/trash/home/otherrods/2024-08-05Z21:39:35--irods-testing-ai84z0km/originalfile.txt.321328630
    |   otherrods         0 demoResc           15 2024-08-05.21:39 & originalfile.txt.3216336069
    |         generic    /var/lib/irods/demoRescVault/trash/home/otherrods/2024-08-05Z21:39:35--irods-testing-ai84z0km/originalfile.txt.3216336069
    |   otherrods         0 demoResc           15 2024-08-05.21:39 & originalfile.txt.339993004
    |         generic    /var/lib/irods/demoRescVault/trash/home/otherrods/2024-08-05Z21:39:35--irods-testing-ai84z0km/originalfile.txt.339993004
    |   otherrods         0 demoResc           15 2024-08-05.21:40 & originalfile.txt.3426777755
    |         generic    /var/lib/irods/demoRescVault/trash/home/otherrods/2024-08-05Z21:39:35--irods-testing-ai84z0km/originalfile.txt.3426777755
    |   otherrods         0 demoResc           15 2024-08-05.21:40 & originalfile.txt.3451165281
    |         generic    /var/lib/irods/demoRescVault/trash/home/otherrods/2024-08-05Z21:39:35--irods-testing-ai84z0km/originalfile.txt.3451165281
    |   otherrods         0 demoResc           15 2024-08-05.21:39 & originalfile.txt.357009803
    |         generic    /var/lib/irods/demoRescVault/trash/home/otherrods/2024-08-05Z21:39:35--irods-testing-ai84z0km/originalfile.txt.357009803
    |   otherrods         0 demoResc           15 2024-08-05.21:39 & originalfile.txt.3718122923
    |         generic    /var/lib/irods/demoRescVault/trash/home/otherrods/2024-08-05Z21:39:35--irods-testing-ai84z0km/originalfile.txt.3718122923
    |   otherrods         0 demoResc           15 2024-08-05.21:40 & originalfile.txt.3822708382
    |         generic    /var/lib/irods/demoRescVault/trash/home/otherrods/2024-08-05Z21:39:35--irods-testing-ai84z0km/originalfile.txt.3822708382
    |   otherrods         0 demoResc           15 2024-08-05.21:39 & originalfile.txt.3942436689
    |         generic    /var/lib/irods/demoRescVault/trash/home/otherrods/2024-08-05Z21:39:35--irods-testing-ai84z0km/originalfile.txt.3942436689
    |   otherrods         0 demoResc           15 2024-08-05.21:39 & originalfile.txt.4004757586
    |         generic    /var/lib/irods/demoRescVault/trash/home/otherrods/2024-08-05Z21:39:35--irods-testing-ai84z0km/originalfile.txt.4004757586
    |   otherrods         0 demoResc           15 2024-08-05.21:39 & originalfile.txt.405658184
    |         generic    /var/lib/irods/demoRescVault/trash/home/otherrods/2024-08-05Z21:39:35--irods-testing-ai84z0km/originalfile.txt.405658184
    |   otherrods         0 demoResc           15 2024-08-05.21:39 & originalfile.txt.4257693603
    |         generic    /var/lib/irods/demoRescVault/trash/home/otherrods/2024-08-05Z21:39:35--irods-testing-ai84z0km/originalfile.txt.4257693603
    |   otherrods         0 demoResc           15 2024-08-05.21:39 & originalfile.txt.603492529
    |         generic    /var/lib/irods/demoRescVault/trash/home/otherrods/2024-08-05Z21:39:35--irods-testing-ai84z0km/originalfile.txt.603492529
    |   otherrods         0 demoResc           15 2024-08-05.21:40 & originalfile.txt.646325580
    |         generic    /var/lib/irods/demoRescVault/trash/home/otherrods/2024-08-05Z21:39:35--irods-testing-ai84z0km/originalfile.txt.646325580
    |   otherrods         0 demoResc           15 2024-08-05.21:40 & originalfile.txt.744718448
    |         generic    /var/lib/irods/demoRescVault/trash/home/otherrods/2024-08-05Z21:39:35--irods-testing-ai84z0km/originalfile.txt.744718448
    |   otherrods         0 demoResc           15 2024-08-05.21:39 & originalfile.txt.839369006
    |         generic    /var/lib/irods/demoRescVault/trash/home/otherrods/2024-08-05Z21:39:35--irods-testing-ai84z0km/originalfile.txt.839369006
    |   otherrods         0 demoResc           15 2024-08-05.21:39 & originalfile.txt.857359637
    |         generic    /var/lib/irods/demoRescVault/trash/home/otherrods/2024-08-05Z21:39:35--irods-testing-ai84z0km/originalfile.txt.857359637
    |   otherrods         0 demoResc           15 2024-08-05.21:39 & originalfile.txt.900936846
    |         generic    /var/lib/irods/demoRescVault/trash/home/otherrods/2024-08-05Z21:39:35--irods-testing-ai84z0km/originalfile.txt.900936846
  stderr:
    | 
Output found

 --- IrodsSession: icommand executed by [otherrods#tempZone] [iput originalfile.txt] --- 
Assert Command: iput originalfile.txt
Expecting EMPTY: ['']
  stdout:
    | 
  stderr:
    | 
Output found

 --- IrodsSession: icommand executed by [otherrods#tempZone] [irm originalfile.txt] --- 
Assert Command: irm originalfile.txt
Expecting EMPTY: ['']
  stdout:
    | 
  stderr:
    | 
Output found

 --- IrodsSession: icommand executed by [otherrods#tempZone] [ils -L /tempZone/trash/home/otherrods/2024-08-05Z21:39:35--irods-testing-ai84z0km] --- 
Assert Command: ils -L /tempZone/trash/home/otherrods/2024-08-05Z21:39:35--irods-testing-ai84z0km
Expecting STDOUT_SINGLELINE: ['originalfile.txt']
  stdout:
    | /tempZone/trash/home/otherrods/2024-08-05Z21:39:35--irods-testing-ai84z0km:
    |   otherrods         0 demoResc           15 2024-08-05.21:39 & originalfile.txt
    |         generic    /var/lib/irods/demoRescVault/trash/home/otherrods/2024-08-05Z21:39:35--irods-testing-ai84z0km/originalfile.txt
    |   otherrods         0 demoResc           15 2024-08-05.21:40 & originalfile.txt.1058181669
    |         generic    /var/lib/irods/demoRescVault/trash/home/otherrods/2024-08-05Z21:39:35--irods-testing-ai84z0km/originalfile.txt.1058181669
    |   otherrods         0 demoResc           15 2024-08-05.21:40 & originalfile.txt.1152935250
    |         generic    /var/lib/irods/demoRescVault/trash/home/otherrods/2024-08-05Z21:39:35--irods-testing-ai84z0km/originalfile.txt.1152935250
    |   otherrods         0 demoResc           15 2024-08-05.21:40 & originalfile.txt.1178984695
    |         generic    /var/lib/irods/demoRescVault/trash/home/otherrods/2024-08-05Z21:39:35--irods-testing-ai84z0km/originalfile.txt.1178984695
    |   otherrods         0 demoResc           15 2024-08-05.21:40 & originalfile.txt.1258049683
    |         generic    /var/lib/irods/demoRescVault/trash/home/otherrods/2024-08-05Z21:39:35--irods-testing-ai84z0km/originalfile.txt.1258049683
    |   otherrods         0 demoResc           15 2024-08-05.21:39 & originalfile.txt.1373657499
    |         generic    /var/lib/irods/demoRescVault/trash/home/otherrods/2024-08-05Z21:39:35--irods-testing-ai84z0km/originalfile.txt.1373657499
    |   otherrods         0 demoResc           15 2024-08-05.21:39 & originalfile.txt.1530221949
    |         generic    /var/lib/irods/demoRescVault/trash/home/otherrods/2024-08-05Z21:39:35--irods-testing-ai84z0km/originalfile.txt.1530221949
    |   otherrods         0 demoResc           15 2024-08-05.21:39 & originalfile.txt.1653914485
    |         generic    /var/lib/irods/demoRescVault/trash/home/otherrods/2024-08-05Z21:39:35--irods-testing-ai84z0km/originalfile.txt.1653914485
    |   otherrods         0 demoResc           15 2024-08-05.21:39 & originalfile.txt.1924925800
    |         generic    /var/lib/irods/demoRescVault/trash/home/otherrods/2024-08-05Z21:39:35--irods-testing-ai84z0km/originalfile.txt.1924925800
    |   otherrods         0 demoResc           15 2024-08-05.21:40 & originalfile.txt.19830613
    |         generic    /var/lib/irods/demoRescVault/trash/home/otherrods/2024-08-05Z21:39:35--irods-testing-ai84z0km/originalfile.txt.19830613
    |   otherrods         0 demoResc           15 2024-08-05.21:40 & originalfile.txt.2076523065
    |         generic    /var/lib/irods/demoRescVault/trash/home/otherrods/2024-08-05Z21:39:35--irods-testing-ai84z0km/originalfile.txt.2076523065
    |   otherrods         0 demoResc           15 2024-08-05.21:39 & originalfile.txt.2078437275
    |         generic    /var/lib/irods/demoRescVault/trash/home/otherrods/2024-08-05Z21:39:35--irods-testing-ai84z0km/originalfile.txt.2078437275
    |   otherrods         0 demoResc           15 2024-08-05.21:39 & originalfile.txt.2301628653
    |         generic    /var/lib/irods/demoRescVault/trash/home/otherrods/2024-08-05Z21:39:35--irods-testing-ai84z0km/originalfile.txt.2301628653
    |   otherrods         0 demoResc           15 2024-08-05.21:39 & originalfile.txt.2376841731
    |         generic    /var/lib/irods/demoRescVault/trash/home/otherrods/2024-08-05Z21:39:35--irods-testing-ai84z0km/originalfile.txt.2376841731
    |   otherrods         0 demoResc           15 2024-08-05.21:39 & originalfile.txt.2673410062
    |         generic    /var/lib/irods/demoRescVault/trash/home/otherrods/2024-08-05Z21:39:35--irods-testing-ai84z0km/originalfile.txt.2673410062
    |   otherrods         0 demoResc           15 2024-08-05.21:39 & originalfile.txt.2991757545
    |         generic    /var/lib/irods/demoRescVault/trash/home/otherrods/2024-08-05Z21:39:35--irods-testing-ai84z0km/originalfile.txt.2991757545
    |   otherrods         0 demoResc           15 2024-08-05.21:39 & originalfile.txt.321328630
    |         generic    /var/lib/irods/demoRescVault/trash/home/otherrods/2024-08-05Z21:39:35--irods-testing-ai84z0km/originalfile.txt.321328630
    |   otherrods         0 demoResc           15 2024-08-05.21:39 & originalfile.txt.3216336069
    |         generic    /var/lib/irods/demoRescVault/trash/home/otherrods/2024-08-05Z21:39:35--irods-testing-ai84z0km/originalfile.txt.3216336069
    |   otherrods         0 demoResc           15 2024-08-05.21:39 & originalfile.txt.339993004
    |         generic    /var/lib/irods/demoRescVault/trash/home/otherrods/2024-08-05Z21:39:35--irods-testing-ai84z0km/originalfile.txt.339993004
    |   otherrods         0 demoResc           15 2024-08-05.21:40 & originalfile.txt.3426777755
    |         generic    /var/lib/irods/demoRescVault/trash/home/otherrods/2024-08-05Z21:39:35--irods-testing-ai84z0km/originalfile.txt.3426777755
    |   otherrods         0 demoResc           15 2024-08-05.21:40 & originalfile.txt.3451165281
    |         generic    /var/lib/irods/demoRescVault/trash/home/otherrods/2024-08-05Z21:39:35--irods-testing-ai84z0km/originalfile.txt.3451165281
    |   otherrods         0 demoResc           15 2024-08-05.21:39 & originalfile.txt.357009803
    |         generic    /var/lib/irods/demoRescVault/trash/home/otherrods/2024-08-05Z21:39:35--irods-testing-ai84z0km/originalfile.txt.357009803
    |   otherrods         0 demoResc           15 2024-08-05.21:39 & originalfile.txt.3718122923
    |         generic    /var/lib/irods/demoRescVault/trash/home/otherrods/2024-08-05Z21:39:35--irods-testing-ai84z0km/originalfile.txt.3718122923
    |   otherrods         0 demoResc           15 2024-08-05.21:40 & originalfile.txt.3822708382
    |         generic    /var/lib/irods/demoRescVault/trash/home/otherrods/2024-08-05Z21:39:35--irods-testing-ai84z0km/originalfile.txt.3822708382
    |   otherrods         0 demoResc           15 2024-08-05.21:39 & originalfile.txt.3942436689
    |         generic    /var/lib/irods/demoRescVault/trash/home/otherrods/2024-08-05Z21:39:35--irods-testing-ai84z0km/originalfile.txt.3942436689
    |   otherrods         0 demoResc           15 2024-08-05.21:39 & originalfile.txt.4004757586
    |         generic    /var/lib/irods/demoRescVault/trash/home/otherrods/2024-08-05Z21:39:35--irods-testing-ai84z0km/originalfile.txt.4004757586
    |   otherrods         0 demoResc           15 2024-08-05.21:39 & originalfile.txt.405658184
    |         generic    /var/lib/irods/demoRescVault/trash/home/otherrods/2024-08-05Z21:39:35--irods-testing-ai84z0km/originalfile.txt.405658184
    |   otherrods         0 demoResc           15 2024-08-05.21:39 & originalfile.txt.4257693603
    |         generic    /var/lib/irods/demoRescVault/trash/home/otherrods/2024-08-05Z21:39:35--irods-testing-ai84z0km/originalfile.txt.4257693603
    |   otherrods         0 demoResc           15 2024-08-05.21:39 & originalfile.txt.603492529
    |         generic    /var/lib/irods/demoRescVault/trash/home/otherrods/2024-08-05Z21:39:35--irods-testing-ai84z0km/originalfile.txt.603492529
    |   otherrods         0 demoResc           15 2024-08-05.21:40 & originalfile.txt.646325580
    |         generic    /var/lib/irods/demoRescVault/trash/home/otherrods/2024-08-05Z21:39:35--irods-testing-ai84z0km/originalfile.txt.646325580
    |   otherrods         0 demoResc           15 2024-08-05.21:40 & originalfile.txt.744718448
    |         generic    /var/lib/irods/demoRescVault/trash/home/otherrods/2024-08-05Z21:39:35--irods-testing-ai84z0km/originalfile.txt.744718448
    |   otherrods         0 demoResc           15 2024-08-05.21:39 & originalfile.txt.839369006
    |         generic    /var/lib/irods/demoRescVault/trash/home/otherrods/2024-08-05Z21:39:35--irods-testing-ai84z0km/originalfile.txt.839369006
    |   otherrods         0 demoResc           15 2024-08-05.21:39 & originalfile.txt.857359637
    |         generic    /var/lib/irods/demoRescVault/trash/home/otherrods/2024-08-05Z21:39:35--irods-testing-ai84z0km/originalfile.txt.857359637
    |   otherrods         0 demoResc           15 2024-08-05.21:39 & originalfile.txt.900936846
    |         generic    /var/lib/irods/demoRescVault/trash/home/otherrods/2024-08-05Z21:39:35--irods-testing-ai84z0km/originalfile.txt.900936846
  stderr:
    | 
Output found

 --- IrodsSession: icommand executed by [otherrods#tempZone] [iput originalfile.txt] --- 
Assert Command: iput originalfile.txt
Expecting EMPTY: ['']
  stdout:
    | 
  stderr:
    | 
Output found

 --- IrodsSession: icommand executed by [otherrods#tempZone] [irm originalfile.txt] --- 
Assert Command: irm originalfile.txt
Expecting EMPTY: ['']
  stdout:
    | 
  stderr:
    | 
Output found

 --- IrodsSession: icommand executed by [otherrods#tempZone] [ils -L /tempZone/trash/home/otherrods/2024-08-05Z21:39:35--irods-testing-ai84z0km] --- 
Assert Command: ils -L /tempZone/trash/home/otherrods/2024-08-05Z21:39:35--irods-testing-ai84z0km
Expecting STDOUT_SINGLELINE: ['originalfile.txt']
  stdout:
    | /tempZone/trash/home/otherrods/2024-08-05Z21:39:35--irods-testing-ai84z0km:
    |   otherrods         0 demoResc           15 2024-08-05.21:39 & originalfile.txt
    |         generic    /var/lib/irods/demoRescVault/trash/home/otherrods/2024-08-05Z21:39:35--irods-testing-ai84z0km/originalfile.txt
    |   otherrods         0 demoResc           15 2024-08-05.21:40 & originalfile.txt.1058181669
    |         generic    /var/lib/irods/demoRescVault/trash/home/otherrods/2024-08-05Z21:39:35--irods-testing-ai84z0km/originalfile.txt.1058181669
    |   otherrods         0 demoResc           15 2024-08-05.21:40 & originalfile.txt.1152935250
    |         generic    /var/lib/irods/demoRescVault/trash/home/otherrods/2024-08-05Z21:39:35--irods-testing-ai84z0km/originalfile.txt.1152935250
    |   otherrods         0 demoResc           15 2024-08-05.21:40 & originalfile.txt.1178984695
    |         generic    /var/lib/irods/demoRescVault/trash/home/otherrods/2024-08-05Z21:39:35--irods-testing-ai84z0km/originalfile.txt.1178984695
    |   otherrods         0 demoResc           15 2024-08-05.21:40 & originalfile.txt.1258049683
    |         generic    /var/lib/irods/demoRescVault/trash/home/otherrods/2024-08-05Z21:39:35--irods-testing-ai84z0km/originalfile.txt.1258049683
    |   otherrods         0 demoResc           15 2024-08-05.21:39 & originalfile.txt.1373657499
    |         generic    /var/lib/irods/demoRescVault/trash/home/otherrods/2024-08-05Z21:39:35--irods-testing-ai84z0km/originalfile.txt.1373657499
    |   otherrods         0 demoResc           15 2024-08-05.21:39 & originalfile.txt.1530221949
    |         generic    /var/lib/irods/demoRescVault/trash/home/otherrods/2024-08-05Z21:39:35--irods-testing-ai84z0km/originalfile.txt.1530221949
    |   otherrods         0 demoResc           15 2024-08-05.21:39 & originalfile.txt.1653914485
    |         generic    /var/lib/irods/demoRescVault/trash/home/otherrods/2024-08-05Z21:39:35--irods-testing-ai84z0km/originalfile.txt.1653914485
    |   otherrods         0 demoResc           15 2024-08-05.21:39 & originalfile.txt.1924925800
    |         generic    /var/lib/irods/demoRescVault/trash/home/otherrods/2024-08-05Z21:39:35--irods-testing-ai84z0km/originalfile.txt.1924925800
    |   otherrods         0 demoResc           15 2024-08-05.21:40 & originalfile.txt.19830613
    |         generic    /var/lib/irods/demoRescVault/trash/home/otherrods/2024-08-05Z21:39:35--irods-testing-ai84z0km/originalfile.txt.19830613
    |   otherrods         0 demoResc           15 2024-08-05.21:40 & originalfile.txt.2076523065
    |         generic    /var/lib/irods/demoRescVault/trash/home/otherrods/2024-08-05Z21:39:35--irods-testing-ai84z0km/originalfile.txt.2076523065
    |   otherrods         0 demoResc           15 2024-08-05.21:39 & originalfile.txt.2078437275
    |         generic    /var/lib/irods/demoRescVault/trash/home/otherrods/2024-08-05Z21:39:35--irods-testing-ai84z0km/originalfile.txt.2078437275
    |   otherrods         0 demoResc           15 2024-08-05.21:39 & originalfile.txt.2301628653
    |         generic    /var/lib/irods/demoRescVault/trash/home/otherrods/2024-08-05Z21:39:35--irods-testing-ai84z0km/originalfile.txt.2301628653
    |   otherrods         0 demoResc           15 2024-08-05.21:39 & originalfile.txt.2376841731
    |         generic    /var/lib/irods/demoRescVault/trash/home/otherrods/2024-08-05Z21:39:35--irods-testing-ai84z0km/originalfile.txt.2376841731
    |   otherrods         0 demoResc           15 2024-08-05.21:39 & originalfile.txt.2673410062
    |         generic    /var/lib/irods/demoRescVault/trash/home/otherrods/2024-08-05Z21:39:35--irods-testing-ai84z0km/originalfile.txt.2673410062
    |   otherrods         0 demoResc           15 2024-08-05.21:39 & originalfile.txt.2991757545
    |         generic    /var/lib/irods/demoRescVault/trash/home/otherrods/2024-08-05Z21:39:35--irods-testing-ai84z0km/originalfile.txt.2991757545
    |   otherrods         0 demoResc           15 2024-08-05.21:39 & originalfile.txt.321328630
    |         generic    /var/lib/irods/demoRescVault/trash/home/otherrods/2024-08-05Z21:39:35--irods-testing-ai84z0km/originalfile.txt.321328630
    |   otherrods         0 demoResc           15 2024-08-05.21:39 & originalfile.txt.3216336069
    |         generic    /var/lib/irods/demoRescVault/trash/home/otherrods/2024-08-05Z21:39:35--irods-testing-ai84z0km/originalfile.txt.3216336069
    |   otherrods         0 demoResc           15 2024-08-05.21:39 & originalfile.txt.339993004
    |         generic    /var/lib/irods/demoRescVault/trash/home/otherrods/2024-08-05Z21:39:35--irods-testing-ai84z0km/originalfile.txt.339993004
    |   otherrods         0 demoResc           15 2024-08-05.21:40 & originalfile.txt.3426777755
    |         generic    /var/lib/irods/demoRescVault/trash/home/otherrods/2024-08-05Z21:39:35--irods-testing-ai84z0km/originalfile.txt.3426777755
    |   otherrods         0 demoResc           15 2024-08-05.21:40 & originalfile.txt.3451165281
    |         generic    /var/lib/irods/demoRescVault/trash/home/otherrods/2024-08-05Z21:39:35--irods-testing-ai84z0km/originalfile.txt.3451165281
    |   otherrods         0 demoResc           15 2024-08-05.21:39 & originalfile.txt.357009803
    |         generic    /var/lib/irods/demoRescVault/trash/home/otherrods/2024-08-05Z21:39:35--irods-testing-ai84z0km/originalfile.txt.357009803
    |   otherrods         0 demoResc           15 2024-08-05.21:39 & originalfile.txt.3718122923
    |         generic    /var/lib/irods/demoRescVault/trash/home/otherrods/2024-08-05Z21:39:35--irods-testing-ai84z0km/originalfile.txt.3718122923
    |   otherrods         0 demoResc           15 2024-08-05.21:40 & originalfile.txt.3822708382
    |         generic    /var/lib/irods/demoRescVault/trash/home/otherrods/2024-08-05Z21:39:35--irods-testing-ai84z0km/originalfile.txt.3822708382
    |   otherrods         0 demoResc           15 2024-08-05.21:39 & originalfile.txt.3942436689
    |         generic    /var/lib/irods/demoRescVault/trash/home/otherrods/2024-08-05Z21:39:35--irods-testing-ai84z0km/originalfile.txt.3942436689
    |   otherrods         0 demoResc           15 2024-08-05.21:39 & originalfile.txt.4004757586
    |         generic    /var/lib/irods/demoRescVault/trash/home/otherrods/2024-08-05Z21:39:35--irods-testing-ai84z0km/originalfile.txt.4004757586
    |   otherrods         0 demoResc           15 2024-08-05.21:40 & originalfile.txt.4016724255
    |         generic    /var/lib/irods/demoRescVault/trash/home/otherrods/2024-08-05Z21:39:35--irods-testing-ai84z0km/originalfile.txt.4016724255
    |   otherrods         0 demoResc           15 2024-08-05.21:39 & originalfile.txt.405658184
    |         generic    /var/lib/irods/demoRescVault/trash/home/otherrods/2024-08-05Z21:39:35--irods-testing-ai84z0km/originalfile.txt.405658184
    |   otherrods         0 demoResc           15 2024-08-05.21:39 & originalfile.txt.4257693603
    |         generic    /var/lib/irods/demoRescVault/trash/home/otherrods/2024-08-05Z21:39:35--irods-testing-ai84z0km/originalfile.txt.4257693603
    |   otherrods         0 demoResc           15 2024-08-05.21:39 & originalfile.txt.603492529
    |         generic    /var/lib/irods/demoRescVault/trash/home/otherrods/2024-08-05Z21:39:35--irods-testing-ai84z0km/originalfile.txt.603492529
    |   otherrods         0 demoResc           15 2024-08-05.21:40 & originalfile.txt.646325580
    |         generic    /var/lib/irods/demoRescVault/trash/home/otherrods/2024-08-05Z21:39:35--irods-testing-ai84z0km/originalfile.txt.646325580
    |   otherrods         0 demoResc           15 2024-08-05.21:40 & originalfile.txt.744718448
    |         generic    /var/lib/irods/demoRescVault/trash/home/otherrods/2024-08-05Z21:39:35--irods-testing-ai84z0km/originalfile.txt.744718448
    |   otherrods         0 demoResc           15 2024-08-05.21:39 & originalfile.txt.839369006
    |         generic    /var/lib/irods/demoRescVault/trash/home/otherrods/2024-08-05Z21:39:35--irods-testing-ai84z0km/originalfile.txt.839369006
    |   otherrods         0 demoResc           15 2024-08-05.21:39 & originalfile.txt.857359637
    |         generic    /var/lib/irods/demoRescVault/trash/home/otherrods/2024-08-05Z21:39:35--irods-testing-ai84z0km/originalfile.txt.857359637
    |   otherrods         0 demoResc           15 2024-08-05.21:39 & originalfile.txt.900936846
    |         generic    /var/lib/irods/demoRescVault/trash/home/otherrods/2024-08-05Z21:39:35--irods-testing-ai84z0km/originalfile.txt.900936846
  stderr:
    | 
Output found

 --- IrodsSession: icommand executed by [otherrods#tempZone] [iput originalfile.txt] --- 
Assert Command: iput originalfile.txt
Expecting EMPTY: ['']
  stdout:
    | 
  stderr:
    | 
Output found

 --- IrodsSession: icommand executed by [otherrods#tempZone] [irm originalfile.txt] --- 
Assert Command: irm originalfile.txt
Expecting EMPTY: ['']
  stdout:
    | 
  stderr:
    | 
Output found

 --- IrodsSession: icommand executed by [otherrods#tempZone] [ils -L /tempZone/trash/home/otherrods/2024-08-05Z21:39:35--irods-testing-ai84z0km] --- 
Assert Command: ils -L /tempZone/trash/home/otherrods/2024-08-05Z21:39:35--irods-testing-ai84z0km
Expecting STDOUT_SINGLELINE: ['originalfile.txt']
  stdout:
    | /tempZone/trash/home/otherrods/2024-08-05Z21:39:35--irods-testing-ai84z0km:
    |   otherrods         0 demoResc           15 2024-08-05.21:39 & originalfile.txt
    |         generic    /var/lib/irods/demoRescVault/trash/home/otherrods/2024-08-05Z21:39:35--irods-testing-ai84z0km/originalfile.txt
    |   otherrods         0 demoResc           15 2024-08-05.21:40 & originalfile.txt.1058181669
    |         generic    /var/lib/irods/demoRescVault/trash/home/otherrods/2024-08-05Z21:39:35--irods-testing-ai84z0km/originalfile.txt.1058181669
    |   otherrods         0 demoResc           15 2024-08-05.21:40 & originalfile.txt.1152935250
    |         generic    /var/lib/irods/demoRescVault/trash/home/otherrods/2024-08-05Z21:39:35--irods-testing-ai84z0km/originalfile.txt.1152935250
    |   otherrods         0 demoResc           15 2024-08-05.21:40 & originalfile.txt.1178984695
    |         generic    /var/lib/irods/demoRescVault/trash/home/otherrods/2024-08-05Z21:39:35--irods-testing-ai84z0km/originalfile.txt.1178984695
    |   otherrods         0 demoResc           15 2024-08-05.21:40 & originalfile.txt.1258049683
    |         generic    /var/lib/irods/demoRescVault/trash/home/otherrods/2024-08-05Z21:39:35--irods-testing-ai84z0km/originalfile.txt.1258049683
    |   otherrods         0 demoResc           15 2024-08-05.21:39 & originalfile.txt.1373657499
    |         generic    /var/lib/irods/demoRescVault/trash/home/otherrods/2024-08-05Z21:39:35--irods-testing-ai84z0km/originalfile.txt.1373657499
    |   otherrods         0 demoResc           15 2024-08-05.21:39 & originalfile.txt.1530221949
    |         generic    /var/lib/irods/demoRescVault/trash/home/otherrods/2024-08-05Z21:39:35--irods-testing-ai84z0km/originalfile.txt.1530221949
    |   otherrods         0 demoResc           15 2024-08-05.21:39 & originalfile.txt.1653914485
    |         generic    /var/lib/irods/demoRescVault/trash/home/otherrods/2024-08-05Z21:39:35--irods-testing-ai84z0km/originalfile.txt.1653914485
    |   otherrods         0 demoResc           15 2024-08-05.21:40 & originalfile.txt.1796296947
    |         generic    /var/lib/irods/demoRescVault/trash/home/otherrods/2024-08-05Z21:39:35--irods-testing-ai84z0km/originalfile.txt.1796296947
    |   otherrods         0 demoResc           15 2024-08-05.21:39 & originalfile.txt.1924925800
    |         generic    /var/lib/irods/demoRescVault/trash/home/otherrods/2024-08-05Z21:39:35--irods-testing-ai84z0km/originalfile.txt.1924925800
    |   otherrods         0 demoResc           15 2024-08-05.21:40 & originalfile.txt.19830613
    |         generic    /var/lib/irods/demoRescVault/trash/home/otherrods/2024-08-05Z21:39:35--irods-testing-ai84z0km/originalfile.txt.19830613
    |   otherrods         0 demoResc           15 2024-08-05.21:40 & originalfile.txt.2076523065
    |         generic    /var/lib/irods/demoRescVault/trash/home/otherrods/2024-08-05Z21:39:35--irods-testing-ai84z0km/originalfile.txt.2076523065
    |   otherrods         0 demoResc           15 2024-08-05.21:39 & originalfile.txt.2078437275
    |         generic    /var/lib/irods/demoRescVault/trash/home/otherrods/2024-08-05Z21:39:35--irods-testing-ai84z0km/originalfile.txt.2078437275
    |   otherrods         0 demoResc           15 2024-08-05.21:39 & originalfile.txt.2301628653
    |         generic    /var/lib/irods/demoRescVault/trash/home/otherrods/2024-08-05Z21:39:35--irods-testing-ai84z0km/originalfile.txt.2301628653
    |   otherrods         0 demoResc           15 2024-08-05.21:39 & originalfile.txt.2376841731
    |         generic    /var/lib/irods/demoRescVault/trash/home/otherrods/2024-08-05Z21:39:35--irods-testing-ai84z0km/originalfile.txt.2376841731
    |   otherrods         0 demoResc           15 2024-08-05.21:39 & originalfile.txt.2673410062
    |         generic    /var/lib/irods/demoRescVault/trash/home/otherrods/2024-08-05Z21:39:35--irods-testing-ai84z0km/originalfile.txt.2673410062
    |   otherrods         0 demoResc           15 2024-08-05.21:39 & originalfile.txt.2991757545
    |         generic    /var/lib/irods/demoRescVault/trash/home/otherrods/2024-08-05Z21:39:35--irods-testing-ai84z0km/originalfile.txt.2991757545
    |   otherrods         0 demoResc           15 2024-08-05.21:39 & originalfile.txt.321328630
    |         generic    /var/lib/irods/demoRescVault/trash/home/otherrods/2024-08-05Z21:39:35--irods-testing-ai84z0km/originalfile.txt.321328630
    |   otherrods         0 demoResc           15 2024-08-05.21:39 & originalfile.txt.3216336069
    |         generic    /var/lib/irods/demoRescVault/trash/home/otherrods/2024-08-05Z21:39:35--irods-testing-ai84z0km/originalfile.txt.3216336069
    |   otherrods         0 demoResc           15 2024-08-05.21:39 & originalfile.txt.339993004
    |         generic    /var/lib/irods/demoRescVault/trash/home/otherrods/2024-08-05Z21:39:35--irods-testing-ai84z0km/originalfile.txt.339993004
    |   otherrods         0 demoResc           15 2024-08-05.21:40 & originalfile.txt.3426777755
    |         generic    /var/lib/irods/demoRescVault/trash/home/otherrods/2024-08-05Z21:39:35--irods-testing-ai84z0km/originalfile.txt.3426777755
    |   otherrods         0 demoResc           15 2024-08-05.21:40 & originalfile.txt.3451165281
    |         generic    /var/lib/irods/demoRescVault/trash/home/otherrods/2024-08-05Z21:39:35--irods-testing-ai84z0km/originalfile.txt.3451165281
    |   otherrods         0 demoResc           15 2024-08-05.21:39 & originalfile.txt.357009803
    |         generic    /var/lib/irods/demoRescVault/trash/home/otherrods/2024-08-05Z21:39:35--irods-testing-ai84z0km/originalfile.txt.357009803
    |   otherrods         0 demoResc           15 2024-08-05.21:39 & originalfile.txt.3718122923
    |         generic    /var/lib/irods/demoRescVault/trash/home/otherrods/2024-08-05Z21:39:35--irods-testing-ai84z0km/originalfile.txt.3718122923
    |   otherrods         0 demoResc           15 2024-08-05.21:40 & originalfile.txt.3822708382
    |         generic    /var/lib/irods/demoRescVault/trash/home/otherrods/2024-08-05Z21:39:35--irods-testing-ai84z0km/originalfile.txt.3822708382
    |   otherrods         0 demoResc           15 2024-08-05.21:39 & originalfile.txt.3942436689
    |         generic    /var/lib/irods/demoRescVault/trash/home/otherrods/2024-08-05Z21:39:35--irods-testing-ai84z0km/originalfile.txt.3942436689
    |   otherrods         0 demoResc           15 2024-08-05.21:39 & originalfile.txt.4004757586
    |         generic    /var/lib/irods/demoRescVault/trash/home/otherrods/2024-08-05Z21:39:35--irods-testing-ai84z0km/originalfile.txt.4004757586
    |   otherrods         0 demoResc           15 2024-08-05.21:40 & originalfile.txt.4016724255
    |         generic    /var/lib/irods/demoRescVault/trash/home/otherrods/2024-08-05Z21:39:35--irods-testing-ai84z0km/originalfile.txt.4016724255
    |   otherrods         0 demoResc           15 2024-08-05.21:39 & originalfile.txt.405658184
    |         generic    /var/lib/irods/demoRescVault/trash/home/otherrods/2024-08-05Z21:39:35--irods-testing-ai84z0km/originalfile.txt.405658184
    |   otherrods         0 demoResc           15 2024-08-05.21:39 & originalfile.txt.4257693603
    |         generic    /var/lib/irods/demoRescVault/trash/home/otherrods/2024-08-05Z21:39:35--irods-testing-ai84z0km/originalfile.txt.4257693603
    |   otherrods         0 demoResc           15 2024-08-05.21:39 & originalfile.txt.603492529
    |         generic    /var/lib/irods/demoRescVault/trash/home/otherrods/2024-08-05Z21:39:35--irods-testing-ai84z0km/originalfile.txt.603492529
    |   otherrods         0 demoResc           15 2024-08-05.21:40 & originalfile.txt.646325580
    |         generic    /var/lib/irods/demoRescVault/trash/home/otherrods/2024-08-05Z21:39:35--irods-testing-ai84z0km/originalfile.txt.646325580
    |   otherrods         0 demoResc           15 2024-08-05.21:40 & originalfile.txt.744718448
    |         generic    /var/lib/irods/demoRescVault/trash/home/otherrods/2024-08-05Z21:39:35--irods-testing-ai84z0km/originalfile.txt.744718448
    |   otherrods         0 demoResc           15 2024-08-05.21:39 & originalfile.txt.839369006
    |         generic    /var/lib/irods/demoRescVault/trash/home/otherrods/2024-08-05Z21:39:35--irods-testing-ai84z0km/originalfile.txt.839369006
    |   otherrods         0 demoResc           15 2024-08-05.21:39 & originalfile.txt.857359637
    |         generic    /var/lib/irods/demoRescVault/trash/home/otherrods/2024-08-05Z21:39:35--irods-testing-ai84z0km/originalfile.txt.857359637
    |   otherrods         0 demoResc           15 2024-08-05.21:39 & originalfile.txt.900936846
    |         generic    /var/lib/irods/demoRescVault/trash/home/otherrods/2024-08-05Z21:39:35--irods-testing-ai84z0km/originalfile.txt.900936846
  stderr:
    | 
Output found

 --- IrodsSession: icommand executed by [otherrods#tempZone] [iput originalfile.txt] --- 
Assert Command: iput originalfile.txt
Expecting EMPTY: ['']
  stdout:
    | 
  stderr:
    | 
Output found

 --- IrodsSession: icommand executed by [otherrods#tempZone] [irm originalfile.txt] --- 
Assert Command: irm originalfile.txt
Expecting EMPTY: ['']
  stdout:
    | 
  stderr:
    | 
Output found

 --- IrodsSession: icommand executed by [otherrods#tempZone] [ils -L /tempZone/trash/home/otherrods/2024-08-05Z21:39:35--irods-testing-ai84z0km] --- 
Assert Command: ils -L /tempZone/trash/home/otherrods/2024-08-05Z21:39:35--irods-testing-ai84z0km
Expecting STDOUT_SINGLELINE: ['originalfile.txt']
  stdout:
    | /tempZone/trash/home/otherrods/2024-08-05Z21:39:35--irods-testing-ai84z0km:
    |   otherrods         0 demoResc           15 2024-08-05.21:39 & originalfile.txt
    |         generic    /var/lib/irods/demoRescVault/trash/home/otherrods/2024-08-05Z21:39:35--irods-testing-ai84z0km/originalfile.txt
    |   otherrods         0 demoResc           15 2024-08-05.21:40 & originalfile.txt.1058181669
    |         generic    /var/lib/irods/demoRescVault/trash/home/otherrods/2024-08-05Z21:39:35--irods-testing-ai84z0km/originalfile.txt.1058181669
    |   otherrods         0 demoResc           15 2024-08-05.21:40 & originalfile.txt.1152935250
    |         generic    /var/lib/irods/demoRescVault/trash/home/otherrods/2024-08-05Z21:39:35--irods-testing-ai84z0km/originalfile.txt.1152935250
    |   otherrods         0 demoResc           15 2024-08-05.21:40 & originalfile.txt.1178984695
    |         generic    /var/lib/irods/demoRescVault/trash/home/otherrods/2024-08-05Z21:39:35--irods-testing-ai84z0km/originalfile.txt.1178984695
    |   otherrods         0 demoResc           15 2024-08-05.21:40 & originalfile.txt.1258049683
    |         generic    /var/lib/irods/demoRescVault/trash/home/otherrods/2024-08-05Z21:39:35--irods-testing-ai84z0km/originalfile.txt.1258049683
    |   otherrods         0 demoResc           15 2024-08-05.21:39 & originalfile.txt.1373657499
    |         generic    /var/lib/irods/demoRescVault/trash/home/otherrods/2024-08-05Z21:39:35--irods-testing-ai84z0km/originalfile.txt.1373657499
    |   otherrods         0 demoResc           15 2024-08-05.21:39 & originalfile.txt.1530221949
    |         generic    /var/lib/irods/demoRescVault/trash/home/otherrods/2024-08-05Z21:39:35--irods-testing-ai84z0km/originalfile.txt.1530221949
    |   otherrods         0 demoResc           15 2024-08-05.21:39 & originalfile.txt.1653914485
    |         generic    /var/lib/irods/demoRescVault/trash/home/otherrods/2024-08-05Z21:39:35--irods-testing-ai84z0km/originalfile.txt.1653914485
    |   otherrods         0 demoResc           15 2024-08-05.21:40 & originalfile.txt.1796296947
    |         generic    /var/lib/irods/demoRescVault/trash/home/otherrods/2024-08-05Z21:39:35--irods-testing-ai84z0km/originalfile.txt.1796296947
    |   otherrods         0 demoResc           15 2024-08-05.21:39 & originalfile.txt.1924925800
    |         generic    /var/lib/irods/demoRescVault/trash/home/otherrods/2024-08-05Z21:39:35--irods-testing-ai84z0km/originalfile.txt.1924925800
    |   otherrods         0 demoResc           15 2024-08-05.21:40 & originalfile.txt.19830613
    |         generic    /var/lib/irods/demoRescVault/trash/home/otherrods/2024-08-05Z21:39:35--irods-testing-ai84z0km/originalfile.txt.19830613
    |   otherrods         0 demoResc           15 2024-08-05.21:40 & originalfile.txt.2076523065
    |         generic    /var/lib/irods/demoRescVault/trash/home/otherrods/2024-08-05Z21:39:35--irods-testing-ai84z0km/originalfile.txt.2076523065
    |   otherrods         0 demoResc           15 2024-08-05.21:39 & originalfile.txt.2078437275
    |         generic    /var/lib/irods/demoRescVault/trash/home/otherrods/2024-08-05Z21:39:35--irods-testing-ai84z0km/originalfile.txt.2078437275
    |   otherrods         0 demoResc           15 2024-08-05.21:39 & originalfile.txt.2301628653
    |         generic    /var/lib/irods/demoRescVault/trash/home/otherrods/2024-08-05Z21:39:35--irods-testing-ai84z0km/originalfile.txt.2301628653
    |   otherrods         0 demoResc           15 2024-08-05.21:39 & originalfile.txt.2376841731
    |         generic    /var/lib/irods/demoRescVault/trash/home/otherrods/2024-08-05Z21:39:35--irods-testing-ai84z0km/originalfile.txt.2376841731
    |   otherrods         0 demoResc           15 2024-08-05.21:39 & originalfile.txt.2673410062
    |         generic    /var/lib/irods/demoRescVault/trash/home/otherrods/2024-08-05Z21:39:35--irods-testing-ai84z0km/originalfile.txt.2673410062
    |   otherrods         0 demoResc           15 2024-08-05.21:39 & originalfile.txt.2991757545
    |         generic    /var/lib/irods/demoRescVault/trash/home/otherrods/2024-08-05Z21:39:35--irods-testing-ai84z0km/originalfile.txt.2991757545
    |   otherrods         0 demoResc           15 2024-08-05.21:39 & originalfile.txt.321328630
    |         generic    /var/lib/irods/demoRescVault/trash/home/otherrods/2024-08-05Z21:39:35--irods-testing-ai84z0km/originalfile.txt.321328630
    |   otherrods         0 demoResc           15 2024-08-05.21:39 & originalfile.txt.3216336069
    |         generic    /var/lib/irods/demoRescVault/trash/home/otherrods/2024-08-05Z21:39:35--irods-testing-ai84z0km/originalfile.txt.3216336069
    |   otherrods         0 demoResc           15 2024-08-05.21:40 & originalfile.txt.334789446
    |         generic    /var/lib/irods/demoRescVault/trash/home/otherrods/2024-08-05Z21:39:35--irods-testing-ai84z0km/originalfile.txt.334789446
    |   otherrods         0 demoResc           15 2024-08-05.21:39 & originalfile.txt.339993004
    |         generic    /var/lib/irods/demoRescVault/trash/home/otherrods/2024-08-05Z21:39:35--irods-testing-ai84z0km/originalfile.txt.339993004
    |   otherrods         0 demoResc           15 2024-08-05.21:40 & originalfile.txt.3426777755
    |         generic    /var/lib/irods/demoRescVault/trash/home/otherrods/2024-08-05Z21:39:35--irods-testing-ai84z0km/originalfile.txt.3426777755
    |   otherrods         0 demoResc           15 2024-08-05.21:40 & originalfile.txt.3451165281
    |         generic    /var/lib/irods/demoRescVault/trash/home/otherrods/2024-08-05Z21:39:35--irods-testing-ai84z0km/originalfile.txt.3451165281
    |   otherrods         0 demoResc           15 2024-08-05.21:39 & originalfile.txt.357009803
    |         generic    /var/lib/irods/demoRescVault/trash/home/otherrods/2024-08-05Z21:39:35--irods-testing-ai84z0km/originalfile.txt.357009803
    |   otherrods         0 demoResc           15 2024-08-05.21:39 & originalfile.txt.3718122923
    |         generic    /var/lib/irods/demoRescVault/trash/home/otherrods/2024-08-05Z21:39:35--irods-testing-ai84z0km/originalfile.txt.3718122923
    |   otherrods         0 demoResc           15 2024-08-05.21:40 & originalfile.txt.3822708382
    |         generic    /var/lib/irods/demoRescVault/trash/home/otherrods/2024-08-05Z21:39:35--irods-testing-ai84z0km/originalfile.txt.3822708382
    |   otherrods         0 demoResc           15 2024-08-05.21:39 & originalfile.txt.3942436689
    |         generic    /var/lib/irods/demoRescVault/trash/home/otherrods/2024-08-05Z21:39:35--irods-testing-ai84z0km/originalfile.txt.3942436689
    |   otherrods         0 demoResc           15 2024-08-05.21:39 & originalfile.txt.4004757586
    |         generic    /var/lib/irods/demoRescVault/trash/home/otherrods/2024-08-05Z21:39:35--irods-testing-ai84z0km/originalfile.txt.4004757586
    |   otherrods         0 demoResc           15 2024-08-05.21:40 & originalfile.txt.4016724255
    |         generic    /var/lib/irods/demoRescVault/trash/home/otherrods/2024-08-05Z21:39:35--irods-testing-ai84z0km/originalfile.txt.4016724255
    |   otherrods         0 demoResc           15 2024-08-05.21:39 & originalfile.txt.405658184
    |         generic    /var/lib/irods/demoRescVault/trash/home/otherrods/2024-08-05Z21:39:35--irods-testing-ai84z0km/originalfile.txt.405658184
    |   otherrods         0 demoResc           15 2024-08-05.21:39 & originalfile.txt.4257693603
    |         generic    /var/lib/irods/demoRescVault/trash/home/otherrods/2024-08-05Z21:39:35--irods-testing-ai84z0km/originalfile.txt.4257693603
    |   otherrods         0 demoResc           15 2024-08-05.21:39 & originalfile.txt.603492529
    |         generic    /var/lib/irods/demoRescVault/trash/home/otherrods/2024-08-05Z21:39:35--irods-testing-ai84z0km/originalfile.txt.603492529
    |   otherrods         0 demoResc           15 2024-08-05.21:40 & originalfile.txt.646325580
    |         generic    /var/lib/irods/demoRescVault/trash/home/otherrods/2024-08-05Z21:39:35--irods-testing-ai84z0km/originalfile.txt.646325580
    |   otherrods         0 demoResc           15 2024-08-05.21:40 & originalfile.txt.744718448
    |         generic    /var/lib/irods/demoRescVault/trash/home/otherrods/2024-08-05Z21:39:35--irods-testing-ai84z0km/originalfile.txt.744718448
    |   otherrods         0 demoResc           15 2024-08-05.21:39 & originalfile.txt.839369006
    |         generic    /var/lib/irods/demoRescVault/trash/home/otherrods/2024-08-05Z21:39:35--irods-testing-ai84z0km/originalfile.txt.839369006
    |   otherrods         0 demoResc           15 2024-08-05.21:39 & originalfile.txt.857359637
    |         generic    /var/lib/irods/demoRescVault/trash/home/otherrods/2024-08-05Z21:39:35--irods-testing-ai84z0km/originalfile.txt.857359637
    |   otherrods         0 demoResc           15 2024-08-05.21:39 & originalfile.txt.900936846
    |         generic    /var/lib/irods/demoRescVault/trash/home/otherrods/2024-08-05Z21:39:35--irods-testing-ai84z0km/originalfile.txt.900936846
  stderr:
    | 
Output found

 --- IrodsSession: icommand executed by [otherrods#tempZone] [iput originalfile.txt] --- 
Assert Command: iput originalfile.txt
Expecting EMPTY: ['']
  stdout:
    | 
  stderr:
    | 
Output found

 --- IrodsSession: icommand executed by [otherrods#tempZone] [irm originalfile.txt] --- 
Assert Command: irm originalfile.txt
Expecting EMPTY: ['']
  stdout:
    | 
  stderr:
    | 
Output found

 --- IrodsSession: icommand executed by [otherrods#tempZone] [ils -L /tempZone/trash/home/otherrods/2024-08-05Z21:39:35--irods-testing-ai84z0km] --- 
Assert Command: ils -L /tempZone/trash/home/otherrods/2024-08-05Z21:39:35--irods-testing-ai84z0km
Expecting STDOUT_SINGLELINE: ['originalfile.txt']
  stdout:
    | /tempZone/trash/home/otherrods/2024-08-05Z21:39:35--irods-testing-ai84z0km:
    |   otherrods         0 demoResc           15 2024-08-05.21:39 & originalfile.txt
    |         generic    /var/lib/irods/demoRescVault/trash/home/otherrods/2024-08-05Z21:39:35--irods-testing-ai84z0km/originalfile.txt
    |   otherrods         0 demoResc           15 2024-08-05.21:40 & originalfile.txt.1058181669
    |         generic    /var/lib/irods/demoRescVault/trash/home/otherrods/2024-08-05Z21:39:35--irods-testing-ai84z0km/originalfile.txt.1058181669
    |   otherrods         0 demoResc           15 2024-08-05.21:40 & originalfile.txt.1152935250
    |         generic    /var/lib/irods/demoRescVault/trash/home/otherrods/2024-08-05Z21:39:35--irods-testing-ai84z0km/originalfile.txt.1152935250
    |   otherrods         0 demoResc           15 2024-08-05.21:40 & originalfile.txt.1178984695
    |         generic    /var/lib/irods/demoRescVault/trash/home/otherrods/2024-08-05Z21:39:35--irods-testing-ai84z0km/originalfile.txt.1178984695
    |   otherrods         0 demoResc           15 2024-08-05.21:40 & originalfile.txt.1258049683
    |         generic    /var/lib/irods/demoRescVault/trash/home/otherrods/2024-08-05Z21:39:35--irods-testing-ai84z0km/originalfile.txt.1258049683
    |   otherrods         0 demoResc           15 2024-08-05.21:39 & originalfile.txt.1373657499
    |         generic    /var/lib/irods/demoRescVault/trash/home/otherrods/2024-08-05Z21:39:35--irods-testing-ai84z0km/originalfile.txt.1373657499
    |   otherrods         0 demoResc           15 2024-08-05.21:39 & originalfile.txt.1530221949
    |         generic    /var/lib/irods/demoRescVault/trash/home/otherrods/2024-08-05Z21:39:35--irods-testing-ai84z0km/originalfile.txt.1530221949
    |   otherrods         0 demoResc           15 2024-08-05.21:40 & originalfile.txt.1553394122
    |         generic    /var/lib/irods/demoRescVault/trash/home/otherrods/2024-08-05Z21:39:35--irods-testing-ai84z0km/originalfile.txt.1553394122
    |   otherrods         0 demoResc           15 2024-08-05.21:39 & originalfile.txt.1653914485
    |         generic    /var/lib/irods/demoRescVault/trash/home/otherrods/2024-08-05Z21:39:35--irods-testing-ai84z0km/originalfile.txt.1653914485
    |   otherrods         0 demoResc           15 2024-08-05.21:40 & originalfile.txt.1796296947
    |         generic    /var/lib/irods/demoRescVault/trash/home/otherrods/2024-08-05Z21:39:35--irods-testing-ai84z0km/originalfile.txt.1796296947
    |   otherrods         0 demoResc           15 2024-08-05.21:39 & originalfile.txt.1924925800
    |         generic    /var/lib/irods/demoRescVault/trash/home/otherrods/2024-08-05Z21:39:35--irods-testing-ai84z0km/originalfile.txt.1924925800
    |   otherrods         0 demoResc           15 2024-08-05.21:40 & originalfile.txt.19830613
    |         generic    /var/lib/irods/demoRescVault/trash/home/otherrods/2024-08-05Z21:39:35--irods-testing-ai84z0km/originalfile.txt.19830613
    |   otherrods         0 demoResc           15 2024-08-05.21:40 & originalfile.txt.2076523065
    |         generic    /var/lib/irods/demoRescVault/trash/home/otherrods/2024-08-05Z21:39:35--irods-testing-ai84z0km/originalfile.txt.2076523065
    |   otherrods         0 demoResc           15 2024-08-05.21:39 & originalfile.txt.2078437275
    |         generic    /var/lib/irods/demoRescVault/trash/home/otherrods/2024-08-05Z21:39:35--irods-testing-ai84z0km/originalfile.txt.2078437275
    |   otherrods         0 demoResc           15 2024-08-05.21:39 & originalfile.txt.2301628653
    |         generic    /var/lib/irods/demoRescVault/trash/home/otherrods/2024-08-05Z21:39:35--irods-testing-ai84z0km/originalfile.txt.2301628653
    |   otherrods         0 demoResc           15 2024-08-05.21:39 & originalfile.txt.2376841731
    |         generic    /var/lib/irods/demoRescVault/trash/home/otherrods/2024-08-05Z21:39:35--irods-testing-ai84z0km/originalfile.txt.2376841731
    |   otherrods         0 demoResc           15 2024-08-05.21:39 & originalfile.txt.2673410062
    |         generic    /var/lib/irods/demoRescVault/trash/home/otherrods/2024-08-05Z21:39:35--irods-testing-ai84z0km/originalfile.txt.2673410062
    |   otherrods         0 demoResc           15 2024-08-05.21:39 & originalfile.txt.2991757545
    |         generic    /var/lib/irods/demoRescVault/trash/home/otherrods/2024-08-05Z21:39:35--irods-testing-ai84z0km/originalfile.txt.2991757545
    |   otherrods         0 demoResc           15 2024-08-05.21:39 & originalfile.txt.321328630
    |         generic    /var/lib/irods/demoRescVault/trash/home/otherrods/2024-08-05Z21:39:35--irods-testing-ai84z0km/originalfile.txt.321328630
    |   otherrods         0 demoResc           15 2024-08-05.21:39 & originalfile.txt.3216336069
    |         generic    /var/lib/irods/demoRescVault/trash/home/otherrods/2024-08-05Z21:39:35--irods-testing-ai84z0km/originalfile.txt.3216336069
    |   otherrods         0 demoResc           15 2024-08-05.21:40 & originalfile.txt.334789446
    |         generic    /var/lib/irods/demoRescVault/trash/home/otherrods/2024-08-05Z21:39:35--irods-testing-ai84z0km/originalfile.txt.334789446
    |   otherrods         0 demoResc           15 2024-08-05.21:39 & originalfile.txt.339993004
    |         generic    /var/lib/irods/demoRescVault/trash/home/otherrods/2024-08-05Z21:39:35--irods-testing-ai84z0km/originalfile.txt.339993004
    |   otherrods         0 demoResc           15 2024-08-05.21:40 & originalfile.txt.3426777755
    |         generic    /var/lib/irods/demoRescVault/trash/home/otherrods/2024-08-05Z21:39:35--irods-testing-ai84z0km/originalfile.txt.3426777755
    |   otherrods         0 demoResc           15 2024-08-05.21:40 & originalfile.txt.3451165281
    |         generic    /var/lib/irods/demoRescVault/trash/home/otherrods/2024-08-05Z21:39:35--irods-testing-ai84z0km/originalfile.txt.3451165281
    |   otherrods         0 demoResc           15 2024-08-05.21:39 & originalfile.txt.357009803
    |         generic    /var/lib/irods/demoRescVault/trash/home/otherrods/2024-08-05Z21:39:35--irods-testing-ai84z0km/originalfile.txt.357009803
    |   otherrods         0 demoResc           15 2024-08-05.21:39 & originalfile.txt.3718122923
    |         generic    /var/lib/irods/demoRescVault/trash/home/otherrods/2024-08-05Z21:39:35--irods-testing-ai84z0km/originalfile.txt.3718122923
    |   otherrods         0 demoResc           15 2024-08-05.21:40 & originalfile.txt.3822708382
    |         generic    /var/lib/irods/demoRescVault/trash/home/otherrods/2024-08-05Z21:39:35--irods-testing-ai84z0km/originalfile.txt.3822708382
    |   otherrods         0 demoResc           15 2024-08-05.21:39 & originalfile.txt.3942436689
    |         generic    /var/lib/irods/demoRescVault/trash/home/otherrods/2024-08-05Z21:39:35--irods-testing-ai84z0km/originalfile.txt.3942436689
    |   otherrods         0 demoResc           15 2024-08-05.21:39 & originalfile.txt.4004757586
    |         generic    /var/lib/irods/demoRescVault/trash/home/otherrods/2024-08-05Z21:39:35--irods-testing-ai84z0km/originalfile.txt.4004757586
    |   otherrods         0 demoResc           15 2024-08-05.21:40 & originalfile.txt.4016724255
    |         generic    /var/lib/irods/demoRescVault/trash/home/otherrods/2024-08-05Z21:39:35--irods-testing-ai84z0km/originalfile.txt.4016724255
    |   otherrods         0 demoResc           15 2024-08-05.21:39 & originalfile.txt.405658184
    |         generic    /var/lib/irods/demoRescVault/trash/home/otherrods/2024-08-05Z21:39:35--irods-testing-ai84z0km/originalfile.txt.405658184
    |   otherrods         0 demoResc           15 2024-08-05.21:39 & originalfile.txt.4257693603
    |         generic    /var/lib/irods/demoRescVault/trash/home/otherrods/2024-08-05Z21:39:35--irods-testing-ai84z0km/originalfile.txt.4257693603
    |   otherrods         0 demoResc           15 2024-08-05.21:39 & originalfile.txt.603492529
    |         generic    /var/lib/irods/demoRescVault/trash/home/otherrods/2024-08-05Z21:39:35--irods-testing-ai84z0km/originalfile.txt.603492529
    |   otherrods         0 demoResc           15 2024-08-05.21:40 & originalfile.txt.646325580
    |         generic    /var/lib/irods/demoRescVault/trash/home/otherrods/2024-08-05Z21:39:35--irods-testing-ai84z0km/originalfile.txt.646325580
    |   otherrods         0 demoResc           15 2024-08-05.21:40 & originalfile.txt.744718448
    |         generic    /var/lib/irods/demoRescVault/trash/home/otherrods/2024-08-05Z21:39:35--irods-testing-ai84z0km/originalfile.txt.744718448
    |   otherrods         0 demoResc           15 2024-08-05.21:39 & originalfile.txt.839369006
    |         generic    /var/lib/irods/demoRescVault/trash/home/otherrods/2024-08-05Z21:39:35--irods-testing-ai84z0km/originalfile.txt.839369006
    |   otherrods         0 demoResc           15 2024-08-05.21:39 & originalfile.txt.857359637
    |         generic    /var/lib/irods/demoRescVault/trash/home/otherrods/2024-08-05Z21:39:35--irods-testing-ai84z0km/originalfile.txt.857359637
    |   otherrods         0 demoResc           15 2024-08-05.21:39 & originalfile.txt.900936846
    |         generic    /var/lib/irods/demoRescVault/trash/home/otherrods/2024-08-05Z21:39:35--irods-testing-ai84z0km/originalfile.txt.900936846
  stderr:
    | 
Output found

 --- IrodsSession: icommand executed by [otherrods#tempZone] [iput originalfile.txt] --- 
Assert Command: iput originalfile.txt
Expecting EMPTY: ['']
  stdout:
    | 
  stderr:
    | 
Output found

 --- IrodsSession: icommand executed by [otherrods#tempZone] [irm originalfile.txt] --- 
Assert Command: irm originalfile.txt
Expecting EMPTY: ['']
  stdout:
    | 
  stderr:
    | 
Output found

 --- IrodsSession: icommand executed by [otherrods#tempZone] [ils -L /tempZone/trash/home/otherrods/2024-08-05Z21:39:35--irods-testing-ai84z0km] --- 
Assert Command: ils -L /tempZone/trash/home/otherrods/2024-08-05Z21:39:35--irods-testing-ai84z0km
Expecting STDOUT_SINGLELINE: ['originalfile.txt']
  stdout:
    | /tempZone/trash/home/otherrods/2024-08-05Z21:39:35--irods-testing-ai84z0km:
    |   otherrods         0 demoResc           15 2024-08-05.21:39 & originalfile.txt
    |         generic    /var/lib/irods/demoRescVault/trash/home/otherrods/2024-08-05Z21:39:35--irods-testing-ai84z0km/originalfile.txt
    |   otherrods         0 demoResc           15 2024-08-05.21:40 & originalfile.txt.1058181669
    |         generic    /var/lib/irods/demoRescVault/trash/home/otherrods/2024-08-05Z21:39:35--irods-testing-ai84z0km/originalfile.txt.1058181669
    |   otherrods         0 demoResc           15 2024-08-05.21:40 & originalfile.txt.1152935250
    |         generic    /var/lib/irods/demoRescVault/trash/home/otherrods/2024-08-05Z21:39:35--irods-testing-ai84z0km/originalfile.txt.1152935250
    |   otherrods         0 demoResc           15 2024-08-05.21:40 & originalfile.txt.1178984695
    |         generic    /var/lib/irods/demoRescVault/trash/home/otherrods/2024-08-05Z21:39:35--irods-testing-ai84z0km/originalfile.txt.1178984695
    |   otherrods         0 demoResc           15 2024-08-05.21:40 & originalfile.txt.1258049683
    |         generic    /var/lib/irods/demoRescVault/trash/home/otherrods/2024-08-05Z21:39:35--irods-testing-ai84z0km/originalfile.txt.1258049683
    |   otherrods         0 demoResc           15 2024-08-05.21:39 & originalfile.txt.1373657499
    |         generic    /var/lib/irods/demoRescVault/trash/home/otherrods/2024-08-05Z21:39:35--irods-testing-ai84z0km/originalfile.txt.1373657499
    |   otherrods         0 demoResc           15 2024-08-05.21:39 & originalfile.txt.1530221949
    |         generic    /var/lib/irods/demoRescVault/trash/home/otherrods/2024-08-05Z21:39:35--irods-testing-ai84z0km/originalfile.txt.1530221949
    |   otherrods         0 demoResc           15 2024-08-05.21:40 & originalfile.txt.1553394122
    |         generic    /var/lib/irods/demoRescVault/trash/home/otherrods/2024-08-05Z21:39:35--irods-testing-ai84z0km/originalfile.txt.1553394122
    |   otherrods         0 demoResc           15 2024-08-05.21:39 & originalfile.txt.1653914485
    |         generic    /var/lib/irods/demoRescVault/trash/home/otherrods/2024-08-05Z21:39:35--irods-testing-ai84z0km/originalfile.txt.1653914485
    |   otherrods         0 demoResc           15 2024-08-05.21:40 & originalfile.txt.1796296947
    |         generic    /var/lib/irods/demoRescVault/trash/home/otherrods/2024-08-05Z21:39:35--irods-testing-ai84z0km/originalfile.txt.1796296947
    |   otherrods         0 demoResc           15 2024-08-05.21:39 & originalfile.txt.1924925800
    |         generic    /var/lib/irods/demoRescVault/trash/home/otherrods/2024-08-05Z21:39:35--irods-testing-ai84z0km/originalfile.txt.1924925800
    |   otherrods         0 demoResc           15 2024-08-05.21:40 & originalfile.txt.19830613
    |         generic    /var/lib/irods/demoRescVault/trash/home/otherrods/2024-08-05Z21:39:35--irods-testing-ai84z0km/originalfile.txt.19830613
    |   otherrods         0 demoResc           15 2024-08-05.21:40 & originalfile.txt.2076523065
    |         generic    /var/lib/irods/demoRescVault/trash/home/otherrods/2024-08-05Z21:39:35--irods-testing-ai84z0km/originalfile.txt.2076523065
    |   otherrods         0 demoResc           15 2024-08-05.21:39 & originalfile.txt.2078437275
    |         generic    /var/lib/irods/demoRescVault/trash/home/otherrods/2024-08-05Z21:39:35--irods-testing-ai84z0km/originalfile.txt.2078437275
    |   otherrods         0 demoResc           15 2024-08-05.21:39 & originalfile.txt.2301628653
    |         generic    /var/lib/irods/demoRescVault/trash/home/otherrods/2024-08-05Z21:39:35--irods-testing-ai84z0km/originalfile.txt.2301628653
    |   otherrods         0 demoResc           15 2024-08-05.21:39 & originalfile.txt.2376841731
    |         generic    /var/lib/irods/demoRescVault/trash/home/otherrods/2024-08-05Z21:39:35--irods-testing-ai84z0km/originalfile.txt.2376841731
    |   otherrods         0 demoResc           15 2024-08-05.21:39 & originalfile.txt.2673410062
    |         generic    /var/lib/irods/demoRescVault/trash/home/otherrods/2024-08-05Z21:39:35--irods-testing-ai84z0km/originalfile.txt.2673410062
    |   otherrods         0 demoResc           15 2024-08-05.21:40 & originalfile.txt.2794986958
    |         generic    /var/lib/irods/demoRescVault/trash/home/otherrods/2024-08-05Z21:39:35--irods-testing-ai84z0km/originalfile.txt.2794986958
    |   otherrods         0 demoResc           15 2024-08-05.21:39 & originalfile.txt.2991757545
    |         generic    /var/lib/irods/demoRescVault/trash/home/otherrods/2024-08-05Z21:39:35--irods-testing-ai84z0km/originalfile.txt.2991757545
    |   otherrods         0 demoResc           15 2024-08-05.21:39 & originalfile.txt.321328630
    |         generic    /var/lib/irods/demoRescVault/trash/home/otherrods/2024-08-05Z21:39:35--irods-testing-ai84z0km/originalfile.txt.321328630
    |   otherrods         0 demoResc           15 2024-08-05.21:39 & originalfile.txt.3216336069
    |         generic    /var/lib/irods/demoRescVault/trash/home/otherrods/2024-08-05Z21:39:35--irods-testing-ai84z0km/originalfile.txt.3216336069
    |   otherrods         0 demoResc           15 2024-08-05.21:40 & originalfile.txt.334789446
    |         generic    /var/lib/irods/demoRescVault/trash/home/otherrods/2024-08-05Z21:39:35--irods-testing-ai84z0km/originalfile.txt.334789446
    |   otherrods         0 demoResc           15 2024-08-05.21:39 & originalfile.txt.339993004
    |         generic    /var/lib/irods/demoRescVault/trash/home/otherrods/2024-08-05Z21:39:35--irods-testing-ai84z0km/originalfile.txt.339993004
    |   otherrods         0 demoResc           15 2024-08-05.21:40 & originalfile.txt.3426777755
    |         generic    /var/lib/irods/demoRescVault/trash/home/otherrods/2024-08-05Z21:39:35--irods-testing-ai84z0km/originalfile.txt.3426777755
    |   otherrods         0 demoResc           15 2024-08-05.21:40 & originalfile.txt.3451165281
    |         generic    /var/lib/irods/demoRescVault/trash/home/otherrods/2024-08-05Z21:39:35--irods-testing-ai84z0km/originalfile.txt.3451165281
    |   otherrods         0 demoResc           15 2024-08-05.21:39 & originalfile.txt.357009803
    |         generic    /var/lib/irods/demoRescVault/trash/home/otherrods/2024-08-05Z21:39:35--irods-testing-ai84z0km/originalfile.txt.357009803
    |   otherrods         0 demoResc           15 2024-08-05.21:39 & originalfile.txt.3718122923
    |         generic    /var/lib/irods/demoRescVault/trash/home/otherrods/2024-08-05Z21:39:35--irods-testing-ai84z0km/originalfile.txt.3718122923
    |   otherrods         0 demoResc           15 2024-08-05.21:40 & originalfile.txt.3822708382
    |         generic    /var/lib/irods/demoRescVault/trash/home/otherrods/2024-08-05Z21:39:35--irods-testing-ai84z0km/originalfile.txt.3822708382
    |   otherrods         0 demoResc           15 2024-08-05.21:39 & originalfile.txt.3942436689
    |         generic    /var/lib/irods/demoRescVault/trash/home/otherrods/2024-08-05Z21:39:35--irods-testing-ai84z0km/originalfile.txt.3942436689
    |   otherrods         0 demoResc           15 2024-08-05.21:39 & originalfile.txt.4004757586
    |         generic    /var/lib/irods/demoRescVault/trash/home/otherrods/2024-08-05Z21:39:35--irods-testing-ai84z0km/originalfile.txt.4004757586
    |   otherrods         0 demoResc           15 2024-08-05.21:40 & originalfile.txt.4016724255
    |         generic    /var/lib/irods/demoRescVault/trash/home/otherrods/2024-08-05Z21:39:35--irods-testing-ai84z0km/originalfile.txt.4016724255
    |   otherrods         0 demoResc           15 2024-08-05.21:39 & originalfile.txt.405658184
    |         generic    /var/lib/irods/demoRescVault/trash/home/otherrods/2024-08-05Z21:39:35--irods-testing-ai84z0km/originalfile.txt.405658184
    |   otherrods         0 demoResc           15 2024-08-05.21:39 & originalfile.txt.4257693603
    |         generic    /var/lib/irods/demoRescVault/trash/home/otherrods/2024-08-05Z21:39:35--irods-testing-ai84z0km/originalfile.txt.4257693603
    |   otherrods         0 demoResc           15 2024-08-05.21:39 & originalfile.txt.603492529
    |         generic    /var/lib/irods/demoRescVault/trash/home/otherrods/2024-08-05Z21:39:35--irods-testing-ai84z0km/originalfile.txt.603492529
    |   otherrods         0 demoResc           15 2024-08-05.21:40 & originalfile.txt.646325580
    |         generic    /var/lib/irods/demoRescVault/trash/home/otherrods/2024-08-05Z21:39:35--irods-testing-ai84z0km/originalfile.txt.646325580
    |   otherrods         0 demoResc           15 2024-08-05.21:40 & originalfile.txt.744718448
    |         generic    /var/lib/irods/demoRescVault/trash/home/otherrods/2024-08-05Z21:39:35--irods-testing-ai84z0km/originalfile.txt.744718448
    |   otherrods         0 demoResc           15 2024-08-05.21:39 & originalfile.txt.839369006
    |         generic    /var/lib/irods/demoRescVault/trash/home/otherrods/2024-08-05Z21:39:35--irods-testing-ai84z0km/originalfile.txt.839369006
    |   otherrods         0 demoResc           15 2024-08-05.21:39 & originalfile.txt.857359637
    |         generic    /var/lib/irods/demoRescVault/trash/home/otherrods/2024-08-05Z21:39:35--irods-testing-ai84z0km/originalfile.txt.857359637
    |   otherrods         0 demoResc           15 2024-08-05.21:39 & originalfile.txt.900936846
    |         generic    /var/lib/irods/demoRescVault/trash/home/otherrods/2024-08-05Z21:39:35--irods-testing-ai84z0km/originalfile.txt.900936846
  stderr:
    | 
Output found

 --- IrodsSession: icommand executed by [otherrods#tempZone] [iput originalfile.txt] --- 
Assert Command: iput originalfile.txt
Expecting EMPTY: ['']
  stdout:
    | 
  stderr:
    | 
Output found

 --- IrodsSession: icommand executed by [otherrods#tempZone] [irm originalfile.txt] --- 
Assert Command: irm originalfile.txt
Expecting EMPTY: ['']
  stdout:
    | 
  stderr:
    | 
Output found

 --- IrodsSession: icommand executed by [otherrods#tempZone] [ils -L /tempZone/trash/home/otherrods/2024-08-05Z21:39:35--irods-testing-ai84z0km] --- 
Assert Command: ils -L /tempZone/trash/home/otherrods/2024-08-05Z21:39:35--irods-testing-ai84z0km
Expecting STDOUT_SINGLELINE: ['originalfile.txt']
  stdout:
    | /tempZone/trash/home/otherrods/2024-08-05Z21:39:35--irods-testing-ai84z0km:
    |   otherrods         0 demoResc           15 2024-08-05.21:39 & originalfile.txt
    |         generic    /var/lib/irods/demoRescVault/trash/home/otherrods/2024-08-05Z21:39:35--irods-testing-ai84z0km/originalfile.txt
    |   otherrods         0 demoResc           15 2024-08-05.21:40 & originalfile.txt.1058181669
    |         generic    /var/lib/irods/demoRescVault/trash/home/otherrods/2024-08-05Z21:39:35--irods-testing-ai84z0km/originalfile.txt.1058181669
    |   otherrods         0 demoResc           15 2024-08-05.21:40 & originalfile.txt.1152935250
    |         generic    /var/lib/irods/demoRescVault/trash/home/otherrods/2024-08-05Z21:39:35--irods-testing-ai84z0km/originalfile.txt.1152935250
    |   otherrods         0 demoResc           15 2024-08-05.21:40 & originalfile.txt.1178984695
    |         generic    /var/lib/irods/demoRescVault/trash/home/otherrods/2024-08-05Z21:39:35--irods-testing-ai84z0km/originalfile.txt.1178984695
    |   otherrods         0 demoResc           15 2024-08-05.21:40 & originalfile.txt.1258049683
    |         generic    /var/lib/irods/demoRescVault/trash/home/otherrods/2024-08-05Z21:39:35--irods-testing-ai84z0km/originalfile.txt.1258049683
    |   otherrods         0 demoResc           15 2024-08-05.21:39 & originalfile.txt.1373657499
    |         generic    /var/lib/irods/demoRescVault/trash/home/otherrods/2024-08-05Z21:39:35--irods-testing-ai84z0km/originalfile.txt.1373657499
    |   otherrods         0 demoResc           15 2024-08-05.21:39 & originalfile.txt.1530221949
    |         generic    /var/lib/irods/demoRescVault/trash/home/otherrods/2024-08-05Z21:39:35--irods-testing-ai84z0km/originalfile.txt.1530221949
    |   otherrods         0 demoResc           15 2024-08-05.21:40 & originalfile.txt.1553394122
    |         generic    /var/lib/irods/demoRescVault/trash/home/otherrods/2024-08-05Z21:39:35--irods-testing-ai84z0km/originalfile.txt.1553394122
    |   otherrods         0 demoResc           15 2024-08-05.21:39 & originalfile.txt.1653914485
    |         generic    /var/lib/irods/demoRescVault/trash/home/otherrods/2024-08-05Z21:39:35--irods-testing-ai84z0km/originalfile.txt.1653914485
    |   otherrods         0 demoResc           15 2024-08-05.21:40 & originalfile.txt.1796296947
    |         generic    /var/lib/irods/demoRescVault/trash/home/otherrods/2024-08-05Z21:39:35--irods-testing-ai84z0km/originalfile.txt.1796296947
    |   otherrods         0 demoResc           15 2024-08-05.21:39 & originalfile.txt.1924925800
    |         generic    /var/lib/irods/demoRescVault/trash/home/otherrods/2024-08-05Z21:39:35--irods-testing-ai84z0km/originalfile.txt.1924925800
    |   otherrods         0 demoResc           15 2024-08-05.21:40 & originalfile.txt.19830613
    |         generic    /var/lib/irods/demoRescVault/trash/home/otherrods/2024-08-05Z21:39:35--irods-testing-ai84z0km/originalfile.txt.19830613
    |   otherrods         0 demoResc           15 2024-08-05.21:40 & originalfile.txt.2076523065
    |         generic    /var/lib/irods/demoRescVault/trash/home/otherrods/2024-08-05Z21:39:35--irods-testing-ai84z0km/originalfile.txt.2076523065
    |   otherrods         0 demoResc           15 2024-08-05.21:39 & originalfile.txt.2078437275
    |         generic    /var/lib/irods/demoRescVault/trash/home/otherrods/2024-08-05Z21:39:35--irods-testing-ai84z0km/originalfile.txt.2078437275
    |   otherrods         0 demoResc           15 2024-08-05.21:39 & originalfile.txt.2301628653
    |         generic    /var/lib/irods/demoRescVault/trash/home/otherrods/2024-08-05Z21:39:35--irods-testing-ai84z0km/originalfile.txt.2301628653
    |   otherrods         0 demoResc           15 2024-08-05.21:39 & originalfile.txt.2376841731
    |         generic    /var/lib/irods/demoRescVault/trash/home/otherrods/2024-08-05Z21:39:35--irods-testing-ai84z0km/originalfile.txt.2376841731
    |   otherrods         0 demoResc           15 2024-08-05.21:39 & originalfile.txt.2673410062
    |         generic    /var/lib/irods/demoRescVault/trash/home/otherrods/2024-08-05Z21:39:35--irods-testing-ai84z0km/originalfile.txt.2673410062
    |   otherrods         0 demoResc           15 2024-08-05.21:40 & originalfile.txt.2794986958
    |         generic    /var/lib/irods/demoRescVault/trash/home/otherrods/2024-08-05Z21:39:35--irods-testing-ai84z0km/originalfile.txt.2794986958
    |   otherrods         0 demoResc           15 2024-08-05.21:39 & originalfile.txt.2991757545
    |         generic    /var/lib/irods/demoRescVault/trash/home/otherrods/2024-08-05Z21:39:35--irods-testing-ai84z0km/originalfile.txt.2991757545
    |   otherrods         0 demoResc           15 2024-08-05.21:40 & originalfile.txt.3179891669
    |         generic    /var/lib/irods/demoRescVault/trash/home/otherrods/2024-08-05Z21:39:35--irods-testing-ai84z0km/originalfile.txt.3179891669
    |   otherrods         0 demoResc           15 2024-08-05.21:39 & originalfile.txt.321328630
    |         generic    /var/lib/irods/demoRescVault/trash/home/otherrods/2024-08-05Z21:39:35--irods-testing-ai84z0km/originalfile.txt.321328630
    |   otherrods         0 demoResc           15 2024-08-05.21:39 & originalfile.txt.3216336069
    |         generic    /var/lib/irods/demoRescVault/trash/home/otherrods/2024-08-05Z21:39:35--irods-testing-ai84z0km/originalfile.txt.3216336069
    |   otherrods         0 demoResc           15 2024-08-05.21:40 & originalfile.txt.334789446
    |         generic    /var/lib/irods/demoRescVault/trash/home/otherrods/2024-08-05Z21:39:35--irods-testing-ai84z0km/originalfile.txt.334789446
    |   otherrods         0 demoResc           15 2024-08-05.21:39 & originalfile.txt.339993004
    |         generic    /var/lib/irods/demoRescVault/trash/home/otherrods/2024-08-05Z21:39:35--irods-testing-ai84z0km/originalfile.txt.339993004
    |   otherrods         0 demoResc           15 2024-08-05.21:40 & originalfile.txt.3426777755
    |         generic    /var/lib/irods/demoRescVault/trash/home/otherrods/2024-08-05Z21:39:35--irods-testing-ai84z0km/originalfile.txt.3426777755
    |   otherrods         0 demoResc           15 2024-08-05.21:40 & originalfile.txt.3451165281
    |         generic    /var/lib/irods/demoRescVault/trash/home/otherrods/2024-08-05Z21:39:35--irods-testing-ai84z0km/originalfile.txt.3451165281
    |   otherrods         0 demoResc           15 2024-08-05.21:39 & originalfile.txt.357009803
    |         generic    /var/lib/irods/demoRescVault/trash/home/otherrods/2024-08-05Z21:39:35--irods-testing-ai84z0km/originalfile.txt.357009803
    |   otherrods         0 demoResc           15 2024-08-05.21:39 & originalfile.txt.3718122923
    |         generic    /var/lib/irods/demoRescVault/trash/home/otherrods/2024-08-05Z21:39:35--irods-testing-ai84z0km/originalfile.txt.3718122923
    |   otherrods         0 demoResc           15 2024-08-05.21:40 & originalfile.txt.3822708382
    |         generic    /var/lib/irods/demoRescVault/trash/home/otherrods/2024-08-05Z21:39:35--irods-testing-ai84z0km/originalfile.txt.3822708382
    |   otherrods         0 demoResc           15 2024-08-05.21:39 & originalfile.txt.3942436689
    |         generic    /var/lib/irods/demoRescVault/trash/home/otherrods/2024-08-05Z21:39:35--irods-testing-ai84z0km/originalfile.txt.3942436689
    |   otherrods         0 demoResc           15 2024-08-05.21:39 & originalfile.txt.4004757586
    |         generic    /var/lib/irods/demoRescVault/trash/home/otherrods/2024-08-05Z21:39:35--irods-testing-ai84z0km/originalfile.txt.4004757586
    |   otherrods         0 demoResc           15 2024-08-05.21:40 & originalfile.txt.4016724255
    |         generic    /var/lib/irods/demoRescVault/trash/home/otherrods/2024-08-05Z21:39:35--irods-testing-ai84z0km/originalfile.txt.4016724255
    |   otherrods         0 demoResc           15 2024-08-05.21:39 & originalfile.txt.405658184
    |         generic    /var/lib/irods/demoRescVault/trash/home/otherrods/2024-08-05Z21:39:35--irods-testing-ai84z0km/originalfile.txt.405658184
    |   otherrods         0 demoResc           15 2024-08-05.21:39 & originalfile.txt.4257693603
    |         generic    /var/lib/irods/demoRescVault/trash/home/otherrods/2024-08-05Z21:39:35--irods-testing-ai84z0km/originalfile.txt.4257693603
    |   otherrods         0 demoResc           15 2024-08-05.21:39 & originalfile.txt.603492529
    |         generic    /var/lib/irods/demoRescVault/trash/home/otherrods/2024-08-05Z21:39:35--irods-testing-ai84z0km/originalfile.txt.603492529
    |   otherrods         0 demoResc           15 2024-08-05.21:40 & originalfile.txt.646325580
    |         generic    /var/lib/irods/demoRescVault/trash/home/otherrods/2024-08-05Z21:39:35--irods-testing-ai84z0km/originalfile.txt.646325580
    |   otherrods         0 demoResc           15 2024-08-05.21:40 & originalfile.txt.744718448
    |         generic    /var/lib/irods/demoRescVault/trash/home/otherrods/2024-08-05Z21:39:35--irods-testing-ai84z0km/originalfile.txt.744718448
    |   otherrods         0 demoResc           15 2024-08-05.21:39 & originalfile.txt.839369006
    |         generic    /var/lib/irods/demoRescVault/trash/home/otherrods/2024-08-05Z21:39:35--irods-testing-ai84z0km/originalfile.txt.839369006
    |   otherrods         0 demoResc           15 2024-08-05.21:39 & originalfile.txt.857359637
    |         generic    /var/lib/irods/demoRescVault/trash/home/otherrods/2024-08-05Z21:39:35--irods-testing-ai84z0km/originalfile.txt.857359637
    |   otherrods         0 demoResc           15 2024-08-05.21:39 & originalfile.txt.900936846
    |         generic    /var/lib/irods/demoRescVault/trash/home/otherrods/2024-08-05Z21:39:35--irods-testing-ai84z0km/originalfile.txt.900936846
  stderr:
    | 
Output found

 --- IrodsSession: icommand executed by [otherrods#tempZone] [iput originalfile.txt] --- 
Assert Command: iput originalfile.txt
Expecting EMPTY: ['']
  stdout:
    | 
  stderr:
    | 
Output found

 --- IrodsSession: icommand executed by [otherrods#tempZone] [irm originalfile.txt] --- 
Assert Command: irm originalfile.txt
Expecting EMPTY: ['']
  stdout:
    | 
  stderr:
    | 
Output found

 --- IrodsSession: icommand executed by [otherrods#tempZone] [ils -L /tempZone/trash/home/otherrods/2024-08-05Z21:39:35--irods-testing-ai84z0km] --- 
Assert Command: ils -L /tempZone/trash/home/otherrods/2024-08-05Z21:39:35--irods-testing-ai84z0km
Expecting STDOUT_SINGLELINE: ['originalfile.txt']
  stdout:
    | /tempZone/trash/home/otherrods/2024-08-05Z21:39:35--irods-testing-ai84z0km:
    |   otherrods         0 demoResc           15 2024-08-05.21:39 & originalfile.txt
    |         generic    /var/lib/irods/demoRescVault/trash/home/otherrods/2024-08-05Z21:39:35--irods-testing-ai84z0km/originalfile.txt
    |   otherrods         0 demoResc           15 2024-08-05.21:40 & originalfile.txt.1058181669
    |         generic    /var/lib/irods/demoRescVault/trash/home/otherrods/2024-08-05Z21:39:35--irods-testing-ai84z0km/originalfile.txt.1058181669
    |   otherrods         0 demoResc           15 2024-08-05.21:40 & originalfile.txt.1152935250
    |         generic    /var/lib/irods/demoRescVault/trash/home/otherrods/2024-08-05Z21:39:35--irods-testing-ai84z0km/originalfile.txt.1152935250
    |   otherrods         0 demoResc           15 2024-08-05.21:40 & originalfile.txt.1178984695
    |         generic    /var/lib/irods/demoRescVault/trash/home/otherrods/2024-08-05Z21:39:35--irods-testing-ai84z0km/originalfile.txt.1178984695
    |   otherrods         0 demoResc           15 2024-08-05.21:40 & originalfile.txt.1258049683
    |         generic    /var/lib/irods/demoRescVault/trash/home/otherrods/2024-08-05Z21:39:35--irods-testing-ai84z0km/originalfile.txt.1258049683
    |   otherrods         0 demoResc           15 2024-08-05.21:39 & originalfile.txt.1373657499
    |         generic    /var/lib/irods/demoRescVault/trash/home/otherrods/2024-08-05Z21:39:35--irods-testing-ai84z0km/originalfile.txt.1373657499
    |   otherrods         0 demoResc           15 2024-08-05.21:39 & originalfile.txt.1530221949
    |         generic    /var/lib/irods/demoRescVault/trash/home/otherrods/2024-08-05Z21:39:35--irods-testing-ai84z0km/originalfile.txt.1530221949
    |   otherrods         0 demoResc           15 2024-08-05.21:40 & originalfile.txt.1553394122
    |         generic    /var/lib/irods/demoRescVault/trash/home/otherrods/2024-08-05Z21:39:35--irods-testing-ai84z0km/originalfile.txt.1553394122
    |   otherrods         0 demoResc           15 2024-08-05.21:39 & originalfile.txt.1653914485
    |         generic    /var/lib/irods/demoRescVault/trash/home/otherrods/2024-08-05Z21:39:35--irods-testing-ai84z0km/originalfile.txt.1653914485
    |   otherrods         0 demoResc           15 2024-08-05.21:40 & originalfile.txt.1796296947
    |         generic    /var/lib/irods/demoRescVault/trash/home/otherrods/2024-08-05Z21:39:35--irods-testing-ai84z0km/originalfile.txt.1796296947
    |   otherrods         0 demoResc           15 2024-08-05.21:39 & originalfile.txt.1924925800
    |         generic    /var/lib/irods/demoRescVault/trash/home/otherrods/2024-08-05Z21:39:35--irods-testing-ai84z0km/originalfile.txt.1924925800
    |   otherrods         0 demoResc           15 2024-08-05.21:40 & originalfile.txt.19830613
    |         generic    /var/lib/irods/demoRescVault/trash/home/otherrods/2024-08-05Z21:39:35--irods-testing-ai84z0km/originalfile.txt.19830613
    |   otherrods         0 demoResc           15 2024-08-05.21:40 & originalfile.txt.2076523065
    |         generic    /var/lib/irods/demoRescVault/trash/home/otherrods/2024-08-05Z21:39:35--irods-testing-ai84z0km/originalfile.txt.2076523065
    |   otherrods         0 demoResc           15 2024-08-05.21:39 & originalfile.txt.2078437275
    |         generic    /var/lib/irods/demoRescVault/trash/home/otherrods/2024-08-05Z21:39:35--irods-testing-ai84z0km/originalfile.txt.2078437275
    |   otherrods         0 demoResc           15 2024-08-05.21:39 & originalfile.txt.2301628653
    |         generic    /var/lib/irods/demoRescVault/trash/home/otherrods/2024-08-05Z21:39:35--irods-testing-ai84z0km/originalfile.txt.2301628653
    |   otherrods         0 demoResc           15 2024-08-05.21:39 & originalfile.txt.2376841731
    |         generic    /var/lib/irods/demoRescVault/trash/home/otherrods/2024-08-05Z21:39:35--irods-testing-ai84z0km/originalfile.txt.2376841731
    |   otherrods         0 demoResc           15 2024-08-05.21:39 & originalfile.txt.2673410062
    |         generic    /var/lib/irods/demoRescVault/trash/home/otherrods/2024-08-05Z21:39:35--irods-testing-ai84z0km/originalfile.txt.2673410062
    |   otherrods         0 demoResc           15 2024-08-05.21:40 & originalfile.txt.2794986958
    |         generic    /var/lib/irods/demoRescVault/trash/home/otherrods/2024-08-05Z21:39:35--irods-testing-ai84z0km/originalfile.txt.2794986958
    |   otherrods         0 demoResc           15 2024-08-05.21:39 & originalfile.txt.2991757545
    |         generic    /var/lib/irods/demoRescVault/trash/home/otherrods/2024-08-05Z21:39:35--irods-testing-ai84z0km/originalfile.txt.2991757545
    |   otherrods         0 demoResc           15 2024-08-05.21:40 & originalfile.txt.3179891669
    |         generic    /var/lib/irods/demoRescVault/trash/home/otherrods/2024-08-05Z21:39:35--irods-testing-ai84z0km/originalfile.txt.3179891669
    |   otherrods         0 demoResc           15 2024-08-05.21:39 & originalfile.txt.321328630
    |         generic    /var/lib/irods/demoRescVault/trash/home/otherrods/2024-08-05Z21:39:35--irods-testing-ai84z0km/originalfile.txt.321328630
    |   otherrods         0 demoResc           15 2024-08-05.21:39 & originalfile.txt.3216336069
    |         generic    /var/lib/irods/demoRescVault/trash/home/otherrods/2024-08-05Z21:39:35--irods-testing-ai84z0km/originalfile.txt.3216336069
    |   otherrods         0 demoResc           15 2024-08-05.21:40 & originalfile.txt.334789446
    |         generic    /var/lib/irods/demoRescVault/trash/home/otherrods/2024-08-05Z21:39:35--irods-testing-ai84z0km/originalfile.txt.334789446
    |   otherrods         0 demoResc           15 2024-08-05.21:39 & originalfile.txt.339993004
    |         generic    /var/lib/irods/demoRescVault/trash/home/otherrods/2024-08-05Z21:39:35--irods-testing-ai84z0km/originalfile.txt.339993004
    |   otherrods         0 demoResc           15 2024-08-05.21:40 & originalfile.txt.3426777755
    |         generic    /var/lib/irods/demoRescVault/trash/home/otherrods/2024-08-05Z21:39:35--irods-testing-ai84z0km/originalfile.txt.3426777755
    |   otherrods         0 demoResc           15 2024-08-05.21:40 & originalfile.txt.3451165281
    |         generic    /var/lib/irods/demoRescVault/trash/home/otherrods/2024-08-05Z21:39:35--irods-testing-ai84z0km/originalfile.txt.3451165281
    |   otherrods         0 demoResc           15 2024-08-05.21:39 & originalfile.txt.357009803
    |         generic    /var/lib/irods/demoRescVault/trash/home/otherrods/2024-08-05Z21:39:35--irods-testing-ai84z0km/originalfile.txt.357009803
    |   otherrods         0 demoResc           15 2024-08-05.21:39 & originalfile.txt.3718122923
    |         generic    /var/lib/irods/demoRescVault/trash/home/otherrods/2024-08-05Z21:39:35--irods-testing-ai84z0km/originalfile.txt.3718122923
    |   otherrods         0 demoResc           15 2024-08-05.21:40 & originalfile.txt.3822708382
    |         generic    /var/lib/irods/demoRescVault/trash/home/otherrods/2024-08-05Z21:39:35--irods-testing-ai84z0km/originalfile.txt.3822708382
    |   otherrods         0 demoResc           15 2024-08-05.21:39 & originalfile.txt.3942436689
    |         generic    /var/lib/irods/demoRescVault/trash/home/otherrods/2024-08-05Z21:39:35--irods-testing-ai84z0km/originalfile.txt.3942436689
    |   otherrods         0 demoResc           15 2024-08-05.21:39 & originalfile.txt.4004757586
    |         generic    /var/lib/irods/demoRescVault/trash/home/otherrods/2024-08-05Z21:39:35--irods-testing-ai84z0km/originalfile.txt.4004757586
    |   otherrods         0 demoResc           15 2024-08-05.21:40 & originalfile.txt.4016724255
    |         generic    /var/lib/irods/demoRescVault/trash/home/otherrods/2024-08-05Z21:39:35--irods-testing-ai84z0km/originalfile.txt.4016724255
    |   otherrods         0 demoResc           15 2024-08-05.21:39 & originalfile.txt.405658184
    |         generic    /var/lib/irods/demoRescVault/trash/home/otherrods/2024-08-05Z21:39:35--irods-testing-ai84z0km/originalfile.txt.405658184
    |   otherrods         0 demoResc           15 2024-08-05.21:39 & originalfile.txt.4257693603
    |         generic    /var/lib/irods/demoRescVault/trash/home/otherrods/2024-08-05Z21:39:35--irods-testing-ai84z0km/originalfile.txt.4257693603
    |   otherrods         0 demoResc           15 2024-08-05.21:39 & originalfile.txt.603492529
    |         generic    /var/lib/irods/demoRescVault/trash/home/otherrods/2024-08-05Z21:39:35--irods-testing-ai84z0km/originalfile.txt.603492529
    |   otherrods         0 demoResc           15 2024-08-05.21:40 & originalfile.txt.646325580
    |         generic    /var/lib/irods/demoRescVault/trash/home/otherrods/2024-08-05Z21:39:35--irods-testing-ai84z0km/originalfile.txt.646325580
    |   otherrods         0 demoResc           15 2024-08-05.21:40 & originalfile.txt.744718448
    |         generic    /var/lib/irods/demoRescVault/trash/home/otherrods/2024-08-05Z21:39:35--irods-testing-ai84z0km/originalfile.txt.744718448
    |   otherrods         0 demoResc           15 2024-08-05.21:40 & originalfile.txt.775522380
    |         generic    /var/lib/irods/demoRescVault/trash/home/otherrods/2024-08-05Z21:39:35--irods-testing-ai84z0km/originalfile.txt.775522380
    |   otherrods         0 demoResc           15 2024-08-05.21:39 & originalfile.txt.839369006
    |         generic    /var/lib/irods/demoRescVault/trash/home/otherrods/2024-08-05Z21:39:35--irods-testing-ai84z0km/originalfile.txt.839369006
    |   otherrods         0 demoResc           15 2024-08-05.21:39 & originalfile.txt.857359637
    |         generic    /var/lib/irods/demoRescVault/trash/home/otherrods/2024-08-05Z21:39:35--irods-testing-ai84z0km/originalfile.txt.857359637
    |   otherrods         0 demoResc           15 2024-08-05.21:39 & originalfile.txt.900936846
    |         generic    /var/lib/irods/demoRescVault/trash/home/otherrods/2024-08-05Z21:39:35--irods-testing-ai84z0km/originalfile.txt.900936846
  stderr:
    | 
Output found

 --- IrodsSession: icommand executed by [otherrods#tempZone] [iput originalfile.txt] --- 
Assert Command: iput originalfile.txt
Expecting EMPTY: ['']
  stdout:
    | 
  stderr:
    | 
Output found

 --- IrodsSession: icommand executed by [otherrods#tempZone] [irm originalfile.txt] --- 
Assert Command: irm originalfile.txt
Expecting EMPTY: ['']
  stdout:
    | 
  stderr:
    | 
Output found

 --- IrodsSession: icommand executed by [otherrods#tempZone] [ils -L /tempZone/trash/home/otherrods/2024-08-05Z21:39:35--irods-testing-ai84z0km] --- 
Assert Command: ils -L /tempZone/trash/home/otherrods/2024-08-05Z21:39:35--irods-testing-ai84z0km
Expecting STDOUT_SINGLELINE: ['originalfile.txt']
  stdout:
    | /tempZone/trash/home/otherrods/2024-08-05Z21:39:35--irods-testing-ai84z0km:
    |   otherrods         0 demoResc           15 2024-08-05.21:39 & originalfile.txt
    |         generic    /var/lib/irods/demoRescVault/trash/home/otherrods/2024-08-05Z21:39:35--irods-testing-ai84z0km/originalfile.txt
    |   otherrods         0 demoResc           15 2024-08-05.21:40 & originalfile.txt.1058181669
    |         generic    /var/lib/irods/demoRescVault/trash/home/otherrods/2024-08-05Z21:39:35--irods-testing-ai84z0km/originalfile.txt.1058181669
    |   otherrods         0 demoResc           15 2024-08-05.21:40 & originalfile.txt.1152935250
    |         generic    /var/lib/irods/demoRescVault/trash/home/otherrods/2024-08-05Z21:39:35--irods-testing-ai84z0km/originalfile.txt.1152935250
    |   otherrods         0 demoResc           15 2024-08-05.21:40 & originalfile.txt.1178984695
    |         generic    /var/lib/irods/demoRescVault/trash/home/otherrods/2024-08-05Z21:39:35--irods-testing-ai84z0km/originalfile.txt.1178984695
    |   otherrods         0 demoResc           15 2024-08-05.21:40 & originalfile.txt.1258049683
    |         generic    /var/lib/irods/demoRescVault/trash/home/otherrods/2024-08-05Z21:39:35--irods-testing-ai84z0km/originalfile.txt.1258049683
    |   otherrods         0 demoResc           15 2024-08-05.21:39 & originalfile.txt.1373657499
    |         generic    /var/lib/irods/demoRescVault/trash/home/otherrods/2024-08-05Z21:39:35--irods-testing-ai84z0km/originalfile.txt.1373657499
    |   otherrods         0 demoResc           15 2024-08-05.21:39 & originalfile.txt.1530221949
    |         generic    /var/lib/irods/demoRescVault/trash/home/otherrods/2024-08-05Z21:39:35--irods-testing-ai84z0km/originalfile.txt.1530221949
    |   otherrods         0 demoResc           15 2024-08-05.21:40 & originalfile.txt.1553394122
    |         generic    /var/lib/irods/demoRescVault/trash/home/otherrods/2024-08-05Z21:39:35--irods-testing-ai84z0km/originalfile.txt.1553394122
    |   otherrods         0 demoResc           15 2024-08-05.21:39 & originalfile.txt.1653914485
    |         generic    /var/lib/irods/demoRescVault/trash/home/otherrods/2024-08-05Z21:39:35--irods-testing-ai84z0km/originalfile.txt.1653914485
    |   otherrods         0 demoResc           15 2024-08-05.21:40 & originalfile.txt.1796296947
    |         generic    /var/lib/irods/demoRescVault/trash/home/otherrods/2024-08-05Z21:39:35--irods-testing-ai84z0km/originalfile.txt.1796296947
    |   otherrods         0 demoResc           15 2024-08-05.21:39 & originalfile.txt.1924925800
    |         generic    /var/lib/irods/demoRescVault/trash/home/otherrods/2024-08-05Z21:39:35--irods-testing-ai84z0km/originalfile.txt.1924925800
    |   otherrods         0 demoResc           15 2024-08-05.21:40 & originalfile.txt.19830613
    |         generic    /var/lib/irods/demoRescVault/trash/home/otherrods/2024-08-05Z21:39:35--irods-testing-ai84z0km/originalfile.txt.19830613
    |   otherrods         0 demoResc           15 2024-08-05.21:40 & originalfile.txt.2076523065
    |         generic    /var/lib/irods/demoRescVault/trash/home/otherrods/2024-08-05Z21:39:35--irods-testing-ai84z0km/originalfile.txt.2076523065
    |   otherrods         0 demoResc           15 2024-08-05.21:39 & originalfile.txt.2078437275
    |         generic    /var/lib/irods/demoRescVault/trash/home/otherrods/2024-08-05Z21:39:35--irods-testing-ai84z0km/originalfile.txt.2078437275
    |   otherrods         0 demoResc           15 2024-08-05.21:39 & originalfile.txt.2301628653
    |         generic    /var/lib/irods/demoRescVault/trash/home/otherrods/2024-08-05Z21:39:35--irods-testing-ai84z0km/originalfile.txt.2301628653
    |   otherrods         0 demoResc           15 2024-08-05.21:39 & originalfile.txt.2376841731
    |         generic    /var/lib/irods/demoRescVault/trash/home/otherrods/2024-08-05Z21:39:35--irods-testing-ai84z0km/originalfile.txt.2376841731
    |   otherrods         0 demoResc           15 2024-08-05.21:39 & originalfile.txt.2673410062
    |         generic    /var/lib/irods/demoRescVault/trash/home/otherrods/2024-08-05Z21:39:35--irods-testing-ai84z0km/originalfile.txt.2673410062
    |   otherrods         0 demoResc           15 2024-08-05.21:40 & originalfile.txt.2794986958
    |         generic    /var/lib/irods/demoRescVault/trash/home/otherrods/2024-08-05Z21:39:35--irods-testing-ai84z0km/originalfile.txt.2794986958
    |   otherrods         0 demoResc           15 2024-08-05.21:39 & originalfile.txt.2991757545
    |         generic    /var/lib/irods/demoRescVault/trash/home/otherrods/2024-08-05Z21:39:35--irods-testing-ai84z0km/originalfile.txt.2991757545
    |   otherrods         0 demoResc           15 2024-08-05.21:40 & originalfile.txt.3179891669
    |         generic    /var/lib/irods/demoRescVault/trash/home/otherrods/2024-08-05Z21:39:35--irods-testing-ai84z0km/originalfile.txt.3179891669
    |   otherrods         0 demoResc           15 2024-08-05.21:39 & originalfile.txt.321328630
    |         generic    /var/lib/irods/demoRescVault/trash/home/otherrods/2024-08-05Z21:39:35--irods-testing-ai84z0km/originalfile.txt.321328630
    |   otherrods         0 demoResc           15 2024-08-05.21:39 & originalfile.txt.3216336069
    |         generic    /var/lib/irods/demoRescVault/trash/home/otherrods/2024-08-05Z21:39:35--irods-testing-ai84z0km/originalfile.txt.3216336069
    |   otherrods         0 demoResc           15 2024-08-05.21:40 & originalfile.txt.334789446
    |         generic    /var/lib/irods/demoRescVault/trash/home/otherrods/2024-08-05Z21:39:35--irods-testing-ai84z0km/originalfile.txt.334789446
    |   otherrods         0 demoResc           15 2024-08-05.21:39 & originalfile.txt.339993004
    |         generic    /var/lib/irods/demoRescVault/trash/home/otherrods/2024-08-05Z21:39:35--irods-testing-ai84z0km/originalfile.txt.339993004
    |   otherrods         0 demoResc           15 2024-08-05.21:40 & originalfile.txt.3426777755
    |         generic    /var/lib/irods/demoRescVault/trash/home/otherrods/2024-08-05Z21:39:35--irods-testing-ai84z0km/originalfile.txt.3426777755
    |   otherrods         0 demoResc           15 2024-08-05.21:40 & originalfile.txt.3451165281
    |         generic    /var/lib/irods/demoRescVault/trash/home/otherrods/2024-08-05Z21:39:35--irods-testing-ai84z0km/originalfile.txt.3451165281
    |   otherrods         0 demoResc           15 2024-08-05.21:40 & originalfile.txt.3499526793
    |         generic    /var/lib/irods/demoRescVault/trash/home/otherrods/2024-08-05Z21:39:35--irods-testing-ai84z0km/originalfile.txt.3499526793
    |   otherrods         0 demoResc           15 2024-08-05.21:39 & originalfile.txt.357009803
    |         generic    /var/lib/irods/demoRescVault/trash/home/otherrods/2024-08-05Z21:39:35--irods-testing-ai84z0km/originalfile.txt.357009803
    |   otherrods         0 demoResc           15 2024-08-05.21:39 & originalfile.txt.3718122923
    |         generic    /var/lib/irods/demoRescVault/trash/home/otherrods/2024-08-05Z21:39:35--irods-testing-ai84z0km/originalfile.txt.3718122923
    |   otherrods         0 demoResc           15 2024-08-05.21:40 & originalfile.txt.3822708382
    |         generic    /var/lib/irods/demoRescVault/trash/home/otherrods/2024-08-05Z21:39:35--irods-testing-ai84z0km/originalfile.txt.3822708382
    |   otherrods         0 demoResc           15 2024-08-05.21:39 & originalfile.txt.3942436689
    |         generic    /var/lib/irods/demoRescVault/trash/home/otherrods/2024-08-05Z21:39:35--irods-testing-ai84z0km/originalfile.txt.3942436689
    |   otherrods         0 demoResc           15 2024-08-05.21:39 & originalfile.txt.4004757586
    |         generic    /var/lib/irods/demoRescVault/trash/home/otherrods/2024-08-05Z21:39:35--irods-testing-ai84z0km/originalfile.txt.4004757586
    |   otherrods         0 demoResc           15 2024-08-05.21:40 & originalfile.txt.4016724255
    |         generic    /var/lib/irods/demoRescVault/trash/home/otherrods/2024-08-05Z21:39:35--irods-testing-ai84z0km/originalfile.txt.4016724255
    |   otherrods         0 demoResc           15 2024-08-05.21:39 & originalfile.txt.405658184
    |         generic    /var/lib/irods/demoRescVault/trash/home/otherrods/2024-08-05Z21:39:35--irods-testing-ai84z0km/originalfile.txt.405658184
    |   otherrods         0 demoResc           15 2024-08-05.21:39 & originalfile.txt.4257693603
    |         generic    /var/lib/irods/demoRescVault/trash/home/otherrods/2024-08-05Z21:39:35--irods-testing-ai84z0km/originalfile.txt.4257693603
    |   otherrods         0 demoResc           15 2024-08-05.21:39 & originalfile.txt.603492529
    |         generic    /var/lib/irods/demoRescVault/trash/home/otherrods/2024-08-05Z21:39:35--irods-testing-ai84z0km/originalfile.txt.603492529
    |   otherrods         0 demoResc           15 2024-08-05.21:40 & originalfile.txt.646325580
    |         generic    /var/lib/irods/demoRescVault/trash/home/otherrods/2024-08-05Z21:39:35--irods-testing-ai84z0km/originalfile.txt.646325580
    |   otherrods         0 demoResc           15 2024-08-05.21:40 & originalfile.txt.744718448
    |         generic    /var/lib/irods/demoRescVault/trash/home/otherrods/2024-08-05Z21:39:35--irods-testing-ai84z0km/originalfile.txt.744718448
    |   otherrods         0 demoResc           15 2024-08-05.21:40 & originalfile.txt.775522380
    |         generic    /var/lib/irods/demoRescVault/trash/home/otherrods/2024-08-05Z21:39:35--irods-testing-ai84z0km/originalfile.txt.775522380
    |   otherrods         0 demoResc           15 2024-08-05.21:39 & originalfile.txt.839369006
    |         generic    /var/lib/irods/demoRescVault/trash/home/otherrods/2024-08-05Z21:39:35--irods-testing-ai84z0km/originalfile.txt.839369006
    |   otherrods         0 demoResc           15 2024-08-05.21:39 & originalfile.txt.857359637
    |         generic    /var/lib/irods/demoRescVault/trash/home/otherrods/2024-08-05Z21:39:35--irods-testing-ai84z0km/originalfile.txt.857359637
    |   otherrods         0 demoResc           15 2024-08-05.21:39 & originalfile.txt.900936846
    |         generic    /var/lib/irods/demoRescVault/trash/home/otherrods/2024-08-05Z21:39:35--irods-testing-ai84z0km/originalfile.txt.900936846
  stderr:
    | 
Output found

 --- IrodsSession: icommand executed by [otherrods#tempZone] [iput originalfile.txt] --- 
Assert Command: iput originalfile.txt
Expecting EMPTY: ['']
  stdout:
    | 
  stderr:
    | 
Output found

 --- IrodsSession: icommand executed by [otherrods#tempZone] [irm originalfile.txt] --- 
Assert Command: irm originalfile.txt
Expecting EMPTY: ['']
  stdout:
    | 
  stderr:
    | 
Output found

 --- IrodsSession: icommand executed by [otherrods#tempZone] [ils -L /tempZone/trash/home/otherrods/2024-08-05Z21:39:35--irods-testing-ai84z0km] --- 
Assert Command: ils -L /tempZone/trash/home/otherrods/2024-08-05Z21:39:35--irods-testing-ai84z0km
Expecting STDOUT_SINGLELINE: ['originalfile.txt']
  stdout:
    | /tempZone/trash/home/otherrods/2024-08-05Z21:39:35--irods-testing-ai84z0km:
    |   otherrods         0 demoResc           15 2024-08-05.21:39 & originalfile.txt
    |         generic    /var/lib/irods/demoRescVault/trash/home/otherrods/2024-08-05Z21:39:35--irods-testing-ai84z0km/originalfile.txt
    |   otherrods         0 demoResc           15 2024-08-05.21:40 & originalfile.txt.1058181669
    |         generic    /var/lib/irods/demoRescVault/trash/home/otherrods/2024-08-05Z21:39:35--irods-testing-ai84z0km/originalfile.txt.1058181669
    |   otherrods         0 demoResc           15 2024-08-05.21:40 & originalfile.txt.1152935250
    |         generic    /var/lib/irods/demoRescVault/trash/home/otherrods/2024-08-05Z21:39:35--irods-testing-ai84z0km/originalfile.txt.1152935250
    |   otherrods         0 demoResc           15 2024-08-05.21:40 & originalfile.txt.1178984695
    |         generic    /var/lib/irods/demoRescVault/trash/home/otherrods/2024-08-05Z21:39:35--irods-testing-ai84z0km/originalfile.txt.1178984695
    |   otherrods         0 demoResc           15 2024-08-05.21:40 & originalfile.txt.1258049683
    |         generic    /var/lib/irods/demoRescVault/trash/home/otherrods/2024-08-05Z21:39:35--irods-testing-ai84z0km/originalfile.txt.1258049683
    |   otherrods         0 demoResc           15 2024-08-05.21:39 & originalfile.txt.1373657499
    |         generic    /var/lib/irods/demoRescVault/trash/home/otherrods/2024-08-05Z21:39:35--irods-testing-ai84z0km/originalfile.txt.1373657499
    |   otherrods         0 demoResc           15 2024-08-05.21:39 & originalfile.txt.1530221949
    |         generic    /var/lib/irods/demoRescVault/trash/home/otherrods/2024-08-05Z21:39:35--irods-testing-ai84z0km/originalfile.txt.1530221949
    |   otherrods         0 demoResc           15 2024-08-05.21:40 & originalfile.txt.1553394122
    |         generic    /var/lib/irods/demoRescVault/trash/home/otherrods/2024-08-05Z21:39:35--irods-testing-ai84z0km/originalfile.txt.1553394122
    |   otherrods         0 demoResc           15 2024-08-05.21:40 & originalfile.txt.1617915776
    |         generic    /var/lib/irods/demoRescVault/trash/home/otherrods/2024-08-05Z21:39:35--irods-testing-ai84z0km/originalfile.txt.1617915776
    |   otherrods         0 demoResc           15 2024-08-05.21:39 & originalfile.txt.1653914485
    |         generic    /var/lib/irods/demoRescVault/trash/home/otherrods/2024-08-05Z21:39:35--irods-testing-ai84z0km/originalfile.txt.1653914485
    |   otherrods         0 demoResc           15 2024-08-05.21:40 & originalfile.txt.1796296947
    |         generic    /var/lib/irods/demoRescVault/trash/home/otherrods/2024-08-05Z21:39:35--irods-testing-ai84z0km/originalfile.txt.1796296947
    |   otherrods         0 demoResc           15 2024-08-05.21:39 & originalfile.txt.1924925800
    |         generic    /var/lib/irods/demoRescVault/trash/home/otherrods/2024-08-05Z21:39:35--irods-testing-ai84z0km/originalfile.txt.1924925800
    |   otherrods         0 demoResc           15 2024-08-05.21:40 & originalfile.txt.19830613
    |         generic    /var/lib/irods/demoRescVault/trash/home/otherrods/2024-08-05Z21:39:35--irods-testing-ai84z0km/originalfile.txt.19830613
    |   otherrods         0 demoResc           15 2024-08-05.21:40 & originalfile.txt.2076523065
    |         generic    /var/lib/irods/demoRescVault/trash/home/otherrods/2024-08-05Z21:39:35--irods-testing-ai84z0km/originalfile.txt.2076523065
    |   otherrods         0 demoResc           15 2024-08-05.21:39 & originalfile.txt.2078437275
    |         generic    /var/lib/irods/demoRescVault/trash/home/otherrods/2024-08-05Z21:39:35--irods-testing-ai84z0km/originalfile.txt.2078437275
    |   otherrods         0 demoResc           15 2024-08-05.21:39 & originalfile.txt.2301628653
    |         generic    /var/lib/irods/demoRescVault/trash/home/otherrods/2024-08-05Z21:39:35--irods-testing-ai84z0km/originalfile.txt.2301628653
    |   otherrods         0 demoResc           15 2024-08-05.21:39 & originalfile.txt.2376841731
    |         generic    /var/lib/irods/demoRescVault/trash/home/otherrods/2024-08-05Z21:39:35--irods-testing-ai84z0km/originalfile.txt.2376841731
    |   otherrods         0 demoResc           15 2024-08-05.21:39 & originalfile.txt.2673410062
    |         generic    /var/lib/irods/demoRescVault/trash/home/otherrods/2024-08-05Z21:39:35--irods-testing-ai84z0km/originalfile.txt.2673410062
    |   otherrods         0 demoResc           15 2024-08-05.21:40 & originalfile.txt.2794986958
    |         generic    /var/lib/irods/demoRescVault/trash/home/otherrods/2024-08-05Z21:39:35--irods-testing-ai84z0km/originalfile.txt.2794986958
    |   otherrods         0 demoResc           15 2024-08-05.21:39 & originalfile.txt.2991757545
    |         generic    /var/lib/irods/demoRescVault/trash/home/otherrods/2024-08-05Z21:39:35--irods-testing-ai84z0km/originalfile.txt.2991757545
    |   otherrods         0 demoResc           15 2024-08-05.21:40 & originalfile.txt.3179891669
    |         generic    /var/lib/irods/demoRescVault/trash/home/otherrods/2024-08-05Z21:39:35--irods-testing-ai84z0km/originalfile.txt.3179891669
    |   otherrods         0 demoResc           15 2024-08-05.21:39 & originalfile.txt.321328630
    |         generic    /var/lib/irods/demoRescVault/trash/home/otherrods/2024-08-05Z21:39:35--irods-testing-ai84z0km/originalfile.txt.321328630
    |   otherrods         0 demoResc           15 2024-08-05.21:39 & originalfile.txt.3216336069
    |         generic    /var/lib/irods/demoRescVault/trash/home/otherrods/2024-08-05Z21:39:35--irods-testing-ai84z0km/originalfile.txt.3216336069
    |   otherrods         0 demoResc           15 2024-08-05.21:40 & originalfile.txt.334789446
    |         generic    /var/lib/irods/demoRescVault/trash/home/otherrods/2024-08-05Z21:39:35--irods-testing-ai84z0km/originalfile.txt.334789446
    |   otherrods         0 demoResc           15 2024-08-05.21:39 & originalfile.txt.339993004
    |         generic    /var/lib/irods/demoRescVault/trash/home/otherrods/2024-08-05Z21:39:35--irods-testing-ai84z0km/originalfile.txt.339993004
    |   otherrods         0 demoResc           15 2024-08-05.21:40 & originalfile.txt.3426777755
    |         generic    /var/lib/irods/demoRescVault/trash/home/otherrods/2024-08-05Z21:39:35--irods-testing-ai84z0km/originalfile.txt.3426777755
    |   otherrods         0 demoResc           15 2024-08-05.21:40 & originalfile.txt.3451165281
    |         generic    /var/lib/irods/demoRescVault/trash/home/otherrods/2024-08-05Z21:39:35--irods-testing-ai84z0km/originalfile.txt.3451165281
    |   otherrods         0 demoResc           15 2024-08-05.21:40 & originalfile.txt.3499526793
    |         generic    /var/lib/irods/demoRescVault/trash/home/otherrods/2024-08-05Z21:39:35--irods-testing-ai84z0km/originalfile.txt.3499526793
    |   otherrods         0 demoResc           15 2024-08-05.21:39 & originalfile.txt.357009803
    |         generic    /var/lib/irods/demoRescVault/trash/home/otherrods/2024-08-05Z21:39:35--irods-testing-ai84z0km/originalfile.txt.357009803
    |   otherrods         0 demoResc           15 2024-08-05.21:39 & originalfile.txt.3718122923
    |         generic    /var/lib/irods/demoRescVault/trash/home/otherrods/2024-08-05Z21:39:35--irods-testing-ai84z0km/originalfile.txt.3718122923
    |   otherrods         0 demoResc           15 2024-08-05.21:40 & originalfile.txt.3822708382
    |         generic    /var/lib/irods/demoRescVault/trash/home/otherrods/2024-08-05Z21:39:35--irods-testing-ai84z0km/originalfile.txt.3822708382
    |   otherrods         0 demoResc           15 2024-08-05.21:39 & originalfile.txt.3942436689
    |         generic    /var/lib/irods/demoRescVault/trash/home/otherrods/2024-08-05Z21:39:35--irods-testing-ai84z0km/originalfile.txt.3942436689
    |   otherrods         0 demoResc           15 2024-08-05.21:39 & originalfile.txt.4004757586
    |         generic    /var/lib/irods/demoRescVault/trash/home/otherrods/2024-08-05Z21:39:35--irods-testing-ai84z0km/originalfile.txt.4004757586
    |   otherrods         0 demoResc           15 2024-08-05.21:40 & originalfile.txt.4016724255
    |         generic    /var/lib/irods/demoRescVault/trash/home/otherrods/2024-08-05Z21:39:35--irods-testing-ai84z0km/originalfile.txt.4016724255
    |   otherrods         0 demoResc           15 2024-08-05.21:39 & originalfile.txt.405658184
    |         generic    /var/lib/irods/demoRescVault/trash/home/otherrods/2024-08-05Z21:39:35--irods-testing-ai84z0km/originalfile.txt.405658184
    |   otherrods         0 demoResc           15 2024-08-05.21:39 & originalfile.txt.4257693603
    |         generic    /var/lib/irods/demoRescVault/trash/home/otherrods/2024-08-05Z21:39:35--irods-testing-ai84z0km/originalfile.txt.4257693603
    |   otherrods         0 demoResc           15 2024-08-05.21:39 & originalfile.txt.603492529
    |         generic    /var/lib/irods/demoRescVault/trash/home/otherrods/2024-08-05Z21:39:35--irods-testing-ai84z0km/originalfile.txt.603492529
    |   otherrods         0 demoResc           15 2024-08-05.21:40 & originalfile.txt.646325580
    |         generic    /var/lib/irods/demoRescVault/trash/home/otherrods/2024-08-05Z21:39:35--irods-testing-ai84z0km/originalfile.txt.646325580
    |   otherrods         0 demoResc           15 2024-08-05.21:40 & originalfile.txt.744718448
    |         generic    /var/lib/irods/demoRescVault/trash/home/otherrods/2024-08-05Z21:39:35--irods-testing-ai84z0km/originalfile.txt.744718448
    |   otherrods         0 demoResc           15 2024-08-05.21:40 & originalfile.txt.775522380
    |         generic    /var/lib/irods/demoRescVault/trash/home/otherrods/2024-08-05Z21:39:35--irods-testing-ai84z0km/originalfile.txt.775522380
    |   otherrods         0 demoResc           15 2024-08-05.21:39 & originalfile.txt.839369006
    |         generic    /var/lib/irods/demoRescVault/trash/home/otherrods/2024-08-05Z21:39:35--irods-testing-ai84z0km/originalfile.txt.839369006
    |   otherrods         0 demoResc           15 2024-08-05.21:39 & originalfile.txt.857359637
    |         generic    /var/lib/irods/demoRescVault/trash/home/otherrods/2024-08-05Z21:39:35--irods-testing-ai84z0km/originalfile.txt.857359637
    |   otherrods         0 demoResc           15 2024-08-05.21:39 & originalfile.txt.900936846
    |         generic    /var/lib/irods/demoRescVault/trash/home/otherrods/2024-08-05Z21:39:35--irods-testing-ai84z0km/originalfile.txt.900936846
  stderr:
    | 
Output found

 --- IrodsSession: icommand executed by [otherrods#tempZone] [iput originalfile.txt] --- 
Assert Command: iput originalfile.txt
Expecting EMPTY: ['']
  stdout:
    | 
  stderr:
    | 
Output found

 --- IrodsSession: icommand executed by [otherrods#tempZone] [irm originalfile.txt] --- 
Assert Command: irm originalfile.txt
Expecting EMPTY: ['']
  stdout:
    | 
  stderr:
    | 
Output found

 --- IrodsSession: icommand executed by [otherrods#tempZone] [ils -L /tempZone/trash/home/otherrods/2024-08-05Z21:39:35--irods-testing-ai84z0km] --- 
Assert Command: ils -L /tempZone/trash/home/otherrods/2024-08-05Z21:39:35--irods-testing-ai84z0km
Expecting STDOUT_SINGLELINE: ['originalfile.txt']
  stdout:
    | /tempZone/trash/home/otherrods/2024-08-05Z21:39:35--irods-testing-ai84z0km:
    |   otherrods         0 demoResc           15 2024-08-05.21:39 & originalfile.txt
    |         generic    /var/lib/irods/demoRescVault/trash/home/otherrods/2024-08-05Z21:39:35--irods-testing-ai84z0km/originalfile.txt
    |   otherrods         0 demoResc           15 2024-08-05.21:40 & originalfile.txt.1058181669
    |         generic    /var/lib/irods/demoRescVault/trash/home/otherrods/2024-08-05Z21:39:35--irods-testing-ai84z0km/originalfile.txt.1058181669
    |   otherrods         0 demoResc           15 2024-08-05.21:40 & originalfile.txt.1152935250
    |         generic    /var/lib/irods/demoRescVault/trash/home/otherrods/2024-08-05Z21:39:35--irods-testing-ai84z0km/originalfile.txt.1152935250
    |   otherrods         0 demoResc           15 2024-08-05.21:40 & originalfile.txt.1178984695
    |         generic    /var/lib/irods/demoRescVault/trash/home/otherrods/2024-08-05Z21:39:35--irods-testing-ai84z0km/originalfile.txt.1178984695
    |   otherrods         0 demoResc           15 2024-08-05.21:40 & originalfile.txt.1258049683
    |         generic    /var/lib/irods/demoRescVault/trash/home/otherrods/2024-08-05Z21:39:35--irods-testing-ai84z0km/originalfile.txt.1258049683
    |   otherrods         0 demoResc           15 2024-08-05.21:39 & originalfile.txt.1373657499
    |         generic    /var/lib/irods/demoRescVault/trash/home/otherrods/2024-08-05Z21:39:35--irods-testing-ai84z0km/originalfile.txt.1373657499
    |   otherrods         0 demoResc           15 2024-08-05.21:39 & originalfile.txt.1530221949
    |         generic    /var/lib/irods/demoRescVault/trash/home/otherrods/2024-08-05Z21:39:35--irods-testing-ai84z0km/originalfile.txt.1530221949
    |   otherrods         0 demoResc           15 2024-08-05.21:40 & originalfile.txt.1553394122
    |         generic    /var/lib/irods/demoRescVault/trash/home/otherrods/2024-08-05Z21:39:35--irods-testing-ai84z0km/originalfile.txt.1553394122
    |   otherrods         0 demoResc           15 2024-08-05.21:40 & originalfile.txt.1617915776
    |         generic    /var/lib/irods/demoRescVault/trash/home/otherrods/2024-08-05Z21:39:35--irods-testing-ai84z0km/originalfile.txt.1617915776
    |   otherrods         0 demoResc           15 2024-08-05.21:39 & originalfile.txt.1653914485
    |         generic    /var/lib/irods/demoRescVault/trash/home/otherrods/2024-08-05Z21:39:35--irods-testing-ai84z0km/originalfile.txt.1653914485
    |   otherrods         0 demoResc           15 2024-08-05.21:40 & originalfile.txt.1796296947
    |         generic    /var/lib/irods/demoRescVault/trash/home/otherrods/2024-08-05Z21:39:35--irods-testing-ai84z0km/originalfile.txt.1796296947
    |   otherrods         0 demoResc           15 2024-08-05.21:40 & originalfile.txt.1862640286
    |         generic    /var/lib/irods/demoRescVault/trash/home/otherrods/2024-08-05Z21:39:35--irods-testing-ai84z0km/originalfile.txt.1862640286
    |   otherrods         0 demoResc           15 2024-08-05.21:39 & originalfile.txt.1924925800
    |         generic    /var/lib/irods/demoRescVault/trash/home/otherrods/2024-08-05Z21:39:35--irods-testing-ai84z0km/originalfile.txt.1924925800
    |   otherrods         0 demoResc           15 2024-08-05.21:40 & originalfile.txt.19830613
    |         generic    /var/lib/irods/demoRescVault/trash/home/otherrods/2024-08-05Z21:39:35--irods-testing-ai84z0km/originalfile.txt.19830613
    |   otherrods         0 demoResc           15 2024-08-05.21:40 & originalfile.txt.2076523065
    |         generic    /var/lib/irods/demoRescVault/trash/home/otherrods/2024-08-05Z21:39:35--irods-testing-ai84z0km/originalfile.txt.2076523065
    |   otherrods         0 demoResc           15 2024-08-05.21:39 & originalfile.txt.2078437275
    |         generic    /var/lib/irods/demoRescVault/trash/home/otherrods/2024-08-05Z21:39:35--irods-testing-ai84z0km/originalfile.txt.2078437275
    |   otherrods         0 demoResc           15 2024-08-05.21:39 & originalfile.txt.2301628653
    |         generic    /var/lib/irods/demoRescVault/trash/home/otherrods/2024-08-05Z21:39:35--irods-testing-ai84z0km/originalfile.txt.2301628653
    |   otherrods         0 demoResc           15 2024-08-05.21:39 & originalfile.txt.2376841731
    |         generic    /var/lib/irods/demoRescVault/trash/home/otherrods/2024-08-05Z21:39:35--irods-testing-ai84z0km/originalfile.txt.2376841731
    |   otherrods         0 demoResc           15 2024-08-05.21:39 & originalfile.txt.2673410062
    |         generic    /var/lib/irods/demoRescVault/trash/home/otherrods/2024-08-05Z21:39:35--irods-testing-ai84z0km/originalfile.txt.2673410062
    |   otherrods         0 demoResc           15 2024-08-05.21:40 & originalfile.txt.2794986958
    |         generic    /var/lib/irods/demoRescVault/trash/home/otherrods/2024-08-05Z21:39:35--irods-testing-ai84z0km/originalfile.txt.2794986958
    |   otherrods         0 demoResc           15 2024-08-05.21:39 & originalfile.txt.2991757545
    |         generic    /var/lib/irods/demoRescVault/trash/home/otherrods/2024-08-05Z21:39:35--irods-testing-ai84z0km/originalfile.txt.2991757545
    |   otherrods         0 demoResc           15 2024-08-05.21:40 & originalfile.txt.3179891669
    |         generic    /var/lib/irods/demoRescVault/trash/home/otherrods/2024-08-05Z21:39:35--irods-testing-ai84z0km/originalfile.txt.3179891669
    |   otherrods         0 demoResc           15 2024-08-05.21:39 & originalfile.txt.321328630
    |         generic    /var/lib/irods/demoRescVault/trash/home/otherrods/2024-08-05Z21:39:35--irods-testing-ai84z0km/originalfile.txt.321328630
    |   otherrods         0 demoResc           15 2024-08-05.21:39 & originalfile.txt.3216336069
    |         generic    /var/lib/irods/demoRescVault/trash/home/otherrods/2024-08-05Z21:39:35--irods-testing-ai84z0km/originalfile.txt.3216336069
    |   otherrods         0 demoResc           15 2024-08-05.21:40 & originalfile.txt.334789446
    |         generic    /var/lib/irods/demoRescVault/trash/home/otherrods/2024-08-05Z21:39:35--irods-testing-ai84z0km/originalfile.txt.334789446
    |   otherrods         0 demoResc           15 2024-08-05.21:39 & originalfile.txt.339993004
    |         generic    /var/lib/irods/demoRescVault/trash/home/otherrods/2024-08-05Z21:39:35--irods-testing-ai84z0km/originalfile.txt.339993004
    |   otherrods         0 demoResc           15 2024-08-05.21:40 & originalfile.txt.3426777755
    |         generic    /var/lib/irods/demoRescVault/trash/home/otherrods/2024-08-05Z21:39:35--irods-testing-ai84z0km/originalfile.txt.3426777755
    |   otherrods         0 demoResc           15 2024-08-05.21:40 & originalfile.txt.3451165281
    |         generic    /var/lib/irods/demoRescVault/trash/home/otherrods/2024-08-05Z21:39:35--irods-testing-ai84z0km/originalfile.txt.3451165281
    |   otherrods         0 demoResc           15 2024-08-05.21:40 & originalfile.txt.3499526793
    |         generic    /var/lib/irods/demoRescVault/trash/home/otherrods/2024-08-05Z21:39:35--irods-testing-ai84z0km/originalfile.txt.3499526793
    |   otherrods         0 demoResc           15 2024-08-05.21:39 & originalfile.txt.357009803
    |         generic    /var/lib/irods/demoRescVault/trash/home/otherrods/2024-08-05Z21:39:35--irods-testing-ai84z0km/originalfile.txt.357009803
    |   otherrods         0 demoResc           15 2024-08-05.21:39 & originalfile.txt.3718122923
    |         generic    /var/lib/irods/demoRescVault/trash/home/otherrods/2024-08-05Z21:39:35--irods-testing-ai84z0km/originalfile.txt.3718122923
    |   otherrods         0 demoResc           15 2024-08-05.21:40 & originalfile.txt.3822708382
    |         generic    /var/lib/irods/demoRescVault/trash/home/otherrods/2024-08-05Z21:39:35--irods-testing-ai84z0km/originalfile.txt.3822708382
    |   otherrods         0 demoResc           15 2024-08-05.21:39 & originalfile.txt.3942436689
    |         generic    /var/lib/irods/demoRescVault/trash/home/otherrods/2024-08-05Z21:39:35--irods-testing-ai84z0km/originalfile.txt.3942436689
    |   otherrods         0 demoResc           15 2024-08-05.21:39 & originalfile.txt.4004757586
    |         generic    /var/lib/irods/demoRescVault/trash/home/otherrods/2024-08-05Z21:39:35--irods-testing-ai84z0km/originalfile.txt.4004757586
    |   otherrods         0 demoResc           15 2024-08-05.21:40 & originalfile.txt.4016724255
    |         generic    /var/lib/irods/demoRescVault/trash/home/otherrods/2024-08-05Z21:39:35--irods-testing-ai84z0km/originalfile.txt.4016724255
    |   otherrods         0 demoResc           15 2024-08-05.21:39 & originalfile.txt.405658184
    |         generic    /var/lib/irods/demoRescVault/trash/home/otherrods/2024-08-05Z21:39:35--irods-testing-ai84z0km/originalfile.txt.405658184
    |   otherrods         0 demoResc           15 2024-08-05.21:39 & originalfile.txt.4257693603
    |         generic    /var/lib/irods/demoRescVault/trash/home/otherrods/2024-08-05Z21:39:35--irods-testing-ai84z0km/originalfile.txt.4257693603
    |   otherrods         0 demoResc           15 2024-08-05.21:39 & originalfile.txt.603492529
    |         generic    /var/lib/irods/demoRescVault/trash/home/otherrods/2024-08-05Z21:39:35--irods-testing-ai84z0km/originalfile.txt.603492529
    |   otherrods         0 demoResc           15 2024-08-05.21:40 & originalfile.txt.646325580
    |         generic    /var/lib/irods/demoRescVault/trash/home/otherrods/2024-08-05Z21:39:35--irods-testing-ai84z0km/originalfile.txt.646325580
    |   otherrods         0 demoResc           15 2024-08-05.21:40 & originalfile.txt.744718448
    |         generic    /var/lib/irods/demoRescVault/trash/home/otherrods/2024-08-05Z21:39:35--irods-testing-ai84z0km/originalfile.txt.744718448
    |   otherrods         0 demoResc           15 2024-08-05.21:40 & originalfile.txt.775522380
    |         generic    /var/lib/irods/demoRescVault/trash/home/otherrods/2024-08-05Z21:39:35--irods-testing-ai84z0km/originalfile.txt.775522380
    |   otherrods         0 demoResc           15 2024-08-05.21:39 & originalfile.txt.839369006
    |         generic    /var/lib/irods/demoRescVault/trash/home/otherrods/2024-08-05Z21:39:35--irods-testing-ai84z0km/originalfile.txt.839369006
    |   otherrods         0 demoResc           15 2024-08-05.21:39 & originalfile.txt.857359637
    |         generic    /var/lib/irods/demoRescVault/trash/home/otherrods/2024-08-05Z21:39:35--irods-testing-ai84z0km/originalfile.txt.857359637
    |   otherrods         0 demoResc           15 2024-08-05.21:39 & originalfile.txt.900936846
    |         generic    /var/lib/irods/demoRescVault/trash/home/otherrods/2024-08-05Z21:39:35--irods-testing-ai84z0km/originalfile.txt.900936846
  stderr:
    | 
Output found

 --- IrodsSession: icommand executed by [otherrods#tempZone] [iput originalfile.txt] --- 
Assert Command: iput originalfile.txt
Expecting EMPTY: ['']
  stdout:
    | 
  stderr:
    | 
Output found

 --- IrodsSession: icommand executed by [otherrods#tempZone] [irm originalfile.txt] --- 
Assert Command: irm originalfile.txt
Expecting EMPTY: ['']
  stdout:
    | 
  stderr:
    | 
Output found

 --- IrodsSession: icommand executed by [otherrods#tempZone] [ils -L /tempZone/trash/home/otherrods/2024-08-05Z21:39:35--irods-testing-ai84z0km] --- 
Assert Command: ils -L /tempZone/trash/home/otherrods/2024-08-05Z21:39:35--irods-testing-ai84z0km
Expecting STDOUT_SINGLELINE: ['originalfile.txt']
  stdout:
    | /tempZone/trash/home/otherrods/2024-08-05Z21:39:35--irods-testing-ai84z0km:
    |   otherrods         0 demoResc           15 2024-08-05.21:39 & originalfile.txt
    |         generic    /var/lib/irods/demoRescVault/trash/home/otherrods/2024-08-05Z21:39:35--irods-testing-ai84z0km/originalfile.txt
    |   otherrods         0 demoResc           15 2024-08-05.21:40 & originalfile.txt.1058181669
    |         generic    /var/lib/irods/demoRescVault/trash/home/otherrods/2024-08-05Z21:39:35--irods-testing-ai84z0km/originalfile.txt.1058181669
    |   otherrods         0 demoResc           15 2024-08-05.21:40 & originalfile.txt.1152935250
    |         generic    /var/lib/irods/demoRescVault/trash/home/otherrods/2024-08-05Z21:39:35--irods-testing-ai84z0km/originalfile.txt.1152935250
    |   otherrods         0 demoResc           15 2024-08-05.21:40 & originalfile.txt.1178984695
    |         generic    /var/lib/irods/demoRescVault/trash/home/otherrods/2024-08-05Z21:39:35--irods-testing-ai84z0km/originalfile.txt.1178984695
    |   otherrods         0 demoResc           15 2024-08-05.21:40 & originalfile.txt.1258049683
    |         generic    /var/lib/irods/demoRescVault/trash/home/otherrods/2024-08-05Z21:39:35--irods-testing-ai84z0km/originalfile.txt.1258049683
    |   otherrods         0 demoResc           15 2024-08-05.21:39 & originalfile.txt.1373657499
    |         generic    /var/lib/irods/demoRescVault/trash/home/otherrods/2024-08-05Z21:39:35--irods-testing-ai84z0km/originalfile.txt.1373657499
    |   otherrods         0 demoResc           15 2024-08-05.21:39 & originalfile.txt.1530221949
    |         generic    /var/lib/irods/demoRescVault/trash/home/otherrods/2024-08-05Z21:39:35--irods-testing-ai84z0km/originalfile.txt.1530221949
    |   otherrods         0 demoResc           15 2024-08-05.21:40 & originalfile.txt.1553394122
    |         generic    /var/lib/irods/demoRescVault/trash/home/otherrods/2024-08-05Z21:39:35--irods-testing-ai84z0km/originalfile.txt.1553394122
    |   otherrods         0 demoResc           15 2024-08-05.21:40 & originalfile.txt.1617915776
    |         generic    /var/lib/irods/demoRescVault/trash/home/otherrods/2024-08-05Z21:39:35--irods-testing-ai84z0km/originalfile.txt.1617915776
    |   otherrods         0 demoResc           15 2024-08-05.21:39 & originalfile.txt.1653914485
    |         generic    /var/lib/irods/demoRescVault/trash/home/otherrods/2024-08-05Z21:39:35--irods-testing-ai84z0km/originalfile.txt.1653914485
    |   otherrods         0 demoResc           15 2024-08-05.21:40 & originalfile.txt.1796296947
    |         generic    /var/lib/irods/demoRescVault/trash/home/otherrods/2024-08-05Z21:39:35--irods-testing-ai84z0km/originalfile.txt.1796296947
    |   otherrods         0 demoResc           15 2024-08-05.21:40 & originalfile.txt.1862640286
    |         generic    /var/lib/irods/demoRescVault/trash/home/otherrods/2024-08-05Z21:39:35--irods-testing-ai84z0km/originalfile.txt.1862640286
    |   otherrods         0 demoResc           15 2024-08-05.21:39 & originalfile.txt.1924925800
    |         generic    /var/lib/irods/demoRescVault/trash/home/otherrods/2024-08-05Z21:39:35--irods-testing-ai84z0km/originalfile.txt.1924925800
    |   otherrods         0 demoResc           15 2024-08-05.21:40 & originalfile.txt.19830613
    |         generic    /var/lib/irods/demoRescVault/trash/home/otherrods/2024-08-05Z21:39:35--irods-testing-ai84z0km/originalfile.txt.19830613
    |   otherrods         0 demoResc           15 2024-08-05.21:40 & originalfile.txt.2076523065
    |         generic    /var/lib/irods/demoRescVault/trash/home/otherrods/2024-08-05Z21:39:35--irods-testing-ai84z0km/originalfile.txt.2076523065
    |   otherrods         0 demoResc           15 2024-08-05.21:39 & originalfile.txt.2078437275
    |         generic    /var/lib/irods/demoRescVault/trash/home/otherrods/2024-08-05Z21:39:35--irods-testing-ai84z0km/originalfile.txt.2078437275
    |   otherrods         0 demoResc           15 2024-08-05.21:39 & originalfile.txt.2301628653
    |         generic    /var/lib/irods/demoRescVault/trash/home/otherrods/2024-08-05Z21:39:35--irods-testing-ai84z0km/originalfile.txt.2301628653
    |   otherrods         0 demoResc           15 2024-08-05.21:39 & originalfile.txt.2376841731
    |         generic    /var/lib/irods/demoRescVault/trash/home/otherrods/2024-08-05Z21:39:35--irods-testing-ai84z0km/originalfile.txt.2376841731
    |   otherrods         0 demoResc           15 2024-08-05.21:39 & originalfile.txt.2673410062
    |         generic    /var/lib/irods/demoRescVault/trash/home/otherrods/2024-08-05Z21:39:35--irods-testing-ai84z0km/originalfile.txt.2673410062
    |   otherrods         0 demoResc           15 2024-08-05.21:40 & originalfile.txt.2794986958
    |         generic    /var/lib/irods/demoRescVault/trash/home/otherrods/2024-08-05Z21:39:35--irods-testing-ai84z0km/originalfile.txt.2794986958
    |   otherrods         0 demoResc           15 2024-08-05.21:39 & originalfile.txt.2991757545
    |         generic    /var/lib/irods/demoRescVault/trash/home/otherrods/2024-08-05Z21:39:35--irods-testing-ai84z0km/originalfile.txt.2991757545
    |   otherrods         0 demoResc           15 2024-08-05.21:40 & originalfile.txt.3179891669
    |         generic    /var/lib/irods/demoRescVault/trash/home/otherrods/2024-08-05Z21:39:35--irods-testing-ai84z0km/originalfile.txt.3179891669
    |   otherrods         0 demoResc           15 2024-08-05.21:39 & originalfile.txt.321328630
    |         generic    /var/lib/irods/demoRescVault/trash/home/otherrods/2024-08-05Z21:39:35--irods-testing-ai84z0km/originalfile.txt.321328630
    |   otherrods         0 demoResc           15 2024-08-05.21:39 & originalfile.txt.3216336069
    |         generic    /var/lib/irods/demoRescVault/trash/home/otherrods/2024-08-05Z21:39:35--irods-testing-ai84z0km/originalfile.txt.3216336069
    |   otherrods         0 demoResc           15 2024-08-05.21:40 & originalfile.txt.334789446
    |         generic    /var/lib/irods/demoRescVault/trash/home/otherrods/2024-08-05Z21:39:35--irods-testing-ai84z0km/originalfile.txt.334789446
    |   otherrods         0 demoResc           15 2024-08-05.21:39 & originalfile.txt.339993004
    |         generic    /var/lib/irods/demoRescVault/trash/home/otherrods/2024-08-05Z21:39:35--irods-testing-ai84z0km/originalfile.txt.339993004
    |   otherrods         0 demoResc           15 2024-08-05.21:40 & originalfile.txt.3426777755
    |         generic    /var/lib/irods/demoRescVault/trash/home/otherrods/2024-08-05Z21:39:35--irods-testing-ai84z0km/originalfile.txt.3426777755
    |   otherrods         0 demoResc           15 2024-08-05.21:40 & originalfile.txt.3451165281
    |         generic    /var/lib/irods/demoRescVault/trash/home/otherrods/2024-08-05Z21:39:35--irods-testing-ai84z0km/originalfile.txt.3451165281
    |   otherrods         0 demoResc           15 2024-08-05.21:40 & originalfile.txt.3499526793
    |         generic    /var/lib/irods/demoRescVault/trash/home/otherrods/2024-08-05Z21:39:35--irods-testing-ai84z0km/originalfile.txt.3499526793
    |   otherrods         0 demoResc           15 2024-08-05.21:39 & originalfile.txt.357009803
    |         generic    /var/lib/irods/demoRescVault/trash/home/otherrods/2024-08-05Z21:39:35--irods-testing-ai84z0km/originalfile.txt.357009803
    |   otherrods         0 demoResc           15 2024-08-05.21:39 & originalfile.txt.3718122923
    |         generic    /var/lib/irods/demoRescVault/trash/home/otherrods/2024-08-05Z21:39:35--irods-testing-ai84z0km/originalfile.txt.3718122923
    |   otherrods         0 demoResc           15 2024-08-05.21:40 & originalfile.txt.3822708382
    |         generic    /var/lib/irods/demoRescVault/trash/home/otherrods/2024-08-05Z21:39:35--irods-testing-ai84z0km/originalfile.txt.3822708382
    |   otherrods         0 demoResc           15 2024-08-05.21:39 & originalfile.txt.3942436689
    |         generic    /var/lib/irods/demoRescVault/trash/home/otherrods/2024-08-05Z21:39:35--irods-testing-ai84z0km/originalfile.txt.3942436689
    |   otherrods         0 demoResc           15 2024-08-05.21:39 & originalfile.txt.4004757586
    |         generic    /var/lib/irods/demoRescVault/trash/home/otherrods/2024-08-05Z21:39:35--irods-testing-ai84z0km/originalfile.txt.4004757586
    |   otherrods         0 demoResc           15 2024-08-05.21:40 & originalfile.txt.4016724255
    |         generic    /var/lib/irods/demoRescVault/trash/home/otherrods/2024-08-05Z21:39:35--irods-testing-ai84z0km/originalfile.txt.4016724255
    |   otherrods         0 demoResc           15 2024-08-05.21:39 & originalfile.txt.405658184
    |         generic    /var/lib/irods/demoRescVault/trash/home/otherrods/2024-08-05Z21:39:35--irods-testing-ai84z0km/originalfile.txt.405658184
    |   otherrods         0 demoResc           15 2024-08-05.21:39 & originalfile.txt.4257693603
    |         generic    /var/lib/irods/demoRescVault/trash/home/otherrods/2024-08-05Z21:39:35--irods-testing-ai84z0km/originalfile.txt.4257693603
    |   otherrods         0 demoResc           15 2024-08-05.21:39 & originalfile.txt.603492529
    |         generic    /var/lib/irods/demoRescVault/trash/home/otherrods/2024-08-05Z21:39:35--irods-testing-ai84z0km/originalfile.txt.603492529
    |   otherrods         0 demoResc           15 2024-08-05.21:40 & originalfile.txt.640370572
    |         generic    /var/lib/irods/demoRescVault/trash/home/otherrods/2024-08-05Z21:39:35--irods-testing-ai84z0km/originalfile.txt.640370572
    |   otherrods         0 demoResc           15 2024-08-05.21:40 & originalfile.txt.646325580
    |         generic    /var/lib/irods/demoRescVault/trash/home/otherrods/2024-08-05Z21:39:35--irods-testing-ai84z0km/originalfile.txt.646325580
    |   otherrods         0 demoResc           15 2024-08-05.21:40 & originalfile.txt.744718448
    |         generic    /var/lib/irods/demoRescVault/trash/home/otherrods/2024-08-05Z21:39:35--irods-testing-ai84z0km/originalfile.txt.744718448
    |   otherrods         0 demoResc           15 2024-08-05.21:40 & originalfile.txt.775522380
    |         generic    /var/lib/irods/demoRescVault/trash/home/otherrods/2024-08-05Z21:39:35--irods-testing-ai84z0km/originalfile.txt.775522380
    |   otherrods         0 demoResc           15 2024-08-05.21:39 & originalfile.txt.839369006
    |         generic    /var/lib/irods/demoRescVault/trash/home/otherrods/2024-08-05Z21:39:35--irods-testing-ai84z0km/originalfile.txt.839369006
    |   otherrods         0 demoResc           15 2024-08-05.21:39 & originalfile.txt.857359637
    |         generic    /var/lib/irods/demoRescVault/trash/home/otherrods/2024-08-05Z21:39:35--irods-testing-ai84z0km/originalfile.txt.857359637
    |   otherrods         0 demoResc           15 2024-08-05.21:39 & originalfile.txt.900936846
    |         generic    /var/lib/irods/demoRescVault/trash/home/otherrods/2024-08-05Z21:39:35--irods-testing-ai84z0km/originalfile.txt.900936846
  stderr:
    | 
Output found

 --- IrodsSession: icommand executed by [otherrods#tempZone] [iput originalfile.txt] --- 
Assert Command: iput originalfile.txt
Expecting EMPTY: ['']
  stdout:
    | 
  stderr:
    | 
Output found

 --- IrodsSession: icommand executed by [otherrods#tempZone] [irm originalfile.txt] --- 
Assert Command: irm originalfile.txt
Expecting EMPTY: ['']
  stdout:
    | 
  stderr:
    | 
Output found

 --- IrodsSession: icommand executed by [otherrods#tempZone] [ils -L /tempZone/trash/home/otherrods/2024-08-05Z21:39:35--irods-testing-ai84z0km] --- 
Assert Command: ils -L /tempZone/trash/home/otherrods/2024-08-05Z21:39:35--irods-testing-ai84z0km
Expecting STDOUT_SINGLELINE: ['originalfile.txt']
  stdout:
    | /tempZone/trash/home/otherrods/2024-08-05Z21:39:35--irods-testing-ai84z0km:
    |   otherrods         0 demoResc           15 2024-08-05.21:39 & originalfile.txt
    |         generic    /var/lib/irods/demoRescVault/trash/home/otherrods/2024-08-05Z21:39:35--irods-testing-ai84z0km/originalfile.txt
    |   otherrods         0 demoResc           15 2024-08-05.21:40 & originalfile.txt.1058181669
    |         generic    /var/lib/irods/demoRescVault/trash/home/otherrods/2024-08-05Z21:39:35--irods-testing-ai84z0km/originalfile.txt.1058181669
    |   otherrods         0 demoResc           15 2024-08-05.21:40 & originalfile.txt.1152935250
    |         generic    /var/lib/irods/demoRescVault/trash/home/otherrods/2024-08-05Z21:39:35--irods-testing-ai84z0km/originalfile.txt.1152935250
    |   otherrods         0 demoResc           15 2024-08-05.21:40 & originalfile.txt.1178984695
    |         generic    /var/lib/irods/demoRescVault/trash/home/otherrods/2024-08-05Z21:39:35--irods-testing-ai84z0km/originalfile.txt.1178984695
    |   otherrods         0 demoResc           15 2024-08-05.21:40 & originalfile.txt.1258049683
    |         generic    /var/lib/irods/demoRescVault/trash/home/otherrods/2024-08-05Z21:39:35--irods-testing-ai84z0km/originalfile.txt.1258049683
    |   otherrods         0 demoResc           15 2024-08-05.21:39 & originalfile.txt.1373657499
    |         generic    /var/lib/irods/demoRescVault/trash/home/otherrods/2024-08-05Z21:39:35--irods-testing-ai84z0km/originalfile.txt.1373657499
    |   otherrods         0 demoResc           15 2024-08-05.21:39 & originalfile.txt.1530221949
    |         generic    /var/lib/irods/demoRescVault/trash/home/otherrods/2024-08-05Z21:39:35--irods-testing-ai84z0km/originalfile.txt.1530221949
    |   otherrods         0 demoResc           15 2024-08-05.21:40 & originalfile.txt.1553394122
    |         generic    /var/lib/irods/demoRescVault/trash/home/otherrods/2024-08-05Z21:39:35--irods-testing-ai84z0km/originalfile.txt.1553394122
    |   otherrods         0 demoResc           15 2024-08-05.21:40 & originalfile.txt.1617915776
    |         generic    /var/lib/irods/demoRescVault/trash/home/otherrods/2024-08-05Z21:39:35--irods-testing-ai84z0km/originalfile.txt.1617915776
    |   otherrods         0 demoResc           15 2024-08-05.21:39 & originalfile.txt.1653914485
    |         generic    /var/lib/irods/demoRescVault/trash/home/otherrods/2024-08-05Z21:39:35--irods-testing-ai84z0km/originalfile.txt.1653914485
    |   otherrods         0 demoResc           15 2024-08-05.21:40 & originalfile.txt.1796296947
    |         generic    /var/lib/irods/demoRescVault/trash/home/otherrods/2024-08-05Z21:39:35--irods-testing-ai84z0km/originalfile.txt.1796296947
    |   otherrods         0 demoResc           15 2024-08-05.21:40 & originalfile.txt.1862640286
    |         generic    /var/lib/irods/demoRescVault/trash/home/otherrods/2024-08-05Z21:39:35--irods-testing-ai84z0km/originalfile.txt.1862640286
    |   otherrods         0 demoResc           15 2024-08-05.21:39 & originalfile.txt.1924925800
    |         generic    /var/lib/irods/demoRescVault/trash/home/otherrods/2024-08-05Z21:39:35--irods-testing-ai84z0km/originalfile.txt.1924925800
    |   otherrods         0 demoResc           15 2024-08-05.21:40 & originalfile.txt.19830613
    |         generic    /var/lib/irods/demoRescVault/trash/home/otherrods/2024-08-05Z21:39:35--irods-testing-ai84z0km/originalfile.txt.19830613
    |   otherrods         0 demoResc           15 2024-08-05.21:40 & originalfile.txt.2076523065
    |         generic    /var/lib/irods/demoRescVault/trash/home/otherrods/2024-08-05Z21:39:35--irods-testing-ai84z0km/originalfile.txt.2076523065
    |   otherrods         0 demoResc           15 2024-08-05.21:39 & originalfile.txt.2078437275
    |         generic    /var/lib/irods/demoRescVault/trash/home/otherrods/2024-08-05Z21:39:35--irods-testing-ai84z0km/originalfile.txt.2078437275
    |   otherrods         0 demoResc           15 2024-08-05.21:39 & originalfile.txt.2301628653
    |         generic    /var/lib/irods/demoRescVault/trash/home/otherrods/2024-08-05Z21:39:35--irods-testing-ai84z0km/originalfile.txt.2301628653
    |   otherrods         0 demoResc           15 2024-08-05.21:39 & originalfile.txt.2376841731
    |         generic    /var/lib/irods/demoRescVault/trash/home/otherrods/2024-08-05Z21:39:35--irods-testing-ai84z0km/originalfile.txt.2376841731
    |   otherrods         0 demoResc           15 2024-08-05.21:40 & originalfile.txt.2428321982
    |         generic    /var/lib/irods/demoRescVault/trash/home/otherrods/2024-08-05Z21:39:35--irods-testing-ai84z0km/originalfile.txt.2428321982
    |   otherrods         0 demoResc           15 2024-08-05.21:39 & originalfile.txt.2673410062
    |         generic    /var/lib/irods/demoRescVault/trash/home/otherrods/2024-08-05Z21:39:35--irods-testing-ai84z0km/originalfile.txt.2673410062
    |   otherrods         0 demoResc           15 2024-08-05.21:40 & originalfile.txt.2794986958
    |         generic    /var/lib/irods/demoRescVault/trash/home/otherrods/2024-08-05Z21:39:35--irods-testing-ai84z0km/originalfile.txt.2794986958
    |   otherrods         0 demoResc           15 2024-08-05.21:39 & originalfile.txt.2991757545
    |         generic    /var/lib/irods/demoRescVault/trash/home/otherrods/2024-08-05Z21:39:35--irods-testing-ai84z0km/originalfile.txt.2991757545
    |   otherrods         0 demoResc           15 2024-08-05.21:40 & originalfile.txt.3179891669
    |         generic    /var/lib/irods/demoRescVault/trash/home/otherrods/2024-08-05Z21:39:35--irods-testing-ai84z0km/originalfile.txt.3179891669
    |   otherrods         0 demoResc           15 2024-08-05.21:39 & originalfile.txt.321328630
    |         generic    /var/lib/irods/demoRescVault/trash/home/otherrods/2024-08-05Z21:39:35--irods-testing-ai84z0km/originalfile.txt.321328630
    |   otherrods         0 demoResc           15 2024-08-05.21:39 & originalfile.txt.3216336069
    |         generic    /var/lib/irods/demoRescVault/trash/home/otherrods/2024-08-05Z21:39:35--irods-testing-ai84z0km/originalfile.txt.3216336069
    |   otherrods         0 demoResc           15 2024-08-05.21:40 & originalfile.txt.334789446
    |         generic    /var/lib/irods/demoRescVault/trash/home/otherrods/2024-08-05Z21:39:35--irods-testing-ai84z0km/originalfile.txt.334789446
    |   otherrods         0 demoResc           15 2024-08-05.21:39 & originalfile.txt.339993004
    |         generic    /var/lib/irods/demoRescVault/trash/home/otherrods/2024-08-05Z21:39:35--irods-testing-ai84z0km/originalfile.txt.339993004
    |   otherrods         0 demoResc           15 2024-08-05.21:40 & originalfile.txt.3426777755
    |         generic    /var/lib/irods/demoRescVault/trash/home/otherrods/2024-08-05Z21:39:35--irods-testing-ai84z0km/originalfile.txt.3426777755
    |   otherrods         0 demoResc           15 2024-08-05.21:40 & originalfile.txt.3451165281
    |         generic    /var/lib/irods/demoRescVault/trash/home/otherrods/2024-08-05Z21:39:35--irods-testing-ai84z0km/originalfile.txt.3451165281
    |   otherrods         0 demoResc           15 2024-08-05.21:40 & originalfile.txt.3499526793
    |         generic    /var/lib/irods/demoRescVault/trash/home/otherrods/2024-08-05Z21:39:35--irods-testing-ai84z0km/originalfile.txt.3499526793
    |   otherrods         0 demoResc           15 2024-08-05.21:39 & originalfile.txt.357009803
    |         generic    /var/lib/irods/demoRescVault/trash/home/otherrods/2024-08-05Z21:39:35--irods-testing-ai84z0km/originalfile.txt.357009803
    |   otherrods         0 demoResc           15 2024-08-05.21:39 & originalfile.txt.3718122923
    |         generic    /var/lib/irods/demoRescVault/trash/home/otherrods/2024-08-05Z21:39:35--irods-testing-ai84z0km/originalfile.txt.3718122923
    |   otherrods         0 demoResc           15 2024-08-05.21:40 & originalfile.txt.3822708382
    |         generic    /var/lib/irods/demoRescVault/trash/home/otherrods/2024-08-05Z21:39:35--irods-testing-ai84z0km/originalfile.txt.3822708382
    |   otherrods         0 demoResc           15 2024-08-05.21:39 & originalfile.txt.3942436689
    |         generic    /var/lib/irods/demoRescVault/trash/home/otherrods/2024-08-05Z21:39:35--irods-testing-ai84z0km/originalfile.txt.3942436689
    |   otherrods         0 demoResc           15 2024-08-05.21:39 & originalfile.txt.4004757586
    |         generic    /var/lib/irods/demoRescVault/trash/home/otherrods/2024-08-05Z21:39:35--irods-testing-ai84z0km/originalfile.txt.4004757586
    |   otherrods         0 demoResc           15 2024-08-05.21:40 & originalfile.txt.4016724255
    |         generic    /var/lib/irods/demoRescVault/trash/home/otherrods/2024-08-05Z21:39:35--irods-testing-ai84z0km/originalfile.txt.4016724255
    |   otherrods         0 demoResc           15 2024-08-05.21:39 & originalfile.txt.405658184
    |         generic    /var/lib/irods/demoRescVault/trash/home/otherrods/2024-08-05Z21:39:35--irods-testing-ai84z0km/originalfile.txt.405658184
    |   otherrods         0 demoResc           15 2024-08-05.21:39 & originalfile.txt.4257693603
    |         generic    /var/lib/irods/demoRescVault/trash/home/otherrods/2024-08-05Z21:39:35--irods-testing-ai84z0km/originalfile.txt.4257693603
    |   otherrods         0 demoResc           15 2024-08-05.21:39 & originalfile.txt.603492529
    |         generic    /var/lib/irods/demoRescVault/trash/home/otherrods/2024-08-05Z21:39:35--irods-testing-ai84z0km/originalfile.txt.603492529
    |   otherrods         0 demoResc           15 2024-08-05.21:40 & originalfile.txt.640370572
    |         generic    /var/lib/irods/demoRescVault/trash/home/otherrods/2024-08-05Z21:39:35--irods-testing-ai84z0km/originalfile.txt.640370572
    |   otherrods         0 demoResc           15 2024-08-05.21:40 & originalfile.txt.646325580
    |         generic    /var/lib/irods/demoRescVault/trash/home/otherrods/2024-08-05Z21:39:35--irods-testing-ai84z0km/originalfile.txt.646325580
    |   otherrods         0 demoResc           15 2024-08-05.21:40 & originalfile.txt.744718448
    |         generic    /var/lib/irods/demoRescVault/trash/home/otherrods/2024-08-05Z21:39:35--irods-testing-ai84z0km/originalfile.txt.744718448
    |   otherrods         0 demoResc           15 2024-08-05.21:40 & originalfile.txt.775522380
    |         generic    /var/lib/irods/demoRescVault/trash/home/otherrods/2024-08-05Z21:39:35--irods-testing-ai84z0km/originalfile.txt.775522380
    |   otherrods         0 demoResc           15 2024-08-05.21:39 & originalfile.txt.839369006
    |         generic    /var/lib/irods/demoRescVault/trash/home/otherrods/2024-08-05Z21:39:35--irods-testing-ai84z0km/originalfile.txt.839369006
    |   otherrods         0 demoResc           15 2024-08-05.21:39 & originalfile.txt.857359637
    |         generic    /var/lib/irods/demoRescVault/trash/home/otherrods/2024-08-05Z21:39:35--irods-testing-ai84z0km/originalfile.txt.857359637
    |   otherrods         0 demoResc           15 2024-08-05.21:39 & originalfile.txt.900936846
    |         generic    /var/lib/irods/demoRescVault/trash/home/otherrods/2024-08-05Z21:39:35--irods-testing-ai84z0km/originalfile.txt.900936846
  stderr:
    | 
Output found

 --- IrodsSession: icommand executed by [otherrods#tempZone] [iput originalfile.txt] --- 
Assert Command: iput originalfile.txt
Expecting EMPTY: ['']
  stdout:
    | 
  stderr:
    | 
Output found

 --- IrodsSession: icommand executed by [otherrods#tempZone] [irm originalfile.txt] --- 
Assert Command: irm originalfile.txt
Expecting EMPTY: ['']
  stdout:
    | 
  stderr:
    | 
Output found

 --- IrodsSession: icommand executed by [otherrods#tempZone] [ils -L /tempZone/trash/home/otherrods/2024-08-05Z21:39:35--irods-testing-ai84z0km] --- 
Assert Command: ils -L /tempZone/trash/home/otherrods/2024-08-05Z21:39:35--irods-testing-ai84z0km
Expecting STDOUT_SINGLELINE: ['originalfile.txt']
  stdout:
    | /tempZone/trash/home/otherrods/2024-08-05Z21:39:35--irods-testing-ai84z0km:
    |   otherrods         0 demoResc           15 2024-08-05.21:39 & originalfile.txt
    |         generic    /var/lib/irods/demoRescVault/trash/home/otherrods/2024-08-05Z21:39:35--irods-testing-ai84z0km/originalfile.txt
    |   otherrods         0 demoResc           15 2024-08-05.21:40 & originalfile.txt.1058181669
    |         generic    /var/lib/irods/demoRescVault/trash/home/otherrods/2024-08-05Z21:39:35--irods-testing-ai84z0km/originalfile.txt.1058181669
    |   otherrods         0 demoResc           15 2024-08-05.21:40 & originalfile.txt.1152935250
    |         generic    /var/lib/irods/demoRescVault/trash/home/otherrods/2024-08-05Z21:39:35--irods-testing-ai84z0km/originalfile.txt.1152935250
    |   otherrods         0 demoResc           15 2024-08-05.21:40 & originalfile.txt.1178984695
    |         generic    /var/lib/irods/demoRescVault/trash/home/otherrods/2024-08-05Z21:39:35--irods-testing-ai84z0km/originalfile.txt.1178984695
    |   otherrods         0 demoResc           15 2024-08-05.21:40 & originalfile.txt.1258049683
    |         generic    /var/lib/irods/demoRescVault/trash/home/otherrods/2024-08-05Z21:39:35--irods-testing-ai84z0km/originalfile.txt.1258049683
    |   otherrods         0 demoResc           15 2024-08-05.21:39 & originalfile.txt.1373657499
    |         generic    /var/lib/irods/demoRescVault/trash/home/otherrods/2024-08-05Z21:39:35--irods-testing-ai84z0km/originalfile.txt.1373657499
    |   otherrods         0 demoResc           15 2024-08-05.21:39 & originalfile.txt.1530221949
    |         generic    /var/lib/irods/demoRescVault/trash/home/otherrods/2024-08-05Z21:39:35--irods-testing-ai84z0km/originalfile.txt.1530221949
    |   otherrods         0 demoResc           15 2024-08-05.21:40 & originalfile.txt.1553394122
    |         generic    /var/lib/irods/demoRescVault/trash/home/otherrods/2024-08-05Z21:39:35--irods-testing-ai84z0km/originalfile.txt.1553394122
    |   otherrods         0 demoResc           15 2024-08-05.21:40 & originalfile.txt.1617915776
    |         generic    /var/lib/irods/demoRescVault/trash/home/otherrods/2024-08-05Z21:39:35--irods-testing-ai84z0km/originalfile.txt.1617915776
    |   otherrods         0 demoResc           15 2024-08-05.21:39 & originalfile.txt.1653914485
    |         generic    /var/lib/irods/demoRescVault/trash/home/otherrods/2024-08-05Z21:39:35--irods-testing-ai84z0km/originalfile.txt.1653914485
    |   otherrods         0 demoResc           15 2024-08-05.21:40 & originalfile.txt.1796296947
    |         generic    /var/lib/irods/demoRescVault/trash/home/otherrods/2024-08-05Z21:39:35--irods-testing-ai84z0km/originalfile.txt.1796296947
    |   otherrods         0 demoResc           15 2024-08-05.21:40 & originalfile.txt.1862640286
    |         generic    /var/lib/irods/demoRescVault/trash/home/otherrods/2024-08-05Z21:39:35--irods-testing-ai84z0km/originalfile.txt.1862640286
    |   otherrods         0 demoResc           15 2024-08-05.21:39 & originalfile.txt.1924925800
    |         generic    /var/lib/irods/demoRescVault/trash/home/otherrods/2024-08-05Z21:39:35--irods-testing-ai84z0km/originalfile.txt.1924925800
    |   otherrods         0 demoResc           15 2024-08-05.21:40 & originalfile.txt.19830613
    |         generic    /var/lib/irods/demoRescVault/trash/home/otherrods/2024-08-05Z21:39:35--irods-testing-ai84z0km/originalfile.txt.19830613
    |   otherrods         0 demoResc           15 2024-08-05.21:40 & originalfile.txt.2076523065
    |         generic    /var/lib/irods/demoRescVault/trash/home/otherrods/2024-08-05Z21:39:35--irods-testing-ai84z0km/originalfile.txt.2076523065
    |   otherrods         0 demoResc           15 2024-08-05.21:39 & originalfile.txt.2078437275
    |         generic    /var/lib/irods/demoRescVault/trash/home/otherrods/2024-08-05Z21:39:35--irods-testing-ai84z0km/originalfile.txt.2078437275
    |   otherrods         0 demoResc           15 2024-08-05.21:39 & originalfile.txt.2301628653
    |         generic    /var/lib/irods/demoRescVault/trash/home/otherrods/2024-08-05Z21:39:35--irods-testing-ai84z0km/originalfile.txt.2301628653
    |   otherrods         0 demoResc           15 2024-08-05.21:39 & originalfile.txt.2376841731
    |         generic    /var/lib/irods/demoRescVault/trash/home/otherrods/2024-08-05Z21:39:35--irods-testing-ai84z0km/originalfile.txt.2376841731
    |   otherrods         0 demoResc           15 2024-08-05.21:40 & originalfile.txt.2428321982
    |         generic    /var/lib/irods/demoRescVault/trash/home/otherrods/2024-08-05Z21:39:35--irods-testing-ai84z0km/originalfile.txt.2428321982
    |   otherrods         0 demoResc           15 2024-08-05.21:39 & originalfile.txt.2673410062
    |         generic    /var/lib/irods/demoRescVault/trash/home/otherrods/2024-08-05Z21:39:35--irods-testing-ai84z0km/originalfile.txt.2673410062
    |   otherrods         0 demoResc           15 2024-08-05.21:40 & originalfile.txt.2794986958
    |         generic    /var/lib/irods/demoRescVault/trash/home/otherrods/2024-08-05Z21:39:35--irods-testing-ai84z0km/originalfile.txt.2794986958
    |   otherrods         0 demoResc           15 2024-08-05.21:39 & originalfile.txt.2991757545
    |         generic    /var/lib/irods/demoRescVault/trash/home/otherrods/2024-08-05Z21:39:35--irods-testing-ai84z0km/originalfile.txt.2991757545
    |   otherrods         0 demoResc           15 2024-08-05.21:40 & originalfile.txt.3179891669
    |         generic    /var/lib/irods/demoRescVault/trash/home/otherrods/2024-08-05Z21:39:35--irods-testing-ai84z0km/originalfile.txt.3179891669
    |   otherrods         0 demoResc           15 2024-08-05.21:39 & originalfile.txt.321328630
    |         generic    /var/lib/irods/demoRescVault/trash/home/otherrods/2024-08-05Z21:39:35--irods-testing-ai84z0km/originalfile.txt.321328630
    |   otherrods         0 demoResc           15 2024-08-05.21:39 & originalfile.txt.3216336069
    |         generic    /var/lib/irods/demoRescVault/trash/home/otherrods/2024-08-05Z21:39:35--irods-testing-ai84z0km/originalfile.txt.3216336069
    |   otherrods         0 demoResc           15 2024-08-05.21:40 & originalfile.txt.3297706448
    |         generic    /var/lib/irods/demoRescVault/trash/home/otherrods/2024-08-05Z21:39:35--irods-testing-ai84z0km/originalfile.txt.3297706448
    |   otherrods         0 demoResc           15 2024-08-05.21:40 & originalfile.txt.334789446
    |         generic    /var/lib/irods/demoRescVault/trash/home/otherrods/2024-08-05Z21:39:35--irods-testing-ai84z0km/originalfile.txt.334789446
    |   otherrods         0 demoResc           15 2024-08-05.21:39 & originalfile.txt.339993004
    |         generic    /var/lib/irods/demoRescVault/trash/home/otherrods/2024-08-05Z21:39:35--irods-testing-ai84z0km/originalfile.txt.339993004
    |   otherrods         0 demoResc           15 2024-08-05.21:40 & originalfile.txt.3426777755
    |         generic    /var/lib/irods/demoRescVault/trash/home/otherrods/2024-08-05Z21:39:35--irods-testing-ai84z0km/originalfile.txt.3426777755
    |   otherrods         0 demoResc           15 2024-08-05.21:40 & originalfile.txt.3451165281
    |         generic    /var/lib/irods/demoRescVault/trash/home/otherrods/2024-08-05Z21:39:35--irods-testing-ai84z0km/originalfile.txt.3451165281
    |   otherrods         0 demoResc           15 2024-08-05.21:40 & originalfile.txt.3499526793
    |         generic    /var/lib/irods/demoRescVault/trash/home/otherrods/2024-08-05Z21:39:35--irods-testing-ai84z0km/originalfile.txt.3499526793
    |   otherrods         0 demoResc           15 2024-08-05.21:39 & originalfile.txt.357009803
    |         generic    /var/lib/irods/demoRescVault/trash/home/otherrods/2024-08-05Z21:39:35--irods-testing-ai84z0km/originalfile.txt.357009803
    |   otherrods         0 demoResc           15 2024-08-05.21:39 & originalfile.txt.3718122923
    |         generic    /var/lib/irods/demoRescVault/trash/home/otherrods/2024-08-05Z21:39:35--irods-testing-ai84z0km/originalfile.txt.3718122923
    |   otherrods         0 demoResc           15 2024-08-05.21:40 & originalfile.txt.3822708382
    |         generic    /var/lib/irods/demoRescVault/trash/home/otherrods/2024-08-05Z21:39:35--irods-testing-ai84z0km/originalfile.txt.3822708382
    |   otherrods         0 demoResc           15 2024-08-05.21:39 & originalfile.txt.3942436689
    |         generic    /var/lib/irods/demoRescVault/trash/home/otherrods/2024-08-05Z21:39:35--irods-testing-ai84z0km/originalfile.txt.3942436689
    |   otherrods         0 demoResc           15 2024-08-05.21:39 & originalfile.txt.4004757586
    |         generic    /var/lib/irods/demoRescVault/trash/home/otherrods/2024-08-05Z21:39:35--irods-testing-ai84z0km/originalfile.txt.4004757586
    |   otherrods         0 demoResc           15 2024-08-05.21:40 & originalfile.txt.4016724255
    |         generic    /var/lib/irods/demoRescVault/trash/home/otherrods/2024-08-05Z21:39:35--irods-testing-ai84z0km/originalfile.txt.4016724255
    |   otherrods         0 demoResc           15 2024-08-05.21:39 & originalfile.txt.405658184
    |         generic    /var/lib/irods/demoRescVault/trash/home/otherrods/2024-08-05Z21:39:35--irods-testing-ai84z0km/originalfile.txt.405658184
    |   otherrods         0 demoResc           15 2024-08-05.21:39 & originalfile.txt.4257693603
    |         generic    /var/lib/irods/demoRescVault/trash/home/otherrods/2024-08-05Z21:39:35--irods-testing-ai84z0km/originalfile.txt.4257693603
    |   otherrods         0 demoResc           15 2024-08-05.21:39 & originalfile.txt.603492529
    |         generic    /var/lib/irods/demoRescVault/trash/home/otherrods/2024-08-05Z21:39:35--irods-testing-ai84z0km/originalfile.txt.603492529
    |   otherrods         0 demoResc           15 2024-08-05.21:40 & originalfile.txt.640370572
    |         generic    /var/lib/irods/demoRescVault/trash/home/otherrods/2024-08-05Z21:39:35--irods-testing-ai84z0km/originalfile.txt.640370572
    |   otherrods         0 demoResc           15 2024-08-05.21:40 & originalfile.txt.646325580
    |         generic    /var/lib/irods/demoRescVault/trash/home/otherrods/2024-08-05Z21:39:35--irods-testing-ai84z0km/originalfile.txt.646325580
    |   otherrods         0 demoResc           15 2024-08-05.21:40 & originalfile.txt.744718448
    |         generic    /var/lib/irods/demoRescVault/trash/home/otherrods/2024-08-05Z21:39:35--irods-testing-ai84z0km/originalfile.txt.744718448
    |   otherrods         0 demoResc           15 2024-08-05.21:40 & originalfile.txt.775522380
    |         generic    /var/lib/irods/demoRescVault/trash/home/otherrods/2024-08-05Z21:39:35--irods-testing-ai84z0km/originalfile.txt.775522380
    |   otherrods         0 demoResc           15 2024-08-05.21:39 & originalfile.txt.839369006
    |         generic    /var/lib/irods/demoRescVault/trash/home/otherrods/2024-08-05Z21:39:35--irods-testing-ai84z0km/originalfile.txt.839369006
    |   otherrods         0 demoResc           15 2024-08-05.21:39 & originalfile.txt.857359637
    |         generic    /var/lib/irods/demoRescVault/trash/home/otherrods/2024-08-05Z21:39:35--irods-testing-ai84z0km/originalfile.txt.857359637
    |   otherrods         0 demoResc           15 2024-08-05.21:39 & originalfile.txt.900936846
    |         generic    /var/lib/irods/demoRescVault/trash/home/otherrods/2024-08-05Z21:39:35--irods-testing-ai84z0km/originalfile.txt.900936846
  stderr:
    | 
Output found

 --- IrodsSession: icommand executed by [otherrods#tempZone] [iput originalfile.txt] --- 
Assert Command: iput originalfile.txt
Expecting EMPTY: ['']
  stdout:
    | 
  stderr:
    | 
Output found

 --- IrodsSession: icommand executed by [otherrods#tempZone] [irm originalfile.txt] --- 
Assert Command: irm originalfile.txt
Expecting EMPTY: ['']
  stdout:
    | 
  stderr:
    | 
Output found

 --- IrodsSession: icommand executed by [otherrods#tempZone] [ils -L /tempZone/trash/home/otherrods/2024-08-05Z21:39:35--irods-testing-ai84z0km] --- 
Assert Command: ils -L /tempZone/trash/home/otherrods/2024-08-05Z21:39:35--irods-testing-ai84z0km
Expecting STDOUT_SINGLELINE: ['originalfile.txt']
  stdout:
    | /tempZone/trash/home/otherrods/2024-08-05Z21:39:35--irods-testing-ai84z0km:
    |   otherrods         0 demoResc           15 2024-08-05.21:39 & originalfile.txt
    |         generic    /var/lib/irods/demoRescVault/trash/home/otherrods/2024-08-05Z21:39:35--irods-testing-ai84z0km/originalfile.txt
    |   otherrods         0 demoResc           15 2024-08-05.21:40 & originalfile.txt.1058181669
    |         generic    /var/lib/irods/demoRescVault/trash/home/otherrods/2024-08-05Z21:39:35--irods-testing-ai84z0km/originalfile.txt.1058181669
    |   otherrods         0 demoResc           15 2024-08-05.21:40 & originalfile.txt.1152935250
    |         generic    /var/lib/irods/demoRescVault/trash/home/otherrods/2024-08-05Z21:39:35--irods-testing-ai84z0km/originalfile.txt.1152935250
    |   otherrods         0 demoResc           15 2024-08-05.21:40 & originalfile.txt.1178984695
    |         generic    /var/lib/irods/demoRescVault/trash/home/otherrods/2024-08-05Z21:39:35--irods-testing-ai84z0km/originalfile.txt.1178984695
    |   otherrods         0 demoResc           15 2024-08-05.21:40 & originalfile.txt.1258049683
    |         generic    /var/lib/irods/demoRescVault/trash/home/otherrods/2024-08-05Z21:39:35--irods-testing-ai84z0km/originalfile.txt.1258049683
    |   otherrods         0 demoResc           15 2024-08-05.21:39 & originalfile.txt.1373657499
    |         generic    /var/lib/irods/demoRescVault/trash/home/otherrods/2024-08-05Z21:39:35--irods-testing-ai84z0km/originalfile.txt.1373657499
    |   otherrods         0 demoResc           15 2024-08-05.21:39 & originalfile.txt.1530221949
    |         generic    /var/lib/irods/demoRescVault/trash/home/otherrods/2024-08-05Z21:39:35--irods-testing-ai84z0km/originalfile.txt.1530221949
    |   otherrods         0 demoResc           15 2024-08-05.21:40 & originalfile.txt.1553394122
    |         generic    /var/lib/irods/demoRescVault/trash/home/otherrods/2024-08-05Z21:39:35--irods-testing-ai84z0km/originalfile.txt.1553394122
    |   otherrods         0 demoResc           15 2024-08-05.21:40 & originalfile.txt.1617915776
    |         generic    /var/lib/irods/demoRescVault/trash/home/otherrods/2024-08-05Z21:39:35--irods-testing-ai84z0km/originalfile.txt.1617915776
    |   otherrods         0 demoResc           15 2024-08-05.21:39 & originalfile.txt.1653914485
    |         generic    /var/lib/irods/demoRescVault/trash/home/otherrods/2024-08-05Z21:39:35--irods-testing-ai84z0km/originalfile.txt.1653914485
    |   otherrods         0 demoResc           15 2024-08-05.21:40 & originalfile.txt.1796296947
    |         generic    /var/lib/irods/demoRescVault/trash/home/otherrods/2024-08-05Z21:39:35--irods-testing-ai84z0km/originalfile.txt.1796296947
    |   otherrods         0 demoResc           15 2024-08-05.21:40 & originalfile.txt.1862640286
    |         generic    /var/lib/irods/demoRescVault/trash/home/otherrods/2024-08-05Z21:39:35--irods-testing-ai84z0km/originalfile.txt.1862640286
    |   otherrods         0 demoResc           15 2024-08-05.21:39 & originalfile.txt.1924925800
    |         generic    /var/lib/irods/demoRescVault/trash/home/otherrods/2024-08-05Z21:39:35--irods-testing-ai84z0km/originalfile.txt.1924925800
    |   otherrods         0 demoResc           15 2024-08-05.21:40 & originalfile.txt.19830613
    |         generic    /var/lib/irods/demoRescVault/trash/home/otherrods/2024-08-05Z21:39:35--irods-testing-ai84z0km/originalfile.txt.19830613
    |   otherrods         0 demoResc           15 2024-08-05.21:40 & originalfile.txt.2076523065
    |         generic    /var/lib/irods/demoRescVault/trash/home/otherrods/2024-08-05Z21:39:35--irods-testing-ai84z0km/originalfile.txt.2076523065
    |   otherrods         0 demoResc           15 2024-08-05.21:39 & originalfile.txt.2078437275
    |         generic    /var/lib/irods/demoRescVault/trash/home/otherrods/2024-08-05Z21:39:35--irods-testing-ai84z0km/originalfile.txt.2078437275
    |   otherrods         0 demoResc           15 2024-08-05.21:39 & originalfile.txt.2301628653
    |         generic    /var/lib/irods/demoRescVault/trash/home/otherrods/2024-08-05Z21:39:35--irods-testing-ai84z0km/originalfile.txt.2301628653
    |   otherrods         0 demoResc           15 2024-08-05.21:39 & originalfile.txt.2376841731
    |         generic    /var/lib/irods/demoRescVault/trash/home/otherrods/2024-08-05Z21:39:35--irods-testing-ai84z0km/originalfile.txt.2376841731
    |   otherrods         0 demoResc           15 2024-08-05.21:40 & originalfile.txt.2428321982
    |         generic    /var/lib/irods/demoRescVault/trash/home/otherrods/2024-08-05Z21:39:35--irods-testing-ai84z0km/originalfile.txt.2428321982
    |   otherrods         0 demoResc           15 2024-08-05.21:39 & originalfile.txt.2673410062
    |         generic    /var/lib/irods/demoRescVault/trash/home/otherrods/2024-08-05Z21:39:35--irods-testing-ai84z0km/originalfile.txt.2673410062
    |   otherrods         0 demoResc           15 2024-08-05.21:40 & originalfile.txt.2794986958
    |         generic    /var/lib/irods/demoRescVault/trash/home/otherrods/2024-08-05Z21:39:35--irods-testing-ai84z0km/originalfile.txt.2794986958
    |   otherrods         0 demoResc           15 2024-08-05.21:39 & originalfile.txt.2991757545
    |         generic    /var/lib/irods/demoRescVault/trash/home/otherrods/2024-08-05Z21:39:35--irods-testing-ai84z0km/originalfile.txt.2991757545
    |   otherrods         0 demoResc           15 2024-08-05.21:40 & originalfile.txt.3179891669
    |         generic    /var/lib/irods/demoRescVault/trash/home/otherrods/2024-08-05Z21:39:35--irods-testing-ai84z0km/originalfile.txt.3179891669
    |   otherrods         0 demoResc           15 2024-08-05.21:39 & originalfile.txt.321328630
    |         generic    /var/lib/irods/demoRescVault/trash/home/otherrods/2024-08-05Z21:39:35--irods-testing-ai84z0km/originalfile.txt.321328630
    |   otherrods         0 demoResc           15 2024-08-05.21:39 & originalfile.txt.3216336069
    |         generic    /var/lib/irods/demoRescVault/trash/home/otherrods/2024-08-05Z21:39:35--irods-testing-ai84z0km/originalfile.txt.3216336069
    |   otherrods         0 demoResc           15 2024-08-05.21:40 & originalfile.txt.3297706448
    |         generic    /var/lib/irods/demoRescVault/trash/home/otherrods/2024-08-05Z21:39:35--irods-testing-ai84z0km/originalfile.txt.3297706448
    |   otherrods         0 demoResc           15 2024-08-05.21:40 & originalfile.txt.334789446
    |         generic    /var/lib/irods/demoRescVault/trash/home/otherrods/2024-08-05Z21:39:35--irods-testing-ai84z0km/originalfile.txt.334789446
    |   otherrods         0 demoResc           15 2024-08-05.21:39 & originalfile.txt.339993004
    |         generic    /var/lib/irods/demoRescVault/trash/home/otherrods/2024-08-05Z21:39:35--irods-testing-ai84z0km/originalfile.txt.339993004
    |   otherrods         0 demoResc           15 2024-08-05.21:40 & originalfile.txt.3426777755
    |         generic    /var/lib/irods/demoRescVault/trash/home/otherrods/2024-08-05Z21:39:35--irods-testing-ai84z0km/originalfile.txt.3426777755
    |   otherrods         0 demoResc           15 2024-08-05.21:40 & originalfile.txt.3451165281
    |         generic    /var/lib/irods/demoRescVault/trash/home/otherrods/2024-08-05Z21:39:35--irods-testing-ai84z0km/originalfile.txt.3451165281
    |   otherrods         0 demoResc           15 2024-08-05.21:40 & originalfile.txt.3499526793
    |         generic    /var/lib/irods/demoRescVault/trash/home/otherrods/2024-08-05Z21:39:35--irods-testing-ai84z0km/originalfile.txt.3499526793
    |   otherrods         0 demoResc           15 2024-08-05.21:39 & originalfile.txt.357009803
    |         generic    /var/lib/irods/demoRescVault/trash/home/otherrods/2024-08-05Z21:39:35--irods-testing-ai84z0km/originalfile.txt.357009803
    |   otherrods         0 demoResc           15 2024-08-05.21:40 & originalfile.txt.3671238381
    |         generic    /var/lib/irods/demoRescVault/trash/home/otherrods/2024-08-05Z21:39:35--irods-testing-ai84z0km/originalfile.txt.3671238381
    |   otherrods         0 demoResc           15 2024-08-05.21:39 & originalfile.txt.3718122923
    |         generic    /var/lib/irods/demoRescVault/trash/home/otherrods/2024-08-05Z21:39:35--irods-testing-ai84z0km/originalfile.txt.3718122923
    |   otherrods         0 demoResc           15 2024-08-05.21:40 & originalfile.txt.3822708382
    |         generic    /var/lib/irods/demoRescVault/trash/home/otherrods/2024-08-05Z21:39:35--irods-testing-ai84z0km/originalfile.txt.3822708382
    |   otherrods         0 demoResc           15 2024-08-05.21:39 & originalfile.txt.3942436689
    |         generic    /var/lib/irods/demoRescVault/trash/home/otherrods/2024-08-05Z21:39:35--irods-testing-ai84z0km/originalfile.txt.3942436689
    |   otherrods         0 demoResc           15 2024-08-05.21:39 & originalfile.txt.4004757586
    |         generic    /var/lib/irods/demoRescVault/trash/home/otherrods/2024-08-05Z21:39:35--irods-testing-ai84z0km/originalfile.txt.4004757586
    |   otherrods         0 demoResc           15 2024-08-05.21:40 & originalfile.txt.4016724255
    |         generic    /var/lib/irods/demoRescVault/trash/home/otherrods/2024-08-05Z21:39:35--irods-testing-ai84z0km/originalfile.txt.4016724255
    |   otherrods         0 demoResc           15 2024-08-05.21:39 & originalfile.txt.405658184
    |         generic    /var/lib/irods/demoRescVault/trash/home/otherrods/2024-08-05Z21:39:35--irods-testing-ai84z0km/originalfile.txt.405658184
    |   otherrods         0 demoResc           15 2024-08-05.21:39 & originalfile.txt.4257693603
    |         generic    /var/lib/irods/demoRescVault/trash/home/otherrods/2024-08-05Z21:39:35--irods-testing-ai84z0km/originalfile.txt.4257693603
    |   otherrods         0 demoResc           15 2024-08-05.21:39 & originalfile.txt.603492529
    |         generic    /var/lib/irods/demoRescVault/trash/home/otherrods/2024-08-05Z21:39:35--irods-testing-ai84z0km/originalfile.txt.603492529
    |   otherrods         0 demoResc           15 2024-08-05.21:40 & originalfile.txt.640370572
    |         generic    /var/lib/irods/demoRescVault/trash/home/otherrods/2024-08-05Z21:39:35--irods-testing-ai84z0km/originalfile.txt.640370572
    |   otherrods         0 demoResc           15 2024-08-05.21:40 & originalfile.txt.646325580
    |         generic    /var/lib/irods/demoRescVault/trash/home/otherrods/2024-08-05Z21:39:35--irods-testing-ai84z0km/originalfile.txt.646325580
    |   otherrods         0 demoResc           15 2024-08-05.21:40 & originalfile.txt.744718448
    |         generic    /var/lib/irods/demoRescVault/trash/home/otherrods/2024-08-05Z21:39:35--irods-testing-ai84z0km/originalfile.txt.744718448
    |   otherrods         0 demoResc           15 2024-08-05.21:40 & originalfile.txt.775522380
    |         generic    /var/lib/irods/demoRescVault/trash/home/otherrods/2024-08-05Z21:39:35--irods-testing-ai84z0km/originalfile.txt.775522380
    |   otherrods         0 demoResc           15 2024-08-05.21:39 & originalfile.txt.839369006
    |         generic    /var/lib/irods/demoRescVault/trash/home/otherrods/2024-08-05Z21:39:35--irods-testing-ai84z0km/originalfile.txt.839369006
    |   otherrods         0 demoResc           15 2024-08-05.21:39 & originalfile.txt.857359637
    |         generic    /var/lib/irods/demoRescVault/trash/home/otherrods/2024-08-05Z21:39:35--irods-testing-ai84z0km/originalfile.txt.857359637
    |   otherrods         0 demoResc           15 2024-08-05.21:39 & originalfile.txt.900936846
    |         generic    /var/lib/irods/demoRescVault/trash/home/otherrods/2024-08-05Z21:39:35--irods-testing-ai84z0km/originalfile.txt.900936846
  stderr:
    | 
Output found

 --- IrodsSession: icommand executed by [otherrods#tempZone] [iput originalfile.txt] --- 
Assert Command: iput originalfile.txt
Expecting EMPTY: ['']
  stdout:
    | 
  stderr:
    | 
Output found

 --- IrodsSession: icommand executed by [otherrods#tempZone] [irm originalfile.txt] --- 
Assert Command: irm originalfile.txt
Expecting EMPTY: ['']
  stdout:
    | 
  stderr:
    | 
Output found

 --- IrodsSession: icommand executed by [otherrods#tempZone] [ils -L /tempZone/trash/home/otherrods/2024-08-05Z21:39:35--irods-testing-ai84z0km] --- 
Assert Command: ils -L /tempZone/trash/home/otherrods/2024-08-05Z21:39:35--irods-testing-ai84z0km
Expecting STDOUT_SINGLELINE: ['originalfile.txt']
  stdout:
    | /tempZone/trash/home/otherrods/2024-08-05Z21:39:35--irods-testing-ai84z0km:
    |   otherrods         0 demoResc           15 2024-08-05.21:39 & originalfile.txt
    |         generic    /var/lib/irods/demoRescVault/trash/home/otherrods/2024-08-05Z21:39:35--irods-testing-ai84z0km/originalfile.txt
    |   otherrods         0 demoResc           15 2024-08-05.21:40 & originalfile.txt.1058181669
    |         generic    /var/lib/irods/demoRescVault/trash/home/otherrods/2024-08-05Z21:39:35--irods-testing-ai84z0km/originalfile.txt.1058181669
    |   otherrods         0 demoResc           15 2024-08-05.21:40 & originalfile.txt.1152935250
    |         generic    /var/lib/irods/demoRescVault/trash/home/otherrods/2024-08-05Z21:39:35--irods-testing-ai84z0km/originalfile.txt.1152935250
    |   otherrods         0 demoResc           15 2024-08-05.21:40 & originalfile.txt.1178984695
    |         generic    /var/lib/irods/demoRescVault/trash/home/otherrods/2024-08-05Z21:39:35--irods-testing-ai84z0km/originalfile.txt.1178984695
    |   otherrods         0 demoResc           15 2024-08-05.21:40 & originalfile.txt.1258049683
    |         generic    /var/lib/irods/demoRescVault/trash/home/otherrods/2024-08-05Z21:39:35--irods-testing-ai84z0km/originalfile.txt.1258049683
    |   otherrods         0 demoResc           15 2024-08-05.21:39 & originalfile.txt.1373657499
    |         generic    /var/lib/irods/demoRescVault/trash/home/otherrods/2024-08-05Z21:39:35--irods-testing-ai84z0km/originalfile.txt.1373657499
    |   otherrods         0 demoResc           15 2024-08-05.21:39 & originalfile.txt.1530221949
    |         generic    /var/lib/irods/demoRescVault/trash/home/otherrods/2024-08-05Z21:39:35--irods-testing-ai84z0km/originalfile.txt.1530221949
    |   otherrods         0 demoResc           15 2024-08-05.21:40 & originalfile.txt.1553394122
    |         generic    /var/lib/irods/demoRescVault/trash/home/otherrods/2024-08-05Z21:39:35--irods-testing-ai84z0km/originalfile.txt.1553394122
    |   otherrods         0 demoResc           15 2024-08-05.21:40 & originalfile.txt.1617915776
    |         generic    /var/lib/irods/demoRescVault/trash/home/otherrods/2024-08-05Z21:39:35--irods-testing-ai84z0km/originalfile.txt.1617915776
    |   otherrods         0 demoResc           15 2024-08-05.21:39 & originalfile.txt.1653914485
    |         generic    /var/lib/irods/demoRescVault/trash/home/otherrods/2024-08-05Z21:39:35--irods-testing-ai84z0km/originalfile.txt.1653914485
    |   otherrods         0 demoResc           15 2024-08-05.21:40 & originalfile.txt.1796296947
    |         generic    /var/lib/irods/demoRescVault/trash/home/otherrods/2024-08-05Z21:39:35--irods-testing-ai84z0km/originalfile.txt.1796296947
    |   otherrods         0 demoResc           15 2024-08-05.21:40 & originalfile.txt.1862640286
    |         generic    /var/lib/irods/demoRescVault/trash/home/otherrods/2024-08-05Z21:39:35--irods-testing-ai84z0km/originalfile.txt.1862640286
    |   otherrods         0 demoResc           15 2024-08-05.21:39 & originalfile.txt.1924925800
    |         generic    /var/lib/irods/demoRescVault/trash/home/otherrods/2024-08-05Z21:39:35--irods-testing-ai84z0km/originalfile.txt.1924925800
    |   otherrods         0 demoResc           15 2024-08-05.21:40 & originalfile.txt.19830613
    |         generic    /var/lib/irods/demoRescVault/trash/home/otherrods/2024-08-05Z21:39:35--irods-testing-ai84z0km/originalfile.txt.19830613
    |   otherrods         0 demoResc           15 2024-08-05.21:40 & originalfile.txt.2076523065
    |         generic    /var/lib/irods/demoRescVault/trash/home/otherrods/2024-08-05Z21:39:35--irods-testing-ai84z0km/originalfile.txt.2076523065
    |   otherrods         0 demoResc           15 2024-08-05.21:39 & originalfile.txt.2078437275
    |         generic    /var/lib/irods/demoRescVault/trash/home/otherrods/2024-08-05Z21:39:35--irods-testing-ai84z0km/originalfile.txt.2078437275
    |   otherrods         0 demoResc           15 2024-08-05.21:39 & originalfile.txt.2301628653
    |         generic    /var/lib/irods/demoRescVault/trash/home/otherrods/2024-08-05Z21:39:35--irods-testing-ai84z0km/originalfile.txt.2301628653
    |   otherrods         0 demoResc           15 2024-08-05.21:39 & originalfile.txt.2376841731
    |         generic    /var/lib/irods/demoRescVault/trash/home/otherrods/2024-08-05Z21:39:35--irods-testing-ai84z0km/originalfile.txt.2376841731
    |   otherrods         0 demoResc           15 2024-08-05.21:40 & originalfile.txt.2428321982
    |         generic    /var/lib/irods/demoRescVault/trash/home/otherrods/2024-08-05Z21:39:35--irods-testing-ai84z0km/originalfile.txt.2428321982
    |   otherrods         0 demoResc           15 2024-08-05.21:39 & originalfile.txt.2673410062
    |         generic    /var/lib/irods/demoRescVault/trash/home/otherrods/2024-08-05Z21:39:35--irods-testing-ai84z0km/originalfile.txt.2673410062
    |   otherrods         0 demoResc           15 2024-08-05.21:40 & originalfile.txt.2794986958
    |         generic    /var/lib/irods/demoRescVault/trash/home/otherrods/2024-08-05Z21:39:35--irods-testing-ai84z0km/originalfile.txt.2794986958
    |   otherrods         0 demoResc           15 2024-08-05.21:39 & originalfile.txt.2991757545
    |         generic    /var/lib/irods/demoRescVault/trash/home/otherrods/2024-08-05Z21:39:35--irods-testing-ai84z0km/originalfile.txt.2991757545
    |   otherrods         0 demoResc           15 2024-08-05.21:40 & originalfile.txt.3179891669
    |         generic    /var/lib/irods/demoRescVault/trash/home/otherrods/2024-08-05Z21:39:35--irods-testing-ai84z0km/originalfile.txt.3179891669
    |   otherrods         0 demoResc           15 2024-08-05.21:39 & originalfile.txt.321328630
    |         generic    /var/lib/irods/demoRescVault/trash/home/otherrods/2024-08-05Z21:39:35--irods-testing-ai84z0km/originalfile.txt.321328630
    |   otherrods         0 demoResc           15 2024-08-05.21:39 & originalfile.txt.3216336069
    |         generic    /var/lib/irods/demoRescVault/trash/home/otherrods/2024-08-05Z21:39:35--irods-testing-ai84z0km/originalfile.txt.3216336069
    |   otherrods         0 demoResc           15 2024-08-05.21:40 & originalfile.txt.3297706448
    |         generic    /var/lib/irods/demoRescVault/trash/home/otherrods/2024-08-05Z21:39:35--irods-testing-ai84z0km/originalfile.txt.3297706448
    |   otherrods         0 demoResc           15 2024-08-05.21:40 & originalfile.txt.334789446
    |         generic    /var/lib/irods/demoRescVault/trash/home/otherrods/2024-08-05Z21:39:35--irods-testing-ai84z0km/originalfile.txt.334789446
    |   otherrods         0 demoResc           15 2024-08-05.21:39 & originalfile.txt.339993004
    |         generic    /var/lib/irods/demoRescVault/trash/home/otherrods/2024-08-05Z21:39:35--irods-testing-ai84z0km/originalfile.txt.339993004
    |   otherrods         0 demoResc           15 2024-08-05.21:40 & originalfile.txt.3426777755
    |         generic    /var/lib/irods/demoRescVault/trash/home/otherrods/2024-08-05Z21:39:35--irods-testing-ai84z0km/originalfile.txt.3426777755
    |   otherrods         0 demoResc           15 2024-08-05.21:40 & originalfile.txt.3451165281
    |         generic    /var/lib/irods/demoRescVault/trash/home/otherrods/2024-08-05Z21:39:35--irods-testing-ai84z0km/originalfile.txt.3451165281
    |   otherrods         0 demoResc           15 2024-08-05.21:40 & originalfile.txt.3499526793
    |         generic    /var/lib/irods/demoRescVault/trash/home/otherrods/2024-08-05Z21:39:35--irods-testing-ai84z0km/originalfile.txt.3499526793
    |   otherrods         0 demoResc           15 2024-08-05.21:39 & originalfile.txt.357009803
    |         generic    /var/lib/irods/demoRescVault/trash/home/otherrods/2024-08-05Z21:39:35--irods-testing-ai84z0km/originalfile.txt.357009803
    |   otherrods         0 demoResc           15 2024-08-05.21:40 & originalfile.txt.3671238381
    |         generic    /var/lib/irods/demoRescVault/trash/home/otherrods/2024-08-05Z21:39:35--irods-testing-ai84z0km/originalfile.txt.3671238381
    |   otherrods         0 demoResc           15 2024-08-05.21:39 & originalfile.txt.3718122923
    |         generic    /var/lib/irods/demoRescVault/trash/home/otherrods/2024-08-05Z21:39:35--irods-testing-ai84z0km/originalfile.txt.3718122923
    |   otherrods         0 demoResc           15 2024-08-05.21:40 & originalfile.txt.3822708382
    |         generic    /var/lib/irods/demoRescVault/trash/home/otherrods/2024-08-05Z21:39:35--irods-testing-ai84z0km/originalfile.txt.3822708382
    |   otherrods         0 demoResc           15 2024-08-05.21:39 & originalfile.txt.3942436689
    |         generic    /var/lib/irods/demoRescVault/trash/home/otherrods/2024-08-05Z21:39:35--irods-testing-ai84z0km/originalfile.txt.3942436689
    |   otherrods         0 demoResc           15 2024-08-05.21:39 & originalfile.txt.4004757586
    |         generic    /var/lib/irods/demoRescVault/trash/home/otherrods/2024-08-05Z21:39:35--irods-testing-ai84z0km/originalfile.txt.4004757586
    |   otherrods         0 demoResc           15 2024-08-05.21:40 & originalfile.txt.4016724255
    |         generic    /var/lib/irods/demoRescVault/trash/home/otherrods/2024-08-05Z21:39:35--irods-testing-ai84z0km/originalfile.txt.4016724255
    |   otherrods         0 demoResc           15 2024-08-05.21:39 & originalfile.txt.405658184
    |         generic    /var/lib/irods/demoRescVault/trash/home/otherrods/2024-08-05Z21:39:35--irods-testing-ai84z0km/originalfile.txt.405658184
    |   otherrods         0 demoResc           15 2024-08-05.21:39 & originalfile.txt.4257693603
    |         generic    /var/lib/irods/demoRescVault/trash/home/otherrods/2024-08-05Z21:39:35--irods-testing-ai84z0km/originalfile.txt.4257693603
    |   otherrods         0 demoResc           15 2024-08-05.21:39 & originalfile.txt.603492529
    |         generic    /var/lib/irods/demoRescVault/trash/home/otherrods/2024-08-05Z21:39:35--irods-testing-ai84z0km/originalfile.txt.603492529
    |   otherrods         0 demoResc           15 2024-08-05.21:40 & originalfile.txt.640370572
    |         generic    /var/lib/irods/demoRescVault/trash/home/otherrods/2024-08-05Z21:39:35--irods-testing-ai84z0km/originalfile.txt.640370572
    |   otherrods         0 demoResc           15 2024-08-05.21:40 & originalfile.txt.646325580
    |         generic    /var/lib/irods/demoRescVault/trash/home/otherrods/2024-08-05Z21:39:35--irods-testing-ai84z0km/originalfile.txt.646325580
    |   otherrods         0 demoResc           15 2024-08-05.21:40 & originalfile.txt.676516948
    |         generic    /var/lib/irods/demoRescVault/trash/home/otherrods/2024-08-05Z21:39:35--irods-testing-ai84z0km/originalfile.txt.676516948
    |   otherrods         0 demoResc           15 2024-08-05.21:40 & originalfile.txt.744718448
    |         generic    /var/lib/irods/demoRescVault/trash/home/otherrods/2024-08-05Z21:39:35--irods-testing-ai84z0km/originalfile.txt.744718448
    |   otherrods         0 demoResc           15 2024-08-05.21:40 & originalfile.txt.775522380
    |         generic    /var/lib/irods/demoRescVault/trash/home/otherrods/2024-08-05Z21:39:35--irods-testing-ai84z0km/originalfile.txt.775522380
    |   otherrods         0 demoResc           15 2024-08-05.21:39 & originalfile.txt.839369006
    |         generic    /var/lib/irods/demoRescVault/trash/home/otherrods/2024-08-05Z21:39:35--irods-testing-ai84z0km/originalfile.txt.839369006
    |   otherrods         0 demoResc           15 2024-08-05.21:39 & originalfile.txt.857359637
    |         generic    /var/lib/irods/demoRescVault/trash/home/otherrods/2024-08-05Z21:39:35--irods-testing-ai84z0km/originalfile.txt.857359637
    |   otherrods         0 demoResc           15 2024-08-05.21:39 & originalfile.txt.900936846
    |         generic    /var/lib/irods/demoRescVault/trash/home/otherrods/2024-08-05Z21:39:35--irods-testing-ai84z0km/originalfile.txt.900936846
  stderr:
    | 
Output found

 --- IrodsSession: icommand executed by [otherrods#tempZone] [iput originalfile.txt] --- 
Assert Command: iput originalfile.txt
Expecting EMPTY: ['']
  stdout:
    | 
  stderr:
    | 
Output found

 --- IrodsSession: icommand executed by [otherrods#tempZone] [irm originalfile.txt] --- 
Assert Command: irm originalfile.txt
Expecting EMPTY: ['']
  stdout:
    | 
  stderr:
    | 
Output found

 --- IrodsSession: icommand executed by [otherrods#tempZone] [ils -L /tempZone/trash/home/otherrods/2024-08-05Z21:39:35--irods-testing-ai84z0km] --- 
Assert Command: ils -L /tempZone/trash/home/otherrods/2024-08-05Z21:39:35--irods-testing-ai84z0km
Expecting STDOUT_SINGLELINE: ['originalfile.txt']
  stdout:
    | /tempZone/trash/home/otherrods/2024-08-05Z21:39:35--irods-testing-ai84z0km:
    |   otherrods         0 demoResc           15 2024-08-05.21:39 & originalfile.txt
    |         generic    /var/lib/irods/demoRescVault/trash/home/otherrods/2024-08-05Z21:39:35--irods-testing-ai84z0km/originalfile.txt
    |   otherrods         0 demoResc           15 2024-08-05.21:40 & originalfile.txt.1058181669
    |         generic    /var/lib/irods/demoRescVault/trash/home/otherrods/2024-08-05Z21:39:35--irods-testing-ai84z0km/originalfile.txt.1058181669
    |   otherrods         0 demoResc           15 2024-08-05.21:40 & originalfile.txt.1152935250
    |         generic    /var/lib/irods/demoRescVault/trash/home/otherrods/2024-08-05Z21:39:35--irods-testing-ai84z0km/originalfile.txt.1152935250
    |   otherrods         0 demoResc           15 2024-08-05.21:40 & originalfile.txt.1178984695
    |         generic    /var/lib/irods/demoRescVault/trash/home/otherrods/2024-08-05Z21:39:35--irods-testing-ai84z0km/originalfile.txt.1178984695
    |   otherrods         0 demoResc           15 2024-08-05.21:40 & originalfile.txt.1258049683
    |         generic    /var/lib/irods/demoRescVault/trash/home/otherrods/2024-08-05Z21:39:35--irods-testing-ai84z0km/originalfile.txt.1258049683
    |   otherrods         0 demoResc           15 2024-08-05.21:39 & originalfile.txt.1373657499
    |         generic    /var/lib/irods/demoRescVault/trash/home/otherrods/2024-08-05Z21:39:35--irods-testing-ai84z0km/originalfile.txt.1373657499
    |   otherrods         0 demoResc           15 2024-08-05.21:39 & originalfile.txt.1530221949
    |         generic    /var/lib/irods/demoRescVault/trash/home/otherrods/2024-08-05Z21:39:35--irods-testing-ai84z0km/originalfile.txt.1530221949
    |   otherrods         0 demoResc           15 2024-08-05.21:40 & originalfile.txt.1553394122
    |         generic    /var/lib/irods/demoRescVault/trash/home/otherrods/2024-08-05Z21:39:35--irods-testing-ai84z0km/originalfile.txt.1553394122
    |   otherrods         0 demoResc           15 2024-08-05.21:40 & originalfile.txt.1617915776
    |         generic    /var/lib/irods/demoRescVault/trash/home/otherrods/2024-08-05Z21:39:35--irods-testing-ai84z0km/originalfile.txt.1617915776
    |   otherrods         0 demoResc           15 2024-08-05.21:39 & originalfile.txt.1653914485
    |         generic    /var/lib/irods/demoRescVault/trash/home/otherrods/2024-08-05Z21:39:35--irods-testing-ai84z0km/originalfile.txt.1653914485
    |   otherrods         0 demoResc           15 2024-08-05.21:40 & originalfile.txt.1796296947
    |         generic    /var/lib/irods/demoRescVault/trash/home/otherrods/2024-08-05Z21:39:35--irods-testing-ai84z0km/originalfile.txt.1796296947
    |   otherrods         0 demoResc           15 2024-08-05.21:40 & originalfile.txt.1862640286
    |         generic    /var/lib/irods/demoRescVault/trash/home/otherrods/2024-08-05Z21:39:35--irods-testing-ai84z0km/originalfile.txt.1862640286
    |   otherrods         0 demoResc           15 2024-08-05.21:39 & originalfile.txt.1924925800
    |         generic    /var/lib/irods/demoRescVault/trash/home/otherrods/2024-08-05Z21:39:35--irods-testing-ai84z0km/originalfile.txt.1924925800
    |   otherrods         0 demoResc           15 2024-08-05.21:40 & originalfile.txt.19830613
    |         generic    /var/lib/irods/demoRescVault/trash/home/otherrods/2024-08-05Z21:39:35--irods-testing-ai84z0km/originalfile.txt.19830613
    |   otherrods         0 demoResc           15 2024-08-05.21:40 & originalfile.txt.2076523065
    |         generic    /var/lib/irods/demoRescVault/trash/home/otherrods/2024-08-05Z21:39:35--irods-testing-ai84z0km/originalfile.txt.2076523065
    |   otherrods         0 demoResc           15 2024-08-05.21:39 & originalfile.txt.2078437275
    |         generic    /var/lib/irods/demoRescVault/trash/home/otherrods/2024-08-05Z21:39:35--irods-testing-ai84z0km/originalfile.txt.2078437275
    |   otherrods         0 demoResc           15 2024-08-05.21:39 & originalfile.txt.2301628653
    |         generic    /var/lib/irods/demoRescVault/trash/home/otherrods/2024-08-05Z21:39:35--irods-testing-ai84z0km/originalfile.txt.2301628653
    |   otherrods         0 demoResc           15 2024-08-05.21:39 & originalfile.txt.2376841731
    |         generic    /var/lib/irods/demoRescVault/trash/home/otherrods/2024-08-05Z21:39:35--irods-testing-ai84z0km/originalfile.txt.2376841731
    |   otherrods         0 demoResc           15 2024-08-05.21:40 & originalfile.txt.2428321982
    |         generic    /var/lib/irods/demoRescVault/trash/home/otherrods/2024-08-05Z21:39:35--irods-testing-ai84z0km/originalfile.txt.2428321982
    |   otherrods         0 demoResc           15 2024-08-05.21:39 & originalfile.txt.2673410062
    |         generic    /var/lib/irods/demoRescVault/trash/home/otherrods/2024-08-05Z21:39:35--irods-testing-ai84z0km/originalfile.txt.2673410062
    |   otherrods         0 demoResc           15 2024-08-05.21:40 & originalfile.txt.2794986958
    |         generic    /var/lib/irods/demoRescVault/trash/home/otherrods/2024-08-05Z21:39:35--irods-testing-ai84z0km/originalfile.txt.2794986958
    |   otherrods         0 demoResc           15 2024-08-05.21:39 & originalfile.txt.2991757545
    |         generic    /var/lib/irods/demoRescVault/trash/home/otherrods/2024-08-05Z21:39:35--irods-testing-ai84z0km/originalfile.txt.2991757545
    |   otherrods         0 demoResc           15 2024-08-05.21:40 & originalfile.txt.3179891669
    |         generic    /var/lib/irods/demoRescVault/trash/home/otherrods/2024-08-05Z21:39:35--irods-testing-ai84z0km/originalfile.txt.3179891669
    |   otherrods         0 demoResc           15 2024-08-05.21:39 & originalfile.txt.321328630
    |         generic    /var/lib/irods/demoRescVault/trash/home/otherrods/2024-08-05Z21:39:35--irods-testing-ai84z0km/originalfile.txt.321328630
    |   otherrods         0 demoResc           15 2024-08-05.21:39 & originalfile.txt.3216336069
    |         generic    /var/lib/irods/demoRescVault/trash/home/otherrods/2024-08-05Z21:39:35--irods-testing-ai84z0km/originalfile.txt.3216336069
    |   otherrods         0 demoResc           15 2024-08-05.21:40 & originalfile.txt.3297706448
    |         generic    /var/lib/irods/demoRescVault/trash/home/otherrods/2024-08-05Z21:39:35--irods-testing-ai84z0km/originalfile.txt.3297706448
    |   otherrods         0 demoResc           15 2024-08-05.21:40 & originalfile.txt.334789446
    |         generic    /var/lib/irods/demoRescVault/trash/home/otherrods/2024-08-05Z21:39:35--irods-testing-ai84z0km/originalfile.txt.334789446
    |   otherrods         0 demoResc           15 2024-08-05.21:39 & originalfile.txt.339993004
    |         generic    /var/lib/irods/demoRescVault/trash/home/otherrods/2024-08-05Z21:39:35--irods-testing-ai84z0km/originalfile.txt.339993004
    |   otherrods         0 demoResc           15 2024-08-05.21:40 & originalfile.txt.3426777755
    |         generic    /var/lib/irods/demoRescVault/trash/home/otherrods/2024-08-05Z21:39:35--irods-testing-ai84z0km/originalfile.txt.3426777755
    |   otherrods         0 demoResc           15 2024-08-05.21:40 & originalfile.txt.3451165281
    |         generic    /var/lib/irods/demoRescVault/trash/home/otherrods/2024-08-05Z21:39:35--irods-testing-ai84z0km/originalfile.txt.3451165281
    |   otherrods         0 demoResc           15 2024-08-05.21:40 & originalfile.txt.3499526793
    |         generic    /var/lib/irods/demoRescVault/trash/home/otherrods/2024-08-05Z21:39:35--irods-testing-ai84z0km/originalfile.txt.3499526793
    |   otherrods         0 demoResc           15 2024-08-05.21:39 & originalfile.txt.357009803
    |         generic    /var/lib/irods/demoRescVault/trash/home/otherrods/2024-08-05Z21:39:35--irods-testing-ai84z0km/originalfile.txt.357009803
    |   otherrods         0 demoResc           15 2024-08-05.21:40 & originalfile.txt.3671238381
    |         generic    /var/lib/irods/demoRescVault/trash/home/otherrods/2024-08-05Z21:39:35--irods-testing-ai84z0km/originalfile.txt.3671238381
    |   otherrods         0 demoResc           15 2024-08-05.21:39 & originalfile.txt.3718122923
    |         generic    /var/lib/irods/demoRescVault/trash/home/otherrods/2024-08-05Z21:39:35--irods-testing-ai84z0km/originalfile.txt.3718122923
    |   otherrods         0 demoResc           15 2024-08-05.21:40 & originalfile.txt.3822708382
    |         generic    /var/lib/irods/demoRescVault/trash/home/otherrods/2024-08-05Z21:39:35--irods-testing-ai84z0km/originalfile.txt.3822708382
    |   otherrods         0 demoResc           15 2024-08-05.21:39 & originalfile.txt.3942436689
    |         generic    /var/lib/irods/demoRescVault/trash/home/otherrods/2024-08-05Z21:39:35--irods-testing-ai84z0km/originalfile.txt.3942436689
    |   otherrods         0 demoResc           15 2024-08-05.21:39 & originalfile.txt.4004757586
    |         generic    /var/lib/irods/demoRescVault/trash/home/otherrods/2024-08-05Z21:39:35--irods-testing-ai84z0km/originalfile.txt.4004757586
    |   otherrods         0 demoResc           15 2024-08-05.21:40 & originalfile.txt.4016724255
    |         generic    /var/lib/irods/demoRescVault/trash/home/otherrods/2024-08-05Z21:39:35--irods-testing-ai84z0km/originalfile.txt.4016724255
    |   otherrods         0 demoResc           15 2024-08-05.21:39 & originalfile.txt.405658184
    |         generic    /var/lib/irods/demoRescVault/trash/home/otherrods/2024-08-05Z21:39:35--irods-testing-ai84z0km/originalfile.txt.405658184
    |   otherrods         0 demoResc           15 2024-08-05.21:39 & originalfile.txt.4257693603
    |         generic    /var/lib/irods/demoRescVault/trash/home/otherrods/2024-08-05Z21:39:35--irods-testing-ai84z0km/originalfile.txt.4257693603
    |   otherrods         0 demoResc           15 2024-08-05.21:40 & originalfile.txt.4276854103
    |         generic    /var/lib/irods/demoRescVault/trash/home/otherrods/2024-08-05Z21:39:35--irods-testing-ai84z0km/originalfile.txt.4276854103
    |   otherrods         0 demoResc           15 2024-08-05.21:39 & originalfile.txt.603492529
    |         generic    /var/lib/irods/demoRescVault/trash/home/otherrods/2024-08-05Z21:39:35--irods-testing-ai84z0km/originalfile.txt.603492529
    |   otherrods         0 demoResc           15 2024-08-05.21:40 & originalfile.txt.640370572
    |         generic    /var/lib/irods/demoRescVault/trash/home/otherrods/2024-08-05Z21:39:35--irods-testing-ai84z0km/originalfile.txt.640370572
    |   otherrods         0 demoResc           15 2024-08-05.21:40 & originalfile.txt.646325580
    |         generic    /var/lib/irods/demoRescVault/trash/home/otherrods/2024-08-05Z21:39:35--irods-testing-ai84z0km/originalfile.txt.646325580
    |   otherrods         0 demoResc           15 2024-08-05.21:40 & originalfile.txt.676516948
    |         generic    /var/lib/irods/demoRescVault/trash/home/otherrods/2024-08-05Z21:39:35--irods-testing-ai84z0km/originalfile.txt.676516948
    |   otherrods         0 demoResc           15 2024-08-05.21:40 & originalfile.txt.744718448
    |         generic    /var/lib/irods/demoRescVault/trash/home/otherrods/2024-08-05Z21:39:35--irods-testing-ai84z0km/originalfile.txt.744718448
    |   otherrods         0 demoResc           15 2024-08-05.21:40 & originalfile.txt.775522380
    |         generic    /var/lib/irods/demoRescVault/trash/home/otherrods/2024-08-05Z21:39:35--irods-testing-ai84z0km/originalfile.txt.775522380
    |   otherrods         0 demoResc           15 2024-08-05.21:39 & originalfile.txt.839369006
    |         generic    /var/lib/irods/demoRescVault/trash/home/otherrods/2024-08-05Z21:39:35--irods-testing-ai84z0km/originalfile.txt.839369006
    |   otherrods         0 demoResc           15 2024-08-05.21:39 & originalfile.txt.857359637
    |         generic    /var/lib/irods/demoRescVault/trash/home/otherrods/2024-08-05Z21:39:35--irods-testing-ai84z0km/originalfile.txt.857359637
    |   otherrods         0 demoResc           15 2024-08-05.21:39 & originalfile.txt.900936846
    |         generic    /var/lib/irods/demoRescVault/trash/home/otherrods/2024-08-05Z21:39:35--irods-testing-ai84z0km/originalfile.txt.900936846
  stderr:
    | 
Output found

run_resource_teardown - BEGIN
 --- IrodsSession: icommand executed by [otherrods#tempZone] [icd] --- 
 --- IrodsSession: icommand executed by [otherrods#tempZone] [irm testfile.txt ../public/testfile.txt] --- 
 --- IrodsSession: icommand executed by [otherrods#tempZone] [irm -rf ../../bundle] --- 
 --- IrodsSession: icommand executed by [rods#tempZone] [iinit] --- 
Assert Command: iinit
Expecting STDOUT_SINGLELINE: ['']
  stdout:
    | WARNING: Error 25 disabling echo mode. Password will be displayed in plaintext.
    | Enter your current iRODS password:
  stderr:
    | 
Output found

 --- IrodsSession: icommand executed by [otherrods#tempZone] [icd] --- 
Assert Command: icd
Expecting EMPTY: ['']
  stdout:
    | 
  stderr:
    | 
Output found

 --- IrodsSession: icommand executed by [otherrods#tempZone] [irm -rf /tempZone/home/otherrods/2024-08-05Z21:39:35--irods-testing-ai84z0km] --- 
Assert Command: irm -rf /tempZone/home/otherrods/2024-08-05Z21:39:35--irods-testing-ai84z0km
Expecting EMPTY: ['']
  stdout:
    | 
  stderr:
    | 
Output found

 --- IrodsSession: icommand executed by [otherrods#tempZone] [irmtrash] --- 
Assert Command: irmtrash
Expecting EMPTY: ['']
  stdout:
    | 
  stderr:
    | 
Output found

 --- IrodsSession: icommand executed by [rods#tempZone] [iadmin rmuser otherrods] --- 
Assert Command: iadmin rmuser otherrods
Expecting EMPTY: ['']
  stdout:
    | 
  stderr:
    | 
Output found

 --- IrodsSession: icommand executed by [alice#tempZone] [icd] --- 
Assert Command: icd
Expecting EMPTY: ['']
  stdout:
    | 
  stderr:
    | 
Output found

 --- IrodsSession: icommand executed by [alice#tempZone] [irm -rf /tempZone/home/alice/2024-08-05Z21:39:37--irods-testing-qqmogzcz] --- 
Assert Command: irm -rf /tempZone/home/alice/2024-08-05Z21:39:37--irods-testing-qqmogzcz
Expecting EMPTY: ['']
  stdout:
    | 
  stderr:
    | 
Output found

 --- IrodsSession: icommand executed by [alice#tempZone] [irmtrash] --- 
Assert Command: irmtrash
Expecting EMPTY: ['']
  stdout:
    | 
  stderr:
    | 
Output found

 --- IrodsSession: icommand executed by [rods#tempZone] [iadmin rmuser alice] --- 
Assert Command: iadmin rmuser alice
Expecting EMPTY: ['']
  stdout:
    | 
  stderr:
    | 
Output found

 --- IrodsSession: icommand executed by [bobby#tempZone] [icd] --- 
Assert Command: icd
Expecting EMPTY: ['']
  stdout:
    | 
  stderr:
    | 
Output found

 --- IrodsSession: icommand executed by [bobby#tempZone] [irm -rf /tempZone/home/bobby/2024-08-05Z21:39:38--irods-testing-nkub0ria] --- 
Assert Command: irm -rf /tempZone/home/bobby/2024-08-05Z21:39:38--irods-testing-nkub0ria
Expecting EMPTY: ['']
  stdout:
    | 
  stderr:
    | 
Output found

 --- IrodsSession: icommand executed by [bobby#tempZone] [irmtrash] --- 
Assert Command: irmtrash
Expecting EMPTY: ['']
  stdout:
    | 
  stderr:
    | 
Output found

 --- IrodsSession: icommand executed by [rods#tempZone] [iadmin rmuser bobby] --- 
Assert Command: iadmin rmuser bobby
Expecting EMPTY: ['']
  stdout:
    | 
  stderr:
    | 
Output found

 --- IrodsSession: icommand executed by [rods#tempZone] [iinit] --- 
Assert Command: iinit
Expecting STDOUT_SINGLELINE: ['']
  stdout:
    | WARNING: Error 25 disabling echo mode. Password will be displayed in plaintext.
    | Enter your current iRODS password:
  stderr:
    | 
Output found

 --- IrodsSession: icommand executed by [rods#tempZone] [irmtrash -M] --- 
 --- IrodsSession: icommand executed by [rods#tempZone] [iadmin rmresc TestResc] --- 
 --- IrodsSession: icommand executed by [rods#tempZone] [iadmin rmresc AnotherResc] --- 
run_resource_teardown - END
 --- IrodsSession: icommand executed by [rods#tempZone] [iinit] --- 
Assert Command: iinit
Expecting STDOUT_SINGLELINE: ['']
  stdout:
    | WARNING: Error 25 disabling echo mode. Password will be displayed in plaintext.
    | Enter your current iRODS password:
  stderr:
    | 
Output found

 --- IrodsSession: icommand executed by [rods#tempZone] [iadmin rmresc demoResc] --- 
Assert Command: iadmin rmresc demoResc
Expecting EMPTY: ['']
  stdout:
    | 
  stderr:
    | 
Output found

 --- IrodsSession: icommand executed by [rods#tempZone] [iadmin modresc origResc name demoResc] --- 
Assert Command: iadmin modresc origResc name demoResc
Expecting STDOUT_SINGLELINE: ['rename']
  stdout:
    | If you modify a resource name, you and other users will need to
    | change your irods_environment.json files to use it, you may need to update
    | server_config.json and, if rules use the resource name, you'll need to
    | update the core rules (core.re).  This command will update various
    | tables with the new name.
    | Do you really want to modify the resource name? (enter y or yes to do so):OK, performing the resource rename
  stderr:
    | 
Output found

]]></system-out>
	</testcase>
	<testcase classname="irods.test.test_resource_types.Test_Resource_Unixfilesystem" name="test_irm_specific_replica" time="11.992" timestamp="2024-08-05T21:40:40" file="scripts/irods/test/test_resource_types.py" line="1082">
		<system-out><![CDATA[ --- IrodsSession: icommand executed by [rods#tempZone] [iinit] --- 
Assert Command: iinit
Expecting STDOUT_SINGLELINE: ['']
  stdout:
    | WARNING: Error 25 disabling echo mode. Password will be displayed in plaintext.
    | Enter your current iRODS password:
  stderr:
    | 
Output found

 --- IrodsSession: icommand executed by [rods#tempZone] [iadmin modresc demoResc name origResc] --- 
Assert Command: iadmin modresc demoResc name origResc
Expecting STDOUT_SINGLELINE: ['rename']
  stdout:
    | If you modify a resource name, you and other users will need to
    | change your irods_environment.json files to use it, you may need to update
    | server_config.json and, if rules use the resource name, you'll need to
    | update the core rules (core.re).  This command will update various
    | tables with the new name.
    | Do you really want to modify the resource name? (enter y or yes to do so):OK, performing the resource rename
  stderr:
    | 
Output found

 --- IrodsSession: icommand executed by [rods#tempZone] [iadmin mkresc demoResc 'unixfilesystem' d7680432ccfd:/var/lib/irods/demoRescVault] --- 
Assert Command: iadmin mkresc demoResc 'unixfilesystem' d7680432ccfd:/var/lib/irods/demoRescVault
Expecting STDOUT_SINGLELINE: ['unixfilesystem']
  stdout:
    | Creating resource:
    | Name:		"demoResc"
    | Type:		"unixfilesystem"
    | Host:		"d7680432ccfd"
    | Path:		"/var/lib/irods/demoRescVault"
    | Context:	""
  stderr:
    | 
Output found

 --- IrodsSession: icommand executed by [rods#tempZone] [iinit] --- 
Assert Command: iinit
Expecting STDOUT_SINGLELINE: ['']
  stdout:
    | WARNING: Error 25 disabling echo mode. Password will be displayed in plaintext.
    | Enter your current iRODS password:
  stderr:
    | 
Output found

 --- IrodsSession: icommand executed by [rods#tempZone] [iinit] --- 
Assert Command: iinit
Expecting STDOUT_SINGLELINE: ['']
  stdout:
    | WARNING: Error 25 disabling echo mode. Password will be displayed in plaintext.
    | Enter your current iRODS password:
  stderr:
    | 
Output found

 --- IrodsSession: icommand executed by [rods#tempZone] [iadmin mkuser otherrods rodsadmin] --- 
Assert Command: iadmin mkuser otherrods rodsadmin
Expecting EMPTY: ['']
  stdout:
    | 
  stderr:
    | 
Output found

 --- IrodsSession: icommand executed by [rods#tempZone] [iadmin moduser otherrods password rods] --- 
Assert Command: iadmin moduser otherrods password rods
Expecting EMPTY: ['']
  stdout:
    | 
  stderr:
    | 
Output found

 --- IrodsSession: icommand executed by [otherrods#tempZone] [iinit] --- 
Assert Command: iinit
Expecting STDOUT_SINGLELINE: ['']
  stdout:
    | WARNING: Error 25 disabling echo mode. Password will be displayed in plaintext.
    | Enter your current iRODS password:
  stderr:
    | 
Output found

 --- IrodsSession: icommand executed by [otherrods#tempZone] [imkdir /tempZone/home/otherrods/2024-08-05Z21:40:29--irods-testing-f8v258l1] --- 
Assert Command: imkdir /tempZone/home/otherrods/2024-08-05Z21:40:29--irods-testing-f8v258l1
Expecting EMPTY: ['']
  stdout:
    | 
  stderr:
    | 
Output found

 --- IrodsSession: icommand executed by [otherrods#tempZone] [icd /tempZone/home/otherrods/2024-08-05Z21:40:29--irods-testing-f8v258l1] --- 
Assert Command: icd /tempZone/home/otherrods/2024-08-05Z21:40:29--irods-testing-f8v258l1
Expecting EMPTY: ['']
  stdout:
    | 
  stderr:
    | 
Output found

 --- IrodsSession: icommand executed by [rods#tempZone] [iinit] --- 
Assert Command: iinit
Expecting STDOUT_SINGLELINE: ['']
  stdout:
    | WARNING: Error 25 disabling echo mode. Password will be displayed in plaintext.
    | Enter your current iRODS password:
  stderr:
    | 
Output found

 --- IrodsSession: icommand executed by [rods#tempZone] [iadmin mkuser alice rodsuser] --- 
Assert Command: iadmin mkuser alice rodsuser
Expecting EMPTY: ['']
  stdout:
    | 
  stderr:
    | 
Output found

 --- IrodsSession: icommand executed by [rods#tempZone] [iadmin moduser alice password apass] --- 
Assert Command: iadmin moduser alice password apass
Expecting EMPTY: ['']
  stdout:
    | 
  stderr:
    | 
Output found

 --- IrodsSession: icommand executed by [alice#tempZone] [iinit] --- 
Assert Command: iinit
Expecting STDOUT_SINGLELINE: ['']
  stdout:
    | WARNING: Error 25 disabling echo mode. Password will be displayed in plaintext.
    | Enter your current iRODS password:
  stderr:
    | 
Output found

 --- IrodsSession: icommand executed by [alice#tempZone] [imkdir /tempZone/home/alice/2024-08-05Z21:40:30--irods-testing-cl_1brxu] --- 
Assert Command: imkdir /tempZone/home/alice/2024-08-05Z21:40:30--irods-testing-cl_1brxu
Expecting EMPTY: ['']
  stdout:
    | 
  stderr:
    | 
Output found

 --- IrodsSession: icommand executed by [alice#tempZone] [icd /tempZone/home/alice/2024-08-05Z21:40:30--irods-testing-cl_1brxu] --- 
Assert Command: icd /tempZone/home/alice/2024-08-05Z21:40:30--irods-testing-cl_1brxu
Expecting EMPTY: ['']
  stdout:
    | 
  stderr:
    | 
Output found

 --- IrodsSession: icommand executed by [rods#tempZone] [iinit] --- 
Assert Command: iinit
Expecting STDOUT_SINGLELINE: ['']
  stdout:
    | WARNING: Error 25 disabling echo mode. Password will be displayed in plaintext.
    | Enter your current iRODS password:
  stderr:
    | 
Output found

 --- IrodsSession: icommand executed by [rods#tempZone] [iadmin mkuser bobby rodsuser] --- 
Assert Command: iadmin mkuser bobby rodsuser
Expecting EMPTY: ['']
  stdout:
    | 
  stderr:
    | 
Output found

 --- IrodsSession: icommand executed by [rods#tempZone] [iadmin moduser bobby password bpass] --- 
Assert Command: iadmin moduser bobby password bpass
Expecting EMPTY: ['']
  stdout:
    | 
  stderr:
    | 
Output found

 --- IrodsSession: icommand executed by [bobby#tempZone] [iinit] --- 
Assert Command: iinit
Expecting STDOUT_SINGLELINE: ['']
  stdout:
    | WARNING: Error 25 disabling echo mode. Password will be displayed in plaintext.
    | Enter your current iRODS password:
  stderr:
    | 
Output found

 --- IrodsSession: icommand executed by [bobby#tempZone] [imkdir /tempZone/home/bobby/2024-08-05Z21:40:31--irods-testing-vd7ww_zj] --- 
Assert Command: imkdir /tempZone/home/bobby/2024-08-05Z21:40:31--irods-testing-vd7ww_zj
Expecting EMPTY: ['']
  stdout:
    | 
  stderr:
    | 
Output found

 --- IrodsSession: icommand executed by [bobby#tempZone] [icd /tempZone/home/bobby/2024-08-05Z21:40:31--irods-testing-vd7ww_zj] --- 
Assert Command: icd /tempZone/home/bobby/2024-08-05Z21:40:31--irods-testing-vd7ww_zj
Expecting EMPTY: ['']
  stdout:
    | 
  stderr:
    | 
Output found

run_resource_setup - BEGIN
 --- IrodsSession: icommand executed by [otherrods#tempZone] [iadmin mkresc TestResc unixfilesystem d7680432ccfd:/tmp/irods/TestResc] --- 
Assert Command: iadmin mkresc TestResc unixfilesystem d7680432ccfd:/tmp/irods/TestResc
Expecting STDOUT_SINGLELINE: ['unixfilesystem']
  stdout:
    | Creating resource:
    | Name:		"TestResc"
    | Type:		"unixfilesystem"
    | Host:		"d7680432ccfd"
    | Path:		"/tmp/irods/TestResc"
    | Context:	""
  stderr:
    | 
Output found

 --- IrodsSession: icommand executed by [otherrods#tempZone] [iadmin mkresc AnotherResc unixfilesystem d7680432ccfd:/tmp/irods/AnotherResc] --- 
Assert Command: iadmin mkresc AnotherResc unixfilesystem d7680432ccfd:/tmp/irods/AnotherResc
Expecting STDOUT_SINGLELINE: ['unixfilesystem']
  stdout:
    | Creating resource:
    | Name:		"AnotherResc"
    | Type:		"unixfilesystem"
    | Host:		"d7680432ccfd"
    | Path:		"/tmp/irods/AnotherResc"
    | Context:	""
  stderr:
    | 
Output found

 --- IrodsSession: icommand executed by [otherrods#tempZone] [imkdir testdir] --- 
Assert Command: imkdir testdir
Expecting EMPTY: ['']
  stdout:
    | 
  stderr:
    | 
Output found

 --- IrodsSession: icommand executed by [otherrods#tempZone] [iput testfile.txt] --- 
Assert Command: iput testfile.txt
Expecting EMPTY: ['']
  stdout:
    | 
  stderr:
    | 
Output found

 --- IrodsSession: icommand executed by [otherrods#tempZone] [icp testfile.txt ../../public/] --- 
Assert Command: icp testfile.txt ../../public/
Expecting EMPTY: ['']
  stdout:
    | 
  stderr:
    | 
Output found

 --- IrodsSession: icommand executed by [otherrods#tempZone] [ichmod read alice ../../public/testfile.txt] --- 
Assert Command: ichmod read alice ../../public/testfile.txt
Expecting EMPTY: ['']
  stdout:
    | 
  stderr:
    | 
Output found

 --- IrodsSession: icommand executed by [otherrods#tempZone] [ichmod write bobby ../../public/testfile.txt] --- 
Assert Command: ichmod write bobby ../../public/testfile.txt
Expecting EMPTY: ['']
  stdout:
    | 
  stderr:
    | 
Output found

run_resource_setup - END
 --- IrodsSession: icommand executed by [otherrods#tempZone] [ils -L testfile.txt] --- 
Assert Command: ils -L testfile.txt
Expecting STDOUT_SINGLELINE: ['testfile.txt']
  stdout:
    |   otherrods         0 demoResc           33 2024-08-05.21:40 & testfile.txt
    |         generic    /var/lib/irods/demoRescVault/home/otherrods/2024-08-05Z21:40:29--irods-testing-f8v258l1/testfile.txt
  stderr:
    | 
Output found

 --- IrodsSession: icommand executed by [otherrods#tempZone] [irepl -R TestResc testfile.txt] --- 
Assert Command: irepl -R TestResc testfile.txt
Expecting EMPTY: ['']
  stdout:
    | 
  stderr:
    | 
Output found

 --- IrodsSession: icommand executed by [otherrods#tempZone] [ils -L testfile.txt] --- 
Assert Command: ils -L testfile.txt
Expecting STDOUT_SINGLELINE: ['testfile.txt']
  stdout:
    |   otherrods         0 demoResc           33 2024-08-05.21:40 & testfile.txt
    |         generic    /var/lib/irods/demoRescVault/home/otherrods/2024-08-05Z21:40:29--irods-testing-f8v258l1/testfile.txt
    |   otherrods         1 TestResc           33 2024-08-05.21:40 & testfile.txt
    |         generic    /tmp/irods/TestResc/home/otherrods/2024-08-05Z21:40:29--irods-testing-f8v258l1/testfile.txt
  stderr:
    | 
Output found

 --- IrodsSession: icommand executed by [otherrods#tempZone] [itrim -N 1 -n 0 testfile.txt] --- 
Assert Command: itrim -N 1 -n 0 testfile.txt
Expecting STDOUT: ['']
  stdout:
    | Total size trimmed = 0.000 MB. Number of files trimmed = 1.
    | Level 0: Specifying a minimum number of replicas to keep is deprecated.
  stderr:
    | 
Output found

 --- IrodsSession: icommand executed by [otherrods#tempZone] [ils -L testfile.txt] --- 
Assert Command: ils -L testfile.txt
Expecting STDOUT_SINGLELINE: ['1 TestResc', 'testfile.txt']
  stdout:
    |   otherrods         1 TestResc           33 2024-08-05.21:40 & testfile.txt
    |         generic    /tmp/irods/TestResc/home/otherrods/2024-08-05Z21:40:29--irods-testing-f8v258l1/testfile.txt
  stderr:
    | 
Output found

 --- IrodsSession: icommand executed by [otherrods#tempZone] [ils -L testfile.txt] --- 
Assert FAIL Command: ils -L testfile.txt
Expecting STDOUT_SINGLELINE: ['0 demoResc', 'testfile.txt']
  stdout:
    |   otherrods         1 TestResc           33 2024-08-05.21:40 & testfile.txt
    |         generic    /tmp/irods/TestResc/home/otherrods/2024-08-05Z21:40:29--irods-testing-f8v258l1/testfile.txt
  stderr:
    | 
Output not found

 --- IrodsSession: icommand executed by [otherrods#tempZone] [ils -L /tempZone/trash/home/otherrods/2024-08-05Z21:40:29--irods-testing-f8v258l1/testfile.txt] --- 
Assert FAIL Command: ils -L /tempZone/trash/home/otherrods/2024-08-05Z21:40:29--irods-testing-f8v258l1/testfile.txt
Expecting STDOUT_SINGLELINE: ['0 demoResc', 'testfile.txt']
  stdout:
    | 
  stderr:
    | remote addresses: 10.201.24.5 ERROR: lsUtil: srcPath /tempZone/trash/home/otherrods/2024-08-05Z21:40:29--irods-testing-f8v258l1/testfile.txt does not exist or user lacks access permission
Unexpected output on stderr

run_resource_teardown - BEGIN
 --- IrodsSession: icommand executed by [otherrods#tempZone] [icd] --- 
 --- IrodsSession: icommand executed by [otherrods#tempZone] [irm testfile.txt ../public/testfile.txt] --- 
 --- IrodsSession: icommand executed by [otherrods#tempZone] [irm -rf ../../bundle] --- 
 --- IrodsSession: icommand executed by [rods#tempZone] [iinit] --- 
Assert Command: iinit
Expecting STDOUT_SINGLELINE: ['']
  stdout:
    | WARNING: Error 25 disabling echo mode. Password will be displayed in plaintext.
    | Enter your current iRODS password:
  stderr:
    | 
Output found

 --- IrodsSession: icommand executed by [otherrods#tempZone] [icd] --- 
Assert Command: icd
Expecting EMPTY: ['']
  stdout:
    | 
  stderr:
    | 
Output found

 --- IrodsSession: icommand executed by [otherrods#tempZone] [irm -rf /tempZone/home/otherrods/2024-08-05Z21:40:29--irods-testing-f8v258l1] --- 
Assert Command: irm -rf /tempZone/home/otherrods/2024-08-05Z21:40:29--irods-testing-f8v258l1
Expecting EMPTY: ['']
  stdout:
    | 
  stderr:
    | 
Output found

 --- IrodsSession: icommand executed by [otherrods#tempZone] [irmtrash] --- 
Assert Command: irmtrash
Expecting EMPTY: ['']
  stdout:
    | 
  stderr:
    | 
Output found

 --- IrodsSession: icommand executed by [rods#tempZone] [iadmin rmuser otherrods] --- 
Assert Command: iadmin rmuser otherrods
Expecting EMPTY: ['']
  stdout:
    | 
  stderr:
    | 
Output found

 --- IrodsSession: icommand executed by [alice#tempZone] [icd] --- 
Assert Command: icd
Expecting EMPTY: ['']
  stdout:
    | 
  stderr:
    | 
Output found

 --- IrodsSession: icommand executed by [alice#tempZone] [irm -rf /tempZone/home/alice/2024-08-05Z21:40:30--irods-testing-cl_1brxu] --- 
Assert Command: irm -rf /tempZone/home/alice/2024-08-05Z21:40:30--irods-testing-cl_1brxu
Expecting EMPTY: ['']
  stdout:
    | 
  stderr:
    | 
Output found

 --- IrodsSession: icommand executed by [alice#tempZone] [irmtrash] --- 
Assert Command: irmtrash
Expecting EMPTY: ['']
  stdout:
    | 
  stderr:
    | 
Output found

 --- IrodsSession: icommand executed by [rods#tempZone] [iadmin rmuser alice] --- 
Assert Command: iadmin rmuser alice
Expecting EMPTY: ['']
  stdout:
    | 
  stderr:
    | 
Output found

 --- IrodsSession: icommand executed by [bobby#tempZone] [icd] --- 
Assert Command: icd
Expecting EMPTY: ['']
  stdout:
    | 
  stderr:
    | 
Output found

 --- IrodsSession: icommand executed by [bobby#tempZone] [irm -rf /tempZone/home/bobby/2024-08-05Z21:40:31--irods-testing-vd7ww_zj] --- 
Assert Command: irm -rf /tempZone/home/bobby/2024-08-05Z21:40:31--irods-testing-vd7ww_zj
Expecting EMPTY: ['']
  stdout:
    | 
  stderr:
    | 
Output found

 --- IrodsSession: icommand executed by [bobby#tempZone] [irmtrash] --- 
Assert Command: irmtrash
Expecting EMPTY: ['']
  stdout:
    | 
  stderr:
    | 
Output found

 --- IrodsSession: icommand executed by [rods#tempZone] [iadmin rmuser bobby] --- 
Assert Command: iadmin rmuser bobby
Expecting EMPTY: ['']
  stdout:
    | 
  stderr:
    | 
Output found

 --- IrodsSession: icommand executed by [rods#tempZone] [iinit] --- 
Assert Command: iinit
Expecting STDOUT_SINGLELINE: ['']
  stdout:
    | WARNING: Error 25 disabling echo mode. Password will be displayed in plaintext.
    | Enter your current iRODS password:
  stderr:
    | 
Output found

 --- IrodsSession: icommand executed by [rods#tempZone] [irmtrash -M] --- 
 --- IrodsSession: icommand executed by [rods#tempZone] [iadmin rmresc TestResc] --- 
 --- IrodsSession: icommand executed by [rods#tempZone] [iadmin rmresc AnotherResc] --- 
run_resource_teardown - END
 --- IrodsSession: icommand executed by [rods#tempZone] [iinit] --- 
Assert Command: iinit
Expecting STDOUT_SINGLELINE: ['']
  stdout:
    | WARNING: Error 25 disabling echo mode. Password will be displayed in plaintext.
    | Enter your current iRODS password:
  stderr:
    | 
Output found

 --- IrodsSession: icommand executed by [rods#tempZone] [iadmin rmresc demoResc] --- 
Assert Command: iadmin rmresc demoResc
Expecting EMPTY: ['']
  stdout:
    | 
  stderr:
    | 
Output found

 --- IrodsSession: icommand executed by [rods#tempZone] [iadmin modresc origResc name demoResc] --- 
Assert Command: iadmin modresc origResc name demoResc
Expecting STDOUT_SINGLELINE: ['rename']
  stdout:
    | If you modify a resource name, you and other users will need to
    | change your irods_environment.json files to use it, you may need to update
    | server_config.json and, if rules use the resource name, you'll need to
    | update the core rules (core.re).  This command will update various
    | tables with the new name.
    | Do you really want to modify the resource name? (enter y or yes to do so):OK, performing the resource rename
  stderr:
    | 
Output found

]]></system-out>
	</testcase>
	<testcase classname="irods.test.test_resource_types.Test_Resource_Unixfilesystem" name="test_irmtrash_admin" time="10.918" timestamp="2024-08-05T21:40:50" file="scripts/irods/test/test_resource_types.py" line="1140">
		<system-out><![CDATA[ --- IrodsSession: icommand executed by [rods#tempZone] [iinit] --- 
Assert Command: iinit
Expecting STDOUT_SINGLELINE: ['']
  stdout:
    | WARNING: Error 25 disabling echo mode. Password will be displayed in plaintext.
    | Enter your current iRODS password:
  stderr:
    | 
Output found

 --- IrodsSession: icommand executed by [rods#tempZone] [iadmin modresc demoResc name origResc] --- 
Assert Command: iadmin modresc demoResc name origResc
Expecting STDOUT_SINGLELINE: ['rename']
  stdout:
    | If you modify a resource name, you and other users will need to
    | change your irods_environment.json files to use it, you may need to update
    | server_config.json and, if rules use the resource name, you'll need to
    | update the core rules (core.re).  This command will update various
    | tables with the new name.
    | Do you really want to modify the resource name? (enter y or yes to do so):OK, performing the resource rename
  stderr:
    | 
Output found

 --- IrodsSession: icommand executed by [rods#tempZone] [iadmin mkresc demoResc 'unixfilesystem' d7680432ccfd:/var/lib/irods/demoRescVault] --- 
Assert Command: iadmin mkresc demoResc 'unixfilesystem' d7680432ccfd:/var/lib/irods/demoRescVault
Expecting STDOUT_SINGLELINE: ['unixfilesystem']
  stdout:
    | Creating resource:
    | Name:		"demoResc"
    | Type:		"unixfilesystem"
    | Host:		"d7680432ccfd"
    | Path:		"/var/lib/irods/demoRescVault"
    | Context:	""
  stderr:
    | 
Output found

 --- IrodsSession: icommand executed by [rods#tempZone] [iinit] --- 
Assert Command: iinit
Expecting STDOUT_SINGLELINE: ['']
  stdout:
    | WARNING: Error 25 disabling echo mode. Password will be displayed in plaintext.
    | Enter your current iRODS password:
  stderr:
    | 
Output found

 --- IrodsSession: icommand executed by [rods#tempZone] [iinit] --- 
Assert Command: iinit
Expecting STDOUT_SINGLELINE: ['']
  stdout:
    | WARNING: Error 25 disabling echo mode. Password will be displayed in plaintext.
    | Enter your current iRODS password:
  stderr:
    | 
Output found

 --- IrodsSession: icommand executed by [rods#tempZone] [iadmin mkuser otherrods rodsadmin] --- 
Assert Command: iadmin mkuser otherrods rodsadmin
Expecting EMPTY: ['']
  stdout:
    | 
  stderr:
    | 
Output found

 --- IrodsSession: icommand executed by [rods#tempZone] [iadmin moduser otherrods password rods] --- 
Assert Command: iadmin moduser otherrods password rods
Expecting EMPTY: ['']
  stdout:
    | 
  stderr:
    | 
Output found

 --- IrodsSession: icommand executed by [otherrods#tempZone] [iinit] --- 
Assert Command: iinit
Expecting STDOUT_SINGLELINE: ['']
  stdout:
    | WARNING: Error 25 disabling echo mode. Password will be displayed in plaintext.
    | Enter your current iRODS password:
  stderr:
    | 
Output found

 --- IrodsSession: icommand executed by [otherrods#tempZone] [imkdir /tempZone/home/otherrods/2024-08-05Z21:40:41--irods-testing-by6735cd] --- 
Assert Command: imkdir /tempZone/home/otherrods/2024-08-05Z21:40:41--irods-testing-by6735cd
Expecting EMPTY: ['']
  stdout:
    | 
  stderr:
    | 
Output found

 --- IrodsSession: icommand executed by [otherrods#tempZone] [icd /tempZone/home/otherrods/2024-08-05Z21:40:41--irods-testing-by6735cd] --- 
Assert Command: icd /tempZone/home/otherrods/2024-08-05Z21:40:41--irods-testing-by6735cd
Expecting EMPTY: ['']
  stdout:
    | 
  stderr:
    | 
Output found

 --- IrodsSession: icommand executed by [rods#tempZone] [iinit] --- 
Assert Command: iinit
Expecting STDOUT_SINGLELINE: ['']
  stdout:
    | WARNING: Error 25 disabling echo mode. Password will be displayed in plaintext.
    | Enter your current iRODS password:
  stderr:
    | 
Output found

 --- IrodsSession: icommand executed by [rods#tempZone] [iadmin mkuser alice rodsuser] --- 
Assert Command: iadmin mkuser alice rodsuser
Expecting EMPTY: ['']
  stdout:
    | 
  stderr:
    | 
Output found

 --- IrodsSession: icommand executed by [rods#tempZone] [iadmin moduser alice password apass] --- 
Assert Command: iadmin moduser alice password apass
Expecting EMPTY: ['']
  stdout:
    | 
  stderr:
    | 
Output found

 --- IrodsSession: icommand executed by [alice#tempZone] [iinit] --- 
Assert Command: iinit
Expecting STDOUT_SINGLELINE: ['']
  stdout:
    | WARNING: Error 25 disabling echo mode. Password will be displayed in plaintext.
    | Enter your current iRODS password:
  stderr:
    | 
Output found

 --- IrodsSession: icommand executed by [alice#tempZone] [imkdir /tempZone/home/alice/2024-08-05Z21:40:42--irods-testing-9ob49d74] --- 
Assert Command: imkdir /tempZone/home/alice/2024-08-05Z21:40:42--irods-testing-9ob49d74
Expecting EMPTY: ['']
  stdout:
    | 
  stderr:
    | 
Output found

 --- IrodsSession: icommand executed by [alice#tempZone] [icd /tempZone/home/alice/2024-08-05Z21:40:42--irods-testing-9ob49d74] --- 
Assert Command: icd /tempZone/home/alice/2024-08-05Z21:40:42--irods-testing-9ob49d74
Expecting EMPTY: ['']
  stdout:
    | 
  stderr:
    | 
Output found

 --- IrodsSession: icommand executed by [rods#tempZone] [iinit] --- 
Assert Command: iinit
Expecting STDOUT_SINGLELINE: ['']
  stdout:
    | WARNING: Error 25 disabling echo mode. Password will be displayed in plaintext.
    | Enter your current iRODS password:
  stderr:
    | 
Output found

 --- IrodsSession: icommand executed by [rods#tempZone] [iadmin mkuser bobby rodsuser] --- 
Assert Command: iadmin mkuser bobby rodsuser
Expecting EMPTY: ['']
  stdout:
    | 
  stderr:
    | 
Output found

 --- IrodsSession: icommand executed by [rods#tempZone] [iadmin moduser bobby password bpass] --- 
Assert Command: iadmin moduser bobby password bpass
Expecting EMPTY: ['']
  stdout:
    | 
  stderr:
    | 
Output found

 --- IrodsSession: icommand executed by [bobby#tempZone] [iinit] --- 
Assert Command: iinit
Expecting STDOUT_SINGLELINE: ['']
  stdout:
    | WARNING: Error 25 disabling echo mode. Password will be displayed in plaintext.
    | Enter your current iRODS password:
  stderr:
    | 
Output found

 --- IrodsSession: icommand executed by [bobby#tempZone] [imkdir /tempZone/home/bobby/2024-08-05Z21:40:43--irods-testing-0w3lquwq] --- 
Assert Command: imkdir /tempZone/home/bobby/2024-08-05Z21:40:43--irods-testing-0w3lquwq
Expecting EMPTY: ['']
  stdout:
    | 
  stderr:
    | 
Output found

 --- IrodsSession: icommand executed by [bobby#tempZone] [icd /tempZone/home/bobby/2024-08-05Z21:40:43--irods-testing-0w3lquwq] --- 
Assert Command: icd /tempZone/home/bobby/2024-08-05Z21:40:43--irods-testing-0w3lquwq
Expecting EMPTY: ['']
  stdout:
    | 
  stderr:
    | 
Output found

run_resource_setup - BEGIN
 --- IrodsSession: icommand executed by [otherrods#tempZone] [iadmin mkresc TestResc unixfilesystem d7680432ccfd:/tmp/irods/TestResc] --- 
Assert Command: iadmin mkresc TestResc unixfilesystem d7680432ccfd:/tmp/irods/TestResc
Expecting STDOUT_SINGLELINE: ['unixfilesystem']
  stdout:
    | Creating resource:
    | Name:		"TestResc"
    | Type:		"unixfilesystem"
    | Host:		"d7680432ccfd"
    | Path:		"/tmp/irods/TestResc"
    | Context:	""
  stderr:
    | 
Output found

 --- IrodsSession: icommand executed by [otherrods#tempZone] [iadmin mkresc AnotherResc unixfilesystem d7680432ccfd:/tmp/irods/AnotherResc] --- 
Assert Command: iadmin mkresc AnotherResc unixfilesystem d7680432ccfd:/tmp/irods/AnotherResc
Expecting STDOUT_SINGLELINE: ['unixfilesystem']
  stdout:
    | Creating resource:
    | Name:		"AnotherResc"
    | Type:		"unixfilesystem"
    | Host:		"d7680432ccfd"
    | Path:		"/tmp/irods/AnotherResc"
    | Context:	""
  stderr:
    | 
Output found

 --- IrodsSession: icommand executed by [otherrods#tempZone] [imkdir testdir] --- 
Assert Command: imkdir testdir
Expecting EMPTY: ['']
  stdout:
    | 
  stderr:
    | 
Output found

 --- IrodsSession: icommand executed by [otherrods#tempZone] [iput testfile.txt] --- 
Assert Command: iput testfile.txt
Expecting EMPTY: ['']
  stdout:
    | 
  stderr:
    | 
Output found

 --- IrodsSession: icommand executed by [otherrods#tempZone] [icp testfile.txt ../../public/] --- 
Assert Command: icp testfile.txt ../../public/
Expecting EMPTY: ['']
  stdout:
    | 
  stderr:
    | 
Output found

 --- IrodsSession: icommand executed by [otherrods#tempZone] [ichmod read alice ../../public/testfile.txt] --- 
Assert Command: ichmod read alice ../../public/testfile.txt
Expecting EMPTY: ['']
  stdout:
    | 
  stderr:
    | 
Output found

 --- IrodsSession: icommand executed by [otherrods#tempZone] [ichmod write bobby ../../public/testfile.txt] --- 
Assert Command: ichmod write bobby ../../public/testfile.txt
Expecting EMPTY: ['']
  stdout:
    | 
  stderr:
    | 
Output found

run_resource_setup - END
 --- IrodsSession: icommand executed by [otherrods#tempZone] [irm testfile.txt] --- 
Assert Command: irm testfile.txt
Expecting EMPTY: ['']
  stdout:
    | 
  stderr:
    | 
Output found

 --- IrodsSession: icommand executed by [otherrods#tempZone] [ils -rL /tempZone/trash/home/otherrods/] --- 
Assert Command: ils -rL /tempZone/trash/home/otherrods/
Expecting STDOUT_SINGLELINE: ['testfile.txt']
  stdout:
    | /tempZone/trash/home/otherrods:
    |   C- /tempZone/trash/home/otherrods/2024-08-05Z21:40:41--irods-testing-by6735cd
    | /tempZone/trash/home/otherrods/2024-08-05Z21:40:41--irods-testing-by6735cd:
    |   otherrods         0 demoResc           33 2024-08-05.21:40 & testfile.txt
    |         generic    /var/lib/irods/demoRescVault/trash/home/otherrods/2024-08-05Z21:40:41--irods-testing-by6735cd/testfile.txt
  stderr:
    | 
Output found

 --- IrodsSession: icommand executed by [otherrods#tempZone] [irmtrash] --- 
Assert Command: irmtrash
Expecting EMPTY: ['']
  stdout:
    | 
  stderr:
    | 
Output found

 --- IrodsSession: icommand executed by [otherrods#tempZone] [ils -rL /tempZone/trash/home/otherrods/] --- 
Assert FAIL Command: ils -rL /tempZone/trash/home/otherrods/
Expecting STDOUT_SINGLELINE: ['testfile.txt']
  stdout:
    | /tempZone/trash/home/otherrods:
  stderr:
    | 
Output not found

run_resource_teardown - BEGIN
 --- IrodsSession: icommand executed by [otherrods#tempZone] [icd] --- 
 --- IrodsSession: icommand executed by [otherrods#tempZone] [irm testfile.txt ../public/testfile.txt] --- 
 --- IrodsSession: icommand executed by [otherrods#tempZone] [irm -rf ../../bundle] --- 
 --- IrodsSession: icommand executed by [rods#tempZone] [iinit] --- 
Assert Command: iinit
Expecting STDOUT_SINGLELINE: ['']
  stdout:
    | WARNING: Error 25 disabling echo mode. Password will be displayed in plaintext.
    | Enter your current iRODS password:
  stderr:
    | 
Output found

 --- IrodsSession: icommand executed by [otherrods#tempZone] [icd] --- 
Assert Command: icd
Expecting EMPTY: ['']
  stdout:
    | 
  stderr:
    | 
Output found

 --- IrodsSession: icommand executed by [otherrods#tempZone] [irm -rf /tempZone/home/otherrods/2024-08-05Z21:40:41--irods-testing-by6735cd] --- 
Assert Command: irm -rf /tempZone/home/otherrods/2024-08-05Z21:40:41--irods-testing-by6735cd
Expecting EMPTY: ['']
  stdout:
    | 
  stderr:
    | 
Output found

 --- IrodsSession: icommand executed by [otherrods#tempZone] [irmtrash] --- 
Assert Command: irmtrash
Expecting EMPTY: ['']
  stdout:
    | 
  stderr:
    | 
Output found

 --- IrodsSession: icommand executed by [rods#tempZone] [iadmin rmuser otherrods] --- 
Assert Command: iadmin rmuser otherrods
Expecting EMPTY: ['']
  stdout:
    | 
  stderr:
    | 
Output found

 --- IrodsSession: icommand executed by [alice#tempZone] [icd] --- 
Assert Command: icd
Expecting EMPTY: ['']
  stdout:
    | 
  stderr:
    | 
Output found

 --- IrodsSession: icommand executed by [alice#tempZone] [irm -rf /tempZone/home/alice/2024-08-05Z21:40:42--irods-testing-9ob49d74] --- 
Assert Command: irm -rf /tempZone/home/alice/2024-08-05Z21:40:42--irods-testing-9ob49d74
Expecting EMPTY: ['']
  stdout:
    | 
  stderr:
    | 
Output found

 --- IrodsSession: icommand executed by [alice#tempZone] [irmtrash] --- 
Assert Command: irmtrash
Expecting EMPTY: ['']
  stdout:
    | 
  stderr:
    | 
Output found

 --- IrodsSession: icommand executed by [rods#tempZone] [iadmin rmuser alice] --- 
Assert Command: iadmin rmuser alice
Expecting EMPTY: ['']
  stdout:
    | 
  stderr:
    | 
Output found

 --- IrodsSession: icommand executed by [bobby#tempZone] [icd] --- 
Assert Command: icd
Expecting EMPTY: ['']
  stdout:
    | 
  stderr:
    | 
Output found

 --- IrodsSession: icommand executed by [bobby#tempZone] [irm -rf /tempZone/home/bobby/2024-08-05Z21:40:43--irods-testing-0w3lquwq] --- 
Assert Command: irm -rf /tempZone/home/bobby/2024-08-05Z21:40:43--irods-testing-0w3lquwq
Expecting EMPTY: ['']
  stdout:
    | 
  stderr:
    | 
Output found

 --- IrodsSession: icommand executed by [bobby#tempZone] [irmtrash] --- 
Assert Command: irmtrash
Expecting EMPTY: ['']
  stdout:
    | 
  stderr:
    | 
Output found

 --- IrodsSession: icommand executed by [rods#tempZone] [iadmin rmuser bobby] --- 
Assert Command: iadmin rmuser bobby
Expecting EMPTY: ['']
  stdout:
    | 
  stderr:
    | 
Output found

 --- IrodsSession: icommand executed by [rods#tempZone] [iinit] --- 
Assert Command: iinit
Expecting STDOUT_SINGLELINE: ['']
  stdout:
    | WARNING: Error 25 disabling echo mode. Password will be displayed in plaintext.
    | Enter your current iRODS password:
  stderr:
    | 
Output found

 --- IrodsSession: icommand executed by [rods#tempZone] [irmtrash -M] --- 
 --- IrodsSession: icommand executed by [rods#tempZone] [iadmin rmresc TestResc] --- 
 --- IrodsSession: icommand executed by [rods#tempZone] [iadmin rmresc AnotherResc] --- 
run_resource_teardown - END
 --- IrodsSession: icommand executed by [rods#tempZone] [iinit] --- 
Assert Command: iinit
Expecting STDOUT_SINGLELINE: ['']
  stdout:
    | WARNING: Error 25 disabling echo mode. Password will be displayed in plaintext.
    | Enter your current iRODS password:
  stderr:
    | 
Output found

 --- IrodsSession: icommand executed by [rods#tempZone] [iadmin rmresc demoResc] --- 
Assert Command: iadmin rmresc demoResc
Expecting EMPTY: ['']
  stdout:
    | 
  stderr:
    | 
Output found

 --- IrodsSession: icommand executed by [rods#tempZone] [iadmin modresc origResc name demoResc] --- 
Assert Command: iadmin modresc origResc name demoResc
Expecting STDOUT_SINGLELINE: ['rename']
  stdout:
    | If you modify a resource name, you and other users will need to
    | change your irods_environment.json files to use it, you may need to update
    | server_config.json and, if rules use the resource name, you'll need to
    | update the core rules (core.re).  This command will update various
    | tables with the new name.
    | Do you really want to modify the resource name? (enter y or yes to do so):OK, performing the resource rename
  stderr:
    | 
Output found

]]></system-out>
	</testcase>
	<testcase classname="irods.test.test_resource_types.Test_Resource_Unixfilesystem" name="test_irsync_from_devtest" time="12.589" timestamp="2024-08-05T21:41:03" file="scripts/irods/test/test_resource_types.py" line="494">
		<system-out><![CDATA[ --- IrodsSession: icommand executed by [rods#tempZone] [iinit] --- 
Assert Command: iinit
Expecting STDOUT_SINGLELINE: ['']
  stdout:
    | WARNING: Error 25 disabling echo mode. Password will be displayed in plaintext.
    | Enter your current iRODS password:
  stderr:
    | 
Output found

 --- IrodsSession: icommand executed by [rods#tempZone] [iadmin modresc demoResc name origResc] --- 
Assert Command: iadmin modresc demoResc name origResc
Expecting STDOUT_SINGLELINE: ['rename']
  stdout:
    | If you modify a resource name, you and other users will need to
    | change your irods_environment.json files to use it, you may need to update
    | server_config.json and, if rules use the resource name, you'll need to
    | update the core rules (core.re).  This command will update various
    | tables with the new name.
    | Do you really want to modify the resource name? (enter y or yes to do so):OK, performing the resource rename
  stderr:
    | 
Output found

 --- IrodsSession: icommand executed by [rods#tempZone] [iadmin mkresc demoResc 'unixfilesystem' d7680432ccfd:/var/lib/irods/demoRescVault] --- 
Assert Command: iadmin mkresc demoResc 'unixfilesystem' d7680432ccfd:/var/lib/irods/demoRescVault
Expecting STDOUT_SINGLELINE: ['unixfilesystem']
  stdout:
    | Creating resource:
    | Name:		"demoResc"
    | Type:		"unixfilesystem"
    | Host:		"d7680432ccfd"
    | Path:		"/var/lib/irods/demoRescVault"
    | Context:	""
  stderr:
    | 
Output found

 --- IrodsSession: icommand executed by [rods#tempZone] [iinit] --- 
Assert Command: iinit
Expecting STDOUT_SINGLELINE: ['']
  stdout:
    | WARNING: Error 25 disabling echo mode. Password will be displayed in plaintext.
    | Enter your current iRODS password:
  stderr:
    | 
Output found

 --- IrodsSession: icommand executed by [rods#tempZone] [iinit] --- 
Assert Command: iinit
Expecting STDOUT_SINGLELINE: ['']
  stdout:
    | WARNING: Error 25 disabling echo mode. Password will be displayed in plaintext.
    | Enter your current iRODS password:
  stderr:
    | 
Output found

 --- IrodsSession: icommand executed by [rods#tempZone] [iadmin mkuser otherrods rodsadmin] --- 
Assert Command: iadmin mkuser otherrods rodsadmin
Expecting EMPTY: ['']
  stdout:
    | 
  stderr:
    | 
Output found

 --- IrodsSession: icommand executed by [rods#tempZone] [iadmin moduser otherrods password rods] --- 
Assert Command: iadmin moduser otherrods password rods
Expecting EMPTY: ['']
  stdout:
    | 
  stderr:
    | 
Output found

 --- IrodsSession: icommand executed by [otherrods#tempZone] [iinit] --- 
Assert Command: iinit
Expecting STDOUT_SINGLELINE: ['']
  stdout:
    | WARNING: Error 25 disabling echo mode. Password will be displayed in plaintext.
    | Enter your current iRODS password:
  stderr:
    | 
Output found

 --- IrodsSession: icommand executed by [otherrods#tempZone] [imkdir /tempZone/home/otherrods/2024-08-05Z21:40:52--irods-testing-ekm9dn1p] --- 
Assert Command: imkdir /tempZone/home/otherrods/2024-08-05Z21:40:52--irods-testing-ekm9dn1p
Expecting EMPTY: ['']
  stdout:
    | 
  stderr:
    | 
Output found

 --- IrodsSession: icommand executed by [otherrods#tempZone] [icd /tempZone/home/otherrods/2024-08-05Z21:40:52--irods-testing-ekm9dn1p] --- 
Assert Command: icd /tempZone/home/otherrods/2024-08-05Z21:40:52--irods-testing-ekm9dn1p
Expecting EMPTY: ['']
  stdout:
    | 
  stderr:
    | 
Output found

 --- IrodsSession: icommand executed by [rods#tempZone] [iinit] --- 
Assert Command: iinit
Expecting STDOUT_SINGLELINE: ['']
  stdout:
    | WARNING: Error 25 disabling echo mode. Password will be displayed in plaintext.
    | Enter your current iRODS password:
  stderr:
    | 
Output found

 --- IrodsSession: icommand executed by [rods#tempZone] [iadmin mkuser alice rodsuser] --- 
Assert Command: iadmin mkuser alice rodsuser
Expecting EMPTY: ['']
  stdout:
    | 
  stderr:
    | 
Output found

 --- IrodsSession: icommand executed by [rods#tempZone] [iadmin moduser alice password apass] --- 
Assert Command: iadmin moduser alice password apass
Expecting EMPTY: ['']
  stdout:
    | 
  stderr:
    | 
Output found

 --- IrodsSession: icommand executed by [alice#tempZone] [iinit] --- 
Assert Command: iinit
Expecting STDOUT_SINGLELINE: ['']
  stdout:
    | WARNING: Error 25 disabling echo mode. Password will be displayed in plaintext.
    | Enter your current iRODS password:
  stderr:
    | 
Output found

 --- IrodsSession: icommand executed by [alice#tempZone] [imkdir /tempZone/home/alice/2024-08-05Z21:40:53--irods-testing-58aqvolv] --- 
Assert Command: imkdir /tempZone/home/alice/2024-08-05Z21:40:53--irods-testing-58aqvolv
Expecting EMPTY: ['']
  stdout:
    | 
  stderr:
    | 
Output found

 --- IrodsSession: icommand executed by [alice#tempZone] [icd /tempZone/home/alice/2024-08-05Z21:40:53--irods-testing-58aqvolv] --- 
Assert Command: icd /tempZone/home/alice/2024-08-05Z21:40:53--irods-testing-58aqvolv
Expecting EMPTY: ['']
  stdout:
    | 
  stderr:
    | 
Output found

 --- IrodsSession: icommand executed by [rods#tempZone] [iinit] --- 
Assert Command: iinit
Expecting STDOUT_SINGLELINE: ['']
  stdout:
    | WARNING: Error 25 disabling echo mode. Password will be displayed in plaintext.
    | Enter your current iRODS password:
  stderr:
    | 
Output found

 --- IrodsSession: icommand executed by [rods#tempZone] [iadmin mkuser bobby rodsuser] --- 
Assert Command: iadmin mkuser bobby rodsuser
Expecting EMPTY: ['']
  stdout:
    | 
  stderr:
    | 
Output found

 --- IrodsSession: icommand executed by [rods#tempZone] [iadmin moduser bobby password bpass] --- 
Assert Command: iadmin moduser bobby password bpass
Expecting EMPTY: ['']
  stdout:
    | 
  stderr:
    | 
Output found

 --- IrodsSession: icommand executed by [bobby#tempZone] [iinit] --- 
Assert Command: iinit
Expecting STDOUT_SINGLELINE: ['']
  stdout:
    | WARNING: Error 25 disabling echo mode. Password will be displayed in plaintext.
    | Enter your current iRODS password:
  stderr:
    | 
Output found

 --- IrodsSession: icommand executed by [bobby#tempZone] [imkdir /tempZone/home/bobby/2024-08-05Z21:40:54--irods-testing-uoi_z1gc] --- 
Assert Command: imkdir /tempZone/home/bobby/2024-08-05Z21:40:54--irods-testing-uoi_z1gc
Expecting EMPTY: ['']
  stdout:
    | 
  stderr:
    | 
Output found

 --- IrodsSession: icommand executed by [bobby#tempZone] [icd /tempZone/home/bobby/2024-08-05Z21:40:54--irods-testing-uoi_z1gc] --- 
Assert Command: icd /tempZone/home/bobby/2024-08-05Z21:40:54--irods-testing-uoi_z1gc
Expecting EMPTY: ['']
  stdout:
    | 
  stderr:
    | 
Output found

run_resource_setup - BEGIN
 --- IrodsSession: icommand executed by [otherrods#tempZone] [iadmin mkresc TestResc unixfilesystem d7680432ccfd:/tmp/irods/TestResc] --- 
Assert Command: iadmin mkresc TestResc unixfilesystem d7680432ccfd:/tmp/irods/TestResc
Expecting STDOUT_SINGLELINE: ['unixfilesystem']
  stdout:
    | Creating resource:
    | Name:		"TestResc"
    | Type:		"unixfilesystem"
    | Host:		"d7680432ccfd"
    | Path:		"/tmp/irods/TestResc"
    | Context:	""
  stderr:
    | 
Output found

 --- IrodsSession: icommand executed by [otherrods#tempZone] [iadmin mkresc AnotherResc unixfilesystem d7680432ccfd:/tmp/irods/AnotherResc] --- 
Assert Command: iadmin mkresc AnotherResc unixfilesystem d7680432ccfd:/tmp/irods/AnotherResc
Expecting STDOUT_SINGLELINE: ['unixfilesystem']
  stdout:
    | Creating resource:
    | Name:		"AnotherResc"
    | Type:		"unixfilesystem"
    | Host:		"d7680432ccfd"
    | Path:		"/tmp/irods/AnotherResc"
    | Context:	""
  stderr:
    | 
Output found

 --- IrodsSession: icommand executed by [otherrods#tempZone] [imkdir testdir] --- 
Assert Command: imkdir testdir
Expecting EMPTY: ['']
  stdout:
    | 
  stderr:
    | 
Output found

 --- IrodsSession: icommand executed by [otherrods#tempZone] [iput testfile.txt] --- 
Assert Command: iput testfile.txt
Expecting EMPTY: ['']
  stdout:
    | 
  stderr:
    | 
Output found

 --- IrodsSession: icommand executed by [otherrods#tempZone] [icp testfile.txt ../../public/] --- 
Assert Command: icp testfile.txt ../../public/
Expecting EMPTY: ['']
  stdout:
    | 
  stderr:
    | 
Output found

 --- IrodsSession: icommand executed by [otherrods#tempZone] [ichmod read alice ../../public/testfile.txt] --- 
Assert Command: ichmod read alice ../../public/testfile.txt
Expecting EMPTY: ['']
  stdout:
    | 
  stderr:
    | 
Output found

 --- IrodsSession: icommand executed by [otherrods#tempZone] [ichmod write bobby ../../public/testfile.txt] --- 
Assert Command: ichmod write bobby ../../public/testfile.txt
Expecting EMPTY: ['']
  stdout:
    | 
  stderr:
    | 
Output found

run_resource_setup - END
 --- IrodsSession: icommand executed by [otherrods#tempZone] [imkdir icmdtest] --- 
Assert Command: imkdir icmdtest
Expecting EMPTY: ['']
  stdout:
    | 
  stderr:
    | 
Output found

 --- IrodsSession: icommand executed by [otherrods#tempZone] [irsync /tmp/irods-testing-ekm9dn1p/test_file i:/tempZone/home/otherrods/2024-08-05Z21:40:52--irods-testing-ekm9dn1p/icmdtest/foo100] --- 
Assert Command: irsync /tmp/irods-testing-ekm9dn1p/test_file i:/tempZone/home/otherrods/2024-08-05Z21:40:52--irods-testing-ekm9dn1p/icmdtest/foo100
Expecting EMPTY: ['']
  stdout:
    | 
  stderr:
    | 
Output found

 --- IrodsSession: icommand executed by [otherrods#tempZone] [irsync i:/tempZone/home/otherrods/2024-08-05Z21:40:52--irods-testing-ekm9dn1p/icmdtest/foo100 ./foo100] --- 
Assert Command: irsync i:/tempZone/home/otherrods/2024-08-05Z21:40:52--irods-testing-ekm9dn1p/icmdtest/foo100 ./foo100
Expecting EMPTY: ['']
  stdout:
    | 
  stderr:
    | 
Output found

 --- IrodsSession: icommand executed by [otherrods#tempZone] [irsync i:/tempZone/home/otherrods/2024-08-05Z21:40:52--irods-testing-ekm9dn1p/icmdtest/foo100 i:/tempZone/home/otherrods/2024-08-05Z21:40:52--irods-testing-ekm9dn1p/icmdtest/foo200] --- 
Assert Command: irsync i:/tempZone/home/otherrods/2024-08-05Z21:40:52--irods-testing-ekm9dn1p/icmdtest/foo100 i:/tempZone/home/otherrods/2024-08-05Z21:40:52--irods-testing-ekm9dn1p/icmdtest/foo200
Expecting EMPTY: ['']
  stdout:
    | 
  stderr:
    | 
Output found

 --- IrodsSession: icommand executed by [otherrods#tempZone] [irm -f /tempZone/home/otherrods/2024-08-05Z21:40:52--irods-testing-ekm9dn1p/icmdtest/foo100 /tempZone/home/otherrods/2024-08-05Z21:40:52--irods-testing-ekm9dn1p/icmdtest/foo200] --- 
Assert Command: irm -f /tempZone/home/otherrods/2024-08-05Z21:40:52--irods-testing-ekm9dn1p/icmdtest/foo100 /tempZone/home/otherrods/2024-08-05Z21:40:52--irods-testing-ekm9dn1p/icmdtest/foo200
Expecting EMPTY: ['']
  stdout:
    | 
  stderr:
    | 
Output found

 --- IrodsSession: icommand executed by [otherrods#tempZone] [iput -R TestResc /tmp/irods-testing-ekm9dn1p/test_file /tempZone/home/otherrods/2024-08-05Z21:40:52--irods-testing-ekm9dn1p/icmdtest/foo100] --- 
Assert Command: iput -R TestResc /tmp/irods-testing-ekm9dn1p/test_file /tempZone/home/otherrods/2024-08-05Z21:40:52--irods-testing-ekm9dn1p/icmdtest/foo100
Expecting EMPTY: ['']
  stdout:
    | 
  stderr:
    | 
Output found

 --- IrodsSession: icommand executed by [otherrods#tempZone] [irsync /tmp/irods-testing-ekm9dn1p/test_file i:/tempZone/home/otherrods/2024-08-05Z21:40:52--irods-testing-ekm9dn1p/icmdtest/foo100] --- 
Assert Command: irsync /tmp/irods-testing-ekm9dn1p/test_file i:/tempZone/home/otherrods/2024-08-05Z21:40:52--irods-testing-ekm9dn1p/icmdtest/foo100
Expecting EMPTY: ['']
  stdout:
    | 
  stderr:
    | 
Output found

 --- IrodsSession: icommand executed by [otherrods#tempZone] [iput -R TestResc /tmp/irods-testing-ekm9dn1p/test_file /tempZone/home/otherrods/2024-08-05Z21:40:52--irods-testing-ekm9dn1p/icmdtest/foo200] --- 
Assert Command: iput -R TestResc /tmp/irods-testing-ekm9dn1p/test_file /tempZone/home/otherrods/2024-08-05Z21:40:52--irods-testing-ekm9dn1p/icmdtest/foo200
Expecting EMPTY: ['']
  stdout:
    | 
  stderr:
    | 
Output found

 --- IrodsSession: icommand executed by [otherrods#tempZone] [irsync i:/tempZone/home/otherrods/2024-08-05Z21:40:52--irods-testing-ekm9dn1p/icmdtest/foo100 i:/tempZone/home/otherrods/2024-08-05Z21:40:52--irods-testing-ekm9dn1p/icmdtest/foo200] --- 
Assert Command: irsync i:/tempZone/home/otherrods/2024-08-05Z21:40:52--irods-testing-ekm9dn1p/icmdtest/foo100 i:/tempZone/home/otherrods/2024-08-05Z21:40:52--irods-testing-ekm9dn1p/icmdtest/foo200
Expecting EMPTY: ['']
  stdout:
    | 
  stderr:
    | 
Output found

run_resource_teardown - BEGIN
 --- IrodsSession: icommand executed by [otherrods#tempZone] [icd] --- 
 --- IrodsSession: icommand executed by [otherrods#tempZone] [irm testfile.txt ../public/testfile.txt] --- 
 --- IrodsSession: icommand executed by [otherrods#tempZone] [irm -rf ../../bundle] --- 
 --- IrodsSession: icommand executed by [rods#tempZone] [iinit] --- 
Assert Command: iinit
Expecting STDOUT_SINGLELINE: ['']
  stdout:
    | WARNING: Error 25 disabling echo mode. Password will be displayed in plaintext.
    | Enter your current iRODS password:
  stderr:
    | 
Output found

 --- IrodsSession: icommand executed by [otherrods#tempZone] [icd] --- 
Assert Command: icd
Expecting EMPTY: ['']
  stdout:
    | 
  stderr:
    | 
Output found

 --- IrodsSession: icommand executed by [otherrods#tempZone] [irm -rf /tempZone/home/otherrods/2024-08-05Z21:40:52--irods-testing-ekm9dn1p] --- 
Assert Command: irm -rf /tempZone/home/otherrods/2024-08-05Z21:40:52--irods-testing-ekm9dn1p
Expecting EMPTY: ['']
  stdout:
    | 
  stderr:
    | 
Output found

 --- IrodsSession: icommand executed by [otherrods#tempZone] [irmtrash] --- 
Assert Command: irmtrash
Expecting EMPTY: ['']
  stdout:
    | 
  stderr:
    | 
Output found

 --- IrodsSession: icommand executed by [rods#tempZone] [iadmin rmuser otherrods] --- 
Assert Command: iadmin rmuser otherrods
Expecting EMPTY: ['']
  stdout:
    | 
  stderr:
    | 
Output found

 --- IrodsSession: icommand executed by [alice#tempZone] [icd] --- 
Assert Command: icd
Expecting EMPTY: ['']
  stdout:
    | 
  stderr:
    | 
Output found

 --- IrodsSession: icommand executed by [alice#tempZone] [irm -rf /tempZone/home/alice/2024-08-05Z21:40:53--irods-testing-58aqvolv] --- 
Assert Command: irm -rf /tempZone/home/alice/2024-08-05Z21:40:53--irods-testing-58aqvolv
Expecting EMPTY: ['']
  stdout:
    | 
  stderr:
    | 
Output found

 --- IrodsSession: icommand executed by [alice#tempZone] [irmtrash] --- 
Assert Command: irmtrash
Expecting EMPTY: ['']
  stdout:
    | 
  stderr:
    | 
Output found

 --- IrodsSession: icommand executed by [rods#tempZone] [iadmin rmuser alice] --- 
Assert Command: iadmin rmuser alice
Expecting EMPTY: ['']
  stdout:
    | 
  stderr:
    | 
Output found

 --- IrodsSession: icommand executed by [bobby#tempZone] [icd] --- 
Assert Command: icd
Expecting EMPTY: ['']
  stdout:
    | 
  stderr:
    | 
Output found

 --- IrodsSession: icommand executed by [bobby#tempZone] [irm -rf /tempZone/home/bobby/2024-08-05Z21:40:54--irods-testing-uoi_z1gc] --- 
Assert Command: irm -rf /tempZone/home/bobby/2024-08-05Z21:40:54--irods-testing-uoi_z1gc
Expecting EMPTY: ['']
  stdout:
    | 
  stderr:
    | 
Output found

 --- IrodsSession: icommand executed by [bobby#tempZone] [irmtrash] --- 
Assert Command: irmtrash
Expecting EMPTY: ['']
  stdout:
    | 
  stderr:
    | 
Output found

 --- IrodsSession: icommand executed by [rods#tempZone] [iadmin rmuser bobby] --- 
Assert Command: iadmin rmuser bobby
Expecting EMPTY: ['']
  stdout:
    | 
  stderr:
    | 
Output found

 --- IrodsSession: icommand executed by [rods#tempZone] [iinit] --- 
Assert Command: iinit
Expecting STDOUT_SINGLELINE: ['']
  stdout:
    | WARNING: Error 25 disabling echo mode. Password will be displayed in plaintext.
    | Enter your current iRODS password:
  stderr:
    | 
Output found

 --- IrodsSession: icommand executed by [rods#tempZone] [irmtrash -M] --- 
 --- IrodsSession: icommand executed by [rods#tempZone] [iadmin rmresc TestResc] --- 
 --- IrodsSession: icommand executed by [rods#tempZone] [iadmin rmresc AnotherResc] --- 
run_resource_teardown - END
 --- IrodsSession: icommand executed by [rods#tempZone] [iinit] --- 
Assert Command: iinit
Expecting STDOUT_SINGLELINE: ['']
  stdout:
    | WARNING: Error 25 disabling echo mode. Password will be displayed in plaintext.
    | Enter your current iRODS password:
  stderr:
    | 
Output found

 --- IrodsSession: icommand executed by [rods#tempZone] [iadmin rmresc demoResc] --- 
Assert Command: iadmin rmresc demoResc
Expecting EMPTY: ['']
  stdout:
    | 
  stderr:
    | 
Output found

 --- IrodsSession: icommand executed by [rods#tempZone] [iadmin modresc origResc name demoResc] --- 
Assert Command: iadmin modresc origResc name demoResc
Expecting STDOUT_SINGLELINE: ['rename']
  stdout:
    | If you modify a resource name, you and other users will need to
    | change your irods_environment.json files to use it, you may need to update
    | server_config.json and, if rules use the resource name, you'll need to
    | update the core rules (core.re).  This command will update various
    | tables with the new name.
    | Do you really want to modify the resource name? (enter y or yes to do so):OK, performing the resource rename
  stderr:
    | 
Output found

]]></system-out>
	</testcase>
	<testcase classname="irods.test.test_resource_types.Test_Resource_Unixfilesystem" name="test_istream_works_with_minimum_free_space_for_create_in_bytes_configured__issue_7160" time="11.659" timestamp="2024-08-05T21:41:15" file="scripts/irods/test/test_resource_types.py" line="549">
		<system-out><![CDATA[ --- IrodsSession: icommand executed by [rods#tempZone] [iinit] --- 
Assert Command: iinit
Expecting STDOUT_SINGLELINE: ['']
  stdout:
    | WARNING: Error 25 disabling echo mode. Password will be displayed in plaintext.
    | Enter your current iRODS password:
  stderr:
    | 
Output found

 --- IrodsSession: icommand executed by [rods#tempZone] [iadmin modresc demoResc name origResc] --- 
Assert Command: iadmin modresc demoResc name origResc
Expecting STDOUT_SINGLELINE: ['rename']
  stdout:
    | If you modify a resource name, you and other users will need to
    | change your irods_environment.json files to use it, you may need to update
    | server_config.json and, if rules use the resource name, you'll need to
    | update the core rules (core.re).  This command will update various
    | tables with the new name.
    | Do you really want to modify the resource name? (enter y or yes to do so):OK, performing the resource rename
  stderr:
    | 
Output found

 --- IrodsSession: icommand executed by [rods#tempZone] [iadmin mkresc demoResc 'unixfilesystem' d7680432ccfd:/var/lib/irods/demoRescVault] --- 
Assert Command: iadmin mkresc demoResc 'unixfilesystem' d7680432ccfd:/var/lib/irods/demoRescVault
Expecting STDOUT_SINGLELINE: ['unixfilesystem']
  stdout:
    | Creating resource:
    | Name:		"demoResc"
    | Type:		"unixfilesystem"
    | Host:		"d7680432ccfd"
    | Path:		"/var/lib/irods/demoRescVault"
    | Context:	""
  stderr:
    | 
Output found

 --- IrodsSession: icommand executed by [rods#tempZone] [iinit] --- 
Assert Command: iinit
Expecting STDOUT_SINGLELINE: ['']
  stdout:
    | WARNING: Error 25 disabling echo mode. Password will be displayed in plaintext.
    | Enter your current iRODS password:
  stderr:
    | 
Output found

 --- IrodsSession: icommand executed by [rods#tempZone] [iinit] --- 
Assert Command: iinit
Expecting STDOUT_SINGLELINE: ['']
  stdout:
    | WARNING: Error 25 disabling echo mode. Password will be displayed in plaintext.
    | Enter your current iRODS password:
  stderr:
    | 
Output found

 --- IrodsSession: icommand executed by [rods#tempZone] [iadmin mkuser otherrods rodsadmin] --- 
Assert Command: iadmin mkuser otherrods rodsadmin
Expecting EMPTY: ['']
  stdout:
    | 
  stderr:
    | 
Output found

 --- IrodsSession: icommand executed by [rods#tempZone] [iadmin moduser otherrods password rods] --- 
Assert Command: iadmin moduser otherrods password rods
Expecting EMPTY: ['']
  stdout:
    | 
  stderr:
    | 
Output found

 --- IrodsSession: icommand executed by [otherrods#tempZone] [iinit] --- 
Assert Command: iinit
Expecting STDOUT_SINGLELINE: ['']
  stdout:
    | WARNING: Error 25 disabling echo mode. Password will be displayed in plaintext.
    | Enter your current iRODS password:
  stderr:
    | 
Output found

 --- IrodsSession: icommand executed by [otherrods#tempZone] [imkdir /tempZone/home/otherrods/2024-08-05Z21:41:04--irods-testing-fqm237a_] --- 
Assert Command: imkdir /tempZone/home/otherrods/2024-08-05Z21:41:04--irods-testing-fqm237a_
Expecting EMPTY: ['']
  stdout:
    | 
  stderr:
    | 
Output found

 --- IrodsSession: icommand executed by [otherrods#tempZone] [icd /tempZone/home/otherrods/2024-08-05Z21:41:04--irods-testing-fqm237a_] --- 
Assert Command: icd /tempZone/home/otherrods/2024-08-05Z21:41:04--irods-testing-fqm237a_
Expecting EMPTY: ['']
  stdout:
    | 
  stderr:
    | 
Output found

 --- IrodsSession: icommand executed by [rods#tempZone] [iinit] --- 
Assert Command: iinit
Expecting STDOUT_SINGLELINE: ['']
  stdout:
    | WARNING: Error 25 disabling echo mode. Password will be displayed in plaintext.
    | Enter your current iRODS password:
  stderr:
    | 
Output found

 --- IrodsSession: icommand executed by [rods#tempZone] [iadmin mkuser alice rodsuser] --- 
Assert Command: iadmin mkuser alice rodsuser
Expecting EMPTY: ['']
  stdout:
    | 
  stderr:
    | 
Output found

 --- IrodsSession: icommand executed by [rods#tempZone] [iadmin moduser alice password apass] --- 
Assert Command: iadmin moduser alice password apass
Expecting EMPTY: ['']
  stdout:
    | 
  stderr:
    | 
Output found

 --- IrodsSession: icommand executed by [alice#tempZone] [iinit] --- 
Assert Command: iinit
Expecting STDOUT_SINGLELINE: ['']
  stdout:
    | WARNING: Error 25 disabling echo mode. Password will be displayed in plaintext.
    | Enter your current iRODS password:
  stderr:
    | 
Output found

 --- IrodsSession: icommand executed by [alice#tempZone] [imkdir /tempZone/home/alice/2024-08-05Z21:41:06--irods-testing-ql7b1fwh] --- 
Assert Command: imkdir /tempZone/home/alice/2024-08-05Z21:41:06--irods-testing-ql7b1fwh
Expecting EMPTY: ['']
  stdout:
    | 
  stderr:
    | 
Output found

 --- IrodsSession: icommand executed by [alice#tempZone] [icd /tempZone/home/alice/2024-08-05Z21:41:06--irods-testing-ql7b1fwh] --- 
Assert Command: icd /tempZone/home/alice/2024-08-05Z21:41:06--irods-testing-ql7b1fwh
Expecting EMPTY: ['']
  stdout:
    | 
  stderr:
    | 
Output found

 --- IrodsSession: icommand executed by [rods#tempZone] [iinit] --- 
Assert Command: iinit
Expecting STDOUT_SINGLELINE: ['']
  stdout:
    | WARNING: Error 25 disabling echo mode. Password will be displayed in plaintext.
    | Enter your current iRODS password:
  stderr:
    | 
Output found

 --- IrodsSession: icommand executed by [rods#tempZone] [iadmin mkuser bobby rodsuser] --- 
Assert Command: iadmin mkuser bobby rodsuser
Expecting EMPTY: ['']
  stdout:
    | 
  stderr:
    | 
Output found

 --- IrodsSession: icommand executed by [rods#tempZone] [iadmin moduser bobby password bpass] --- 
Assert Command: iadmin moduser bobby password bpass
Expecting EMPTY: ['']
  stdout:
    | 
  stderr:
    | 
Output found

 --- IrodsSession: icommand executed by [bobby#tempZone] [iinit] --- 
Assert Command: iinit
Expecting STDOUT_SINGLELINE: ['']
  stdout:
    | WARNING: Error 25 disabling echo mode. Password will be displayed in plaintext.
    | Enter your current iRODS password:
  stderr:
    | 
Output found

 --- IrodsSession: icommand executed by [bobby#tempZone] [imkdir /tempZone/home/bobby/2024-08-05Z21:41:07--irods-testing-y1pz4dyb] --- 
Assert Command: imkdir /tempZone/home/bobby/2024-08-05Z21:41:07--irods-testing-y1pz4dyb
Expecting EMPTY: ['']
  stdout:
    | 
  stderr:
    | 
Output found

 --- IrodsSession: icommand executed by [bobby#tempZone] [icd /tempZone/home/bobby/2024-08-05Z21:41:07--irods-testing-y1pz4dyb] --- 
Assert Command: icd /tempZone/home/bobby/2024-08-05Z21:41:07--irods-testing-y1pz4dyb
Expecting EMPTY: ['']
  stdout:
    | 
  stderr:
    | 
Output found

run_resource_setup - BEGIN
 --- IrodsSession: icommand executed by [otherrods#tempZone] [iadmin mkresc TestResc unixfilesystem d7680432ccfd:/tmp/irods/TestResc] --- 
Assert Command: iadmin mkresc TestResc unixfilesystem d7680432ccfd:/tmp/irods/TestResc
Expecting STDOUT_SINGLELINE: ['unixfilesystem']
  stdout:
    | Creating resource:
    | Name:		"TestResc"
    | Type:		"unixfilesystem"
    | Host:		"d7680432ccfd"
    | Path:		"/tmp/irods/TestResc"
    | Context:	""
  stderr:
    | 
Output found

 --- IrodsSession: icommand executed by [otherrods#tempZone] [iadmin mkresc AnotherResc unixfilesystem d7680432ccfd:/tmp/irods/AnotherResc] --- 
Assert Command: iadmin mkresc AnotherResc unixfilesystem d7680432ccfd:/tmp/irods/AnotherResc
Expecting STDOUT_SINGLELINE: ['unixfilesystem']
  stdout:
    | Creating resource:
    | Name:		"AnotherResc"
    | Type:		"unixfilesystem"
    | Host:		"d7680432ccfd"
    | Path:		"/tmp/irods/AnotherResc"
    | Context:	""
  stderr:
    | 
Output found

 --- IrodsSession: icommand executed by [otherrods#tempZone] [imkdir testdir] --- 
Assert Command: imkdir testdir
Expecting EMPTY: ['']
  stdout:
    | 
  stderr:
    | 
Output found

 --- IrodsSession: icommand executed by [otherrods#tempZone] [iput testfile.txt] --- 
Assert Command: iput testfile.txt
Expecting EMPTY: ['']
  stdout:
    | 
  stderr:
    | 
Output found

 --- IrodsSession: icommand executed by [otherrods#tempZone] [icp testfile.txt ../../public/] --- 
Assert Command: icp testfile.txt ../../public/
Expecting EMPTY: ['']
  stdout:
    | 
  stderr:
    | 
Output found

 --- IrodsSession: icommand executed by [otherrods#tempZone] [ichmod read alice ../../public/testfile.txt] --- 
Assert Command: ichmod read alice ../../public/testfile.txt
Expecting EMPTY: ['']
  stdout:
    | 
  stderr:
    | 
Output found

 --- IrodsSession: icommand executed by [otherrods#tempZone] [ichmod write bobby ../../public/testfile.txt] --- 
Assert Command: ichmod write bobby ../../public/testfile.txt
Expecting EMPTY: ['']
  stdout:
    | 
  stderr:
    | 
Output found

run_resource_setup - END
 --- IrodsSession: icommand executed by [otherrods#tempZone] [iadmin modresc demoResc freespace 1000000000] --- 
Assert Command: iadmin modresc demoResc freespace 1000000000
Expecting EMPTY: ['']
  stdout:
    | 
  stderr:
    | 
Output found

 --- IrodsSession: icommand executed by [otherrods#tempZone] [iadmin modresc demoResc context minimum_free_space_for_create_in_bytes=1000] --- 
Assert Command: iadmin modresc demoResc context minimum_free_space_for_create_in_bytes=1000
Expecting EMPTY: ['']
  stdout:
    | 
  stderr:
    | 
Output found

 --- IrodsSession: icommand executed by [alice#tempZone] [istream write /tempZone/home/alice/2024-08-05Z21:41:06--irods-testing-ql7b1fwh/test_istream_works_with_minimum_free_space_for_create_in_bytes_configured__issue_7160] --- 
Assert Command: istream write /tempZone/home/alice/2024-08-05Z21:41:06--irods-testing-ql7b1fwh/test_istream_works_with_minimum_free_space_for_create_in_bytes_configured__issue_7160
Expecting EMPTY: ['']
  stdout:
    | 
  stderr:
    | 
Output found

 --- IrodsSession: icommand executed by [alice#tempZone] [istream read /tempZone/home/alice/2024-08-05Z21:41:06--irods-testing-ql7b1fwh/test_istream_works_with_minimum_free_space_for_create_in_bytes_configured__issue_7160] --- 
Assert Command: istream read /tempZone/home/alice/2024-08-05Z21:41:06--irods-testing-ql7b1fwh/test_istream_works_with_minimum_free_space_for_create_in_bytes_configured__issue_7160
Expecting STDOUT: ['smol']
  stdout:
    | smol
  stderr:
    | 
Output found

 --- IrodsSession: icommand executed by [alice#tempZone] [irm -f /tempZone/home/alice/2024-08-05Z21:41:06--irods-testing-ql7b1fwh/test_istream_works_with_minimum_free_space_for_create_in_bytes_configured__issue_7160] --- 
run_resource_teardown - BEGIN
 --- IrodsSession: icommand executed by [otherrods#tempZone] [icd] --- 
 --- IrodsSession: icommand executed by [otherrods#tempZone] [irm testfile.txt ../public/testfile.txt] --- 
 --- IrodsSession: icommand executed by [otherrods#tempZone] [irm -rf ../../bundle] --- 
 --- IrodsSession: icommand executed by [rods#tempZone] [iinit] --- 
Assert Command: iinit
Expecting STDOUT_SINGLELINE: ['']
  stdout:
    | WARNING: Error 25 disabling echo mode. Password will be displayed in plaintext.
    | Enter your current iRODS password:
  stderr:
    | 
Output found

 --- IrodsSession: icommand executed by [otherrods#tempZone] [icd] --- 
Assert Command: icd
Expecting EMPTY: ['']
  stdout:
    | 
  stderr:
    | 
Output found

 --- IrodsSession: icommand executed by [otherrods#tempZone] [irm -rf /tempZone/home/otherrods/2024-08-05Z21:41:04--irods-testing-fqm237a_] --- 
Assert Command: irm -rf /tempZone/home/otherrods/2024-08-05Z21:41:04--irods-testing-fqm237a_
Expecting EMPTY: ['']
  stdout:
    | 
  stderr:
    | 
Output found

 --- IrodsSession: icommand executed by [otherrods#tempZone] [irmtrash] --- 
Assert Command: irmtrash
Expecting EMPTY: ['']
  stdout:
    | 
  stderr:
    | 
Output found

 --- IrodsSession: icommand executed by [rods#tempZone] [iadmin rmuser otherrods] --- 
Assert Command: iadmin rmuser otherrods
Expecting EMPTY: ['']
  stdout:
    | 
  stderr:
    | 
Output found

 --- IrodsSession: icommand executed by [alice#tempZone] [icd] --- 
Assert Command: icd
Expecting EMPTY: ['']
  stdout:
    | 
  stderr:
    | 
Output found

 --- IrodsSession: icommand executed by [alice#tempZone] [irm -rf /tempZone/home/alice/2024-08-05Z21:41:06--irods-testing-ql7b1fwh] --- 
Assert Command: irm -rf /tempZone/home/alice/2024-08-05Z21:41:06--irods-testing-ql7b1fwh
Expecting EMPTY: ['']
  stdout:
    | 
  stderr:
    | 
Output found

 --- IrodsSession: icommand executed by [alice#tempZone] [irmtrash] --- 
Assert Command: irmtrash
Expecting EMPTY: ['']
  stdout:
    | 
  stderr:
    | 
Output found

 --- IrodsSession: icommand executed by [rods#tempZone] [iadmin rmuser alice] --- 
Assert Command: iadmin rmuser alice
Expecting EMPTY: ['']
  stdout:
    | 
  stderr:
    | 
Output found

 --- IrodsSession: icommand executed by [bobby#tempZone] [icd] --- 
Assert Command: icd
Expecting EMPTY: ['']
  stdout:
    | 
  stderr:
    | 
Output found

 --- IrodsSession: icommand executed by [bobby#tempZone] [irm -rf /tempZone/home/bobby/2024-08-05Z21:41:07--irods-testing-y1pz4dyb] --- 
Assert Command: irm -rf /tempZone/home/bobby/2024-08-05Z21:41:07--irods-testing-y1pz4dyb
Expecting EMPTY: ['']
  stdout:
    | 
  stderr:
    | 
Output found

 --- IrodsSession: icommand executed by [bobby#tempZone] [irmtrash] --- 
Assert Command: irmtrash
Expecting EMPTY: ['']
  stdout:
    | 
  stderr:
    | 
Output found

 --- IrodsSession: icommand executed by [rods#tempZone] [iadmin rmuser bobby] --- 
Assert Command: iadmin rmuser bobby
Expecting EMPTY: ['']
  stdout:
    | 
  stderr:
    | 
Output found

 --- IrodsSession: icommand executed by [rods#tempZone] [iinit] --- 
Assert Command: iinit
Expecting STDOUT_SINGLELINE: ['']
  stdout:
    | WARNING: Error 25 disabling echo mode. Password will be displayed in plaintext.
    | Enter your current iRODS password:
  stderr:
    | 
Output found

 --- IrodsSession: icommand executed by [rods#tempZone] [irmtrash -M] --- 
 --- IrodsSession: icommand executed by [rods#tempZone] [iadmin rmresc TestResc] --- 
 --- IrodsSession: icommand executed by [rods#tempZone] [iadmin rmresc AnotherResc] --- 
run_resource_teardown - END
 --- IrodsSession: icommand executed by [rods#tempZone] [iinit] --- 
Assert Command: iinit
Expecting STDOUT_SINGLELINE: ['']
  stdout:
    | WARNING: Error 25 disabling echo mode. Password will be displayed in plaintext.
    | Enter your current iRODS password:
  stderr:
    | 
Output found

 --- IrodsSession: icommand executed by [rods#tempZone] [iadmin rmresc demoResc] --- 
Assert Command: iadmin rmresc demoResc
Expecting EMPTY: ['']
  stdout:
    | 
  stderr:
    | 
Output found

 --- IrodsSession: icommand executed by [rods#tempZone] [iadmin modresc origResc name demoResc] --- 
Assert Command: iadmin modresc origResc name demoResc
Expecting STDOUT_SINGLELINE: ['rename']
  stdout:
    | If you modify a resource name, you and other users will need to
    | change your irods_environment.json files to use it, you may need to update
    | server_config.json and, if rules use the resource name, you'll need to
    | update the core rules (core.re).  This command will update various
    | tables with the new name.
    | Do you really want to modify the resource name? (enter y or yes to do so):OK, performing the resource rename
  stderr:
    | 
Output found

]]></system-out>
	</testcase>
	<testcase classname="irods.test.test_resource_types.Test_Resource_Unixfilesystem" name="test_itrim_no_op" time="11.620" timestamp="2024-08-05T21:41:26" file="scripts/irods/test/test_resource_types.py" line="1178">
		<system-out><![CDATA[ --- IrodsSession: icommand executed by [rods#tempZone] [iinit] --- 
Assert Command: iinit
Expecting STDOUT_SINGLELINE: ['']
  stdout:
    | WARNING: Error 25 disabling echo mode. Password will be displayed in plaintext.
    | Enter your current iRODS password:
  stderr:
    | 
Output found

 --- IrodsSession: icommand executed by [rods#tempZone] [iadmin modresc demoResc name origResc] --- 
Assert Command: iadmin modresc demoResc name origResc
Expecting STDOUT_SINGLELINE: ['rename']
  stdout:
    | If you modify a resource name, you and other users will need to
    | change your irods_environment.json files to use it, you may need to update
    | server_config.json and, if rules use the resource name, you'll need to
    | update the core rules (core.re).  This command will update various
    | tables with the new name.
    | Do you really want to modify the resource name? (enter y or yes to do so):OK, performing the resource rename
  stderr:
    | 
Output found

 --- IrodsSession: icommand executed by [rods#tempZone] [iadmin mkresc demoResc 'unixfilesystem' d7680432ccfd:/var/lib/irods/demoRescVault] --- 
Assert Command: iadmin mkresc demoResc 'unixfilesystem' d7680432ccfd:/var/lib/irods/demoRescVault
Expecting STDOUT_SINGLELINE: ['unixfilesystem']
  stdout:
    | Creating resource:
    | Name:		"demoResc"
    | Type:		"unixfilesystem"
    | Host:		"d7680432ccfd"
    | Path:		"/var/lib/irods/demoRescVault"
    | Context:	""
  stderr:
    | 
Output found

 --- IrodsSession: icommand executed by [rods#tempZone] [iinit] --- 
Assert Command: iinit
Expecting STDOUT_SINGLELINE: ['']
  stdout:
    | WARNING: Error 25 disabling echo mode. Password will be displayed in plaintext.
    | Enter your current iRODS password:
  stderr:
    | 
Output found

 --- IrodsSession: icommand executed by [rods#tempZone] [iinit] --- 
Assert Command: iinit
Expecting STDOUT_SINGLELINE: ['']
  stdout:
    | WARNING: Error 25 disabling echo mode. Password will be displayed in plaintext.
    | Enter your current iRODS password:
  stderr:
    | 
Output found

 --- IrodsSession: icommand executed by [rods#tempZone] [iadmin mkuser otherrods rodsadmin] --- 
Assert Command: iadmin mkuser otherrods rodsadmin
Expecting EMPTY: ['']
  stdout:
    | 
  stderr:
    | 
Output found

 --- IrodsSession: icommand executed by [rods#tempZone] [iadmin moduser otherrods password rods] --- 
Assert Command: iadmin moduser otherrods password rods
Expecting EMPTY: ['']
  stdout:
    | 
  stderr:
    | 
Output found

 --- IrodsSession: icommand executed by [otherrods#tempZone] [iinit] --- 
Assert Command: iinit
Expecting STDOUT_SINGLELINE: ['']
  stdout:
    | WARNING: Error 25 disabling echo mode. Password will be displayed in plaintext.
    | Enter your current iRODS password:
  stderr:
    | 
Output found

 --- IrodsSession: icommand executed by [otherrods#tempZone] [imkdir /tempZone/home/otherrods/2024-08-05Z21:41:16--irods-testing-7z4_4yt6] --- 
Assert Command: imkdir /tempZone/home/otherrods/2024-08-05Z21:41:16--irods-testing-7z4_4yt6
Expecting EMPTY: ['']
  stdout:
    | 
  stderr:
    | 
Output found

 --- IrodsSession: icommand executed by [otherrods#tempZone] [icd /tempZone/home/otherrods/2024-08-05Z21:41:16--irods-testing-7z4_4yt6] --- 
Assert Command: icd /tempZone/home/otherrods/2024-08-05Z21:41:16--irods-testing-7z4_4yt6
Expecting EMPTY: ['']
  stdout:
    | 
  stderr:
    | 
Output found

 --- IrodsSession: icommand executed by [rods#tempZone] [iinit] --- 
Assert Command: iinit
Expecting STDOUT_SINGLELINE: ['']
  stdout:
    | WARNING: Error 25 disabling echo mode. Password will be displayed in plaintext.
    | Enter your current iRODS password:
  stderr:
    | 
Output found

 --- IrodsSession: icommand executed by [rods#tempZone] [iadmin mkuser alice rodsuser] --- 
Assert Command: iadmin mkuser alice rodsuser
Expecting EMPTY: ['']
  stdout:
    | 
  stderr:
    | 
Output found

 --- IrodsSession: icommand executed by [rods#tempZone] [iadmin moduser alice password apass] --- 
Assert Command: iadmin moduser alice password apass
Expecting EMPTY: ['']
  stdout:
    | 
  stderr:
    | 
Output found

 --- IrodsSession: icommand executed by [alice#tempZone] [iinit] --- 
Assert Command: iinit
Expecting STDOUT_SINGLELINE: ['']
  stdout:
    | WARNING: Error 25 disabling echo mode. Password will be displayed in plaintext.
    | Enter your current iRODS password:
  stderr:
    | 
Output found

 --- IrodsSession: icommand executed by [alice#tempZone] [imkdir /tempZone/home/alice/2024-08-05Z21:41:17--irods-testing-viyk5pp4] --- 
Assert Command: imkdir /tempZone/home/alice/2024-08-05Z21:41:17--irods-testing-viyk5pp4
Expecting EMPTY: ['']
  stdout:
    | 
  stderr:
    | 
Output found

 --- IrodsSession: icommand executed by [alice#tempZone] [icd /tempZone/home/alice/2024-08-05Z21:41:17--irods-testing-viyk5pp4] --- 
Assert Command: icd /tempZone/home/alice/2024-08-05Z21:41:17--irods-testing-viyk5pp4
Expecting EMPTY: ['']
  stdout:
    | 
  stderr:
    | 
Output found

 --- IrodsSession: icommand executed by [rods#tempZone] [iinit] --- 
Assert Command: iinit
Expecting STDOUT_SINGLELINE: ['']
  stdout:
    | WARNING: Error 25 disabling echo mode. Password will be displayed in plaintext.
    | Enter your current iRODS password:
  stderr:
    | 
Output found

 --- IrodsSession: icommand executed by [rods#tempZone] [iadmin mkuser bobby rodsuser] --- 
Assert Command: iadmin mkuser bobby rodsuser
Expecting EMPTY: ['']
  stdout:
    | 
  stderr:
    | 
Output found

 --- IrodsSession: icommand executed by [rods#tempZone] [iadmin moduser bobby password bpass] --- 
Assert Command: iadmin moduser bobby password bpass
Expecting EMPTY: ['']
  stdout:
    | 
  stderr:
    | 
Output found

 --- IrodsSession: icommand executed by [bobby#tempZone] [iinit] --- 
Assert Command: iinit
Expecting STDOUT_SINGLELINE: ['']
  stdout:
    | WARNING: Error 25 disabling echo mode. Password will be displayed in plaintext.
    | Enter your current iRODS password:
  stderr:
    | 
Output found

 --- IrodsSession: icommand executed by [bobby#tempZone] [imkdir /tempZone/home/bobby/2024-08-05Z21:41:18--irods-testing-v3kj_0b5] --- 
Assert Command: imkdir /tempZone/home/bobby/2024-08-05Z21:41:18--irods-testing-v3kj_0b5
Expecting EMPTY: ['']
  stdout:
    | 
  stderr:
    | 
Output found

 --- IrodsSession: icommand executed by [bobby#tempZone] [icd /tempZone/home/bobby/2024-08-05Z21:41:18--irods-testing-v3kj_0b5] --- 
Assert Command: icd /tempZone/home/bobby/2024-08-05Z21:41:18--irods-testing-v3kj_0b5
Expecting EMPTY: ['']
  stdout:
    | 
  stderr:
    | 
Output found

run_resource_setup - BEGIN
 --- IrodsSession: icommand executed by [otherrods#tempZone] [iadmin mkresc TestResc unixfilesystem d7680432ccfd:/tmp/irods/TestResc] --- 
Assert Command: iadmin mkresc TestResc unixfilesystem d7680432ccfd:/tmp/irods/TestResc
Expecting STDOUT_SINGLELINE: ['unixfilesystem']
  stdout:
    | Creating resource:
    | Name:		"TestResc"
    | Type:		"unixfilesystem"
    | Host:		"d7680432ccfd"
    | Path:		"/tmp/irods/TestResc"
    | Context:	""
  stderr:
    | 
Output found

 --- IrodsSession: icommand executed by [otherrods#tempZone] [iadmin mkresc AnotherResc unixfilesystem d7680432ccfd:/tmp/irods/AnotherResc] --- 
Assert Command: iadmin mkresc AnotherResc unixfilesystem d7680432ccfd:/tmp/irods/AnotherResc
Expecting STDOUT_SINGLELINE: ['unixfilesystem']
  stdout:
    | Creating resource:
    | Name:		"AnotherResc"
    | Type:		"unixfilesystem"
    | Host:		"d7680432ccfd"
    | Path:		"/tmp/irods/AnotherResc"
    | Context:	""
  stderr:
    | 
Output found

 --- IrodsSession: icommand executed by [otherrods#tempZone] [imkdir testdir] --- 
Assert Command: imkdir testdir
Expecting EMPTY: ['']
  stdout:
    | 
  stderr:
    | 
Output found

 --- IrodsSession: icommand executed by [otherrods#tempZone] [iput testfile.txt] --- 
Assert Command: iput testfile.txt
Expecting EMPTY: ['']
  stdout:
    | 
  stderr:
    | 
Output found

 --- IrodsSession: icommand executed by [otherrods#tempZone] [icp testfile.txt ../../public/] --- 
Assert Command: icp testfile.txt ../../public/
Expecting EMPTY: ['']
  stdout:
    | 
  stderr:
    | 
Output found

 --- IrodsSession: icommand executed by [otherrods#tempZone] [ichmod read alice ../../public/testfile.txt] --- 
Assert Command: ichmod read alice ../../public/testfile.txt
Expecting EMPTY: ['']
  stdout:
    | 
  stderr:
    | 
Output found

 --- IrodsSession: icommand executed by [otherrods#tempZone] [ichmod write bobby ../../public/testfile.txt] --- 
Assert Command: ichmod write bobby ../../public/testfile.txt
Expecting EMPTY: ['']
  stdout:
    | 
  stderr:
    | 
Output found

run_resource_setup - END
 --- IrodsSession: icommand executed by [otherrods#tempZone] [ils testfile.txt] --- 
Assert Command: ils testfile.txt
Expecting STDOUT_SINGLELINE: ['testfile.txt']
  stdout:
    |   /tempZone/home/otherrods/2024-08-05Z21:41:16--irods-testing-7z4_4yt6/testfile.txt
  stderr:
    | 
Output found

 --- IrodsSession: icommand executed by [otherrods#tempZone] [irepl -R AnotherResc testfile.txt] --- 
Assert Command: irepl -R AnotherResc testfile.txt
Expecting EMPTY: ['']
  stdout:
    | 
  stderr:
    | 
Output found

 --- IrodsSession: icommand executed by [otherrods#tempZone] [ils -L testfile.txt] --- 
Assert Command: ils -L testfile.txt
Expecting STDOUT_SINGLELINE: ['AnotherResc']
  stdout:
    |   otherrods         0 demoResc           33 2024-08-05.21:41 & testfile.txt
    |         generic    /var/lib/irods/demoRescVault/home/otherrods/2024-08-05Z21:41:16--irods-testing-7z4_4yt6/testfile.txt
    |   otherrods         1 AnotherResc           33 2024-08-05.21:41 & testfile.txt
    |         generic    /tmp/irods/AnotherResc/home/otherrods/2024-08-05Z21:41:16--irods-testing-7z4_4yt6/testfile.txt
  stderr:
    | 
Output found

 --- IrodsSession: icommand executed by [otherrods#tempZone] [iquest "%s" "SELECT count(DATA_ID) where COLL_NAME ='/tempZone/home/otherrods/2024-08-05Z21:41:16--irods-testing-7z4_4yt6' and DATA_NAME ='testfile.txt'"] --- 
 --- IrodsSession: icommand executed by [otherrods#tempZone] [itrim -N 2
 testfile.txt] --- 
Assert Command: itrim -N 2
 testfile.txt
Expecting STDOUT_SINGLELINE: ['Total size trimmed = 0.000 MB. Number of files trimmed = 0.']
  stdout:
    | Total size trimmed = 0.000 MB. Number of files trimmed = 0.
    | Level 0: Specifying a minimum number of replicas to keep is deprecated.
  stderr:
    | 
Output found

run_resource_teardown - BEGIN
 --- IrodsSession: icommand executed by [otherrods#tempZone] [icd] --- 
 --- IrodsSession: icommand executed by [otherrods#tempZone] [irm testfile.txt ../public/testfile.txt] --- 
 --- IrodsSession: icommand executed by [otherrods#tempZone] [irm -rf ../../bundle] --- 
 --- IrodsSession: icommand executed by [rods#tempZone] [iinit] --- 
Assert Command: iinit
Expecting STDOUT_SINGLELINE: ['']
  stdout:
    | WARNING: Error 25 disabling echo mode. Password will be displayed in plaintext.
    | Enter your current iRODS password:
  stderr:
    | 
Output found

 --- IrodsSession: icommand executed by [otherrods#tempZone] [icd] --- 
Assert Command: icd
Expecting EMPTY: ['']
  stdout:
    | 
  stderr:
    | 
Output found

 --- IrodsSession: icommand executed by [otherrods#tempZone] [irm -rf /tempZone/home/otherrods/2024-08-05Z21:41:16--irods-testing-7z4_4yt6] --- 
Assert Command: irm -rf /tempZone/home/otherrods/2024-08-05Z21:41:16--irods-testing-7z4_4yt6
Expecting EMPTY: ['']
  stdout:
    | 
  stderr:
    | 
Output found

 --- IrodsSession: icommand executed by [otherrods#tempZone] [irmtrash] --- 
Assert Command: irmtrash
Expecting EMPTY: ['']
  stdout:
    | 
  stderr:
    | 
Output found

 --- IrodsSession: icommand executed by [rods#tempZone] [iadmin rmuser otherrods] --- 
Assert Command: iadmin rmuser otherrods
Expecting EMPTY: ['']
  stdout:
    | 
  stderr:
    | 
Output found

 --- IrodsSession: icommand executed by [alice#tempZone] [icd] --- 
Assert Command: icd
Expecting EMPTY: ['']
  stdout:
    | 
  stderr:
    | 
Output found

 --- IrodsSession: icommand executed by [alice#tempZone] [irm -rf /tempZone/home/alice/2024-08-05Z21:41:17--irods-testing-viyk5pp4] --- 
Assert Command: irm -rf /tempZone/home/alice/2024-08-05Z21:41:17--irods-testing-viyk5pp4
Expecting EMPTY: ['']
  stdout:
    | 
  stderr:
    | 
Output found

 --- IrodsSession: icommand executed by [alice#tempZone] [irmtrash] --- 
Assert Command: irmtrash
Expecting EMPTY: ['']
  stdout:
    | 
  stderr:
    | 
Output found

 --- IrodsSession: icommand executed by [rods#tempZone] [iadmin rmuser alice] --- 
Assert Command: iadmin rmuser alice
Expecting EMPTY: ['']
  stdout:
    | 
  stderr:
    | 
Output found

 --- IrodsSession: icommand executed by [bobby#tempZone] [icd] --- 
Assert Command: icd
Expecting EMPTY: ['']
  stdout:
    | 
  stderr:
    | 
Output found

 --- IrodsSession: icommand executed by [bobby#tempZone] [irm -rf /tempZone/home/bobby/2024-08-05Z21:41:18--irods-testing-v3kj_0b5] --- 
Assert Command: irm -rf /tempZone/home/bobby/2024-08-05Z21:41:18--irods-testing-v3kj_0b5
Expecting EMPTY: ['']
  stdout:
    | 
  stderr:
    | 
Output found

 --- IrodsSession: icommand executed by [bobby#tempZone] [irmtrash] --- 
Assert Command: irmtrash
Expecting EMPTY: ['']
  stdout:
    | 
  stderr:
    | 
Output found

 --- IrodsSession: icommand executed by [rods#tempZone] [iadmin rmuser bobby] --- 
Assert Command: iadmin rmuser bobby
Expecting EMPTY: ['']
  stdout:
    | 
  stderr:
    | 
Output found

 --- IrodsSession: icommand executed by [rods#tempZone] [iinit] --- 
Assert Command: iinit
Expecting STDOUT_SINGLELINE: ['']
  stdout:
    | WARNING: Error 25 disabling echo mode. Password will be displayed in plaintext.
    | Enter your current iRODS password:
  stderr:
    | 
Output found

 --- IrodsSession: icommand executed by [rods#tempZone] [irmtrash -M] --- 
 --- IrodsSession: icommand executed by [rods#tempZone] [iadmin rmresc TestResc] --- 
 --- IrodsSession: icommand executed by [rods#tempZone] [iadmin rmresc AnotherResc] --- 
run_resource_teardown - END
 --- IrodsSession: icommand executed by [rods#tempZone] [iinit] --- 
Assert Command: iinit
Expecting STDOUT_SINGLELINE: ['']
  stdout:
    | WARNING: Error 25 disabling echo mode. Password will be displayed in plaintext.
    | Enter your current iRODS password:
  stderr:
    | 
Output found

 --- IrodsSession: icommand executed by [rods#tempZone] [iadmin rmresc demoResc] --- 
Assert Command: iadmin rmresc demoResc
Expecting EMPTY: ['']
  stdout:
    | 
  stderr:
    | 
Output found

 --- IrodsSession: icommand executed by [rods#tempZone] [iadmin modresc origResc name demoResc] --- 
Assert Command: iadmin modresc origResc name demoResc
Expecting STDOUT_SINGLELINE: ['rename']
  stdout:
    | If you modify a resource name, you and other users will need to
    | change your irods_environment.json files to use it, you may need to update
    | server_config.json and, if rules use the resource name, you'll need to
    | update the core rules (core.re).  This command will update various
    | tables with the new name.
    | Do you really want to modify the resource name? (enter y or yes to do so):OK, performing the resource rename
  stderr:
    | 
Output found

]]></system-out>
	</testcase>
	<testcase classname="irods.test.test_resource_types.Test_Resource_Unixfilesystem" name="test_itrim_with_admin_mode" time="61.901" timestamp="2024-08-05T21:42:28" file="scripts/irods/test/test_resource_types.py" line="1153">
		<system-out><![CDATA[ --- IrodsSession: icommand executed by [rods#tempZone] [iinit] --- 
Assert Command: iinit
Expecting STDOUT_SINGLELINE: ['']
  stdout:
    | WARNING: Error 25 disabling echo mode. Password will be displayed in plaintext.
    | Enter your current iRODS password:
  stderr:
    | 
Output found

 --- IrodsSession: icommand executed by [rods#tempZone] [iadmin modresc demoResc name origResc] --- 
Assert Command: iadmin modresc demoResc name origResc
Expecting STDOUT_SINGLELINE: ['rename']
  stdout:
    | If you modify a resource name, you and other users will need to
    | change your irods_environment.json files to use it, you may need to update
    | server_config.json and, if rules use the resource name, you'll need to
    | update the core rules (core.re).  This command will update various
    | tables with the new name.
    | Do you really want to modify the resource name? (enter y or yes to do so):OK, performing the resource rename
  stderr:
    | 
Output found

 --- IrodsSession: icommand executed by [rods#tempZone] [iadmin mkresc demoResc 'unixfilesystem' d7680432ccfd:/var/lib/irods/demoRescVault] --- 
Assert Command: iadmin mkresc demoResc 'unixfilesystem' d7680432ccfd:/var/lib/irods/demoRescVault
Expecting STDOUT_SINGLELINE: ['unixfilesystem']
  stdout:
    | Creating resource:
    | Name:		"demoResc"
    | Type:		"unixfilesystem"
    | Host:		"d7680432ccfd"
    | Path:		"/var/lib/irods/demoRescVault"
    | Context:	""
  stderr:
    | 
Output found

 --- IrodsSession: icommand executed by [rods#tempZone] [iinit] --- 
Assert Command: iinit
Expecting STDOUT_SINGLELINE: ['']
  stdout:
    | WARNING: Error 25 disabling echo mode. Password will be displayed in plaintext.
    | Enter your current iRODS password:
  stderr:
    | 
Output found

 --- IrodsSession: icommand executed by [rods#tempZone] [iinit] --- 
Assert Command: iinit
Expecting STDOUT_SINGLELINE: ['']
  stdout:
    | WARNING: Error 25 disabling echo mode. Password will be displayed in plaintext.
    | Enter your current iRODS password:
  stderr:
    | 
Output found

 --- IrodsSession: icommand executed by [rods#tempZone] [iadmin mkuser otherrods rodsadmin] --- 
Assert Command: iadmin mkuser otherrods rodsadmin
Expecting EMPTY: ['']
  stdout:
    | 
  stderr:
    | 
Output found

 --- IrodsSession: icommand executed by [rods#tempZone] [iadmin moduser otherrods password rods] --- 
Assert Command: iadmin moduser otherrods password rods
Expecting EMPTY: ['']
  stdout:
    | 
  stderr:
    | 
Output found

 --- IrodsSession: icommand executed by [otherrods#tempZone] [iinit] --- 
Assert Command: iinit
Expecting STDOUT_SINGLELINE: ['']
  stdout:
    | WARNING: Error 25 disabling echo mode. Password will be displayed in plaintext.
    | Enter your current iRODS password:
  stderr:
    | 
Output found

 --- IrodsSession: icommand executed by [otherrods#tempZone] [imkdir /tempZone/home/otherrods/2024-08-05Z21:41:28--irods-testing-z8kjvg0m] --- 
Assert Command: imkdir /tempZone/home/otherrods/2024-08-05Z21:41:28--irods-testing-z8kjvg0m
Expecting EMPTY: ['']
  stdout:
    | 
  stderr:
    | 
Output found

 --- IrodsSession: icommand executed by [otherrods#tempZone] [icd /tempZone/home/otherrods/2024-08-05Z21:41:28--irods-testing-z8kjvg0m] --- 
Assert Command: icd /tempZone/home/otherrods/2024-08-05Z21:41:28--irods-testing-z8kjvg0m
Expecting EMPTY: ['']
  stdout:
    | 
  stderr:
    | 
Output found

 --- IrodsSession: icommand executed by [rods#tempZone] [iinit] --- 
Assert Command: iinit
Expecting STDOUT_SINGLELINE: ['']
  stdout:
    | WARNING: Error 25 disabling echo mode. Password will be displayed in plaintext.
    | Enter your current iRODS password:
  stderr:
    | 
Output found

 --- IrodsSession: icommand executed by [rods#tempZone] [iadmin mkuser alice rodsuser] --- 
Assert Command: iadmin mkuser alice rodsuser
Expecting EMPTY: ['']
  stdout:
    | 
  stderr:
    | 
Output found

 --- IrodsSession: icommand executed by [rods#tempZone] [iadmin moduser alice password apass] --- 
Assert Command: iadmin moduser alice password apass
Expecting EMPTY: ['']
  stdout:
    | 
  stderr:
    | 
Output found

 --- IrodsSession: icommand executed by [alice#tempZone] [iinit] --- 
Assert Command: iinit
Expecting STDOUT_SINGLELINE: ['']
  stdout:
    | WARNING: Error 25 disabling echo mode. Password will be displayed in plaintext.
    | Enter your current iRODS password:
  stderr:
    | 
Output found

 --- IrodsSession: icommand executed by [alice#tempZone] [imkdir /tempZone/home/alice/2024-08-05Z21:41:29--irods-testing-kqu8363z] --- 
Assert Command: imkdir /tempZone/home/alice/2024-08-05Z21:41:29--irods-testing-kqu8363z
Expecting EMPTY: ['']
  stdout:
    | 
  stderr:
    | 
Output found

 --- IrodsSession: icommand executed by [alice#tempZone] [icd /tempZone/home/alice/2024-08-05Z21:41:29--irods-testing-kqu8363z] --- 
Assert Command: icd /tempZone/home/alice/2024-08-05Z21:41:29--irods-testing-kqu8363z
Expecting EMPTY: ['']
  stdout:
    | 
  stderr:
    | 
Output found

 --- IrodsSession: icommand executed by [rods#tempZone] [iinit] --- 
Assert Command: iinit
Expecting STDOUT_SINGLELINE: ['']
  stdout:
    | WARNING: Error 25 disabling echo mode. Password will be displayed in plaintext.
    | Enter your current iRODS password:
  stderr:
    | 
Output found

 --- IrodsSession: icommand executed by [rods#tempZone] [iadmin mkuser bobby rodsuser] --- 
Assert Command: iadmin mkuser bobby rodsuser
Expecting EMPTY: ['']
  stdout:
    | 
  stderr:
    | 
Output found

 --- IrodsSession: icommand executed by [rods#tempZone] [iadmin moduser bobby password bpass] --- 
Assert Command: iadmin moduser bobby password bpass
Expecting EMPTY: ['']
  stdout:
    | 
  stderr:
    | 
Output found

 --- IrodsSession: icommand executed by [bobby#tempZone] [iinit] --- 
Assert Command: iinit
Expecting STDOUT_SINGLELINE: ['']
  stdout:
    | WARNING: Error 25 disabling echo mode. Password will be displayed in plaintext.
    | Enter your current iRODS password:
  stderr:
    | 
Output found

 --- IrodsSession: icommand executed by [bobby#tempZone] [imkdir /tempZone/home/bobby/2024-08-05Z21:41:30--irods-testing-j7echidg] --- 
Assert Command: imkdir /tempZone/home/bobby/2024-08-05Z21:41:30--irods-testing-j7echidg
Expecting EMPTY: ['']
  stdout:
    | 
  stderr:
    | 
Output found

 --- IrodsSession: icommand executed by [bobby#tempZone] [icd /tempZone/home/bobby/2024-08-05Z21:41:30--irods-testing-j7echidg] --- 
Assert Command: icd /tempZone/home/bobby/2024-08-05Z21:41:30--irods-testing-j7echidg
Expecting EMPTY: ['']
  stdout:
    | 
  stderr:
    | 
Output found

run_resource_setup - BEGIN
 --- IrodsSession: icommand executed by [otherrods#tempZone] [iadmin mkresc TestResc unixfilesystem d7680432ccfd:/tmp/irods/TestResc] --- 
Assert Command: iadmin mkresc TestResc unixfilesystem d7680432ccfd:/tmp/irods/TestResc
Expecting STDOUT_SINGLELINE: ['unixfilesystem']
  stdout:
    | Creating resource:
    | Name:		"TestResc"
    | Type:		"unixfilesystem"
    | Host:		"d7680432ccfd"
    | Path:		"/tmp/irods/TestResc"
    | Context:	""
  stderr:
    | 
Output found

 --- IrodsSession: icommand executed by [otherrods#tempZone] [iadmin mkresc AnotherResc unixfilesystem d7680432ccfd:/tmp/irods/AnotherResc] --- 
Assert Command: iadmin mkresc AnotherResc unixfilesystem d7680432ccfd:/tmp/irods/AnotherResc
Expecting STDOUT_SINGLELINE: ['unixfilesystem']
  stdout:
    | Creating resource:
    | Name:		"AnotherResc"
    | Type:		"unixfilesystem"
    | Host:		"d7680432ccfd"
    | Path:		"/tmp/irods/AnotherResc"
    | Context:	""
  stderr:
    | 
Output found

 --- IrodsSession: icommand executed by [otherrods#tempZone] [imkdir testdir] --- 
Assert Command: imkdir testdir
Expecting EMPTY: ['']
  stdout:
    | 
  stderr:
    | 
Output found

 --- IrodsSession: icommand executed by [otherrods#tempZone] [iput testfile.txt] --- 
Assert Command: iput testfile.txt
Expecting EMPTY: ['']
  stdout:
    | 
  stderr:
    | 
Output found

 --- IrodsSession: icommand executed by [otherrods#tempZone] [icp testfile.txt ../../public/] --- 
Assert Command: icp testfile.txt ../../public/
Expecting EMPTY: ['']
  stdout:
    | 
  stderr:
    | 
Output found

 --- IrodsSession: icommand executed by [otherrods#tempZone] [ichmod read alice ../../public/testfile.txt] --- 
Assert Command: ichmod read alice ../../public/testfile.txt
Expecting EMPTY: ['']
  stdout:
    | 
  stderr:
    | 
Output found

 --- IrodsSession: icommand executed by [otherrods#tempZone] [ichmod write bobby ../../public/testfile.txt] --- 
Assert Command: ichmod write bobby ../../public/testfile.txt
Expecting EMPTY: ['']
  stdout:
    | 
  stderr:
    | 
Output found

run_resource_setup - END
 --- IrodsSession: icommand executed by [alice#tempZone] [iput file.txt 0.txt] --- 
Assert Command: iput file.txt 0.txt
Expecting EMPTY: ['']
  stdout:
    | 
  stderr:
    | 
Output found

 --- IrodsSession: icommand executed by [alice#tempZone] [iput file.txt 1.txt] --- 
Assert Command: iput file.txt 1.txt
Expecting EMPTY: ['']
  stdout:
    | 
  stderr:
    | 
Output found

 --- IrodsSession: icommand executed by [alice#tempZone] [iput file.txt 2.txt] --- 
Assert Command: iput file.txt 2.txt
Expecting EMPTY: ['']
  stdout:
    | 
  stderr:
    | 
Output found

 --- IrodsSession: icommand executed by [alice#tempZone] [iput file.txt 3.txt] --- 
Assert Command: iput file.txt 3.txt
Expecting EMPTY: ['']
  stdout:
    | 
  stderr:
    | 
Output found

 --- IrodsSession: icommand executed by [alice#tempZone] [iput file.txt 4.txt] --- 
Assert Command: iput file.txt 4.txt
Expecting EMPTY: ['']
  stdout:
    | 
  stderr:
    | 
Output found

 --- IrodsSession: icommand executed by [alice#tempZone] [iput file.txt 5.txt] --- 
Assert Command: iput file.txt 5.txt
Expecting EMPTY: ['']
  stdout:
    | 
  stderr:
    | 
Output found

 --- IrodsSession: icommand executed by [alice#tempZone] [iput file.txt 6.txt] --- 
Assert Command: iput file.txt 6.txt
Expecting EMPTY: ['']
  stdout:
    | 
  stderr:
    | 
Output found

 --- IrodsSession: icommand executed by [alice#tempZone] [iput file.txt 7.txt] --- 
Assert Command: iput file.txt 7.txt
Expecting EMPTY: ['']
  stdout:
    | 
  stderr:
    | 
Output found

 --- IrodsSession: icommand executed by [alice#tempZone] [iput file.txt 8.txt] --- 
Assert Command: iput file.txt 8.txt
Expecting EMPTY: ['']
  stdout:
    | 
  stderr:
    | 
Output found

 --- IrodsSession: icommand executed by [alice#tempZone] [iput file.txt 9.txt] --- 
Assert Command: iput file.txt 9.txt
Expecting EMPTY: ['']
  stdout:
    | 
  stderr:
    | 
Output found

 --- IrodsSession: icommand executed by [alice#tempZone] [iput file.txt 10.txt] --- 
Assert Command: iput file.txt 10.txt
Expecting EMPTY: ['']
  stdout:
    | 
  stderr:
    | 
Output found

 --- IrodsSession: icommand executed by [alice#tempZone] [iput file.txt 11.txt] --- 
Assert Command: iput file.txt 11.txt
Expecting EMPTY: ['']
  stdout:
    | 
  stderr:
    | 
Output found

 --- IrodsSession: icommand executed by [alice#tempZone] [iput file.txt 12.txt] --- 
Assert Command: iput file.txt 12.txt
Expecting EMPTY: ['']
  stdout:
    | 
  stderr:
    | 
Output found

 --- IrodsSession: icommand executed by [alice#tempZone] [iput file.txt 13.txt] --- 
Assert Command: iput file.txt 13.txt
Expecting EMPTY: ['']
  stdout:
    | 
  stderr:
    | 
Output found

 --- IrodsSession: icommand executed by [alice#tempZone] [iput file.txt 14.txt] --- 
Assert Command: iput file.txt 14.txt
Expecting EMPTY: ['']
  stdout:
    | 
  stderr:
    | 
Output found

 --- IrodsSession: icommand executed by [alice#tempZone] [iput file.txt 15.txt] --- 
Assert Command: iput file.txt 15.txt
Expecting EMPTY: ['']
  stdout:
    | 
  stderr:
    | 
Output found

 --- IrodsSession: icommand executed by [alice#tempZone] [iput file.txt 16.txt] --- 
Assert Command: iput file.txt 16.txt
Expecting EMPTY: ['']
  stdout:
    | 
  stderr:
    | 
Output found

 --- IrodsSession: icommand executed by [alice#tempZone] [iput file.txt 17.txt] --- 
Assert Command: iput file.txt 17.txt
Expecting EMPTY: ['']
  stdout:
    | 
  stderr:
    | 
Output found

 --- IrodsSession: icommand executed by [alice#tempZone] [iput file.txt 18.txt] --- 
Assert Command: iput file.txt 18.txt
Expecting EMPTY: ['']
  stdout:
    | 
  stderr:
    | 
Output found

 --- IrodsSession: icommand executed by [alice#tempZone] [iput file.txt 19.txt] --- 
Assert Command: iput file.txt 19.txt
Expecting EMPTY: ['']
  stdout:
    | 
  stderr:
    | 
Output found

 --- IrodsSession: icommand executed by [alice#tempZone] [iput file.txt 20.txt] --- 
Assert Command: iput file.txt 20.txt
Expecting EMPTY: ['']
  stdout:
    | 
  stderr:
    | 
Output found

 --- IrodsSession: icommand executed by [alice#tempZone] [iput file.txt 21.txt] --- 
Assert Command: iput file.txt 21.txt
Expecting EMPTY: ['']
  stdout:
    | 
  stderr:
    | 
Output found

 --- IrodsSession: icommand executed by [alice#tempZone] [iput file.txt 22.txt] --- 
Assert Command: iput file.txt 22.txt
Expecting EMPTY: ['']
  stdout:
    | 
  stderr:
    | 
Output found

 --- IrodsSession: icommand executed by [alice#tempZone] [iput file.txt 23.txt] --- 
Assert Command: iput file.txt 23.txt
Expecting EMPTY: ['']
  stdout:
    | 
  stderr:
    | 
Output found

 --- IrodsSession: icommand executed by [alice#tempZone] [iput file.txt 24.txt] --- 
Assert Command: iput file.txt 24.txt
Expecting EMPTY: ['']
  stdout:
    | 
  stderr:
    | 
Output found

 --- IrodsSession: icommand executed by [alice#tempZone] [iput file.txt 25.txt] --- 
Assert Command: iput file.txt 25.txt
Expecting EMPTY: ['']
  stdout:
    | 
  stderr:
    | 
Output found

 --- IrodsSession: icommand executed by [alice#tempZone] [iput file.txt 26.txt] --- 
Assert Command: iput file.txt 26.txt
Expecting EMPTY: ['']
  stdout:
    | 
  stderr:
    | 
Output found

 --- IrodsSession: icommand executed by [alice#tempZone] [iput file.txt 27.txt] --- 
Assert Command: iput file.txt 27.txt
Expecting EMPTY: ['']
  stdout:
    | 
  stderr:
    | 
Output found

 --- IrodsSession: icommand executed by [alice#tempZone] [iput file.txt 28.txt] --- 
Assert Command: iput file.txt 28.txt
Expecting EMPTY: ['']
  stdout:
    | 
  stderr:
    | 
Output found

 --- IrodsSession: icommand executed by [alice#tempZone] [iput file.txt 29.txt] --- 
Assert Command: iput file.txt 29.txt
Expecting EMPTY: ['']
  stdout:
    | 
  stderr:
    | 
Output found

 --- IrodsSession: icommand executed by [alice#tempZone] [iput file.txt 30.txt] --- 
Assert Command: iput file.txt 30.txt
Expecting EMPTY: ['']
  stdout:
    | 
  stderr:
    | 
Output found

 --- IrodsSession: icommand executed by [alice#tempZone] [iput file.txt 31.txt] --- 
Assert Command: iput file.txt 31.txt
Expecting EMPTY: ['']
  stdout:
    | 
  stderr:
    | 
Output found

 --- IrodsSession: icommand executed by [alice#tempZone] [iput file.txt 32.txt] --- 
Assert Command: iput file.txt 32.txt
Expecting EMPTY: ['']
  stdout:
    | 
  stderr:
    | 
Output found

 --- IrodsSession: icommand executed by [alice#tempZone] [iput file.txt 33.txt] --- 
Assert Command: iput file.txt 33.txt
Expecting EMPTY: ['']
  stdout:
    | 
  stderr:
    | 
Output found

 --- IrodsSession: icommand executed by [alice#tempZone] [iput file.txt 34.txt] --- 
Assert Command: iput file.txt 34.txt
Expecting EMPTY: ['']
  stdout:
    | 
  stderr:
    | 
Output found

 --- IrodsSession: icommand executed by [alice#tempZone] [iput file.txt 35.txt] --- 
Assert Command: iput file.txt 35.txt
Expecting EMPTY: ['']
  stdout:
    | 
  stderr:
    | 
Output found

 --- IrodsSession: icommand executed by [alice#tempZone] [iput file.txt 36.txt] --- 
Assert Command: iput file.txt 36.txt
Expecting EMPTY: ['']
  stdout:
    | 
  stderr:
    | 
Output found

 --- IrodsSession: icommand executed by [alice#tempZone] [iput file.txt 37.txt] --- 
Assert Command: iput file.txt 37.txt
Expecting EMPTY: ['']
  stdout:
    | 
  stderr:
    | 
Output found

 --- IrodsSession: icommand executed by [alice#tempZone] [iput file.txt 38.txt] --- 
Assert Command: iput file.txt 38.txt
Expecting EMPTY: ['']
  stdout:
    | 
  stderr:
    | 
Output found

 --- IrodsSession: icommand executed by [alice#tempZone] [iput file.txt 39.txt] --- 
Assert Command: iput file.txt 39.txt
Expecting EMPTY: ['']
  stdout:
    | 
  stderr:
    | 
Output found

 --- IrodsSession: icommand executed by [alice#tempZone] [iput file.txt 40.txt] --- 
Assert Command: iput file.txt 40.txt
Expecting EMPTY: ['']
  stdout:
    | 
  stderr:
    | 
Output found

 --- IrodsSession: icommand executed by [alice#tempZone] [iput file.txt 41.txt] --- 
Assert Command: iput file.txt 41.txt
Expecting EMPTY: ['']
  stdout:
    | 
  stderr:
    | 
Output found

 --- IrodsSession: icommand executed by [alice#tempZone] [iput file.txt 42.txt] --- 
Assert Command: iput file.txt 42.txt
Expecting EMPTY: ['']
  stdout:
    | 
  stderr:
    | 
Output found

 --- IrodsSession: icommand executed by [alice#tempZone] [iput file.txt 43.txt] --- 
Assert Command: iput file.txt 43.txt
Expecting EMPTY: ['']
  stdout:
    | 
  stderr:
    | 
Output found

 --- IrodsSession: icommand executed by [alice#tempZone] [iput file.txt 44.txt] --- 
Assert Command: iput file.txt 44.txt
Expecting EMPTY: ['']
  stdout:
    | 
  stderr:
    | 
Output found

 --- IrodsSession: icommand executed by [alice#tempZone] [iput file.txt 45.txt] --- 
Assert Command: iput file.txt 45.txt
Expecting EMPTY: ['']
  stdout:
    | 
  stderr:
    | 
Output found

 --- IrodsSession: icommand executed by [alice#tempZone] [iput file.txt 46.txt] --- 
Assert Command: iput file.txt 46.txt
Expecting EMPTY: ['']
  stdout:
    | 
  stderr:
    | 
Output found

 --- IrodsSession: icommand executed by [alice#tempZone] [iput file.txt 47.txt] --- 
Assert Command: iput file.txt 47.txt
Expecting EMPTY: ['']
  stdout:
    | 
  stderr:
    | 
Output found

 --- IrodsSession: icommand executed by [alice#tempZone] [iput file.txt 48.txt] --- 
Assert Command: iput file.txt 48.txt
Expecting EMPTY: ['']
  stdout:
    | 
  stderr:
    | 
Output found

 --- IrodsSession: icommand executed by [alice#tempZone] [iput file.txt 49.txt] --- 
Assert Command: iput file.txt 49.txt
Expecting EMPTY: ['']
  stdout:
    | 
  stderr:
    | 
Output found

 --- IrodsSession: icommand executed by [alice#tempZone] [iput file.txt 50.txt] --- 
Assert Command: iput file.txt 50.txt
Expecting EMPTY: ['']
  stdout:
    | 
  stderr:
    | 
Output found

 --- IrodsSession: icommand executed by [alice#tempZone] [iput file.txt 51.txt] --- 
Assert Command: iput file.txt 51.txt
Expecting EMPTY: ['']
  stdout:
    | 
  stderr:
    | 
Output found

 --- IrodsSession: icommand executed by [alice#tempZone] [iput file.txt 52.txt] --- 
Assert Command: iput file.txt 52.txt
Expecting EMPTY: ['']
  stdout:
    | 
  stderr:
    | 
Output found

 --- IrodsSession: icommand executed by [alice#tempZone] [iput file.txt 53.txt] --- 
Assert Command: iput file.txt 53.txt
Expecting EMPTY: ['']
  stdout:
    | 
  stderr:
    | 
Output found

 --- IrodsSession: icommand executed by [alice#tempZone] [iput file.txt 54.txt] --- 
Assert Command: iput file.txt 54.txt
Expecting EMPTY: ['']
  stdout:
    | 
  stderr:
    | 
Output found

 --- IrodsSession: icommand executed by [alice#tempZone] [iput file.txt 55.txt] --- 
Assert Command: iput file.txt 55.txt
Expecting EMPTY: ['']
  stdout:
    | 
  stderr:
    | 
Output found

 --- IrodsSession: icommand executed by [alice#tempZone] [iput file.txt 56.txt] --- 
Assert Command: iput file.txt 56.txt
Expecting EMPTY: ['']
  stdout:
    | 
  stderr:
    | 
Output found

 --- IrodsSession: icommand executed by [alice#tempZone] [iput file.txt 57.txt] --- 
Assert Command: iput file.txt 57.txt
Expecting EMPTY: ['']
  stdout:
    | 
  stderr:
    | 
Output found

 --- IrodsSession: icommand executed by [alice#tempZone] [iput file.txt 58.txt] --- 
Assert Command: iput file.txt 58.txt
Expecting EMPTY: ['']
  stdout:
    | 
  stderr:
    | 
Output found

 --- IrodsSession: icommand executed by [alice#tempZone] [iput file.txt 59.txt] --- 
Assert Command: iput file.txt 59.txt
Expecting EMPTY: ['']
  stdout:
    | 
  stderr:
    | 
Output found

 --- IrodsSession: icommand executed by [alice#tempZone] [iput file.txt 60.txt] --- 
Assert Command: iput file.txt 60.txt
Expecting EMPTY: ['']
  stdout:
    | 
  stderr:
    | 
Output found

 --- IrodsSession: icommand executed by [alice#tempZone] [iput file.txt 61.txt] --- 
Assert Command: iput file.txt 61.txt
Expecting EMPTY: ['']
  stdout:
    | 
  stderr:
    | 
Output found

 --- IrodsSession: icommand executed by [alice#tempZone] [iput file.txt 62.txt] --- 
Assert Command: iput file.txt 62.txt
Expecting EMPTY: ['']
  stdout:
    | 
  stderr:
    | 
Output found

 --- IrodsSession: icommand executed by [alice#tempZone] [iput file.txt 63.txt] --- 
Assert Command: iput file.txt 63.txt
Expecting EMPTY: ['']
  stdout:
    | 
  stderr:
    | 
Output found

 --- IrodsSession: icommand executed by [alice#tempZone] [iput file.txt 64.txt] --- 
Assert Command: iput file.txt 64.txt
Expecting EMPTY: ['']
  stdout:
    | 
  stderr:
    | 
Output found

 --- IrodsSession: icommand executed by [alice#tempZone] [iput file.txt 65.txt] --- 
Assert Command: iput file.txt 65.txt
Expecting EMPTY: ['']
  stdout:
    | 
  stderr:
    | 
Output found

 --- IrodsSession: icommand executed by [alice#tempZone] [iput file.txt 66.txt] --- 
Assert Command: iput file.txt 66.txt
Expecting EMPTY: ['']
  stdout:
    | 
  stderr:
    | 
Output found

 --- IrodsSession: icommand executed by [alice#tempZone] [iput file.txt 67.txt] --- 
Assert Command: iput file.txt 67.txt
Expecting EMPTY: ['']
  stdout:
    | 
  stderr:
    | 
Output found

 --- IrodsSession: icommand executed by [alice#tempZone] [iput file.txt 68.txt] --- 
Assert Command: iput file.txt 68.txt
Expecting EMPTY: ['']
  stdout:
    | 
  stderr:
    | 
Output found

 --- IrodsSession: icommand executed by [alice#tempZone] [iput file.txt 69.txt] --- 
Assert Command: iput file.txt 69.txt
Expecting EMPTY: ['']
  stdout:
    | 
  stderr:
    | 
Output found

 --- IrodsSession: icommand executed by [alice#tempZone] [iput file.txt 70.txt] --- 
Assert Command: iput file.txt 70.txt
Expecting EMPTY: ['']
  stdout:
    | 
  stderr:
    | 
Output found

 --- IrodsSession: icommand executed by [alice#tempZone] [iput file.txt 71.txt] --- 
Assert Command: iput file.txt 71.txt
Expecting EMPTY: ['']
  stdout:
    | 
  stderr:
    | 
Output found

 --- IrodsSession: icommand executed by [alice#tempZone] [iput file.txt 72.txt] --- 
Assert Command: iput file.txt 72.txt
Expecting EMPTY: ['']
  stdout:
    | 
  stderr:
    | 
Output found

 --- IrodsSession: icommand executed by [alice#tempZone] [iput file.txt 73.txt] --- 
Assert Command: iput file.txt 73.txt
Expecting EMPTY: ['']
  stdout:
    | 
  stderr:
    | 
Output found

 --- IrodsSession: icommand executed by [alice#tempZone] [iput file.txt 74.txt] --- 
Assert Command: iput file.txt 74.txt
Expecting EMPTY: ['']
  stdout:
    | 
  stderr:
    | 
Output found

 --- IrodsSession: icommand executed by [alice#tempZone] [iput file.txt 75.txt] --- 
Assert Command: iput file.txt 75.txt
Expecting EMPTY: ['']
  stdout:
    | 
  stderr:
    | 
Output found

 --- IrodsSession: icommand executed by [alice#tempZone] [iput file.txt 76.txt] --- 
Assert Command: iput file.txt 76.txt
Expecting EMPTY: ['']
  stdout:
    | 
  stderr:
    | 
Output found

 --- IrodsSession: icommand executed by [alice#tempZone] [iput file.txt 77.txt] --- 
Assert Command: iput file.txt 77.txt
Expecting EMPTY: ['']
  stdout:
    | 
  stderr:
    | 
Output found

 --- IrodsSession: icommand executed by [alice#tempZone] [iput file.txt 78.txt] --- 
Assert Command: iput file.txt 78.txt
Expecting EMPTY: ['']
  stdout:
    | 
  stderr:
    | 
Output found

 --- IrodsSession: icommand executed by [alice#tempZone] [iput file.txt 79.txt] --- 
Assert Command: iput file.txt 79.txt
Expecting EMPTY: ['']
  stdout:
    | 
  stderr:
    | 
Output found

 --- IrodsSession: icommand executed by [alice#tempZone] [iput file.txt 80.txt] --- 
Assert Command: iput file.txt 80.txt
Expecting EMPTY: ['']
  stdout:
    | 
  stderr:
    | 
Output found

 --- IrodsSession: icommand executed by [alice#tempZone] [iput file.txt 81.txt] --- 
Assert Command: iput file.txt 81.txt
Expecting EMPTY: ['']
  stdout:
    | 
  stderr:
    | 
Output found

 --- IrodsSession: icommand executed by [alice#tempZone] [iput file.txt 82.txt] --- 
Assert Command: iput file.txt 82.txt
Expecting EMPTY: ['']
  stdout:
    | 
  stderr:
    | 
Output found

 --- IrodsSession: icommand executed by [alice#tempZone] [iput file.txt 83.txt] --- 
Assert Command: iput file.txt 83.txt
Expecting EMPTY: ['']
  stdout:
    | 
  stderr:
    | 
Output found

 --- IrodsSession: icommand executed by [alice#tempZone] [iput file.txt 84.txt] --- 
Assert Command: iput file.txt 84.txt
Expecting EMPTY: ['']
  stdout:
    | 
  stderr:
    | 
Output found

 --- IrodsSession: icommand executed by [alice#tempZone] [iput file.txt 85.txt] --- 
Assert Command: iput file.txt 85.txt
Expecting EMPTY: ['']
  stdout:
    | 
  stderr:
    | 
Output found

 --- IrodsSession: icommand executed by [alice#tempZone] [iput file.txt 86.txt] --- 
Assert Command: iput file.txt 86.txt
Expecting EMPTY: ['']
  stdout:
    | 
  stderr:
    | 
Output found

 --- IrodsSession: icommand executed by [alice#tempZone] [iput file.txt 87.txt] --- 
Assert Command: iput file.txt 87.txt
Expecting EMPTY: ['']
  stdout:
    | 
  stderr:
    | 
Output found

 --- IrodsSession: icommand executed by [alice#tempZone] [iput file.txt 88.txt] --- 
Assert Command: iput file.txt 88.txt
Expecting EMPTY: ['']
  stdout:
    | 
  stderr:
    | 
Output found

 --- IrodsSession: icommand executed by [alice#tempZone] [iput file.txt 89.txt] --- 
Assert Command: iput file.txt 89.txt
Expecting EMPTY: ['']
  stdout:
    | 
  stderr:
    | 
Output found

 --- IrodsSession: icommand executed by [alice#tempZone] [iput file.txt 90.txt] --- 
Assert Command: iput file.txt 90.txt
Expecting EMPTY: ['']
  stdout:
    | 
  stderr:
    | 
Output found

 --- IrodsSession: icommand executed by [alice#tempZone] [iput file.txt 91.txt] --- 
Assert Command: iput file.txt 91.txt
Expecting EMPTY: ['']
  stdout:
    | 
  stderr:
    | 
Output found

 --- IrodsSession: icommand executed by [alice#tempZone] [iput file.txt 92.txt] --- 
Assert Command: iput file.txt 92.txt
Expecting EMPTY: ['']
  stdout:
    | 
  stderr:
    | 
Output found

 --- IrodsSession: icommand executed by [alice#tempZone] [iput file.txt 93.txt] --- 
Assert Command: iput file.txt 93.txt
Expecting EMPTY: ['']
  stdout:
    | 
  stderr:
    | 
Output found

 --- IrodsSession: icommand executed by [alice#tempZone] [iput file.txt 94.txt] --- 
Assert Command: iput file.txt 94.txt
Expecting EMPTY: ['']
  stdout:
    | 
  stderr:
    | 
Output found

 --- IrodsSession: icommand executed by [alice#tempZone] [iput file.txt 95.txt] --- 
Assert Command: iput file.txt 95.txt
Expecting EMPTY: ['']
  stdout:
    | 
  stderr:
    | 
Output found

 --- IrodsSession: icommand executed by [alice#tempZone] [iput file.txt 96.txt] --- 
Assert Command: iput file.txt 96.txt
Expecting EMPTY: ['']
  stdout:
    | 
  stderr:
    | 
Output found

 --- IrodsSession: icommand executed by [alice#tempZone] [iput file.txt 97.txt] --- 
Assert Command: iput file.txt 97.txt
Expecting EMPTY: ['']
  stdout:
    | 
  stderr:
    | 
Output found

 --- IrodsSession: icommand executed by [alice#tempZone] [iput file.txt 98.txt] --- 
Assert Command: iput file.txt 98.txt
Expecting EMPTY: ['']
  stdout:
    | 
  stderr:
    | 
Output found

 --- IrodsSession: icommand executed by [alice#tempZone] [iput file.txt 99.txt] --- 
Assert Command: iput file.txt 99.txt
Expecting EMPTY: ['']
  stdout:
    | 
  stderr:
    | 
Output found

 --- IrodsSession: icommand executed by [alice#tempZone] [iput itrimadminmode1.txt] --- 
Assert Command: iput itrimadminmode1.txt
Expecting EMPTY: ['']
  stdout:
    | 
  stderr:
    | 
Output found

 --- IrodsSession: icommand executed by [alice#tempZone] [iput itrimadminmode2.txt] --- 
Assert Command: iput itrimadminmode2.txt
Expecting EMPTY: ['']
  stdout:
    | 
  stderr:
    | 
Output found

 --- IrodsSession: icommand executed by [alice#tempZone] [irepl -R TestResc -r /tempZone/home/alice/2024-08-05Z21:41:29--irods-testing-kqu8363z] --- 
Assert Command: irepl -R TestResc -r /tempZone/home/alice/2024-08-05Z21:41:29--irods-testing-kqu8363z
Expecting EMPTY: ['']
  stdout:
    | 
  stderr:
    | 
Output found

 --- IrodsSession: icommand executed by [otherrods#tempZone] [itrim -M -N1 -r /tempZone/home/alice/2024-08-05Z21:41:29--irods-testing-kqu8363z] --- 
Assert Command: itrim -M -N1 -r /tempZone/home/alice/2024-08-05Z21:41:29--irods-testing-kqu8363z
Expecting STDOUT_SINGLELINE: ['Total size trimmed = 2.191 MB. Number of files trimmed = 102.']
  stdout:
    | Total size trimmed = 2.191 MB. Number of files trimmed = 102.
    | Level 0: Specifying a minimum number of replicas to keep is deprecated.
  stderr:
    | 
Output found

run_resource_teardown - BEGIN
 --- IrodsSession: icommand executed by [otherrods#tempZone] [icd] --- 
 --- IrodsSession: icommand executed by [otherrods#tempZone] [irm testfile.txt ../public/testfile.txt] --- 
 --- IrodsSession: icommand executed by [otherrods#tempZone] [irm -rf ../../bundle] --- 
 --- IrodsSession: icommand executed by [rods#tempZone] [iinit] --- 
Assert Command: iinit
Expecting STDOUT_SINGLELINE: ['']
  stdout:
    | WARNING: Error 25 disabling echo mode. Password will be displayed in plaintext.
    | Enter your current iRODS password:
  stderr:
    | 
Output found

 --- IrodsSession: icommand executed by [otherrods#tempZone] [icd] --- 
Assert Command: icd
Expecting EMPTY: ['']
  stdout:
    | 
  stderr:
    | 
Output found

 --- IrodsSession: icommand executed by [otherrods#tempZone] [irm -rf /tempZone/home/otherrods/2024-08-05Z21:41:28--irods-testing-z8kjvg0m] --- 
Assert Command: irm -rf /tempZone/home/otherrods/2024-08-05Z21:41:28--irods-testing-z8kjvg0m
Expecting EMPTY: ['']
  stdout:
    | 
  stderr:
    | 
Output found

 --- IrodsSession: icommand executed by [otherrods#tempZone] [irmtrash] --- 
Assert Command: irmtrash
Expecting EMPTY: ['']
  stdout:
    | 
  stderr:
    | 
Output found

 --- IrodsSession: icommand executed by [rods#tempZone] [iadmin rmuser otherrods] --- 
Assert Command: iadmin rmuser otherrods
Expecting EMPTY: ['']
  stdout:
    | 
  stderr:
    | 
Output found

 --- IrodsSession: icommand executed by [alice#tempZone] [icd] --- 
Assert Command: icd
Expecting EMPTY: ['']
  stdout:
    | 
  stderr:
    | 
Output found

 --- IrodsSession: icommand executed by [alice#tempZone] [irm -rf /tempZone/home/alice/2024-08-05Z21:41:29--irods-testing-kqu8363z] --- 
Assert Command: irm -rf /tempZone/home/alice/2024-08-05Z21:41:29--irods-testing-kqu8363z
Expecting EMPTY: ['']
  stdout:
    | 
  stderr:
    | 
Output found

 --- IrodsSession: icommand executed by [alice#tempZone] [irmtrash] --- 
Assert Command: irmtrash
Expecting EMPTY: ['']
  stdout:
    | 
  stderr:
    | 
Output found

 --- IrodsSession: icommand executed by [rods#tempZone] [iadmin rmuser alice] --- 
Assert Command: iadmin rmuser alice
Expecting EMPTY: ['']
  stdout:
    | 
  stderr:
    | 
Output found

 --- IrodsSession: icommand executed by [bobby#tempZone] [icd] --- 
Assert Command: icd
Expecting EMPTY: ['']
  stdout:
    | 
  stderr:
    | 
Output found

 --- IrodsSession: icommand executed by [bobby#tempZone] [irm -rf /tempZone/home/bobby/2024-08-05Z21:41:30--irods-testing-j7echidg] --- 
Assert Command: irm -rf /tempZone/home/bobby/2024-08-05Z21:41:30--irods-testing-j7echidg
Expecting EMPTY: ['']
  stdout:
    | 
  stderr:
    | 
Output found

 --- IrodsSession: icommand executed by [bobby#tempZone] [irmtrash] --- 
Assert Command: irmtrash
Expecting EMPTY: ['']
  stdout:
    | 
  stderr:
    | 
Output found

 --- IrodsSession: icommand executed by [rods#tempZone] [iadmin rmuser bobby] --- 
Assert Command: iadmin rmuser bobby
Expecting EMPTY: ['']
  stdout:
    | 
  stderr:
    | 
Output found

 --- IrodsSession: icommand executed by [rods#tempZone] [iinit] --- 
Assert Command: iinit
Expecting STDOUT_SINGLELINE: ['']
  stdout:
    | WARNING: Error 25 disabling echo mode. Password will be displayed in plaintext.
    | Enter your current iRODS password:
  stderr:
    | 
Output found

 --- IrodsSession: icommand executed by [rods#tempZone] [irmtrash -M] --- 
 --- IrodsSession: icommand executed by [rods#tempZone] [iadmin rmresc TestResc] --- 
 --- IrodsSession: icommand executed by [rods#tempZone] [iadmin rmresc AnotherResc] --- 
run_resource_teardown - END
 --- IrodsSession: icommand executed by [rods#tempZone] [iinit] --- 
Assert Command: iinit
Expecting STDOUT_SINGLELINE: ['']
  stdout:
    | WARNING: Error 25 disabling echo mode. Password will be displayed in plaintext.
    | Enter your current iRODS password:
  stderr:
    | 
Output found

 --- IrodsSession: icommand executed by [rods#tempZone] [iadmin rmresc demoResc] --- 
Assert Command: iadmin rmresc demoResc
Expecting EMPTY: ['']
  stdout:
    | 
  stderr:
    | 
Output found

 --- IrodsSession: icommand executed by [rods#tempZone] [iadmin modresc origResc name demoResc] --- 
Assert Command: iadmin modresc origResc name demoResc
Expecting STDOUT_SINGLELINE: ['rename']
  stdout:
    | If you modify a resource name, you and other users will need to
    | change your irods_environment.json files to use it, you may need to update
    | server_config.json and, if rules use the resource name, you'll need to
    | update the core rules (core.re).  This command will update various
    | tables with the new name.
    | Do you really want to modify the resource name? (enter y or yes to do so):OK, performing the resource rename
  stderr:
    | 
Output found

]]></system-out>
	</testcase>
	<testcase classname="irods.test.test_resource_types.Test_Resource_Unixfilesystem" name="test_key_value_passthru" time="17.650" timestamp="2024-08-05T21:42:46" file="scripts/irods/test/test_resource_types.py" line="574">
		<system-out><![CDATA[ --- IrodsSession: icommand executed by [rods#tempZone] [iinit] --- 
Assert Command: iinit
Expecting STDOUT_SINGLELINE: ['']
  stdout:
    | WARNING: Error 25 disabling echo mode. Password will be displayed in plaintext.
    | Enter your current iRODS password:
  stderr:
    | 
Output found

 --- IrodsSession: icommand executed by [rods#tempZone] [iadmin modresc demoResc name origResc] --- 
Assert Command: iadmin modresc demoResc name origResc
Expecting STDOUT_SINGLELINE: ['rename']
  stdout:
    | If you modify a resource name, you and other users will need to
    | change your irods_environment.json files to use it, you may need to update
    | server_config.json and, if rules use the resource name, you'll need to
    | update the core rules (core.re).  This command will update various
    | tables with the new name.
    | Do you really want to modify the resource name? (enter y or yes to do so):OK, performing the resource rename
  stderr:
    | 
Output found

 --- IrodsSession: icommand executed by [rods#tempZone] [iadmin mkresc demoResc 'unixfilesystem' d7680432ccfd:/var/lib/irods/demoRescVault] --- 
Assert Command: iadmin mkresc demoResc 'unixfilesystem' d7680432ccfd:/var/lib/irods/demoRescVault
Expecting STDOUT_SINGLELINE: ['unixfilesystem']
  stdout:
    | Creating resource:
    | Name:		"demoResc"
    | Type:		"unixfilesystem"
    | Host:		"d7680432ccfd"
    | Path:		"/var/lib/irods/demoRescVault"
    | Context:	""
  stderr:
    | 
Output found

 --- IrodsSession: icommand executed by [rods#tempZone] [iinit] --- 
Assert Command: iinit
Expecting STDOUT_SINGLELINE: ['']
  stdout:
    | WARNING: Error 25 disabling echo mode. Password will be displayed in plaintext.
    | Enter your current iRODS password:
  stderr:
    | 
Output found

 --- IrodsSession: icommand executed by [rods#tempZone] [iinit] --- 
Assert Command: iinit
Expecting STDOUT_SINGLELINE: ['']
  stdout:
    | WARNING: Error 25 disabling echo mode. Password will be displayed in plaintext.
    | Enter your current iRODS password:
  stderr:
    | 
Output found

 --- IrodsSession: icommand executed by [rods#tempZone] [iadmin mkuser otherrods rodsadmin] --- 
Assert Command: iadmin mkuser otherrods rodsadmin
Expecting EMPTY: ['']
  stdout:
    | 
  stderr:
    | 
Output found

 --- IrodsSession: icommand executed by [rods#tempZone] [iadmin moduser otherrods password rods] --- 
Assert Command: iadmin moduser otherrods password rods
Expecting EMPTY: ['']
  stdout:
    | 
  stderr:
    | 
Output found

 --- IrodsSession: icommand executed by [otherrods#tempZone] [iinit] --- 
Assert Command: iinit
Expecting STDOUT_SINGLELINE: ['']
  stdout:
    | WARNING: Error 25 disabling echo mode. Password will be displayed in plaintext.
    | Enter your current iRODS password:
  stderr:
    | 
Output found

 --- IrodsSession: icommand executed by [otherrods#tempZone] [imkdir /tempZone/home/otherrods/2024-08-05Z21:42:30--irods-testing-7xffk15t] --- 
Assert Command: imkdir /tempZone/home/otherrods/2024-08-05Z21:42:30--irods-testing-7xffk15t
Expecting EMPTY: ['']
  stdout:
    | 
  stderr:
    | 
Output found

 --- IrodsSession: icommand executed by [otherrods#tempZone] [icd /tempZone/home/otherrods/2024-08-05Z21:42:30--irods-testing-7xffk15t] --- 
Assert Command: icd /tempZone/home/otherrods/2024-08-05Z21:42:30--irods-testing-7xffk15t
Expecting EMPTY: ['']
  stdout:
    | 
  stderr:
    | 
Output found

 --- IrodsSession: icommand executed by [rods#tempZone] [iinit] --- 
Assert Command: iinit
Expecting STDOUT_SINGLELINE: ['']
  stdout:
    | WARNING: Error 25 disabling echo mode. Password will be displayed in plaintext.
    | Enter your current iRODS password:
  stderr:
    | 
Output found

 --- IrodsSession: icommand executed by [rods#tempZone] [iadmin mkuser alice rodsuser] --- 
Assert Command: iadmin mkuser alice rodsuser
Expecting EMPTY: ['']
  stdout:
    | 
  stderr:
    | 
Output found

 --- IrodsSession: icommand executed by [rods#tempZone] [iadmin moduser alice password apass] --- 
Assert Command: iadmin moduser alice password apass
Expecting EMPTY: ['']
  stdout:
    | 
  stderr:
    | 
Output found

 --- IrodsSession: icommand executed by [alice#tempZone] [iinit] --- 
Assert Command: iinit
Expecting STDOUT_SINGLELINE: ['']
  stdout:
    | WARNING: Error 25 disabling echo mode. Password will be displayed in plaintext.
    | Enter your current iRODS password:
  stderr:
    | 
Output found

 --- IrodsSession: icommand executed by [alice#tempZone] [imkdir /tempZone/home/alice/2024-08-05Z21:42:31--irods-testing-qh3z4o7s] --- 
Assert Command: imkdir /tempZone/home/alice/2024-08-05Z21:42:31--irods-testing-qh3z4o7s
Expecting EMPTY: ['']
  stdout:
    | 
  stderr:
    | 
Output found

 --- IrodsSession: icommand executed by [alice#tempZone] [icd /tempZone/home/alice/2024-08-05Z21:42:31--irods-testing-qh3z4o7s] --- 
Assert Command: icd /tempZone/home/alice/2024-08-05Z21:42:31--irods-testing-qh3z4o7s
Expecting EMPTY: ['']
  stdout:
    | 
  stderr:
    | 
Output found

 --- IrodsSession: icommand executed by [rods#tempZone] [iinit] --- 
Assert Command: iinit
Expecting STDOUT_SINGLELINE: ['']
  stdout:
    | WARNING: Error 25 disabling echo mode. Password will be displayed in plaintext.
    | Enter your current iRODS password:
  stderr:
    | 
Output found

 --- IrodsSession: icommand executed by [rods#tempZone] [iadmin mkuser bobby rodsuser] --- 
Assert Command: iadmin mkuser bobby rodsuser
Expecting EMPTY: ['']
  stdout:
    | 
  stderr:
    | 
Output found

 --- IrodsSession: icommand executed by [rods#tempZone] [iadmin moduser bobby password bpass] --- 
Assert Command: iadmin moduser bobby password bpass
Expecting EMPTY: ['']
  stdout:
    | 
  stderr:
    | 
Output found

 --- IrodsSession: icommand executed by [bobby#tempZone] [iinit] --- 
Assert Command: iinit
Expecting STDOUT_SINGLELINE: ['']
  stdout:
    | WARNING: Error 25 disabling echo mode. Password will be displayed in plaintext.
    | Enter your current iRODS password:
  stderr:
    | 
Output found

 --- IrodsSession: icommand executed by [bobby#tempZone] [imkdir /tempZone/home/bobby/2024-08-05Z21:42:32--irods-testing-_pw8ygl0] --- 
Assert Command: imkdir /tempZone/home/bobby/2024-08-05Z21:42:32--irods-testing-_pw8ygl0
Expecting EMPTY: ['']
  stdout:
    | 
  stderr:
    | 
Output found

 --- IrodsSession: icommand executed by [bobby#tempZone] [icd /tempZone/home/bobby/2024-08-05Z21:42:32--irods-testing-_pw8ygl0] --- 
Assert Command: icd /tempZone/home/bobby/2024-08-05Z21:42:32--irods-testing-_pw8ygl0
Expecting EMPTY: ['']
  stdout:
    | 
  stderr:
    | 
Output found

run_resource_setup - BEGIN
 --- IrodsSession: icommand executed by [otherrods#tempZone] [iadmin mkresc TestResc unixfilesystem d7680432ccfd:/tmp/irods/TestResc] --- 
Assert Command: iadmin mkresc TestResc unixfilesystem d7680432ccfd:/tmp/irods/TestResc
Expecting STDOUT_SINGLELINE: ['unixfilesystem']
  stdout:
    | Creating resource:
    | Name:		"TestResc"
    | Type:		"unixfilesystem"
    | Host:		"d7680432ccfd"
    | Path:		"/tmp/irods/TestResc"
    | Context:	""
  stderr:
    | 
Output found

 --- IrodsSession: icommand executed by [otherrods#tempZone] [iadmin mkresc AnotherResc unixfilesystem d7680432ccfd:/tmp/irods/AnotherResc] --- 
Assert Command: iadmin mkresc AnotherResc unixfilesystem d7680432ccfd:/tmp/irods/AnotherResc
Expecting STDOUT_SINGLELINE: ['unixfilesystem']
  stdout:
    | Creating resource:
    | Name:		"AnotherResc"
    | Type:		"unixfilesystem"
    | Host:		"d7680432ccfd"
    | Path:		"/tmp/irods/AnotherResc"
    | Context:	""
  stderr:
    | 
Output found

 --- IrodsSession: icommand executed by [otherrods#tempZone] [imkdir testdir] --- 
Assert Command: imkdir testdir
Expecting EMPTY: ['']
  stdout:
    | 
  stderr:
    | 
Output found

 --- IrodsSession: icommand executed by [otherrods#tempZone] [iput testfile.txt] --- 
Assert Command: iput testfile.txt
Expecting EMPTY: ['']
  stdout:
    | 
  stderr:
    | 
Output found

 --- IrodsSession: icommand executed by [otherrods#tempZone] [icp testfile.txt ../../public/] --- 
Assert Command: icp testfile.txt ../../public/
Expecting EMPTY: ['']
  stdout:
    | 
  stderr:
    | 
Output found

 --- IrodsSession: icommand executed by [otherrods#tempZone] [ichmod read alice ../../public/testfile.txt] --- 
Assert Command: ichmod read alice ../../public/testfile.txt
Expecting EMPTY: ['']
  stdout:
    | 
  stderr:
    | 
Output found

 --- IrodsSession: icommand executed by [otherrods#tempZone] [ichmod write bobby ../../public/testfile.txt] --- 
Assert Command: ichmod write bobby ../../public/testfile.txt
Expecting EMPTY: ['']
  stdout:
    | 
  stderr:
    | 
Output found

run_resource_setup - END
 --- IrodsSession: icommand executed by [alice#tempZone] [iput --kv_pass="put_key=val1" file.txt] --- 
Assert Command: iput --kv_pass="put_key=val1" file.txt
Expecting EMPTY: ['']
  stdout:
    | 
  stderr:
    | 
Output found

 --- IrodsSession: icommand executed by [alice#tempZone] [iget -f --kv_pass="get_key=val3" file.txt other.txt] --- 
Assert Command: iget -f --kv_pass="get_key=val3" file.txt other.txt
Expecting EMPTY: ['']
  stdout:
    | 
  stderr:
    | 
Output found

run_resource_teardown - BEGIN
 --- IrodsSession: icommand executed by [otherrods#tempZone] [icd] --- 
 --- IrodsSession: icommand executed by [otherrods#tempZone] [irm testfile.txt ../public/testfile.txt] --- 
 --- IrodsSession: icommand executed by [otherrods#tempZone] [irm -rf ../../bundle] --- 
 --- IrodsSession: icommand executed by [rods#tempZone] [iinit] --- 
Assert Command: iinit
Expecting STDOUT_SINGLELINE: ['']
  stdout:
    | WARNING: Error 25 disabling echo mode. Password will be displayed in plaintext.
    | Enter your current iRODS password:
  stderr:
    | 
Output found

 --- IrodsSession: icommand executed by [otherrods#tempZone] [icd] --- 
Assert Command: icd
Expecting EMPTY: ['']
  stdout:
    | 
  stderr:
    | 
Output found

 --- IrodsSession: icommand executed by [otherrods#tempZone] [irm -rf /tempZone/home/otherrods/2024-08-05Z21:42:30--irods-testing-7xffk15t] --- 
Assert Command: irm -rf /tempZone/home/otherrods/2024-08-05Z21:42:30--irods-testing-7xffk15t
Expecting EMPTY: ['']
  stdout:
    | 
  stderr:
    | 
Output found

 --- IrodsSession: icommand executed by [otherrods#tempZone] [irmtrash] --- 
Assert Command: irmtrash
Expecting EMPTY: ['']
  stdout:
    | 
  stderr:
    | 
Output found

 --- IrodsSession: icommand executed by [rods#tempZone] [iadmin rmuser otherrods] --- 
Assert Command: iadmin rmuser otherrods
Expecting EMPTY: ['']
  stdout:
    | 
  stderr:
    | 
Output found

 --- IrodsSession: icommand executed by [alice#tempZone] [icd] --- 
Assert Command: icd
Expecting EMPTY: ['']
  stdout:
    | 
  stderr:
    | 
Output found

 --- IrodsSession: icommand executed by [alice#tempZone] [irm -rf /tempZone/home/alice/2024-08-05Z21:42:31--irods-testing-qh3z4o7s] --- 
Assert Command: irm -rf /tempZone/home/alice/2024-08-05Z21:42:31--irods-testing-qh3z4o7s
Expecting EMPTY: ['']
  stdout:
    | 
  stderr:
    | 
Output found

 --- IrodsSession: icommand executed by [alice#tempZone] [irmtrash] --- 
Assert Command: irmtrash
Expecting EMPTY: ['']
  stdout:
    | 
  stderr:
    | 
Output found

 --- IrodsSession: icommand executed by [rods#tempZone] [iadmin rmuser alice] --- 
Assert Command: iadmin rmuser alice
Expecting EMPTY: ['']
  stdout:
    | 
  stderr:
    | 
Output found

 --- IrodsSession: icommand executed by [bobby#tempZone] [icd] --- 
Assert Command: icd
Expecting EMPTY: ['']
  stdout:
    | 
  stderr:
    | 
Output found

 --- IrodsSession: icommand executed by [bobby#tempZone] [irm -rf /tempZone/home/bobby/2024-08-05Z21:42:32--irods-testing-_pw8ygl0] --- 
Assert Command: irm -rf /tempZone/home/bobby/2024-08-05Z21:42:32--irods-testing-_pw8ygl0
Expecting EMPTY: ['']
  stdout:
    | 
  stderr:
    | 
Output found

 --- IrodsSession: icommand executed by [bobby#tempZone] [irmtrash] --- 
Assert Command: irmtrash
Expecting EMPTY: ['']
  stdout:
    | 
  stderr:
    | 
Output found

 --- IrodsSession: icommand executed by [rods#tempZone] [iadmin rmuser bobby] --- 
Assert Command: iadmin rmuser bobby
Expecting EMPTY: ['']
  stdout:
    | 
  stderr:
    | 
Output found

 --- IrodsSession: icommand executed by [rods#tempZone] [iinit] --- 
Assert Command: iinit
Expecting STDOUT_SINGLELINE: ['']
  stdout:
    | WARNING: Error 25 disabling echo mode. Password will be displayed in plaintext.
    | Enter your current iRODS password:
  stderr:
    | 
Output found

 --- IrodsSession: icommand executed by [rods#tempZone] [irmtrash -M] --- 
 --- IrodsSession: icommand executed by [rods#tempZone] [iadmin rmresc TestResc] --- 
 --- IrodsSession: icommand executed by [rods#tempZone] [iadmin rmresc AnotherResc] --- 
run_resource_teardown - END
 --- IrodsSession: icommand executed by [rods#tempZone] [iinit] --- 
Assert Command: iinit
Expecting STDOUT_SINGLELINE: ['']
  stdout:
    | WARNING: Error 25 disabling echo mode. Password will be displayed in plaintext.
    | Enter your current iRODS password:
  stderr:
    | 
Output found

 --- IrodsSession: icommand executed by [rods#tempZone] [iadmin rmresc demoResc] --- 
Assert Command: iadmin rmresc demoResc
Expecting EMPTY: ['']
  stdout:
    | 
  stderr:
    | 
Output found

 --- IrodsSession: icommand executed by [rods#tempZone] [iadmin modresc origResc name demoResc] --- 
Assert Command: iadmin modresc origResc name demoResc
Expecting STDOUT_SINGLELINE: ['rename']
  stdout:
    | If you modify a resource name, you and other users will need to
    | change your irods_environment.json files to use it, you may need to update
    | server_config.json and, if rules use the resource name, you'll need to
    | update the core rules (core.re).  This command will update various
    | tables with the new name.
    | Do you really want to modify the resource name? (enter y or yes to do so):OK, performing the resource rename
  stderr:
    | 
Output found

]]></system-out>
	</testcase>
	<testcase classname="irods.test.test_resource_types.Test_Resource_Unixfilesystem" name="test_large_dir_and_mcoll_from_devtest" time="14.027" timestamp="2024-08-05T21:43:00" file="scripts/irods/test/test_resource_types.py" line="431">
		<system-out><![CDATA[ --- IrodsSession: icommand executed by [rods#tempZone] [iinit] --- 
Assert Command: iinit
Expecting STDOUT_SINGLELINE: ['']
  stdout:
    | WARNING: Error 25 disabling echo mode. Password will be displayed in plaintext.
    | Enter your current iRODS password:
  stderr:
    | 
Output found

 --- IrodsSession: icommand executed by [rods#tempZone] [iadmin modresc demoResc name origResc] --- 
Assert Command: iadmin modresc demoResc name origResc
Expecting STDOUT_SINGLELINE: ['rename']
  stdout:
    | If you modify a resource name, you and other users will need to
    | change your irods_environment.json files to use it, you may need to update
    | server_config.json and, if rules use the resource name, you'll need to
    | update the core rules (core.re).  This command will update various
    | tables with the new name.
    | Do you really want to modify the resource name? (enter y or yes to do so):OK, performing the resource rename
  stderr:
    | 
Output found

 --- IrodsSession: icommand executed by [rods#tempZone] [iadmin mkresc demoResc 'unixfilesystem' d7680432ccfd:/var/lib/irods/demoRescVault] --- 
Assert Command: iadmin mkresc demoResc 'unixfilesystem' d7680432ccfd:/var/lib/irods/demoRescVault
Expecting STDOUT_SINGLELINE: ['unixfilesystem']
  stdout:
    | Creating resource:
    | Name:		"demoResc"
    | Type:		"unixfilesystem"
    | Host:		"d7680432ccfd"
    | Path:		"/var/lib/irods/demoRescVault"
    | Context:	""
  stderr:
    | 
Output found

 --- IrodsSession: icommand executed by [rods#tempZone] [iinit] --- 
Assert Command: iinit
Expecting STDOUT_SINGLELINE: ['']
  stdout:
    | WARNING: Error 25 disabling echo mode. Password will be displayed in plaintext.
    | Enter your current iRODS password:
  stderr:
    | 
Output found

 --- IrodsSession: icommand executed by [rods#tempZone] [iinit] --- 
Assert Command: iinit
Expecting STDOUT_SINGLELINE: ['']
  stdout:
    | WARNING: Error 25 disabling echo mode. Password will be displayed in plaintext.
    | Enter your current iRODS password:
  stderr:
    | 
Output found

 --- IrodsSession: icommand executed by [rods#tempZone] [iadmin mkuser otherrods rodsadmin] --- 
Assert Command: iadmin mkuser otherrods rodsadmin
Expecting EMPTY: ['']
  stdout:
    | 
  stderr:
    | 
Output found

 --- IrodsSession: icommand executed by [rods#tempZone] [iadmin moduser otherrods password rods] --- 
Assert Command: iadmin moduser otherrods password rods
Expecting EMPTY: ['']
  stdout:
    | 
  stderr:
    | 
Output found

 --- IrodsSession: icommand executed by [otherrods#tempZone] [iinit] --- 
Assert Command: iinit
Expecting STDOUT_SINGLELINE: ['']
  stdout:
    | WARNING: Error 25 disabling echo mode. Password will be displayed in plaintext.
    | Enter your current iRODS password:
  stderr:
    | 
Output found

 --- IrodsSession: icommand executed by [otherrods#tempZone] [imkdir /tempZone/home/otherrods/2024-08-05Z21:42:47--irods-testing-74utnn51] --- 
Assert Command: imkdir /tempZone/home/otherrods/2024-08-05Z21:42:47--irods-testing-74utnn51
Expecting EMPTY: ['']
  stdout:
    | 
  stderr:
    | 
Output found

 --- IrodsSession: icommand executed by [otherrods#tempZone] [icd /tempZone/home/otherrods/2024-08-05Z21:42:47--irods-testing-74utnn51] --- 
Assert Command: icd /tempZone/home/otherrods/2024-08-05Z21:42:47--irods-testing-74utnn51
Expecting EMPTY: ['']
  stdout:
    | 
  stderr:
    | 
Output found

 --- IrodsSession: icommand executed by [rods#tempZone] [iinit] --- 
Assert Command: iinit
Expecting STDOUT_SINGLELINE: ['']
  stdout:
    | WARNING: Error 25 disabling echo mode. Password will be displayed in plaintext.
    | Enter your current iRODS password:
  stderr:
    | 
Output found

 --- IrodsSession: icommand executed by [rods#tempZone] [iadmin mkuser alice rodsuser] --- 
Assert Command: iadmin mkuser alice rodsuser
Expecting EMPTY: ['']
  stdout:
    | 
  stderr:
    | 
Output found

 --- IrodsSession: icommand executed by [rods#tempZone] [iadmin moduser alice password apass] --- 
Assert Command: iadmin moduser alice password apass
Expecting EMPTY: ['']
  stdout:
    | 
  stderr:
    | 
Output found

 --- IrodsSession: icommand executed by [alice#tempZone] [iinit] --- 
Assert Command: iinit
Expecting STDOUT_SINGLELINE: ['']
  stdout:
    | WARNING: Error 25 disabling echo mode. Password will be displayed in plaintext.
    | Enter your current iRODS password:
  stderr:
    | 
Output found

 --- IrodsSession: icommand executed by [alice#tempZone] [imkdir /tempZone/home/alice/2024-08-05Z21:42:48--irods-testing-2vg14pxg] --- 
Assert Command: imkdir /tempZone/home/alice/2024-08-05Z21:42:48--irods-testing-2vg14pxg
Expecting EMPTY: ['']
  stdout:
    | 
  stderr:
    | 
Output found

 --- IrodsSession: icommand executed by [alice#tempZone] [icd /tempZone/home/alice/2024-08-05Z21:42:48--irods-testing-2vg14pxg] --- 
Assert Command: icd /tempZone/home/alice/2024-08-05Z21:42:48--irods-testing-2vg14pxg
Expecting EMPTY: ['']
  stdout:
    | 
  stderr:
    | 
Output found

 --- IrodsSession: icommand executed by [rods#tempZone] [iinit] --- 
Assert Command: iinit
Expecting STDOUT_SINGLELINE: ['']
  stdout:
    | WARNING: Error 25 disabling echo mode. Password will be displayed in plaintext.
    | Enter your current iRODS password:
  stderr:
    | 
Output found

 --- IrodsSession: icommand executed by [rods#tempZone] [iadmin mkuser bobby rodsuser] --- 
Assert Command: iadmin mkuser bobby rodsuser
Expecting EMPTY: ['']
  stdout:
    | 
  stderr:
    | 
Output found

 --- IrodsSession: icommand executed by [rods#tempZone] [iadmin moduser bobby password bpass] --- 
Assert Command: iadmin moduser bobby password bpass
Expecting EMPTY: ['']
  stdout:
    | 
  stderr:
    | 
Output found

 --- IrodsSession: icommand executed by [bobby#tempZone] [iinit] --- 
Assert Command: iinit
Expecting STDOUT_SINGLELINE: ['']
  stdout:
    | WARNING: Error 25 disabling echo mode. Password will be displayed in plaintext.
    | Enter your current iRODS password:
  stderr:
    | 
Output found

 --- IrodsSession: icommand executed by [bobby#tempZone] [imkdir /tempZone/home/bobby/2024-08-05Z21:42:50--irods-testing-jn3zryor] --- 
Assert Command: imkdir /tempZone/home/bobby/2024-08-05Z21:42:50--irods-testing-jn3zryor
Expecting EMPTY: ['']
  stdout:
    | 
  stderr:
    | 
Output found

 --- IrodsSession: icommand executed by [bobby#tempZone] [icd /tempZone/home/bobby/2024-08-05Z21:42:50--irods-testing-jn3zryor] --- 
Assert Command: icd /tempZone/home/bobby/2024-08-05Z21:42:50--irods-testing-jn3zryor
Expecting EMPTY: ['']
  stdout:
    | 
  stderr:
    | 
Output found

run_resource_setup - BEGIN
 --- IrodsSession: icommand executed by [otherrods#tempZone] [iadmin mkresc TestResc unixfilesystem d7680432ccfd:/tmp/irods/TestResc] --- 
Assert Command: iadmin mkresc TestResc unixfilesystem d7680432ccfd:/tmp/irods/TestResc
Expecting STDOUT_SINGLELINE: ['unixfilesystem']
  stdout:
    | Creating resource:
    | Name:		"TestResc"
    | Type:		"unixfilesystem"
    | Host:		"d7680432ccfd"
    | Path:		"/tmp/irods/TestResc"
    | Context:	""
  stderr:
    | 
Output found

 --- IrodsSession: icommand executed by [otherrods#tempZone] [iadmin mkresc AnotherResc unixfilesystem d7680432ccfd:/tmp/irods/AnotherResc] --- 
Assert Command: iadmin mkresc AnotherResc unixfilesystem d7680432ccfd:/tmp/irods/AnotherResc
Expecting STDOUT_SINGLELINE: ['unixfilesystem']
  stdout:
    | Creating resource:
    | Name:		"AnotherResc"
    | Type:		"unixfilesystem"
    | Host:		"d7680432ccfd"
    | Path:		"/tmp/irods/AnotherResc"
    | Context:	""
  stderr:
    | 
Output found

 --- IrodsSession: icommand executed by [otherrods#tempZone] [imkdir testdir] --- 
Assert Command: imkdir testdir
Expecting EMPTY: ['']
  stdout:
    | 
  stderr:
    | 
Output found

 --- IrodsSession: icommand executed by [otherrods#tempZone] [iput testfile.txt] --- 
Assert Command: iput testfile.txt
Expecting EMPTY: ['']
  stdout:
    | 
  stderr:
    | 
Output found

 --- IrodsSession: icommand executed by [otherrods#tempZone] [icp testfile.txt ../../public/] --- 
Assert Command: icp testfile.txt ../../public/
Expecting EMPTY: ['']
  stdout:
    | 
  stderr:
    | 
Output found

 --- IrodsSession: icommand executed by [otherrods#tempZone] [ichmod read alice ../../public/testfile.txt] --- 
Assert Command: ichmod read alice ../../public/testfile.txt
Expecting EMPTY: ['']
  stdout:
    | 
  stderr:
    | 
Output found

 --- IrodsSession: icommand executed by [otherrods#tempZone] [ichmod write bobby ../../public/testfile.txt] --- 
Assert Command: ichmod write bobby ../../public/testfile.txt
Expecting EMPTY: ['']
  stdout:
    | 
  stderr:
    | 
Output found

run_resource_setup - END
 --- IrodsSession: icommand executed by [otherrods#tempZone] [imkdir icmdtest] --- 
Assert Command: imkdir icmdtest
Expecting EMPTY: ['']
  stdout:
    | 
  stderr:
    | 
Output found

 --- IrodsSession: icommand executed by [otherrods#tempZone] [iput -K --wlock /tmp/irods-testing-74utnn51/test_file /tempZone/home/otherrods/2024-08-05Z21:42:47--irods-testing-74utnn51/icmdtest/foo1] --- 
Assert Command: iput -K --wlock /tmp/irods-testing-74utnn51/test_file /tempZone/home/otherrods/2024-08-05Z21:42:47--irods-testing-74utnn51/icmdtest/foo1
Expecting EMPTY: ['']
  stdout:
    | 
  stderr:
    | 
Output found

 --- IrodsSession: icommand executed by [otherrods#tempZone] [icp -K -R TestResc /tempZone/home/otherrods/2024-08-05Z21:42:47--irods-testing-74utnn51/icmdtest/foo1 /tempZone/home/otherrods/2024-08-05Z21:42:47--irods-testing-74utnn51/icmdtest/foo2] --- 
Assert Command: icp -K -R TestResc /tempZone/home/otherrods/2024-08-05Z21:42:47--irods-testing-74utnn51/icmdtest/foo1 /tempZone/home/otherrods/2024-08-05Z21:42:47--irods-testing-74utnn51/icmdtest/foo2
Expecting EMPTY: ['']
  stdout:
    | 
  stderr:
    | 
Output found

 --- IrodsSession: icommand executed by [otherrods#tempZone] [ibun -c /tempZone/home/otherrods/2024-08-05Z21:42:47--irods-testing-74utnn51/icmdtestx.tar /tempZone/home/otherrods/2024-08-05Z21:42:47--irods-testing-74utnn51/icmdtest] --- 
Assert Command: ibun -c /tempZone/home/otherrods/2024-08-05Z21:42:47--irods-testing-74utnn51/icmdtestx.tar /tempZone/home/otherrods/2024-08-05Z21:42:47--irods-testing-74utnn51/icmdtest
Expecting EMPTY: ['']
  stdout:
    | 
  stderr:
    | 
Output found

 --- IrodsSession: icommand executed by [otherrods#tempZone] [imkdir /tempZone/home/otherrods/2024-08-05Z21:42:47--irods-testing-74utnn51/icmdtestt_large] --- 
Assert Command: imkdir /tempZone/home/otherrods/2024-08-05Z21:42:47--irods-testing-74utnn51/icmdtestt_large
Expecting EMPTY: ['']
  stdout:
    | 
  stderr:
    | 
Output found

 --- IrodsSession: icommand executed by [otherrods#tempZone] [imcoll -m tar /tempZone/home/otherrods/2024-08-05Z21:42:47--irods-testing-74utnn51/icmdtestx.tar /tempZone/home/otherrods/2024-08-05Z21:42:47--irods-testing-74utnn51/icmdtestt_large] --- 
Assert Command: imcoll -m tar /tempZone/home/otherrods/2024-08-05Z21:42:47--irods-testing-74utnn51/icmdtestx.tar /tempZone/home/otherrods/2024-08-05Z21:42:47--irods-testing-74utnn51/icmdtestt_large
Expecting EMPTY: ['']
  stdout:
    | 
  stderr:
    | 
Output found

 --- IrodsSession: icommand executed by [otherrods#tempZone] [imkdir /tempZone/home/otherrods/2024-08-05Z21:42:47--irods-testing-74utnn51/icmdtestt_large/mydirtt] --- 
Assert Command: imkdir /tempZone/home/otherrods/2024-08-05Z21:42:47--irods-testing-74utnn51/icmdtestt_large/mydirtt
Expecting EMPTY: ['']
  stdout:
    | 
  stderr:
    | 
Output found

 --- IrodsSession: icommand executed by [otherrods#tempZone] [iput ./ldir/lfile1 /tempZone/home/otherrods/2024-08-05Z21:42:47--irods-testing-74utnn51/icmdtestt_large/mydirtt] --- 
Assert Command: iput ./ldir/lfile1 /tempZone/home/otherrods/2024-08-05Z21:42:47--irods-testing-74utnn51/icmdtestt_large/mydirtt
Expecting EMPTY: ['']
  stdout:
    | 
  stderr:
    | 
Output found

 --- IrodsSession: icommand executed by [otherrods#tempZone] [iget /tempZone/home/otherrods/2024-08-05Z21:42:47--irods-testing-74utnn51/icmdtestt_large/mydirtt/lfile1 ./testt] --- 
Assert Command: iget /tempZone/home/otherrods/2024-08-05Z21:42:47--irods-testing-74utnn51/icmdtestt_large/mydirtt/lfile1 ./testt
Expecting EMPTY: ['']
  stdout:
    | 
  stderr:
    | 
Output found

 --- IrodsSession: icommand executed by [otherrods#tempZone] [irm -rf /tempZone/home/otherrods/2024-08-05Z21:42:47--irods-testing-74utnn51/icmdtestt_large/mydirtt] --- 
Assert Command: irm -rf /tempZone/home/otherrods/2024-08-05Z21:42:47--irods-testing-74utnn51/icmdtestt_large/mydirtt
Expecting EMPTY: ['']
  stdout:
    | 
  stderr:
    | 
Output found

 --- IrodsSession: icommand executed by [otherrods#tempZone] [imcoll -s /tempZone/home/otherrods/2024-08-05Z21:42:47--irods-testing-74utnn51/icmdtestt_large] --- 
Assert Command: imcoll -s /tempZone/home/otherrods/2024-08-05Z21:42:47--irods-testing-74utnn51/icmdtestt_large
Expecting EMPTY: ['']
  stdout:
    | 
  stderr:
    | 
Output found

 --- IrodsSession: icommand executed by [otherrods#tempZone] [imcoll -p /tempZone/home/otherrods/2024-08-05Z21:42:47--irods-testing-74utnn51/icmdtestt_large] --- 
Assert Command: imcoll -p /tempZone/home/otherrods/2024-08-05Z21:42:47--irods-testing-74utnn51/icmdtestt_large
Expecting EMPTY: ['']
  stdout:
    | 
  stderr:
    | 
Output found

 --- IrodsSession: icommand executed by [otherrods#tempZone] [imcoll -U /tempZone/home/otherrods/2024-08-05Z21:42:47--irods-testing-74utnn51/icmdtestt_large] --- 
Assert Command: imcoll -U /tempZone/home/otherrods/2024-08-05Z21:42:47--irods-testing-74utnn51/icmdtestt_large
Expecting EMPTY: ['']
  stdout:
    | 
  stderr:
    | 
Output found

 --- IrodsSession: icommand executed by [otherrods#tempZone] [irm -rf /tempZone/home/otherrods/2024-08-05Z21:42:47--irods-testing-74utnn51/icmdtestt_large] --- 
Assert Command: irm -rf /tempZone/home/otherrods/2024-08-05Z21:42:47--irods-testing-74utnn51/icmdtestt_large
Expecting EMPTY: ['']
  stdout:
    | 
  stderr:
    | 
Output found

run_resource_teardown - BEGIN
 --- IrodsSession: icommand executed by [otherrods#tempZone] [icd] --- 
 --- IrodsSession: icommand executed by [otherrods#tempZone] [irm testfile.txt ../public/testfile.txt] --- 
 --- IrodsSession: icommand executed by [otherrods#tempZone] [irm -rf ../../bundle] --- 
 --- IrodsSession: icommand executed by [rods#tempZone] [iinit] --- 
Assert Command: iinit
Expecting STDOUT_SINGLELINE: ['']
  stdout:
    | WARNING: Error 25 disabling echo mode. Password will be displayed in plaintext.
    | Enter your current iRODS password:
  stderr:
    | 
Output found

 --- IrodsSession: icommand executed by [otherrods#tempZone] [icd] --- 
Assert Command: icd
Expecting EMPTY: ['']
  stdout:
    | 
  stderr:
    | 
Output found

 --- IrodsSession: icommand executed by [otherrods#tempZone] [irm -rf /tempZone/home/otherrods/2024-08-05Z21:42:47--irods-testing-74utnn51] --- 
Assert Command: irm -rf /tempZone/home/otherrods/2024-08-05Z21:42:47--irods-testing-74utnn51
Expecting EMPTY: ['']
  stdout:
    | 
  stderr:
    | 
Output found

 --- IrodsSession: icommand executed by [otherrods#tempZone] [irmtrash] --- 
Assert Command: irmtrash
Expecting EMPTY: ['']
  stdout:
    | 
  stderr:
    | 
Output found

 --- IrodsSession: icommand executed by [rods#tempZone] [iadmin rmuser otherrods] --- 
Assert Command: iadmin rmuser otherrods
Expecting EMPTY: ['']
  stdout:
    | 
  stderr:
    | 
Output found

 --- IrodsSession: icommand executed by [alice#tempZone] [icd] --- 
Assert Command: icd
Expecting EMPTY: ['']
  stdout:
    | 
  stderr:
    | 
Output found

 --- IrodsSession: icommand executed by [alice#tempZone] [irm -rf /tempZone/home/alice/2024-08-05Z21:42:48--irods-testing-2vg14pxg] --- 
Assert Command: irm -rf /tempZone/home/alice/2024-08-05Z21:42:48--irods-testing-2vg14pxg
Expecting EMPTY: ['']
  stdout:
    | 
  stderr:
    | 
Output found

 --- IrodsSession: icommand executed by [alice#tempZone] [irmtrash] --- 
Assert Command: irmtrash
Expecting EMPTY: ['']
  stdout:
    | 
  stderr:
    | 
Output found

 --- IrodsSession: icommand executed by [rods#tempZone] [iadmin rmuser alice] --- 
Assert Command: iadmin rmuser alice
Expecting EMPTY: ['']
  stdout:
    | 
  stderr:
    | 
Output found

 --- IrodsSession: icommand executed by [bobby#tempZone] [icd] --- 
Assert Command: icd
Expecting EMPTY: ['']
  stdout:
    | 
  stderr:
    | 
Output found

 --- IrodsSession: icommand executed by [bobby#tempZone] [irm -rf /tempZone/home/bobby/2024-08-05Z21:42:50--irods-testing-jn3zryor] --- 
Assert Command: irm -rf /tempZone/home/bobby/2024-08-05Z21:42:50--irods-testing-jn3zryor
Expecting EMPTY: ['']
  stdout:
    | 
  stderr:
    | 
Output found

 --- IrodsSession: icommand executed by [bobby#tempZone] [irmtrash] --- 
Assert Command: irmtrash
Expecting EMPTY: ['']
  stdout:
    | 
  stderr:
    | 
Output found

 --- IrodsSession: icommand executed by [rods#tempZone] [iadmin rmuser bobby] --- 
Assert Command: iadmin rmuser bobby
Expecting EMPTY: ['']
  stdout:
    | 
  stderr:
    | 
Output found

 --- IrodsSession: icommand executed by [rods#tempZone] [iinit] --- 
Assert Command: iinit
Expecting STDOUT_SINGLELINE: ['']
  stdout:
    | WARNING: Error 25 disabling echo mode. Password will be displayed in plaintext.
    | Enter your current iRODS password:
  stderr:
    | 
Output found

 --- IrodsSession: icommand executed by [rods#tempZone] [irmtrash -M] --- 
 --- IrodsSession: icommand executed by [rods#tempZone] [iadmin rmresc TestResc] --- 
 --- IrodsSession: icommand executed by [rods#tempZone] [iadmin rmresc AnotherResc] --- 
run_resource_teardown - END
 --- IrodsSession: icommand executed by [rods#tempZone] [iinit] --- 
Assert Command: iinit
Expecting STDOUT_SINGLELINE: ['']
  stdout:
    | WARNING: Error 25 disabling echo mode. Password will be displayed in plaintext.
    | Enter your current iRODS password:
  stderr:
    | 
Output found

 --- IrodsSession: icommand executed by [rods#tempZone] [iadmin rmresc demoResc] --- 
Assert Command: iadmin rmresc demoResc
Expecting EMPTY: ['']
  stdout:
    | 
  stderr:
    | 
Output found

 --- IrodsSession: icommand executed by [rods#tempZone] [iadmin modresc origResc name demoResc] --- 
Assert Command: iadmin modresc origResc name demoResc
Expecting STDOUT_SINGLELINE: ['rename']
  stdout:
    | If you modify a resource name, you and other users will need to
    | change your irods_environment.json files to use it, you may need to update
    | server_config.json and, if rules use the resource name, you'll need to
    | update the core rules (core.re).  This command will update various
    | tables with the new name.
    | Do you really want to modify the resource name? (enter y or yes to do so):OK, performing the resource rename
  stderr:
    | 
Output found

]]></system-out>
	</testcase>
	<testcase classname="irods.test.test_resource_types.Test_Resource_Unixfilesystem" name="test_large_files_from_devtest" time="20.066" timestamp="2024-08-05T21:43:20" file="scripts/irods/test/test_resource_types.py" line="594">
		<system-out><![CDATA[ --- IrodsSession: icommand executed by [rods#tempZone] [iinit] --- 
Assert Command: iinit
Expecting STDOUT_SINGLELINE: ['']
  stdout:
    | WARNING: Error 25 disabling echo mode. Password will be displayed in plaintext.
    | Enter your current iRODS password:
  stderr:
    | 
Output found

 --- IrodsSession: icommand executed by [rods#tempZone] [iadmin modresc demoResc name origResc] --- 
Assert Command: iadmin modresc demoResc name origResc
Expecting STDOUT_SINGLELINE: ['rename']
  stdout:
    | If you modify a resource name, you and other users will need to
    | change your irods_environment.json files to use it, you may need to update
    | server_config.json and, if rules use the resource name, you'll need to
    | update the core rules (core.re).  This command will update various
    | tables with the new name.
    | Do you really want to modify the resource name? (enter y or yes to do so):OK, performing the resource rename
  stderr:
    | 
Output found

 --- IrodsSession: icommand executed by [rods#tempZone] [iadmin mkresc demoResc 'unixfilesystem' d7680432ccfd:/var/lib/irods/demoRescVault] --- 
Assert Command: iadmin mkresc demoResc 'unixfilesystem' d7680432ccfd:/var/lib/irods/demoRescVault
Expecting STDOUT_SINGLELINE: ['unixfilesystem']
  stdout:
    | Creating resource:
    | Name:		"demoResc"
    | Type:		"unixfilesystem"
    | Host:		"d7680432ccfd"
    | Path:		"/var/lib/irods/demoRescVault"
    | Context:	""
  stderr:
    | 
Output found

 --- IrodsSession: icommand executed by [rods#tempZone] [iinit] --- 
Assert Command: iinit
Expecting STDOUT_SINGLELINE: ['']
  stdout:
    | WARNING: Error 25 disabling echo mode. Password will be displayed in plaintext.
    | Enter your current iRODS password:
  stderr:
    | 
Output found

 --- IrodsSession: icommand executed by [rods#tempZone] [iinit] --- 
Assert Command: iinit
Expecting STDOUT_SINGLELINE: ['']
  stdout:
    | WARNING: Error 25 disabling echo mode. Password will be displayed in plaintext.
    | Enter your current iRODS password:
  stderr:
    | 
Output found

 --- IrodsSession: icommand executed by [rods#tempZone] [iadmin mkuser otherrods rodsadmin] --- 
Assert Command: iadmin mkuser otherrods rodsadmin
Expecting EMPTY: ['']
  stdout:
    | 
  stderr:
    | 
Output found

 --- IrodsSession: icommand executed by [rods#tempZone] [iadmin moduser otherrods password rods] --- 
Assert Command: iadmin moduser otherrods password rods
Expecting EMPTY: ['']
  stdout:
    | 
  stderr:
    | 
Output found

 --- IrodsSession: icommand executed by [otherrods#tempZone] [iinit] --- 
Assert Command: iinit
Expecting STDOUT_SINGLELINE: ['']
  stdout:
    | WARNING: Error 25 disabling echo mode. Password will be displayed in plaintext.
    | Enter your current iRODS password:
  stderr:
    | 
Output found

 --- IrodsSession: icommand executed by [otherrods#tempZone] [imkdir /tempZone/home/otherrods/2024-08-05Z21:43:01--irods-testing-6l3qc1fg] --- 
Assert Command: imkdir /tempZone/home/otherrods/2024-08-05Z21:43:01--irods-testing-6l3qc1fg
Expecting EMPTY: ['']
  stdout:
    | 
  stderr:
    | 
Output found

 --- IrodsSession: icommand executed by [otherrods#tempZone] [icd /tempZone/home/otherrods/2024-08-05Z21:43:01--irods-testing-6l3qc1fg] --- 
Assert Command: icd /tempZone/home/otherrods/2024-08-05Z21:43:01--irods-testing-6l3qc1fg
Expecting EMPTY: ['']
  stdout:
    | 
  stderr:
    | 
Output found

 --- IrodsSession: icommand executed by [rods#tempZone] [iinit] --- 
Assert Command: iinit
Expecting STDOUT_SINGLELINE: ['']
  stdout:
    | WARNING: Error 25 disabling echo mode. Password will be displayed in plaintext.
    | Enter your current iRODS password:
  stderr:
    | 
Output found

 --- IrodsSession: icommand executed by [rods#tempZone] [iadmin mkuser alice rodsuser] --- 
Assert Command: iadmin mkuser alice rodsuser
Expecting EMPTY: ['']
  stdout:
    | 
  stderr:
    | 
Output found

 --- IrodsSession: icommand executed by [rods#tempZone] [iadmin moduser alice password apass] --- 
Assert Command: iadmin moduser alice password apass
Expecting EMPTY: ['']
  stdout:
    | 
  stderr:
    | 
Output found

 --- IrodsSession: icommand executed by [alice#tempZone] [iinit] --- 
Assert Command: iinit
Expecting STDOUT_SINGLELINE: ['']
  stdout:
    | WARNING: Error 25 disabling echo mode. Password will be displayed in plaintext.
    | Enter your current iRODS password:
  stderr:
    | 
Output found

 --- IrodsSession: icommand executed by [alice#tempZone] [imkdir /tempZone/home/alice/2024-08-05Z21:43:02--irods-testing-yzcxmw5r] --- 
Assert Command: imkdir /tempZone/home/alice/2024-08-05Z21:43:02--irods-testing-yzcxmw5r
Expecting EMPTY: ['']
  stdout:
    | 
  stderr:
    | 
Output found

 --- IrodsSession: icommand executed by [alice#tempZone] [icd /tempZone/home/alice/2024-08-05Z21:43:02--irods-testing-yzcxmw5r] --- 
Assert Command: icd /tempZone/home/alice/2024-08-05Z21:43:02--irods-testing-yzcxmw5r
Expecting EMPTY: ['']
  stdout:
    | 
  stderr:
    | 
Output found

 --- IrodsSession: icommand executed by [rods#tempZone] [iinit] --- 
Assert Command: iinit
Expecting STDOUT_SINGLELINE: ['']
  stdout:
    | WARNING: Error 25 disabling echo mode. Password will be displayed in plaintext.
    | Enter your current iRODS password:
  stderr:
    | 
Output found

 --- IrodsSession: icommand executed by [rods#tempZone] [iadmin mkuser bobby rodsuser] --- 
Assert Command: iadmin mkuser bobby rodsuser
Expecting EMPTY: ['']
  stdout:
    | 
  stderr:
    | 
Output found

 --- IrodsSession: icommand executed by [rods#tempZone] [iadmin moduser bobby password bpass] --- 
Assert Command: iadmin moduser bobby password bpass
Expecting EMPTY: ['']
  stdout:
    | 
  stderr:
    | 
Output found

 --- IrodsSession: icommand executed by [bobby#tempZone] [iinit] --- 
Assert Command: iinit
Expecting STDOUT_SINGLELINE: ['']
  stdout:
    | WARNING: Error 25 disabling echo mode. Password will be displayed in plaintext.
    | Enter your current iRODS password:
  stderr:
    | 
Output found

 --- IrodsSession: icommand executed by [bobby#tempZone] [imkdir /tempZone/home/bobby/2024-08-05Z21:43:04--irods-testing-h4dykd_n] --- 
Assert Command: imkdir /tempZone/home/bobby/2024-08-05Z21:43:04--irods-testing-h4dykd_n
Expecting EMPTY: ['']
  stdout:
    | 
  stderr:
    | 
Output found

 --- IrodsSession: icommand executed by [bobby#tempZone] [icd /tempZone/home/bobby/2024-08-05Z21:43:04--irods-testing-h4dykd_n] --- 
Assert Command: icd /tempZone/home/bobby/2024-08-05Z21:43:04--irods-testing-h4dykd_n
Expecting EMPTY: ['']
  stdout:
    | 
  stderr:
    | 
Output found

run_resource_setup - BEGIN
 --- IrodsSession: icommand executed by [otherrods#tempZone] [iadmin mkresc TestResc unixfilesystem d7680432ccfd:/tmp/irods/TestResc] --- 
Assert Command: iadmin mkresc TestResc unixfilesystem d7680432ccfd:/tmp/irods/TestResc
Expecting STDOUT_SINGLELINE: ['unixfilesystem']
  stdout:
    | Creating resource:
    | Name:		"TestResc"
    | Type:		"unixfilesystem"
    | Host:		"d7680432ccfd"
    | Path:		"/tmp/irods/TestResc"
    | Context:	""
  stderr:
    | 
Output found

 --- IrodsSession: icommand executed by [otherrods#tempZone] [iadmin mkresc AnotherResc unixfilesystem d7680432ccfd:/tmp/irods/AnotherResc] --- 
Assert Command: iadmin mkresc AnotherResc unixfilesystem d7680432ccfd:/tmp/irods/AnotherResc
Expecting STDOUT_SINGLELINE: ['unixfilesystem']
  stdout:
    | Creating resource:
    | Name:		"AnotherResc"
    | Type:		"unixfilesystem"
    | Host:		"d7680432ccfd"
    | Path:		"/tmp/irods/AnotherResc"
    | Context:	""
  stderr:
    | 
Output found

 --- IrodsSession: icommand executed by [otherrods#tempZone] [imkdir testdir] --- 
Assert Command: imkdir testdir
Expecting EMPTY: ['']
  stdout:
    | 
  stderr:
    | 
Output found

 --- IrodsSession: icommand executed by [otherrods#tempZone] [iput testfile.txt] --- 
Assert Command: iput testfile.txt
Expecting EMPTY: ['']
  stdout:
    | 
  stderr:
    | 
Output found

 --- IrodsSession: icommand executed by [otherrods#tempZone] [icp testfile.txt ../../public/] --- 
Assert Command: icp testfile.txt ../../public/
Expecting EMPTY: ['']
  stdout:
    | 
  stderr:
    | 
Output found

 --- IrodsSession: icommand executed by [otherrods#tempZone] [ichmod read alice ../../public/testfile.txt] --- 
Assert Command: ichmod read alice ../../public/testfile.txt
Expecting EMPTY: ['']
  stdout:
    | 
  stderr:
    | 
Output found

 --- IrodsSession: icommand executed by [otherrods#tempZone] [ichmod write bobby ../../public/testfile.txt] --- 
Assert Command: ichmod write bobby ../../public/testfile.txt
Expecting EMPTY: ['']
  stdout:
    | 
  stderr:
    | 
Output found

run_resource_setup - END
 --- IrodsSession: icommand executed by [otherrods#tempZone] [imkdir icmdtest] --- 
Assert Command: imkdir icmdtest
Expecting EMPTY: ['']
  stdout:
    | 
  stderr:
    | 
Output found

 --- IrodsSession: icommand executed by [otherrods#tempZone] [iput -vbPr --retries 10 --wlock -X ./rsfile --lfrestart ./lrsfile -N 2 ./ldir /tempZone/home/otherrods/2024-08-05Z21:43:01--irods-testing-6l3qc1fg/icmdtest/testy] --- 
Assert Command: iput -vbPr --retries 10 --wlock -X ./rsfile --lfrestart ./lrsfile -N 2 ./ldir /tempZone/home/otherrods/2024-08-05Z21:43:01--irods-testing-6l3qc1fg/icmdtest/testy
Expecting STDOUT_SINGLELINE: ['New restartFile']
  stdout:
    | New restartFile ./rsfile opened
    | C- /tempZone/home/otherrods/2024-08-05Z21:43:01--irods-testing-6l3qc1fg/icmdtest/testy:
    | C- /tempZone/home/otherrods/2024-08-05Z21:43:01--irods-testing-6l3qc1fg/icmdtest/testy:
    | Bulk upload 4 files.
    |    sfile1                          0.015 MB | 0.246 sec | 0 thr |  0.063 MB/s
    | 4/4 - 100.00% of files done   0.015/0.015 MB - 100.00% of file sizes done
    | Processing sfile1 - 0.000 MB   2024-08-05.21:43:07
  stderr:
    | 
Output found

 --- IrodsSession: icommand executed by [otherrods#tempZone] [irepl -BvrPT -R TestResc --rlock /tempZone/home/otherrods/2024-08-05Z21:43:01--irods-testing-6l3qc1fg/icmdtest/testy] --- 
Assert Command: irepl -BvrPT -R TestResc --rlock /tempZone/home/otherrods/2024-08-05Z21:43:01--irods-testing-6l3qc1fg/icmdtest/testy
Expecting STDOUT_SINGLELINE: ['icmdtest/testy']
  stdout:
    | C- /tempZone/home/otherrods/2024-08-05Z21:43:01--irods-testing-6l3qc1fg/icmdtest/testy:
    | 0/4 -  0.00% of files done   0.000/0.015 MB -  0.00% of file sizes done
    | Processing lfile1 - 0.004 MB   2024-08-05.21:43:07
    |    lfile1                          0.004 MB | 0.166 sec | 0 thr |  0.024 MB/s
    | 1/4 - 25.00% of files done   0.004/0.015 MB - 25.30% of file sizes done
    | Processing lfile2 - 0.004 MB   2024-08-05.21:43:07
    |    lfile2                          0.004 MB | 0.163 sec | 0 thr |  0.024 MB/s
    | 2/4 - 50.00% of files done   0.008/0.015 MB - 50.59% of file sizes done
    | Processing sfile1 - 0.004 MB   2024-08-05.21:43:07
    |    sfile1                          0.004 MB | 0.149 sec | 0 thr |  0.026 MB/s
    | 3/4 - 75.00% of files done   0.012/0.015 MB - 75.30% of file sizes done
    | Processing sfile2 - 0.004 MB   2024-08-05.21:43:07
    |    sfile2                          0.004 MB | 0.152 sec | 0 thr |  0.025 MB/s
  stderr:
    | 
Output found

 --- IrodsSession: icommand executed by [otherrods#tempZone] [itrim -vrS demoResc --dryrun --age 1 -N 1 /tempZone/home/otherrods/2024-08-05Z21:43:01--irods-testing-6l3qc1fg/icmdtest/testy] --- 
Assert Command: itrim -vrS demoResc --dryrun --age 1 -N 1 /tempZone/home/otherrods/2024-08-05Z21:43:01--irods-testing-6l3qc1fg/icmdtest/testy
Expecting STDOUT_SINGLELINE: ['This is a DRYRUN']
  stdout:
    | ====== This is a DRYRUN ======
    | C- /tempZone/home/otherrods/2024-08-05Z21:43:01--irods-testing-6l3qc1fg/icmdtest/testy:
    | lfile1 - No copy trimmed
    | lfile2 - No copy trimmed
    | sfile1 - No copy trimmed
    | sfile2 - No copy trimmed
    | Total size trimmed = 0.000 MB. Number of files trimmed = 0.
    | Level 0: Specifying a minimum number of replicas to keep is deprecated.
    | Level 1: Specifying a minimum age of replicas to trim is deprecated.
  stderr:
    | 
Output found

 --- IrodsSession: icommand executed by [otherrods#tempZone] [itrim -vrS demoResc -N 1 /tempZone/home/otherrods/2024-08-05Z21:43:01--irods-testing-6l3qc1fg/icmdtest/testy] --- 
Assert Command: itrim -vrS demoResc -N 1 /tempZone/home/otherrods/2024-08-05Z21:43:01--irods-testing-6l3qc1fg/icmdtest/testy
Expecting STDOUT_SINGLELINE: ['a copy trimmed']
  stdout:
    | C- /tempZone/home/otherrods/2024-08-05Z21:43:01--irods-testing-6l3qc1fg/icmdtest/testy:
    | lfile1 - a copy trimmed
    | lfile2 - a copy trimmed
    | sfile1 - a copy trimmed
    | sfile2 - a copy trimmed
    | Total size trimmed = 0.015 MB. Number of files trimmed = 4.
    | Level 0: Specifying a minimum number of replicas to keep is deprecated.
  stderr:
    | 
Output found

 --- IrodsSession: icommand executed by [otherrods#tempZone] [icp -vKPTr -N 2 /tempZone/home/otherrods/2024-08-05Z21:43:01--irods-testing-6l3qc1fg/icmdtest/testy /tempZone/home/otherrods/2024-08-05Z21:43:01--irods-testing-6l3qc1fg/icmdtest/testz] --- 
Assert Command: icp -vKPTr -N 2 /tempZone/home/otherrods/2024-08-05Z21:43:01--irods-testing-6l3qc1fg/icmdtest/testy /tempZone/home/otherrods/2024-08-05Z21:43:01--irods-testing-6l3qc1fg/icmdtest/testz
Expecting STDOUT_SINGLELINE: ['Processing lfile1']
  stdout:
    | 0/4 -  0.00% of files done   0.000/0.015 MB -  0.00% of file sizes done
    | Processing lfile1 - 0.004 MB   2024-08-05.21:43:10
    |    lfile1                          0.004 MB | 0.109 sec | 1 thr |  0.036 MB/s
    | 1/4 - 25.00% of files done   0.004/0.015 MB - 25.30% of file sizes done
    | Processing lfile2 - 0.004 MB   2024-08-05.21:43:10
    |    lfile2                          0.004 MB | 0.108 sec | 1 thr |  0.036 MB/s
    | 2/4 - 50.00% of files done   0.008/0.015 MB - 50.59% of file sizes done
    | Processing sfile1 - 0.004 MB   2024-08-05.21:43:11
    |    sfile1                          0.004 MB | 0.102 sec | 1 thr |  0.037 MB/s
    | 3/4 - 75.00% of files done   0.012/0.015 MB - 75.30% of file sizes done
    | Processing sfile2 - 0.004 MB   2024-08-05.21:43:11
    |    sfile2                          0.004 MB | 0.095 sec | 1 thr |  0.040 MB/s
  stderr:
    | 
Output found

 --- IrodsSession: icommand executed by [otherrods#tempZone] [irsync -r i:/tempZone/home/otherrods/2024-08-05Z21:43:01--irods-testing-6l3qc1fg/icmdtest/testy i:/tempZone/home/otherrods/2024-08-05Z21:43:01--irods-testing-6l3qc1fg/icmdtest/testz] --- 
Assert Command: irsync -r i:/tempZone/home/otherrods/2024-08-05Z21:43:01--irods-testing-6l3qc1fg/icmdtest/testy i:/tempZone/home/otherrods/2024-08-05Z21:43:01--irods-testing-6l3qc1fg/icmdtest/testz
Expecting EMPTY: ['']
  stdout:
    | 
  stderr:
    | 
Output found

 --- IrodsSession: icommand executed by [otherrods#tempZone] [irm -vrf /tempZone/home/otherrods/2024-08-05Z21:43:01--irods-testing-6l3qc1fg/icmdtest/testy] --- 
Assert Command: irm -vrf /tempZone/home/otherrods/2024-08-05Z21:43:01--irods-testing-6l3qc1fg/icmdtest/testy
Expecting EMPTY: ['']
  stdout:
    | 
  stderr:
    | 
Output found

 --- IrodsSession: icommand executed by [otherrods#tempZone] [iget -vPKr --retries 10 -X ./rsfile --lfrestart ./lrsfile --rlock -N 2 /tempZone/home/otherrods/2024-08-05Z21:43:01--irods-testing-6l3qc1fg/icmdtest/testz ./testz] --- 
Assert Command: iget -vPKr --retries 10 -X ./rsfile --lfrestart ./lrsfile --rlock -N 2 /tempZone/home/otherrods/2024-08-05Z21:43:01--irods-testing-6l3qc1fg/icmdtest/testz ./testz
Expecting STDOUT_SINGLELINE: ['testz']
  stdout:
    | New restartFile ./rsfile opened
    | D- ./testz :
    | 0/4 -  0.00% of files done   0.000/0.015 MB -  0.00% of file sizes done
    | Processing lfile1 - 0.004 MB   2024-08-05.21:43:14
    |    lfile1                          0.004 MB | 0.059 sec | 0 thr |  0.067 MB/s
    | 1/4 - 25.00% of files done   0.004/0.015 MB - 25.30% of file sizes done
    | Processing lfile2 - 0.004 MB   2024-08-05.21:43:14
    |    lfile2                          0.004 MB | 0.044 sec | 0 thr |  0.088 MB/s
    | 2/4 - 50.00% of files done   0.008/0.015 MB - 50.59% of file sizes done
    | Processing sfile1 - 0.004 MB   2024-08-05.21:43:14
    |    sfile1                          0.004 MB | 0.038 sec | 0 thr |  0.100 MB/s
    | 3/4 - 75.00% of files done   0.012/0.015 MB - 75.30% of file sizes done
    | Processing sfile2 - 0.004 MB   2024-08-05.21:43:14
    |    sfile2                          0.004 MB | 0.038 sec | 0 thr |  0.100 MB/s
  stderr:
    | 
Output found

 --- IrodsSession: icommand executed by [otherrods#tempZone] [irsync -r ./testz i:/tempZone/home/otherrods/2024-08-05Z21:43:01--irods-testing-6l3qc1fg/icmdtest/testz] --- 
Assert Command: irsync -r ./testz i:/tempZone/home/otherrods/2024-08-05Z21:43:01--irods-testing-6l3qc1fg/icmdtest/testz
Expecting EMPTY: ['']
  stdout:
    | 
  stderr:
    | 
Output found

 --- IrodsSession: icommand executed by [otherrods#tempZone] [irsync -r i:/tempZone/home/otherrods/2024-08-05Z21:43:01--irods-testing-6l3qc1fg/icmdtest/testz ./testz] --- 
Assert Command: irsync -r i:/tempZone/home/otherrods/2024-08-05Z21:43:01--irods-testing-6l3qc1fg/icmdtest/testz ./testz
Expecting EMPTY: ['']
  stdout:
    | 
  stderr:
    | 
Output found

 --- IrodsSession: icommand executed by [otherrods#tempZone] [iput -N0 -R TestResc ./ldir/lfile1 /tempZone/home/otherrods/2024-08-05Z21:43:01--irods-testing-6l3qc1fg/icmdtest/testz/lfoo100] --- 
Assert Command: iput -N0 -R TestResc ./ldir/lfile1 /tempZone/home/otherrods/2024-08-05Z21:43:01--irods-testing-6l3qc1fg/icmdtest/testz/lfoo100
Expecting EMPTY: ['']
  stdout:
    | 
  stderr:
    | 
Output found

 --- IrodsSession: icommand executed by [otherrods#tempZone] [iget -N0 /tempZone/home/otherrods/2024-08-05Z21:43:01--irods-testing-6l3qc1fg/icmdtest/testz/lfoo100 ./lfoo100] --- 
Assert Command: iget -N0 /tempZone/home/otherrods/2024-08-05Z21:43:01--irods-testing-6l3qc1fg/icmdtest/testz/lfoo100 ./lfoo100
Expecting EMPTY: ['']
  stdout:
    | 
  stderr:
    | 
Output found

 --- IrodsSession: icommand executed by [otherrods#tempZone] [irm -vrf /tempZone/home/otherrods/2024-08-05Z21:43:01--irods-testing-6l3qc1fg/icmdtest/testz] --- 
Assert Command: irm -vrf /tempZone/home/otherrods/2024-08-05Z21:43:01--irods-testing-6l3qc1fg/icmdtest/testz
Expecting EMPTY: ['']
  stdout:
    | 
  stderr:
    | 
Output found

run_resource_teardown - BEGIN
 --- IrodsSession: icommand executed by [otherrods#tempZone] [icd] --- 
 --- IrodsSession: icommand executed by [otherrods#tempZone] [irm testfile.txt ../public/testfile.txt] --- 
 --- IrodsSession: icommand executed by [otherrods#tempZone] [irm -rf ../../bundle] --- 
 --- IrodsSession: icommand executed by [rods#tempZone] [iinit] --- 
Assert Command: iinit
Expecting STDOUT_SINGLELINE: ['']
  stdout:
    | WARNING: Error 25 disabling echo mode. Password will be displayed in plaintext.
    | Enter your current iRODS password:
  stderr:
    | 
Output found

 --- IrodsSession: icommand executed by [otherrods#tempZone] [icd] --- 
Assert Command: icd
Expecting EMPTY: ['']
  stdout:
    | 
  stderr:
    | 
Output found

 --- IrodsSession: icommand executed by [otherrods#tempZone] [irm -rf /tempZone/home/otherrods/2024-08-05Z21:43:01--irods-testing-6l3qc1fg] --- 
Assert Command: irm -rf /tempZone/home/otherrods/2024-08-05Z21:43:01--irods-testing-6l3qc1fg
Expecting EMPTY: ['']
  stdout:
    | 
  stderr:
    | 
Output found

 --- IrodsSession: icommand executed by [otherrods#tempZone] [irmtrash] --- 
Assert Command: irmtrash
Expecting EMPTY: ['']
  stdout:
    | 
  stderr:
    | 
Output found

 --- IrodsSession: icommand executed by [rods#tempZone] [iadmin rmuser otherrods] --- 
Assert Command: iadmin rmuser otherrods
Expecting EMPTY: ['']
  stdout:
    | 
  stderr:
    | 
Output found

 --- IrodsSession: icommand executed by [alice#tempZone] [icd] --- 
Assert Command: icd
Expecting EMPTY: ['']
  stdout:
    | 
  stderr:
    | 
Output found

 --- IrodsSession: icommand executed by [alice#tempZone] [irm -rf /tempZone/home/alice/2024-08-05Z21:43:02--irods-testing-yzcxmw5r] --- 
Assert Command: irm -rf /tempZone/home/alice/2024-08-05Z21:43:02--irods-testing-yzcxmw5r
Expecting EMPTY: ['']
  stdout:
    | 
  stderr:
    | 
Output found

 --- IrodsSession: icommand executed by [alice#tempZone] [irmtrash] --- 
Assert Command: irmtrash
Expecting EMPTY: ['']
  stdout:
    | 
  stderr:
    | 
Output found

 --- IrodsSession: icommand executed by [rods#tempZone] [iadmin rmuser alice] --- 
Assert Command: iadmin rmuser alice
Expecting EMPTY: ['']
  stdout:
    | 
  stderr:
    | 
Output found

 --- IrodsSession: icommand executed by [bobby#tempZone] [icd] --- 
Assert Command: icd
Expecting EMPTY: ['']
  stdout:
    | 
  stderr:
    | 
Output found

 --- IrodsSession: icommand executed by [bobby#tempZone] [irm -rf /tempZone/home/bobby/2024-08-05Z21:43:04--irods-testing-h4dykd_n] --- 
Assert Command: irm -rf /tempZone/home/bobby/2024-08-05Z21:43:04--irods-testing-h4dykd_n
Expecting EMPTY: ['']
  stdout:
    | 
  stderr:
    | 
Output found

 --- IrodsSession: icommand executed by [bobby#tempZone] [irmtrash] --- 
Assert Command: irmtrash
Expecting EMPTY: ['']
  stdout:
    | 
  stderr:
    | 
Output found

 --- IrodsSession: icommand executed by [rods#tempZone] [iadmin rmuser bobby] --- 
Assert Command: iadmin rmuser bobby
Expecting EMPTY: ['']
  stdout:
    | 
  stderr:
    | 
Output found

 --- IrodsSession: icommand executed by [rods#tempZone] [iinit] --- 
Assert Command: iinit
Expecting STDOUT_SINGLELINE: ['']
  stdout:
    | WARNING: Error 25 disabling echo mode. Password will be displayed in plaintext.
    | Enter your current iRODS password:
  stderr:
    | 
Output found

 --- IrodsSession: icommand executed by [rods#tempZone] [irmtrash -M] --- 
 --- IrodsSession: icommand executed by [rods#tempZone] [iadmin rmresc TestResc] --- 
 --- IrodsSession: icommand executed by [rods#tempZone] [iadmin rmresc AnotherResc] --- 
run_resource_teardown - END
 --- IrodsSession: icommand executed by [rods#tempZone] [iinit] --- 
Assert Command: iinit
Expecting STDOUT_SINGLELINE: ['']
  stdout:
    | WARNING: Error 25 disabling echo mode. Password will be displayed in plaintext.
    | Enter your current iRODS password:
  stderr:
    | 
Output found

 --- IrodsSession: icommand executed by [rods#tempZone] [iadmin rmresc demoResc] --- 
Assert Command: iadmin rmresc demoResc
Expecting EMPTY: ['']
  stdout:
    | 
  stderr:
    | 
Output found

 --- IrodsSession: icommand executed by [rods#tempZone] [iadmin modresc origResc name demoResc] --- 
Assert Command: iadmin modresc origResc name demoResc
Expecting STDOUT_SINGLELINE: ['rename']
  stdout:
    | If you modify a resource name, you and other users will need to
    | change your irods_environment.json files to use it, you may need to update
    | server_config.json and, if rules use the resource name, you'll need to
    | update the core rules (core.re).  This command will update various
    | tables with the new name.
    | Do you really want to modify the resource name? (enter y or yes to do so):OK, performing the resource rename
  stderr:
    | 
Output found

]]></system-out>
	</testcase>
	<testcase classname="irods.test.test_resource_types.Test_Resource_Unixfilesystem" name="test_local_iget" time="10.545" timestamp="2024-08-05T21:43:31" file="scripts/irods/test/test_resource_types.py" line="103">
		<system-out><![CDATA[ --- IrodsSession: icommand executed by [rods#tempZone] [iinit] --- 
Assert Command: iinit
Expecting STDOUT_SINGLELINE: ['']
  stdout:
    | WARNING: Error 25 disabling echo mode. Password will be displayed in plaintext.
    | Enter your current iRODS password:
  stderr:
    | 
Output found

 --- IrodsSession: icommand executed by [rods#tempZone] [iadmin modresc demoResc name origResc] --- 
Assert Command: iadmin modresc demoResc name origResc
Expecting STDOUT_SINGLELINE: ['rename']
  stdout:
    | If you modify a resource name, you and other users will need to
    | change your irods_environment.json files to use it, you may need to update
    | server_config.json and, if rules use the resource name, you'll need to
    | update the core rules (core.re).  This command will update various
    | tables with the new name.
    | Do you really want to modify the resource name? (enter y or yes to do so):OK, performing the resource rename
  stderr:
    | 
Output found

 --- IrodsSession: icommand executed by [rods#tempZone] [iadmin mkresc demoResc 'unixfilesystem' d7680432ccfd:/var/lib/irods/demoRescVault] --- 
Assert Command: iadmin mkresc demoResc 'unixfilesystem' d7680432ccfd:/var/lib/irods/demoRescVault
Expecting STDOUT_SINGLELINE: ['unixfilesystem']
  stdout:
    | Creating resource:
    | Name:		"demoResc"
    | Type:		"unixfilesystem"
    | Host:		"d7680432ccfd"
    | Path:		"/var/lib/irods/demoRescVault"
    | Context:	""
  stderr:
    | 
Output found

 --- IrodsSession: icommand executed by [rods#tempZone] [iinit] --- 
Assert Command: iinit
Expecting STDOUT_SINGLELINE: ['']
  stdout:
    | WARNING: Error 25 disabling echo mode. Password will be displayed in plaintext.
    | Enter your current iRODS password:
  stderr:
    | 
Output found

 --- IrodsSession: icommand executed by [rods#tempZone] [iinit] --- 
Assert Command: iinit
Expecting STDOUT_SINGLELINE: ['']
  stdout:
    | WARNING: Error 25 disabling echo mode. Password will be displayed in plaintext.
    | Enter your current iRODS password:
  stderr:
    | 
Output found

 --- IrodsSession: icommand executed by [rods#tempZone] [iadmin mkuser otherrods rodsadmin] --- 
Assert Command: iadmin mkuser otherrods rodsadmin
Expecting EMPTY: ['']
  stdout:
    | 
  stderr:
    | 
Output found

 --- IrodsSession: icommand executed by [rods#tempZone] [iadmin moduser otherrods password rods] --- 
Assert Command: iadmin moduser otherrods password rods
Expecting EMPTY: ['']
  stdout:
    | 
  stderr:
    | 
Output found

 --- IrodsSession: icommand executed by [otherrods#tempZone] [iinit] --- 
Assert Command: iinit
Expecting STDOUT_SINGLELINE: ['']
  stdout:
    | WARNING: Error 25 disabling echo mode. Password will be displayed in plaintext.
    | Enter your current iRODS password:
  stderr:
    | 
Output found

 --- IrodsSession: icommand executed by [otherrods#tempZone] [imkdir /tempZone/home/otherrods/2024-08-05Z21:43:21--irods-testing-vwazrm5s] --- 
Assert Command: imkdir /tempZone/home/otherrods/2024-08-05Z21:43:21--irods-testing-vwazrm5s
Expecting EMPTY: ['']
  stdout:
    | 
  stderr:
    | 
Output found

 --- IrodsSession: icommand executed by [otherrods#tempZone] [icd /tempZone/home/otherrods/2024-08-05Z21:43:21--irods-testing-vwazrm5s] --- 
Assert Command: icd /tempZone/home/otherrods/2024-08-05Z21:43:21--irods-testing-vwazrm5s
Expecting EMPTY: ['']
  stdout:
    | 
  stderr:
    | 
Output found

 --- IrodsSession: icommand executed by [rods#tempZone] [iinit] --- 
Assert Command: iinit
Expecting STDOUT_SINGLELINE: ['']
  stdout:
    | WARNING: Error 25 disabling echo mode. Password will be displayed in plaintext.
    | Enter your current iRODS password:
  stderr:
    | 
Output found

 --- IrodsSession: icommand executed by [rods#tempZone] [iadmin mkuser alice rodsuser] --- 
Assert Command: iadmin mkuser alice rodsuser
Expecting EMPTY: ['']
  stdout:
    | 
  stderr:
    | 
Output found

 --- IrodsSession: icommand executed by [rods#tempZone] [iadmin moduser alice password apass] --- 
Assert Command: iadmin moduser alice password apass
Expecting EMPTY: ['']
  stdout:
    | 
  stderr:
    | 
Output found

 --- IrodsSession: icommand executed by [alice#tempZone] [iinit] --- 
Assert Command: iinit
Expecting STDOUT_SINGLELINE: ['']
  stdout:
    | WARNING: Error 25 disabling echo mode. Password will be displayed in plaintext.
    | Enter your current iRODS password:
  stderr:
    | 
Output found

 --- IrodsSession: icommand executed by [alice#tempZone] [imkdir /tempZone/home/alice/2024-08-05Z21:43:23--irods-testing-ba35nbhi] --- 
Assert Command: imkdir /tempZone/home/alice/2024-08-05Z21:43:23--irods-testing-ba35nbhi
Expecting EMPTY: ['']
  stdout:
    | 
  stderr:
    | 
Output found

 --- IrodsSession: icommand executed by [alice#tempZone] [icd /tempZone/home/alice/2024-08-05Z21:43:23--irods-testing-ba35nbhi] --- 
Assert Command: icd /tempZone/home/alice/2024-08-05Z21:43:23--irods-testing-ba35nbhi
Expecting EMPTY: ['']
  stdout:
    | 
  stderr:
    | 
Output found

 --- IrodsSession: icommand executed by [rods#tempZone] [iinit] --- 
Assert Command: iinit
Expecting STDOUT_SINGLELINE: ['']
  stdout:
    | WARNING: Error 25 disabling echo mode. Password will be displayed in plaintext.
    | Enter your current iRODS password:
  stderr:
    | 
Output found

 --- IrodsSession: icommand executed by [rods#tempZone] [iadmin mkuser bobby rodsuser] --- 
Assert Command: iadmin mkuser bobby rodsuser
Expecting EMPTY: ['']
  stdout:
    | 
  stderr:
    | 
Output found

 --- IrodsSession: icommand executed by [rods#tempZone] [iadmin moduser bobby password bpass] --- 
Assert Command: iadmin moduser bobby password bpass
Expecting EMPTY: ['']
  stdout:
    | 
  stderr:
    | 
Output found

 --- IrodsSession: icommand executed by [bobby#tempZone] [iinit] --- 
Assert Command: iinit
Expecting STDOUT_SINGLELINE: ['']
  stdout:
    | WARNING: Error 25 disabling echo mode. Password will be displayed in plaintext.
    | Enter your current iRODS password:
  stderr:
    | 
Output found

 --- IrodsSession: icommand executed by [bobby#tempZone] [imkdir /tempZone/home/bobby/2024-08-05Z21:43:24--irods-testing-fccipjlu] --- 
Assert Command: imkdir /tempZone/home/bobby/2024-08-05Z21:43:24--irods-testing-fccipjlu
Expecting EMPTY: ['']
  stdout:
    | 
  stderr:
    | 
Output found

 --- IrodsSession: icommand executed by [bobby#tempZone] [icd /tempZone/home/bobby/2024-08-05Z21:43:24--irods-testing-fccipjlu] --- 
Assert Command: icd /tempZone/home/bobby/2024-08-05Z21:43:24--irods-testing-fccipjlu
Expecting EMPTY: ['']
  stdout:
    | 
  stderr:
    | 
Output found

run_resource_setup - BEGIN
 --- IrodsSession: icommand executed by [otherrods#tempZone] [iadmin mkresc TestResc unixfilesystem d7680432ccfd:/tmp/irods/TestResc] --- 
Assert Command: iadmin mkresc TestResc unixfilesystem d7680432ccfd:/tmp/irods/TestResc
Expecting STDOUT_SINGLELINE: ['unixfilesystem']
  stdout:
    | Creating resource:
    | Name:		"TestResc"
    | Type:		"unixfilesystem"
    | Host:		"d7680432ccfd"
    | Path:		"/tmp/irods/TestResc"
    | Context:	""
  stderr:
    | 
Output found

 --- IrodsSession: icommand executed by [otherrods#tempZone] [iadmin mkresc AnotherResc unixfilesystem d7680432ccfd:/tmp/irods/AnotherResc] --- 
Assert Command: iadmin mkresc AnotherResc unixfilesystem d7680432ccfd:/tmp/irods/AnotherResc
Expecting STDOUT_SINGLELINE: ['unixfilesystem']
  stdout:
    | Creating resource:
    | Name:		"AnotherResc"
    | Type:		"unixfilesystem"
    | Host:		"d7680432ccfd"
    | Path:		"/tmp/irods/AnotherResc"
    | Context:	""
  stderr:
    | 
Output found

 --- IrodsSession: icommand executed by [otherrods#tempZone] [imkdir testdir] --- 
Assert Command: imkdir testdir
Expecting EMPTY: ['']
  stdout:
    | 
  stderr:
    | 
Output found

 --- IrodsSession: icommand executed by [otherrods#tempZone] [iput testfile.txt] --- 
Assert Command: iput testfile.txt
Expecting EMPTY: ['']
  stdout:
    | 
  stderr:
    | 
Output found

 --- IrodsSession: icommand executed by [otherrods#tempZone] [icp testfile.txt ../../public/] --- 
Assert Command: icp testfile.txt ../../public/
Expecting EMPTY: ['']
  stdout:
    | 
  stderr:
    | 
Output found

 --- IrodsSession: icommand executed by [otherrods#tempZone] [ichmod read alice ../../public/testfile.txt] --- 
Assert Command: ichmod read alice ../../public/testfile.txt
Expecting EMPTY: ['']
  stdout:
    | 
  stderr:
    | 
Output found

 --- IrodsSession: icommand executed by [otherrods#tempZone] [ichmod write bobby ../../public/testfile.txt] --- 
Assert Command: ichmod write bobby ../../public/testfile.txt
Expecting EMPTY: ['']
  stdout:
    | 
  stderr:
    | 
Output found

run_resource_setup - END
 --- IrodsSession: icommand executed by [otherrods#tempZone] [iget testfile.txt local.txt] --- 
Assert Command: iget testfile.txt local.txt
Expecting EMPTY: ['']
  stdout:
    | 
  stderr:
    | 
Output found

  output: [local.txt
]
run_resource_teardown - BEGIN
 --- IrodsSession: icommand executed by [otherrods#tempZone] [icd] --- 
 --- IrodsSession: icommand executed by [otherrods#tempZone] [irm testfile.txt ../public/testfile.txt] --- 
 --- IrodsSession: icommand executed by [otherrods#tempZone] [irm -rf ../../bundle] --- 
 --- IrodsSession: icommand executed by [rods#tempZone] [iinit] --- 
Assert Command: iinit
Expecting STDOUT_SINGLELINE: ['']
  stdout:
    | WARNING: Error 25 disabling echo mode. Password will be displayed in plaintext.
    | Enter your current iRODS password:
  stderr:
    | 
Output found

 --- IrodsSession: icommand executed by [otherrods#tempZone] [icd] --- 
Assert Command: icd
Expecting EMPTY: ['']
  stdout:
    | 
  stderr:
    | 
Output found

 --- IrodsSession: icommand executed by [otherrods#tempZone] [irm -rf /tempZone/home/otherrods/2024-08-05Z21:43:21--irods-testing-vwazrm5s] --- 
Assert Command: irm -rf /tempZone/home/otherrods/2024-08-05Z21:43:21--irods-testing-vwazrm5s
Expecting EMPTY: ['']
  stdout:
    | 
  stderr:
    | 
Output found

 --- IrodsSession: icommand executed by [otherrods#tempZone] [irmtrash] --- 
Assert Command: irmtrash
Expecting EMPTY: ['']
  stdout:
    | 
  stderr:
    | 
Output found

 --- IrodsSession: icommand executed by [rods#tempZone] [iadmin rmuser otherrods] --- 
Assert Command: iadmin rmuser otherrods
Expecting EMPTY: ['']
  stdout:
    | 
  stderr:
    | 
Output found

 --- IrodsSession: icommand executed by [alice#tempZone] [icd] --- 
Assert Command: icd
Expecting EMPTY: ['']
  stdout:
    | 
  stderr:
    | 
Output found

 --- IrodsSession: icommand executed by [alice#tempZone] [irm -rf /tempZone/home/alice/2024-08-05Z21:43:23--irods-testing-ba35nbhi] --- 
Assert Command: irm -rf /tempZone/home/alice/2024-08-05Z21:43:23--irods-testing-ba35nbhi
Expecting EMPTY: ['']
  stdout:
    | 
  stderr:
    | 
Output found

 --- IrodsSession: icommand executed by [alice#tempZone] [irmtrash] --- 
Assert Command: irmtrash
Expecting EMPTY: ['']
  stdout:
    | 
  stderr:
    | 
Output found

 --- IrodsSession: icommand executed by [rods#tempZone] [iadmin rmuser alice] --- 
Assert Command: iadmin rmuser alice
Expecting EMPTY: ['']
  stdout:
    | 
  stderr:
    | 
Output found

 --- IrodsSession: icommand executed by [bobby#tempZone] [icd] --- 
Assert Command: icd
Expecting EMPTY: ['']
  stdout:
    | 
  stderr:
    | 
Output found

 --- IrodsSession: icommand executed by [bobby#tempZone] [irm -rf /tempZone/home/bobby/2024-08-05Z21:43:24--irods-testing-fccipjlu] --- 
Assert Command: irm -rf /tempZone/home/bobby/2024-08-05Z21:43:24--irods-testing-fccipjlu
Expecting EMPTY: ['']
  stdout:
    | 
  stderr:
    | 
Output found

 --- IrodsSession: icommand executed by [bobby#tempZone] [irmtrash] --- 
Assert Command: irmtrash
Expecting EMPTY: ['']
  stdout:
    | 
  stderr:
    | 
Output found

 --- IrodsSession: icommand executed by [rods#tempZone] [iadmin rmuser bobby] --- 
Assert Command: iadmin rmuser bobby
Expecting EMPTY: ['']
  stdout:
    | 
  stderr:
    | 
Output found

 --- IrodsSession: icommand executed by [rods#tempZone] [iinit] --- 
Assert Command: iinit
Expecting STDOUT_SINGLELINE: ['']
  stdout:
    | WARNING: Error 25 disabling echo mode. Password will be displayed in plaintext.
    | Enter your current iRODS password:
  stderr:
    | 
Output found

 --- IrodsSession: icommand executed by [rods#tempZone] [irmtrash -M] --- 
 --- IrodsSession: icommand executed by [rods#tempZone] [iadmin rmresc TestResc] --- 
 --- IrodsSession: icommand executed by [rods#tempZone] [iadmin rmresc AnotherResc] --- 
run_resource_teardown - END
 --- IrodsSession: icommand executed by [rods#tempZone] [iinit] --- 
Assert Command: iinit
Expecting STDOUT_SINGLELINE: ['']
  stdout:
    | WARNING: Error 25 disabling echo mode. Password will be displayed in plaintext.
    | Enter your current iRODS password:
  stderr:
    | 
Output found

 --- IrodsSession: icommand executed by [rods#tempZone] [iadmin rmresc demoResc] --- 
Assert Command: iadmin rmresc demoResc
Expecting EMPTY: ['']
  stdout:
    | 
  stderr:
    | 
Output found

 --- IrodsSession: icommand executed by [rods#tempZone] [iadmin modresc origResc name demoResc] --- 
Assert Command: iadmin modresc origResc name demoResc
Expecting STDOUT_SINGLELINE: ['rename']
  stdout:
    | If you modify a resource name, you and other users will need to
    | change your irods_environment.json files to use it, you may need to update
    | server_config.json and, if rules use the resource name, you'll need to
    | update the core rules (core.re).  This command will update various
    | tables with the new name.
    | Do you really want to modify the resource name? (enter y or yes to do so):OK, performing the resource rename
  stderr:
    | 
Output found

]]></system-out>
	</testcase>
	<testcase classname="irods.test.test_resource_types.Test_Resource_Unixfilesystem" name="test_local_iget_with_bad_option" time="10.466" timestamp="2024-08-05T21:43:41" file="scripts/irods/test/test_resource_types.py" line="129">
		<system-out><![CDATA[ --- IrodsSession: icommand executed by [rods#tempZone] [iinit] --- 
Assert Command: iinit
Expecting STDOUT_SINGLELINE: ['']
  stdout:
    | WARNING: Error 25 disabling echo mode. Password will be displayed in plaintext.
    | Enter your current iRODS password:
  stderr:
    | 
Output found

 --- IrodsSession: icommand executed by [rods#tempZone] [iadmin modresc demoResc name origResc] --- 
Assert Command: iadmin modresc demoResc name origResc
Expecting STDOUT_SINGLELINE: ['rename']
  stdout:
    | If you modify a resource name, you and other users will need to
    | change your irods_environment.json files to use it, you may need to update
    | server_config.json and, if rules use the resource name, you'll need to
    | update the core rules (core.re).  This command will update various
    | tables with the new name.
    | Do you really want to modify the resource name? (enter y or yes to do so):OK, performing the resource rename
  stderr:
    | 
Output found

 --- IrodsSession: icommand executed by [rods#tempZone] [iadmin mkresc demoResc 'unixfilesystem' d7680432ccfd:/var/lib/irods/demoRescVault] --- 
Assert Command: iadmin mkresc demoResc 'unixfilesystem' d7680432ccfd:/var/lib/irods/demoRescVault
Expecting STDOUT_SINGLELINE: ['unixfilesystem']
  stdout:
    | Creating resource:
    | Name:		"demoResc"
    | Type:		"unixfilesystem"
    | Host:		"d7680432ccfd"
    | Path:		"/var/lib/irods/demoRescVault"
    | Context:	""
  stderr:
    | 
Output found

 --- IrodsSession: icommand executed by [rods#tempZone] [iinit] --- 
Assert Command: iinit
Expecting STDOUT_SINGLELINE: ['']
  stdout:
    | WARNING: Error 25 disabling echo mode. Password will be displayed in plaintext.
    | Enter your current iRODS password:
  stderr:
    | 
Output found

 --- IrodsSession: icommand executed by [rods#tempZone] [iinit] --- 
Assert Command: iinit
Expecting STDOUT_SINGLELINE: ['']
  stdout:
    | WARNING: Error 25 disabling echo mode. Password will be displayed in plaintext.
    | Enter your current iRODS password:
  stderr:
    | 
Output found

 --- IrodsSession: icommand executed by [rods#tempZone] [iadmin mkuser otherrods rodsadmin] --- 
Assert Command: iadmin mkuser otherrods rodsadmin
Expecting EMPTY: ['']
  stdout:
    | 
  stderr:
    | 
Output found

 --- IrodsSession: icommand executed by [rods#tempZone] [iadmin moduser otherrods password rods] --- 
Assert Command: iadmin moduser otherrods password rods
Expecting EMPTY: ['']
  stdout:
    | 
  stderr:
    | 
Output found

 --- IrodsSession: icommand executed by [otherrods#tempZone] [iinit] --- 
Assert Command: iinit
Expecting STDOUT_SINGLELINE: ['']
  stdout:
    | WARNING: Error 25 disabling echo mode. Password will be displayed in plaintext.
    | Enter your current iRODS password:
  stderr:
    | 
Output found

 --- IrodsSession: icommand executed by [otherrods#tempZone] [imkdir /tempZone/home/otherrods/2024-08-05Z21:43:32--irods-testing-5z336_96] --- 
Assert Command: imkdir /tempZone/home/otherrods/2024-08-05Z21:43:32--irods-testing-5z336_96
Expecting EMPTY: ['']
  stdout:
    | 
  stderr:
    | 
Output found

 --- IrodsSession: icommand executed by [otherrods#tempZone] [icd /tempZone/home/otherrods/2024-08-05Z21:43:32--irods-testing-5z336_96] --- 
Assert Command: icd /tempZone/home/otherrods/2024-08-05Z21:43:32--irods-testing-5z336_96
Expecting EMPTY: ['']
  stdout:
    | 
  stderr:
    | 
Output found

 --- IrodsSession: icommand executed by [rods#tempZone] [iinit] --- 
Assert Command: iinit
Expecting STDOUT_SINGLELINE: ['']
  stdout:
    | WARNING: Error 25 disabling echo mode. Password will be displayed in plaintext.
    | Enter your current iRODS password:
  stderr:
    | 
Output found

 --- IrodsSession: icommand executed by [rods#tempZone] [iadmin mkuser alice rodsuser] --- 
Assert Command: iadmin mkuser alice rodsuser
Expecting EMPTY: ['']
  stdout:
    | 
  stderr:
    | 
Output found

 --- IrodsSession: icommand executed by [rods#tempZone] [iadmin moduser alice password apass] --- 
Assert Command: iadmin moduser alice password apass
Expecting EMPTY: ['']
  stdout:
    | 
  stderr:
    | 
Output found

 --- IrodsSession: icommand executed by [alice#tempZone] [iinit] --- 
Assert Command: iinit
Expecting STDOUT_SINGLELINE: ['']
  stdout:
    | WARNING: Error 25 disabling echo mode. Password will be displayed in plaintext.
    | Enter your current iRODS password:
  stderr:
    | 
Output found

 --- IrodsSession: icommand executed by [alice#tempZone] [imkdir /tempZone/home/alice/2024-08-05Z21:43:33--irods-testing-n_wdd2t_] --- 
Assert Command: imkdir /tempZone/home/alice/2024-08-05Z21:43:33--irods-testing-n_wdd2t_
Expecting EMPTY: ['']
  stdout:
    | 
  stderr:
    | 
Output found

 --- IrodsSession: icommand executed by [alice#tempZone] [icd /tempZone/home/alice/2024-08-05Z21:43:33--irods-testing-n_wdd2t_] --- 
Assert Command: icd /tempZone/home/alice/2024-08-05Z21:43:33--irods-testing-n_wdd2t_
Expecting EMPTY: ['']
  stdout:
    | 
  stderr:
    | 
Output found

 --- IrodsSession: icommand executed by [rods#tempZone] [iinit] --- 
Assert Command: iinit
Expecting STDOUT_SINGLELINE: ['']
  stdout:
    | WARNING: Error 25 disabling echo mode. Password will be displayed in plaintext.
    | Enter your current iRODS password:
  stderr:
    | 
Output found

 --- IrodsSession: icommand executed by [rods#tempZone] [iadmin mkuser bobby rodsuser] --- 
Assert Command: iadmin mkuser bobby rodsuser
Expecting EMPTY: ['']
  stdout:
    | 
  stderr:
    | 
Output found

 --- IrodsSession: icommand executed by [rods#tempZone] [iadmin moduser bobby password bpass] --- 
Assert Command: iadmin moduser bobby password bpass
Expecting EMPTY: ['']
  stdout:
    | 
  stderr:
    | 
Output found

 --- IrodsSession: icommand executed by [bobby#tempZone] [iinit] --- 
Assert Command: iinit
Expecting STDOUT_SINGLELINE: ['']
  stdout:
    | WARNING: Error 25 disabling echo mode. Password will be displayed in plaintext.
    | Enter your current iRODS password:
  stderr:
    | 
Output found

 --- IrodsSession: icommand executed by [bobby#tempZone] [imkdir /tempZone/home/bobby/2024-08-05Z21:43:34--irods-testing-_dorryka] --- 
Assert Command: imkdir /tempZone/home/bobby/2024-08-05Z21:43:34--irods-testing-_dorryka
Expecting EMPTY: ['']
  stdout:
    | 
  stderr:
    | 
Output found

 --- IrodsSession: icommand executed by [bobby#tempZone] [icd /tempZone/home/bobby/2024-08-05Z21:43:34--irods-testing-_dorryka] --- 
Assert Command: icd /tempZone/home/bobby/2024-08-05Z21:43:34--irods-testing-_dorryka
Expecting EMPTY: ['']
  stdout:
    | 
  stderr:
    | 
Output found

run_resource_setup - BEGIN
 --- IrodsSession: icommand executed by [otherrods#tempZone] [iadmin mkresc TestResc unixfilesystem d7680432ccfd:/tmp/irods/TestResc] --- 
Assert Command: iadmin mkresc TestResc unixfilesystem d7680432ccfd:/tmp/irods/TestResc
Expecting STDOUT_SINGLELINE: ['unixfilesystem']
  stdout:
    | Creating resource:
    | Name:		"TestResc"
    | Type:		"unixfilesystem"
    | Host:		"d7680432ccfd"
    | Path:		"/tmp/irods/TestResc"
    | Context:	""
  stderr:
    | 
Output found

 --- IrodsSession: icommand executed by [otherrods#tempZone] [iadmin mkresc AnotherResc unixfilesystem d7680432ccfd:/tmp/irods/AnotherResc] --- 
Assert Command: iadmin mkresc AnotherResc unixfilesystem d7680432ccfd:/tmp/irods/AnotherResc
Expecting STDOUT_SINGLELINE: ['unixfilesystem']
  stdout:
    | Creating resource:
    | Name:		"AnotherResc"
    | Type:		"unixfilesystem"
    | Host:		"d7680432ccfd"
    | Path:		"/tmp/irods/AnotherResc"
    | Context:	""
  stderr:
    | 
Output found

 --- IrodsSession: icommand executed by [otherrods#tempZone] [imkdir testdir] --- 
Assert Command: imkdir testdir
Expecting EMPTY: ['']
  stdout:
    | 
  stderr:
    | 
Output found

 --- IrodsSession: icommand executed by [otherrods#tempZone] [iput testfile.txt] --- 
Assert Command: iput testfile.txt
Expecting EMPTY: ['']
  stdout:
    | 
  stderr:
    | 
Output found

 --- IrodsSession: icommand executed by [otherrods#tempZone] [icp testfile.txt ../../public/] --- 
Assert Command: icp testfile.txt ../../public/
Expecting EMPTY: ['']
  stdout:
    | 
  stderr:
    | 
Output found

 --- IrodsSession: icommand executed by [otherrods#tempZone] [ichmod read alice ../../public/testfile.txt] --- 
Assert Command: ichmod read alice ../../public/testfile.txt
Expecting EMPTY: ['']
  stdout:
    | 
  stderr:
    | 
Output found

 --- IrodsSession: icommand executed by [otherrods#tempZone] [ichmod write bobby ../../public/testfile.txt] --- 
Assert Command: ichmod write bobby ../../public/testfile.txt
Expecting EMPTY: ['']
  stdout:
    | 
  stderr:
    | 
Output found

run_resource_setup - END
 --- IrodsSession: icommand executed by [otherrods#tempZone] [iget -z] --- 
Assert FAIL Command: iget -z
Expecting EMPTY: ['']
  stdout:
    | 
    | Error: unrecognised option '-z'
    | 
    | 
    | iRODS Version 4.3.3                iget
  stderr:
    | Usage: iget [-fIKPQrUvVT] [-n replNumber] [-N numThreads] [-X restartFile]
    | [-R resource] [--lfrestart lfRestartFile] [--retries count] [--purgec]
    | [--rlock] srcDataObj|srcCollection ... destLocalFile|destLocalDir
    |  
    | Usage: iget [-fIKPQUvVT] [-n replNumber] [-N numThreads] [-X restartFile]
    | [-R resource] [--lfrestart lfRestartFile] [--retries count] [--purgec]
    | [--rlock] srcDataObj|srcCollection
    |  
    | Usage: iget [-fIKPQUvVT] [-n replNumber] [-N numThreads] [-X restartFile]
    | [-R resource] [--lfrestart lfRestartFile] [--retries count] [--purgec]
    | [--rlock] srcDataObj ... -
    |  
    | Get data-objects or collections from iRODS space, either to the specified
    | local area or to the current working directory.
    |  
    | Data Objects with multiple replicas in iRODS may have one or more 'stale'
    | replicas (will not display the & before the filename in ils -l or ils -L).
    | iRODS will not serve a stale or 'dirty' replica unless asked specifically
    | (by using the -R option). Without the -R option, a clean replica will be
    | selected and served to the client.
    |  
    | If the destLocalFile is '-', the files read from the server will be 
    | written to the standard output (stdout). Similar to the UNIX 'cat'
    | command, multiple source files can be specified.
    |  
    | The -X option specifies that the restart option is on and the operation
    | is restartable. The restartFile input specifies a local file that contains
    | the restart info. If the restartFile does not exist, it will be created
    | and used for recording subsequent restart info. If it exists and is not
    | empty, the restart info contained in this file will be used to restart
    | the operation. Note that the operation is not restarted automatically
    | when it failed. Another iget -X run must be made to continue from where
    | it left off using the restart info. But the -X option can be used in
    | conjunction with the --retries option to automatically restart the operation
    | in case of failure. Also note that the restart operation only works for
    | downloading directories and the path input must be identical to the one
    | that generated the restart file.
    |  
    | The --lfrestart option specifies that the large file restart option is on
    | and the lfRestartFile input specifies a local file that contains the restart
    | info.
    |  
    | The --lfrestart option can be used together with the -X option to do large
    | file transfer restart as part of the overall collection download restart.
    |  
    | Large files are defined by the 'maximum_size_for_single_buffer_in_megabytes'
    | advanced configuration setting.
    |  
    | Note: The -Q option has been deprecated.
    | The -Q option specifies the use of the RBUDP transfer mechanism which uses
    | the UDP protocol for data transfer. The UDP protocol is very efficient
    | if the network is very robust with few packet losses. Two environment
    | variables - rbudpSendRate and rbudpPackSize are used to tune the RBUDP
    | data transfer. rbudpSendRate is used to throttle the send rate in 
    | kbits/sec. The default rbudpSendRate is 600,000. rbudpPackSize is used
    | to set the packet size. The default rbudpPackSize is 8192. The -V option
    | can be used to show the loss rate of the transfer. If the lost rate is
    | more than a few %, the sendrate should be reduced.
    |  
    | The -T option will renew the socket connection between the client and 
    | server after 10 minutes of connection. This gets around the problem of
    | sockets getting timed out by the firewall as reported by some users.
    |  
    | Options are:
    |  -f  force - write local files even it they exist already (overwrite them)
    |  -I  redirect connection - redirect the connection to connect directly
    |        to the best (determiined by the first 10 data objects in the input
    |        collection) resource server.
    |  -K  verify the checksum
    |  -n  replNumber - retrieve the copy with the specified replica number 
    |  -N  numThreads - the number of thread to use for the transfer. A value of
    |        0 means no threading. By default (-N option not used) the server 
    |        decides the number of threads to use.
    |  --purgec - Purge the staged cache copy after downloading a COMPOUND object
    |  -P  output the progress of the download.
    |  -r  recursive - retrieve subcollections
    |  -R  resource - Specify a resource from which to get the data. If no such
    |        resource exists or a replica does not exist on the specified resource,
    |        an error will be returned.
    |  -T  renew socket connection after 10 minutes
    |  -Q  [Deprecated] use RBUDP (datagram) protocol for the data transfer
    |  -v  verbose
    |  -V  Very verbose
    |  -X  restartFile - specifies that the restart option is on and the
    |      restartFile input specifies a local file that contains the restart info.
    | --retries count - Retry the iget in case of error. The 'count' input
    |      specifies the number of times to retry. It must be used with the
    |      -X option
    |  --lfrestart lfRestartFile - specifies that the large file restart option is
    |       on and the lfRestartFile input specifies a local file that contains
    |       the restart info.
    |  -t  ticket - ticket (string) to use for ticket-based access.
    |  --rlock - use advisory read lock for the download
    |  --kv_pass - pass quoted key-value strings through to the resource hierarchy,
    |              of the form key1=value1;key2=value2
    |  -h  this help
Unexpected output on stderr

run_resource_teardown - BEGIN
 --- IrodsSession: icommand executed by [otherrods#tempZone] [icd] --- 
 --- IrodsSession: icommand executed by [otherrods#tempZone] [irm testfile.txt ../public/testfile.txt] --- 
 --- IrodsSession: icommand executed by [otherrods#tempZone] [irm -rf ../../bundle] --- 
 --- IrodsSession: icommand executed by [rods#tempZone] [iinit] --- 
Assert Command: iinit
Expecting STDOUT_SINGLELINE: ['']
  stdout:
    | WARNING: Error 25 disabling echo mode. Password will be displayed in plaintext.
    | Enter your current iRODS password:
  stderr:
    | 
Output found

 --- IrodsSession: icommand executed by [otherrods#tempZone] [icd] --- 
Assert Command: icd
Expecting EMPTY: ['']
  stdout:
    | 
  stderr:
    | 
Output found

 --- IrodsSession: icommand executed by [otherrods#tempZone] [irm -rf /tempZone/home/otherrods/2024-08-05Z21:43:32--irods-testing-5z336_96] --- 
Assert Command: irm -rf /tempZone/home/otherrods/2024-08-05Z21:43:32--irods-testing-5z336_96
Expecting EMPTY: ['']
  stdout:
    | 
  stderr:
    | 
Output found

 --- IrodsSession: icommand executed by [otherrods#tempZone] [irmtrash] --- 
Assert Command: irmtrash
Expecting EMPTY: ['']
  stdout:
    | 
  stderr:
    | 
Output found

 --- IrodsSession: icommand executed by [rods#tempZone] [iadmin rmuser otherrods] --- 
Assert Command: iadmin rmuser otherrods
Expecting EMPTY: ['']
  stdout:
    | 
  stderr:
    | 
Output found

 --- IrodsSession: icommand executed by [alice#tempZone] [icd] --- 
Assert Command: icd
Expecting EMPTY: ['']
  stdout:
    | 
  stderr:
    | 
Output found

 --- IrodsSession: icommand executed by [alice#tempZone] [irm -rf /tempZone/home/alice/2024-08-05Z21:43:33--irods-testing-n_wdd2t_] --- 
Assert Command: irm -rf /tempZone/home/alice/2024-08-05Z21:43:33--irods-testing-n_wdd2t_
Expecting EMPTY: ['']
  stdout:
    | 
  stderr:
    | 
Output found

 --- IrodsSession: icommand executed by [alice#tempZone] [irmtrash] --- 
Assert Command: irmtrash
Expecting EMPTY: ['']
  stdout:
    | 
  stderr:
    | 
Output found

 --- IrodsSession: icommand executed by [rods#tempZone] [iadmin rmuser alice] --- 
Assert Command: iadmin rmuser alice
Expecting EMPTY: ['']
  stdout:
    | 
  stderr:
    | 
Output found

 --- IrodsSession: icommand executed by [bobby#tempZone] [icd] --- 
Assert Command: icd
Expecting EMPTY: ['']
  stdout:
    | 
  stderr:
    | 
Output found

 --- IrodsSession: icommand executed by [bobby#tempZone] [irm -rf /tempZone/home/bobby/2024-08-05Z21:43:34--irods-testing-_dorryka] --- 
Assert Command: irm -rf /tempZone/home/bobby/2024-08-05Z21:43:34--irods-testing-_dorryka
Expecting EMPTY: ['']
  stdout:
    | 
  stderr:
    | 
Output found

 --- IrodsSession: icommand executed by [bobby#tempZone] [irmtrash] --- 
Assert Command: irmtrash
Expecting EMPTY: ['']
  stdout:
    | 
  stderr:
    | 
Output found

 --- IrodsSession: icommand executed by [rods#tempZone] [iadmin rmuser bobby] --- 
Assert Command: iadmin rmuser bobby
Expecting EMPTY: ['']
  stdout:
    | 
  stderr:
    | 
Output found

 --- IrodsSession: icommand executed by [rods#tempZone] [iinit] --- 
Assert Command: iinit
Expecting STDOUT_SINGLELINE: ['']
  stdout:
    | WARNING: Error 25 disabling echo mode. Password will be displayed in plaintext.
    | Enter your current iRODS password:
  stderr:
    | 
Output found

 --- IrodsSession: icommand executed by [rods#tempZone] [irmtrash -M] --- 
 --- IrodsSession: icommand executed by [rods#tempZone] [iadmin rmresc TestResc] --- 
 --- IrodsSession: icommand executed by [rods#tempZone] [iadmin rmresc AnotherResc] --- 
run_resource_teardown - END
 --- IrodsSession: icommand executed by [rods#tempZone] [iinit] --- 
Assert Command: iinit
Expecting STDOUT_SINGLELINE: ['']
  stdout:
    | WARNING: Error 25 disabling echo mode. Password will be displayed in plaintext.
    | Enter your current iRODS password:
  stderr:
    | 
Output found

 --- IrodsSession: icommand executed by [rods#tempZone] [iadmin rmresc demoResc] --- 
Assert Command: iadmin rmresc demoResc
Expecting EMPTY: ['']
  stdout:
    | 
  stderr:
    | 
Output found

 --- IrodsSession: icommand executed by [rods#tempZone] [iadmin modresc origResc name demoResc] --- 
Assert Command: iadmin modresc origResc name demoResc
Expecting STDOUT_SINGLELINE: ['rename']
  stdout:
    | If you modify a resource name, you and other users will need to
    | change your irods_environment.json files to use it, you may need to update
    | server_config.json and, if rules use the resource name, you'll need to
    | update the core rules (core.re).  This command will update various
    | tables with the new name.
    | Do you really want to modify the resource name? (enter y or yes to do so):OK, performing the resource rename
  stderr:
    | 
Output found

]]></system-out>
	</testcase>
	<testcase classname="irods.test.test_resource_types.Test_Resource_Unixfilesystem" name="test_local_iget_with_overwrite" time="10.996" timestamp="2024-08-05T21:43:52" file="scripts/irods/test/test_resource_types.py" line="115">
		<system-out><![CDATA[ --- IrodsSession: icommand executed by [rods#tempZone] [iinit] --- 
Assert Command: iinit
Expecting STDOUT_SINGLELINE: ['']
  stdout:
    | WARNING: Error 25 disabling echo mode. Password will be displayed in plaintext.
    | Enter your current iRODS password:
  stderr:
    | 
Output found

 --- IrodsSession: icommand executed by [rods#tempZone] [iadmin modresc demoResc name origResc] --- 
Assert Command: iadmin modresc demoResc name origResc
Expecting STDOUT_SINGLELINE: ['rename']
  stdout:
    | If you modify a resource name, you and other users will need to
    | change your irods_environment.json files to use it, you may need to update
    | server_config.json and, if rules use the resource name, you'll need to
    | update the core rules (core.re).  This command will update various
    | tables with the new name.
    | Do you really want to modify the resource name? (enter y or yes to do so):OK, performing the resource rename
  stderr:
    | 
Output found

 --- IrodsSession: icommand executed by [rods#tempZone] [iadmin mkresc demoResc 'unixfilesystem' d7680432ccfd:/var/lib/irods/demoRescVault] --- 
Assert Command: iadmin mkresc demoResc 'unixfilesystem' d7680432ccfd:/var/lib/irods/demoRescVault
Expecting STDOUT_SINGLELINE: ['unixfilesystem']
  stdout:
    | Creating resource:
    | Name:		"demoResc"
    | Type:		"unixfilesystem"
    | Host:		"d7680432ccfd"
    | Path:		"/var/lib/irods/demoRescVault"
    | Context:	""
  stderr:
    | 
Output found

 --- IrodsSession: icommand executed by [rods#tempZone] [iinit] --- 
Assert Command: iinit
Expecting STDOUT_SINGLELINE: ['']
  stdout:
    | WARNING: Error 25 disabling echo mode. Password will be displayed in plaintext.
    | Enter your current iRODS password:
  stderr:
    | 
Output found

 --- IrodsSession: icommand executed by [rods#tempZone] [iinit] --- 
Assert Command: iinit
Expecting STDOUT_SINGLELINE: ['']
  stdout:
    | WARNING: Error 25 disabling echo mode. Password will be displayed in plaintext.
    | Enter your current iRODS password:
  stderr:
    | 
Output found

 --- IrodsSession: icommand executed by [rods#tempZone] [iadmin mkuser otherrods rodsadmin] --- 
Assert Command: iadmin mkuser otherrods rodsadmin
Expecting EMPTY: ['']
  stdout:
    | 
  stderr:
    | 
Output found

 --- IrodsSession: icommand executed by [rods#tempZone] [iadmin moduser otherrods password rods] --- 
Assert Command: iadmin moduser otherrods password rods
Expecting EMPTY: ['']
  stdout:
    | 
  stderr:
    | 
Output found

 --- IrodsSession: icommand executed by [otherrods#tempZone] [iinit] --- 
Assert Command: iinit
Expecting STDOUT_SINGLELINE: ['']
  stdout:
    | WARNING: Error 25 disabling echo mode. Password will be displayed in plaintext.
    | Enter your current iRODS password:
  stderr:
    | 
Output found

 --- IrodsSession: icommand executed by [otherrods#tempZone] [imkdir /tempZone/home/otherrods/2024-08-05Z21:43:42--irods-testing-p7ilt23x] --- 
Assert Command: imkdir /tempZone/home/otherrods/2024-08-05Z21:43:42--irods-testing-p7ilt23x
Expecting EMPTY: ['']
  stdout:
    | 
  stderr:
    | 
Output found

 --- IrodsSession: icommand executed by [otherrods#tempZone] [icd /tempZone/home/otherrods/2024-08-05Z21:43:42--irods-testing-p7ilt23x] --- 
Assert Command: icd /tempZone/home/otherrods/2024-08-05Z21:43:42--irods-testing-p7ilt23x
Expecting EMPTY: ['']
  stdout:
    | 
  stderr:
    | 
Output found

 --- IrodsSession: icommand executed by [rods#tempZone] [iinit] --- 
Assert Command: iinit
Expecting STDOUT_SINGLELINE: ['']
  stdout:
    | WARNING: Error 25 disabling echo mode. Password will be displayed in plaintext.
    | Enter your current iRODS password:
  stderr:
    | 
Output found

 --- IrodsSession: icommand executed by [rods#tempZone] [iadmin mkuser alice rodsuser] --- 
Assert Command: iadmin mkuser alice rodsuser
Expecting EMPTY: ['']
  stdout:
    | 
  stderr:
    | 
Output found

 --- IrodsSession: icommand executed by [rods#tempZone] [iadmin moduser alice password apass] --- 
Assert Command: iadmin moduser alice password apass
Expecting EMPTY: ['']
  stdout:
    | 
  stderr:
    | 
Output found

 --- IrodsSession: icommand executed by [alice#tempZone] [iinit] --- 
Assert Command: iinit
Expecting STDOUT_SINGLELINE: ['']
  stdout:
    | WARNING: Error 25 disabling echo mode. Password will be displayed in plaintext.
    | Enter your current iRODS password:
  stderr:
    | 
Output found

 --- IrodsSession: icommand executed by [alice#tempZone] [imkdir /tempZone/home/alice/2024-08-05Z21:43:44--irods-testing-b1_d8qq1] --- 
Assert Command: imkdir /tempZone/home/alice/2024-08-05Z21:43:44--irods-testing-b1_d8qq1
Expecting EMPTY: ['']
  stdout:
    | 
  stderr:
    | 
Output found

 --- IrodsSession: icommand executed by [alice#tempZone] [icd /tempZone/home/alice/2024-08-05Z21:43:44--irods-testing-b1_d8qq1] --- 
Assert Command: icd /tempZone/home/alice/2024-08-05Z21:43:44--irods-testing-b1_d8qq1
Expecting EMPTY: ['']
  stdout:
    | 
  stderr:
    | 
Output found

 --- IrodsSession: icommand executed by [rods#tempZone] [iinit] --- 
Assert Command: iinit
Expecting STDOUT_SINGLELINE: ['']
  stdout:
    | WARNING: Error 25 disabling echo mode. Password will be displayed in plaintext.
    | Enter your current iRODS password:
  stderr:
    | 
Output found

 --- IrodsSession: icommand executed by [rods#tempZone] [iadmin mkuser bobby rodsuser] --- 
Assert Command: iadmin mkuser bobby rodsuser
Expecting EMPTY: ['']
  stdout:
    | 
  stderr:
    | 
Output found

 --- IrodsSession: icommand executed by [rods#tempZone] [iadmin moduser bobby password bpass] --- 
Assert Command: iadmin moduser bobby password bpass
Expecting EMPTY: ['']
  stdout:
    | 
  stderr:
    | 
Output found

 --- IrodsSession: icommand executed by [bobby#tempZone] [iinit] --- 
Assert Command: iinit
Expecting STDOUT_SINGLELINE: ['']
  stdout:
    | WARNING: Error 25 disabling echo mode. Password will be displayed in plaintext.
    | Enter your current iRODS password:
  stderr:
    | 
Output found

 --- IrodsSession: icommand executed by [bobby#tempZone] [imkdir /tempZone/home/bobby/2024-08-05Z21:43:45--irods-testing-jkevw5zy] --- 
Assert Command: imkdir /tempZone/home/bobby/2024-08-05Z21:43:45--irods-testing-jkevw5zy
Expecting EMPTY: ['']
  stdout:
    | 
  stderr:
    | 
Output found

 --- IrodsSession: icommand executed by [bobby#tempZone] [icd /tempZone/home/bobby/2024-08-05Z21:43:45--irods-testing-jkevw5zy] --- 
Assert Command: icd /tempZone/home/bobby/2024-08-05Z21:43:45--irods-testing-jkevw5zy
Expecting EMPTY: ['']
  stdout:
    | 
  stderr:
    | 
Output found

run_resource_setup - BEGIN
 --- IrodsSession: icommand executed by [otherrods#tempZone] [iadmin mkresc TestResc unixfilesystem d7680432ccfd:/tmp/irods/TestResc] --- 
Assert Command: iadmin mkresc TestResc unixfilesystem d7680432ccfd:/tmp/irods/TestResc
Expecting STDOUT_SINGLELINE: ['unixfilesystem']
  stdout:
    | Creating resource:
    | Name:		"TestResc"
    | Type:		"unixfilesystem"
    | Host:		"d7680432ccfd"
    | Path:		"/tmp/irods/TestResc"
    | Context:	""
  stderr:
    | 
Output found

 --- IrodsSession: icommand executed by [otherrods#tempZone] [iadmin mkresc AnotherResc unixfilesystem d7680432ccfd:/tmp/irods/AnotherResc] --- 
Assert Command: iadmin mkresc AnotherResc unixfilesystem d7680432ccfd:/tmp/irods/AnotherResc
Expecting STDOUT_SINGLELINE: ['unixfilesystem']
  stdout:
    | Creating resource:
    | Name:		"AnotherResc"
    | Type:		"unixfilesystem"
    | Host:		"d7680432ccfd"
    | Path:		"/tmp/irods/AnotherResc"
    | Context:	""
  stderr:
    | 
Output found

 --- IrodsSession: icommand executed by [otherrods#tempZone] [imkdir testdir] --- 
Assert Command: imkdir testdir
Expecting EMPTY: ['']
  stdout:
    | 
  stderr:
    | 
Output found

 --- IrodsSession: icommand executed by [otherrods#tempZone] [iput testfile.txt] --- 
Assert Command: iput testfile.txt
Expecting EMPTY: ['']
  stdout:
    | 
  stderr:
    | 
Output found

 --- IrodsSession: icommand executed by [otherrods#tempZone] [icp testfile.txt ../../public/] --- 
Assert Command: icp testfile.txt ../../public/
Expecting EMPTY: ['']
  stdout:
    | 
  stderr:
    | 
Output found

 --- IrodsSession: icommand executed by [otherrods#tempZone] [ichmod read alice ../../public/testfile.txt] --- 
Assert Command: ichmod read alice ../../public/testfile.txt
Expecting EMPTY: ['']
  stdout:
    | 
  stderr:
    | 
Output found

 --- IrodsSession: icommand executed by [otherrods#tempZone] [ichmod write bobby ../../public/testfile.txt] --- 
Assert Command: ichmod write bobby ../../public/testfile.txt
Expecting EMPTY: ['']
  stdout:
    | 
  stderr:
    | 
Output found

run_resource_setup - END
 --- IrodsSession: icommand executed by [otherrods#tempZone] [iget testfile.txt local.txt] --- 
Assert Command: iget testfile.txt local.txt
Expecting EMPTY: ['']
  stdout:
    | 
  stderr:
    | 
Output found

 --- IrodsSession: icommand executed by [otherrods#tempZone] [iget testfile.txt local.txt] --- 
Assert FAIL Command: iget testfile.txt local.txt
Expecting EMPTY: ['']
  stdout:
    | 
  stderr:
    | remote addresses: 10.201.24.5 ERROR: getUtil: get error for local.txt status = -312000 OVERWRITE_WITHOUT_FORCE_FLAG
Unexpected output on stderr

 --- IrodsSession: icommand executed by [otherrods#tempZone] [iget -f testfile.txt local.txt] --- 
Assert Command: iget -f testfile.txt local.txt
Expecting EMPTY: ['']
  stdout:
    | 
  stderr:
    | 
Output found

  output: [local.txt
]
run_resource_teardown - BEGIN
 --- IrodsSession: icommand executed by [otherrods#tempZone] [icd] --- 
 --- IrodsSession: icommand executed by [otherrods#tempZone] [irm testfile.txt ../public/testfile.txt] --- 
 --- IrodsSession: icommand executed by [otherrods#tempZone] [irm -rf ../../bundle] --- 
 --- IrodsSession: icommand executed by [rods#tempZone] [iinit] --- 
Assert Command: iinit
Expecting STDOUT_SINGLELINE: ['']
  stdout:
    | WARNING: Error 25 disabling echo mode. Password will be displayed in plaintext.
    | Enter your current iRODS password:
  stderr:
    | 
Output found

 --- IrodsSession: icommand executed by [otherrods#tempZone] [icd] --- 
Assert Command: icd
Expecting EMPTY: ['']
  stdout:
    | 
  stderr:
    | 
Output found

 --- IrodsSession: icommand executed by [otherrods#tempZone] [irm -rf /tempZone/home/otherrods/2024-08-05Z21:43:42--irods-testing-p7ilt23x] --- 
Assert Command: irm -rf /tempZone/home/otherrods/2024-08-05Z21:43:42--irods-testing-p7ilt23x
Expecting EMPTY: ['']
  stdout:
    | 
  stderr:
    | 
Output found

 --- IrodsSession: icommand executed by [otherrods#tempZone] [irmtrash] --- 
Assert Command: irmtrash
Expecting EMPTY: ['']
  stdout:
    | 
  stderr:
    | 
Output found

 --- IrodsSession: icommand executed by [rods#tempZone] [iadmin rmuser otherrods] --- 
Assert Command: iadmin rmuser otherrods
Expecting EMPTY: ['']
  stdout:
    | 
  stderr:
    | 
Output found

 --- IrodsSession: icommand executed by [alice#tempZone] [icd] --- 
Assert Command: icd
Expecting EMPTY: ['']
  stdout:
    | 
  stderr:
    | 
Output found

 --- IrodsSession: icommand executed by [alice#tempZone] [irm -rf /tempZone/home/alice/2024-08-05Z21:43:44--irods-testing-b1_d8qq1] --- 
Assert Command: irm -rf /tempZone/home/alice/2024-08-05Z21:43:44--irods-testing-b1_d8qq1
Expecting EMPTY: ['']
  stdout:
    | 
  stderr:
    | 
Output found

 --- IrodsSession: icommand executed by [alice#tempZone] [irmtrash] --- 
Assert Command: irmtrash
Expecting EMPTY: ['']
  stdout:
    | 
  stderr:
    | 
Output found

 --- IrodsSession: icommand executed by [rods#tempZone] [iadmin rmuser alice] --- 
Assert Command: iadmin rmuser alice
Expecting EMPTY: ['']
  stdout:
    | 
  stderr:
    | 
Output found

 --- IrodsSession: icommand executed by [bobby#tempZone] [icd] --- 
Assert Command: icd
Expecting EMPTY: ['']
  stdout:
    | 
  stderr:
    | 
Output found

 --- IrodsSession: icommand executed by [bobby#tempZone] [irm -rf /tempZone/home/bobby/2024-08-05Z21:43:45--irods-testing-jkevw5zy] --- 
Assert Command: irm -rf /tempZone/home/bobby/2024-08-05Z21:43:45--irods-testing-jkevw5zy
Expecting EMPTY: ['']
  stdout:
    | 
  stderr:
    | 
Output found

 --- IrodsSession: icommand executed by [bobby#tempZone] [irmtrash] --- 
Assert Command: irmtrash
Expecting EMPTY: ['']
  stdout:
    | 
  stderr:
    | 
Output found

 --- IrodsSession: icommand executed by [rods#tempZone] [iadmin rmuser bobby] --- 
Assert Command: iadmin rmuser bobby
Expecting EMPTY: ['']
  stdout:
    | 
  stderr:
    | 
Output found

 --- IrodsSession: icommand executed by [rods#tempZone] [iinit] --- 
Assert Command: iinit
Expecting STDOUT_SINGLELINE: ['']
  stdout:
    | WARNING: Error 25 disabling echo mode. Password will be displayed in plaintext.
    | Enter your current iRODS password:
  stderr:
    | 
Output found

 --- IrodsSession: icommand executed by [rods#tempZone] [irmtrash -M] --- 
 --- IrodsSession: icommand executed by [rods#tempZone] [iadmin rmresc TestResc] --- 
 --- IrodsSession: icommand executed by [rods#tempZone] [iadmin rmresc AnotherResc] --- 
run_resource_teardown - END
 --- IrodsSession: icommand executed by [rods#tempZone] [iinit] --- 
Assert Command: iinit
Expecting STDOUT_SINGLELINE: ['']
  stdout:
    | WARNING: Error 25 disabling echo mode. Password will be displayed in plaintext.
    | Enter your current iRODS password:
  stderr:
    | 
Output found

 --- IrodsSession: icommand executed by [rods#tempZone] [iadmin rmresc demoResc] --- 
Assert Command: iadmin rmresc demoResc
Expecting EMPTY: ['']
  stdout:
    | 
  stderr:
    | 
Output found

 --- IrodsSession: icommand executed by [rods#tempZone] [iadmin modresc origResc name demoResc] --- 
Assert Command: iadmin modresc origResc name demoResc
Expecting STDOUT_SINGLELINE: ['rename']
  stdout:
    | If you modify a resource name, you and other users will need to
    | change your irods_environment.json files to use it, you may need to update
    | server_config.json and, if rules use the resource name, you'll need to
    | update the core rules (core.re).  This command will update various
    | tables with the new name.
    | Do you really want to modify the resource name? (enter y or yes to do so):OK, performing the resource rename
  stderr:
    | 
Output found

]]></system-out>
	</testcase>
	<testcase classname="irods.test.test_resource_types.Test_Resource_Unixfilesystem" name="test_local_imv" time="10.428" timestamp="2024-08-05T21:44:02" file="scripts/irods/test/test_resource_types.py" line="198">
		<system-out><![CDATA[ --- IrodsSession: icommand executed by [rods#tempZone] [iinit] --- 
Assert Command: iinit
Expecting STDOUT_SINGLELINE: ['']
  stdout:
    | WARNING: Error 25 disabling echo mode. Password will be displayed in plaintext.
    | Enter your current iRODS password:
  stderr:
    | 
Output found

 --- IrodsSession: icommand executed by [rods#tempZone] [iadmin modresc demoResc name origResc] --- 
Assert Command: iadmin modresc demoResc name origResc
Expecting STDOUT_SINGLELINE: ['rename']
  stdout:
    | If you modify a resource name, you and other users will need to
    | change your irods_environment.json files to use it, you may need to update
    | server_config.json and, if rules use the resource name, you'll need to
    | update the core rules (core.re).  This command will update various
    | tables with the new name.
    | Do you really want to modify the resource name? (enter y or yes to do so):OK, performing the resource rename
  stderr:
    | 
Output found

 --- IrodsSession: icommand executed by [rods#tempZone] [iadmin mkresc demoResc 'unixfilesystem' d7680432ccfd:/var/lib/irods/demoRescVault] --- 
Assert Command: iadmin mkresc demoResc 'unixfilesystem' d7680432ccfd:/var/lib/irods/demoRescVault
Expecting STDOUT_SINGLELINE: ['unixfilesystem']
  stdout:
    | Creating resource:
    | Name:		"demoResc"
    | Type:		"unixfilesystem"
    | Host:		"d7680432ccfd"
    | Path:		"/var/lib/irods/demoRescVault"
    | Context:	""
  stderr:
    | 
Output found

 --- IrodsSession: icommand executed by [rods#tempZone] [iinit] --- 
Assert Command: iinit
Expecting STDOUT_SINGLELINE: ['']
  stdout:
    | WARNING: Error 25 disabling echo mode. Password will be displayed in plaintext.
    | Enter your current iRODS password:
  stderr:
    | 
Output found

 --- IrodsSession: icommand executed by [rods#tempZone] [iinit] --- 
Assert Command: iinit
Expecting STDOUT_SINGLELINE: ['']
  stdout:
    | WARNING: Error 25 disabling echo mode. Password will be displayed in plaintext.
    | Enter your current iRODS password:
  stderr:
    | 
Output found

 --- IrodsSession: icommand executed by [rods#tempZone] [iadmin mkuser otherrods rodsadmin] --- 
Assert Command: iadmin mkuser otherrods rodsadmin
Expecting EMPTY: ['']
  stdout:
    | 
  stderr:
    | 
Output found

 --- IrodsSession: icommand executed by [rods#tempZone] [iadmin moduser otherrods password rods] --- 
Assert Command: iadmin moduser otherrods password rods
Expecting EMPTY: ['']
  stdout:
    | 
  stderr:
    | 
Output found

 --- IrodsSession: icommand executed by [otherrods#tempZone] [iinit] --- 
Assert Command: iinit
Expecting STDOUT_SINGLELINE: ['']
  stdout:
    | WARNING: Error 25 disabling echo mode. Password will be displayed in plaintext.
    | Enter your current iRODS password:
  stderr:
    | 
Output found

 --- IrodsSession: icommand executed by [otherrods#tempZone] [imkdir /tempZone/home/otherrods/2024-08-05Z21:43:53--irods-testing-mnnl6bbp] --- 
Assert Command: imkdir /tempZone/home/otherrods/2024-08-05Z21:43:53--irods-testing-mnnl6bbp
Expecting EMPTY: ['']
  stdout:
    | 
  stderr:
    | 
Output found

 --- IrodsSession: icommand executed by [otherrods#tempZone] [icd /tempZone/home/otherrods/2024-08-05Z21:43:53--irods-testing-mnnl6bbp] --- 
Assert Command: icd /tempZone/home/otherrods/2024-08-05Z21:43:53--irods-testing-mnnl6bbp
Expecting EMPTY: ['']
  stdout:
    | 
  stderr:
    | 
Output found

 --- IrodsSession: icommand executed by [rods#tempZone] [iinit] --- 
Assert Command: iinit
Expecting STDOUT_SINGLELINE: ['']
  stdout:
    | WARNING: Error 25 disabling echo mode. Password will be displayed in plaintext.
    | Enter your current iRODS password:
  stderr:
    | 
Output found

 --- IrodsSession: icommand executed by [rods#tempZone] [iadmin mkuser alice rodsuser] --- 
Assert Command: iadmin mkuser alice rodsuser
Expecting EMPTY: ['']
  stdout:
    | 
  stderr:
    | 
Output found

 --- IrodsSession: icommand executed by [rods#tempZone] [iadmin moduser alice password apass] --- 
Assert Command: iadmin moduser alice password apass
Expecting EMPTY: ['']
  stdout:
    | 
  stderr:
    | 
Output found

 --- IrodsSession: icommand executed by [alice#tempZone] [iinit] --- 
Assert Command: iinit
Expecting STDOUT_SINGLELINE: ['']
  stdout:
    | WARNING: Error 25 disabling echo mode. Password will be displayed in plaintext.
    | Enter your current iRODS password:
  stderr:
    | 
Output found

 --- IrodsSession: icommand executed by [alice#tempZone] [imkdir /tempZone/home/alice/2024-08-05Z21:43:55--irods-testing-t_adiyau] --- 
Assert Command: imkdir /tempZone/home/alice/2024-08-05Z21:43:55--irods-testing-t_adiyau
Expecting EMPTY: ['']
  stdout:
    | 
  stderr:
    | 
Output found

 --- IrodsSession: icommand executed by [alice#tempZone] [icd /tempZone/home/alice/2024-08-05Z21:43:55--irods-testing-t_adiyau] --- 
Assert Command: icd /tempZone/home/alice/2024-08-05Z21:43:55--irods-testing-t_adiyau
Expecting EMPTY: ['']
  stdout:
    | 
  stderr:
    | 
Output found

 --- IrodsSession: icommand executed by [rods#tempZone] [iinit] --- 
Assert Command: iinit
Expecting STDOUT_SINGLELINE: ['']
  stdout:
    | WARNING: Error 25 disabling echo mode. Password will be displayed in plaintext.
    | Enter your current iRODS password:
  stderr:
    | 
Output found

 --- IrodsSession: icommand executed by [rods#tempZone] [iadmin mkuser bobby rodsuser] --- 
Assert Command: iadmin mkuser bobby rodsuser
Expecting EMPTY: ['']
  stdout:
    | 
  stderr:
    | 
Output found

 --- IrodsSession: icommand executed by [rods#tempZone] [iadmin moduser bobby password bpass] --- 
Assert Command: iadmin moduser bobby password bpass
Expecting EMPTY: ['']
  stdout:
    | 
  stderr:
    | 
Output found

 --- IrodsSession: icommand executed by [bobby#tempZone] [iinit] --- 
Assert Command: iinit
Expecting STDOUT_SINGLELINE: ['']
  stdout:
    | WARNING: Error 25 disabling echo mode. Password will be displayed in plaintext.
    | Enter your current iRODS password:
  stderr:
    | 
Output found

 --- IrodsSession: icommand executed by [bobby#tempZone] [imkdir /tempZone/home/bobby/2024-08-05Z21:43:56--irods-testing-w7stdgwf] --- 
Assert Command: imkdir /tempZone/home/bobby/2024-08-05Z21:43:56--irods-testing-w7stdgwf
Expecting EMPTY: ['']
  stdout:
    | 
  stderr:
    | 
Output found

 --- IrodsSession: icommand executed by [bobby#tempZone] [icd /tempZone/home/bobby/2024-08-05Z21:43:56--irods-testing-w7stdgwf] --- 
Assert Command: icd /tempZone/home/bobby/2024-08-05Z21:43:56--irods-testing-w7stdgwf
Expecting EMPTY: ['']
  stdout:
    | 
  stderr:
    | 
Output found

run_resource_setup - BEGIN
 --- IrodsSession: icommand executed by [otherrods#tempZone] [iadmin mkresc TestResc unixfilesystem d7680432ccfd:/tmp/irods/TestResc] --- 
Assert Command: iadmin mkresc TestResc unixfilesystem d7680432ccfd:/tmp/irods/TestResc
Expecting STDOUT_SINGLELINE: ['unixfilesystem']
  stdout:
    | Creating resource:
    | Name:		"TestResc"
    | Type:		"unixfilesystem"
    | Host:		"d7680432ccfd"
    | Path:		"/tmp/irods/TestResc"
    | Context:	""
  stderr:
    | 
Output found

 --- IrodsSession: icommand executed by [otherrods#tempZone] [iadmin mkresc AnotherResc unixfilesystem d7680432ccfd:/tmp/irods/AnotherResc] --- 
Assert Command: iadmin mkresc AnotherResc unixfilesystem d7680432ccfd:/tmp/irods/AnotherResc
Expecting STDOUT_SINGLELINE: ['unixfilesystem']
  stdout:
    | Creating resource:
    | Name:		"AnotherResc"
    | Type:		"unixfilesystem"
    | Host:		"d7680432ccfd"
    | Path:		"/tmp/irods/AnotherResc"
    | Context:	""
  stderr:
    | 
Output found

 --- IrodsSession: icommand executed by [otherrods#tempZone] [imkdir testdir] --- 
Assert Command: imkdir testdir
Expecting EMPTY: ['']
  stdout:
    | 
  stderr:
    | 
Output found

 --- IrodsSession: icommand executed by [otherrods#tempZone] [iput testfile.txt] --- 
Assert Command: iput testfile.txt
Expecting EMPTY: ['']
  stdout:
    | 
  stderr:
    | 
Output found

 --- IrodsSession: icommand executed by [otherrods#tempZone] [icp testfile.txt ../../public/] --- 
Assert Command: icp testfile.txt ../../public/
Expecting EMPTY: ['']
  stdout:
    | 
  stderr:
    | 
Output found

 --- IrodsSession: icommand executed by [otherrods#tempZone] [ichmod read alice ../../public/testfile.txt] --- 
Assert Command: ichmod read alice ../../public/testfile.txt
Expecting EMPTY: ['']
  stdout:
    | 
  stderr:
    | 
Output found

 --- IrodsSession: icommand executed by [otherrods#tempZone] [ichmod write bobby ../../public/testfile.txt] --- 
Assert Command: ichmod write bobby ../../public/testfile.txt
Expecting EMPTY: ['']
  stdout:
    | 
  stderr:
    | 
Output found

run_resource_setup - END
 --- IrodsSession: icommand executed by [otherrods#tempZone] [imv testfile.txt moved_file.txt] --- 
Assert Command: imv testfile.txt moved_file.txt
Expecting EMPTY: ['']
  stdout:
    | 
  stderr:
    | 
Output found

 --- IrodsSession: icommand executed by [otherrods#tempZone] [ils -L moved_file.txt] --- 
Assert Command: ils -L moved_file.txt
Expecting STDOUT_SINGLELINE: ['moved_file.txt']
  stdout:
    |   otherrods         0 demoResc           33 2024-08-05.21:43 & moved_file.txt
    |         generic    /var/lib/irods/demoRescVault/home/otherrods/2024-08-05Z21:43:53--irods-testing-mnnl6bbp/moved_file.txt
  stderr:
    | 
Output found

run_resource_teardown - BEGIN
 --- IrodsSession: icommand executed by [otherrods#tempZone] [icd] --- 
 --- IrodsSession: icommand executed by [otherrods#tempZone] [irm testfile.txt ../public/testfile.txt] --- 
 --- IrodsSession: icommand executed by [otherrods#tempZone] [irm -rf ../../bundle] --- 
 --- IrodsSession: icommand executed by [rods#tempZone] [iinit] --- 
Assert Command: iinit
Expecting STDOUT_SINGLELINE: ['']
  stdout:
    | WARNING: Error 25 disabling echo mode. Password will be displayed in plaintext.
    | Enter your current iRODS password:
  stderr:
    | 
Output found

 --- IrodsSession: icommand executed by [otherrods#tempZone] [icd] --- 
Assert Command: icd
Expecting EMPTY: ['']
  stdout:
    | 
  stderr:
    | 
Output found

 --- IrodsSession: icommand executed by [otherrods#tempZone] [irm -rf /tempZone/home/otherrods/2024-08-05Z21:43:53--irods-testing-mnnl6bbp] --- 
Assert Command: irm -rf /tempZone/home/otherrods/2024-08-05Z21:43:53--irods-testing-mnnl6bbp
Expecting EMPTY: ['']
  stdout:
    | 
  stderr:
    | 
Output found

 --- IrodsSession: icommand executed by [otherrods#tempZone] [irmtrash] --- 
Assert Command: irmtrash
Expecting EMPTY: ['']
  stdout:
    | 
  stderr:
    | 
Output found

 --- IrodsSession: icommand executed by [rods#tempZone] [iadmin rmuser otherrods] --- 
Assert Command: iadmin rmuser otherrods
Expecting EMPTY: ['']
  stdout:
    | 
  stderr:
    | 
Output found

 --- IrodsSession: icommand executed by [alice#tempZone] [icd] --- 
Assert Command: icd
Expecting EMPTY: ['']
  stdout:
    | 
  stderr:
    | 
Output found

 --- IrodsSession: icommand executed by [alice#tempZone] [irm -rf /tempZone/home/alice/2024-08-05Z21:43:55--irods-testing-t_adiyau] --- 
Assert Command: irm -rf /tempZone/home/alice/2024-08-05Z21:43:55--irods-testing-t_adiyau
Expecting EMPTY: ['']
  stdout:
    | 
  stderr:
    | 
Output found

 --- IrodsSession: icommand executed by [alice#tempZone] [irmtrash] --- 
Assert Command: irmtrash
Expecting EMPTY: ['']
  stdout:
    | 
  stderr:
    | 
Output found

 --- IrodsSession: icommand executed by [rods#tempZone] [iadmin rmuser alice] --- 
Assert Command: iadmin rmuser alice
Expecting EMPTY: ['']
  stdout:
    | 
  stderr:
    | 
Output found

 --- IrodsSession: icommand executed by [bobby#tempZone] [icd] --- 
Assert Command: icd
Expecting EMPTY: ['']
  stdout:
    | 
  stderr:
    | 
Output found

 --- IrodsSession: icommand executed by [bobby#tempZone] [irm -rf /tempZone/home/bobby/2024-08-05Z21:43:56--irods-testing-w7stdgwf] --- 
Assert Command: irm -rf /tempZone/home/bobby/2024-08-05Z21:43:56--irods-testing-w7stdgwf
Expecting EMPTY: ['']
  stdout:
    | 
  stderr:
    | 
Output found

 --- IrodsSession: icommand executed by [bobby#tempZone] [irmtrash] --- 
Assert Command: irmtrash
Expecting EMPTY: ['']
  stdout:
    | 
  stderr:
    | 
Output found

 --- IrodsSession: icommand executed by [rods#tempZone] [iadmin rmuser bobby] --- 
Assert Command: iadmin rmuser bobby
Expecting EMPTY: ['']
  stdout:
    | 
  stderr:
    | 
Output found

 --- IrodsSession: icommand executed by [rods#tempZone] [iinit] --- 
Assert Command: iinit
Expecting STDOUT_SINGLELINE: ['']
  stdout:
    | WARNING: Error 25 disabling echo mode. Password will be displayed in plaintext.
    | Enter your current iRODS password:
  stderr:
    | 
Output found

 --- IrodsSession: icommand executed by [rods#tempZone] [irmtrash -M] --- 
 --- IrodsSession: icommand executed by [rods#tempZone] [iadmin rmresc TestResc] --- 
 --- IrodsSession: icommand executed by [rods#tempZone] [iadmin rmresc AnotherResc] --- 
run_resource_teardown - END
 --- IrodsSession: icommand executed by [rods#tempZone] [iinit] --- 
Assert Command: iinit
Expecting STDOUT_SINGLELINE: ['']
  stdout:
    | WARNING: Error 25 disabling echo mode. Password will be displayed in plaintext.
    | Enter your current iRODS password:
  stderr:
    | 
Output found

 --- IrodsSession: icommand executed by [rods#tempZone] [iadmin rmresc demoResc] --- 
Assert Command: iadmin rmresc demoResc
Expecting EMPTY: ['']
  stdout:
    | 
  stderr:
    | 
Output found

 --- IrodsSession: icommand executed by [rods#tempZone] [iadmin modresc origResc name demoResc] --- 
Assert Command: iadmin modresc origResc name demoResc
Expecting STDOUT_SINGLELINE: ['rename']
  stdout:
    | If you modify a resource name, you and other users will need to
    | change your irods_environment.json files to use it, you may need to update
    | server_config.json and, if rules use the resource name, you'll need to
    | update the core rules (core.re).  This command will update various
    | tables with the new name.
    | Do you really want to modify the resource name? (enter y or yes to do so):OK, performing the resource rename
  stderr:
    | 
Output found

]]></system-out>
	</testcase>
	<testcase classname="irods.test.test_resource_types.Test_Resource_Unixfilesystem" name="test_local_imv_collection_to_collection_with_modify_access_not_own__ticket_2317" time="15.300" timestamp="2024-08-05T21:44:18" file="scripts/irods/test/test_resource_types.py" line="231">
		<system-out><![CDATA[ --- IrodsSession: icommand executed by [rods#tempZone] [iinit] --- 
Assert Command: iinit
Expecting STDOUT_SINGLELINE: ['']
  stdout:
    | WARNING: Error 25 disabling echo mode. Password will be displayed in plaintext.
    | Enter your current iRODS password:
  stderr:
    | 
Output found

 --- IrodsSession: icommand executed by [rods#tempZone] [iadmin modresc demoResc name origResc] --- 
Assert Command: iadmin modresc demoResc name origResc
Expecting STDOUT_SINGLELINE: ['rename']
  stdout:
    | If you modify a resource name, you and other users will need to
    | change your irods_environment.json files to use it, you may need to update
    | server_config.json and, if rules use the resource name, you'll need to
    | update the core rules (core.re).  This command will update various
    | tables with the new name.
    | Do you really want to modify the resource name? (enter y or yes to do so):OK, performing the resource rename
  stderr:
    | 
Output found

 --- IrodsSession: icommand executed by [rods#tempZone] [iadmin mkresc demoResc 'unixfilesystem' d7680432ccfd:/var/lib/irods/demoRescVault] --- 
Assert Command: iadmin mkresc demoResc 'unixfilesystem' d7680432ccfd:/var/lib/irods/demoRescVault
Expecting STDOUT_SINGLELINE: ['unixfilesystem']
  stdout:
    | Creating resource:
    | Name:		"demoResc"
    | Type:		"unixfilesystem"
    | Host:		"d7680432ccfd"
    | Path:		"/var/lib/irods/demoRescVault"
    | Context:	""
  stderr:
    | 
Output found

 --- IrodsSession: icommand executed by [rods#tempZone] [iinit] --- 
Assert Command: iinit
Expecting STDOUT_SINGLELINE: ['']
  stdout:
    | WARNING: Error 25 disabling echo mode. Password will be displayed in plaintext.
    | Enter your current iRODS password:
  stderr:
    | 
Output found

 --- IrodsSession: icommand executed by [rods#tempZone] [iinit] --- 
Assert Command: iinit
Expecting STDOUT_SINGLELINE: ['']
  stdout:
    | WARNING: Error 25 disabling echo mode. Password will be displayed in plaintext.
    | Enter your current iRODS password:
  stderr:
    | 
Output found

 --- IrodsSession: icommand executed by [rods#tempZone] [iadmin mkuser otherrods rodsadmin] --- 
Assert Command: iadmin mkuser otherrods rodsadmin
Expecting EMPTY: ['']
  stdout:
    | 
  stderr:
    | 
Output found

 --- IrodsSession: icommand executed by [rods#tempZone] [iadmin moduser otherrods password rods] --- 
Assert Command: iadmin moduser otherrods password rods
Expecting EMPTY: ['']
  stdout:
    | 
  stderr:
    | 
Output found

 --- IrodsSession: icommand executed by [otherrods#tempZone] [iinit] --- 
Assert Command: iinit
Expecting STDOUT_SINGLELINE: ['']
  stdout:
    | WARNING: Error 25 disabling echo mode. Password will be displayed in plaintext.
    | Enter your current iRODS password:
  stderr:
    | 
Output found

 --- IrodsSession: icommand executed by [otherrods#tempZone] [imkdir /tempZone/home/otherrods/2024-08-05Z21:44:04--irods-testing-0id36r4t] --- 
Assert Command: imkdir /tempZone/home/otherrods/2024-08-05Z21:44:04--irods-testing-0id36r4t
Expecting EMPTY: ['']
  stdout:
    | 
  stderr:
    | 
Output found

 --- IrodsSession: icommand executed by [otherrods#tempZone] [icd /tempZone/home/otherrods/2024-08-05Z21:44:04--irods-testing-0id36r4t] --- 
Assert Command: icd /tempZone/home/otherrods/2024-08-05Z21:44:04--irods-testing-0id36r4t
Expecting EMPTY: ['']
  stdout:
    | 
  stderr:
    | 
Output found

 --- IrodsSession: icommand executed by [rods#tempZone] [iinit] --- 
Assert Command: iinit
Expecting STDOUT_SINGLELINE: ['']
  stdout:
    | WARNING: Error 25 disabling echo mode. Password will be displayed in plaintext.
    | Enter your current iRODS password:
  stderr:
    | 
Output found

 --- IrodsSession: icommand executed by [rods#tempZone] [iadmin mkuser alice rodsuser] --- 
Assert Command: iadmin mkuser alice rodsuser
Expecting EMPTY: ['']
  stdout:
    | 
  stderr:
    | 
Output found

 --- IrodsSession: icommand executed by [rods#tempZone] [iadmin moduser alice password apass] --- 
Assert Command: iadmin moduser alice password apass
Expecting EMPTY: ['']
  stdout:
    | 
  stderr:
    | 
Output found

 --- IrodsSession: icommand executed by [alice#tempZone] [iinit] --- 
Assert Command: iinit
Expecting STDOUT_SINGLELINE: ['']
  stdout:
    | WARNING: Error 25 disabling echo mode. Password will be displayed in plaintext.
    | Enter your current iRODS password:
  stderr:
    | 
Output found

 --- IrodsSession: icommand executed by [alice#tempZone] [imkdir /tempZone/home/alice/2024-08-05Z21:44:05--irods-testing-qb6hqmq8] --- 
Assert Command: imkdir /tempZone/home/alice/2024-08-05Z21:44:05--irods-testing-qb6hqmq8
Expecting EMPTY: ['']
  stdout:
    | 
  stderr:
    | 
Output found

 --- IrodsSession: icommand executed by [alice#tempZone] [icd /tempZone/home/alice/2024-08-05Z21:44:05--irods-testing-qb6hqmq8] --- 
Assert Command: icd /tempZone/home/alice/2024-08-05Z21:44:05--irods-testing-qb6hqmq8
Expecting EMPTY: ['']
  stdout:
    | 
  stderr:
    | 
Output found

 --- IrodsSession: icommand executed by [rods#tempZone] [iinit] --- 
Assert Command: iinit
Expecting STDOUT_SINGLELINE: ['']
  stdout:
    | WARNING: Error 25 disabling echo mode. Password will be displayed in plaintext.
    | Enter your current iRODS password:
  stderr:
    | 
Output found

 --- IrodsSession: icommand executed by [rods#tempZone] [iadmin mkuser bobby rodsuser] --- 
Assert Command: iadmin mkuser bobby rodsuser
Expecting EMPTY: ['']
  stdout:
    | 
  stderr:
    | 
Output found

 --- IrodsSession: icommand executed by [rods#tempZone] [iadmin moduser bobby password bpass] --- 
Assert Command: iadmin moduser bobby password bpass
Expecting EMPTY: ['']
  stdout:
    | 
  stderr:
    | 
Output found

 --- IrodsSession: icommand executed by [bobby#tempZone] [iinit] --- 
Assert Command: iinit
Expecting STDOUT_SINGLELINE: ['']
  stdout:
    | WARNING: Error 25 disabling echo mode. Password will be displayed in plaintext.
    | Enter your current iRODS password:
  stderr:
    | 
Output found

 --- IrodsSession: icommand executed by [bobby#tempZone] [imkdir /tempZone/home/bobby/2024-08-05Z21:44:06--irods-testing-kf9hfl5l] --- 
Assert Command: imkdir /tempZone/home/bobby/2024-08-05Z21:44:06--irods-testing-kf9hfl5l
Expecting EMPTY: ['']
  stdout:
    | 
  stderr:
    | 
Output found

 --- IrodsSession: icommand executed by [bobby#tempZone] [icd /tempZone/home/bobby/2024-08-05Z21:44:06--irods-testing-kf9hfl5l] --- 
Assert Command: icd /tempZone/home/bobby/2024-08-05Z21:44:06--irods-testing-kf9hfl5l
Expecting EMPTY: ['']
  stdout:
    | 
  stderr:
    | 
Output found

run_resource_setup - BEGIN
 --- IrodsSession: icommand executed by [otherrods#tempZone] [iadmin mkresc TestResc unixfilesystem d7680432ccfd:/tmp/irods/TestResc] --- 
Assert Command: iadmin mkresc TestResc unixfilesystem d7680432ccfd:/tmp/irods/TestResc
Expecting STDOUT_SINGLELINE: ['unixfilesystem']
  stdout:
    | Creating resource:
    | Name:		"TestResc"
    | Type:		"unixfilesystem"
    | Host:		"d7680432ccfd"
    | Path:		"/tmp/irods/TestResc"
    | Context:	""
  stderr:
    | 
Output found

 --- IrodsSession: icommand executed by [otherrods#tempZone] [iadmin mkresc AnotherResc unixfilesystem d7680432ccfd:/tmp/irods/AnotherResc] --- 
Assert Command: iadmin mkresc AnotherResc unixfilesystem d7680432ccfd:/tmp/irods/AnotherResc
Expecting STDOUT_SINGLELINE: ['unixfilesystem']
  stdout:
    | Creating resource:
    | Name:		"AnotherResc"
    | Type:		"unixfilesystem"
    | Host:		"d7680432ccfd"
    | Path:		"/tmp/irods/AnotherResc"
    | Context:	""
  stderr:
    | 
Output found

 --- IrodsSession: icommand executed by [otherrods#tempZone] [imkdir testdir] --- 
Assert Command: imkdir testdir
Expecting EMPTY: ['']
  stdout:
    | 
  stderr:
    | 
Output found

 --- IrodsSession: icommand executed by [otherrods#tempZone] [iput testfile.txt] --- 
Assert Command: iput testfile.txt
Expecting EMPTY: ['']
  stdout:
    | 
  stderr:
    | 
Output found

 --- IrodsSession: icommand executed by [otherrods#tempZone] [icp testfile.txt ../../public/] --- 
Assert Command: icp testfile.txt ../../public/
Expecting EMPTY: ['']
  stdout:
    | 
  stderr:
    | 
Output found

 --- IrodsSession: icommand executed by [otherrods#tempZone] [ichmod read alice ../../public/testfile.txt] --- 
Assert Command: ichmod read alice ../../public/testfile.txt
Expecting EMPTY: ['']
  stdout:
    | 
  stderr:
    | 
Output found

 --- IrodsSession: icommand executed by [otherrods#tempZone] [ichmod write bobby ../../public/testfile.txt] --- 
Assert Command: ichmod write bobby ../../public/testfile.txt
Expecting EMPTY: ['']
  stdout:
    | 
  stderr:
    | 
Output found

run_resource_setup - END
 --- IrodsSession: icommand executed by [otherrods#tempZone] [imkdir -p /tempZone/home/public/target] --- 
Assert Command: imkdir -p /tempZone/home/public/target
Expecting EMPTY: ['']
  stdout:
    | 
  stderr:
    | 
Output found

 --- IrodsSession: icommand executed by [otherrods#tempZone] [ichmod -M -r own otherrods /tempZone/home/public/target] --- 
Assert Command: ichmod -M -r own otherrods /tempZone/home/public/target
Expecting EMPTY: ['']
  stdout:
    | 
  stderr:
    | 
Output found

 --- IrodsSession: icommand executed by [otherrods#tempZone] [irm -rf /tempZone/home/public/target] --- 
Assert Command: irm -rf /tempZone/home/public/target
Expecting EMPTY: ['']
  stdout:
    | 
  stderr:
    | 
Output found

 --- IrodsSession: icommand executed by [otherrods#tempZone] [imkdir -p /tempZone/home/public/source] --- 
Assert Command: imkdir -p /tempZone/home/public/source
Expecting EMPTY: ['']
  stdout:
    | 
  stderr:
    | 
Output found

 --- IrodsSession: icommand executed by [otherrods#tempZone] [ichmod -M -r own otherrods /tempZone/home/public/source] --- 
Assert Command: ichmod -M -r own otherrods /tempZone/home/public/source
Expecting EMPTY: ['']
  stdout:
    | 
  stderr:
    | 
Output found

 --- IrodsSession: icommand executed by [otherrods#tempZone] [irm -rf /tempZone/home/public/source] --- 
Assert Command: irm -rf /tempZone/home/public/source
Expecting EMPTY: ['']
  stdout:
    | 
  stderr:
    | 
Output found

 --- IrodsSession: icommand executed by [otherrods#tempZone] [imkdir /tempZone/home/public/target] --- 
Assert Command: imkdir /tempZone/home/public/target
Expecting EMPTY: ['']
  stdout:
    | 
  stderr:
    | 
Output found

 --- IrodsSession: icommand executed by [otherrods#tempZone] [ils -rAL /tempZone/home/public/target] --- 
Assert Command: ils -rAL /tempZone/home/public/target
Expecting STDOUT_SINGLELINE: ['own']
  stdout:
    | /tempZone/home/public/target:
    |         ACL - otherrods#tempZone:own   
    |         Inheritance - Disabled
  stderr:
    | 
Output found

 --- IrodsSession: icommand executed by [otherrods#tempZone] [ichmod -r write alice /tempZone/home/public/target] --- 
Assert Command: ichmod -r write alice /tempZone/home/public/target
Expecting EMPTY: ['']
  stdout:
    | 
  stderr:
    | 
Output found

 --- IrodsSession: icommand executed by [otherrods#tempZone] [ils -rAL /tempZone/home/public/target] --- 
Assert Command: ils -rAL /tempZone/home/public/target
Expecting STDOUT_SINGLELINE: ['modify_object']
  stdout:
    | /tempZone/home/public/target:
    |         ACL - alice#tempZone:modify_object   otherrods#tempZone:own   
    |         Inheritance - Disabled
  stderr:
    | 
Output found

 --- IrodsSession: icommand executed by [otherrods#tempZone] [imkdir /tempZone/home/public/source] --- 
Assert Command: imkdir /tempZone/home/public/source
Expecting EMPTY: ['']
  stdout:
    | 
  stderr:
    | 
Output found

 --- IrodsSession: icommand executed by [otherrods#tempZone] [ichmod -r own alice /tempZone/home/public/source] --- 
Assert Command: ichmod -r own alice /tempZone/home/public/source
Expecting EMPTY: ['']
  stdout:
    | 
  stderr:
    | 
Output found

 --- IrodsSession: icommand executed by [otherrods#tempZone] [ils -AL /tempZone/home/public/source] --- 
Assert Command: ils -AL /tempZone/home/public/source
Expecting STDOUT_SINGLELINE: ['own']
  stdout:
    | /tempZone/home/public/source:
    |         ACL - alice#tempZone:own   otherrods#tempZone:own   
    |         Inheritance - Disabled
  stderr:
    | 
Output found

 --- IrodsSession: icommand executed by [alice#tempZone] [imv /tempZone/home/public/source /tempZone/home/public/target] --- 
Assert Command: imv /tempZone/home/public/source /tempZone/home/public/target
Expecting EMPTY: ['']
  stdout:
    | 
  stderr:
    | 
Output found

 --- IrodsSession: icommand executed by [otherrods#tempZone] [ils -AL /tempZone/home/public/target] --- 
Assert Command: ils -AL /tempZone/home/public/target
Expecting STDOUT_SINGLELINE: ['/tempZone/home/public/target/source']
  stdout:
    | /tempZone/home/public/target:
    |         ACL - alice#tempZone:modify_object   otherrods#tempZone:own   
    |         Inheritance - Disabled
    |   C- /tempZone/home/public/target/source
  stderr:
    | 
Output found

 --- IrodsSession: icommand executed by [otherrods#tempZone] [irm -rf /tempZone/home/public/target] --- 
Assert Command: irm -rf /tempZone/home/public/target
Expecting EMPTY: ['']
  stdout:
    | 
  stderr:
    | 
Output found

 --- IrodsSession: icommand executed by [otherrods#tempZone] [imkdir -p /tempZone/home/public/target] --- 
Assert Command: imkdir -p /tempZone/home/public/target
Expecting EMPTY: ['']
  stdout:
    | 
  stderr:
    | 
Output found

 --- IrodsSession: icommand executed by [otherrods#tempZone] [ichmod -M -r own otherrods /tempZone/home/public/target] --- 
Assert Command: ichmod -M -r own otherrods /tempZone/home/public/target
Expecting EMPTY: ['']
  stdout:
    | 
  stderr:
    | 
Output found

 --- IrodsSession: icommand executed by [otherrods#tempZone] [irm -rf /tempZone/home/public/target] --- 
Assert Command: irm -rf /tempZone/home/public/target
Expecting EMPTY: ['']
  stdout:
    | 
  stderr:
    | 
Output found

 --- IrodsSession: icommand executed by [otherrods#tempZone] [imkdir -p /tempZone/home/public/source] --- 
Assert Command: imkdir -p /tempZone/home/public/source
Expecting EMPTY: ['']
  stdout:
    | 
  stderr:
    | 
Output found

 --- IrodsSession: icommand executed by [otherrods#tempZone] [ichmod -M -r own otherrods /tempZone/home/public/source] --- 
Assert Command: ichmod -M -r own otherrods /tempZone/home/public/source
Expecting EMPTY: ['']
  stdout:
    | 
  stderr:
    | 
Output found

 --- IrodsSession: icommand executed by [otherrods#tempZone] [irm -rf /tempZone/home/public/source] --- 
Assert Command: irm -rf /tempZone/home/public/source
Expecting EMPTY: ['']
  stdout:
    | 
  stderr:
    | 
Output found

run_resource_teardown - BEGIN
 --- IrodsSession: icommand executed by [otherrods#tempZone] [icd] --- 
 --- IrodsSession: icommand executed by [otherrods#tempZone] [irm testfile.txt ../public/testfile.txt] --- 
 --- IrodsSession: icommand executed by [otherrods#tempZone] [irm -rf ../../bundle] --- 
 --- IrodsSession: icommand executed by [rods#tempZone] [iinit] --- 
Assert Command: iinit
Expecting STDOUT_SINGLELINE: ['']
  stdout:
    | WARNING: Error 25 disabling echo mode. Password will be displayed in plaintext.
    | Enter your current iRODS password:
  stderr:
    | 
Output found

 --- IrodsSession: icommand executed by [otherrods#tempZone] [icd] --- 
Assert Command: icd
Expecting EMPTY: ['']
  stdout:
    | 
  stderr:
    | 
Output found

 --- IrodsSession: icommand executed by [otherrods#tempZone] [irm -rf /tempZone/home/otherrods/2024-08-05Z21:44:04--irods-testing-0id36r4t] --- 
Assert Command: irm -rf /tempZone/home/otherrods/2024-08-05Z21:44:04--irods-testing-0id36r4t
Expecting EMPTY: ['']
  stdout:
    | 
  stderr:
    | 
Output found

 --- IrodsSession: icommand executed by [otherrods#tempZone] [irmtrash] --- 
Assert Command: irmtrash
Expecting EMPTY: ['']
  stdout:
    | 
  stderr:
    | 
Output found

 --- IrodsSession: icommand executed by [rods#tempZone] [iadmin rmuser otherrods] --- 
Assert Command: iadmin rmuser otherrods
Expecting EMPTY: ['']
  stdout:
    | 
  stderr:
    | 
Output found

 --- IrodsSession: icommand executed by [alice#tempZone] [icd] --- 
Assert Command: icd
Expecting EMPTY: ['']
  stdout:
    | 
  stderr:
    | 
Output found

 --- IrodsSession: icommand executed by [alice#tempZone] [irm -rf /tempZone/home/alice/2024-08-05Z21:44:05--irods-testing-qb6hqmq8] --- 
Assert Command: irm -rf /tempZone/home/alice/2024-08-05Z21:44:05--irods-testing-qb6hqmq8
Expecting EMPTY: ['']
  stdout:
    | 
  stderr:
    | 
Output found

 --- IrodsSession: icommand executed by [alice#tempZone] [irmtrash] --- 
Assert Command: irmtrash
Expecting EMPTY: ['']
  stdout:
    | 
  stderr:
    | 
Output found

 --- IrodsSession: icommand executed by [rods#tempZone] [iadmin rmuser alice] --- 
Assert Command: iadmin rmuser alice
Expecting EMPTY: ['']
  stdout:
    | 
  stderr:
    | 
Output found

 --- IrodsSession: icommand executed by [bobby#tempZone] [icd] --- 
Assert Command: icd
Expecting EMPTY: ['']
  stdout:
    | 
  stderr:
    | 
Output found

 --- IrodsSession: icommand executed by [bobby#tempZone] [irm -rf /tempZone/home/bobby/2024-08-05Z21:44:06--irods-testing-kf9hfl5l] --- 
Assert Command: irm -rf /tempZone/home/bobby/2024-08-05Z21:44:06--irods-testing-kf9hfl5l
Expecting EMPTY: ['']
  stdout:
    | 
  stderr:
    | 
Output found

 --- IrodsSession: icommand executed by [bobby#tempZone] [irmtrash] --- 
Assert Command: irmtrash
Expecting EMPTY: ['']
  stdout:
    | 
  stderr:
    | 
Output found

 --- IrodsSession: icommand executed by [rods#tempZone] [iadmin rmuser bobby] --- 
Assert Command: iadmin rmuser bobby
Expecting EMPTY: ['']
  stdout:
    | 
  stderr:
    | 
Output found

 --- IrodsSession: icommand executed by [rods#tempZone] [iinit] --- 
Assert Command: iinit
Expecting STDOUT_SINGLELINE: ['']
  stdout:
    | WARNING: Error 25 disabling echo mode. Password will be displayed in plaintext.
    | Enter your current iRODS password:
  stderr:
    | 
Output found

 --- IrodsSession: icommand executed by [rods#tempZone] [irmtrash -M] --- 
 --- IrodsSession: icommand executed by [rods#tempZone] [iadmin rmresc TestResc] --- 
 --- IrodsSession: icommand executed by [rods#tempZone] [iadmin rmresc AnotherResc] --- 
run_resource_teardown - END
 --- IrodsSession: icommand executed by [rods#tempZone] [iinit] --- 
Assert Command: iinit
Expecting STDOUT_SINGLELINE: ['']
  stdout:
    | WARNING: Error 25 disabling echo mode. Password will be displayed in plaintext.
    | Enter your current iRODS password:
  stderr:
    | 
Output found

 --- IrodsSession: icommand executed by [rods#tempZone] [iadmin rmresc demoResc] --- 
Assert Command: iadmin rmresc demoResc
Expecting EMPTY: ['']
  stdout:
    | 
  stderr:
    | 
Output found

 --- IrodsSession: icommand executed by [rods#tempZone] [iadmin modresc origResc name demoResc] --- 
Assert Command: iadmin modresc origResc name demoResc
Expecting STDOUT_SINGLELINE: ['rename']
  stdout:
    | If you modify a resource name, you and other users will need to
    | change your irods_environment.json files to use it, you may need to update
    | server_config.json and, if rules use the resource name, you'll need to
    | update the core rules (core.re).  This command will update various
    | tables with the new name.
    | Do you really want to modify the resource name? (enter y or yes to do so):OK, performing the resource rename
  stderr:
    | 
Output found

]]></system-out>
	</testcase>
	<testcase classname="irods.test.test_resource_types.Test_Resource_Unixfilesystem" name="test_local_imv_collection_to_sibling_collection__ticket_2448" time="12.041" timestamp="2024-08-05T21:44:30" file="scripts/irods/test/test_resource_types.py" line="222">
		<system-out><![CDATA[ --- IrodsSession: icommand executed by [rods#tempZone] [iinit] --- 
Assert Command: iinit
Expecting STDOUT_SINGLELINE: ['']
  stdout:
    | WARNING: Error 25 disabling echo mode. Password will be displayed in plaintext.
    | Enter your current iRODS password:
  stderr:
    | 
Output found

 --- IrodsSession: icommand executed by [rods#tempZone] [iadmin modresc demoResc name origResc] --- 
Assert Command: iadmin modresc demoResc name origResc
Expecting STDOUT_SINGLELINE: ['rename']
  stdout:
    | If you modify a resource name, you and other users will need to
    | change your irods_environment.json files to use it, you may need to update
    | server_config.json and, if rules use the resource name, you'll need to
    | update the core rules (core.re).  This command will update various
    | tables with the new name.
    | Do you really want to modify the resource name? (enter y or yes to do so):OK, performing the resource rename
  stderr:
    | 
Output found

 --- IrodsSession: icommand executed by [rods#tempZone] [iadmin mkresc demoResc 'unixfilesystem' d7680432ccfd:/var/lib/irods/demoRescVault] --- 
Assert Command: iadmin mkresc demoResc 'unixfilesystem' d7680432ccfd:/var/lib/irods/demoRescVault
Expecting STDOUT_SINGLELINE: ['unixfilesystem']
  stdout:
    | Creating resource:
    | Name:		"demoResc"
    | Type:		"unixfilesystem"
    | Host:		"d7680432ccfd"
    | Path:		"/var/lib/irods/demoRescVault"
    | Context:	""
  stderr:
    | 
Output found

 --- IrodsSession: icommand executed by [rods#tempZone] [iinit] --- 
Assert Command: iinit
Expecting STDOUT_SINGLELINE: ['']
  stdout:
    | WARNING: Error 25 disabling echo mode. Password will be displayed in plaintext.
    | Enter your current iRODS password:
  stderr:
    | 
Output found

 --- IrodsSession: icommand executed by [rods#tempZone] [iinit] --- 
Assert Command: iinit
Expecting STDOUT_SINGLELINE: ['']
  stdout:
    | WARNING: Error 25 disabling echo mode. Password will be displayed in plaintext.
    | Enter your current iRODS password:
  stderr:
    | 
Output found

 --- IrodsSession: icommand executed by [rods#tempZone] [iadmin mkuser otherrods rodsadmin] --- 
Assert Command: iadmin mkuser otherrods rodsadmin
Expecting EMPTY: ['']
  stdout:
    | 
  stderr:
    | 
Output found

 --- IrodsSession: icommand executed by [rods#tempZone] [iadmin moduser otherrods password rods] --- 
Assert Command: iadmin moduser otherrods password rods
Expecting EMPTY: ['']
  stdout:
    | 
  stderr:
    | 
Output found

 --- IrodsSession: icommand executed by [otherrods#tempZone] [iinit] --- 
Assert Command: iinit
Expecting STDOUT_SINGLELINE: ['']
  stdout:
    | WARNING: Error 25 disabling echo mode. Password will be displayed in plaintext.
    | Enter your current iRODS password:
  stderr:
    | 
Output found

 --- IrodsSession: icommand executed by [otherrods#tempZone] [imkdir /tempZone/home/otherrods/2024-08-05Z21:44:19--irods-testing-o8s2mnf8] --- 
Assert Command: imkdir /tempZone/home/otherrods/2024-08-05Z21:44:19--irods-testing-o8s2mnf8
Expecting EMPTY: ['']
  stdout:
    | 
  stderr:
    | 
Output found

 --- IrodsSession: icommand executed by [otherrods#tempZone] [icd /tempZone/home/otherrods/2024-08-05Z21:44:19--irods-testing-o8s2mnf8] --- 
Assert Command: icd /tempZone/home/otherrods/2024-08-05Z21:44:19--irods-testing-o8s2mnf8
Expecting EMPTY: ['']
  stdout:
    | 
  stderr:
    | 
Output found

 --- IrodsSession: icommand executed by [rods#tempZone] [iinit] --- 
Assert Command: iinit
Expecting STDOUT_SINGLELINE: ['']
  stdout:
    | WARNING: Error 25 disabling echo mode. Password will be displayed in plaintext.
    | Enter your current iRODS password:
  stderr:
    | 
Output found

 --- IrodsSession: icommand executed by [rods#tempZone] [iadmin mkuser alice rodsuser] --- 
Assert Command: iadmin mkuser alice rodsuser
Expecting EMPTY: ['']
  stdout:
    | 
  stderr:
    | 
Output found

 --- IrodsSession: icommand executed by [rods#tempZone] [iadmin moduser alice password apass] --- 
Assert Command: iadmin moduser alice password apass
Expecting EMPTY: ['']
  stdout:
    | 
  stderr:
    | 
Output found

 --- IrodsSession: icommand executed by [alice#tempZone] [iinit] --- 
Assert Command: iinit
Expecting STDOUT_SINGLELINE: ['']
  stdout:
    | WARNING: Error 25 disabling echo mode. Password will be displayed in plaintext.
    | Enter your current iRODS password:
  stderr:
    | 
Output found

 --- IrodsSession: icommand executed by [alice#tempZone] [imkdir /tempZone/home/alice/2024-08-05Z21:44:20--irods-testing-fg6vvwtb] --- 
Assert Command: imkdir /tempZone/home/alice/2024-08-05Z21:44:20--irods-testing-fg6vvwtb
Expecting EMPTY: ['']
  stdout:
    | 
  stderr:
    | 
Output found

 --- IrodsSession: icommand executed by [alice#tempZone] [icd /tempZone/home/alice/2024-08-05Z21:44:20--irods-testing-fg6vvwtb] --- 
Assert Command: icd /tempZone/home/alice/2024-08-05Z21:44:20--irods-testing-fg6vvwtb
Expecting EMPTY: ['']
  stdout:
    | 
  stderr:
    | 
Output found

 --- IrodsSession: icommand executed by [rods#tempZone] [iinit] --- 
Assert Command: iinit
Expecting STDOUT_SINGLELINE: ['']
  stdout:
    | WARNING: Error 25 disabling echo mode. Password will be displayed in plaintext.
    | Enter your current iRODS password:
  stderr:
    | 
Output found

 --- IrodsSession: icommand executed by [rods#tempZone] [iadmin mkuser bobby rodsuser] --- 
Assert Command: iadmin mkuser bobby rodsuser
Expecting EMPTY: ['']
  stdout:
    | 
  stderr:
    | 
Output found

 --- IrodsSession: icommand executed by [rods#tempZone] [iadmin moduser bobby password bpass] --- 
Assert Command: iadmin moduser bobby password bpass
Expecting EMPTY: ['']
  stdout:
    | 
  stderr:
    | 
Output found

 --- IrodsSession: icommand executed by [bobby#tempZone] [iinit] --- 
Assert Command: iinit
Expecting STDOUT_SINGLELINE: ['']
  stdout:
    | WARNING: Error 25 disabling echo mode. Password will be displayed in plaintext.
    | Enter your current iRODS password:
  stderr:
    | 
Output found

 --- IrodsSession: icommand executed by [bobby#tempZone] [imkdir /tempZone/home/bobby/2024-08-05Z21:44:21--irods-testing-kajcacl0] --- 
Assert Command: imkdir /tempZone/home/bobby/2024-08-05Z21:44:21--irods-testing-kajcacl0
Expecting EMPTY: ['']
  stdout:
    | 
  stderr:
    | 
Output found

 --- IrodsSession: icommand executed by [bobby#tempZone] [icd /tempZone/home/bobby/2024-08-05Z21:44:21--irods-testing-kajcacl0] --- 
Assert Command: icd /tempZone/home/bobby/2024-08-05Z21:44:21--irods-testing-kajcacl0
Expecting EMPTY: ['']
  stdout:
    | 
  stderr:
    | 
Output found

run_resource_setup - BEGIN
 --- IrodsSession: icommand executed by [otherrods#tempZone] [iadmin mkresc TestResc unixfilesystem d7680432ccfd:/tmp/irods/TestResc] --- 
Assert Command: iadmin mkresc TestResc unixfilesystem d7680432ccfd:/tmp/irods/TestResc
Expecting STDOUT_SINGLELINE: ['unixfilesystem']
  stdout:
    | Creating resource:
    | Name:		"TestResc"
    | Type:		"unixfilesystem"
    | Host:		"d7680432ccfd"
    | Path:		"/tmp/irods/TestResc"
    | Context:	""
  stderr:
    | 
Output found

 --- IrodsSession: icommand executed by [otherrods#tempZone] [iadmin mkresc AnotherResc unixfilesystem d7680432ccfd:/tmp/irods/AnotherResc] --- 
Assert Command: iadmin mkresc AnotherResc unixfilesystem d7680432ccfd:/tmp/irods/AnotherResc
Expecting STDOUT_SINGLELINE: ['unixfilesystem']
  stdout:
    | Creating resource:
    | Name:		"AnotherResc"
    | Type:		"unixfilesystem"
    | Host:		"d7680432ccfd"
    | Path:		"/tmp/irods/AnotherResc"
    | Context:	""
  stderr:
    | 
Output found

 --- IrodsSession: icommand executed by [otherrods#tempZone] [imkdir testdir] --- 
Assert Command: imkdir testdir
Expecting EMPTY: ['']
  stdout:
    | 
  stderr:
    | 
Output found

 --- IrodsSession: icommand executed by [otherrods#tempZone] [iput testfile.txt] --- 
Assert Command: iput testfile.txt
Expecting EMPTY: ['']
  stdout:
    | 
  stderr:
    | 
Output found

 --- IrodsSession: icommand executed by [otherrods#tempZone] [icp testfile.txt ../../public/] --- 
Assert Command: icp testfile.txt ../../public/
Expecting EMPTY: ['']
  stdout:
    | 
  stderr:
    | 
Output found

 --- IrodsSession: icommand executed by [otherrods#tempZone] [ichmod read alice ../../public/testfile.txt] --- 
Assert Command: ichmod read alice ../../public/testfile.txt
Expecting EMPTY: ['']
  stdout:
    | 
  stderr:
    | 
Output found

 --- IrodsSession: icommand executed by [otherrods#tempZone] [ichmod write bobby ../../public/testfile.txt] --- 
Assert Command: ichmod write bobby ../../public/testfile.txt
Expecting EMPTY: ['']
  stdout:
    | 
  stderr:
    | 
Output found

run_resource_setup - END
 --- IrodsSession: icommand executed by [otherrods#tempZone] [imkdir first_dir] --- 
Assert Command: imkdir first_dir
Expecting EMPTY: ['']
  stdout:
    | 
  stderr:
    | 
Output found

 --- IrodsSession: icommand executed by [otherrods#tempZone] [icp testfile.txt first_dir] --- 
Assert Command: icp testfile.txt first_dir
Expecting EMPTY: ['']
  stdout:
    | 
  stderr:
    | 
Output found

 --- IrodsSession: icommand executed by [otherrods#tempZone] [imkdir second_dir] --- 
Assert Command: imkdir second_dir
Expecting EMPTY: ['']
  stdout:
    | 
  stderr:
    | 
Output found

 --- IrodsSession: icommand executed by [otherrods#tempZone] [imv -v first_dir second_dir] --- 
Assert Command: imv -v first_dir second_dir
Expecting STDOUT_SINGLELINE: ['first_dir']
  stdout:
    |    first_dir                       0.000 MB | 0.041 sec | 0 thr |  0.000 MB/s
  stderr:
    | 
Output found

 --- IrodsSession: icommand executed by [otherrods#tempZone] [ils -L] --- 
Assert FAIL Command: ils -L
Expecting STDOUT_SINGLELINE: ['first_dir']
  stdout:
    | /tempZone/home/otherrods/2024-08-05Z21:44:19--irods-testing-o8s2mnf8:
    |   otherrods         0 demoResc           33 2024-08-05.21:44 & testfile.txt
    |         generic    /var/lib/irods/demoRescVault/home/otherrods/2024-08-05Z21:44:19--irods-testing-o8s2mnf8/testfile.txt
    |   C- /tempZone/home/otherrods/2024-08-05Z21:44:19--irods-testing-o8s2mnf8/second_dir
    |   C- /tempZone/home/otherrods/2024-08-05Z21:44:19--irods-testing-o8s2mnf8/testdir
  stderr:
    | 
Output not found

 --- IrodsSession: icommand executed by [otherrods#tempZone] [ils -L second_dir] --- 
Assert Command: ils -L second_dir
Expecting STDOUT_SINGLELINE: ['second_dir/first_dir']
  stdout:
    | /tempZone/home/otherrods/2024-08-05Z21:44:19--irods-testing-o8s2mnf8/second_dir:
    |   C- /tempZone/home/otherrods/2024-08-05Z21:44:19--irods-testing-o8s2mnf8/second_dir/first_dir
  stderr:
    | 
Output found

 --- IrodsSession: icommand executed by [otherrods#tempZone] [ils -L second_dir/first_dir] --- 
Assert Command: ils -L second_dir/first_dir
Expecting STDOUT_SINGLELINE: ['testfile.txt']
  stdout:
    | /tempZone/home/otherrods/2024-08-05Z21:44:19--irods-testing-o8s2mnf8/second_dir/first_dir:
    |   otherrods         0 demoResc           33 2024-08-05.21:44 & testfile.txt
    |         generic    /var/lib/irods/demoRescVault/home/otherrods/2024-08-05Z21:44:19--irods-testing-o8s2mnf8/second_dir/first_dir/testfile.txt
  stderr:
    | 
Output found

run_resource_teardown - BEGIN
 --- IrodsSession: icommand executed by [otherrods#tempZone] [icd] --- 
 --- IrodsSession: icommand executed by [otherrods#tempZone] [irm testfile.txt ../public/testfile.txt] --- 
 --- IrodsSession: icommand executed by [otherrods#tempZone] [irm -rf ../../bundle] --- 
 --- IrodsSession: icommand executed by [rods#tempZone] [iinit] --- 
Assert Command: iinit
Expecting STDOUT_SINGLELINE: ['']
  stdout:
    | WARNING: Error 25 disabling echo mode. Password will be displayed in plaintext.
    | Enter your current iRODS password:
  stderr:
    | 
Output found

 --- IrodsSession: icommand executed by [otherrods#tempZone] [icd] --- 
Assert Command: icd
Expecting EMPTY: ['']
  stdout:
    | 
  stderr:
    | 
Output found

 --- IrodsSession: icommand executed by [otherrods#tempZone] [irm -rf /tempZone/home/otherrods/2024-08-05Z21:44:19--irods-testing-o8s2mnf8] --- 
Assert Command: irm -rf /tempZone/home/otherrods/2024-08-05Z21:44:19--irods-testing-o8s2mnf8
Expecting EMPTY: ['']
  stdout:
    | 
  stderr:
    | 
Output found

 --- IrodsSession: icommand executed by [otherrods#tempZone] [irmtrash] --- 
Assert Command: irmtrash
Expecting EMPTY: ['']
  stdout:
    | 
  stderr:
    | 
Output found

 --- IrodsSession: icommand executed by [rods#tempZone] [iadmin rmuser otherrods] --- 
Assert Command: iadmin rmuser otherrods
Expecting EMPTY: ['']
  stdout:
    | 
  stderr:
    | 
Output found

 --- IrodsSession: icommand executed by [alice#tempZone] [icd] --- 
Assert Command: icd
Expecting EMPTY: ['']
  stdout:
    | 
  stderr:
    | 
Output found

 --- IrodsSession: icommand executed by [alice#tempZone] [irm -rf /tempZone/home/alice/2024-08-05Z21:44:20--irods-testing-fg6vvwtb] --- 
Assert Command: irm -rf /tempZone/home/alice/2024-08-05Z21:44:20--irods-testing-fg6vvwtb
Expecting EMPTY: ['']
  stdout:
    | 
  stderr:
    | 
Output found

 --- IrodsSession: icommand executed by [alice#tempZone] [irmtrash] --- 
Assert Command: irmtrash
Expecting EMPTY: ['']
  stdout:
    | 
  stderr:
    | 
Output found

 --- IrodsSession: icommand executed by [rods#tempZone] [iadmin rmuser alice] --- 
Assert Command: iadmin rmuser alice
Expecting EMPTY: ['']
  stdout:
    | 
  stderr:
    | 
Output found

 --- IrodsSession: icommand executed by [bobby#tempZone] [icd] --- 
Assert Command: icd
Expecting EMPTY: ['']
  stdout:
    | 
  stderr:
    | 
Output found

 --- IrodsSession: icommand executed by [bobby#tempZone] [irm -rf /tempZone/home/bobby/2024-08-05Z21:44:21--irods-testing-kajcacl0] --- 
Assert Command: irm -rf /tempZone/home/bobby/2024-08-05Z21:44:21--irods-testing-kajcacl0
Expecting EMPTY: ['']
  stdout:
    | 
  stderr:
    | 
Output found

 --- IrodsSession: icommand executed by [bobby#tempZone] [irmtrash] --- 
Assert Command: irmtrash
Expecting EMPTY: ['']
  stdout:
    | 
  stderr:
    | 
Output found

 --- IrodsSession: icommand executed by [rods#tempZone] [iadmin rmuser bobby] --- 
Assert Command: iadmin rmuser bobby
Expecting EMPTY: ['']
  stdout:
    | 
  stderr:
    | 
Output found

 --- IrodsSession: icommand executed by [rods#tempZone] [iinit] --- 
Assert Command: iinit
Expecting STDOUT_SINGLELINE: ['']
  stdout:
    | WARNING: Error 25 disabling echo mode. Password will be displayed in plaintext.
    | Enter your current iRODS password:
  stderr:
    | 
Output found

 --- IrodsSession: icommand executed by [rods#tempZone] [irmtrash -M] --- 
 --- IrodsSession: icommand executed by [rods#tempZone] [iadmin rmresc TestResc] --- 
 --- IrodsSession: icommand executed by [rods#tempZone] [iadmin rmresc AnotherResc] --- 
run_resource_teardown - END
 --- IrodsSession: icommand executed by [rods#tempZone] [iinit] --- 
Assert Command: iinit
Expecting STDOUT_SINGLELINE: ['']
  stdout:
    | WARNING: Error 25 disabling echo mode. Password will be displayed in plaintext.
    | Enter your current iRODS password:
  stderr:
    | 
Output found

 --- IrodsSession: icommand executed by [rods#tempZone] [iadmin rmresc demoResc] --- 
Assert Command: iadmin rmresc demoResc
Expecting EMPTY: ['']
  stdout:
    | 
  stderr:
    | 
Output found

 --- IrodsSession: icommand executed by [rods#tempZone] [iadmin modresc origResc name demoResc] --- 
Assert Command: iadmin modresc origResc name demoResc
Expecting STDOUT_SINGLELINE: ['rename']
  stdout:
    | If you modify a resource name, you and other users will need to
    | change your irods_environment.json files to use it, you may need to update
    | server_config.json and, if rules use the resource name, you'll need to
    | update the core rules (core.re).  This command will update various
    | tables with the new name.
    | Do you really want to modify the resource name? (enter y or yes to do so):OK, performing the resource rename
  stderr:
    | 
Output found

]]></system-out>
	</testcase>
	<testcase classname="irods.test.test_resource_types.Test_Resource_Unixfilesystem" name="test_local_imv_to_directory" time="10.743" timestamp="2024-08-05T21:44:41" file="scripts/irods/test/test_resource_types.py" line="206">
		<system-out><![CDATA[ --- IrodsSession: icommand executed by [rods#tempZone] [iinit] --- 
Assert Command: iinit
Expecting STDOUT_SINGLELINE: ['']
  stdout:
    | WARNING: Error 25 disabling echo mode. Password will be displayed in plaintext.
    | Enter your current iRODS password:
  stderr:
    | 
Output found

 --- IrodsSession: icommand executed by [rods#tempZone] [iadmin modresc demoResc name origResc] --- 
Assert Command: iadmin modresc demoResc name origResc
Expecting STDOUT_SINGLELINE: ['rename']
  stdout:
    | If you modify a resource name, you and other users will need to
    | change your irods_environment.json files to use it, you may need to update
    | server_config.json and, if rules use the resource name, you'll need to
    | update the core rules (core.re).  This command will update various
    | tables with the new name.
    | Do you really want to modify the resource name? (enter y or yes to do so):OK, performing the resource rename
  stderr:
    | 
Output found

 --- IrodsSession: icommand executed by [rods#tempZone] [iadmin mkresc demoResc 'unixfilesystem' d7680432ccfd:/var/lib/irods/demoRescVault] --- 
Assert Command: iadmin mkresc demoResc 'unixfilesystem' d7680432ccfd:/var/lib/irods/demoRescVault
Expecting STDOUT_SINGLELINE: ['unixfilesystem']
  stdout:
    | Creating resource:
    | Name:		"demoResc"
    | Type:		"unixfilesystem"
    | Host:		"d7680432ccfd"
    | Path:		"/var/lib/irods/demoRescVault"
    | Context:	""
  stderr:
    | 
Output found

 --- IrodsSession: icommand executed by [rods#tempZone] [iinit] --- 
Assert Command: iinit
Expecting STDOUT_SINGLELINE: ['']
  stdout:
    | WARNING: Error 25 disabling echo mode. Password will be displayed in plaintext.
    | Enter your current iRODS password:
  stderr:
    | 
Output found

 --- IrodsSession: icommand executed by [rods#tempZone] [iinit] --- 
Assert Command: iinit
Expecting STDOUT_SINGLELINE: ['']
  stdout:
    | WARNING: Error 25 disabling echo mode. Password will be displayed in plaintext.
    | Enter your current iRODS password:
  stderr:
    | 
Output found

 --- IrodsSession: icommand executed by [rods#tempZone] [iadmin mkuser otherrods rodsadmin] --- 
Assert Command: iadmin mkuser otherrods rodsadmin
Expecting EMPTY: ['']
  stdout:
    | 
  stderr:
    | 
Output found

 --- IrodsSession: icommand executed by [rods#tempZone] [iadmin moduser otherrods password rods] --- 
Assert Command: iadmin moduser otherrods password rods
Expecting EMPTY: ['']
  stdout:
    | 
  stderr:
    | 
Output found

 --- IrodsSession: icommand executed by [otherrods#tempZone] [iinit] --- 
Assert Command: iinit
Expecting STDOUT_SINGLELINE: ['']
  stdout:
    | WARNING: Error 25 disabling echo mode. Password will be displayed in plaintext.
    | Enter your current iRODS password:
  stderr:
    | 
Output found

 --- IrodsSession: icommand executed by [otherrods#tempZone] [imkdir /tempZone/home/otherrods/2024-08-05Z21:44:31--irods-testing-9sszpiff] --- 
Assert Command: imkdir /tempZone/home/otherrods/2024-08-05Z21:44:31--irods-testing-9sszpiff
Expecting EMPTY: ['']
  stdout:
    | 
  stderr:
    | 
Output found

 --- IrodsSession: icommand executed by [otherrods#tempZone] [icd /tempZone/home/otherrods/2024-08-05Z21:44:31--irods-testing-9sszpiff] --- 
Assert Command: icd /tempZone/home/otherrods/2024-08-05Z21:44:31--irods-testing-9sszpiff
Expecting EMPTY: ['']
  stdout:
    | 
  stderr:
    | 
Output found

 --- IrodsSession: icommand executed by [rods#tempZone] [iinit] --- 
Assert Command: iinit
Expecting STDOUT_SINGLELINE: ['']
  stdout:
    | WARNING: Error 25 disabling echo mode. Password will be displayed in plaintext.
    | Enter your current iRODS password:
  stderr:
    | 
Output found

 --- IrodsSession: icommand executed by [rods#tempZone] [iadmin mkuser alice rodsuser] --- 
Assert Command: iadmin mkuser alice rodsuser
Expecting EMPTY: ['']
  stdout:
    | 
  stderr:
    | 
Output found

 --- IrodsSession: icommand executed by [rods#tempZone] [iadmin moduser alice password apass] --- 
Assert Command: iadmin moduser alice password apass
Expecting EMPTY: ['']
  stdout:
    | 
  stderr:
    | 
Output found

 --- IrodsSession: icommand executed by [alice#tempZone] [iinit] --- 
Assert Command: iinit
Expecting STDOUT_SINGLELINE: ['']
  stdout:
    | WARNING: Error 25 disabling echo mode. Password will be displayed in plaintext.
    | Enter your current iRODS password:
  stderr:
    | 
Output found

 --- IrodsSession: icommand executed by [alice#tempZone] [imkdir /tempZone/home/alice/2024-08-05Z21:44:32--irods-testing-1iijiqtg] --- 
Assert Command: imkdir /tempZone/home/alice/2024-08-05Z21:44:32--irods-testing-1iijiqtg
Expecting EMPTY: ['']
  stdout:
    | 
  stderr:
    | 
Output found

 --- IrodsSession: icommand executed by [alice#tempZone] [icd /tempZone/home/alice/2024-08-05Z21:44:32--irods-testing-1iijiqtg] --- 
Assert Command: icd /tempZone/home/alice/2024-08-05Z21:44:32--irods-testing-1iijiqtg
Expecting EMPTY: ['']
  stdout:
    | 
  stderr:
    | 
Output found

 --- IrodsSession: icommand executed by [rods#tempZone] [iinit] --- 
Assert Command: iinit
Expecting STDOUT_SINGLELINE: ['']
  stdout:
    | WARNING: Error 25 disabling echo mode. Password will be displayed in plaintext.
    | Enter your current iRODS password:
  stderr:
    | 
Output found

 --- IrodsSession: icommand executed by [rods#tempZone] [iadmin mkuser bobby rodsuser] --- 
Assert Command: iadmin mkuser bobby rodsuser
Expecting EMPTY: ['']
  stdout:
    | 
  stderr:
    | 
Output found

 --- IrodsSession: icommand executed by [rods#tempZone] [iadmin moduser bobby password bpass] --- 
Assert Command: iadmin moduser bobby password bpass
Expecting EMPTY: ['']
  stdout:
    | 
  stderr:
    | 
Output found

 --- IrodsSession: icommand executed by [bobby#tempZone] [iinit] --- 
Assert Command: iinit
Expecting STDOUT_SINGLELINE: ['']
  stdout:
    | WARNING: Error 25 disabling echo mode. Password will be displayed in plaintext.
    | Enter your current iRODS password:
  stderr:
    | 
Output found

 --- IrodsSession: icommand executed by [bobby#tempZone] [imkdir /tempZone/home/bobby/2024-08-05Z21:44:33--irods-testing-7dudbpog] --- 
Assert Command: imkdir /tempZone/home/bobby/2024-08-05Z21:44:33--irods-testing-7dudbpog
Expecting EMPTY: ['']
  stdout:
    | 
  stderr:
    | 
Output found

 --- IrodsSession: icommand executed by [bobby#tempZone] [icd /tempZone/home/bobby/2024-08-05Z21:44:33--irods-testing-7dudbpog] --- 
Assert Command: icd /tempZone/home/bobby/2024-08-05Z21:44:33--irods-testing-7dudbpog
Expecting EMPTY: ['']
  stdout:
    | 
  stderr:
    | 
Output found

run_resource_setup - BEGIN
 --- IrodsSession: icommand executed by [otherrods#tempZone] [iadmin mkresc TestResc unixfilesystem d7680432ccfd:/tmp/irods/TestResc] --- 
Assert Command: iadmin mkresc TestResc unixfilesystem d7680432ccfd:/tmp/irods/TestResc
Expecting STDOUT_SINGLELINE: ['unixfilesystem']
  stdout:
    | Creating resource:
    | Name:		"TestResc"
    | Type:		"unixfilesystem"
    | Host:		"d7680432ccfd"
    | Path:		"/tmp/irods/TestResc"
    | Context:	""
  stderr:
    | 
Output found

 --- IrodsSession: icommand executed by [otherrods#tempZone] [iadmin mkresc AnotherResc unixfilesystem d7680432ccfd:/tmp/irods/AnotherResc] --- 
Assert Command: iadmin mkresc AnotherResc unixfilesystem d7680432ccfd:/tmp/irods/AnotherResc
Expecting STDOUT_SINGLELINE: ['unixfilesystem']
  stdout:
    | Creating resource:
    | Name:		"AnotherResc"
    | Type:		"unixfilesystem"
    | Host:		"d7680432ccfd"
    | Path:		"/tmp/irods/AnotherResc"
    | Context:	""
  stderr:
    | 
Output found

 --- IrodsSession: icommand executed by [otherrods#tempZone] [imkdir testdir] --- 
Assert Command: imkdir testdir
Expecting EMPTY: ['']
  stdout:
    | 
  stderr:
    | 
Output found

 --- IrodsSession: icommand executed by [otherrods#tempZone] [iput testfile.txt] --- 
Assert Command: iput testfile.txt
Expecting EMPTY: ['']
  stdout:
    | 
  stderr:
    | 
Output found

 --- IrodsSession: icommand executed by [otherrods#tempZone] [icp testfile.txt ../../public/] --- 
Assert Command: icp testfile.txt ../../public/
Expecting EMPTY: ['']
  stdout:
    | 
  stderr:
    | 
Output found

 --- IrodsSession: icommand executed by [otherrods#tempZone] [ichmod read alice ../../public/testfile.txt] --- 
Assert Command: ichmod read alice ../../public/testfile.txt
Expecting EMPTY: ['']
  stdout:
    | 
  stderr:
    | 
Output found

 --- IrodsSession: icommand executed by [otherrods#tempZone] [ichmod write bobby ../../public/testfile.txt] --- 
Assert Command: ichmod write bobby ../../public/testfile.txt
Expecting EMPTY: ['']
  stdout:
    | 
  stderr:
    | 
Output found

run_resource_setup - END
 --- IrodsSession: icommand executed by [otherrods#tempZone] [imv testfile.txt testdir] --- 
Assert Command: imv testfile.txt testdir
Expecting EMPTY: ['']
  stdout:
    | 
  stderr:
    | 
Output found

 --- IrodsSession: icommand executed by [otherrods#tempZone] [ils -L testdir] --- 
Assert Command: ils -L testdir
Expecting STDOUT_SINGLELINE: ['testfile.txt']
  stdout:
    | /tempZone/home/otherrods/2024-08-05Z21:44:31--irods-testing-9sszpiff/testdir:
    |   otherrods         0 demoResc           33 2024-08-05.21:44 & testfile.txt
    |         generic    /var/lib/irods/demoRescVault/home/otherrods/2024-08-05Z21:44:31--irods-testing-9sszpiff/testdir/testfile.txt
  stderr:
    | 
Output found

run_resource_teardown - BEGIN
 --- IrodsSession: icommand executed by [otherrods#tempZone] [icd] --- 
 --- IrodsSession: icommand executed by [otherrods#tempZone] [irm testfile.txt ../public/testfile.txt] --- 
 --- IrodsSession: icommand executed by [otherrods#tempZone] [irm -rf ../../bundle] --- 
 --- IrodsSession: icommand executed by [rods#tempZone] [iinit] --- 
Assert Command: iinit
Expecting STDOUT_SINGLELINE: ['']
  stdout:
    | WARNING: Error 25 disabling echo mode. Password will be displayed in plaintext.
    | Enter your current iRODS password:
  stderr:
    | 
Output found

 --- IrodsSession: icommand executed by [otherrods#tempZone] [icd] --- 
Assert Command: icd
Expecting EMPTY: ['']
  stdout:
    | 
  stderr:
    | 
Output found

 --- IrodsSession: icommand executed by [otherrods#tempZone] [irm -rf /tempZone/home/otherrods/2024-08-05Z21:44:31--irods-testing-9sszpiff] --- 
Assert Command: irm -rf /tempZone/home/otherrods/2024-08-05Z21:44:31--irods-testing-9sszpiff
Expecting EMPTY: ['']
  stdout:
    | 
  stderr:
    | 
Output found

 --- IrodsSession: icommand executed by [otherrods#tempZone] [irmtrash] --- 
Assert Command: irmtrash
Expecting EMPTY: ['']
  stdout:
    | 
  stderr:
    | 
Output found

 --- IrodsSession: icommand executed by [rods#tempZone] [iadmin rmuser otherrods] --- 
Assert Command: iadmin rmuser otherrods
Expecting EMPTY: ['']
  stdout:
    | 
  stderr:
    | 
Output found

 --- IrodsSession: icommand executed by [alice#tempZone] [icd] --- 
Assert Command: icd
Expecting EMPTY: ['']
  stdout:
    | 
  stderr:
    | 
Output found

 --- IrodsSession: icommand executed by [alice#tempZone] [irm -rf /tempZone/home/alice/2024-08-05Z21:44:32--irods-testing-1iijiqtg] --- 
Assert Command: irm -rf /tempZone/home/alice/2024-08-05Z21:44:32--irods-testing-1iijiqtg
Expecting EMPTY: ['']
  stdout:
    | 
  stderr:
    | 
Output found

 --- IrodsSession: icommand executed by [alice#tempZone] [irmtrash] --- 
Assert Command: irmtrash
Expecting EMPTY: ['']
  stdout:
    | 
  stderr:
    | 
Output found

 --- IrodsSession: icommand executed by [rods#tempZone] [iadmin rmuser alice] --- 
Assert Command: iadmin rmuser alice
Expecting EMPTY: ['']
  stdout:
    | 
  stderr:
    | 
Output found

 --- IrodsSession: icommand executed by [bobby#tempZone] [icd] --- 
Assert Command: icd
Expecting EMPTY: ['']
  stdout:
    | 
  stderr:
    | 
Output found

 --- IrodsSession: icommand executed by [bobby#tempZone] [irm -rf /tempZone/home/bobby/2024-08-05Z21:44:33--irods-testing-7dudbpog] --- 
Assert Command: irm -rf /tempZone/home/bobby/2024-08-05Z21:44:33--irods-testing-7dudbpog
Expecting EMPTY: ['']
  stdout:
    | 
  stderr:
    | 
Output found

 --- IrodsSession: icommand executed by [bobby#tempZone] [irmtrash] --- 
Assert Command: irmtrash
Expecting EMPTY: ['']
  stdout:
    | 
  stderr:
    | 
Output found

 --- IrodsSession: icommand executed by [rods#tempZone] [iadmin rmuser bobby] --- 
Assert Command: iadmin rmuser bobby
Expecting EMPTY: ['']
  stdout:
    | 
  stderr:
    | 
Output found

 --- IrodsSession: icommand executed by [rods#tempZone] [iinit] --- 
Assert Command: iinit
Expecting STDOUT_SINGLELINE: ['']
  stdout:
    | WARNING: Error 25 disabling echo mode. Password will be displayed in plaintext.
    | Enter your current iRODS password:
  stderr:
    | 
Output found

 --- IrodsSession: icommand executed by [rods#tempZone] [irmtrash -M] --- 
 --- IrodsSession: icommand executed by [rods#tempZone] [iadmin rmresc TestResc] --- 
 --- IrodsSession: icommand executed by [rods#tempZone] [iadmin rmresc AnotherResc] --- 
run_resource_teardown - END
 --- IrodsSession: icommand executed by [rods#tempZone] [iinit] --- 
Assert Command: iinit
Expecting STDOUT_SINGLELINE: ['']
  stdout:
    | WARNING: Error 25 disabling echo mode. Password will be displayed in plaintext.
    | Enter your current iRODS password:
  stderr:
    | 
Output found

 --- IrodsSession: icommand executed by [rods#tempZone] [iadmin rmresc demoResc] --- 
Assert Command: iadmin rmresc demoResc
Expecting EMPTY: ['']
  stdout:
    | 
  stderr:
    | 
Output found

 --- IrodsSession: icommand executed by [rods#tempZone] [iadmin modresc origResc name demoResc] --- 
Assert Command: iadmin modresc origResc name demoResc
Expecting STDOUT_SINGLELINE: ['rename']
  stdout:
    | If you modify a resource name, you and other users will need to
    | change your irods_environment.json files to use it, you may need to update
    | server_config.json and, if rules use the resource name, you'll need to
    | update the core rules (core.re).  This command will update various
    | tables with the new name.
    | Do you really want to modify the resource name? (enter y or yes to do so):OK, performing the resource rename
  stderr:
    | 
Output found

]]></system-out>
	</testcase>
	<testcase classname="irods.test.test_resource_types.Test_Resource_Unixfilesystem" name="test_local_imv_to_existing_filename" time="10.650" timestamp="2024-08-05T21:44:51" file="scripts/irods/test/test_resource_types.py" line="213">
		<system-out><![CDATA[ --- IrodsSession: icommand executed by [rods#tempZone] [iinit] --- 
Assert Command: iinit
Expecting STDOUT_SINGLELINE: ['']
  stdout:
    | WARNING: Error 25 disabling echo mode. Password will be displayed in plaintext.
    | Enter your current iRODS password:
  stderr:
    | 
Output found

 --- IrodsSession: icommand executed by [rods#tempZone] [iadmin modresc demoResc name origResc] --- 
Assert Command: iadmin modresc demoResc name origResc
Expecting STDOUT_SINGLELINE: ['rename']
  stdout:
    | If you modify a resource name, you and other users will need to
    | change your irods_environment.json files to use it, you may need to update
    | server_config.json and, if rules use the resource name, you'll need to
    | update the core rules (core.re).  This command will update various
    | tables with the new name.
    | Do you really want to modify the resource name? (enter y or yes to do so):OK, performing the resource rename
  stderr:
    | 
Output found

 --- IrodsSession: icommand executed by [rods#tempZone] [iadmin mkresc demoResc 'unixfilesystem' d7680432ccfd:/var/lib/irods/demoRescVault] --- 
Assert Command: iadmin mkresc demoResc 'unixfilesystem' d7680432ccfd:/var/lib/irods/demoRescVault
Expecting STDOUT_SINGLELINE: ['unixfilesystem']
  stdout:
    | Creating resource:
    | Name:		"demoResc"
    | Type:		"unixfilesystem"
    | Host:		"d7680432ccfd"
    | Path:		"/var/lib/irods/demoRescVault"
    | Context:	""
  stderr:
    | 
Output found

 --- IrodsSession: icommand executed by [rods#tempZone] [iinit] --- 
Assert Command: iinit
Expecting STDOUT_SINGLELINE: ['']
  stdout:
    | WARNING: Error 25 disabling echo mode. Password will be displayed in plaintext.
    | Enter your current iRODS password:
  stderr:
    | 
Output found

 --- IrodsSession: icommand executed by [rods#tempZone] [iinit] --- 
Assert Command: iinit
Expecting STDOUT_SINGLELINE: ['']
  stdout:
    | WARNING: Error 25 disabling echo mode. Password will be displayed in plaintext.
    | Enter your current iRODS password:
  stderr:
    | 
Output found

 --- IrodsSession: icommand executed by [rods#tempZone] [iadmin mkuser otherrods rodsadmin] --- 
Assert Command: iadmin mkuser otherrods rodsadmin
Expecting EMPTY: ['']
  stdout:
    | 
  stderr:
    | 
Output found

 --- IrodsSession: icommand executed by [rods#tempZone] [iadmin moduser otherrods password rods] --- 
Assert Command: iadmin moduser otherrods password rods
Expecting EMPTY: ['']
  stdout:
    | 
  stderr:
    | 
Output found

 --- IrodsSession: icommand executed by [otherrods#tempZone] [iinit] --- 
Assert Command: iinit
Expecting STDOUT_SINGLELINE: ['']
  stdout:
    | WARNING: Error 25 disabling echo mode. Password will be displayed in plaintext.
    | Enter your current iRODS password:
  stderr:
    | 
Output found

 --- IrodsSession: icommand executed by [otherrods#tempZone] [imkdir /tempZone/home/otherrods/2024-08-05Z21:44:42--irods-testing-s2fzcnuy] --- 
Assert Command: imkdir /tempZone/home/otherrods/2024-08-05Z21:44:42--irods-testing-s2fzcnuy
Expecting EMPTY: ['']
  stdout:
    | 
  stderr:
    | 
Output found

 --- IrodsSession: icommand executed by [otherrods#tempZone] [icd /tempZone/home/otherrods/2024-08-05Z21:44:42--irods-testing-s2fzcnuy] --- 
Assert Command: icd /tempZone/home/otherrods/2024-08-05Z21:44:42--irods-testing-s2fzcnuy
Expecting EMPTY: ['']
  stdout:
    | 
  stderr:
    | 
Output found

 --- IrodsSession: icommand executed by [rods#tempZone] [iinit] --- 
Assert Command: iinit
Expecting STDOUT_SINGLELINE: ['']
  stdout:
    | WARNING: Error 25 disabling echo mode. Password will be displayed in plaintext.
    | Enter your current iRODS password:
  stderr:
    | 
Output found

 --- IrodsSession: icommand executed by [rods#tempZone] [iadmin mkuser alice rodsuser] --- 
Assert Command: iadmin mkuser alice rodsuser
Expecting EMPTY: ['']
  stdout:
    | 
  stderr:
    | 
Output found

 --- IrodsSession: icommand executed by [rods#tempZone] [iadmin moduser alice password apass] --- 
Assert Command: iadmin moduser alice password apass
Expecting EMPTY: ['']
  stdout:
    | 
  stderr:
    | 
Output found

 --- IrodsSession: icommand executed by [alice#tempZone] [iinit] --- 
Assert Command: iinit
Expecting STDOUT_SINGLELINE: ['']
  stdout:
    | WARNING: Error 25 disabling echo mode. Password will be displayed in plaintext.
    | Enter your current iRODS password:
  stderr:
    | 
Output found

 --- IrodsSession: icommand executed by [alice#tempZone] [imkdir /tempZone/home/alice/2024-08-05Z21:44:43--irods-testing-ieg12_yb] --- 
Assert Command: imkdir /tempZone/home/alice/2024-08-05Z21:44:43--irods-testing-ieg12_yb
Expecting EMPTY: ['']
  stdout:
    | 
  stderr:
    | 
Output found

 --- IrodsSession: icommand executed by [alice#tempZone] [icd /tempZone/home/alice/2024-08-05Z21:44:43--irods-testing-ieg12_yb] --- 
Assert Command: icd /tempZone/home/alice/2024-08-05Z21:44:43--irods-testing-ieg12_yb
Expecting EMPTY: ['']
  stdout:
    | 
  stderr:
    | 
Output found

 --- IrodsSession: icommand executed by [rods#tempZone] [iinit] --- 
Assert Command: iinit
Expecting STDOUT_SINGLELINE: ['']
  stdout:
    | WARNING: Error 25 disabling echo mode. Password will be displayed in plaintext.
    | Enter your current iRODS password:
  stderr:
    | 
Output found

 --- IrodsSession: icommand executed by [rods#tempZone] [iadmin mkuser bobby rodsuser] --- 
Assert Command: iadmin mkuser bobby rodsuser
Expecting EMPTY: ['']
  stdout:
    | 
  stderr:
    | 
Output found

 --- IrodsSession: icommand executed by [rods#tempZone] [iadmin moduser bobby password bpass] --- 
Assert Command: iadmin moduser bobby password bpass
Expecting EMPTY: ['']
  stdout:
    | 
  stderr:
    | 
Output found

 --- IrodsSession: icommand executed by [bobby#tempZone] [iinit] --- 
Assert Command: iinit
Expecting STDOUT_SINGLELINE: ['']
  stdout:
    | WARNING: Error 25 disabling echo mode. Password will be displayed in plaintext.
    | Enter your current iRODS password:
  stderr:
    | 
Output found

 --- IrodsSession: icommand executed by [bobby#tempZone] [imkdir /tempZone/home/bobby/2024-08-05Z21:44:44--irods-testing-mcfy16p1] --- 
Assert Command: imkdir /tempZone/home/bobby/2024-08-05Z21:44:44--irods-testing-mcfy16p1
Expecting EMPTY: ['']
  stdout:
    | 
  stderr:
    | 
Output found

 --- IrodsSession: icommand executed by [bobby#tempZone] [icd /tempZone/home/bobby/2024-08-05Z21:44:44--irods-testing-mcfy16p1] --- 
Assert Command: icd /tempZone/home/bobby/2024-08-05Z21:44:44--irods-testing-mcfy16p1
Expecting EMPTY: ['']
  stdout:
    | 
  stderr:
    | 
Output found

run_resource_setup - BEGIN
 --- IrodsSession: icommand executed by [otherrods#tempZone] [iadmin mkresc TestResc unixfilesystem d7680432ccfd:/tmp/irods/TestResc] --- 
Assert Command: iadmin mkresc TestResc unixfilesystem d7680432ccfd:/tmp/irods/TestResc
Expecting STDOUT_SINGLELINE: ['unixfilesystem']
  stdout:
    | Creating resource:
    | Name:		"TestResc"
    | Type:		"unixfilesystem"
    | Host:		"d7680432ccfd"
    | Path:		"/tmp/irods/TestResc"
    | Context:	""
  stderr:
    | 
Output found

 --- IrodsSession: icommand executed by [otherrods#tempZone] [iadmin mkresc AnotherResc unixfilesystem d7680432ccfd:/tmp/irods/AnotherResc] --- 
Assert Command: iadmin mkresc AnotherResc unixfilesystem d7680432ccfd:/tmp/irods/AnotherResc
Expecting STDOUT_SINGLELINE: ['unixfilesystem']
  stdout:
    | Creating resource:
    | Name:		"AnotherResc"
    | Type:		"unixfilesystem"
    | Host:		"d7680432ccfd"
    | Path:		"/tmp/irods/AnotherResc"
    | Context:	""
  stderr:
    | 
Output found

 --- IrodsSession: icommand executed by [otherrods#tempZone] [imkdir testdir] --- 
Assert Command: imkdir testdir
Expecting EMPTY: ['']
  stdout:
    | 
  stderr:
    | 
Output found

 --- IrodsSession: icommand executed by [otherrods#tempZone] [iput testfile.txt] --- 
Assert Command: iput testfile.txt
Expecting EMPTY: ['']
  stdout:
    | 
  stderr:
    | 
Output found

 --- IrodsSession: icommand executed by [otherrods#tempZone] [icp testfile.txt ../../public/] --- 
Assert Command: icp testfile.txt ../../public/
Expecting EMPTY: ['']
  stdout:
    | 
  stderr:
    | 
Output found

 --- IrodsSession: icommand executed by [otherrods#tempZone] [ichmod read alice ../../public/testfile.txt] --- 
Assert Command: ichmod read alice ../../public/testfile.txt
Expecting EMPTY: ['']
  stdout:
    | 
  stderr:
    | 
Output found

 --- IrodsSession: icommand executed by [otherrods#tempZone] [ichmod write bobby ../../public/testfile.txt] --- 
Assert Command: ichmod write bobby ../../public/testfile.txt
Expecting EMPTY: ['']
  stdout:
    | 
  stderr:
    | 
Output found

run_resource_setup - END
 --- IrodsSession: icommand executed by [otherrods#tempZone] [icp testfile.txt anotherfile.txt] --- 
Assert Command: icp testfile.txt anotherfile.txt
Expecting EMPTY: ['']
  stdout:
    | 
  stderr:
    | 
Output found

 --- IrodsSession: icommand executed by [otherrods#tempZone] [imv testfile.txt anotherfile.txt] --- 
Assert Command: imv testfile.txt anotherfile.txt
Expecting STDERR_SINGLELINE: ['CAT_NAME_EXISTS_AS_DATAOBJ']
  stdout:
    | 
  stderr:
    | remote addresses: 10.201.24.5 ERROR: mvUtil: mv error for /tempZone/home/otherrods/2024-08-05Z21:44:42--irods-testing-s2fzcnuy/anotherfile.txt, status = -834000 status = -834000 CAT_NAME_EXISTS_AS_DATAOBJ
Output found

run_resource_teardown - BEGIN
 --- IrodsSession: icommand executed by [otherrods#tempZone] [icd] --- 
 --- IrodsSession: icommand executed by [otherrods#tempZone] [irm testfile.txt ../public/testfile.txt] --- 
 --- IrodsSession: icommand executed by [otherrods#tempZone] [irm -rf ../../bundle] --- 
 --- IrodsSession: icommand executed by [rods#tempZone] [iinit] --- 
Assert Command: iinit
Expecting STDOUT_SINGLELINE: ['']
  stdout:
    | WARNING: Error 25 disabling echo mode. Password will be displayed in plaintext.
    | Enter your current iRODS password:
  stderr:
    | 
Output found

 --- IrodsSession: icommand executed by [otherrods#tempZone] [icd] --- 
Assert Command: icd
Expecting EMPTY: ['']
  stdout:
    | 
  stderr:
    | 
Output found

 --- IrodsSession: icommand executed by [otherrods#tempZone] [irm -rf /tempZone/home/otherrods/2024-08-05Z21:44:42--irods-testing-s2fzcnuy] --- 
Assert Command: irm -rf /tempZone/home/otherrods/2024-08-05Z21:44:42--irods-testing-s2fzcnuy
Expecting EMPTY: ['']
  stdout:
    | 
  stderr:
    | 
Output found

 --- IrodsSession: icommand executed by [otherrods#tempZone] [irmtrash] --- 
Assert Command: irmtrash
Expecting EMPTY: ['']
  stdout:
    | 
  stderr:
    | 
Output found

 --- IrodsSession: icommand executed by [rods#tempZone] [iadmin rmuser otherrods] --- 
Assert Command: iadmin rmuser otherrods
Expecting EMPTY: ['']
  stdout:
    | 
  stderr:
    | 
Output found

 --- IrodsSession: icommand executed by [alice#tempZone] [icd] --- 
Assert Command: icd
Expecting EMPTY: ['']
  stdout:
    | 
  stderr:
    | 
Output found

 --- IrodsSession: icommand executed by [alice#tempZone] [irm -rf /tempZone/home/alice/2024-08-05Z21:44:43--irods-testing-ieg12_yb] --- 
Assert Command: irm -rf /tempZone/home/alice/2024-08-05Z21:44:43--irods-testing-ieg12_yb
Expecting EMPTY: ['']
  stdout:
    | 
  stderr:
    | 
Output found

 --- IrodsSession: icommand executed by [alice#tempZone] [irmtrash] --- 
Assert Command: irmtrash
Expecting EMPTY: ['']
  stdout:
    | 
  stderr:
    | 
Output found

 --- IrodsSession: icommand executed by [rods#tempZone] [iadmin rmuser alice] --- 
Assert Command: iadmin rmuser alice
Expecting EMPTY: ['']
  stdout:
    | 
  stderr:
    | 
Output found

 --- IrodsSession: icommand executed by [bobby#tempZone] [icd] --- 
Assert Command: icd
Expecting EMPTY: ['']
  stdout:
    | 
  stderr:
    | 
Output found

 --- IrodsSession: icommand executed by [bobby#tempZone] [irm -rf /tempZone/home/bobby/2024-08-05Z21:44:44--irods-testing-mcfy16p1] --- 
Assert Command: irm -rf /tempZone/home/bobby/2024-08-05Z21:44:44--irods-testing-mcfy16p1
Expecting EMPTY: ['']
  stdout:
    | 
  stderr:
    | 
Output found

 --- IrodsSession: icommand executed by [bobby#tempZone] [irmtrash] --- 
Assert Command: irmtrash
Expecting EMPTY: ['']
  stdout:
    | 
  stderr:
    | 
Output found

 --- IrodsSession: icommand executed by [rods#tempZone] [iadmin rmuser bobby] --- 
Assert Command: iadmin rmuser bobby
Expecting EMPTY: ['']
  stdout:
    | 
  stderr:
    | 
Output found

 --- IrodsSession: icommand executed by [rods#tempZone] [iinit] --- 
Assert Command: iinit
Expecting STDOUT_SINGLELINE: ['']
  stdout:
    | WARNING: Error 25 disabling echo mode. Password will be displayed in plaintext.
    | Enter your current iRODS password:
  stderr:
    | 
Output found

 --- IrodsSession: icommand executed by [rods#tempZone] [irmtrash -M] --- 
 --- IrodsSession: icommand executed by [rods#tempZone] [iadmin rmresc TestResc] --- 
 --- IrodsSession: icommand executed by [rods#tempZone] [iadmin rmresc AnotherResc] --- 
run_resource_teardown - END
 --- IrodsSession: icommand executed by [rods#tempZone] [iinit] --- 
Assert Command: iinit
Expecting STDOUT_SINGLELINE: ['']
  stdout:
    | WARNING: Error 25 disabling echo mode. Password will be displayed in plaintext.
    | Enter your current iRODS password:
  stderr:
    | 
Output found

 --- IrodsSession: icommand executed by [rods#tempZone] [iadmin rmresc demoResc] --- 
Assert Command: iadmin rmresc demoResc
Expecting EMPTY: ['']
  stdout:
    | 
  stderr:
    | 
Output found

 --- IrodsSession: icommand executed by [rods#tempZone] [iadmin modresc origResc name demoResc] --- 
Assert Command: iadmin modresc origResc name demoResc
Expecting STDOUT_SINGLELINE: ['rename']
  stdout:
    | If you modify a resource name, you and other users will need to
    | change your irods_environment.json files to use it, you may need to update
    | server_config.json and, if rules use the resource name, you'll need to
    | update the core rules (core.re).  This command will update various
    | tables with the new name.
    | Do you really want to modify the resource name? (enter y or yes to do so):OK, performing the resource rename
  stderr:
    | 
Output found

]]></system-out>
	</testcase>
	<testcase classname="irods.test.test_resource_types.Test_Resource_Unixfilesystem" name="test_local_iput" time="11.018" timestamp="2024-08-05T21:45:02" file="scripts/irods/test/test_resource_types.py" line="453">
		<!--also needs to count and confirm number of replicas after the put-->
		<system-out><![CDATA[ --- IrodsSession: icommand executed by [rods#tempZone] [iinit] --- 
Assert Command: iinit
Expecting STDOUT_SINGLELINE: ['']
  stdout:
    | WARNING: Error 25 disabling echo mode. Password will be displayed in plaintext.
    | Enter your current iRODS password:
  stderr:
    | 
Output found

 --- IrodsSession: icommand executed by [rods#tempZone] [iadmin modresc demoResc name origResc] --- 
Assert Command: iadmin modresc demoResc name origResc
Expecting STDOUT_SINGLELINE: ['rename']
  stdout:
    | If you modify a resource name, you and other users will need to
    | change your irods_environment.json files to use it, you may need to update
    | server_config.json and, if rules use the resource name, you'll need to
    | update the core rules (core.re).  This command will update various
    | tables with the new name.
    | Do you really want to modify the resource name? (enter y or yes to do so):OK, performing the resource rename
  stderr:
    | 
Output found

 --- IrodsSession: icommand executed by [rods#tempZone] [iadmin mkresc demoResc 'unixfilesystem' d7680432ccfd:/var/lib/irods/demoRescVault] --- 
Assert Command: iadmin mkresc demoResc 'unixfilesystem' d7680432ccfd:/var/lib/irods/demoRescVault
Expecting STDOUT_SINGLELINE: ['unixfilesystem']
  stdout:
    | Creating resource:
    | Name:		"demoResc"
    | Type:		"unixfilesystem"
    | Host:		"d7680432ccfd"
    | Path:		"/var/lib/irods/demoRescVault"
    | Context:	""
  stderr:
    | 
Output found

 --- IrodsSession: icommand executed by [rods#tempZone] [iinit] --- 
Assert Command: iinit
Expecting STDOUT_SINGLELINE: ['']
  stdout:
    | WARNING: Error 25 disabling echo mode. Password will be displayed in plaintext.
    | Enter your current iRODS password:
  stderr:
    | 
Output found

 --- IrodsSession: icommand executed by [rods#tempZone] [iinit] --- 
Assert Command: iinit
Expecting STDOUT_SINGLELINE: ['']
  stdout:
    | WARNING: Error 25 disabling echo mode. Password will be displayed in plaintext.
    | Enter your current iRODS password:
  stderr:
    | 
Output found

 --- IrodsSession: icommand executed by [rods#tempZone] [iadmin mkuser otherrods rodsadmin] --- 
Assert Command: iadmin mkuser otherrods rodsadmin
Expecting EMPTY: ['']
  stdout:
    | 
  stderr:
    | 
Output found

 --- IrodsSession: icommand executed by [rods#tempZone] [iadmin moduser otherrods password rods] --- 
Assert Command: iadmin moduser otherrods password rods
Expecting EMPTY: ['']
  stdout:
    | 
  stderr:
    | 
Output found

 --- IrodsSession: icommand executed by [otherrods#tempZone] [iinit] --- 
Assert Command: iinit
Expecting STDOUT_SINGLELINE: ['']
  stdout:
    | WARNING: Error 25 disabling echo mode. Password will be displayed in plaintext.
    | Enter your current iRODS password:
  stderr:
    | 
Output found

 --- IrodsSession: icommand executed by [otherrods#tempZone] [imkdir /tempZone/home/otherrods/2024-08-05Z21:44:53--irods-testing-ms4h7h1t] --- 
Assert Command: imkdir /tempZone/home/otherrods/2024-08-05Z21:44:53--irods-testing-ms4h7h1t
Expecting EMPTY: ['']
  stdout:
    | 
  stderr:
    | 
Output found

 --- IrodsSession: icommand executed by [otherrods#tempZone] [icd /tempZone/home/otherrods/2024-08-05Z21:44:53--irods-testing-ms4h7h1t] --- 
Assert Command: icd /tempZone/home/otherrods/2024-08-05Z21:44:53--irods-testing-ms4h7h1t
Expecting EMPTY: ['']
  stdout:
    | 
  stderr:
    | 
Output found

 --- IrodsSession: icommand executed by [rods#tempZone] [iinit] --- 
Assert Command: iinit
Expecting STDOUT_SINGLELINE: ['']
  stdout:
    | WARNING: Error 25 disabling echo mode. Password will be displayed in plaintext.
    | Enter your current iRODS password:
  stderr:
    | 
Output found

 --- IrodsSession: icommand executed by [rods#tempZone] [iadmin mkuser alice rodsuser] --- 
Assert Command: iadmin mkuser alice rodsuser
Expecting EMPTY: ['']
  stdout:
    | 
  stderr:
    | 
Output found

 --- IrodsSession: icommand executed by [rods#tempZone] [iadmin moduser alice password apass] --- 
Assert Command: iadmin moduser alice password apass
Expecting EMPTY: ['']
  stdout:
    | 
  stderr:
    | 
Output found

 --- IrodsSession: icommand executed by [alice#tempZone] [iinit] --- 
Assert Command: iinit
Expecting STDOUT_SINGLELINE: ['']
  stdout:
    | WARNING: Error 25 disabling echo mode. Password will be displayed in plaintext.
    | Enter your current iRODS password:
  stderr:
    | 
Output found

 --- IrodsSession: icommand executed by [alice#tempZone] [imkdir /tempZone/home/alice/2024-08-05Z21:44:54--irods-testing-0oxrft7l] --- 
Assert Command: imkdir /tempZone/home/alice/2024-08-05Z21:44:54--irods-testing-0oxrft7l
Expecting EMPTY: ['']
  stdout:
    | 
  stderr:
    | 
Output found

 --- IrodsSession: icommand executed by [alice#tempZone] [icd /tempZone/home/alice/2024-08-05Z21:44:54--irods-testing-0oxrft7l] --- 
Assert Command: icd /tempZone/home/alice/2024-08-05Z21:44:54--irods-testing-0oxrft7l
Expecting EMPTY: ['']
  stdout:
    | 
  stderr:
    | 
Output found

 --- IrodsSession: icommand executed by [rods#tempZone] [iinit] --- 
Assert Command: iinit
Expecting STDOUT_SINGLELINE: ['']
  stdout:
    | WARNING: Error 25 disabling echo mode. Password will be displayed in plaintext.
    | Enter your current iRODS password:
  stderr:
    | 
Output found

 --- IrodsSession: icommand executed by [rods#tempZone] [iadmin mkuser bobby rodsuser] --- 
Assert Command: iadmin mkuser bobby rodsuser
Expecting EMPTY: ['']
  stdout:
    | 
  stderr:
    | 
Output found

 --- IrodsSession: icommand executed by [rods#tempZone] [iadmin moduser bobby password bpass] --- 
Assert Command: iadmin moduser bobby password bpass
Expecting EMPTY: ['']
  stdout:
    | 
  stderr:
    | 
Output found

 --- IrodsSession: icommand executed by [bobby#tempZone] [iinit] --- 
Assert Command: iinit
Expecting STDOUT_SINGLELINE: ['']
  stdout:
    | WARNING: Error 25 disabling echo mode. Password will be displayed in plaintext.
    | Enter your current iRODS password:
  stderr:
    | 
Output found

 --- IrodsSession: icommand executed by [bobby#tempZone] [imkdir /tempZone/home/bobby/2024-08-05Z21:44:55--irods-testing-524lhgq5] --- 
Assert Command: imkdir /tempZone/home/bobby/2024-08-05Z21:44:55--irods-testing-524lhgq5
Expecting EMPTY: ['']
  stdout:
    | 
  stderr:
    | 
Output found

 --- IrodsSession: icommand executed by [bobby#tempZone] [icd /tempZone/home/bobby/2024-08-05Z21:44:55--irods-testing-524lhgq5] --- 
Assert Command: icd /tempZone/home/bobby/2024-08-05Z21:44:55--irods-testing-524lhgq5
Expecting EMPTY: ['']
  stdout:
    | 
  stderr:
    | 
Output found

run_resource_setup - BEGIN
 --- IrodsSession: icommand executed by [otherrods#tempZone] [iadmin mkresc TestResc unixfilesystem d7680432ccfd:/tmp/irods/TestResc] --- 
Assert Command: iadmin mkresc TestResc unixfilesystem d7680432ccfd:/tmp/irods/TestResc
Expecting STDOUT_SINGLELINE: ['unixfilesystem']
  stdout:
    | Creating resource:
    | Name:		"TestResc"
    | Type:		"unixfilesystem"
    | Host:		"d7680432ccfd"
    | Path:		"/tmp/irods/TestResc"
    | Context:	""
  stderr:
    | 
Output found

 --- IrodsSession: icommand executed by [otherrods#tempZone] [iadmin mkresc AnotherResc unixfilesystem d7680432ccfd:/tmp/irods/AnotherResc] --- 
Assert Command: iadmin mkresc AnotherResc unixfilesystem d7680432ccfd:/tmp/irods/AnotherResc
Expecting STDOUT_SINGLELINE: ['unixfilesystem']
  stdout:
    | Creating resource:
    | Name:		"AnotherResc"
    | Type:		"unixfilesystem"
    | Host:		"d7680432ccfd"
    | Path:		"/tmp/irods/AnotherResc"
    | Context:	""
  stderr:
    | 
Output found

 --- IrodsSession: icommand executed by [otherrods#tempZone] [imkdir testdir] --- 
Assert Command: imkdir testdir
Expecting EMPTY: ['']
  stdout:
    | 
  stderr:
    | 
Output found

 --- IrodsSession: icommand executed by [otherrods#tempZone] [iput testfile.txt] --- 
Assert Command: iput testfile.txt
Expecting EMPTY: ['']
  stdout:
    | 
  stderr:
    | 
Output found

 --- IrodsSession: icommand executed by [otherrods#tempZone] [icp testfile.txt ../../public/] --- 
Assert Command: icp testfile.txt ../../public/
Expecting EMPTY: ['']
  stdout:
    | 
  stderr:
    | 
Output found

 --- IrodsSession: icommand executed by [otherrods#tempZone] [ichmod read alice ../../public/testfile.txt] --- 
Assert Command: ichmod read alice ../../public/testfile.txt
Expecting EMPTY: ['']
  stdout:
    | 
  stderr:
    | 
Output found

 --- IrodsSession: icommand executed by [otherrods#tempZone] [ichmod write bobby ../../public/testfile.txt] --- 
Assert Command: ichmod write bobby ../../public/testfile.txt
Expecting EMPTY: ['']
  stdout:
    | 
  stderr:
    | 
Output found

run_resource_setup - END
 --- IrodsSession: icommand executed by [otherrods#tempZone] [ils -L newfile.txt] --- 
Assert FAIL Command: ils -L newfile.txt
Expecting STDOUT_SINGLELINE: ['newfile.txt']
  stdout:
    | 
  stderr:
    | remote addresses: 10.201.24.5 ERROR: lsUtil: srcPath /tempZone/home/otherrods/2024-08-05Z21:44:53--irods-testing-ms4h7h1t/newfile.txt does not exist or user lacks access permission
Unexpected output on stderr

 --- IrodsSession: icommand executed by [otherrods#tempZone] [iput newfile.txt] --- 
Assert Command: iput newfile.txt
Expecting EMPTY: ['']
  stdout:
    | 
  stderr:
    | 
Output found

 --- IrodsSession: icommand executed by [otherrods#tempZone] [ils -L newfile.txt] --- 
Assert Command: ils -L newfile.txt
Expecting STDOUT_SINGLELINE: ['newfile.txt']
  stdout:
    |   otherrods         0 demoResc           25 2024-08-05.21:44 & newfile.txt
    |         generic    /var/lib/irods/demoRescVault/home/otherrods/2024-08-05Z21:44:53--irods-testing-ms4h7h1t/newfile.txt
  stderr:
    | 
Output found

run_resource_teardown - BEGIN
 --- IrodsSession: icommand executed by [otherrods#tempZone] [icd] --- 
 --- IrodsSession: icommand executed by [otherrods#tempZone] [irm testfile.txt ../public/testfile.txt] --- 
 --- IrodsSession: icommand executed by [otherrods#tempZone] [irm -rf ../../bundle] --- 
 --- IrodsSession: icommand executed by [rods#tempZone] [iinit] --- 
Assert Command: iinit
Expecting STDOUT_SINGLELINE: ['']
  stdout:
    | WARNING: Error 25 disabling echo mode. Password will be displayed in plaintext.
    | Enter your current iRODS password:
  stderr:
    | 
Output found

 --- IrodsSession: icommand executed by [otherrods#tempZone] [icd] --- 
Assert Command: icd
Expecting EMPTY: ['']
  stdout:
    | 
  stderr:
    | 
Output found

 --- IrodsSession: icommand executed by [otherrods#tempZone] [irm -rf /tempZone/home/otherrods/2024-08-05Z21:44:53--irods-testing-ms4h7h1t] --- 
Assert Command: irm -rf /tempZone/home/otherrods/2024-08-05Z21:44:53--irods-testing-ms4h7h1t
Expecting EMPTY: ['']
  stdout:
    | 
  stderr:
    | 
Output found

 --- IrodsSession: icommand executed by [otherrods#tempZone] [irmtrash] --- 
Assert Command: irmtrash
Expecting EMPTY: ['']
  stdout:
    | 
  stderr:
    | 
Output found

 --- IrodsSession: icommand executed by [rods#tempZone] [iadmin rmuser otherrods] --- 
Assert Command: iadmin rmuser otherrods
Expecting EMPTY: ['']
  stdout:
    | 
  stderr:
    | 
Output found

 --- IrodsSession: icommand executed by [alice#tempZone] [icd] --- 
Assert Command: icd
Expecting EMPTY: ['']
  stdout:
    | 
  stderr:
    | 
Output found

 --- IrodsSession: icommand executed by [alice#tempZone] [irm -rf /tempZone/home/alice/2024-08-05Z21:44:54--irods-testing-0oxrft7l] --- 
Assert Command: irm -rf /tempZone/home/alice/2024-08-05Z21:44:54--irods-testing-0oxrft7l
Expecting EMPTY: ['']
  stdout:
    | 
  stderr:
    | 
Output found

 --- IrodsSession: icommand executed by [alice#tempZone] [irmtrash] --- 
Assert Command: irmtrash
Expecting EMPTY: ['']
  stdout:
    | 
  stderr:
    | 
Output found

 --- IrodsSession: icommand executed by [rods#tempZone] [iadmin rmuser alice] --- 
Assert Command: iadmin rmuser alice
Expecting EMPTY: ['']
  stdout:
    | 
  stderr:
    | 
Output found

 --- IrodsSession: icommand executed by [bobby#tempZone] [icd] --- 
Assert Command: icd
Expecting EMPTY: ['']
  stdout:
    | 
  stderr:
    | 
Output found

 --- IrodsSession: icommand executed by [bobby#tempZone] [irm -rf /tempZone/home/bobby/2024-08-05Z21:44:55--irods-testing-524lhgq5] --- 
Assert Command: irm -rf /tempZone/home/bobby/2024-08-05Z21:44:55--irods-testing-524lhgq5
Expecting EMPTY: ['']
  stdout:
    | 
  stderr:
    | 
Output found

 --- IrodsSession: icommand executed by [bobby#tempZone] [irmtrash] --- 
Assert Command: irmtrash
Expecting EMPTY: ['']
  stdout:
    | 
  stderr:
    | 
Output found

 --- IrodsSession: icommand executed by [rods#tempZone] [iadmin rmuser bobby] --- 
Assert Command: iadmin rmuser bobby
Expecting EMPTY: ['']
  stdout:
    | 
  stderr:
    | 
Output found

 --- IrodsSession: icommand executed by [rods#tempZone] [iinit] --- 
Assert Command: iinit
Expecting STDOUT_SINGLELINE: ['']
  stdout:
    | WARNING: Error 25 disabling echo mode. Password will be displayed in plaintext.
    | Enter your current iRODS password:
  stderr:
    | 
Output found

 --- IrodsSession: icommand executed by [rods#tempZone] [irmtrash -M] --- 
 --- IrodsSession: icommand executed by [rods#tempZone] [iadmin rmresc TestResc] --- 
 --- IrodsSession: icommand executed by [rods#tempZone] [iadmin rmresc AnotherResc] --- 
run_resource_teardown - END
 --- IrodsSession: icommand executed by [rods#tempZone] [iinit] --- 
Assert Command: iinit
Expecting STDOUT_SINGLELINE: ['']
  stdout:
    | WARNING: Error 25 disabling echo mode. Password will be displayed in plaintext.
    | Enter your current iRODS password:
  stderr:
    | 
Output found

 --- IrodsSession: icommand executed by [rods#tempZone] [iadmin rmresc demoResc] --- 
Assert Command: iadmin rmresc demoResc
Expecting EMPTY: ['']
  stdout:
    | 
  stderr:
    | 
Output found

 --- IrodsSession: icommand executed by [rods#tempZone] [iadmin modresc origResc name demoResc] --- 
Assert Command: iadmin modresc origResc name demoResc
Expecting STDOUT_SINGLELINE: ['rename']
  stdout:
    | If you modify a resource name, you and other users will need to
    | change your irods_environment.json files to use it, you may need to update
    | server_config.json and, if rules use the resource name, you'll need to
    | update the core rules (core.re).  This command will update various
    | tables with the new name.
    | Do you really want to modify the resource name? (enter y or yes to do so):OK, performing the resource rename
  stderr:
    | 
Output found

]]></system-out>
	</testcase>
	<testcase classname="irods.test.test_resource_types.Test_Resource_Unixfilesystem" name="test_local_iput_interrupt_directory" time="22.356" timestamp="2024-08-05T21:45:25" file="scripts/irods/test/test_resource_types.py" line="516">
		<system-out><![CDATA[ --- IrodsSession: icommand executed by [rods#tempZone] [iinit] --- 
Assert Command: iinit
Expecting STDOUT_SINGLELINE: ['']
  stdout:
    | WARNING: Error 25 disabling echo mode. Password will be displayed in plaintext.
    | Enter your current iRODS password:
  stderr:
    | 
Output found

 --- IrodsSession: icommand executed by [rods#tempZone] [iadmin modresc demoResc name origResc] --- 
Assert Command: iadmin modresc demoResc name origResc
Expecting STDOUT_SINGLELINE: ['rename']
  stdout:
    | If you modify a resource name, you and other users will need to
    | change your irods_environment.json files to use it, you may need to update
    | server_config.json and, if rules use the resource name, you'll need to
    | update the core rules (core.re).  This command will update various
    | tables with the new name.
    | Do you really want to modify the resource name? (enter y or yes to do so):OK, performing the resource rename
  stderr:
    | 
Output found

 --- IrodsSession: icommand executed by [rods#tempZone] [iadmin mkresc demoResc 'unixfilesystem' d7680432ccfd:/var/lib/irods/demoRescVault] --- 
Assert Command: iadmin mkresc demoResc 'unixfilesystem' d7680432ccfd:/var/lib/irods/demoRescVault
Expecting STDOUT_SINGLELINE: ['unixfilesystem']
  stdout:
    | Creating resource:
    | Name:		"demoResc"
    | Type:		"unixfilesystem"
    | Host:		"d7680432ccfd"
    | Path:		"/var/lib/irods/demoRescVault"
    | Context:	""
  stderr:
    | 
Output found

 --- IrodsSession: icommand executed by [rods#tempZone] [iinit] --- 
Assert Command: iinit
Expecting STDOUT_SINGLELINE: ['']
  stdout:
    | WARNING: Error 25 disabling echo mode. Password will be displayed in plaintext.
    | Enter your current iRODS password:
  stderr:
    | 
Output found

 --- IrodsSession: icommand executed by [rods#tempZone] [iinit] --- 
Assert Command: iinit
Expecting STDOUT_SINGLELINE: ['']
  stdout:
    | WARNING: Error 25 disabling echo mode. Password will be displayed in plaintext.
    | Enter your current iRODS password:
  stderr:
    | 
Output found

 --- IrodsSession: icommand executed by [rods#tempZone] [iadmin mkuser otherrods rodsadmin] --- 
Assert Command: iadmin mkuser otherrods rodsadmin
Expecting EMPTY: ['']
  stdout:
    | 
  stderr:
    | 
Output found

 --- IrodsSession: icommand executed by [rods#tempZone] [iadmin moduser otherrods password rods] --- 
Assert Command: iadmin moduser otherrods password rods
Expecting EMPTY: ['']
  stdout:
    | 
  stderr:
    | 
Output found

 --- IrodsSession: icommand executed by [otherrods#tempZone] [iinit] --- 
Assert Command: iinit
Expecting STDOUT_SINGLELINE: ['']
  stdout:
    | WARNING: Error 25 disabling echo mode. Password will be displayed in plaintext.
    | Enter your current iRODS password:
  stderr:
    | 
Output found

 --- IrodsSession: icommand executed by [otherrods#tempZone] [imkdir /tempZone/home/otherrods/2024-08-05Z21:45:04--irods-testing-d39rsmc2] --- 
Assert Command: imkdir /tempZone/home/otherrods/2024-08-05Z21:45:04--irods-testing-d39rsmc2
Expecting EMPTY: ['']
  stdout:
    | 
  stderr:
    | 
Output found

 --- IrodsSession: icommand executed by [otherrods#tempZone] [icd /tempZone/home/otherrods/2024-08-05Z21:45:04--irods-testing-d39rsmc2] --- 
Assert Command: icd /tempZone/home/otherrods/2024-08-05Z21:45:04--irods-testing-d39rsmc2
Expecting EMPTY: ['']
  stdout:
    | 
  stderr:
    | 
Output found

 --- IrodsSession: icommand executed by [rods#tempZone] [iinit] --- 
Assert Command: iinit
Expecting STDOUT_SINGLELINE: ['']
  stdout:
    | WARNING: Error 25 disabling echo mode. Password will be displayed in plaintext.
    | Enter your current iRODS password:
  stderr:
    | 
Output found

 --- IrodsSession: icommand executed by [rods#tempZone] [iadmin mkuser alice rodsuser] --- 
Assert Command: iadmin mkuser alice rodsuser
Expecting EMPTY: ['']
  stdout:
    | 
  stderr:
    | 
Output found

 --- IrodsSession: icommand executed by [rods#tempZone] [iadmin moduser alice password apass] --- 
Assert Command: iadmin moduser alice password apass
Expecting EMPTY: ['']
  stdout:
    | 
  stderr:
    | 
Output found

 --- IrodsSession: icommand executed by [alice#tempZone] [iinit] --- 
Assert Command: iinit
Expecting STDOUT_SINGLELINE: ['']
  stdout:
    | WARNING: Error 25 disabling echo mode. Password will be displayed in plaintext.
    | Enter your current iRODS password:
  stderr:
    | 
Output found

 --- IrodsSession: icommand executed by [alice#tempZone] [imkdir /tempZone/home/alice/2024-08-05Z21:45:05--irods-testing-g51csbsl] --- 
Assert Command: imkdir /tempZone/home/alice/2024-08-05Z21:45:05--irods-testing-g51csbsl
Expecting EMPTY: ['']
  stdout:
    | 
  stderr:
    | 
Output found

 --- IrodsSession: icommand executed by [alice#tempZone] [icd /tempZone/home/alice/2024-08-05Z21:45:05--irods-testing-g51csbsl] --- 
Assert Command: icd /tempZone/home/alice/2024-08-05Z21:45:05--irods-testing-g51csbsl
Expecting EMPTY: ['']
  stdout:
    | 
  stderr:
    | 
Output found

 --- IrodsSession: icommand executed by [rods#tempZone] [iinit] --- 
Assert Command: iinit
Expecting STDOUT_SINGLELINE: ['']
  stdout:
    | WARNING: Error 25 disabling echo mode. Password will be displayed in plaintext.
    | Enter your current iRODS password:
  stderr:
    | 
Output found

 --- IrodsSession: icommand executed by [rods#tempZone] [iadmin mkuser bobby rodsuser] --- 
Assert Command: iadmin mkuser bobby rodsuser
Expecting EMPTY: ['']
  stdout:
    | 
  stderr:
    | 
Output found

 --- IrodsSession: icommand executed by [rods#tempZone] [iadmin moduser bobby password bpass] --- 
Assert Command: iadmin moduser bobby password bpass
Expecting EMPTY: ['']
  stdout:
    | 
  stderr:
    | 
Output found

 --- IrodsSession: icommand executed by [bobby#tempZone] [iinit] --- 
Assert Command: iinit
Expecting STDOUT_SINGLELINE: ['']
  stdout:
    | WARNING: Error 25 disabling echo mode. Password will be displayed in plaintext.
    | Enter your current iRODS password:
  stderr:
    | 
Output found

 --- IrodsSession: icommand executed by [bobby#tempZone] [imkdir /tempZone/home/bobby/2024-08-05Z21:45:06--irods-testing-0r_947hh] --- 
Assert Command: imkdir /tempZone/home/bobby/2024-08-05Z21:45:06--irods-testing-0r_947hh
Expecting EMPTY: ['']
  stdout:
    | 
  stderr:
    | 
Output found

 --- IrodsSession: icommand executed by [bobby#tempZone] [icd /tempZone/home/bobby/2024-08-05Z21:45:06--irods-testing-0r_947hh] --- 
Assert Command: icd /tempZone/home/bobby/2024-08-05Z21:45:06--irods-testing-0r_947hh
Expecting EMPTY: ['']
  stdout:
    | 
  stderr:
    | 
Output found

run_resource_setup - BEGIN
 --- IrodsSession: icommand executed by [otherrods#tempZone] [iadmin mkresc TestResc unixfilesystem d7680432ccfd:/tmp/irods/TestResc] --- 
Assert Command: iadmin mkresc TestResc unixfilesystem d7680432ccfd:/tmp/irods/TestResc
Expecting STDOUT_SINGLELINE: ['unixfilesystem']
  stdout:
    | Creating resource:
    | Name:		"TestResc"
    | Type:		"unixfilesystem"
    | Host:		"d7680432ccfd"
    | Path:		"/tmp/irods/TestResc"
    | Context:	""
  stderr:
    | 
Output found

 --- IrodsSession: icommand executed by [otherrods#tempZone] [iadmin mkresc AnotherResc unixfilesystem d7680432ccfd:/tmp/irods/AnotherResc] --- 
Assert Command: iadmin mkresc AnotherResc unixfilesystem d7680432ccfd:/tmp/irods/AnotherResc
Expecting STDOUT_SINGLELINE: ['unixfilesystem']
  stdout:
    | Creating resource:
    | Name:		"AnotherResc"
    | Type:		"unixfilesystem"
    | Host:		"d7680432ccfd"
    | Path:		"/tmp/irods/AnotherResc"
    | Context:	""
  stderr:
    | 
Output found

 --- IrodsSession: icommand executed by [otherrods#tempZone] [imkdir testdir] --- 
Assert Command: imkdir testdir
Expecting EMPTY: ['']
  stdout:
    | 
  stderr:
    | 
Output found

 --- IrodsSession: icommand executed by [otherrods#tempZone] [iput testfile.txt] --- 
Assert Command: iput testfile.txt
Expecting EMPTY: ['']
  stdout:
    | 
  stderr:
    | 
Output found

 --- IrodsSession: icommand executed by [otherrods#tempZone] [icp testfile.txt ../../public/] --- 
Assert Command: icp testfile.txt ../../public/
Expecting EMPTY: ['']
  stdout:
    | 
  stderr:
    | 
Output found

 --- IrodsSession: icommand executed by [otherrods#tempZone] [ichmod read alice ../../public/testfile.txt] --- 
Assert Command: ichmod read alice ../../public/testfile.txt
Expecting EMPTY: ['']
  stdout:
    | 
  stderr:
    | 
Output found

 --- IrodsSession: icommand executed by [otherrods#tempZone] [ichmod write bobby ../../public/testfile.txt] --- 
Assert Command: ichmod write bobby ../../public/testfile.txt
Expecting EMPTY: ['']
  stdout:
    | 
  stderr:
    | 
Output found

run_resource_setup - END
-------------------
creating file1...
-------------------
creating file2...
-------------------
creating file3...
-------------------
creating file4...
-------------------
creating file5...
-------------------
creating file6...
-------------------
creating file7...


INTERRUPTING iCMD
running icommand: otherrods[iput -X /tmp/irods-testing-d39rsmc2/collectionrestartfile -r /tmp/irods-testing-d39rsmc2/newdatadir /tempZone/home/otherrods/2024-08-05Z21:45:04--irods-testing-d39rsmc2/newdatadir]
  filename set to: [/tmp/irods-testing-d39rsmc2/collectionrestartfile]
  filesize set to: [10] bytes
  restartfile [/tmp/irods-testing-d39rsmc2/collectionrestartfile] contents --> [
/tempZone/home/otherrods/2024-08-05Z21:45:04--irods-testing-d39rsmc2/newdatadir

1

/tempZone/home/otherrods/2024-08-05Z21:45:04--irods-testing-d39rsmc2/newdatadir/file7

nonBulkOpr


]
 --- IrodsSession: icommand executed by [otherrods#tempZone] [ils -L /tempZone/home/otherrods/2024-08-05Z21:45:04--irods-testing-d39rsmc2/newdatadir] --- 
Assert Command: ils -L /tempZone/home/otherrods/2024-08-05Z21:45:04--irods-testing-d39rsmc2/newdatadir
Expecting STDOUT: ['/tempZone/home/otherrods/2024-08-05Z21:45:04--irods-testing-d39rsmc2/newdatadir']
  stdout:
    | /tempZone/home/otherrods/2024-08-05Z21:45:04--irods-testing-d39rsmc2/newdatadir:
    |   otherrods         0 demoResc      1048576 2024-08-05.21:45 & file7
    |         generic    /var/lib/irods/demoRescVault/home/otherrods/2024-08-05Z21:45:04--irods-testing-d39rsmc2/newdatadir/file7
  stderr:
    | 
Output found

Checking return code: actual [0] desired [0]
 --- IrodsSession: icommand executed by [otherrods#tempZone] [iput -X /tmp/irods-testing-d39rsmc2/collectionrestartfile -r /tmp/irods-testing-d39rsmc2/newdatadir /tempZone/home/otherrods/2024-08-05Z21:45:04--irods-testing-d39rsmc2/newdatadir] --- 
Assert Command: iput -X /tmp/irods-testing-d39rsmc2/collectionrestartfile -r /tmp/irods-testing-d39rsmc2/newdatadir /tempZone/home/otherrods/2024-08-05Z21:45:04--irods-testing-d39rsmc2/newdatadir
Expecting STDOUT: ['File last completed']
  stdout:
    | RestartFile /tmp/irods-testing-d39rsmc2/collectionrestartfile opened
    | Restarting collection/directory = /tempZone/home/otherrods/2024-08-05Z21:45:04--irods-testing-d39rsmc2/newdatadir     File count 1
    | File last completed = /tempZone/home/otherrods/2024-08-05Z21:45:04--irods-testing-d39rsmc2/newdatadir/file7
  stderr:
    | 
Output found

 --- IrodsSession: icommand executed by [otherrods#tempZone] [ils -L /tempZone/home/otherrods/2024-08-05Z21:45:04--irods-testing-d39rsmc2/newdatadir] --- 
Assert Command: ils -L /tempZone/home/otherrods/2024-08-05Z21:45:04--irods-testing-d39rsmc2/newdatadir
Expecting STDOUT: ['/tempZone/home/otherrods/2024-08-05Z21:45:04--irods-testing-d39rsmc2/newdatadir']
  stdout:
    | /tempZone/home/otherrods/2024-08-05Z21:45:04--irods-testing-d39rsmc2/newdatadir:
    |   otherrods         0 demoResc      1048576 2024-08-05.21:45 & file1
    |         generic    /var/lib/irods/demoRescVault/home/otherrods/2024-08-05Z21:45:04--irods-testing-d39rsmc2/newdatadir/file1
    |   otherrods         0 demoResc      1048576 2024-08-05.21:45 & file2
    |         generic    /var/lib/irods/demoRescVault/home/otherrods/2024-08-05Z21:45:04--irods-testing-d39rsmc2/newdatadir/file2
    |   otherrods         0 demoResc      1048576 2024-08-05.21:45 & file3
    |         generic    /var/lib/irods/demoRescVault/home/otherrods/2024-08-05Z21:45:04--irods-testing-d39rsmc2/newdatadir/file3
    |   otherrods         0 demoResc      1048576 2024-08-05.21:45 & file4
    |         generic    /var/lib/irods/demoRescVault/home/otherrods/2024-08-05Z21:45:04--irods-testing-d39rsmc2/newdatadir/file4
    |   otherrods         0 demoResc      1048576 2024-08-05.21:45 & file5
    |         generic    /var/lib/irods/demoRescVault/home/otherrods/2024-08-05Z21:45:04--irods-testing-d39rsmc2/newdatadir/file5
    |   otherrods         0 demoResc      1048576 2024-08-05.21:45 & file6
    |         generic    /var/lib/irods/demoRescVault/home/otherrods/2024-08-05Z21:45:04--irods-testing-d39rsmc2/newdatadir/file6
    |   otherrods         0 demoResc      1048576 2024-08-05.21:45 & file7
    |         generic    /var/lib/irods/demoRescVault/home/otherrods/2024-08-05Z21:45:04--irods-testing-d39rsmc2/newdatadir/file7
    |   C- /tempZone/home/otherrods/2024-08-05Z21:45:04--irods-testing-d39rsmc2/newdatadir/newdatadir
  stderr:
    | 
Output found

Checking return code: actual [0] desired [0]
run_resource_teardown - BEGIN
 --- IrodsSession: icommand executed by [otherrods#tempZone] [icd] --- 
 --- IrodsSession: icommand executed by [otherrods#tempZone] [irm testfile.txt ../public/testfile.txt] --- 
 --- IrodsSession: icommand executed by [otherrods#tempZone] [irm -rf ../../bundle] --- 
 --- IrodsSession: icommand executed by [rods#tempZone] [iinit] --- 
Assert Command: iinit
Expecting STDOUT_SINGLELINE: ['']
  stdout:
    | WARNING: Error 25 disabling echo mode. Password will be displayed in plaintext.
    | Enter your current iRODS password:
  stderr:
    | 
Output found

 --- IrodsSession: icommand executed by [otherrods#tempZone] [icd] --- 
Assert Command: icd
Expecting EMPTY: ['']
  stdout:
    | 
  stderr:
    | 
Output found

 --- IrodsSession: icommand executed by [otherrods#tempZone] [irm -rf /tempZone/home/otherrods/2024-08-05Z21:45:04--irods-testing-d39rsmc2] --- 
Assert Command: irm -rf /tempZone/home/otherrods/2024-08-05Z21:45:04--irods-testing-d39rsmc2
Expecting EMPTY: ['']
  stdout:
    | 
  stderr:
    | 
Output found

 --- IrodsSession: icommand executed by [otherrods#tempZone] [irmtrash] --- 
Assert Command: irmtrash
Expecting EMPTY: ['']
  stdout:
    | 
  stderr:
    | 
Output found

 --- IrodsSession: icommand executed by [rods#tempZone] [iadmin rmuser otherrods] --- 
Assert Command: iadmin rmuser otherrods
Expecting EMPTY: ['']
  stdout:
    | 
  stderr:
    | 
Output found

 --- IrodsSession: icommand executed by [alice#tempZone] [icd] --- 
Assert Command: icd
Expecting EMPTY: ['']
  stdout:
    | 
  stderr:
    | 
Output found

 --- IrodsSession: icommand executed by [alice#tempZone] [irm -rf /tempZone/home/alice/2024-08-05Z21:45:05--irods-testing-g51csbsl] --- 
Assert Command: irm -rf /tempZone/home/alice/2024-08-05Z21:45:05--irods-testing-g51csbsl
Expecting EMPTY: ['']
  stdout:
    | 
  stderr:
    | 
Output found

 --- IrodsSession: icommand executed by [alice#tempZone] [irmtrash] --- 
Assert Command: irmtrash
Expecting EMPTY: ['']
  stdout:
    | 
  stderr:
    | 
Output found

 --- IrodsSession: icommand executed by [rods#tempZone] [iadmin rmuser alice] --- 
Assert Command: iadmin rmuser alice
Expecting EMPTY: ['']
  stdout:
    | 
  stderr:
    | 
Output found

 --- IrodsSession: icommand executed by [bobby#tempZone] [icd] --- 
Assert Command: icd
Expecting EMPTY: ['']
  stdout:
    | 
  stderr:
    | 
Output found

 --- IrodsSession: icommand executed by [bobby#tempZone] [irm -rf /tempZone/home/bobby/2024-08-05Z21:45:06--irods-testing-0r_947hh] --- 
Assert Command: irm -rf /tempZone/home/bobby/2024-08-05Z21:45:06--irods-testing-0r_947hh
Expecting EMPTY: ['']
  stdout:
    | 
  stderr:
    | 
Output found

 --- IrodsSession: icommand executed by [bobby#tempZone] [irmtrash] --- 
Assert Command: irmtrash
Expecting EMPTY: ['']
  stdout:
    | 
  stderr:
    | 
Output found

 --- IrodsSession: icommand executed by [rods#tempZone] [iadmin rmuser bobby] --- 
Assert Command: iadmin rmuser bobby
Expecting EMPTY: ['']
  stdout:
    | 
  stderr:
    | 
Output found

 --- IrodsSession: icommand executed by [rods#tempZone] [iinit] --- 
Assert Command: iinit
Expecting STDOUT_SINGLELINE: ['']
  stdout:
    | WARNING: Error 25 disabling echo mode. Password will be displayed in plaintext.
    | Enter your current iRODS password:
  stderr:
    | 
Output found

 --- IrodsSession: icommand executed by [rods#tempZone] [irmtrash -M] --- 
 --- IrodsSession: icommand executed by [rods#tempZone] [iadmin rmresc TestResc] --- 
 --- IrodsSession: icommand executed by [rods#tempZone] [iadmin rmresc AnotherResc] --- 
run_resource_teardown - END
 --- IrodsSession: icommand executed by [rods#tempZone] [iinit] --- 
Assert Command: iinit
Expecting STDOUT_SINGLELINE: ['']
  stdout:
    | WARNING: Error 25 disabling echo mode. Password will be displayed in plaintext.
    | Enter your current iRODS password:
  stderr:
    | 
Output found

 --- IrodsSession: icommand executed by [rods#tempZone] [iadmin rmresc demoResc] --- 
Assert Command: iadmin rmresc demoResc
Expecting EMPTY: ['']
  stdout:
    | 
  stderr:
    | 
Output found

 --- IrodsSession: icommand executed by [rods#tempZone] [iadmin modresc origResc name demoResc] --- 
Assert Command: iadmin modresc origResc name demoResc
Expecting STDOUT_SINGLELINE: ['rename']
  stdout:
    | If you modify a resource name, you and other users will need to
    | change your irods_environment.json files to use it, you may need to update
    | server_config.json and, if rules use the resource name, you'll need to
    | update the core rules (core.re).  This command will update various
    | tables with the new name.
    | Do you really want to modify the resource name? (enter y or yes to do so):OK, performing the resource rename
  stderr:
    | 
Output found

]]></system-out>
	</testcase>
	<testcase classname="irods.test.test_resource_types.Test_Resource_Unixfilesystem" name="test_local_iput_interrupt_largefile" time="0.000" timestamp="0001-01-01T00:00:00" file="scripts/irods/test/test_resource_types.py" line="562">
		<failure type="AssertionError" message=""><![CDATA[Traceback (most recent call last):
  File "/var/lib/irods/scripts/irods/test/resource_suite.py", line 589, in test_local_iput_interrupt_largefile
    self.admin.assert_icommand(iputcmd, 'STDOUT', "was restarted successfully")
  File "/var/lib/irods/scripts/irods/test/session.py", line 162, in assert_icommand
    return assert_command(*args, **kwargs)
  File "/var/lib/irods/scripts/irods/test/command.py", line 76, in assert_command
    return _assert_helper(*args, should_fail=False, **kwargs)
  File "/var/lib/irods/scripts/irods/test/command.py", line 104, in _assert_helper
    assert result
AssertionError
]]></failure>
		<system-out><![CDATA[ --- IrodsSession: icommand executed by [rods#tempZone] [iinit] --- 
Assert Command: iinit
Expecting STDOUT_SINGLELINE: ['']
  stdout:
    | WARNING: Error 25 disabling echo mode. Password will be displayed in plaintext.
    | Enter your current iRODS password:
  stderr:
    | 
Output found

 --- IrodsSession: icommand executed by [rods#tempZone] [iadmin modresc demoResc name origResc] --- 
Assert Command: iadmin modresc demoResc name origResc
Expecting STDOUT_SINGLELINE: ['rename']
  stdout:
    | If you modify a resource name, you and other users will need to
    | change your irods_environment.json files to use it, you may need to update
    | server_config.json and, if rules use the resource name, you'll need to
    | update the core rules (core.re).  This command will update various
    | tables with the new name.
    | Do you really want to modify the resource name? (enter y or yes to do so):OK, performing the resource rename
  stderr:
    | 
Output found

 --- IrodsSession: icommand executed by [rods#tempZone] [iadmin mkresc demoResc 'unixfilesystem' d7680432ccfd:/var/lib/irods/demoRescVault] --- 
Assert Command: iadmin mkresc demoResc 'unixfilesystem' d7680432ccfd:/var/lib/irods/demoRescVault
Expecting STDOUT_SINGLELINE: ['unixfilesystem']
  stdout:
    | Creating resource:
    | Name:		"demoResc"
    | Type:		"unixfilesystem"
    | Host:		"d7680432ccfd"
    | Path:		"/var/lib/irods/demoRescVault"
    | Context:	""
  stderr:
    | 
Output found

 --- IrodsSession: icommand executed by [rods#tempZone] [iinit] --- 
Assert Command: iinit
Expecting STDOUT_SINGLELINE: ['']
  stdout:
    | WARNING: Error 25 disabling echo mode. Password will be displayed in plaintext.
    | Enter your current iRODS password:
  stderr:
    | 
Output found

 --- IrodsSession: icommand executed by [rods#tempZone] [iinit] --- 
Assert Command: iinit
Expecting STDOUT_SINGLELINE: ['']
  stdout:
    | WARNING: Error 25 disabling echo mode. Password will be displayed in plaintext.
    | Enter your current iRODS password:
  stderr:
    | 
Output found

 --- IrodsSession: icommand executed by [rods#tempZone] [iadmin mkuser otherrods rodsadmin] --- 
Assert Command: iadmin mkuser otherrods rodsadmin
Expecting EMPTY: ['']
  stdout:
    | 
  stderr:
    | 
Output found

 --- IrodsSession: icommand executed by [rods#tempZone] [iadmin moduser otherrods password rods] --- 
Assert Command: iadmin moduser otherrods password rods
Expecting EMPTY: ['']
  stdout:
    | 
  stderr:
    | 
Output found

 --- IrodsSession: icommand executed by [otherrods#tempZone] [iinit] --- 
Assert Command: iinit
Expecting STDOUT_SINGLELINE: ['']
  stdout:
    | WARNING: Error 25 disabling echo mode. Password will be displayed in plaintext.
    | Enter your current iRODS password:
  stderr:
    | 
Output found

 --- IrodsSession: icommand executed by [otherrods#tempZone] [imkdir /tempZone/home/otherrods/2024-08-05Z21:45:26--irods-testing-7gg0iyyw] --- 
Assert Command: imkdir /tempZone/home/otherrods/2024-08-05Z21:45:26--irods-testing-7gg0iyyw
Expecting EMPTY: ['']
  stdout:
    | 
  stderr:
    | 
Output found

 --- IrodsSession: icommand executed by [otherrods#tempZone] [icd /tempZone/home/otherrods/2024-08-05Z21:45:26--irods-testing-7gg0iyyw] --- 
Assert Command: icd /tempZone/home/otherrods/2024-08-05Z21:45:26--irods-testing-7gg0iyyw
Expecting EMPTY: ['']
  stdout:
    | 
  stderr:
    | 
Output found

 --- IrodsSession: icommand executed by [rods#tempZone] [iinit] --- 
Assert Command: iinit
Expecting STDOUT_SINGLELINE: ['']
  stdout:
    | WARNING: Error 25 disabling echo mode. Password will be displayed in plaintext.
    | Enter your current iRODS password:
  stderr:
    | 
Output found

 --- IrodsSession: icommand executed by [rods#tempZone] [iadmin mkuser alice rodsuser] --- 
Assert Command: iadmin mkuser alice rodsuser
Expecting EMPTY: ['']
  stdout:
    | 
  stderr:
    | 
Output found

 --- IrodsSession: icommand executed by [rods#tempZone] [iadmin moduser alice password apass] --- 
Assert Command: iadmin moduser alice password apass
Expecting EMPTY: ['']
  stdout:
    | 
  stderr:
    | 
Output found

 --- IrodsSession: icommand executed by [alice#tempZone] [iinit] --- 
Assert Command: iinit
Expecting STDOUT_SINGLELINE: ['']
  stdout:
    | WARNING: Error 25 disabling echo mode. Password will be displayed in plaintext.
    | Enter your current iRODS password:
  stderr:
    | 
Output found

 --- IrodsSession: icommand executed by [alice#tempZone] [imkdir /tempZone/home/alice/2024-08-05Z21:45:27--irods-testing-ekpg_c46] --- 
Assert Command: imkdir /tempZone/home/alice/2024-08-05Z21:45:27--irods-testing-ekpg_c46
Expecting EMPTY: ['']
  stdout:
    | 
  stderr:
    | 
Output found

 --- IrodsSession: icommand executed by [alice#tempZone] [icd /tempZone/home/alice/2024-08-05Z21:45:27--irods-testing-ekpg_c46] --- 
Assert Command: icd /tempZone/home/alice/2024-08-05Z21:45:27--irods-testing-ekpg_c46
Expecting EMPTY: ['']
  stdout:
    | 
  stderr:
    | 
Output found

 --- IrodsSession: icommand executed by [rods#tempZone] [iinit] --- 
Assert Command: iinit
Expecting STDOUT_SINGLELINE: ['']
  stdout:
    | WARNING: Error 25 disabling echo mode. Password will be displayed in plaintext.
    | Enter your current iRODS password:
  stderr:
    | 
Output found

 --- IrodsSession: icommand executed by [rods#tempZone] [iadmin mkuser bobby rodsuser] --- 
Assert Command: iadmin mkuser bobby rodsuser
Expecting EMPTY: ['']
  stdout:
    | 
  stderr:
    | 
Output found

 --- IrodsSession: icommand executed by [rods#tempZone] [iadmin moduser bobby password bpass] --- 
Assert Command: iadmin moduser bobby password bpass
Expecting EMPTY: ['']
  stdout:
    | 
  stderr:
    | 
Output found

 --- IrodsSession: icommand executed by [bobby#tempZone] [iinit] --- 
Assert Command: iinit
Expecting STDOUT_SINGLELINE: ['']
  stdout:
    | WARNING: Error 25 disabling echo mode. Password will be displayed in plaintext.
    | Enter your current iRODS password:
  stderr:
    | 
Output found

 --- IrodsSession: icommand executed by [bobby#tempZone] [imkdir /tempZone/home/bobby/2024-08-05Z21:45:28--irods-testing-qwvsx7ki] --- 
Assert Command: imkdir /tempZone/home/bobby/2024-08-05Z21:45:28--irods-testing-qwvsx7ki
Expecting EMPTY: ['']
  stdout:
    | 
  stderr:
    | 
Output found

 --- IrodsSession: icommand executed by [bobby#tempZone] [icd /tempZone/home/bobby/2024-08-05Z21:45:28--irods-testing-qwvsx7ki] --- 
Assert Command: icd /tempZone/home/bobby/2024-08-05Z21:45:28--irods-testing-qwvsx7ki
Expecting EMPTY: ['']
  stdout:
    | 
  stderr:
    | 
Output found

run_resource_setup - BEGIN
 --- IrodsSession: icommand executed by [otherrods#tempZone] [iadmin mkresc TestResc unixfilesystem d7680432ccfd:/tmp/irods/TestResc] --- 
Assert Command: iadmin mkresc TestResc unixfilesystem d7680432ccfd:/tmp/irods/TestResc
Expecting STDOUT_SINGLELINE: ['unixfilesystem']
  stdout:
    | Creating resource:
    | Name:		"TestResc"
    | Type:		"unixfilesystem"
    | Host:		"d7680432ccfd"
    | Path:		"/tmp/irods/TestResc"
    | Context:	""
  stderr:
    | 
Output found

 --- IrodsSession: icommand executed by [otherrods#tempZone] [iadmin mkresc AnotherResc unixfilesystem d7680432ccfd:/tmp/irods/AnotherResc] --- 
Assert Command: iadmin mkresc AnotherResc unixfilesystem d7680432ccfd:/tmp/irods/AnotherResc
Expecting STDOUT_SINGLELINE: ['unixfilesystem']
  stdout:
    | Creating resource:
    | Name:		"AnotherResc"
    | Type:		"unixfilesystem"
    | Host:		"d7680432ccfd"
    | Path:		"/tmp/irods/AnotherResc"
    | Context:	""
  stderr:
    | 
Output found

 --- IrodsSession: icommand executed by [otherrods#tempZone] [imkdir testdir] --- 
Assert Command: imkdir testdir
Expecting EMPTY: ['']
  stdout:
    | 
  stderr:
    | 
Output found

 --- IrodsSession: icommand executed by [otherrods#tempZone] [iput testfile.txt] --- 
Assert Command: iput testfile.txt
Expecting EMPTY: ['']
  stdout:
    | 
  stderr:
    | 
Output found

 --- IrodsSession: icommand executed by [otherrods#tempZone] [icp testfile.txt ../../public/] --- 
Assert Command: icp testfile.txt ../../public/
Expecting EMPTY: ['']
  stdout:
    | 
  stderr:
    | 
Output found

 --- IrodsSession: icommand executed by [otherrods#tempZone] [ichmod read alice ../../public/testfile.txt] --- 
Assert Command: ichmod read alice ../../public/testfile.txt
Expecting EMPTY: ['']
  stdout:
    | 
  stderr:
    | 
Output found

 --- IrodsSession: icommand executed by [otherrods#tempZone] [ichmod write bobby ../../public/testfile.txt] --- 
Assert Command: ichmod write bobby ../../public/testfile.txt
Expecting EMPTY: ['']
  stdout:
    | 
  stderr:
    | 
Output found

run_resource_setup - END


INTERRUPTING iCMD
running icommand: otherrods[iput --lfrestart /tmp/irods-testing-7gg0iyyw/bigrestartfile /tmp/irods-testing-7gg0iyyw/bigfile]
  filename set to: [/tmp/irods-testing-7gg0iyyw/bigrestartfile]
  filesize set to: [300] bytes
  restartfile [/tmp/irods-testing-7gg0iyyw/bigrestartfile] contents --> [
<FileRestartInfo_PI>

<fileName>/tmp/irods-testing-7gg0iyyw/bigfile</fileName>

<objPath>/tempZone/home/otherrods/2024-08-05Z21:45:26--irods-testing-7gg0iyyw/bigfile</objPath>

<numSeg>4</numSeg>

<flags>0</flags>

<fileSize>600000000</fileSize>

<DataSeg_PI>

<len>8388608</len>

<offset>0</offset>

</DataSeg_PI>

<DataSeg_PI>

<len>8388608</len>

<offset>150000000</offset>

</DataSeg_PI>

<DataSeg_PI>

<len>8388608</len>

<offset>300000000</offset>

</DataSeg_PI>

<DataSeg_PI>

<len>8388608</len>

<offset>450000000</offset>

</DataSeg_PI>

</FileRestartInfo_PI>

]
 --- IrodsSession: icommand executed by [otherrods#tempZone] [iquest %s select DATA_SIZE where DATA_NAME = '/tempZone/home/otherrods/2024-08-05Z21:45:26--irods-testing-7gg0iyyw' and DATA_REPL_NUM = '0'] --- 
 --- IrodsSession: icommand executed by [otherrods#tempZone] [iput --lfrestart /tmp/irods-testing-7gg0iyyw/bigrestartfile /tmp/irods-testing-7gg0iyyw/bigfile] --- 
Assert Command: iput --lfrestart /tmp/irods-testing-7gg0iyyw/bigrestartfile /tmp/irods-testing-7gg0iyyw/bigfile
Expecting STDOUT: ['was restarted successfully']
  stdout:
    | 
  stderr:
    | remote addresses: 10.201.24.5 ERROR: cannot open target file /tempZone/home/otherrods/2024-08-05Z21:45:26--irods-testing-7gg0iyyw/bigfile, status = -1803000 status = -1803000 HIERARCHY_ERROR
    | remote addresses: 10.201.24.5 ERROR: putUtil: put error for /tempZone/home/otherrods/2024-08-05Z21:45:26--irods-testing-7gg0iyyw/bigfile, status = -312000 status = -312000 OVERWRITE_WITHOUT_FORCE_FLAG
Unexpected output on stderr

FAILED TESTING ASSERTION


run_resource_teardown - BEGIN
 --- IrodsSession: icommand executed by [otherrods#tempZone] [icd] --- 
 --- IrodsSession: icommand executed by [otherrods#tempZone] [irm testfile.txt ../public/testfile.txt] --- 
 --- IrodsSession: icommand executed by [otherrods#tempZone] [irm -rf ../../bundle] --- 
 --- IrodsSession: icommand executed by [rods#tempZone] [iinit] --- 
Assert Command: iinit
Expecting STDOUT_SINGLELINE: ['']
  stdout:
    | WARNING: Error 25 disabling echo mode. Password will be displayed in plaintext.
    | Enter your current iRODS password:
  stderr:
    | 
Output found

 --- IrodsSession: icommand executed by [otherrods#tempZone] [icd] --- 
Assert Command: icd
Expecting EMPTY: ['']
  stdout:
    | 
  stderr:
    | 
Output found

 --- IrodsSession: icommand executed by [otherrods#tempZone] [irm -rf /tempZone/home/otherrods/2024-08-05Z21:45:26--irods-testing-7gg0iyyw] --- 
Assert Command: irm -rf /tempZone/home/otherrods/2024-08-05Z21:45:26--irods-testing-7gg0iyyw
Expecting EMPTY: ['']
  stdout:
    | 
  stderr:
    | remote addresses: 10.201.24.5 ERROR: rmUtil: rm error for /tempZone/home/otherrods/2024-08-05Z21:45:26--irods-testing-7gg0iyyw, status = -821000 status = -821000 CAT_COLLECTION_NOT_EMPTY
Unexpected output on stderr

FAILED TESTING ASSERTION


]]></system-out>
	</testcase>
	<testcase classname="irods.test.test_resource_types.Test_Resource_Unixfilesystem" name="test_local_iput_interrupt_largefile" time="18.978" timestamp="2024-08-05T21:45:44" file="scripts/irods/test/test_resource_types.py" line="562">
		<failure type="AssertionError" message=""><![CDATA[Traceback (most recent call last):
  File "/var/lib/irods/scripts/irods/test/test_resource_types.py", line 443, in tearDown
    super(Test_Resource_Unixfilesystem, self).tearDown()
  File "/var/lib/irods/scripts/irods/test/resource_suite.py", line 69, in tearDown
    super(ResourceBase, self).tearDown()
  File "/var/lib/irods/scripts/irods/test/session.py", line 82, in tearDown
    session.__exit__()
  File "/var/lib/irods/scripts/irods/test/session.py", line 225, in __exit__
    self.assert_icommand(['irm', '-rf', self.session_collection])
  File "/var/lib/irods/scripts/irods/test/session.py", line 162, in assert_icommand
    return assert_command(*args, **kwargs)
  File "/var/lib/irods/scripts/irods/test/command.py", line 76, in assert_command
    return _assert_helper(*args, should_fail=False, **kwargs)
  File "/var/lib/irods/scripts/irods/test/command.py", line 104, in _assert_helper
    assert result
AssertionError
]]></failure>
		<system-out><![CDATA[ --- IrodsSession: icommand executed by [rods#tempZone] [iinit] --- 
Assert Command: iinit
Expecting STDOUT_SINGLELINE: ['']
  stdout:
    | WARNING: Error 25 disabling echo mode. Password will be displayed in plaintext.
    | Enter your current iRODS password:
  stderr:
    | 
Output found

 --- IrodsSession: icommand executed by [rods#tempZone] [iadmin modresc demoResc name origResc] --- 
Assert Command: iadmin modresc demoResc name origResc
Expecting STDOUT_SINGLELINE: ['rename']
  stdout:
    | If you modify a resource name, you and other users will need to
    | change your irods_environment.json files to use it, you may need to update
    | server_config.json and, if rules use the resource name, you'll need to
    | update the core rules (core.re).  This command will update various
    | tables with the new name.
    | Do you really want to modify the resource name? (enter y or yes to do so):OK, performing the resource rename
  stderr:
    | 
Output found

 --- IrodsSession: icommand executed by [rods#tempZone] [iadmin mkresc demoResc 'unixfilesystem' d7680432ccfd:/var/lib/irods/demoRescVault] --- 
Assert Command: iadmin mkresc demoResc 'unixfilesystem' d7680432ccfd:/var/lib/irods/demoRescVault
Expecting STDOUT_SINGLELINE: ['unixfilesystem']
  stdout:
    | Creating resource:
    | Name:		"demoResc"
    | Type:		"unixfilesystem"
    | Host:		"d7680432ccfd"
    | Path:		"/var/lib/irods/demoRescVault"
    | Context:	""
  stderr:
    | 
Output found

 --- IrodsSession: icommand executed by [rods#tempZone] [iinit] --- 
Assert Command: iinit
Expecting STDOUT_SINGLELINE: ['']
  stdout:
    | WARNING: Error 25 disabling echo mode. Password will be displayed in plaintext.
    | Enter your current iRODS password:
  stderr:
    | 
Output found

 --- IrodsSession: icommand executed by [rods#tempZone] [iinit] --- 
Assert Command: iinit
Expecting STDOUT_SINGLELINE: ['']
  stdout:
    | WARNING: Error 25 disabling echo mode. Password will be displayed in plaintext.
    | Enter your current iRODS password:
  stderr:
    | 
Output found

 --- IrodsSession: icommand executed by [rods#tempZone] [iadmin mkuser otherrods rodsadmin] --- 
Assert Command: iadmin mkuser otherrods rodsadmin
Expecting EMPTY: ['']
  stdout:
    | 
  stderr:
    | 
Output found

 --- IrodsSession: icommand executed by [rods#tempZone] [iadmin moduser otherrods password rods] --- 
Assert Command: iadmin moduser otherrods password rods
Expecting EMPTY: ['']
  stdout:
    | 
  stderr:
    | 
Output found

 --- IrodsSession: icommand executed by [otherrods#tempZone] [iinit] --- 
Assert Command: iinit
Expecting STDOUT_SINGLELINE: ['']
  stdout:
    | WARNING: Error 25 disabling echo mode. Password will be displayed in plaintext.
    | Enter your current iRODS password:
  stderr:
    | 
Output found

 --- IrodsSession: icommand executed by [otherrods#tempZone] [imkdir /tempZone/home/otherrods/2024-08-05Z21:45:26--irods-testing-7gg0iyyw] --- 
Assert Command: imkdir /tempZone/home/otherrods/2024-08-05Z21:45:26--irods-testing-7gg0iyyw
Expecting EMPTY: ['']
  stdout:
    | 
  stderr:
    | 
Output found

 --- IrodsSession: icommand executed by [otherrods#tempZone] [icd /tempZone/home/otherrods/2024-08-05Z21:45:26--irods-testing-7gg0iyyw] --- 
Assert Command: icd /tempZone/home/otherrods/2024-08-05Z21:45:26--irods-testing-7gg0iyyw
Expecting EMPTY: ['']
  stdout:
    | 
  stderr:
    | 
Output found

 --- IrodsSession: icommand executed by [rods#tempZone] [iinit] --- 
Assert Command: iinit
Expecting STDOUT_SINGLELINE: ['']
  stdout:
    | WARNING: Error 25 disabling echo mode. Password will be displayed in plaintext.
    | Enter your current iRODS password:
  stderr:
    | 
Output found

 --- IrodsSession: icommand executed by [rods#tempZone] [iadmin mkuser alice rodsuser] --- 
Assert Command: iadmin mkuser alice rodsuser
Expecting EMPTY: ['']
  stdout:
    | 
  stderr:
    | 
Output found

 --- IrodsSession: icommand executed by [rods#tempZone] [iadmin moduser alice password apass] --- 
Assert Command: iadmin moduser alice password apass
Expecting EMPTY: ['']
  stdout:
    | 
  stderr:
    | 
Output found

 --- IrodsSession: icommand executed by [alice#tempZone] [iinit] --- 
Assert Command: iinit
Expecting STDOUT_SINGLELINE: ['']
  stdout:
    | WARNING: Error 25 disabling echo mode. Password will be displayed in plaintext.
    | Enter your current iRODS password:
  stderr:
    | 
Output found

 --- IrodsSession: icommand executed by [alice#tempZone] [imkdir /tempZone/home/alice/2024-08-05Z21:45:27--irods-testing-ekpg_c46] --- 
Assert Command: imkdir /tempZone/home/alice/2024-08-05Z21:45:27--irods-testing-ekpg_c46
Expecting EMPTY: ['']
  stdout:
    | 
  stderr:
    | 
Output found

 --- IrodsSession: icommand executed by [alice#tempZone] [icd /tempZone/home/alice/2024-08-05Z21:45:27--irods-testing-ekpg_c46] --- 
Assert Command: icd /tempZone/home/alice/2024-08-05Z21:45:27--irods-testing-ekpg_c46
Expecting EMPTY: ['']
  stdout:
    | 
  stderr:
    | 
Output found

 --- IrodsSession: icommand executed by [rods#tempZone] [iinit] --- 
Assert Command: iinit
Expecting STDOUT_SINGLELINE: ['']
  stdout:
    | WARNING: Error 25 disabling echo mode. Password will be displayed in plaintext.
    | Enter your current iRODS password:
  stderr:
    | 
Output found

 --- IrodsSession: icommand executed by [rods#tempZone] [iadmin mkuser bobby rodsuser] --- 
Assert Command: iadmin mkuser bobby rodsuser
Expecting EMPTY: ['']
  stdout:
    | 
  stderr:
    | 
Output found

 --- IrodsSession: icommand executed by [rods#tempZone] [iadmin moduser bobby password bpass] --- 
Assert Command: iadmin moduser bobby password bpass
Expecting EMPTY: ['']
  stdout:
    | 
  stderr:
    | 
Output found

 --- IrodsSession: icommand executed by [bobby#tempZone] [iinit] --- 
Assert Command: iinit
Expecting STDOUT_SINGLELINE: ['']
  stdout:
    | WARNING: Error 25 disabling echo mode. Password will be displayed in plaintext.
    | Enter your current iRODS password:
  stderr:
    | 
Output found

 --- IrodsSession: icommand executed by [bobby#tempZone] [imkdir /tempZone/home/bobby/2024-08-05Z21:45:28--irods-testing-qwvsx7ki] --- 
Assert Command: imkdir /tempZone/home/bobby/2024-08-05Z21:45:28--irods-testing-qwvsx7ki
Expecting EMPTY: ['']
  stdout:
    | 
  stderr:
    | 
Output found

 --- IrodsSession: icommand executed by [bobby#tempZone] [icd /tempZone/home/bobby/2024-08-05Z21:45:28--irods-testing-qwvsx7ki] --- 
Assert Command: icd /tempZone/home/bobby/2024-08-05Z21:45:28--irods-testing-qwvsx7ki
Expecting EMPTY: ['']
  stdout:
    | 
  stderr:
    | 
Output found

run_resource_setup - BEGIN
 --- IrodsSession: icommand executed by [otherrods#tempZone] [iadmin mkresc TestResc unixfilesystem d7680432ccfd:/tmp/irods/TestResc] --- 
Assert Command: iadmin mkresc TestResc unixfilesystem d7680432ccfd:/tmp/irods/TestResc
Expecting STDOUT_SINGLELINE: ['unixfilesystem']
  stdout:
    | Creating resource:
    | Name:		"TestResc"
    | Type:		"unixfilesystem"
    | Host:		"d7680432ccfd"
    | Path:		"/tmp/irods/TestResc"
    | Context:	""
  stderr:
    | 
Output found

 --- IrodsSession: icommand executed by [otherrods#tempZone] [iadmin mkresc AnotherResc unixfilesystem d7680432ccfd:/tmp/irods/AnotherResc] --- 
Assert Command: iadmin mkresc AnotherResc unixfilesystem d7680432ccfd:/tmp/irods/AnotherResc
Expecting STDOUT_SINGLELINE: ['unixfilesystem']
  stdout:
    | Creating resource:
    | Name:		"AnotherResc"
    | Type:		"unixfilesystem"
    | Host:		"d7680432ccfd"
    | Path:		"/tmp/irods/AnotherResc"
    | Context:	""
  stderr:
    | 
Output found

 --- IrodsSession: icommand executed by [otherrods#tempZone] [imkdir testdir] --- 
Assert Command: imkdir testdir
Expecting EMPTY: ['']
  stdout:
    | 
  stderr:
    | 
Output found

 --- IrodsSession: icommand executed by [otherrods#tempZone] [iput testfile.txt] --- 
Assert Command: iput testfile.txt
Expecting EMPTY: ['']
  stdout:
    | 
  stderr:
    | 
Output found

 --- IrodsSession: icommand executed by [otherrods#tempZone] [icp testfile.txt ../../public/] --- 
Assert Command: icp testfile.txt ../../public/
Expecting EMPTY: ['']
  stdout:
    | 
  stderr:
    | 
Output found

 --- IrodsSession: icommand executed by [otherrods#tempZone] [ichmod read alice ../../public/testfile.txt] --- 
Assert Command: ichmod read alice ../../public/testfile.txt
Expecting EMPTY: ['']
  stdout:
    | 
  stderr:
    | 
Output found

 --- IrodsSession: icommand executed by [otherrods#tempZone] [ichmod write bobby ../../public/testfile.txt] --- 
Assert Command: ichmod write bobby ../../public/testfile.txt
Expecting EMPTY: ['']
  stdout:
    | 
  stderr:
    | 
Output found

run_resource_setup - END


INTERRUPTING iCMD
running icommand: otherrods[iput --lfrestart /tmp/irods-testing-7gg0iyyw/bigrestartfile /tmp/irods-testing-7gg0iyyw/bigfile]
  filename set to: [/tmp/irods-testing-7gg0iyyw/bigrestartfile]
  filesize set to: [300] bytes
  restartfile [/tmp/irods-testing-7gg0iyyw/bigrestartfile] contents --> [
<FileRestartInfo_PI>

<fileName>/tmp/irods-testing-7gg0iyyw/bigfile</fileName>

<objPath>/tempZone/home/otherrods/2024-08-05Z21:45:26--irods-testing-7gg0iyyw/bigfile</objPath>

<numSeg>4</numSeg>

<flags>0</flags>

<fileSize>600000000</fileSize>

<DataSeg_PI>

<len>8388608</len>

<offset>0</offset>

</DataSeg_PI>

<DataSeg_PI>

<len>8388608</len>

<offset>150000000</offset>

</DataSeg_PI>

<DataSeg_PI>

<len>8388608</len>

<offset>300000000</offset>

</DataSeg_PI>

<DataSeg_PI>

<len>8388608</len>

<offset>450000000</offset>

</DataSeg_PI>

</FileRestartInfo_PI>

]
 --- IrodsSession: icommand executed by [otherrods#tempZone] [iquest %s select DATA_SIZE where DATA_NAME = '/tempZone/home/otherrods/2024-08-05Z21:45:26--irods-testing-7gg0iyyw' and DATA_REPL_NUM = '0'] --- 
 --- IrodsSession: icommand executed by [otherrods#tempZone] [iput --lfrestart /tmp/irods-testing-7gg0iyyw/bigrestartfile /tmp/irods-testing-7gg0iyyw/bigfile] --- 
Assert Command: iput --lfrestart /tmp/irods-testing-7gg0iyyw/bigrestartfile /tmp/irods-testing-7gg0iyyw/bigfile
Expecting STDOUT: ['was restarted successfully']
  stdout:
    | 
  stderr:
    | remote addresses: 10.201.24.5 ERROR: cannot open target file /tempZone/home/otherrods/2024-08-05Z21:45:26--irods-testing-7gg0iyyw/bigfile, status = -1803000 status = -1803000 HIERARCHY_ERROR
    | remote addresses: 10.201.24.5 ERROR: putUtil: put error for /tempZone/home/otherrods/2024-08-05Z21:45:26--irods-testing-7gg0iyyw/bigfile, status = -312000 status = -312000 OVERWRITE_WITHOUT_FORCE_FLAG
Unexpected output on stderr

FAILED TESTING ASSERTION


run_resource_teardown - BEGIN
 --- IrodsSession: icommand executed by [otherrods#tempZone] [icd] --- 
 --- IrodsSession: icommand executed by [otherrods#tempZone] [irm testfile.txt ../public/testfile.txt] --- 
 --- IrodsSession: icommand executed by [otherrods#tempZone] [irm -rf ../../bundle] --- 
 --- IrodsSession: icommand executed by [rods#tempZone] [iinit] --- 
Assert Command: iinit
Expecting STDOUT_SINGLELINE: ['']
  stdout:
    | WARNING: Error 25 disabling echo mode. Password will be displayed in plaintext.
    | Enter your current iRODS password:
  stderr:
    | 
Output found

 --- IrodsSession: icommand executed by [otherrods#tempZone] [icd] --- 
Assert Command: icd
Expecting EMPTY: ['']
  stdout:
    | 
  stderr:
    | 
Output found

 --- IrodsSession: icommand executed by [otherrods#tempZone] [irm -rf /tempZone/home/otherrods/2024-08-05Z21:45:26--irods-testing-7gg0iyyw] --- 
Assert Command: irm -rf /tempZone/home/otherrods/2024-08-05Z21:45:26--irods-testing-7gg0iyyw
Expecting EMPTY: ['']
  stdout:
    | 
  stderr:
    | remote addresses: 10.201.24.5 ERROR: rmUtil: rm error for /tempZone/home/otherrods/2024-08-05Z21:45:26--irods-testing-7gg0iyyw, status = -821000 status = -821000 CAT_COLLECTION_NOT_EMPTY
Unexpected output on stderr

FAILED TESTING ASSERTION


]]></system-out>
	</testcase>
	<testcase classname="irods.test.test_resource_types.Test_Resource_Unixfilesystem" name="test_local_iput_lower_checksum" time="0.390" timestamp="2024-08-05T21:45:44" file="scripts/irods/test/test_resource_types.py" line="474">
		<failure type="AssertionError" message=""><![CDATA[Traceback (most recent call last):
  File "/var/lib/irods/scripts/irods/test/test_resource_types.py", line 437, in setUp
    admin_session.assert_icommand("iadmin modresc demoResc name origResc", 'STDOUT_SINGLELINE', 'rename', input='yes\n')
  File "/var/lib/irods/scripts/irods/test/session.py", line 162, in assert_icommand
    return assert_command(*args, **kwargs)
  File "/var/lib/irods/scripts/irods/test/command.py", line 76, in assert_command
    return _assert_helper(*args, should_fail=False, **kwargs)
  File "/var/lib/irods/scripts/irods/test/command.py", line 104, in _assert_helper
    assert result
AssertionError
]]></failure>
		<system-out><![CDATA[ --- IrodsSession: icommand executed by [rods#tempZone] [iinit] --- 
Assert Command: iinit
Expecting STDOUT_SINGLELINE: ['']
  stdout:
    | WARNING: Error 25 disabling echo mode. Password will be displayed in plaintext.
    | Enter your current iRODS password:
  stderr:
    | 
Output found

 --- IrodsSession: icommand executed by [rods#tempZone] [iadmin modresc demoResc name origResc] --- 
Assert Command: iadmin modresc demoResc name origResc
Expecting STDOUT_SINGLELINE: ['rename']
  stdout:
    | If you modify a resource name, you and other users will need to
    | change your irods_environment.json files to use it, you may need to update
    | server_config.json and, if rules use the resource name, you'll need to
    | update the core rules (core.re).  This command will update various
    | tables with the new name.
    | Do you really want to modify the resource name? (enter y or yes to do so):OK, performing the resource rename
  stderr:
    | remote addresses: 10.201.24.5 ERROR: rcGeneralAdmin failed with error -806000 CAT_SQL_ERR 
Unexpected output on stderr

FAILED TESTING ASSERTION


]]></system-out>
	</testcase>
	<testcase classname="irods.test.test_resource_types.Test_Resource_Unixfilesystem" name="test_local_iput_onto_specific_resource" time="0.404" timestamp="2024-08-05T21:45:44" file="scripts/irods/test/test_resource_types.py" line="502">
		<failure type="AssertionError" message=""><![CDATA[Traceback (most recent call last):
  File "/var/lib/irods/scripts/irods/test/test_resource_types.py", line 437, in setUp
    admin_session.assert_icommand("iadmin modresc demoResc name origResc", 'STDOUT_SINGLELINE', 'rename', input='yes\n')
  File "/var/lib/irods/scripts/irods/test/session.py", line 162, in assert_icommand
    return assert_command(*args, **kwargs)
  File "/var/lib/irods/scripts/irods/test/command.py", line 76, in assert_command
    return _assert_helper(*args, should_fail=False, **kwargs)
  File "/var/lib/irods/scripts/irods/test/command.py", line 104, in _assert_helper
    assert result
AssertionError
]]></failure>
		<system-out><![CDATA[ --- IrodsSession: icommand executed by [rods#tempZone] [iinit] --- 
Assert Command: iinit
Expecting STDOUT_SINGLELINE: ['']
  stdout:
    | WARNING: Error 25 disabling echo mode. Password will be displayed in plaintext.
    | Enter your current iRODS password:
  stderr:
    | 
Output found

 --- IrodsSession: icommand executed by [rods#tempZone] [iadmin modresc demoResc name origResc] --- 
Assert Command: iadmin modresc demoResc name origResc
Expecting STDOUT_SINGLELINE: ['rename']
  stdout:
    | If you modify a resource name, you and other users will need to
    | change your irods_environment.json files to use it, you may need to update
    | server_config.json and, if rules use the resource name, you'll need to
    | update the core rules (core.re).  This command will update various
    | tables with the new name.
    | Do you really want to modify the resource name? (enter y or yes to do so):OK, performing the resource rename
  stderr:
    | remote addresses: 10.201.24.5 ERROR: rcGeneralAdmin failed with error -806000 CAT_SQL_ERR 
Unexpected output on stderr

FAILED TESTING ASSERTION


]]></system-out>
	</testcase>
	<testcase classname="irods.test.test_resource_types.Test_Resource_Unixfilesystem" name="test_local_iput_overwrite" time="0.418" timestamp="2024-08-05T21:45:45" file="scripts/irods/test/test_resource_types.py" line="467">
		<failure type="AssertionError" message=""><![CDATA[Traceback (most recent call last):
  File "/var/lib/irods/scripts/irods/test/test_resource_types.py", line 437, in setUp
    admin_session.assert_icommand("iadmin modresc demoResc name origResc", 'STDOUT_SINGLELINE', 'rename', input='yes\n')
  File "/var/lib/irods/scripts/irods/test/session.py", line 162, in assert_icommand
    return assert_command(*args, **kwargs)
  File "/var/lib/irods/scripts/irods/test/command.py", line 76, in assert_command
    return _assert_helper(*args, should_fail=False, **kwargs)
  File "/var/lib/irods/scripts/irods/test/command.py", line 104, in _assert_helper
    assert result
AssertionError
]]></failure>
		<system-out><![CDATA[ --- IrodsSession: icommand executed by [rods#tempZone] [iinit] --- 
Assert Command: iinit
Expecting STDOUT_SINGLELINE: ['']
  stdout:
    | WARNING: Error 25 disabling echo mode. Password will be displayed in plaintext.
    | Enter your current iRODS password:
  stderr:
    | 
Output found

 --- IrodsSession: icommand executed by [rods#tempZone] [iadmin modresc demoResc name origResc] --- 
Assert Command: iadmin modresc demoResc name origResc
Expecting STDOUT_SINGLELINE: ['rename']
  stdout:
    | If you modify a resource name, you and other users will need to
    | change your irods_environment.json files to use it, you may need to update
    | server_config.json and, if rules use the resource name, you'll need to
    | update the core rules (core.re).  This command will update various
    | tables with the new name.
    | Do you really want to modify the resource name? (enter y or yes to do so):OK, performing the resource rename
  stderr:
    | remote addresses: 10.201.24.5 ERROR: rcGeneralAdmin failed with error -806000 CAT_SQL_ERR 
Unexpected output on stderr

FAILED TESTING ASSERTION


]]></system-out>
	</testcase>
	<testcase classname="irods.test.test_resource_types.Test_Resource_Unixfilesystem" name="test_local_iput_physicalpath_no_permission" time="0.368" timestamp="2024-08-05T21:45:45" file="scripts/irods/test/test_resource_types.py" line="593">
		<failure type="AssertionError" message=""><![CDATA[Traceback (most recent call last):
  File "/var/lib/irods/scripts/irods/test/test_resource_types.py", line 437, in setUp
    admin_session.assert_icommand("iadmin modresc demoResc name origResc", 'STDOUT_SINGLELINE', 'rename', input='yes\n')
  File "/var/lib/irods/scripts/irods/test/session.py", line 162, in assert_icommand
    return assert_command(*args, **kwargs)
  File "/var/lib/irods/scripts/irods/test/command.py", line 76, in assert_command
    return _assert_helper(*args, should_fail=False, **kwargs)
  File "/var/lib/irods/scripts/irods/test/command.py", line 104, in _assert_helper
    assert result
AssertionError
]]></failure>
		<system-out><![CDATA[ --- IrodsSession: icommand executed by [rods#tempZone] [iinit] --- 
Assert Command: iinit
Expecting STDOUT_SINGLELINE: ['']
  stdout:
    | WARNING: Error 25 disabling echo mode. Password will be displayed in plaintext.
    | Enter your current iRODS password:
  stderr:
    | 
Output found

 --- IrodsSession: icommand executed by [rods#tempZone] [iadmin modresc demoResc name origResc] --- 
Assert Command: iadmin modresc demoResc name origResc
Expecting STDOUT_SINGLELINE: ['rename']
  stdout:
    | If you modify a resource name, you and other users will need to
    | change your irods_environment.json files to use it, you may need to update
    | server_config.json and, if rules use the resource name, you'll need to
    | update the core rules (core.re).  This command will update various
    | tables with the new name.
    | Do you really want to modify the resource name? (enter y or yes to do so):OK, performing the resource rename
  stderr:
    | remote addresses: 10.201.24.5 ERROR: rcGeneralAdmin failed with error -806000 CAT_SQL_ERR 
Unexpected output on stderr

FAILED TESTING ASSERTION


]]></system-out>
	</testcase>
	<testcase classname="irods.test.test_resource_types.Test_Resource_Unixfilesystem" name="test_local_iput_recursive" time="0.414" timestamp="2024-08-05T21:45:46" file="scripts/irods/test/test_resource_types.py" line="471">
		<failure type="AssertionError" message=""><![CDATA[Traceback (most recent call last):
  File "/var/lib/irods/scripts/irods/test/test_resource_types.py", line 437, in setUp
    admin_session.assert_icommand("iadmin modresc demoResc name origResc", 'STDOUT_SINGLELINE', 'rename', input='yes\n')
  File "/var/lib/irods/scripts/irods/test/session.py", line 162, in assert_icommand
    return assert_command(*args, **kwargs)
  File "/var/lib/irods/scripts/irods/test/command.py", line 76, in assert_command
    return _assert_helper(*args, should_fail=False, **kwargs)
  File "/var/lib/irods/scripts/irods/test/command.py", line 104, in _assert_helper
    assert result
AssertionError
]]></failure>
		<system-out><![CDATA[ --- IrodsSession: icommand executed by [rods#tempZone] [iinit] --- 
Assert Command: iinit
Expecting STDOUT_SINGLELINE: ['']
  stdout:
    | WARNING: Error 25 disabling echo mode. Password will be displayed in plaintext.
    | Enter your current iRODS password:
  stderr:
    | 
Output found

 --- IrodsSession: icommand executed by [rods#tempZone] [iadmin modresc demoResc name origResc] --- 
Assert Command: iadmin modresc demoResc name origResc
Expecting STDOUT_SINGLELINE: ['rename']
  stdout:
    | If you modify a resource name, you and other users will need to
    | change your irods_environment.json files to use it, you may need to update
    | server_config.json and, if rules use the resource name, you'll need to
    | update the core rules (core.re).  This command will update various
    | tables with the new name.
    | Do you really want to modify the resource name? (enter y or yes to do so):OK, performing the resource rename
  stderr:
    | remote addresses: 10.201.24.5 ERROR: rcGeneralAdmin failed with error -806000 CAT_SQL_ERR 
Unexpected output on stderr

FAILED TESTING ASSERTION


]]></system-out>
	</testcase>
	<testcase classname="irods.test.test_resource_types.Test_Resource_Unixfilesystem" name="test_local_iput_relative_physicalpath_into_server_bin" time="0.427" timestamp="2024-08-05T21:45:46" file="scripts/irods/test/test_resource_types.py" line="635">
		<failure type="AssertionError" message=""><![CDATA[Traceback (most recent call last):
  File "/var/lib/irods/scripts/irods/test/test_resource_types.py", line 437, in setUp
    admin_session.assert_icommand("iadmin modresc demoResc name origResc", 'STDOUT_SINGLELINE', 'rename', input='yes\n')
  File "/var/lib/irods/scripts/irods/test/session.py", line 162, in assert_icommand
    return assert_command(*args, **kwargs)
  File "/var/lib/irods/scripts/irods/test/command.py", line 76, in assert_command
    return _assert_helper(*args, should_fail=False, **kwargs)
  File "/var/lib/irods/scripts/irods/test/command.py", line 104, in _assert_helper
    assert result
AssertionError
]]></failure>
		<system-out><![CDATA[ --- IrodsSession: icommand executed by [rods#tempZone] [iinit] --- 
Assert Command: iinit
Expecting STDOUT_SINGLELINE: ['']
  stdout:
    | WARNING: Error 25 disabling echo mode. Password will be displayed in plaintext.
    | Enter your current iRODS password:
  stderr:
    | 
Output found

 --- IrodsSession: icommand executed by [rods#tempZone] [iadmin modresc demoResc name origResc] --- 
Assert Command: iadmin modresc demoResc name origResc
Expecting STDOUT_SINGLELINE: ['rename']
  stdout:
    | If you modify a resource name, you and other users will need to
    | change your irods_environment.json files to use it, you may need to update
    | server_config.json and, if rules use the resource name, you'll need to
    | update the core rules (core.re).  This command will update various
    | tables with the new name.
    | Do you really want to modify the resource name? (enter y or yes to do so):OK, performing the resource rename
  stderr:
    | remote addresses: 10.201.24.5 ERROR: rcGeneralAdmin failed with error -806000 CAT_SQL_ERR 
Unexpected output on stderr

FAILED TESTING ASSERTION


]]></system-out>
	</testcase>
	<testcase classname="irods.test.test_resource_types.Test_Resource_Unixfilesystem" name="test_local_iput_upper_checksum" time="0.403" timestamp="2024-08-05T21:45:46" file="scripts/irods/test/test_resource_types.py" line="488">
		<failure type="AssertionError" message=""><![CDATA[Traceback (most recent call last):
  File "/var/lib/irods/scripts/irods/test/test_resource_types.py", line 437, in setUp
    admin_session.assert_icommand("iadmin modresc demoResc name origResc", 'STDOUT_SINGLELINE', 'rename', input='yes\n')
  File "/var/lib/irods/scripts/irods/test/session.py", line 162, in assert_icommand
    return assert_command(*args, **kwargs)
  File "/var/lib/irods/scripts/irods/test/command.py", line 76, in assert_command
    return _assert_helper(*args, should_fail=False, **kwargs)
  File "/var/lib/irods/scripts/irods/test/command.py", line 104, in _assert_helper
    assert result
AssertionError
]]></failure>
		<system-out><![CDATA[ --- IrodsSession: icommand executed by [rods#tempZone] [iinit] --- 
Assert Command: iinit
Expecting STDOUT_SINGLELINE: ['']
  stdout:
    | WARNING: Error 25 disabling echo mode. Password will be displayed in plaintext.
    | Enter your current iRODS password:
  stderr:
    | 
Output found

 --- IrodsSession: icommand executed by [rods#tempZone] [iadmin modresc demoResc name origResc] --- 
Assert Command: iadmin modresc demoResc name origResc
Expecting STDOUT_SINGLELINE: ['rename']
  stdout:
    | If you modify a resource name, you and other users will need to
    | change your irods_environment.json files to use it, you may need to update
    | server_config.json and, if rules use the resource name, you'll need to
    | update the core rules (core.re).  This command will update various
    | tables with the new name.
    | Do you really want to modify the resource name? (enter y or yes to do so):OK, performing the resource rename
  stderr:
    | remote addresses: 10.201.24.5 ERROR: rcGeneralAdmin failed with error -806000 CAT_SQL_ERR 
Unexpected output on stderr

FAILED TESTING ASSERTION


]]></system-out>
	</testcase>
	<testcase classname="irods.test.test_resource_types.Test_Resource_Unixfilesystem" name="test_local_iput_with_changed_target_filename" time="0.366" timestamp="2024-08-05T21:45:47" file="scripts/irods/test/test_resource_types.py" line="647">
		<failure type="AssertionError" message=""><![CDATA[Traceback (most recent call last):
  File "/var/lib/irods/scripts/irods/test/test_resource_types.py", line 437, in setUp
    admin_session.assert_icommand("iadmin modresc demoResc name origResc", 'STDOUT_SINGLELINE', 'rename', input='yes\n')
  File "/var/lib/irods/scripts/irods/test/session.py", line 162, in assert_icommand
    return assert_command(*args, **kwargs)
  File "/var/lib/irods/scripts/irods/test/command.py", line 76, in assert_command
    return _assert_helper(*args, should_fail=False, **kwargs)
  File "/var/lib/irods/scripts/irods/test/command.py", line 104, in _assert_helper
    assert result
AssertionError
]]></failure>
		<system-out><![CDATA[ --- IrodsSession: icommand executed by [rods#tempZone] [iinit] --- 
Assert Command: iinit
Expecting STDOUT_SINGLELINE: ['']
  stdout:
    | WARNING: Error 25 disabling echo mode. Password will be displayed in plaintext.
    | Enter your current iRODS password:
  stderr:
    | 
Output found

 --- IrodsSession: icommand executed by [rods#tempZone] [iadmin modresc demoResc name origResc] --- 
Assert Command: iadmin modresc demoResc name origResc
Expecting STDOUT_SINGLELINE: ['rename']
  stdout:
    | If you modify a resource name, you and other users will need to
    | change your irods_environment.json files to use it, you may need to update
    | server_config.json and, if rules use the resource name, you'll need to
    | update the core rules (core.re).  This command will update various
    | tables with the new name.
    | Do you really want to modify the resource name? (enter y or yes to do so):OK, performing the resource rename
  stderr:
    | remote addresses: 10.201.24.5 ERROR: rcGeneralAdmin failed with error -806000 CAT_SQL_ERR 
Unexpected output on stderr

FAILED TESTING ASSERTION


]]></system-out>
	</testcase>
	<testcase classname="irods.test.test_resource_types.Test_Resource_Unixfilesystem" name="test_local_iput_with_force_and_destination_resource__ticket_1706" time="0.378" timestamp="2024-08-05T21:45:47" file="scripts/irods/test/test_resource_types.py" line="721">
		<failure type="AssertionError" message=""><![CDATA[Traceback (most recent call last):
  File "/var/lib/irods/scripts/irods/test/test_resource_types.py", line 437, in setUp
    admin_session.assert_icommand("iadmin modresc demoResc name origResc", 'STDOUT_SINGLELINE', 'rename', input='yes\n')
  File "/var/lib/irods/scripts/irods/test/session.py", line 162, in assert_icommand
    return assert_command(*args, **kwargs)
  File "/var/lib/irods/scripts/irods/test/command.py", line 76, in assert_command
    return _assert_helper(*args, should_fail=False, **kwargs)
  File "/var/lib/irods/scripts/irods/test/command.py", line 104, in _assert_helper
    assert result
AssertionError
]]></failure>
		<system-out><![CDATA[ --- IrodsSession: icommand executed by [rods#tempZone] [iinit] --- 
Assert Command: iinit
Expecting STDOUT_SINGLELINE: ['']
  stdout:
    | WARNING: Error 25 disabling echo mode. Password will be displayed in plaintext.
    | Enter your current iRODS password:
  stderr:
    | 
Output found

 --- IrodsSession: icommand executed by [rods#tempZone] [iadmin modresc demoResc name origResc] --- 
Assert Command: iadmin modresc demoResc name origResc
Expecting STDOUT_SINGLELINE: ['rename']
  stdout:
    | If you modify a resource name, you and other users will need to
    | change your irods_environment.json files to use it, you may need to update
    | server_config.json and, if rules use the resource name, you'll need to
    | update the core rules (core.re).  This command will update various
    | tables with the new name.
    | Do you really want to modify the resource name? (enter y or yes to do so):OK, performing the resource rename
  stderr:
    | remote addresses: 10.201.24.5 ERROR: rcGeneralAdmin failed with error -806000 CAT_SQL_ERR 
Unexpected output on stderr

FAILED TESTING ASSERTION


]]></system-out>
	</testcase>
	<testcase classname="irods.test.test_resource_types.Test_Resource_Unixfilesystem" name="test_local_iput_with_really_big_file__ticket_1623" time="0.409" timestamp="2024-08-05T21:45:48" file="scripts/irods/test/test_resource_types.py" line="440">
		<failure type="AssertionError" message=""><![CDATA[Traceback (most recent call last):
  File "/var/lib/irods/scripts/irods/test/test_resource_types.py", line 437, in setUp
    admin_session.assert_icommand("iadmin modresc demoResc name origResc", 'STDOUT_SINGLELINE', 'rename', input='yes\n')
  File "/var/lib/irods/scripts/irods/test/session.py", line 162, in assert_icommand
    return assert_command(*args, **kwargs)
  File "/var/lib/irods/scripts/irods/test/command.py", line 76, in assert_command
    return _assert_helper(*args, should_fail=False, **kwargs)
  File "/var/lib/irods/scripts/irods/test/command.py", line 104, in _assert_helper
    assert result
AssertionError
]]></failure>
		<system-out><![CDATA[ --- IrodsSession: icommand executed by [rods#tempZone] [iinit] --- 
Assert Command: iinit
Expecting STDOUT_SINGLELINE: ['']
  stdout:
    | WARNING: Error 25 disabling echo mode. Password will be displayed in plaintext.
    | Enter your current iRODS password:
  stderr:
    | 
Output found

 --- IrodsSession: icommand executed by [rods#tempZone] [iadmin modresc demoResc name origResc] --- 
Assert Command: iadmin modresc demoResc name origResc
Expecting STDOUT_SINGLELINE: ['rename']
  stdout:
    | If you modify a resource name, you and other users will need to
    | change your irods_environment.json files to use it, you may need to update
    | server_config.json and, if rules use the resource name, you'll need to
    | update the core rules (core.re).  This command will update various
    | tables with the new name.
    | Do you really want to modify the resource name? (enter y or yes to do so):OK, performing the resource rename
  stderr:
    | remote addresses: 10.201.24.5 ERROR: rcGeneralAdmin failed with error -806000 CAT_SQL_ERR 
Unexpected output on stderr

FAILED TESTING ASSERTION


]]></system-out>
	</testcase>
	<testcase classname="irods.test.test_resource_types.Test_Resource_Unixfilesystem" name="test_mcoll_from_devtest" time="0.378" timestamp="2024-08-05T21:45:48" file="scripts/irods/test/test_resource_types.py" line="315">
		<failure type="AssertionError" message=""><![CDATA[Traceback (most recent call last):
  File "/var/lib/irods/scripts/irods/test/test_resource_types.py", line 437, in setUp
    admin_session.assert_icommand("iadmin modresc demoResc name origResc", 'STDOUT_SINGLELINE', 'rename', input='yes\n')
  File "/var/lib/irods/scripts/irods/test/session.py", line 162, in assert_icommand
    return assert_command(*args, **kwargs)
  File "/var/lib/irods/scripts/irods/test/command.py", line 76, in assert_command
    return _assert_helper(*args, should_fail=False, **kwargs)
  File "/var/lib/irods/scripts/irods/test/command.py", line 104, in _assert_helper
    assert result
AssertionError
]]></failure>
		<system-out><![CDATA[ --- IrodsSession: icommand executed by [rods#tempZone] [iinit] --- 
Assert Command: iinit
Expecting STDOUT_SINGLELINE: ['']
  stdout:
    | WARNING: Error 25 disabling echo mode. Password will be displayed in plaintext.
    | Enter your current iRODS password:
  stderr:
    | 
Output found

 --- IrodsSession: icommand executed by [rods#tempZone] [iadmin modresc demoResc name origResc] --- 
Assert Command: iadmin modresc demoResc name origResc
Expecting STDOUT_SINGLELINE: ['rename']
  stdout:
    | If you modify a resource name, you and other users will need to
    | change your irods_environment.json files to use it, you may need to update
    | server_config.json and, if rules use the resource name, you'll need to
    | update the core rules (core.re).  This command will update various
    | tables with the new name.
    | Do you really want to modify the resource name? (enter y or yes to do so):OK, performing the resource rename
  stderr:
    | remote addresses: 10.201.24.5 ERROR: rcGeneralAdmin failed with error -806000 CAT_SQL_ERR 
Unexpected output on stderr

FAILED TESTING ASSERTION


]]></system-out>
	</testcase>
	<testcase classname="irods.test.test_resource_types.Test_Resource_Unixfilesystem" name="test_msi_update_unixfilesystem_resource_free_space_and_acPostProcForParallelTransferReceived" time="0.368" timestamp="2024-08-05T21:45:48" file="scripts/irods/test/test_resource_types.py" line="511">
		<failure type="AssertionError" message=""><![CDATA[Traceback (most recent call last):
  File "/var/lib/irods/scripts/irods/test/test_resource_types.py", line 437, in setUp
    admin_session.assert_icommand("iadmin modresc demoResc name origResc", 'STDOUT_SINGLELINE', 'rename', input='yes\n')
  File "/var/lib/irods/scripts/irods/test/session.py", line 162, in assert_icommand
    return assert_command(*args, **kwargs)
  File "/var/lib/irods/scripts/irods/test/command.py", line 76, in assert_command
    return _assert_helper(*args, should_fail=False, **kwargs)
  File "/var/lib/irods/scripts/irods/test/command.py", line 104, in _assert_helper
    assert result
AssertionError
]]></failure>
		<system-out><![CDATA[ --- IrodsSession: icommand executed by [rods#tempZone] [iinit] --- 
Assert Command: iinit
Expecting STDOUT_SINGLELINE: ['']
  stdout:
    | WARNING: Error 25 disabling echo mode. Password will be displayed in plaintext.
    | Enter your current iRODS password:
  stderr:
    | 
Output found

 --- IrodsSession: icommand executed by [rods#tempZone] [iadmin modresc demoResc name origResc] --- 
Assert Command: iadmin modresc demoResc name origResc
Expecting STDOUT_SINGLELINE: ['rename']
  stdout:
    | If you modify a resource name, you and other users will need to
    | change your irods_environment.json files to use it, you may need to update
    | server_config.json and, if rules use the resource name, you'll need to
    | update the core rules (core.re).  This command will update various
    | tables with the new name.
    | Do you really want to modify the resource name? (enter y or yes to do so):OK, performing the resource rename
  stderr:
    | remote addresses: 10.201.24.5 ERROR: rcGeneralAdmin failed with error -806000 CAT_SQL_ERR 
Unexpected output on stderr

FAILED TESTING ASSERTION


]]></system-out>
	</testcase>
	<testcase classname="irods.test.test_resource_types.Test_Resource_Unixfilesystem" name="test_unix_filesystem_free_space__3306" time="0.355" timestamp="2024-08-05T21:45:49" file="scripts/irods/test/test_resource_types.py" line="488">
		<failure type="AssertionError" message=""><![CDATA[Traceback (most recent call last):
  File "/var/lib/irods/scripts/irods/test/test_resource_types.py", line 437, in setUp
    admin_session.assert_icommand("iadmin modresc demoResc name origResc", 'STDOUT_SINGLELINE', 'rename', input='yes\n')
  File "/var/lib/irods/scripts/irods/test/session.py", line 162, in assert_icommand
    return assert_command(*args, **kwargs)
  File "/var/lib/irods/scripts/irods/test/command.py", line 76, in assert_command
    return _assert_helper(*args, should_fail=False, **kwargs)
  File "/var/lib/irods/scripts/irods/test/command.py", line 104, in _assert_helper
    assert result
AssertionError
]]></failure>
		<system-out><![CDATA[ --- IrodsSession: icommand executed by [rods#tempZone] [iinit] --- 
Assert Command: iinit
Expecting STDOUT_SINGLELINE: ['']
  stdout:
    | WARNING: Error 25 disabling echo mode. Password will be displayed in plaintext.
    | Enter your current iRODS password:
  stderr:
    | 
Output found

 --- IrodsSession: icommand executed by [rods#tempZone] [iadmin modresc demoResc name origResc] --- 
Assert Command: iadmin modresc demoResc name origResc
Expecting STDOUT_SINGLELINE: ['rename']
  stdout:
    | If you modify a resource name, you and other users will need to
    | change your irods_environment.json files to use it, you may need to update
    | server_config.json and, if rules use the resource name, you'll need to
    | update the core rules (core.re).  This command will update various
    | tables with the new name.
    | Do you really want to modify the resource name? (enter y or yes to do so):OK, performing the resource rename
  stderr:
    | remote addresses: 10.201.24.5 ERROR: rcGeneralAdmin failed with error -806000 CAT_SQL_ERR 
Unexpected output on stderr

FAILED TESTING ASSERTION


]]></system-out>
	</testcase>
	<testcase classname="irods.test.test_resource_types.Test_Resource_Unixfilesystem" name="test_unix_filesystem_free_space_on_root__3928" time="0.369" timestamp="2024-08-05T21:45:49" file="scripts/irods/test/test_resource_types.py" line="449">
		<failure type="AssertionError" message=""><![CDATA[Traceback (most recent call last):
  File "/var/lib/irods/scripts/irods/test/test_resource_types.py", line 437, in setUp
    admin_session.assert_icommand("iadmin modresc demoResc name origResc", 'STDOUT_SINGLELINE', 'rename', input='yes\n')
  File "/var/lib/irods/scripts/irods/test/session.py", line 162, in assert_icommand
    return assert_command(*args, **kwargs)
  File "/var/lib/irods/scripts/irods/test/command.py", line 76, in assert_command
    return _assert_helper(*args, should_fail=False, **kwargs)
  File "/var/lib/irods/scripts/irods/test/command.py", line 104, in _assert_helper
    assert result
AssertionError
]]></failure>
		<system-out><![CDATA[ --- IrodsSession: icommand executed by [rods#tempZone] [iinit] --- 
Assert Command: iinit
Expecting STDOUT_SINGLELINE: ['']
  stdout:
    | WARNING: Error 25 disabling echo mode. Password will be displayed in plaintext.
    | Enter your current iRODS password:
  stderr:
    | 
Output found

 --- IrodsSession: icommand executed by [rods#tempZone] [iadmin modresc demoResc name origResc] --- 
Assert Command: iadmin modresc demoResc name origResc
Expecting STDOUT_SINGLELINE: ['rename']
  stdout:
    | If you modify a resource name, you and other users will need to
    | change your irods_environment.json files to use it, you may need to update
    | server_config.json and, if rules use the resource name, you'll need to
    | update the core rules (core.re).  This command will update various
    | tables with the new name.
    | Do you really want to modify the resource name? (enter y or yes to do so):OK, performing the resource rename
  stderr:
    | remote addresses: 10.201.24.5 ERROR: rcGeneralAdmin failed with error -806000 CAT_SQL_ERR 
Unexpected output on stderr

FAILED TESTING ASSERTION


]]></system-out>
	</testcase>
	<testcase classname="irods.test.test_resource_types.Test_Resource_Unixfilesystem" name="test_xml_protocol_from_devtest" time="0.392" timestamp="2024-08-05T21:45:49" file="scripts/irods/test/test_resource_types.py" line="527">
		<failure type="AssertionError" message=""><![CDATA[Traceback (most recent call last):
  File "/var/lib/irods/scripts/irods/test/test_resource_types.py", line 437, in setUp
    admin_session.assert_icommand("iadmin modresc demoResc name origResc", 'STDOUT_SINGLELINE', 'rename', input='yes\n')
  File "/var/lib/irods/scripts/irods/test/session.py", line 162, in assert_icommand
    return assert_command(*args, **kwargs)
  File "/var/lib/irods/scripts/irods/test/command.py", line 76, in assert_command
    return _assert_helper(*args, should_fail=False, **kwargs)
  File "/var/lib/irods/scripts/irods/test/command.py", line 104, in _assert_helper
    assert result
AssertionError
]]></failure>
		<system-out><![CDATA[ --- IrodsSession: icommand executed by [rods#tempZone] [iinit] --- 
Assert Command: iinit
Expecting STDOUT_SINGLELINE: ['']
  stdout:
    | WARNING: Error 25 disabling echo mode. Password will be displayed in plaintext.
    | Enter your current iRODS password:
  stderr:
    | 
Output found

 --- IrodsSession: icommand executed by [rods#tempZone] [iadmin modresc demoResc name origResc] --- 
Assert Command: iadmin modresc demoResc name origResc
Expecting STDOUT_SINGLELINE: ['rename']
  stdout:
    | If you modify a resource name, you and other users will need to
    | change your irods_environment.json files to use it, you may need to update
    | server_config.json and, if rules use the resource name, you'll need to
    | update the core rules (core.re).  This command will update various
    | tables with the new name.
    | Do you really want to modify the resource name? (enter y or yes to do so):OK, performing the resource rename
  stderr:
    | remote addresses: 10.201.24.5 ERROR: rcGeneralAdmin failed with error -806000 CAT_SQL_ERR 
Unexpected output on stderr

FAILED TESTING ASSERTION


]]></system-out>
	</testcase>
	<testcase classname="irods.test.test_resource_types.Test_Resource_Unixfilesystem" name="test_detached_mode_register_outside_vault__issue_4421" time="0.003" timestamp="2024-08-05T21:33:30" file="scripts/irods/test/test_resource_types.py" line="843">
		<skipped type="skip" message="Currently the warning only displays if there is no redirect"/>
	</testcase>
	<testcase classname="irods.test.test_resource_types.Test_Resource_Unixfilesystem" name="test_ifsck__2650" time="0.006" timestamp="2024-08-05T21:33:41" file="scripts/irods/test/test_resource_types.py" line="621">
		<skipped type="skip" message="Skip for Topology Testing: Checks local file"/>
	</testcase>
	<testcase classname="irods.test.test_resource_types.Test_Resource_Unixfilesystem" name="test_iget_data_object_as_user_with_null_access_and_replica_only_in_archive__issue_6697" time="0.001" timestamp="2024-08-05T21:33:41" file="scripts/irods/test/test_resource_types.py" line="1160">
		<skipped type="skip" message="This test only applies to compound hierarchies."/>
	</testcase>
	<testcase classname="irods.test.test_resource_types.Test_Resource_Unixfilesystem" name="test_iget_data_object_as_user_with_read_only_access_and_replica_only_in_archive__issue_6697" time="0.001" timestamp="2024-08-05T21:33:41" file="scripts/irods/test/test_resource_types.py" line="1155">
		<skipped type="skip" message="This test only applies to compound hierarchies."/>
	</testcase>
	<testcase classname="irods.test.test_resource_types.Test_Resource_Unixfilesystem" name="test_iput_overwrite_others_file__ticket_2086" time="0.003" timestamp="2024-08-05T21:35:46" file="scripts/irods/test/test_resource_types.py" line="660">
		<skipped type="skip" message="Skip for Topology Testing: Lists Vault files"/>
	</testcase>
	<testcase classname="irods.test.test_resource_types.Test_Resource_Unixfilesystem" name="test_ireg_as_rodsadmin" time="0.002" timestamp="2024-08-05T21:35:59" file="scripts/irods/test/test_resource_types.py" line="749">
		<skipped type="skip" message="Skip for Topology Testing: Registers local file"/>
	</testcase>
	<testcase classname="irods.test.test_resource_types.Test_Resource_Unixfilesystem" name="test_ireg_as_rodsuser" time="0.002" timestamp="2024-08-05T21:35:59" file="scripts/irods/test/test_resource_types.py" line="767">
		<skipped type="skip" message="Skip for Topology Testing: Registers local file"/>
	</testcase>
	<testcase classname="irods.test.test_resource_types.Test_Resource_Unixfilesystem" name="test_ireg_as_rodsuser_in_vault" time="0.002" timestamp="2024-08-05T21:35:59" file="scripts/irods/test/test_resource_types.py" line="783">
		<skipped type="skip" message="Skip for Topology Testing: Registers file in Vault"/>
	</testcase>
	<testcase classname="irods.test.test_resource_types.Test_Resource_Unixfilesystem" name="test_ireg_repl_to_coordinating_resource__issue_3844" time="0.003" timestamp="2024-08-05T21:36:13" file="scripts/irods/test/test_resource_types.py" line="809">
		<skipped type="skip" message="Skip for Topology Testing"/>
	</testcase>
	<testcase classname="irods.test.test_resource_types.Test_Resource_Unixfilesystem" name="test_irm_with_read_permission" time="0.002" timestamp="2024-08-05T21:40:40" file="scripts/irods/test/test_resource_types.py" line="1106">
		<skipped type="skip" message="Skip for Topology Testing"/>
	</testcase>
	<testcase classname="irods.test.test_resource_types.Test_Resource_Unixfilesystem" name="test_irm_with_write_permission" time="0.001" timestamp="2024-08-05T21:40:40" file="scripts/irods/test/test_resource_types.py" line="1113">
		<skipped type="skip" message="Skip for Topology Testing"/>
	</testcase>
	<testcase classname="irods.test.test_resource_types.Test_Resource_Unixfilesystem" name="test_large_files_with_RBUDP_from_devtest" time="0.006" timestamp="2024-08-05T21:43:20" file="scripts/irods/test/test_resource_types.py" line="690">
		<skipped type="skip" message="RBUDP does not support encryption"/>
	</testcase>
	<testcase classname="irods.test.test_resource_types.Test_Resource_Unixfilesystem" name="test_local_iput_physicalpath" time="0.002" timestamp="2024-08-05T21:45:45" file="scripts/irods/test/test_resource_types.py" line="605">
		<skipped type="skip" message="Needs investigation refer issue 4932"/>
	</testcase>
	<testcase classname="irods.test.test_resource_types.Test_Resource_Unixfilesystem" name="test_ssl_iput_small_and_large_files" time="0.006" timestamp="2024-08-05T21:45:48" file="scripts/irods/test/test_resource_types.py" line="356">
		<skipped type="skip" message="Skip for Topology Testing"/>
	</testcase>
	<testcase classname="irods.test.test_resource_types.Test_Resource_Unixfilesystem" name="test_ssl_iput_with_rods_env" time="0.005" timestamp="2024-08-05T21:45:48" file="scripts/irods/test/test_resource_types.py" line="294">
		<skipped type="skip" message="Skip for Topology Testing"/>
	</testcase>
</testsuite>
